[2025-03-27T07:06:06.668+0530] {processor.py:186} INFO - Started process (PID=13096) to work on /Users/uk/miniforge3/lib/python3.10/site-packages/airflow/example_dags/plugins/decreasing_priority_weight_strategy.py
[2025-03-27T07:06:06.668+0530] {processor.py:914} INFO - Processing file /Users/uk/miniforge3/lib/python3.10/site-packages/airflow/example_dags/plugins/decreasing_priority_weight_strategy.py for tasks to queue
[2025-03-27T07:06:06.669+0530] {logging_mixin.py:190} INFO - [2025-03-27T07:06:06.669+0530] {dagbag.py:588} INFO - Filling up the DagBag from /Users/uk/miniforge3/lib/python3.10/site-packages/airflow/example_dags/plugins/decreasing_priority_weight_strategy.py
[2025-03-27T07:06:06.669+0530] {processor.py:927} WARNING - No viable dags retrieved from /Users/uk/miniforge3/lib/python3.10/site-packages/airflow/example_dags/plugins/decreasing_priority_weight_strategy.py
[2025-03-27T07:06:06.708+0530] {processor.py:208} INFO - Processing /Users/uk/miniforge3/lib/python3.10/site-packages/airflow/example_dags/plugins/decreasing_priority_weight_strategy.py took 0.041 seconds
[2025-03-27T07:07:38.024+0530] {processor.py:186} INFO - Started process (PID=13412) to work on /Users/uk/miniforge3/lib/python3.10/site-packages/airflow/example_dags/plugins/decreasing_priority_weight_strategy.py
[2025-03-27T07:07:38.025+0530] {processor.py:914} INFO - Processing file /Users/uk/miniforge3/lib/python3.10/site-packages/airflow/example_dags/plugins/decreasing_priority_weight_strategy.py for tasks to queue
[2025-03-27T07:07:38.025+0530] {logging_mixin.py:190} INFO - [2025-03-27T07:07:38.025+0530] {dagbag.py:588} INFO - Filling up the DagBag from /Users/uk/miniforge3/lib/python3.10/site-packages/airflow/example_dags/plugins/decreasing_priority_weight_strategy.py
[2025-03-27T07:07:38.026+0530] {processor.py:927} WARNING - No viable dags retrieved from /Users/uk/miniforge3/lib/python3.10/site-packages/airflow/example_dags/plugins/decreasing_priority_weight_strategy.py
[2025-03-27T07:07:38.063+0530] {processor.py:208} INFO - Processing /Users/uk/miniforge3/lib/python3.10/site-packages/airflow/example_dags/plugins/decreasing_priority_weight_strategy.py took 0.040 seconds
[2025-03-27T07:09:00.337+0530] {processor.py:186} INFO - Started process (PID=13573) to work on /Users/uk/miniforge3/lib/python3.10/site-packages/airflow/example_dags/plugins/decreasing_priority_weight_strategy.py
[2025-03-27T07:09:00.341+0530] {processor.py:914} INFO - Processing file /Users/uk/miniforge3/lib/python3.10/site-packages/airflow/example_dags/plugins/decreasing_priority_weight_strategy.py for tasks to queue
[2025-03-27T07:09:00.341+0530] {logging_mixin.py:190} INFO - [2025-03-27T07:09:00.341+0530] {dagbag.py:588} INFO - Filling up the DagBag from /Users/uk/miniforge3/lib/python3.10/site-packages/airflow/example_dags/plugins/decreasing_priority_weight_strategy.py
[2025-03-27T07:09:00.342+0530] {processor.py:927} WARNING - No viable dags retrieved from /Users/uk/miniforge3/lib/python3.10/site-packages/airflow/example_dags/plugins/decreasing_priority_weight_strategy.py
[2025-03-27T07:09:00.379+0530] {processor.py:208} INFO - Processing /Users/uk/miniforge3/lib/python3.10/site-packages/airflow/example_dags/plugins/decreasing_priority_weight_strategy.py took 0.044 seconds
[2025-03-27T07:10:28.707+0530] {processor.py:186} INFO - Started process (PID=13727) to work on /Users/uk/miniforge3/lib/python3.10/site-packages/airflow/example_dags/plugins/decreasing_priority_weight_strategy.py
[2025-03-27T07:10:28.708+0530] {processor.py:914} INFO - Processing file /Users/uk/miniforge3/lib/python3.10/site-packages/airflow/example_dags/plugins/decreasing_priority_weight_strategy.py for tasks to queue
[2025-03-27T07:10:28.708+0530] {logging_mixin.py:190} INFO - [2025-03-27T07:10:28.708+0530] {dagbag.py:588} INFO - Filling up the DagBag from /Users/uk/miniforge3/lib/python3.10/site-packages/airflow/example_dags/plugins/decreasing_priority_weight_strategy.py
[2025-03-27T07:10:28.708+0530] {processor.py:927} WARNING - No viable dags retrieved from /Users/uk/miniforge3/lib/python3.10/site-packages/airflow/example_dags/plugins/decreasing_priority_weight_strategy.py
[2025-03-27T07:10:28.744+0530] {processor.py:208} INFO - Processing /Users/uk/miniforge3/lib/python3.10/site-packages/airflow/example_dags/plugins/decreasing_priority_weight_strategy.py took 0.039 seconds
[2025-03-27T07:11:53.645+0530] {processor.py:186} INFO - Started process (PID=13885) to work on /Users/uk/miniforge3/lib/python3.10/site-packages/airflow/example_dags/plugins/decreasing_priority_weight_strategy.py
[2025-03-27T07:11:53.645+0530] {processor.py:914} INFO - Processing file /Users/uk/miniforge3/lib/python3.10/site-packages/airflow/example_dags/plugins/decreasing_priority_weight_strategy.py for tasks to queue
[2025-03-27T07:11:53.646+0530] {logging_mixin.py:190} INFO - [2025-03-27T07:11:53.646+0530] {dagbag.py:588} INFO - Filling up the DagBag from /Users/uk/miniforge3/lib/python3.10/site-packages/airflow/example_dags/plugins/decreasing_priority_weight_strategy.py
[2025-03-27T07:11:53.646+0530] {processor.py:927} WARNING - No viable dags retrieved from /Users/uk/miniforge3/lib/python3.10/site-packages/airflow/example_dags/plugins/decreasing_priority_weight_strategy.py
[2025-03-27T07:11:53.682+0530] {processor.py:208} INFO - Processing /Users/uk/miniforge3/lib/python3.10/site-packages/airflow/example_dags/plugins/decreasing_priority_weight_strategy.py took 0.038 seconds
[2025-03-27T07:13:09.066+0530] {processor.py:186} INFO - Started process (PID=14008) to work on /Users/uk/miniforge3/lib/python3.10/site-packages/airflow/example_dags/plugins/decreasing_priority_weight_strategy.py
[2025-03-27T07:13:09.067+0530] {processor.py:914} INFO - Processing file /Users/uk/miniforge3/lib/python3.10/site-packages/airflow/example_dags/plugins/decreasing_priority_weight_strategy.py for tasks to queue
[2025-03-27T07:13:09.067+0530] {logging_mixin.py:190} INFO - [2025-03-27T07:13:09.067+0530] {dagbag.py:588} INFO - Filling up the DagBag from /Users/uk/miniforge3/lib/python3.10/site-packages/airflow/example_dags/plugins/decreasing_priority_weight_strategy.py
[2025-03-27T07:13:09.068+0530] {processor.py:927} WARNING - No viable dags retrieved from /Users/uk/miniforge3/lib/python3.10/site-packages/airflow/example_dags/plugins/decreasing_priority_weight_strategy.py
[2025-03-27T07:13:09.104+0530] {processor.py:208} INFO - Processing /Users/uk/miniforge3/lib/python3.10/site-packages/airflow/example_dags/plugins/decreasing_priority_weight_strategy.py took 0.039 seconds
[2025-03-27T07:14:23.969+0530] {processor.py:186} INFO - Started process (PID=14146) to work on /Users/uk/miniforge3/lib/python3.10/site-packages/airflow/example_dags/plugins/decreasing_priority_weight_strategy.py
[2025-03-27T07:14:23.970+0530] {processor.py:914} INFO - Processing file /Users/uk/miniforge3/lib/python3.10/site-packages/airflow/example_dags/plugins/decreasing_priority_weight_strategy.py for tasks to queue
[2025-03-27T07:14:23.970+0530] {logging_mixin.py:190} INFO - [2025-03-27T07:14:23.970+0530] {dagbag.py:588} INFO - Filling up the DagBag from /Users/uk/miniforge3/lib/python3.10/site-packages/airflow/example_dags/plugins/decreasing_priority_weight_strategy.py
[2025-03-27T07:14:23.971+0530] {processor.py:927} WARNING - No viable dags retrieved from /Users/uk/miniforge3/lib/python3.10/site-packages/airflow/example_dags/plugins/decreasing_priority_weight_strategy.py
[2025-03-27T07:14:24.006+0530] {processor.py:208} INFO - Processing /Users/uk/miniforge3/lib/python3.10/site-packages/airflow/example_dags/plugins/decreasing_priority_weight_strategy.py took 0.038 seconds
[2025-03-27T07:15:42.155+0530] {processor.py:186} INFO - Started process (PID=14278) to work on /Users/uk/miniforge3/lib/python3.10/site-packages/airflow/example_dags/plugins/decreasing_priority_weight_strategy.py
[2025-03-27T07:15:42.156+0530] {processor.py:914} INFO - Processing file /Users/uk/miniforge3/lib/python3.10/site-packages/airflow/example_dags/plugins/decreasing_priority_weight_strategy.py for tasks to queue
[2025-03-27T07:15:42.156+0530] {logging_mixin.py:190} INFO - [2025-03-27T07:15:42.156+0530] {dagbag.py:588} INFO - Filling up the DagBag from /Users/uk/miniforge3/lib/python3.10/site-packages/airflow/example_dags/plugins/decreasing_priority_weight_strategy.py
[2025-03-27T07:15:42.157+0530] {processor.py:927} WARNING - No viable dags retrieved from /Users/uk/miniforge3/lib/python3.10/site-packages/airflow/example_dags/plugins/decreasing_priority_weight_strategy.py
[2025-03-27T07:15:42.192+0530] {processor.py:208} INFO - Processing /Users/uk/miniforge3/lib/python3.10/site-packages/airflow/example_dags/plugins/decreasing_priority_weight_strategy.py took 0.038 seconds
[2025-03-27T07:16:54.426+0530] {processor.py:186} INFO - Started process (PID=14394) to work on /Users/uk/miniforge3/lib/python3.10/site-packages/airflow/example_dags/plugins/decreasing_priority_weight_strategy.py
[2025-03-27T07:16:54.427+0530] {processor.py:914} INFO - Processing file /Users/uk/miniforge3/lib/python3.10/site-packages/airflow/example_dags/plugins/decreasing_priority_weight_strategy.py for tasks to queue
[2025-03-27T07:16:54.427+0530] {logging_mixin.py:190} INFO - [2025-03-27T07:16:54.427+0530] {dagbag.py:588} INFO - Filling up the DagBag from /Users/uk/miniforge3/lib/python3.10/site-packages/airflow/example_dags/plugins/decreasing_priority_weight_strategy.py
[2025-03-27T07:16:54.428+0530] {processor.py:927} WARNING - No viable dags retrieved from /Users/uk/miniforge3/lib/python3.10/site-packages/airflow/example_dags/plugins/decreasing_priority_weight_strategy.py
[2025-03-27T07:16:54.463+0530] {processor.py:208} INFO - Processing /Users/uk/miniforge3/lib/python3.10/site-packages/airflow/example_dags/plugins/decreasing_priority_weight_strategy.py took 0.038 seconds
[2025-03-27T07:18:09.601+0530] {processor.py:186} INFO - Started process (PID=14519) to work on /Users/uk/miniforge3/lib/python3.10/site-packages/airflow/example_dags/plugins/decreasing_priority_weight_strategy.py
[2025-03-27T07:18:09.603+0530] {processor.py:914} INFO - Processing file /Users/uk/miniforge3/lib/python3.10/site-packages/airflow/example_dags/plugins/decreasing_priority_weight_strategy.py for tasks to queue
[2025-03-27T07:18:09.603+0530] {logging_mixin.py:190} INFO - [2025-03-27T07:18:09.603+0530] {dagbag.py:588} INFO - Filling up the DagBag from /Users/uk/miniforge3/lib/python3.10/site-packages/airflow/example_dags/plugins/decreasing_priority_weight_strategy.py
[2025-03-27T07:18:09.604+0530] {processor.py:927} WARNING - No viable dags retrieved from /Users/uk/miniforge3/lib/python3.10/site-packages/airflow/example_dags/plugins/decreasing_priority_weight_strategy.py
[2025-03-27T07:18:09.639+0530] {processor.py:208} INFO - Processing /Users/uk/miniforge3/lib/python3.10/site-packages/airflow/example_dags/plugins/decreasing_priority_weight_strategy.py took 0.039 seconds
[2025-03-27T07:19:19.792+0530] {processor.py:186} INFO - Started process (PID=14875) to work on /Users/uk/miniforge3/lib/python3.10/site-packages/airflow/example_dags/plugins/decreasing_priority_weight_strategy.py
[2025-03-27T07:19:19.793+0530] {processor.py:914} INFO - Processing file /Users/uk/miniforge3/lib/python3.10/site-packages/airflow/example_dags/plugins/decreasing_priority_weight_strategy.py for tasks to queue
[2025-03-27T07:19:19.795+0530] {logging_mixin.py:190} INFO - [2025-03-27T07:19:19.794+0530] {dagbag.py:588} INFO - Filling up the DagBag from /Users/uk/miniforge3/lib/python3.10/site-packages/airflow/example_dags/plugins/decreasing_priority_weight_strategy.py
[2025-03-27T07:19:19.796+0530] {processor.py:927} WARNING - No viable dags retrieved from /Users/uk/miniforge3/lib/python3.10/site-packages/airflow/example_dags/plugins/decreasing_priority_weight_strategy.py
[2025-03-27T07:19:19.841+0530] {processor.py:208} INFO - Processing /Users/uk/miniforge3/lib/python3.10/site-packages/airflow/example_dags/plugins/decreasing_priority_weight_strategy.py took 0.051 seconds
[2025-03-27T07:20:32.950+0530] {processor.py:186} INFO - Started process (PID=15047) to work on /Users/uk/miniforge3/lib/python3.10/site-packages/airflow/example_dags/plugins/decreasing_priority_weight_strategy.py
[2025-03-27T07:20:32.951+0530] {processor.py:914} INFO - Processing file /Users/uk/miniforge3/lib/python3.10/site-packages/airflow/example_dags/plugins/decreasing_priority_weight_strategy.py for tasks to queue
[2025-03-27T07:20:32.951+0530] {logging_mixin.py:190} INFO - [2025-03-27T07:20:32.951+0530] {dagbag.py:588} INFO - Filling up the DagBag from /Users/uk/miniforge3/lib/python3.10/site-packages/airflow/example_dags/plugins/decreasing_priority_weight_strategy.py
[2025-03-27T07:20:32.952+0530] {processor.py:927} WARNING - No viable dags retrieved from /Users/uk/miniforge3/lib/python3.10/site-packages/airflow/example_dags/plugins/decreasing_priority_weight_strategy.py
[2025-03-27T07:20:32.987+0530] {processor.py:208} INFO - Processing /Users/uk/miniforge3/lib/python3.10/site-packages/airflow/example_dags/plugins/decreasing_priority_weight_strategy.py took 0.039 seconds
[2025-03-27T07:21:46.435+0530] {processor.py:186} INFO - Started process (PID=15161) to work on /Users/uk/miniforge3/lib/python3.10/site-packages/airflow/example_dags/plugins/decreasing_priority_weight_strategy.py
[2025-03-27T07:21:46.436+0530] {processor.py:914} INFO - Processing file /Users/uk/miniforge3/lib/python3.10/site-packages/airflow/example_dags/plugins/decreasing_priority_weight_strategy.py for tasks to queue
[2025-03-27T07:21:46.437+0530] {logging_mixin.py:190} INFO - [2025-03-27T07:21:46.436+0530] {dagbag.py:588} INFO - Filling up the DagBag from /Users/uk/miniforge3/lib/python3.10/site-packages/airflow/example_dags/plugins/decreasing_priority_weight_strategy.py
[2025-03-27T07:21:46.437+0530] {processor.py:927} WARNING - No viable dags retrieved from /Users/uk/miniforge3/lib/python3.10/site-packages/airflow/example_dags/plugins/decreasing_priority_weight_strategy.py
[2025-03-27T07:21:46.472+0530] {processor.py:208} INFO - Processing /Users/uk/miniforge3/lib/python3.10/site-packages/airflow/example_dags/plugins/decreasing_priority_weight_strategy.py took 0.038 seconds
[2025-03-27T07:22:57.952+0530] {processor.py:186} INFO - Started process (PID=15310) to work on /Users/uk/miniforge3/lib/python3.10/site-packages/airflow/example_dags/plugins/decreasing_priority_weight_strategy.py
[2025-03-27T07:22:57.952+0530] {processor.py:914} INFO - Processing file /Users/uk/miniforge3/lib/python3.10/site-packages/airflow/example_dags/plugins/decreasing_priority_weight_strategy.py for tasks to queue
[2025-03-27T07:22:57.953+0530] {logging_mixin.py:190} INFO - [2025-03-27T07:22:57.953+0530] {dagbag.py:588} INFO - Filling up the DagBag from /Users/uk/miniforge3/lib/python3.10/site-packages/airflow/example_dags/plugins/decreasing_priority_weight_strategy.py
[2025-03-27T07:22:57.953+0530] {processor.py:927} WARNING - No viable dags retrieved from /Users/uk/miniforge3/lib/python3.10/site-packages/airflow/example_dags/plugins/decreasing_priority_weight_strategy.py
[2025-03-27T07:22:57.989+0530] {processor.py:208} INFO - Processing /Users/uk/miniforge3/lib/python3.10/site-packages/airflow/example_dags/plugins/decreasing_priority_weight_strategy.py took 0.039 seconds
[2025-03-27T07:24:08.153+0530] {processor.py:186} INFO - Started process (PID=15437) to work on /Users/uk/miniforge3/lib/python3.10/site-packages/airflow/example_dags/plugins/decreasing_priority_weight_strategy.py
[2025-03-27T07:24:08.154+0530] {processor.py:914} INFO - Processing file /Users/uk/miniforge3/lib/python3.10/site-packages/airflow/example_dags/plugins/decreasing_priority_weight_strategy.py for tasks to queue
[2025-03-27T07:24:08.154+0530] {logging_mixin.py:190} INFO - [2025-03-27T07:24:08.154+0530] {dagbag.py:588} INFO - Filling up the DagBag from /Users/uk/miniforge3/lib/python3.10/site-packages/airflow/example_dags/plugins/decreasing_priority_weight_strategy.py
[2025-03-27T07:24:08.155+0530] {processor.py:927} WARNING - No viable dags retrieved from /Users/uk/miniforge3/lib/python3.10/site-packages/airflow/example_dags/plugins/decreasing_priority_weight_strategy.py
[2025-03-27T07:24:08.190+0530] {processor.py:208} INFO - Processing /Users/uk/miniforge3/lib/python3.10/site-packages/airflow/example_dags/plugins/decreasing_priority_weight_strategy.py took 0.038 seconds
[2025-03-27T07:25:19.164+0530] {processor.py:186} INFO - Started process (PID=15578) to work on /Users/uk/miniforge3/lib/python3.10/site-packages/airflow/example_dags/plugins/decreasing_priority_weight_strategy.py
[2025-03-27T07:25:19.165+0530] {processor.py:914} INFO - Processing file /Users/uk/miniforge3/lib/python3.10/site-packages/airflow/example_dags/plugins/decreasing_priority_weight_strategy.py for tasks to queue
[2025-03-27T07:25:19.165+0530] {logging_mixin.py:190} INFO - [2025-03-27T07:25:19.165+0530] {dagbag.py:588} INFO - Filling up the DagBag from /Users/uk/miniforge3/lib/python3.10/site-packages/airflow/example_dags/plugins/decreasing_priority_weight_strategy.py
[2025-03-27T07:25:19.166+0530] {processor.py:927} WARNING - No viable dags retrieved from /Users/uk/miniforge3/lib/python3.10/site-packages/airflow/example_dags/plugins/decreasing_priority_weight_strategy.py
[2025-03-27T07:25:19.204+0530] {processor.py:208} INFO - Processing /Users/uk/miniforge3/lib/python3.10/site-packages/airflow/example_dags/plugins/decreasing_priority_weight_strategy.py took 0.042 seconds
[2025-03-27T07:26:31.408+0530] {processor.py:186} INFO - Started process (PID=15696) to work on /Users/uk/miniforge3/lib/python3.10/site-packages/airflow/example_dags/plugins/decreasing_priority_weight_strategy.py
[2025-03-27T07:26:31.409+0530] {processor.py:914} INFO - Processing file /Users/uk/miniforge3/lib/python3.10/site-packages/airflow/example_dags/plugins/decreasing_priority_weight_strategy.py for tasks to queue
[2025-03-27T07:26:31.409+0530] {logging_mixin.py:190} INFO - [2025-03-27T07:26:31.409+0530] {dagbag.py:588} INFO - Filling up the DagBag from /Users/uk/miniforge3/lib/python3.10/site-packages/airflow/example_dags/plugins/decreasing_priority_weight_strategy.py
[2025-03-27T07:26:31.410+0530] {processor.py:927} WARNING - No viable dags retrieved from /Users/uk/miniforge3/lib/python3.10/site-packages/airflow/example_dags/plugins/decreasing_priority_weight_strategy.py
[2025-03-27T07:26:31.448+0530] {processor.py:208} INFO - Processing /Users/uk/miniforge3/lib/python3.10/site-packages/airflow/example_dags/plugins/decreasing_priority_weight_strategy.py took 0.041 seconds
[2025-03-27T07:27:44.202+0530] {processor.py:186} INFO - Started process (PID=15809) to work on /Users/uk/miniforge3/lib/python3.10/site-packages/airflow/example_dags/plugins/decreasing_priority_weight_strategy.py
[2025-03-27T07:27:44.203+0530] {processor.py:914} INFO - Processing file /Users/uk/miniforge3/lib/python3.10/site-packages/airflow/example_dags/plugins/decreasing_priority_weight_strategy.py for tasks to queue
[2025-03-27T07:27:44.203+0530] {logging_mixin.py:190} INFO - [2025-03-27T07:27:44.203+0530] {dagbag.py:588} INFO - Filling up the DagBag from /Users/uk/miniforge3/lib/python3.10/site-packages/airflow/example_dags/plugins/decreasing_priority_weight_strategy.py
[2025-03-27T07:27:44.204+0530] {processor.py:927} WARNING - No viable dags retrieved from /Users/uk/miniforge3/lib/python3.10/site-packages/airflow/example_dags/plugins/decreasing_priority_weight_strategy.py
[2025-03-27T07:27:44.239+0530] {processor.py:208} INFO - Processing /Users/uk/miniforge3/lib/python3.10/site-packages/airflow/example_dags/plugins/decreasing_priority_weight_strategy.py took 0.038 seconds
[2025-03-27T07:28:58.693+0530] {processor.py:186} INFO - Started process (PID=15949) to work on /Users/uk/miniforge3/lib/python3.10/site-packages/airflow/example_dags/plugins/decreasing_priority_weight_strategy.py
[2025-03-27T07:28:58.693+0530] {processor.py:914} INFO - Processing file /Users/uk/miniforge3/lib/python3.10/site-packages/airflow/example_dags/plugins/decreasing_priority_weight_strategy.py for tasks to queue
[2025-03-27T07:28:58.694+0530] {logging_mixin.py:190} INFO - [2025-03-27T07:28:58.694+0530] {dagbag.py:588} INFO - Filling up the DagBag from /Users/uk/miniforge3/lib/python3.10/site-packages/airflow/example_dags/plugins/decreasing_priority_weight_strategy.py
[2025-03-27T07:28:58.694+0530] {processor.py:927} WARNING - No viable dags retrieved from /Users/uk/miniforge3/lib/python3.10/site-packages/airflow/example_dags/plugins/decreasing_priority_weight_strategy.py
[2025-03-27T07:28:58.730+0530] {processor.py:208} INFO - Processing /Users/uk/miniforge3/lib/python3.10/site-packages/airflow/example_dags/plugins/decreasing_priority_weight_strategy.py took 0.038 seconds
[2025-03-27T07:30:14.226+0530] {processor.py:186} INFO - Started process (PID=16081) to work on /Users/uk/miniforge3/lib/python3.10/site-packages/airflow/example_dags/plugins/decreasing_priority_weight_strategy.py
[2025-03-27T07:30:14.227+0530] {processor.py:914} INFO - Processing file /Users/uk/miniforge3/lib/python3.10/site-packages/airflow/example_dags/plugins/decreasing_priority_weight_strategy.py for tasks to queue
[2025-03-27T07:30:14.228+0530] {logging_mixin.py:190} INFO - [2025-03-27T07:30:14.228+0530] {dagbag.py:588} INFO - Filling up the DagBag from /Users/uk/miniforge3/lib/python3.10/site-packages/airflow/example_dags/plugins/decreasing_priority_weight_strategy.py
[2025-03-27T07:30:14.229+0530] {processor.py:927} WARNING - No viable dags retrieved from /Users/uk/miniforge3/lib/python3.10/site-packages/airflow/example_dags/plugins/decreasing_priority_weight_strategy.py
[2025-03-27T07:30:14.267+0530] {processor.py:208} INFO - Processing /Users/uk/miniforge3/lib/python3.10/site-packages/airflow/example_dags/plugins/decreasing_priority_weight_strategy.py took 0.042 seconds
[2025-03-27T07:31:29.558+0530] {processor.py:186} INFO - Started process (PID=16238) to work on /Users/uk/miniforge3/lib/python3.10/site-packages/airflow/example_dags/plugins/decreasing_priority_weight_strategy.py
[2025-03-27T07:31:29.558+0530] {processor.py:914} INFO - Processing file /Users/uk/miniforge3/lib/python3.10/site-packages/airflow/example_dags/plugins/decreasing_priority_weight_strategy.py for tasks to queue
[2025-03-27T07:31:29.559+0530] {logging_mixin.py:190} INFO - [2025-03-27T07:31:29.559+0530] {dagbag.py:588} INFO - Filling up the DagBag from /Users/uk/miniforge3/lib/python3.10/site-packages/airflow/example_dags/plugins/decreasing_priority_weight_strategy.py
[2025-03-27T07:31:29.560+0530] {processor.py:927} WARNING - No viable dags retrieved from /Users/uk/miniforge3/lib/python3.10/site-packages/airflow/example_dags/plugins/decreasing_priority_weight_strategy.py
[2025-03-27T07:31:29.599+0530] {processor.py:208} INFO - Processing /Users/uk/miniforge3/lib/python3.10/site-packages/airflow/example_dags/plugins/decreasing_priority_weight_strategy.py took 0.042 seconds
[2025-03-27T07:32:44.189+0530] {processor.py:186} INFO - Started process (PID=16396) to work on /Users/uk/miniforge3/lib/python3.10/site-packages/airflow/example_dags/plugins/decreasing_priority_weight_strategy.py
[2025-03-27T07:32:44.190+0530] {processor.py:914} INFO - Processing file /Users/uk/miniforge3/lib/python3.10/site-packages/airflow/example_dags/plugins/decreasing_priority_weight_strategy.py for tasks to queue
[2025-03-27T07:32:44.190+0530] {logging_mixin.py:190} INFO - [2025-03-27T07:32:44.190+0530] {dagbag.py:588} INFO - Filling up the DagBag from /Users/uk/miniforge3/lib/python3.10/site-packages/airflow/example_dags/plugins/decreasing_priority_weight_strategy.py
[2025-03-27T07:32:44.191+0530] {processor.py:927} WARNING - No viable dags retrieved from /Users/uk/miniforge3/lib/python3.10/site-packages/airflow/example_dags/plugins/decreasing_priority_weight_strategy.py
[2025-03-27T07:32:44.227+0530] {processor.py:208} INFO - Processing /Users/uk/miniforge3/lib/python3.10/site-packages/airflow/example_dags/plugins/decreasing_priority_weight_strategy.py took 0.039 seconds
[2025-03-27T07:33:58.686+0530] {processor.py:186} INFO - Started process (PID=16563) to work on /Users/uk/miniforge3/lib/python3.10/site-packages/airflow/example_dags/plugins/decreasing_priority_weight_strategy.py
[2025-03-27T07:33:58.686+0530] {processor.py:914} INFO - Processing file /Users/uk/miniforge3/lib/python3.10/site-packages/airflow/example_dags/plugins/decreasing_priority_weight_strategy.py for tasks to queue
[2025-03-27T07:33:58.687+0530] {logging_mixin.py:190} INFO - [2025-03-27T07:33:58.687+0530] {dagbag.py:588} INFO - Filling up the DagBag from /Users/uk/miniforge3/lib/python3.10/site-packages/airflow/example_dags/plugins/decreasing_priority_weight_strategy.py
[2025-03-27T07:33:58.688+0530] {processor.py:927} WARNING - No viable dags retrieved from /Users/uk/miniforge3/lib/python3.10/site-packages/airflow/example_dags/plugins/decreasing_priority_weight_strategy.py
[2025-03-27T07:33:58.724+0530] {processor.py:208} INFO - Processing /Users/uk/miniforge3/lib/python3.10/site-packages/airflow/example_dags/plugins/decreasing_priority_weight_strategy.py took 0.039 seconds
[2025-03-27T07:35:16.447+0530] {processor.py:186} INFO - Started process (PID=16689) to work on /Users/uk/miniforge3/lib/python3.10/site-packages/airflow/example_dags/plugins/decreasing_priority_weight_strategy.py
[2025-03-27T07:35:16.449+0530] {processor.py:914} INFO - Processing file /Users/uk/miniforge3/lib/python3.10/site-packages/airflow/example_dags/plugins/decreasing_priority_weight_strategy.py for tasks to queue
[2025-03-27T07:35:16.449+0530] {logging_mixin.py:190} INFO - [2025-03-27T07:35:16.449+0530] {dagbag.py:588} INFO - Filling up the DagBag from /Users/uk/miniforge3/lib/python3.10/site-packages/airflow/example_dags/plugins/decreasing_priority_weight_strategy.py
[2025-03-27T07:35:16.450+0530] {processor.py:927} WARNING - No viable dags retrieved from /Users/uk/miniforge3/lib/python3.10/site-packages/airflow/example_dags/plugins/decreasing_priority_weight_strategy.py
[2025-03-27T07:35:16.490+0530] {processor.py:208} INFO - Processing /Users/uk/miniforge3/lib/python3.10/site-packages/airflow/example_dags/plugins/decreasing_priority_weight_strategy.py took 0.044 seconds
[2025-03-27T07:36:26.996+0530] {processor.py:186} INFO - Started process (PID=16824) to work on /Users/uk/miniforge3/lib/python3.10/site-packages/airflow/example_dags/plugins/decreasing_priority_weight_strategy.py
[2025-03-27T07:36:26.997+0530] {processor.py:914} INFO - Processing file /Users/uk/miniforge3/lib/python3.10/site-packages/airflow/example_dags/plugins/decreasing_priority_weight_strategy.py for tasks to queue
[2025-03-27T07:36:26.998+0530] {logging_mixin.py:190} INFO - [2025-03-27T07:36:26.998+0530] {dagbag.py:588} INFO - Filling up the DagBag from /Users/uk/miniforge3/lib/python3.10/site-packages/airflow/example_dags/plugins/decreasing_priority_weight_strategy.py
[2025-03-27T07:36:26.998+0530] {processor.py:927} WARNING - No viable dags retrieved from /Users/uk/miniforge3/lib/python3.10/site-packages/airflow/example_dags/plugins/decreasing_priority_weight_strategy.py
[2025-03-27T07:36:27.034+0530] {processor.py:208} INFO - Processing /Users/uk/miniforge3/lib/python3.10/site-packages/airflow/example_dags/plugins/decreasing_priority_weight_strategy.py took 0.039 seconds
[2025-03-27T07:39:13.114+0530] {processor.py:186} INFO - Started process (PID=17038) to work on /Users/uk/miniforge3/lib/python3.10/site-packages/airflow/example_dags/plugins/decreasing_priority_weight_strategy.py
[2025-03-27T07:39:13.115+0530] {processor.py:914} INFO - Processing file /Users/uk/miniforge3/lib/python3.10/site-packages/airflow/example_dags/plugins/decreasing_priority_weight_strategy.py for tasks to queue
[2025-03-27T07:39:13.115+0530] {logging_mixin.py:190} INFO - [2025-03-27T07:39:13.115+0530] {dagbag.py:588} INFO - Filling up the DagBag from /Users/uk/miniforge3/lib/python3.10/site-packages/airflow/example_dags/plugins/decreasing_priority_weight_strategy.py
[2025-03-27T07:39:13.116+0530] {processor.py:927} WARNING - No viable dags retrieved from /Users/uk/miniforge3/lib/python3.10/site-packages/airflow/example_dags/plugins/decreasing_priority_weight_strategy.py
[2025-03-27T07:39:13.151+0530] {processor.py:208} INFO - Processing /Users/uk/miniforge3/lib/python3.10/site-packages/airflow/example_dags/plugins/decreasing_priority_weight_strategy.py took 0.039 seconds
[2025-03-27T07:41:00.586+0530] {processor.py:186} INFO - Started process (PID=17448) to work on /Users/uk/miniforge3/lib/python3.10/site-packages/airflow/example_dags/plugins/decreasing_priority_weight_strategy.py
[2025-03-27T07:41:00.589+0530] {processor.py:914} INFO - Processing file /Users/uk/miniforge3/lib/python3.10/site-packages/airflow/example_dags/plugins/decreasing_priority_weight_strategy.py for tasks to queue
[2025-03-27T07:41:00.589+0530] {logging_mixin.py:190} INFO - [2025-03-27T07:41:00.589+0530] {dagbag.py:588} INFO - Filling up the DagBag from /Users/uk/miniforge3/lib/python3.10/site-packages/airflow/example_dags/plugins/decreasing_priority_weight_strategy.py
[2025-03-27T07:41:00.590+0530] {processor.py:927} WARNING - No viable dags retrieved from /Users/uk/miniforge3/lib/python3.10/site-packages/airflow/example_dags/plugins/decreasing_priority_weight_strategy.py
[2025-03-27T07:41:00.627+0530] {processor.py:208} INFO - Processing /Users/uk/miniforge3/lib/python3.10/site-packages/airflow/example_dags/plugins/decreasing_priority_weight_strategy.py took 0.043 seconds
[2025-03-27T07:42:18.468+0530] {processor.py:186} INFO - Started process (PID=17605) to work on /Users/uk/miniforge3/lib/python3.10/site-packages/airflow/example_dags/plugins/decreasing_priority_weight_strategy.py
[2025-03-27T07:42:18.469+0530] {processor.py:914} INFO - Processing file /Users/uk/miniforge3/lib/python3.10/site-packages/airflow/example_dags/plugins/decreasing_priority_weight_strategy.py for tasks to queue
[2025-03-27T07:42:18.469+0530] {logging_mixin.py:190} INFO - [2025-03-27T07:42:18.469+0530] {dagbag.py:588} INFO - Filling up the DagBag from /Users/uk/miniforge3/lib/python3.10/site-packages/airflow/example_dags/plugins/decreasing_priority_weight_strategy.py
[2025-03-27T07:42:18.470+0530] {processor.py:927} WARNING - No viable dags retrieved from /Users/uk/miniforge3/lib/python3.10/site-packages/airflow/example_dags/plugins/decreasing_priority_weight_strategy.py
[2025-03-27T07:42:18.510+0530] {processor.py:208} INFO - Processing /Users/uk/miniforge3/lib/python3.10/site-packages/airflow/example_dags/plugins/decreasing_priority_weight_strategy.py took 0.043 seconds
[2025-03-27T07:43:33.519+0530] {processor.py:186} INFO - Started process (PID=17796) to work on /Users/uk/miniforge3/lib/python3.10/site-packages/airflow/example_dags/plugins/decreasing_priority_weight_strategy.py
[2025-03-27T07:43:33.520+0530] {processor.py:914} INFO - Processing file /Users/uk/miniforge3/lib/python3.10/site-packages/airflow/example_dags/plugins/decreasing_priority_weight_strategy.py for tasks to queue
[2025-03-27T07:43:33.521+0530] {logging_mixin.py:190} INFO - [2025-03-27T07:43:33.521+0530] {dagbag.py:588} INFO - Filling up the DagBag from /Users/uk/miniforge3/lib/python3.10/site-packages/airflow/example_dags/plugins/decreasing_priority_weight_strategy.py
[2025-03-27T07:43:33.521+0530] {processor.py:927} WARNING - No viable dags retrieved from /Users/uk/miniforge3/lib/python3.10/site-packages/airflow/example_dags/plugins/decreasing_priority_weight_strategy.py
[2025-03-27T07:43:33.556+0530] {processor.py:208} INFO - Processing /Users/uk/miniforge3/lib/python3.10/site-packages/airflow/example_dags/plugins/decreasing_priority_weight_strategy.py took 0.038 seconds
[2025-03-27T07:44:46.575+0530] {processor.py:186} INFO - Started process (PID=18018) to work on /Users/uk/miniforge3/lib/python3.10/site-packages/airflow/example_dags/plugins/decreasing_priority_weight_strategy.py
[2025-03-27T07:44:46.576+0530] {processor.py:914} INFO - Processing file /Users/uk/miniforge3/lib/python3.10/site-packages/airflow/example_dags/plugins/decreasing_priority_weight_strategy.py for tasks to queue
[2025-03-27T07:44:46.576+0530] {logging_mixin.py:190} INFO - [2025-03-27T07:44:46.576+0530] {dagbag.py:588} INFO - Filling up the DagBag from /Users/uk/miniforge3/lib/python3.10/site-packages/airflow/example_dags/plugins/decreasing_priority_weight_strategy.py
[2025-03-27T07:44:46.577+0530] {processor.py:927} WARNING - No viable dags retrieved from /Users/uk/miniforge3/lib/python3.10/site-packages/airflow/example_dags/plugins/decreasing_priority_weight_strategy.py
[2025-03-27T07:44:46.612+0530] {processor.py:208} INFO - Processing /Users/uk/miniforge3/lib/python3.10/site-packages/airflow/example_dags/plugins/decreasing_priority_weight_strategy.py took 0.038 seconds
[2025-03-27T07:45:57.435+0530] {processor.py:186} INFO - Started process (PID=18201) to work on /Users/uk/miniforge3/lib/python3.10/site-packages/airflow/example_dags/plugins/decreasing_priority_weight_strategy.py
[2025-03-27T07:45:57.436+0530] {processor.py:914} INFO - Processing file /Users/uk/miniforge3/lib/python3.10/site-packages/airflow/example_dags/plugins/decreasing_priority_weight_strategy.py for tasks to queue
[2025-03-27T07:45:57.437+0530] {logging_mixin.py:190} INFO - [2025-03-27T07:45:57.436+0530] {dagbag.py:588} INFO - Filling up the DagBag from /Users/uk/miniforge3/lib/python3.10/site-packages/airflow/example_dags/plugins/decreasing_priority_weight_strategy.py
[2025-03-27T07:45:57.437+0530] {processor.py:927} WARNING - No viable dags retrieved from /Users/uk/miniforge3/lib/python3.10/site-packages/airflow/example_dags/plugins/decreasing_priority_weight_strategy.py
[2025-03-27T07:45:57.473+0530] {processor.py:208} INFO - Processing /Users/uk/miniforge3/lib/python3.10/site-packages/airflow/example_dags/plugins/decreasing_priority_weight_strategy.py took 0.038 seconds
[2025-03-27T07:47:47.411+0530] {processor.py:186} INFO - Started process (PID=18398) to work on /Users/uk/miniforge3/lib/python3.10/site-packages/airflow/example_dags/plugins/decreasing_priority_weight_strategy.py
[2025-03-27T07:47:47.411+0530] {processor.py:914} INFO - Processing file /Users/uk/miniforge3/lib/python3.10/site-packages/airflow/example_dags/plugins/decreasing_priority_weight_strategy.py for tasks to queue
[2025-03-27T07:47:47.412+0530] {logging_mixin.py:190} INFO - [2025-03-27T07:47:47.412+0530] {dagbag.py:588} INFO - Filling up the DagBag from /Users/uk/miniforge3/lib/python3.10/site-packages/airflow/example_dags/plugins/decreasing_priority_weight_strategy.py
[2025-03-27T07:47:47.412+0530] {processor.py:927} WARNING - No viable dags retrieved from /Users/uk/miniforge3/lib/python3.10/site-packages/airflow/example_dags/plugins/decreasing_priority_weight_strategy.py
[2025-03-27T07:47:47.448+0530] {processor.py:208} INFO - Processing /Users/uk/miniforge3/lib/python3.10/site-packages/airflow/example_dags/plugins/decreasing_priority_weight_strategy.py took 0.038 seconds
[2025-03-27T07:49:06.692+0530] {processor.py:186} INFO - Started process (PID=18545) to work on /Users/uk/miniforge3/lib/python3.10/site-packages/airflow/example_dags/plugins/decreasing_priority_weight_strategy.py
[2025-03-27T07:49:06.693+0530] {processor.py:914} INFO - Processing file /Users/uk/miniforge3/lib/python3.10/site-packages/airflow/example_dags/plugins/decreasing_priority_weight_strategy.py for tasks to queue
[2025-03-27T07:49:06.693+0530] {logging_mixin.py:190} INFO - [2025-03-27T07:49:06.693+0530] {dagbag.py:588} INFO - Filling up the DagBag from /Users/uk/miniforge3/lib/python3.10/site-packages/airflow/example_dags/plugins/decreasing_priority_weight_strategy.py
[2025-03-27T07:49:06.694+0530] {processor.py:927} WARNING - No viable dags retrieved from /Users/uk/miniforge3/lib/python3.10/site-packages/airflow/example_dags/plugins/decreasing_priority_weight_strategy.py
[2025-03-27T07:49:06.729+0530] {processor.py:208} INFO - Processing /Users/uk/miniforge3/lib/python3.10/site-packages/airflow/example_dags/plugins/decreasing_priority_weight_strategy.py took 0.038 seconds
[2025-03-27T07:50:24.139+0530] {processor.py:186} INFO - Started process (PID=18683) to work on /Users/uk/miniforge3/lib/python3.10/site-packages/airflow/example_dags/plugins/decreasing_priority_weight_strategy.py
[2025-03-27T07:50:24.139+0530] {processor.py:914} INFO - Processing file /Users/uk/miniforge3/lib/python3.10/site-packages/airflow/example_dags/plugins/decreasing_priority_weight_strategy.py for tasks to queue
[2025-03-27T07:50:24.140+0530] {logging_mixin.py:190} INFO - [2025-03-27T07:50:24.140+0530] {dagbag.py:588} INFO - Filling up the DagBag from /Users/uk/miniforge3/lib/python3.10/site-packages/airflow/example_dags/plugins/decreasing_priority_weight_strategy.py
[2025-03-27T07:50:24.140+0530] {processor.py:927} WARNING - No viable dags retrieved from /Users/uk/miniforge3/lib/python3.10/site-packages/airflow/example_dags/plugins/decreasing_priority_weight_strategy.py
[2025-03-27T07:50:24.177+0530] {processor.py:208} INFO - Processing /Users/uk/miniforge3/lib/python3.10/site-packages/airflow/example_dags/plugins/decreasing_priority_weight_strategy.py took 0.040 seconds
[2025-03-27T07:51:38.459+0530] {processor.py:186} INFO - Started process (PID=19145) to work on /Users/uk/miniforge3/lib/python3.10/site-packages/airflow/example_dags/plugins/decreasing_priority_weight_strategy.py
[2025-03-27T07:51:38.460+0530] {processor.py:914} INFO - Processing file /Users/uk/miniforge3/lib/python3.10/site-packages/airflow/example_dags/plugins/decreasing_priority_weight_strategy.py for tasks to queue
[2025-03-27T07:51:38.460+0530] {logging_mixin.py:190} INFO - [2025-03-27T07:51:38.460+0530] {dagbag.py:588} INFO - Filling up the DagBag from /Users/uk/miniforge3/lib/python3.10/site-packages/airflow/example_dags/plugins/decreasing_priority_weight_strategy.py
[2025-03-27T07:51:38.461+0530] {processor.py:927} WARNING - No viable dags retrieved from /Users/uk/miniforge3/lib/python3.10/site-packages/airflow/example_dags/plugins/decreasing_priority_weight_strategy.py
[2025-03-27T07:51:38.497+0530] {processor.py:208} INFO - Processing /Users/uk/miniforge3/lib/python3.10/site-packages/airflow/example_dags/plugins/decreasing_priority_weight_strategy.py took 0.038 seconds
[2025-03-27T07:52:30.002+0530] {processor.py:186} INFO - Started process (PID=19250) to work on /Users/uk/miniforge3/lib/python3.10/site-packages/airflow/example_dags/plugins/decreasing_priority_weight_strategy.py
[2025-03-27T07:52:30.003+0530] {processor.py:914} INFO - Processing file /Users/uk/miniforge3/lib/python3.10/site-packages/airflow/example_dags/plugins/decreasing_priority_weight_strategy.py for tasks to queue
[2025-03-27T07:52:30.004+0530] {logging_mixin.py:190} INFO - [2025-03-27T07:52:30.004+0530] {dagbag.py:588} INFO - Filling up the DagBag from /Users/uk/miniforge3/lib/python3.10/site-packages/airflow/example_dags/plugins/decreasing_priority_weight_strategy.py
[2025-03-27T07:52:30.004+0530] {processor.py:927} WARNING - No viable dags retrieved from /Users/uk/miniforge3/lib/python3.10/site-packages/airflow/example_dags/plugins/decreasing_priority_weight_strategy.py
[2025-03-27T07:52:30.040+0530] {processor.py:208} INFO - Processing /Users/uk/miniforge3/lib/python3.10/site-packages/airflow/example_dags/plugins/decreasing_priority_weight_strategy.py took 0.039 seconds
[2025-03-27T07:53:07.489+0530] {processor.py:186} INFO - Started process (PID=19336) to work on /Users/uk/miniforge3/lib/python3.10/site-packages/airflow/example_dags/plugins/decreasing_priority_weight_strategy.py
[2025-03-27T07:53:07.490+0530] {processor.py:914} INFO - Processing file /Users/uk/miniforge3/lib/python3.10/site-packages/airflow/example_dags/plugins/decreasing_priority_weight_strategy.py for tasks to queue
[2025-03-27T07:53:07.490+0530] {logging_mixin.py:190} INFO - [2025-03-27T07:53:07.490+0530] {dagbag.py:588} INFO - Filling up the DagBag from /Users/uk/miniforge3/lib/python3.10/site-packages/airflow/example_dags/plugins/decreasing_priority_weight_strategy.py
[2025-03-27T07:53:07.491+0530] {processor.py:927} WARNING - No viable dags retrieved from /Users/uk/miniforge3/lib/python3.10/site-packages/airflow/example_dags/plugins/decreasing_priority_weight_strategy.py
[2025-03-27T07:53:07.526+0530] {processor.py:208} INFO - Processing /Users/uk/miniforge3/lib/python3.10/site-packages/airflow/example_dags/plugins/decreasing_priority_weight_strategy.py took 0.039 seconds
[2025-03-27T07:54:20.932+0530] {processor.py:186} INFO - Started process (PID=19696) to work on /Users/uk/miniforge3/lib/python3.10/site-packages/airflow/example_dags/plugins/decreasing_priority_weight_strategy.py
[2025-03-27T07:54:20.933+0530] {processor.py:914} INFO - Processing file /Users/uk/miniforge3/lib/python3.10/site-packages/airflow/example_dags/plugins/decreasing_priority_weight_strategy.py for tasks to queue
[2025-03-27T07:54:20.933+0530] {logging_mixin.py:190} INFO - [2025-03-27T07:54:20.933+0530] {dagbag.py:588} INFO - Filling up the DagBag from /Users/uk/miniforge3/lib/python3.10/site-packages/airflow/example_dags/plugins/decreasing_priority_weight_strategy.py
[2025-03-27T07:54:20.934+0530] {processor.py:927} WARNING - No viable dags retrieved from /Users/uk/miniforge3/lib/python3.10/site-packages/airflow/example_dags/plugins/decreasing_priority_weight_strategy.py
[2025-03-27T07:54:20.969+0530] {processor.py:208} INFO - Processing /Users/uk/miniforge3/lib/python3.10/site-packages/airflow/example_dags/plugins/decreasing_priority_weight_strategy.py took 0.039 seconds
[2025-03-27T07:56:07.378+0530] {processor.py:186} INFO - Started process (PID=20404) to work on /Users/uk/miniforge3/lib/python3.10/site-packages/airflow/example_dags/plugins/decreasing_priority_weight_strategy.py
[2025-03-27T07:56:07.379+0530] {processor.py:914} INFO - Processing file /Users/uk/miniforge3/lib/python3.10/site-packages/airflow/example_dags/plugins/decreasing_priority_weight_strategy.py for tasks to queue
[2025-03-27T07:56:07.379+0530] {logging_mixin.py:190} INFO - [2025-03-27T07:56:07.379+0530] {dagbag.py:588} INFO - Filling up the DagBag from /Users/uk/miniforge3/lib/python3.10/site-packages/airflow/example_dags/plugins/decreasing_priority_weight_strategy.py
[2025-03-27T07:56:07.380+0530] {processor.py:927} WARNING - No viable dags retrieved from /Users/uk/miniforge3/lib/python3.10/site-packages/airflow/example_dags/plugins/decreasing_priority_weight_strategy.py
[2025-03-27T07:56:07.415+0530] {processor.py:208} INFO - Processing /Users/uk/miniforge3/lib/python3.10/site-packages/airflow/example_dags/plugins/decreasing_priority_weight_strategy.py took 0.038 seconds
[2025-03-27T07:57:21.831+0530] {processor.py:186} INFO - Started process (PID=20558) to work on /Users/uk/miniforge3/lib/python3.10/site-packages/airflow/example_dags/plugins/decreasing_priority_weight_strategy.py
[2025-03-27T07:57:21.832+0530] {processor.py:914} INFO - Processing file /Users/uk/miniforge3/lib/python3.10/site-packages/airflow/example_dags/plugins/decreasing_priority_weight_strategy.py for tasks to queue
[2025-03-27T07:57:21.833+0530] {logging_mixin.py:190} INFO - [2025-03-27T07:57:21.833+0530] {dagbag.py:588} INFO - Filling up the DagBag from /Users/uk/miniforge3/lib/python3.10/site-packages/airflow/example_dags/plugins/decreasing_priority_weight_strategy.py
[2025-03-27T07:57:21.833+0530] {processor.py:927} WARNING - No viable dags retrieved from /Users/uk/miniforge3/lib/python3.10/site-packages/airflow/example_dags/plugins/decreasing_priority_weight_strategy.py
[2025-03-27T07:57:21.874+0530] {processor.py:208} INFO - Processing /Users/uk/miniforge3/lib/python3.10/site-packages/airflow/example_dags/plugins/decreasing_priority_weight_strategy.py took 0.044 seconds
[2025-03-27T07:58:40.661+0530] {processor.py:186} INFO - Started process (PID=20705) to work on /Users/uk/miniforge3/lib/python3.10/site-packages/airflow/example_dags/plugins/decreasing_priority_weight_strategy.py
[2025-03-27T07:58:40.661+0530] {processor.py:914} INFO - Processing file /Users/uk/miniforge3/lib/python3.10/site-packages/airflow/example_dags/plugins/decreasing_priority_weight_strategy.py for tasks to queue
[2025-03-27T07:58:40.662+0530] {logging_mixin.py:190} INFO - [2025-03-27T07:58:40.662+0530] {dagbag.py:588} INFO - Filling up the DagBag from /Users/uk/miniforge3/lib/python3.10/site-packages/airflow/example_dags/plugins/decreasing_priority_weight_strategy.py
[2025-03-27T07:58:40.662+0530] {processor.py:927} WARNING - No viable dags retrieved from /Users/uk/miniforge3/lib/python3.10/site-packages/airflow/example_dags/plugins/decreasing_priority_weight_strategy.py
[2025-03-27T07:58:40.699+0530] {processor.py:208} INFO - Processing /Users/uk/miniforge3/lib/python3.10/site-packages/airflow/example_dags/plugins/decreasing_priority_weight_strategy.py took 0.040 seconds
[2025-03-27T07:59:58.066+0530] {processor.py:186} INFO - Started process (PID=20873) to work on /Users/uk/miniforge3/lib/python3.10/site-packages/airflow/example_dags/plugins/decreasing_priority_weight_strategy.py
[2025-03-27T07:59:58.067+0530] {processor.py:914} INFO - Processing file /Users/uk/miniforge3/lib/python3.10/site-packages/airflow/example_dags/plugins/decreasing_priority_weight_strategy.py for tasks to queue
[2025-03-27T07:59:58.067+0530] {logging_mixin.py:190} INFO - [2025-03-27T07:59:58.067+0530] {dagbag.py:588} INFO - Filling up the DagBag from /Users/uk/miniforge3/lib/python3.10/site-packages/airflow/example_dags/plugins/decreasing_priority_weight_strategy.py
[2025-03-27T07:59:58.068+0530] {processor.py:927} WARNING - No viable dags retrieved from /Users/uk/miniforge3/lib/python3.10/site-packages/airflow/example_dags/plugins/decreasing_priority_weight_strategy.py
[2025-03-27T07:59:58.103+0530] {processor.py:208} INFO - Processing /Users/uk/miniforge3/lib/python3.10/site-packages/airflow/example_dags/plugins/decreasing_priority_weight_strategy.py took 0.038 seconds
[2025-03-27T08:01:12.700+0530] {processor.py:186} INFO - Started process (PID=20991) to work on /Users/uk/miniforge3/lib/python3.10/site-packages/airflow/example_dags/plugins/decreasing_priority_weight_strategy.py
[2025-03-27T08:01:12.700+0530] {processor.py:914} INFO - Processing file /Users/uk/miniforge3/lib/python3.10/site-packages/airflow/example_dags/plugins/decreasing_priority_weight_strategy.py for tasks to queue
[2025-03-27T08:01:12.701+0530] {logging_mixin.py:190} INFO - [2025-03-27T08:01:12.701+0530] {dagbag.py:588} INFO - Filling up the DagBag from /Users/uk/miniforge3/lib/python3.10/site-packages/airflow/example_dags/plugins/decreasing_priority_weight_strategy.py
[2025-03-27T08:01:12.701+0530] {processor.py:927} WARNING - No viable dags retrieved from /Users/uk/miniforge3/lib/python3.10/site-packages/airflow/example_dags/plugins/decreasing_priority_weight_strategy.py
[2025-03-27T08:01:12.737+0530] {processor.py:208} INFO - Processing /Users/uk/miniforge3/lib/python3.10/site-packages/airflow/example_dags/plugins/decreasing_priority_weight_strategy.py took 0.039 seconds
[2025-03-27T08:02:29.414+0530] {processor.py:186} INFO - Started process (PID=21170) to work on /Users/uk/miniforge3/lib/python3.10/site-packages/airflow/example_dags/plugins/decreasing_priority_weight_strategy.py
[2025-03-27T08:02:29.414+0530] {processor.py:914} INFO - Processing file /Users/uk/miniforge3/lib/python3.10/site-packages/airflow/example_dags/plugins/decreasing_priority_weight_strategy.py for tasks to queue
[2025-03-27T08:02:29.415+0530] {logging_mixin.py:190} INFO - [2025-03-27T08:02:29.415+0530] {dagbag.py:588} INFO - Filling up the DagBag from /Users/uk/miniforge3/lib/python3.10/site-packages/airflow/example_dags/plugins/decreasing_priority_weight_strategy.py
[2025-03-27T08:02:29.415+0530] {processor.py:927} WARNING - No viable dags retrieved from /Users/uk/miniforge3/lib/python3.10/site-packages/airflow/example_dags/plugins/decreasing_priority_weight_strategy.py
[2025-03-27T08:02:29.451+0530] {processor.py:208} INFO - Processing /Users/uk/miniforge3/lib/python3.10/site-packages/airflow/example_dags/plugins/decreasing_priority_weight_strategy.py took 0.038 seconds
[2025-03-27T08:03:45.948+0530] {processor.py:186} INFO - Started process (PID=21316) to work on /Users/uk/miniforge3/lib/python3.10/site-packages/airflow/example_dags/plugins/decreasing_priority_weight_strategy.py
[2025-03-27T08:03:45.949+0530] {processor.py:914} INFO - Processing file /Users/uk/miniforge3/lib/python3.10/site-packages/airflow/example_dags/plugins/decreasing_priority_weight_strategy.py for tasks to queue
[2025-03-27T08:03:45.949+0530] {logging_mixin.py:190} INFO - [2025-03-27T08:03:45.949+0530] {dagbag.py:588} INFO - Filling up the DagBag from /Users/uk/miniforge3/lib/python3.10/site-packages/airflow/example_dags/plugins/decreasing_priority_weight_strategy.py
[2025-03-27T08:03:45.950+0530] {processor.py:927} WARNING - No viable dags retrieved from /Users/uk/miniforge3/lib/python3.10/site-packages/airflow/example_dags/plugins/decreasing_priority_weight_strategy.py
[2025-03-27T08:03:45.986+0530] {processor.py:208} INFO - Processing /Users/uk/miniforge3/lib/python3.10/site-packages/airflow/example_dags/plugins/decreasing_priority_weight_strategy.py took 0.039 seconds
[2025-03-27T08:04:58.804+0530] {processor.py:186} INFO - Started process (PID=21438) to work on /Users/uk/miniforge3/lib/python3.10/site-packages/airflow/example_dags/plugins/decreasing_priority_weight_strategy.py
[2025-03-27T08:04:58.804+0530] {processor.py:914} INFO - Processing file /Users/uk/miniforge3/lib/python3.10/site-packages/airflow/example_dags/plugins/decreasing_priority_weight_strategy.py for tasks to queue
[2025-03-27T08:04:58.805+0530] {logging_mixin.py:190} INFO - [2025-03-27T08:04:58.805+0530] {dagbag.py:588} INFO - Filling up the DagBag from /Users/uk/miniforge3/lib/python3.10/site-packages/airflow/example_dags/plugins/decreasing_priority_weight_strategy.py
[2025-03-27T08:04:58.805+0530] {processor.py:927} WARNING - No viable dags retrieved from /Users/uk/miniforge3/lib/python3.10/site-packages/airflow/example_dags/plugins/decreasing_priority_weight_strategy.py
[2025-03-27T08:04:58.840+0530] {processor.py:208} INFO - Processing /Users/uk/miniforge3/lib/python3.10/site-packages/airflow/example_dags/plugins/decreasing_priority_weight_strategy.py took 0.038 seconds
[2025-03-27T08:06:15.052+0530] {processor.py:186} INFO - Started process (PID=21569) to work on /Users/uk/miniforge3/lib/python3.10/site-packages/airflow/example_dags/plugins/decreasing_priority_weight_strategy.py
[2025-03-27T08:06:15.053+0530] {processor.py:914} INFO - Processing file /Users/uk/miniforge3/lib/python3.10/site-packages/airflow/example_dags/plugins/decreasing_priority_weight_strategy.py for tasks to queue
[2025-03-27T08:06:15.053+0530] {logging_mixin.py:190} INFO - [2025-03-27T08:06:15.053+0530] {dagbag.py:588} INFO - Filling up the DagBag from /Users/uk/miniforge3/lib/python3.10/site-packages/airflow/example_dags/plugins/decreasing_priority_weight_strategy.py
[2025-03-27T08:06:15.054+0530] {processor.py:927} WARNING - No viable dags retrieved from /Users/uk/miniforge3/lib/python3.10/site-packages/airflow/example_dags/plugins/decreasing_priority_weight_strategy.py
[2025-03-27T08:06:15.089+0530] {processor.py:208} INFO - Processing /Users/uk/miniforge3/lib/python3.10/site-packages/airflow/example_dags/plugins/decreasing_priority_weight_strategy.py took 0.038 seconds
[2025-03-27T08:07:30.937+0530] {processor.py:186} INFO - Started process (PID=21741) to work on /Users/uk/miniforge3/lib/python3.10/site-packages/airflow/example_dags/plugins/decreasing_priority_weight_strategy.py
[2025-03-27T08:07:30.938+0530] {processor.py:914} INFO - Processing file /Users/uk/miniforge3/lib/python3.10/site-packages/airflow/example_dags/plugins/decreasing_priority_weight_strategy.py for tasks to queue
[2025-03-27T08:07:30.938+0530] {logging_mixin.py:190} INFO - [2025-03-27T08:07:30.938+0530] {dagbag.py:588} INFO - Filling up the DagBag from /Users/uk/miniforge3/lib/python3.10/site-packages/airflow/example_dags/plugins/decreasing_priority_weight_strategy.py
[2025-03-27T08:07:30.939+0530] {processor.py:927} WARNING - No viable dags retrieved from /Users/uk/miniforge3/lib/python3.10/site-packages/airflow/example_dags/plugins/decreasing_priority_weight_strategy.py
[2025-03-27T08:07:30.977+0530] {processor.py:208} INFO - Processing /Users/uk/miniforge3/lib/python3.10/site-packages/airflow/example_dags/plugins/decreasing_priority_weight_strategy.py took 0.041 seconds
[2025-03-27T08:08:55.013+0530] {processor.py:186} INFO - Started process (PID=21900) to work on /Users/uk/miniforge3/lib/python3.10/site-packages/airflow/example_dags/plugins/decreasing_priority_weight_strategy.py
[2025-03-27T08:08:55.014+0530] {processor.py:914} INFO - Processing file /Users/uk/miniforge3/lib/python3.10/site-packages/airflow/example_dags/plugins/decreasing_priority_weight_strategy.py for tasks to queue
[2025-03-27T08:08:55.015+0530] {logging_mixin.py:190} INFO - [2025-03-27T08:08:55.014+0530] {dagbag.py:588} INFO - Filling up the DagBag from /Users/uk/miniforge3/lib/python3.10/site-packages/airflow/example_dags/plugins/decreasing_priority_weight_strategy.py
[2025-03-27T08:08:55.015+0530] {processor.py:927} WARNING - No viable dags retrieved from /Users/uk/miniforge3/lib/python3.10/site-packages/airflow/example_dags/plugins/decreasing_priority_weight_strategy.py
[2025-03-27T08:08:55.054+0530] {processor.py:208} INFO - Processing /Users/uk/miniforge3/lib/python3.10/site-packages/airflow/example_dags/plugins/decreasing_priority_weight_strategy.py took 0.042 seconds
[2025-03-27T08:10:12.750+0530] {processor.py:186} INFO - Started process (PID=22025) to work on /Users/uk/miniforge3/lib/python3.10/site-packages/airflow/example_dags/plugins/decreasing_priority_weight_strategy.py
[2025-03-27T08:10:12.751+0530] {processor.py:914} INFO - Processing file /Users/uk/miniforge3/lib/python3.10/site-packages/airflow/example_dags/plugins/decreasing_priority_weight_strategy.py for tasks to queue
[2025-03-27T08:10:12.751+0530] {logging_mixin.py:190} INFO - [2025-03-27T08:10:12.751+0530] {dagbag.py:588} INFO - Filling up the DagBag from /Users/uk/miniforge3/lib/python3.10/site-packages/airflow/example_dags/plugins/decreasing_priority_weight_strategy.py
[2025-03-27T08:10:12.752+0530] {processor.py:927} WARNING - No viable dags retrieved from /Users/uk/miniforge3/lib/python3.10/site-packages/airflow/example_dags/plugins/decreasing_priority_weight_strategy.py
[2025-03-27T08:10:12.790+0530] {processor.py:208} INFO - Processing /Users/uk/miniforge3/lib/python3.10/site-packages/airflow/example_dags/plugins/decreasing_priority_weight_strategy.py took 0.042 seconds
[2025-03-27T08:11:26.361+0530] {processor.py:186} INFO - Started process (PID=22183) to work on /Users/uk/miniforge3/lib/python3.10/site-packages/airflow/example_dags/plugins/decreasing_priority_weight_strategy.py
[2025-03-27T08:11:26.362+0530] {processor.py:914} INFO - Processing file /Users/uk/miniforge3/lib/python3.10/site-packages/airflow/example_dags/plugins/decreasing_priority_weight_strategy.py for tasks to queue
[2025-03-27T08:11:26.362+0530] {logging_mixin.py:190} INFO - [2025-03-27T08:11:26.362+0530] {dagbag.py:588} INFO - Filling up the DagBag from /Users/uk/miniforge3/lib/python3.10/site-packages/airflow/example_dags/plugins/decreasing_priority_weight_strategy.py
[2025-03-27T08:11:26.363+0530] {processor.py:927} WARNING - No viable dags retrieved from /Users/uk/miniforge3/lib/python3.10/site-packages/airflow/example_dags/plugins/decreasing_priority_weight_strategy.py
[2025-03-27T08:11:26.400+0530] {processor.py:208} INFO - Processing /Users/uk/miniforge3/lib/python3.10/site-packages/airflow/example_dags/plugins/decreasing_priority_weight_strategy.py took 0.040 seconds
