[2025-03-27T07:06:02.838+0530] {processor.py:186} INFO - Started process (PID=13092) to work on /Users/uk/miniforge3/lib/python3.10/site-packages/airflow/example_dags/plugins/listener_plugin.py
[2025-03-27T07:06:02.838+0530] {processor.py:914} INFO - Processing file /Users/uk/miniforge3/lib/python3.10/site-packages/airflow/example_dags/plugins/listener_plugin.py for tasks to queue
[2025-03-27T07:06:02.839+0530] {logging_mixin.py:190} INFO - [2025-03-27T07:06:02.839+0530] {dagbag.py:588} INFO - Filling up the DagBag from /Users/uk/miniforge3/lib/python3.10/site-packages/airflow/example_dags/plugins/listener_plugin.py
[2025-03-27T07:06:02.841+0530] {processor.py:927} WARNING - No viable dags retrieved from /Users/uk/miniforge3/lib/python3.10/site-packages/airflow/example_dags/plugins/listener_plugin.py
[2025-03-27T07:06:02.878+0530] {processor.py:208} INFO - Processing /Users/uk/miniforge3/lib/python3.10/site-packages/airflow/example_dags/plugins/listener_plugin.py took 0.041 seconds
[2025-03-27T07:07:33.932+0530] {processor.py:186} INFO - Started process (PID=13405) to work on /Users/uk/miniforge3/lib/python3.10/site-packages/airflow/example_dags/plugins/listener_plugin.py
[2025-03-27T07:07:33.933+0530] {processor.py:914} INFO - Processing file /Users/uk/miniforge3/lib/python3.10/site-packages/airflow/example_dags/plugins/listener_plugin.py for tasks to queue
[2025-03-27T07:07:33.934+0530] {logging_mixin.py:190} INFO - [2025-03-27T07:07:33.934+0530] {dagbag.py:588} INFO - Filling up the DagBag from /Users/uk/miniforge3/lib/python3.10/site-packages/airflow/example_dags/plugins/listener_plugin.py
[2025-03-27T07:07:33.935+0530] {processor.py:927} WARNING - No viable dags retrieved from /Users/uk/miniforge3/lib/python3.10/site-packages/airflow/example_dags/plugins/listener_plugin.py
[2025-03-27T07:07:33.974+0530] {processor.py:208} INFO - Processing /Users/uk/miniforge3/lib/python3.10/site-packages/airflow/example_dags/plugins/listener_plugin.py took 0.043 seconds
[2025-03-27T07:08:57.210+0530] {processor.py:186} INFO - Started process (PID=13569) to work on /Users/uk/miniforge3/lib/python3.10/site-packages/airflow/example_dags/plugins/listener_plugin.py
[2025-03-27T07:08:57.211+0530] {processor.py:914} INFO - Processing file /Users/uk/miniforge3/lib/python3.10/site-packages/airflow/example_dags/plugins/listener_plugin.py for tasks to queue
[2025-03-27T07:08:57.211+0530] {logging_mixin.py:190} INFO - [2025-03-27T07:08:57.211+0530] {dagbag.py:588} INFO - Filling up the DagBag from /Users/uk/miniforge3/lib/python3.10/site-packages/airflow/example_dags/plugins/listener_plugin.py
[2025-03-27T07:08:57.213+0530] {processor.py:927} WARNING - No viable dags retrieved from /Users/uk/miniforge3/lib/python3.10/site-packages/airflow/example_dags/plugins/listener_plugin.py
[2025-03-27T07:08:57.249+0530] {processor.py:208} INFO - Processing /Users/uk/miniforge3/lib/python3.10/site-packages/airflow/example_dags/plugins/listener_plugin.py took 0.040 seconds
[2025-03-27T07:10:25.814+0530] {processor.py:186} INFO - Started process (PID=13723) to work on /Users/uk/miniforge3/lib/python3.10/site-packages/airflow/example_dags/plugins/listener_plugin.py
[2025-03-27T07:10:25.815+0530] {processor.py:914} INFO - Processing file /Users/uk/miniforge3/lib/python3.10/site-packages/airflow/example_dags/plugins/listener_plugin.py for tasks to queue
[2025-03-27T07:10:25.816+0530] {logging_mixin.py:190} INFO - [2025-03-27T07:10:25.816+0530] {dagbag.py:588} INFO - Filling up the DagBag from /Users/uk/miniforge3/lib/python3.10/site-packages/airflow/example_dags/plugins/listener_plugin.py
[2025-03-27T07:10:25.816+0530] {processor.py:927} WARNING - No viable dags retrieved from /Users/uk/miniforge3/lib/python3.10/site-packages/airflow/example_dags/plugins/listener_plugin.py
[2025-03-27T07:10:25.853+0530] {processor.py:208} INFO - Processing /Users/uk/miniforge3/lib/python3.10/site-packages/airflow/example_dags/plugins/listener_plugin.py took 0.040 seconds
[2025-03-27T07:11:50.091+0530] {processor.py:186} INFO - Started process (PID=13875) to work on /Users/uk/miniforge3/lib/python3.10/site-packages/airflow/example_dags/plugins/listener_plugin.py
[2025-03-27T07:11:50.094+0530] {processor.py:914} INFO - Processing file /Users/uk/miniforge3/lib/python3.10/site-packages/airflow/example_dags/plugins/listener_plugin.py for tasks to queue
[2025-03-27T07:11:50.095+0530] {logging_mixin.py:190} INFO - [2025-03-27T07:11:50.095+0530] {dagbag.py:588} INFO - Filling up the DagBag from /Users/uk/miniforge3/lib/python3.10/site-packages/airflow/example_dags/plugins/listener_plugin.py
[2025-03-27T07:11:50.097+0530] {processor.py:927} WARNING - No viable dags retrieved from /Users/uk/miniforge3/lib/python3.10/site-packages/airflow/example_dags/plugins/listener_plugin.py
[2025-03-27T07:11:50.138+0530] {processor.py:208} INFO - Processing /Users/uk/miniforge3/lib/python3.10/site-packages/airflow/example_dags/plugins/listener_plugin.py took 0.050 seconds
[2025-03-27T07:13:05.637+0530] {processor.py:186} INFO - Started process (PID=14000) to work on /Users/uk/miniforge3/lib/python3.10/site-packages/airflow/example_dags/plugins/listener_plugin.py
[2025-03-27T07:13:05.638+0530] {processor.py:914} INFO - Processing file /Users/uk/miniforge3/lib/python3.10/site-packages/airflow/example_dags/plugins/listener_plugin.py for tasks to queue
[2025-03-27T07:13:05.638+0530] {logging_mixin.py:190} INFO - [2025-03-27T07:13:05.638+0530] {dagbag.py:588} INFO - Filling up the DagBag from /Users/uk/miniforge3/lib/python3.10/site-packages/airflow/example_dags/plugins/listener_plugin.py
[2025-03-27T07:13:05.641+0530] {processor.py:927} WARNING - No viable dags retrieved from /Users/uk/miniforge3/lib/python3.10/site-packages/airflow/example_dags/plugins/listener_plugin.py
[2025-03-27T07:13:05.680+0530] {processor.py:208} INFO - Processing /Users/uk/miniforge3/lib/python3.10/site-packages/airflow/example_dags/plugins/listener_plugin.py took 0.045 seconds
[2025-03-27T07:14:21.085+0530] {processor.py:186} INFO - Started process (PID=14141) to work on /Users/uk/miniforge3/lib/python3.10/site-packages/airflow/example_dags/plugins/listener_plugin.py
[2025-03-27T07:14:21.085+0530] {processor.py:914} INFO - Processing file /Users/uk/miniforge3/lib/python3.10/site-packages/airflow/example_dags/plugins/listener_plugin.py for tasks to queue
[2025-03-27T07:14:21.086+0530] {logging_mixin.py:190} INFO - [2025-03-27T07:14:21.086+0530] {dagbag.py:588} INFO - Filling up the DagBag from /Users/uk/miniforge3/lib/python3.10/site-packages/airflow/example_dags/plugins/listener_plugin.py
[2025-03-27T07:14:21.087+0530] {processor.py:927} WARNING - No viable dags retrieved from /Users/uk/miniforge3/lib/python3.10/site-packages/airflow/example_dags/plugins/listener_plugin.py
[2025-03-27T07:14:21.125+0530] {processor.py:208} INFO - Processing /Users/uk/miniforge3/lib/python3.10/site-packages/airflow/example_dags/plugins/listener_plugin.py took 0.042 seconds
[2025-03-27T07:15:38.259+0530] {processor.py:186} INFO - Started process (PID=14271) to work on /Users/uk/miniforge3/lib/python3.10/site-packages/airflow/example_dags/plugins/listener_plugin.py
[2025-03-27T07:15:38.261+0530] {processor.py:914} INFO - Processing file /Users/uk/miniforge3/lib/python3.10/site-packages/airflow/example_dags/plugins/listener_plugin.py for tasks to queue
[2025-03-27T07:15:38.262+0530] {logging_mixin.py:190} INFO - [2025-03-27T07:15:38.262+0530] {dagbag.py:588} INFO - Filling up the DagBag from /Users/uk/miniforge3/lib/python3.10/site-packages/airflow/example_dags/plugins/listener_plugin.py
[2025-03-27T07:15:38.267+0530] {processor.py:927} WARNING - No viable dags retrieved from /Users/uk/miniforge3/lib/python3.10/site-packages/airflow/example_dags/plugins/listener_plugin.py
[2025-03-27T07:15:38.335+0530] {processor.py:208} INFO - Processing /Users/uk/miniforge3/lib/python3.10/site-packages/airflow/example_dags/plugins/listener_plugin.py took 0.079 seconds
[2025-03-27T07:16:51.458+0530] {processor.py:186} INFO - Started process (PID=14387) to work on /Users/uk/miniforge3/lib/python3.10/site-packages/airflow/example_dags/plugins/listener_plugin.py
[2025-03-27T07:16:51.459+0530] {processor.py:914} INFO - Processing file /Users/uk/miniforge3/lib/python3.10/site-packages/airflow/example_dags/plugins/listener_plugin.py for tasks to queue
[2025-03-27T07:16:51.459+0530] {logging_mixin.py:190} INFO - [2025-03-27T07:16:51.459+0530] {dagbag.py:588} INFO - Filling up the DagBag from /Users/uk/miniforge3/lib/python3.10/site-packages/airflow/example_dags/plugins/listener_plugin.py
[2025-03-27T07:16:51.461+0530] {processor.py:927} WARNING - No viable dags retrieved from /Users/uk/miniforge3/lib/python3.10/site-packages/airflow/example_dags/plugins/listener_plugin.py
[2025-03-27T07:16:51.496+0530] {processor.py:208} INFO - Processing /Users/uk/miniforge3/lib/python3.10/site-packages/airflow/example_dags/plugins/listener_plugin.py took 0.040 seconds
[2025-03-27T07:18:05.991+0530] {processor.py:186} INFO - Started process (PID=14511) to work on /Users/uk/miniforge3/lib/python3.10/site-packages/airflow/example_dags/plugins/listener_plugin.py
[2025-03-27T07:18:05.992+0530] {processor.py:914} INFO - Processing file /Users/uk/miniforge3/lib/python3.10/site-packages/airflow/example_dags/plugins/listener_plugin.py for tasks to queue
[2025-03-27T07:18:05.993+0530] {logging_mixin.py:190} INFO - [2025-03-27T07:18:05.993+0530] {dagbag.py:588} INFO - Filling up the DagBag from /Users/uk/miniforge3/lib/python3.10/site-packages/airflow/example_dags/plugins/listener_plugin.py
[2025-03-27T07:18:05.994+0530] {processor.py:927} WARNING - No viable dags retrieved from /Users/uk/miniforge3/lib/python3.10/site-packages/airflow/example_dags/plugins/listener_plugin.py
[2025-03-27T07:18:06.029+0530] {processor.py:208} INFO - Processing /Users/uk/miniforge3/lib/python3.10/site-packages/airflow/example_dags/plugins/listener_plugin.py took 0.040 seconds
[2025-03-27T07:19:16.153+0530] {processor.py:186} INFO - Started process (PID=14871) to work on /Users/uk/miniforge3/lib/python3.10/site-packages/airflow/example_dags/plugins/listener_plugin.py
[2025-03-27T07:19:16.154+0530] {processor.py:914} INFO - Processing file /Users/uk/miniforge3/lib/python3.10/site-packages/airflow/example_dags/plugins/listener_plugin.py for tasks to queue
[2025-03-27T07:19:16.155+0530] {logging_mixin.py:190} INFO - [2025-03-27T07:19:16.155+0530] {dagbag.py:588} INFO - Filling up the DagBag from /Users/uk/miniforge3/lib/python3.10/site-packages/airflow/example_dags/plugins/listener_plugin.py
[2025-03-27T07:19:16.157+0530] {processor.py:927} WARNING - No viable dags retrieved from /Users/uk/miniforge3/lib/python3.10/site-packages/airflow/example_dags/plugins/listener_plugin.py
[2025-03-27T07:19:16.192+0530] {processor.py:208} INFO - Processing /Users/uk/miniforge3/lib/python3.10/site-packages/airflow/example_dags/plugins/listener_plugin.py took 0.040 seconds
[2025-03-27T07:20:31.090+0530] {processor.py:186} INFO - Started process (PID=15042) to work on /Users/uk/miniforge3/lib/python3.10/site-packages/airflow/example_dags/plugins/listener_plugin.py
[2025-03-27T07:20:31.091+0530] {processor.py:914} INFO - Processing file /Users/uk/miniforge3/lib/python3.10/site-packages/airflow/example_dags/plugins/listener_plugin.py for tasks to queue
[2025-03-27T07:20:31.091+0530] {logging_mixin.py:190} INFO - [2025-03-27T07:20:31.091+0530] {dagbag.py:588} INFO - Filling up the DagBag from /Users/uk/miniforge3/lib/python3.10/site-packages/airflow/example_dags/plugins/listener_plugin.py
[2025-03-27T07:20:31.093+0530] {processor.py:927} WARNING - No viable dags retrieved from /Users/uk/miniforge3/lib/python3.10/site-packages/airflow/example_dags/plugins/listener_plugin.py
[2025-03-27T07:20:31.129+0530] {processor.py:208} INFO - Processing /Users/uk/miniforge3/lib/python3.10/site-packages/airflow/example_dags/plugins/listener_plugin.py took 0.040 seconds
[2025-03-27T07:21:42.788+0530] {processor.py:186} INFO - Started process (PID=15157) to work on /Users/uk/miniforge3/lib/python3.10/site-packages/airflow/example_dags/plugins/listener_plugin.py
[2025-03-27T07:21:42.788+0530] {processor.py:914} INFO - Processing file /Users/uk/miniforge3/lib/python3.10/site-packages/airflow/example_dags/plugins/listener_plugin.py for tasks to queue
[2025-03-27T07:21:42.789+0530] {logging_mixin.py:190} INFO - [2025-03-27T07:21:42.789+0530] {dagbag.py:588} INFO - Filling up the DagBag from /Users/uk/miniforge3/lib/python3.10/site-packages/airflow/example_dags/plugins/listener_plugin.py
[2025-03-27T07:21:42.790+0530] {processor.py:927} WARNING - No viable dags retrieved from /Users/uk/miniforge3/lib/python3.10/site-packages/airflow/example_dags/plugins/listener_plugin.py
[2025-03-27T07:21:42.826+0530] {processor.py:208} INFO - Processing /Users/uk/miniforge3/lib/python3.10/site-packages/airflow/example_dags/plugins/listener_plugin.py took 0.039 seconds
[2025-03-27T07:22:55.008+0530] {processor.py:186} INFO - Started process (PID=15295) to work on /Users/uk/miniforge3/lib/python3.10/site-packages/airflow/example_dags/plugins/listener_plugin.py
[2025-03-27T07:22:55.010+0530] {processor.py:914} INFO - Processing file /Users/uk/miniforge3/lib/python3.10/site-packages/airflow/example_dags/plugins/listener_plugin.py for tasks to queue
[2025-03-27T07:22:55.010+0530] {logging_mixin.py:190} INFO - [2025-03-27T07:22:55.010+0530] {dagbag.py:588} INFO - Filling up the DagBag from /Users/uk/miniforge3/lib/python3.10/site-packages/airflow/example_dags/plugins/listener_plugin.py
[2025-03-27T07:22:55.012+0530] {processor.py:927} WARNING - No viable dags retrieved from /Users/uk/miniforge3/lib/python3.10/site-packages/airflow/example_dags/plugins/listener_plugin.py
[2025-03-27T07:22:55.046+0530] {processor.py:208} INFO - Processing /Users/uk/miniforge3/lib/python3.10/site-packages/airflow/example_dags/plugins/listener_plugin.py took 0.039 seconds
[2025-03-27T07:24:04.445+0530] {processor.py:186} INFO - Started process (PID=15433) to work on /Users/uk/miniforge3/lib/python3.10/site-packages/airflow/example_dags/plugins/listener_plugin.py
[2025-03-27T07:24:04.446+0530] {processor.py:914} INFO - Processing file /Users/uk/miniforge3/lib/python3.10/site-packages/airflow/example_dags/plugins/listener_plugin.py for tasks to queue
[2025-03-27T07:24:04.447+0530] {logging_mixin.py:190} INFO - [2025-03-27T07:24:04.447+0530] {dagbag.py:588} INFO - Filling up the DagBag from /Users/uk/miniforge3/lib/python3.10/site-packages/airflow/example_dags/plugins/listener_plugin.py
[2025-03-27T07:24:04.448+0530] {processor.py:927} WARNING - No viable dags retrieved from /Users/uk/miniforge3/lib/python3.10/site-packages/airflow/example_dags/plugins/listener_plugin.py
[2025-03-27T07:24:04.484+0530] {processor.py:208} INFO - Processing /Users/uk/miniforge3/lib/python3.10/site-packages/airflow/example_dags/plugins/listener_plugin.py took 0.040 seconds
[2025-03-27T07:25:16.167+0530] {processor.py:186} INFO - Started process (PID=15574) to work on /Users/uk/miniforge3/lib/python3.10/site-packages/airflow/example_dags/plugins/listener_plugin.py
[2025-03-27T07:25:16.168+0530] {processor.py:914} INFO - Processing file /Users/uk/miniforge3/lib/python3.10/site-packages/airflow/example_dags/plugins/listener_plugin.py for tasks to queue
[2025-03-27T07:25:16.168+0530] {logging_mixin.py:190} INFO - [2025-03-27T07:25:16.168+0530] {dagbag.py:588} INFO - Filling up the DagBag from /Users/uk/miniforge3/lib/python3.10/site-packages/airflow/example_dags/plugins/listener_plugin.py
[2025-03-27T07:25:16.170+0530] {processor.py:927} WARNING - No viable dags retrieved from /Users/uk/miniforge3/lib/python3.10/site-packages/airflow/example_dags/plugins/listener_plugin.py
[2025-03-27T07:25:16.207+0530] {processor.py:208} INFO - Processing /Users/uk/miniforge3/lib/python3.10/site-packages/airflow/example_dags/plugins/listener_plugin.py took 0.042 seconds
[2025-03-27T07:26:28.267+0530] {processor.py:186} INFO - Started process (PID=15689) to work on /Users/uk/miniforge3/lib/python3.10/site-packages/airflow/example_dags/plugins/listener_plugin.py
[2025-03-27T07:26:28.268+0530] {processor.py:914} INFO - Processing file /Users/uk/miniforge3/lib/python3.10/site-packages/airflow/example_dags/plugins/listener_plugin.py for tasks to queue
[2025-03-27T07:26:28.269+0530] {logging_mixin.py:190} INFO - [2025-03-27T07:26:28.269+0530] {dagbag.py:588} INFO - Filling up the DagBag from /Users/uk/miniforge3/lib/python3.10/site-packages/airflow/example_dags/plugins/listener_plugin.py
[2025-03-27T07:26:28.270+0530] {processor.py:927} WARNING - No viable dags retrieved from /Users/uk/miniforge3/lib/python3.10/site-packages/airflow/example_dags/plugins/listener_plugin.py
[2025-03-27T07:26:28.308+0530] {processor.py:208} INFO - Processing /Users/uk/miniforge3/lib/python3.10/site-packages/airflow/example_dags/plugins/listener_plugin.py took 0.042 seconds
[2025-03-27T07:27:41.231+0530] {processor.py:186} INFO - Started process (PID=15805) to work on /Users/uk/miniforge3/lib/python3.10/site-packages/airflow/example_dags/plugins/listener_plugin.py
[2025-03-27T07:27:41.232+0530] {processor.py:914} INFO - Processing file /Users/uk/miniforge3/lib/python3.10/site-packages/airflow/example_dags/plugins/listener_plugin.py for tasks to queue
[2025-03-27T07:27:41.232+0530] {logging_mixin.py:190} INFO - [2025-03-27T07:27:41.232+0530] {dagbag.py:588} INFO - Filling up the DagBag from /Users/uk/miniforge3/lib/python3.10/site-packages/airflow/example_dags/plugins/listener_plugin.py
[2025-03-27T07:27:41.233+0530] {processor.py:927} WARNING - No viable dags retrieved from /Users/uk/miniforge3/lib/python3.10/site-packages/airflow/example_dags/plugins/listener_plugin.py
[2025-03-27T07:27:41.270+0530] {processor.py:208} INFO - Processing /Users/uk/miniforge3/lib/python3.10/site-packages/airflow/example_dags/plugins/listener_plugin.py took 0.041 seconds
[2025-03-27T07:28:54.992+0530] {processor.py:186} INFO - Started process (PID=15945) to work on /Users/uk/miniforge3/lib/python3.10/site-packages/airflow/example_dags/plugins/listener_plugin.py
[2025-03-27T07:28:54.992+0530] {processor.py:914} INFO - Processing file /Users/uk/miniforge3/lib/python3.10/site-packages/airflow/example_dags/plugins/listener_plugin.py for tasks to queue
[2025-03-27T07:28:54.993+0530] {logging_mixin.py:190} INFO - [2025-03-27T07:28:54.993+0530] {dagbag.py:588} INFO - Filling up the DagBag from /Users/uk/miniforge3/lib/python3.10/site-packages/airflow/example_dags/plugins/listener_plugin.py
[2025-03-27T07:28:54.994+0530] {processor.py:927} WARNING - No viable dags retrieved from /Users/uk/miniforge3/lib/python3.10/site-packages/airflow/example_dags/plugins/listener_plugin.py
[2025-03-27T07:28:55.029+0530] {processor.py:208} INFO - Processing /Users/uk/miniforge3/lib/python3.10/site-packages/airflow/example_dags/plugins/listener_plugin.py took 0.039 seconds
[2025-03-27T07:30:10.335+0530] {processor.py:186} INFO - Started process (PID=16072) to work on /Users/uk/miniforge3/lib/python3.10/site-packages/airflow/example_dags/plugins/listener_plugin.py
[2025-03-27T07:30:10.336+0530] {processor.py:914} INFO - Processing file /Users/uk/miniforge3/lib/python3.10/site-packages/airflow/example_dags/plugins/listener_plugin.py for tasks to queue
[2025-03-27T07:30:10.337+0530] {logging_mixin.py:190} INFO - [2025-03-27T07:30:10.337+0530] {dagbag.py:588} INFO - Filling up the DagBag from /Users/uk/miniforge3/lib/python3.10/site-packages/airflow/example_dags/plugins/listener_plugin.py
[2025-03-27T07:30:10.338+0530] {processor.py:927} WARNING - No viable dags retrieved from /Users/uk/miniforge3/lib/python3.10/site-packages/airflow/example_dags/plugins/listener_plugin.py
[2025-03-27T07:30:10.374+0530] {processor.py:208} INFO - Processing /Users/uk/miniforge3/lib/python3.10/site-packages/airflow/example_dags/plugins/listener_plugin.py took 0.040 seconds
[2025-03-27T07:31:25.802+0530] {processor.py:186} INFO - Started process (PID=16232) to work on /Users/uk/miniforge3/lib/python3.10/site-packages/airflow/example_dags/plugins/listener_plugin.py
[2025-03-27T07:31:25.803+0530] {processor.py:914} INFO - Processing file /Users/uk/miniforge3/lib/python3.10/site-packages/airflow/example_dags/plugins/listener_plugin.py for tasks to queue
[2025-03-27T07:31:25.803+0530] {logging_mixin.py:190} INFO - [2025-03-27T07:31:25.803+0530] {dagbag.py:588} INFO - Filling up the DagBag from /Users/uk/miniforge3/lib/python3.10/site-packages/airflow/example_dags/plugins/listener_plugin.py
[2025-03-27T07:31:25.805+0530] {processor.py:927} WARNING - No viable dags retrieved from /Users/uk/miniforge3/lib/python3.10/site-packages/airflow/example_dags/plugins/listener_plugin.py
[2025-03-27T07:31:25.840+0530] {processor.py:208} INFO - Processing /Users/uk/miniforge3/lib/python3.10/site-packages/airflow/example_dags/plugins/listener_plugin.py took 0.039 seconds
[2025-03-27T07:32:41.370+0530] {processor.py:186} INFO - Started process (PID=16392) to work on /Users/uk/miniforge3/lib/python3.10/site-packages/airflow/example_dags/plugins/listener_plugin.py
[2025-03-27T07:32:41.370+0530] {processor.py:914} INFO - Processing file /Users/uk/miniforge3/lib/python3.10/site-packages/airflow/example_dags/plugins/listener_plugin.py for tasks to queue
[2025-03-27T07:32:41.371+0530] {logging_mixin.py:190} INFO - [2025-03-27T07:32:41.371+0530] {dagbag.py:588} INFO - Filling up the DagBag from /Users/uk/miniforge3/lib/python3.10/site-packages/airflow/example_dags/plugins/listener_plugin.py
[2025-03-27T07:32:41.371+0530] {processor.py:927} WARNING - No viable dags retrieved from /Users/uk/miniforge3/lib/python3.10/site-packages/airflow/example_dags/plugins/listener_plugin.py
[2025-03-27T07:32:41.406+0530] {processor.py:208} INFO - Processing /Users/uk/miniforge3/lib/python3.10/site-packages/airflow/example_dags/plugins/listener_plugin.py took 0.038 seconds
[2025-03-27T07:33:54.945+0530] {processor.py:186} INFO - Started process (PID=16548) to work on /Users/uk/miniforge3/lib/python3.10/site-packages/airflow/example_dags/plugins/listener_plugin.py
[2025-03-27T07:33:54.947+0530] {processor.py:914} INFO - Processing file /Users/uk/miniforge3/lib/python3.10/site-packages/airflow/example_dags/plugins/listener_plugin.py for tasks to queue
[2025-03-27T07:33:54.947+0530] {logging_mixin.py:190} INFO - [2025-03-27T07:33:54.947+0530] {dagbag.py:588} INFO - Filling up the DagBag from /Users/uk/miniforge3/lib/python3.10/site-packages/airflow/example_dags/plugins/listener_plugin.py
[2025-03-27T07:33:54.950+0530] {processor.py:927} WARNING - No viable dags retrieved from /Users/uk/miniforge3/lib/python3.10/site-packages/airflow/example_dags/plugins/listener_plugin.py
[2025-03-27T07:33:54.996+0530] {processor.py:208} INFO - Processing /Users/uk/miniforge3/lib/python3.10/site-packages/airflow/example_dags/plugins/listener_plugin.py took 0.053 seconds
[2025-03-27T07:35:12.499+0530] {processor.py:186} INFO - Started process (PID=16683) to work on /Users/uk/miniforge3/lib/python3.10/site-packages/airflow/example_dags/plugins/listener_plugin.py
[2025-03-27T07:35:12.499+0530] {processor.py:914} INFO - Processing file /Users/uk/miniforge3/lib/python3.10/site-packages/airflow/example_dags/plugins/listener_plugin.py for tasks to queue
[2025-03-27T07:35:12.500+0530] {logging_mixin.py:190} INFO - [2025-03-27T07:35:12.500+0530] {dagbag.py:588} INFO - Filling up the DagBag from /Users/uk/miniforge3/lib/python3.10/site-packages/airflow/example_dags/plugins/listener_plugin.py
[2025-03-27T07:35:12.501+0530] {processor.py:927} WARNING - No viable dags retrieved from /Users/uk/miniforge3/lib/python3.10/site-packages/airflow/example_dags/plugins/listener_plugin.py
[2025-03-27T07:35:12.543+0530] {processor.py:208} INFO - Processing /Users/uk/miniforge3/lib/python3.10/site-packages/airflow/example_dags/plugins/listener_plugin.py took 0.048 seconds
[2025-03-27T07:36:24.099+0530] {processor.py:186} INFO - Started process (PID=16819) to work on /Users/uk/miniforge3/lib/python3.10/site-packages/airflow/example_dags/plugins/listener_plugin.py
[2025-03-27T07:36:24.099+0530] {processor.py:914} INFO - Processing file /Users/uk/miniforge3/lib/python3.10/site-packages/airflow/example_dags/plugins/listener_plugin.py for tasks to queue
[2025-03-27T07:36:24.100+0530] {logging_mixin.py:190} INFO - [2025-03-27T07:36:24.100+0530] {dagbag.py:588} INFO - Filling up the DagBag from /Users/uk/miniforge3/lib/python3.10/site-packages/airflow/example_dags/plugins/listener_plugin.py
[2025-03-27T07:36:24.101+0530] {processor.py:927} WARNING - No viable dags retrieved from /Users/uk/miniforge3/lib/python3.10/site-packages/airflow/example_dags/plugins/listener_plugin.py
[2025-03-27T07:36:24.135+0530] {processor.py:208} INFO - Processing /Users/uk/miniforge3/lib/python3.10/site-packages/airflow/example_dags/plugins/listener_plugin.py took 0.038 seconds
[2025-03-27T07:39:09.849+0530] {processor.py:186} INFO - Started process (PID=17024) to work on /Users/uk/miniforge3/lib/python3.10/site-packages/airflow/example_dags/plugins/listener_plugin.py
[2025-03-27T07:39:09.850+0530] {processor.py:914} INFO - Processing file /Users/uk/miniforge3/lib/python3.10/site-packages/airflow/example_dags/plugins/listener_plugin.py for tasks to queue
[2025-03-27T07:39:09.850+0530] {logging_mixin.py:190} INFO - [2025-03-27T07:39:09.850+0530] {dagbag.py:588} INFO - Filling up the DagBag from /Users/uk/miniforge3/lib/python3.10/site-packages/airflow/example_dags/plugins/listener_plugin.py
[2025-03-27T07:39:09.851+0530] {processor.py:927} WARNING - No viable dags retrieved from /Users/uk/miniforge3/lib/python3.10/site-packages/airflow/example_dags/plugins/listener_plugin.py
[2025-03-27T07:39:09.886+0530] {processor.py:208} INFO - Processing /Users/uk/miniforge3/lib/python3.10/site-packages/airflow/example_dags/plugins/listener_plugin.py took 0.038 seconds
[2025-03-27T07:40:57.435+0530] {processor.py:186} INFO - Started process (PID=17444) to work on /Users/uk/miniforge3/lib/python3.10/site-packages/airflow/example_dags/plugins/listener_plugin.py
[2025-03-27T07:40:57.436+0530] {processor.py:914} INFO - Processing file /Users/uk/miniforge3/lib/python3.10/site-packages/airflow/example_dags/plugins/listener_plugin.py for tasks to queue
[2025-03-27T07:40:57.437+0530] {logging_mixin.py:190} INFO - [2025-03-27T07:40:57.437+0530] {dagbag.py:588} INFO - Filling up the DagBag from /Users/uk/miniforge3/lib/python3.10/site-packages/airflow/example_dags/plugins/listener_plugin.py
[2025-03-27T07:40:57.439+0530] {processor.py:927} WARNING - No viable dags retrieved from /Users/uk/miniforge3/lib/python3.10/site-packages/airflow/example_dags/plugins/listener_plugin.py
[2025-03-27T07:40:57.477+0530] {processor.py:208} INFO - Processing /Users/uk/miniforge3/lib/python3.10/site-packages/airflow/example_dags/plugins/listener_plugin.py took 0.043 seconds
[2025-03-27T07:42:14.426+0530] {processor.py:186} INFO - Started process (PID=17601) to work on /Users/uk/miniforge3/lib/python3.10/site-packages/airflow/example_dags/plugins/listener_plugin.py
[2025-03-27T07:42:14.427+0530] {processor.py:914} INFO - Processing file /Users/uk/miniforge3/lib/python3.10/site-packages/airflow/example_dags/plugins/listener_plugin.py for tasks to queue
[2025-03-27T07:42:14.427+0530] {logging_mixin.py:190} INFO - [2025-03-27T07:42:14.427+0530] {dagbag.py:588} INFO - Filling up the DagBag from /Users/uk/miniforge3/lib/python3.10/site-packages/airflow/example_dags/plugins/listener_plugin.py
[2025-03-27T07:42:14.428+0530] {processor.py:927} WARNING - No viable dags retrieved from /Users/uk/miniforge3/lib/python3.10/site-packages/airflow/example_dags/plugins/listener_plugin.py
[2025-03-27T07:42:14.466+0530] {processor.py:208} INFO - Processing /Users/uk/miniforge3/lib/python3.10/site-packages/airflow/example_dags/plugins/listener_plugin.py took 0.041 seconds
[2025-03-27T07:43:30.802+0530] {processor.py:186} INFO - Started process (PID=17786) to work on /Users/uk/miniforge3/lib/python3.10/site-packages/airflow/example_dags/plugins/listener_plugin.py
[2025-03-27T07:43:30.803+0530] {processor.py:914} INFO - Processing file /Users/uk/miniforge3/lib/python3.10/site-packages/airflow/example_dags/plugins/listener_plugin.py for tasks to queue
[2025-03-27T07:43:30.803+0530] {logging_mixin.py:190} INFO - [2025-03-27T07:43:30.803+0530] {dagbag.py:588} INFO - Filling up the DagBag from /Users/uk/miniforge3/lib/python3.10/site-packages/airflow/example_dags/plugins/listener_plugin.py
[2025-03-27T07:43:30.805+0530] {processor.py:927} WARNING - No viable dags retrieved from /Users/uk/miniforge3/lib/python3.10/site-packages/airflow/example_dags/plugins/listener_plugin.py
[2025-03-27T07:43:30.846+0530] {processor.py:208} INFO - Processing /Users/uk/miniforge3/lib/python3.10/site-packages/airflow/example_dags/plugins/listener_plugin.py took 0.045 seconds
[2025-03-27T07:44:43.449+0530] {processor.py:186} INFO - Started process (PID=18014) to work on /Users/uk/miniforge3/lib/python3.10/site-packages/airflow/example_dags/plugins/listener_plugin.py
[2025-03-27T07:44:43.450+0530] {processor.py:914} INFO - Processing file /Users/uk/miniforge3/lib/python3.10/site-packages/airflow/example_dags/plugins/listener_plugin.py for tasks to queue
[2025-03-27T07:44:43.450+0530] {logging_mixin.py:190} INFO - [2025-03-27T07:44:43.450+0530] {dagbag.py:588} INFO - Filling up the DagBag from /Users/uk/miniforge3/lib/python3.10/site-packages/airflow/example_dags/plugins/listener_plugin.py
[2025-03-27T07:44:43.452+0530] {processor.py:927} WARNING - No viable dags retrieved from /Users/uk/miniforge3/lib/python3.10/site-packages/airflow/example_dags/plugins/listener_plugin.py
[2025-03-27T07:44:43.488+0530] {processor.py:208} INFO - Processing /Users/uk/miniforge3/lib/python3.10/site-packages/airflow/example_dags/plugins/listener_plugin.py took 0.040 seconds
[2025-03-27T07:45:54.467+0530] {processor.py:186} INFO - Started process (PID=18193) to work on /Users/uk/miniforge3/lib/python3.10/site-packages/airflow/example_dags/plugins/listener_plugin.py
[2025-03-27T07:45:54.467+0530] {processor.py:914} INFO - Processing file /Users/uk/miniforge3/lib/python3.10/site-packages/airflow/example_dags/plugins/listener_plugin.py for tasks to queue
[2025-03-27T07:45:54.468+0530] {logging_mixin.py:190} INFO - [2025-03-27T07:45:54.468+0530] {dagbag.py:588} INFO - Filling up the DagBag from /Users/uk/miniforge3/lib/python3.10/site-packages/airflow/example_dags/plugins/listener_plugin.py
[2025-03-27T07:45:54.469+0530] {processor.py:927} WARNING - No viable dags retrieved from /Users/uk/miniforge3/lib/python3.10/site-packages/airflow/example_dags/plugins/listener_plugin.py
[2025-03-27T07:45:54.504+0530] {processor.py:208} INFO - Processing /Users/uk/miniforge3/lib/python3.10/site-packages/airflow/example_dags/plugins/listener_plugin.py took 0.038 seconds
[2025-03-27T07:47:43.883+0530] {processor.py:186} INFO - Started process (PID=18394) to work on /Users/uk/miniforge3/lib/python3.10/site-packages/airflow/example_dags/plugins/listener_plugin.py
[2025-03-27T07:47:43.884+0530] {processor.py:914} INFO - Processing file /Users/uk/miniforge3/lib/python3.10/site-packages/airflow/example_dags/plugins/listener_plugin.py for tasks to queue
[2025-03-27T07:47:43.884+0530] {logging_mixin.py:190} INFO - [2025-03-27T07:47:43.884+0530] {dagbag.py:588} INFO - Filling up the DagBag from /Users/uk/miniforge3/lib/python3.10/site-packages/airflow/example_dags/plugins/listener_plugin.py
[2025-03-27T07:47:43.886+0530] {processor.py:927} WARNING - No viable dags retrieved from /Users/uk/miniforge3/lib/python3.10/site-packages/airflow/example_dags/plugins/listener_plugin.py
[2025-03-27T07:47:43.922+0530] {processor.py:208} INFO - Processing /Users/uk/miniforge3/lib/python3.10/site-packages/airflow/example_dags/plugins/listener_plugin.py took 0.040 seconds
[2025-03-27T07:49:02.843+0530] {processor.py:186} INFO - Started process (PID=18539) to work on /Users/uk/miniforge3/lib/python3.10/site-packages/airflow/example_dags/plugins/listener_plugin.py
[2025-03-27T07:49:02.844+0530] {processor.py:914} INFO - Processing file /Users/uk/miniforge3/lib/python3.10/site-packages/airflow/example_dags/plugins/listener_plugin.py for tasks to queue
[2025-03-27T07:49:02.845+0530] {logging_mixin.py:190} INFO - [2025-03-27T07:49:02.845+0530] {dagbag.py:588} INFO - Filling up the DagBag from /Users/uk/miniforge3/lib/python3.10/site-packages/airflow/example_dags/plugins/listener_plugin.py
[2025-03-27T07:49:02.845+0530] {processor.py:927} WARNING - No viable dags retrieved from /Users/uk/miniforge3/lib/python3.10/site-packages/airflow/example_dags/plugins/listener_plugin.py
[2025-03-27T07:49:02.900+0530] {processor.py:208} INFO - Processing /Users/uk/miniforge3/lib/python3.10/site-packages/airflow/example_dags/plugins/listener_plugin.py took 0.057 seconds
[2025-03-27T07:50:20.430+0530] {processor.py:186} INFO - Started process (PID=18675) to work on /Users/uk/miniforge3/lib/python3.10/site-packages/airflow/example_dags/plugins/listener_plugin.py
[2025-03-27T07:50:20.431+0530] {processor.py:914} INFO - Processing file /Users/uk/miniforge3/lib/python3.10/site-packages/airflow/example_dags/plugins/listener_plugin.py for tasks to queue
[2025-03-27T07:50:20.432+0530] {logging_mixin.py:190} INFO - [2025-03-27T07:50:20.431+0530] {dagbag.py:588} INFO - Filling up the DagBag from /Users/uk/miniforge3/lib/python3.10/site-packages/airflow/example_dags/plugins/listener_plugin.py
[2025-03-27T07:50:20.433+0530] {processor.py:927} WARNING - No viable dags retrieved from /Users/uk/miniforge3/lib/python3.10/site-packages/airflow/example_dags/plugins/listener_plugin.py
[2025-03-27T07:50:20.470+0530] {processor.py:208} INFO - Processing /Users/uk/miniforge3/lib/python3.10/site-packages/airflow/example_dags/plugins/listener_plugin.py took 0.041 seconds
[2025-03-27T07:51:34.820+0530] {processor.py:186} INFO - Started process (PID=19141) to work on /Users/uk/miniforge3/lib/python3.10/site-packages/airflow/example_dags/plugins/listener_plugin.py
[2025-03-27T07:51:34.821+0530] {processor.py:914} INFO - Processing file /Users/uk/miniforge3/lib/python3.10/site-packages/airflow/example_dags/plugins/listener_plugin.py for tasks to queue
[2025-03-27T07:51:34.821+0530] {logging_mixin.py:190} INFO - [2025-03-27T07:51:34.821+0530] {dagbag.py:588} INFO - Filling up the DagBag from /Users/uk/miniforge3/lib/python3.10/site-packages/airflow/example_dags/plugins/listener_plugin.py
[2025-03-27T07:51:34.822+0530] {processor.py:927} WARNING - No viable dags retrieved from /Users/uk/miniforge3/lib/python3.10/site-packages/airflow/example_dags/plugins/listener_plugin.py
[2025-03-27T07:51:34.858+0530] {processor.py:208} INFO - Processing /Users/uk/miniforge3/lib/python3.10/site-packages/airflow/example_dags/plugins/listener_plugin.py took 0.039 seconds
[2025-03-27T07:52:26.960+0530] {processor.py:186} INFO - Started process (PID=19244) to work on /Users/uk/miniforge3/lib/python3.10/site-packages/airflow/example_dags/plugins/listener_plugin.py
[2025-03-27T07:52:26.960+0530] {processor.py:914} INFO - Processing file /Users/uk/miniforge3/lib/python3.10/site-packages/airflow/example_dags/plugins/listener_plugin.py for tasks to queue
[2025-03-27T07:52:26.961+0530] {logging_mixin.py:190} INFO - [2025-03-27T07:52:26.961+0530] {dagbag.py:588} INFO - Filling up the DagBag from /Users/uk/miniforge3/lib/python3.10/site-packages/airflow/example_dags/plugins/listener_plugin.py
[2025-03-27T07:52:26.962+0530] {processor.py:927} WARNING - No viable dags retrieved from /Users/uk/miniforge3/lib/python3.10/site-packages/airflow/example_dags/plugins/listener_plugin.py
[2025-03-27T07:52:26.997+0530] {processor.py:208} INFO - Processing /Users/uk/miniforge3/lib/python3.10/site-packages/airflow/example_dags/plugins/listener_plugin.py took 0.039 seconds
[2025-03-27T07:53:04.412+0530] {processor.py:186} INFO - Started process (PID=19330) to work on /Users/uk/miniforge3/lib/python3.10/site-packages/airflow/example_dags/plugins/listener_plugin.py
[2025-03-27T07:53:04.413+0530] {processor.py:914} INFO - Processing file /Users/uk/miniforge3/lib/python3.10/site-packages/airflow/example_dags/plugins/listener_plugin.py for tasks to queue
[2025-03-27T07:53:04.414+0530] {logging_mixin.py:190} INFO - [2025-03-27T07:53:04.414+0530] {dagbag.py:588} INFO - Filling up the DagBag from /Users/uk/miniforge3/lib/python3.10/site-packages/airflow/example_dags/plugins/listener_plugin.py
[2025-03-27T07:53:04.414+0530] {processor.py:927} WARNING - No viable dags retrieved from /Users/uk/miniforge3/lib/python3.10/site-packages/airflow/example_dags/plugins/listener_plugin.py
[2025-03-27T07:53:04.450+0530] {processor.py:208} INFO - Processing /Users/uk/miniforge3/lib/python3.10/site-packages/airflow/example_dags/plugins/listener_plugin.py took 0.039 seconds
[2025-03-27T07:54:17.662+0530] {processor.py:186} INFO - Started process (PID=19690) to work on /Users/uk/miniforge3/lib/python3.10/site-packages/airflow/example_dags/plugins/listener_plugin.py
[2025-03-27T07:54:17.662+0530] {processor.py:914} INFO - Processing file /Users/uk/miniforge3/lib/python3.10/site-packages/airflow/example_dags/plugins/listener_plugin.py for tasks to queue
[2025-03-27T07:54:17.663+0530] {logging_mixin.py:190} INFO - [2025-03-27T07:54:17.663+0530] {dagbag.py:588} INFO - Filling up the DagBag from /Users/uk/miniforge3/lib/python3.10/site-packages/airflow/example_dags/plugins/listener_plugin.py
[2025-03-27T07:54:17.664+0530] {processor.py:927} WARNING - No viable dags retrieved from /Users/uk/miniforge3/lib/python3.10/site-packages/airflow/example_dags/plugins/listener_plugin.py
[2025-03-27T07:54:17.703+0530] {processor.py:208} INFO - Processing /Users/uk/miniforge3/lib/python3.10/site-packages/airflow/example_dags/plugins/listener_plugin.py took 0.043 seconds
[2025-03-27T07:56:04.517+0530] {processor.py:186} INFO - Started process (PID=20400) to work on /Users/uk/miniforge3/lib/python3.10/site-packages/airflow/example_dags/plugins/listener_plugin.py
[2025-03-27T07:56:04.517+0530] {processor.py:914} INFO - Processing file /Users/uk/miniforge3/lib/python3.10/site-packages/airflow/example_dags/plugins/listener_plugin.py for tasks to queue
[2025-03-27T07:56:04.518+0530] {logging_mixin.py:190} INFO - [2025-03-27T07:56:04.518+0530] {dagbag.py:588} INFO - Filling up the DagBag from /Users/uk/miniforge3/lib/python3.10/site-packages/airflow/example_dags/plugins/listener_plugin.py
[2025-03-27T07:56:04.519+0530] {processor.py:927} WARNING - No viable dags retrieved from /Users/uk/miniforge3/lib/python3.10/site-packages/airflow/example_dags/plugins/listener_plugin.py
[2025-03-27T07:56:04.558+0530] {processor.py:208} INFO - Processing /Users/uk/miniforge3/lib/python3.10/site-packages/airflow/example_dags/plugins/listener_plugin.py took 0.043 seconds
[2025-03-27T07:57:17.912+0530] {processor.py:186} INFO - Started process (PID=20554) to work on /Users/uk/miniforge3/lib/python3.10/site-packages/airflow/example_dags/plugins/listener_plugin.py
[2025-03-27T07:57:17.913+0530] {processor.py:914} INFO - Processing file /Users/uk/miniforge3/lib/python3.10/site-packages/airflow/example_dags/plugins/listener_plugin.py for tasks to queue
[2025-03-27T07:57:17.913+0530] {logging_mixin.py:190} INFO - [2025-03-27T07:57:17.913+0530] {dagbag.py:588} INFO - Filling up the DagBag from /Users/uk/miniforge3/lib/python3.10/site-packages/airflow/example_dags/plugins/listener_plugin.py
[2025-03-27T07:57:17.914+0530] {processor.py:927} WARNING - No viable dags retrieved from /Users/uk/miniforge3/lib/python3.10/site-packages/airflow/example_dags/plugins/listener_plugin.py
[2025-03-27T07:57:17.951+0530] {processor.py:208} INFO - Processing /Users/uk/miniforge3/lib/python3.10/site-packages/airflow/example_dags/plugins/listener_plugin.py took 0.040 seconds
[2025-03-27T07:58:37.019+0530] {processor.py:186} INFO - Started process (PID=20701) to work on /Users/uk/miniforge3/lib/python3.10/site-packages/airflow/example_dags/plugins/listener_plugin.py
[2025-03-27T07:58:37.020+0530] {processor.py:914} INFO - Processing file /Users/uk/miniforge3/lib/python3.10/site-packages/airflow/example_dags/plugins/listener_plugin.py for tasks to queue
[2025-03-27T07:58:37.020+0530] {logging_mixin.py:190} INFO - [2025-03-27T07:58:37.020+0530] {dagbag.py:588} INFO - Filling up the DagBag from /Users/uk/miniforge3/lib/python3.10/site-packages/airflow/example_dags/plugins/listener_plugin.py
[2025-03-27T07:58:37.021+0530] {processor.py:927} WARNING - No viable dags retrieved from /Users/uk/miniforge3/lib/python3.10/site-packages/airflow/example_dags/plugins/listener_plugin.py
[2025-03-27T07:58:37.056+0530] {processor.py:208} INFO - Processing /Users/uk/miniforge3/lib/python3.10/site-packages/airflow/example_dags/plugins/listener_plugin.py took 0.038 seconds
[2025-03-27T07:59:54.189+0530] {processor.py:186} INFO - Started process (PID=20869) to work on /Users/uk/miniforge3/lib/python3.10/site-packages/airflow/example_dags/plugins/listener_plugin.py
[2025-03-27T07:59:54.189+0530] {processor.py:914} INFO - Processing file /Users/uk/miniforge3/lib/python3.10/site-packages/airflow/example_dags/plugins/listener_plugin.py for tasks to queue
[2025-03-27T07:59:54.190+0530] {logging_mixin.py:190} INFO - [2025-03-27T07:59:54.190+0530] {dagbag.py:588} INFO - Filling up the DagBag from /Users/uk/miniforge3/lib/python3.10/site-packages/airflow/example_dags/plugins/listener_plugin.py
[2025-03-27T07:59:54.191+0530] {processor.py:927} WARNING - No viable dags retrieved from /Users/uk/miniforge3/lib/python3.10/site-packages/airflow/example_dags/plugins/listener_plugin.py
[2025-03-27T07:59:54.226+0530] {processor.py:208} INFO - Processing /Users/uk/miniforge3/lib/python3.10/site-packages/airflow/example_dags/plugins/listener_plugin.py took 0.039 seconds
[2025-03-27T08:01:09.026+0530] {processor.py:186} INFO - Started process (PID=20984) to work on /Users/uk/miniforge3/lib/python3.10/site-packages/airflow/example_dags/plugins/listener_plugin.py
[2025-03-27T08:01:09.027+0530] {processor.py:914} INFO - Processing file /Users/uk/miniforge3/lib/python3.10/site-packages/airflow/example_dags/plugins/listener_plugin.py for tasks to queue
[2025-03-27T08:01:09.027+0530] {logging_mixin.py:190} INFO - [2025-03-27T08:01:09.027+0530] {dagbag.py:588} INFO - Filling up the DagBag from /Users/uk/miniforge3/lib/python3.10/site-packages/airflow/example_dags/plugins/listener_plugin.py
[2025-03-27T08:01:09.029+0530] {processor.py:927} WARNING - No viable dags retrieved from /Users/uk/miniforge3/lib/python3.10/site-packages/airflow/example_dags/plugins/listener_plugin.py
[2025-03-27T08:01:09.070+0530] {processor.py:208} INFO - Processing /Users/uk/miniforge3/lib/python3.10/site-packages/airflow/example_dags/plugins/listener_plugin.py took 0.045 seconds
[2025-03-27T08:02:25.699+0530] {processor.py:186} INFO - Started process (PID=21162) to work on /Users/uk/miniforge3/lib/python3.10/site-packages/airflow/example_dags/plugins/listener_plugin.py
[2025-03-27T08:02:25.699+0530] {processor.py:914} INFO - Processing file /Users/uk/miniforge3/lib/python3.10/site-packages/airflow/example_dags/plugins/listener_plugin.py for tasks to queue
[2025-03-27T08:02:25.700+0530] {logging_mixin.py:190} INFO - [2025-03-27T08:02:25.700+0530] {dagbag.py:588} INFO - Filling up the DagBag from /Users/uk/miniforge3/lib/python3.10/site-packages/airflow/example_dags/plugins/listener_plugin.py
[2025-03-27T08:02:25.701+0530] {processor.py:927} WARNING - No viable dags retrieved from /Users/uk/miniforge3/lib/python3.10/site-packages/airflow/example_dags/plugins/listener_plugin.py
[2025-03-27T08:02:25.737+0530] {processor.py:208} INFO - Processing /Users/uk/miniforge3/lib/python3.10/site-packages/airflow/example_dags/plugins/listener_plugin.py took 0.040 seconds
[2025-03-27T08:03:42.282+0530] {processor.py:186} INFO - Started process (PID=21307) to work on /Users/uk/miniforge3/lib/python3.10/site-packages/airflow/example_dags/plugins/listener_plugin.py
[2025-03-27T08:03:42.283+0530] {processor.py:914} INFO - Processing file /Users/uk/miniforge3/lib/python3.10/site-packages/airflow/example_dags/plugins/listener_plugin.py for tasks to queue
[2025-03-27T08:03:42.283+0530] {logging_mixin.py:190} INFO - [2025-03-27T08:03:42.283+0530] {dagbag.py:588} INFO - Filling up the DagBag from /Users/uk/miniforge3/lib/python3.10/site-packages/airflow/example_dags/plugins/listener_plugin.py
[2025-03-27T08:03:42.285+0530] {processor.py:927} WARNING - No viable dags retrieved from /Users/uk/miniforge3/lib/python3.10/site-packages/airflow/example_dags/plugins/listener_plugin.py
[2025-03-27T08:03:42.320+0530] {processor.py:208} INFO - Processing /Users/uk/miniforge3/lib/python3.10/site-packages/airflow/example_dags/plugins/listener_plugin.py took 0.039 seconds
[2025-03-27T08:04:56.137+0530] {processor.py:186} INFO - Started process (PID=21434) to work on /Users/uk/miniforge3/lib/python3.10/site-packages/airflow/example_dags/plugins/listener_plugin.py
[2025-03-27T08:04:56.138+0530] {processor.py:914} INFO - Processing file /Users/uk/miniforge3/lib/python3.10/site-packages/airflow/example_dags/plugins/listener_plugin.py for tasks to queue
[2025-03-27T08:04:56.138+0530] {logging_mixin.py:190} INFO - [2025-03-27T08:04:56.138+0530] {dagbag.py:588} INFO - Filling up the DagBag from /Users/uk/miniforge3/lib/python3.10/site-packages/airflow/example_dags/plugins/listener_plugin.py
[2025-03-27T08:04:56.139+0530] {processor.py:927} WARNING - No viable dags retrieved from /Users/uk/miniforge3/lib/python3.10/site-packages/airflow/example_dags/plugins/listener_plugin.py
[2025-03-27T08:04:56.174+0530] {processor.py:208} INFO - Processing /Users/uk/miniforge3/lib/python3.10/site-packages/airflow/example_dags/plugins/listener_plugin.py took 0.038 seconds
[2025-03-27T08:06:11.253+0530] {processor.py:186} INFO - Started process (PID=21561) to work on /Users/uk/miniforge3/lib/python3.10/site-packages/airflow/example_dags/plugins/listener_plugin.py
[2025-03-27T08:06:11.254+0530] {processor.py:914} INFO - Processing file /Users/uk/miniforge3/lib/python3.10/site-packages/airflow/example_dags/plugins/listener_plugin.py for tasks to queue
[2025-03-27T08:06:11.254+0530] {logging_mixin.py:190} INFO - [2025-03-27T08:06:11.254+0530] {dagbag.py:588} INFO - Filling up the DagBag from /Users/uk/miniforge3/lib/python3.10/site-packages/airflow/example_dags/plugins/listener_plugin.py
[2025-03-27T08:06:11.255+0530] {processor.py:927} WARNING - No viable dags retrieved from /Users/uk/miniforge3/lib/python3.10/site-packages/airflow/example_dags/plugins/listener_plugin.py
[2025-03-27T08:06:11.294+0530] {processor.py:208} INFO - Processing /Users/uk/miniforge3/lib/python3.10/site-packages/airflow/example_dags/plugins/listener_plugin.py took 0.043 seconds
[2025-03-27T08:07:27.660+0530] {processor.py:186} INFO - Started process (PID=21736) to work on /Users/uk/miniforge3/lib/python3.10/site-packages/airflow/example_dags/plugins/listener_plugin.py
[2025-03-27T08:07:27.662+0530] {processor.py:914} INFO - Processing file /Users/uk/miniforge3/lib/python3.10/site-packages/airflow/example_dags/plugins/listener_plugin.py for tasks to queue
[2025-03-27T08:07:27.662+0530] {logging_mixin.py:190} INFO - [2025-03-27T08:07:27.662+0530] {dagbag.py:588} INFO - Filling up the DagBag from /Users/uk/miniforge3/lib/python3.10/site-packages/airflow/example_dags/plugins/listener_plugin.py
[2025-03-27T08:07:27.665+0530] {processor.py:927} WARNING - No viable dags retrieved from /Users/uk/miniforge3/lib/python3.10/site-packages/airflow/example_dags/plugins/listener_plugin.py
[2025-03-27T08:07:27.706+0530] {processor.py:208} INFO - Processing /Users/uk/miniforge3/lib/python3.10/site-packages/airflow/example_dags/plugins/listener_plugin.py took 0.049 seconds
[2025-03-27T08:08:51.428+0530] {processor.py:186} INFO - Started process (PID=21890) to work on /Users/uk/miniforge3/lib/python3.10/site-packages/airflow/example_dags/plugins/listener_plugin.py
[2025-03-27T08:08:51.429+0530] {processor.py:914} INFO - Processing file /Users/uk/miniforge3/lib/python3.10/site-packages/airflow/example_dags/plugins/listener_plugin.py for tasks to queue
[2025-03-27T08:08:51.429+0530] {logging_mixin.py:190} INFO - [2025-03-27T08:08:51.429+0530] {dagbag.py:588} INFO - Filling up the DagBag from /Users/uk/miniforge3/lib/python3.10/site-packages/airflow/example_dags/plugins/listener_plugin.py
[2025-03-27T08:08:51.431+0530] {processor.py:927} WARNING - No viable dags retrieved from /Users/uk/miniforge3/lib/python3.10/site-packages/airflow/example_dags/plugins/listener_plugin.py
[2025-03-27T08:08:51.470+0530] {processor.py:208} INFO - Processing /Users/uk/miniforge3/lib/python3.10/site-packages/airflow/example_dags/plugins/listener_plugin.py took 0.043 seconds
[2025-03-27T08:10:09.067+0530] {processor.py:186} INFO - Started process (PID=22016) to work on /Users/uk/miniforge3/lib/python3.10/site-packages/airflow/example_dags/plugins/listener_plugin.py
[2025-03-27T08:10:09.068+0530] {processor.py:914} INFO - Processing file /Users/uk/miniforge3/lib/python3.10/site-packages/airflow/example_dags/plugins/listener_plugin.py for tasks to queue
[2025-03-27T08:10:09.068+0530] {logging_mixin.py:190} INFO - [2025-03-27T08:10:09.068+0530] {dagbag.py:588} INFO - Filling up the DagBag from /Users/uk/miniforge3/lib/python3.10/site-packages/airflow/example_dags/plugins/listener_plugin.py
[2025-03-27T08:10:09.069+0530] {processor.py:927} WARNING - No viable dags retrieved from /Users/uk/miniforge3/lib/python3.10/site-packages/airflow/example_dags/plugins/listener_plugin.py
[2025-03-27T08:10:09.108+0530] {processor.py:208} INFO - Processing /Users/uk/miniforge3/lib/python3.10/site-packages/airflow/example_dags/plugins/listener_plugin.py took 0.042 seconds
[2025-03-27T08:11:23.634+0530] {processor.py:186} INFO - Started process (PID=22169) to work on /Users/uk/miniforge3/lib/python3.10/site-packages/airflow/example_dags/plugins/listener_plugin.py
[2025-03-27T08:11:23.635+0530] {processor.py:914} INFO - Processing file /Users/uk/miniforge3/lib/python3.10/site-packages/airflow/example_dags/plugins/listener_plugin.py for tasks to queue
[2025-03-27T08:11:23.635+0530] {logging_mixin.py:190} INFO - [2025-03-27T08:11:23.635+0530] {dagbag.py:588} INFO - Filling up the DagBag from /Users/uk/miniforge3/lib/python3.10/site-packages/airflow/example_dags/plugins/listener_plugin.py
[2025-03-27T08:11:23.637+0530] {processor.py:927} WARNING - No viable dags retrieved from /Users/uk/miniforge3/lib/python3.10/site-packages/airflow/example_dags/plugins/listener_plugin.py
[2025-03-27T08:11:23.673+0530] {processor.py:208} INFO - Processing /Users/uk/miniforge3/lib/python3.10/site-packages/airflow/example_dags/plugins/listener_plugin.py took 0.041 seconds
