[2025-03-27T07:07:02.930+0530] {processor.py:186} INFO - Started process (PID=13285) to work on /Users/uk/miniforge3/lib/python3.10/site-packages/airflow/example_dags/example_params_ui_tutorial.py
[2025-03-27T07:07:02.930+0530] {processor.py:914} INFO - Processing file /Users/uk/miniforge3/lib/python3.10/site-packages/airflow/example_dags/example_params_ui_tutorial.py for tasks to queue
[2025-03-27T07:07:02.931+0530] {logging_mixin.py:190} INFO - [2025-03-27T07:07:02.931+0530] {dagbag.py:588} INFO - Filling up the DagBag from /Users/uk/miniforge3/lib/python3.10/site-packages/airflow/example_dags/example_params_ui_tutorial.py
[2025-03-27T07:07:02.955+0530] {processor.py:925} INFO - DAG(s) 'example_params_ui_tutorial' retrieved from /Users/uk/miniforge3/lib/python3.10/site-packages/airflow/example_dags/example_params_ui_tutorial.py
[2025-03-27T07:07:03.066+0530] {logging_mixin.py:190} INFO - [2025-03-27T07:07:03.066+0530] {dag.py:3239} INFO - Sync 1 DAGs
[2025-03-27T07:07:03.071+0530] {logging_mixin.py:190} INFO - [2025-03-27T07:07:03.070+0530] {dag.py:4180} INFO - Setting next_dagrun for example_params_ui_tutorial to None, run_after=None
[2025-03-27T07:07:03.078+0530] {processor.py:208} INFO - Processing /Users/uk/miniforge3/lib/python3.10/site-packages/airflow/example_dags/example_params_ui_tutorial.py took 0.150 seconds
[2025-03-27T07:09:48.118+0530] {processor.py:186} INFO - Started process (PID=13649) to work on /Users/uk/miniforge3/lib/python3.10/site-packages/airflow/example_dags/example_params_ui_tutorial.py
[2025-03-27T07:09:48.118+0530] {processor.py:914} INFO - Processing file /Users/uk/miniforge3/lib/python3.10/site-packages/airflow/example_dags/example_params_ui_tutorial.py for tasks to queue
[2025-03-27T07:09:48.119+0530] {logging_mixin.py:190} INFO - [2025-03-27T07:09:48.119+0530] {dagbag.py:588} INFO - Filling up the DagBag from /Users/uk/miniforge3/lib/python3.10/site-packages/airflow/example_dags/example_params_ui_tutorial.py
[2025-03-27T07:09:48.133+0530] {processor.py:925} INFO - DAG(s) 'example_params_ui_tutorial' retrieved from /Users/uk/miniforge3/lib/python3.10/site-packages/airflow/example_dags/example_params_ui_tutorial.py
[2025-03-27T07:09:48.180+0530] {logging_mixin.py:190} INFO - [2025-03-27T07:09:48.180+0530] {dag.py:3239} INFO - Sync 1 DAGs
[2025-03-27T07:09:48.184+0530] {logging_mixin.py:190} INFO - [2025-03-27T07:09:48.184+0530] {dag.py:4180} INFO - Setting next_dagrun for example_params_ui_tutorial to None, run_after=None
[2025-03-27T07:09:48.190+0530] {processor.py:208} INFO - Processing /Users/uk/miniforge3/lib/python3.10/site-packages/airflow/example_dags/example_params_ui_tutorial.py took 0.074 seconds
[2025-03-27T07:12:35.037+0530] {processor.py:186} INFO - Started process (PID=13944) to work on /Users/uk/miniforge3/lib/python3.10/site-packages/airflow/example_dags/example_params_ui_tutorial.py
[2025-03-27T07:12:35.038+0530] {processor.py:914} INFO - Processing file /Users/uk/miniforge3/lib/python3.10/site-packages/airflow/example_dags/example_params_ui_tutorial.py for tasks to queue
[2025-03-27T07:12:35.038+0530] {logging_mixin.py:190} INFO - [2025-03-27T07:12:35.038+0530] {dagbag.py:588} INFO - Filling up the DagBag from /Users/uk/miniforge3/lib/python3.10/site-packages/airflow/example_dags/example_params_ui_tutorial.py
[2025-03-27T07:12:35.052+0530] {processor.py:925} INFO - DAG(s) 'example_params_ui_tutorial' retrieved from /Users/uk/miniforge3/lib/python3.10/site-packages/airflow/example_dags/example_params_ui_tutorial.py
[2025-03-27T07:12:35.101+0530] {logging_mixin.py:190} INFO - [2025-03-27T07:12:35.101+0530] {dag.py:3239} INFO - Sync 1 DAGs
[2025-03-27T07:12:35.105+0530] {logging_mixin.py:190} INFO - [2025-03-27T07:12:35.105+0530] {dag.py:4180} INFO - Setting next_dagrun for example_params_ui_tutorial to None, run_after=None
[2025-03-27T07:12:35.112+0530] {processor.py:208} INFO - Processing /Users/uk/miniforge3/lib/python3.10/site-packages/airflow/example_dags/example_params_ui_tutorial.py took 0.076 seconds
[2025-03-27T07:15:10.933+0530] {processor.py:186} INFO - Started process (PID=14221) to work on /Users/uk/miniforge3/lib/python3.10/site-packages/airflow/example_dags/example_params_ui_tutorial.py
[2025-03-27T07:15:10.933+0530] {processor.py:914} INFO - Processing file /Users/uk/miniforge3/lib/python3.10/site-packages/airflow/example_dags/example_params_ui_tutorial.py for tasks to queue
[2025-03-27T07:15:10.934+0530] {logging_mixin.py:190} INFO - [2025-03-27T07:15:10.934+0530] {dagbag.py:588} INFO - Filling up the DagBag from /Users/uk/miniforge3/lib/python3.10/site-packages/airflow/example_dags/example_params_ui_tutorial.py
[2025-03-27T07:15:10.948+0530] {processor.py:925} INFO - DAG(s) 'example_params_ui_tutorial' retrieved from /Users/uk/miniforge3/lib/python3.10/site-packages/airflow/example_dags/example_params_ui_tutorial.py
[2025-03-27T07:15:10.995+0530] {logging_mixin.py:190} INFO - [2025-03-27T07:15:10.995+0530] {dag.py:3239} INFO - Sync 1 DAGs
[2025-03-27T07:15:10.999+0530] {logging_mixin.py:190} INFO - [2025-03-27T07:15:10.999+0530] {dag.py:4180} INFO - Setting next_dagrun for example_params_ui_tutorial to None, run_after=None
[2025-03-27T07:15:11.005+0530] {processor.py:208} INFO - Processing /Users/uk/miniforge3/lib/python3.10/site-packages/airflow/example_dags/example_params_ui_tutorial.py took 0.074 seconds
[2025-03-27T07:17:36.836+0530] {processor.py:186} INFO - Started process (PID=14462) to work on /Users/uk/miniforge3/lib/python3.10/site-packages/airflow/example_dags/example_params_ui_tutorial.py
[2025-03-27T07:17:36.836+0530] {processor.py:914} INFO - Processing file /Users/uk/miniforge3/lib/python3.10/site-packages/airflow/example_dags/example_params_ui_tutorial.py for tasks to queue
[2025-03-27T07:17:36.837+0530] {logging_mixin.py:190} INFO - [2025-03-27T07:17:36.837+0530] {dagbag.py:588} INFO - Filling up the DagBag from /Users/uk/miniforge3/lib/python3.10/site-packages/airflow/example_dags/example_params_ui_tutorial.py
[2025-03-27T07:17:36.852+0530] {processor.py:925} INFO - DAG(s) 'example_params_ui_tutorial' retrieved from /Users/uk/miniforge3/lib/python3.10/site-packages/airflow/example_dags/example_params_ui_tutorial.py
[2025-03-27T07:17:36.901+0530] {logging_mixin.py:190} INFO - [2025-03-27T07:17:36.901+0530] {dag.py:3239} INFO - Sync 1 DAGs
[2025-03-27T07:17:36.905+0530] {logging_mixin.py:190} INFO - [2025-03-27T07:17:36.905+0530] {dag.py:4180} INFO - Setting next_dagrun for example_params_ui_tutorial to None, run_after=None
[2025-03-27T07:17:36.914+0530] {processor.py:208} INFO - Processing /Users/uk/miniforge3/lib/python3.10/site-packages/airflow/example_dags/example_params_ui_tutorial.py took 0.080 seconds
[2025-03-27T07:19:59.555+0530] {processor.py:186} INFO - Started process (PID=14953) to work on /Users/uk/miniforge3/lib/python3.10/site-packages/airflow/example_dags/example_params_ui_tutorial.py
[2025-03-27T07:19:59.555+0530] {processor.py:914} INFO - Processing file /Users/uk/miniforge3/lib/python3.10/site-packages/airflow/example_dags/example_params_ui_tutorial.py for tasks to queue
[2025-03-27T07:19:59.556+0530] {logging_mixin.py:190} INFO - [2025-03-27T07:19:59.556+0530] {dagbag.py:588} INFO - Filling up the DagBag from /Users/uk/miniforge3/lib/python3.10/site-packages/airflow/example_dags/example_params_ui_tutorial.py
[2025-03-27T07:19:59.571+0530] {processor.py:925} INFO - DAG(s) 'example_params_ui_tutorial' retrieved from /Users/uk/miniforge3/lib/python3.10/site-packages/airflow/example_dags/example_params_ui_tutorial.py
[2025-03-27T07:19:59.618+0530] {logging_mixin.py:190} INFO - [2025-03-27T07:19:59.618+0530] {dag.py:3239} INFO - Sync 1 DAGs
[2025-03-27T07:19:59.622+0530] {logging_mixin.py:190} INFO - [2025-03-27T07:19:59.622+0530] {dag.py:4180} INFO - Setting next_dagrun for example_params_ui_tutorial to None, run_after=None
[2025-03-27T07:19:59.628+0530] {processor.py:208} INFO - Processing /Users/uk/miniforge3/lib/python3.10/site-packages/airflow/example_dags/example_params_ui_tutorial.py took 0.075 seconds
[2025-03-27T07:22:25.835+0530] {processor.py:186} INFO - Started process (PID=15248) to work on /Users/uk/miniforge3/lib/python3.10/site-packages/airflow/example_dags/example_params_ui_tutorial.py
[2025-03-27T07:22:25.836+0530] {processor.py:914} INFO - Processing file /Users/uk/miniforge3/lib/python3.10/site-packages/airflow/example_dags/example_params_ui_tutorial.py for tasks to queue
[2025-03-27T07:22:25.837+0530] {logging_mixin.py:190} INFO - [2025-03-27T07:22:25.836+0530] {dagbag.py:588} INFO - Filling up the DagBag from /Users/uk/miniforge3/lib/python3.10/site-packages/airflow/example_dags/example_params_ui_tutorial.py
[2025-03-27T07:22:25.851+0530] {processor.py:925} INFO - DAG(s) 'example_params_ui_tutorial' retrieved from /Users/uk/miniforge3/lib/python3.10/site-packages/airflow/example_dags/example_params_ui_tutorial.py
[2025-03-27T07:22:25.898+0530] {logging_mixin.py:190} INFO - [2025-03-27T07:22:25.897+0530] {dag.py:3239} INFO - Sync 1 DAGs
[2025-03-27T07:22:25.901+0530] {logging_mixin.py:190} INFO - [2025-03-27T07:22:25.901+0530] {dag.py:4180} INFO - Setting next_dagrun for example_params_ui_tutorial to None, run_after=None
[2025-03-27T07:22:25.908+0530] {processor.py:208} INFO - Processing /Users/uk/miniforge3/lib/python3.10/site-packages/airflow/example_dags/example_params_ui_tutorial.py took 0.075 seconds
[2025-03-27T07:24:47.614+0530] {processor.py:186} INFO - Started process (PID=15519) to work on /Users/uk/miniforge3/lib/python3.10/site-packages/airflow/example_dags/example_params_ui_tutorial.py
[2025-03-27T07:24:47.615+0530] {processor.py:914} INFO - Processing file /Users/uk/miniforge3/lib/python3.10/site-packages/airflow/example_dags/example_params_ui_tutorial.py for tasks to queue
[2025-03-27T07:24:47.615+0530] {logging_mixin.py:190} INFO - [2025-03-27T07:24:47.615+0530] {dagbag.py:588} INFO - Filling up the DagBag from /Users/uk/miniforge3/lib/python3.10/site-packages/airflow/example_dags/example_params_ui_tutorial.py
[2025-03-27T07:24:47.629+0530] {processor.py:925} INFO - DAG(s) 'example_params_ui_tutorial' retrieved from /Users/uk/miniforge3/lib/python3.10/site-packages/airflow/example_dags/example_params_ui_tutorial.py
[2025-03-27T07:24:47.677+0530] {logging_mixin.py:190} INFO - [2025-03-27T07:24:47.677+0530] {dag.py:3239} INFO - Sync 1 DAGs
[2025-03-27T07:24:47.682+0530] {logging_mixin.py:190} INFO - [2025-03-27T07:24:47.682+0530] {dag.py:4180} INFO - Setting next_dagrun for example_params_ui_tutorial to None, run_after=None
[2025-03-27T07:24:47.688+0530] {processor.py:208} INFO - Processing /Users/uk/miniforge3/lib/python3.10/site-packages/airflow/example_dags/example_params_ui_tutorial.py took 0.076 seconds
[2025-03-27T07:27:11.662+0530] {processor.py:186} INFO - Started process (PID=15759) to work on /Users/uk/miniforge3/lib/python3.10/site-packages/airflow/example_dags/example_params_ui_tutorial.py
[2025-03-27T07:27:11.663+0530] {processor.py:914} INFO - Processing file /Users/uk/miniforge3/lib/python3.10/site-packages/airflow/example_dags/example_params_ui_tutorial.py for tasks to queue
[2025-03-27T07:27:11.663+0530] {logging_mixin.py:190} INFO - [2025-03-27T07:27:11.663+0530] {dagbag.py:588} INFO - Filling up the DagBag from /Users/uk/miniforge3/lib/python3.10/site-packages/airflow/example_dags/example_params_ui_tutorial.py
[2025-03-27T07:27:11.677+0530] {processor.py:925} INFO - DAG(s) 'example_params_ui_tutorial' retrieved from /Users/uk/miniforge3/lib/python3.10/site-packages/airflow/example_dags/example_params_ui_tutorial.py
[2025-03-27T07:27:11.725+0530] {logging_mixin.py:190} INFO - [2025-03-27T07:27:11.725+0530] {dag.py:3239} INFO - Sync 1 DAGs
[2025-03-27T07:27:11.729+0530] {logging_mixin.py:190} INFO - [2025-03-27T07:27:11.729+0530] {dag.py:4180} INFO - Setting next_dagrun for example_params_ui_tutorial to None, run_after=None
[2025-03-27T07:27:11.736+0530] {processor.py:208} INFO - Processing /Users/uk/miniforge3/lib/python3.10/site-packages/airflow/example_dags/example_params_ui_tutorial.py took 0.075 seconds
[2025-03-27T07:29:39.565+0530] {processor.py:186} INFO - Started process (PID=16023) to work on /Users/uk/miniforge3/lib/python3.10/site-packages/airflow/example_dags/example_params_ui_tutorial.py
[2025-03-27T07:29:39.566+0530] {processor.py:914} INFO - Processing file /Users/uk/miniforge3/lib/python3.10/site-packages/airflow/example_dags/example_params_ui_tutorial.py for tasks to queue
[2025-03-27T07:29:39.566+0530] {logging_mixin.py:190} INFO - [2025-03-27T07:29:39.566+0530] {dagbag.py:588} INFO - Filling up the DagBag from /Users/uk/miniforge3/lib/python3.10/site-packages/airflow/example_dags/example_params_ui_tutorial.py
[2025-03-27T07:29:39.581+0530] {processor.py:925} INFO - DAG(s) 'example_params_ui_tutorial' retrieved from /Users/uk/miniforge3/lib/python3.10/site-packages/airflow/example_dags/example_params_ui_tutorial.py
[2025-03-27T07:29:39.628+0530] {logging_mixin.py:190} INFO - [2025-03-27T07:29:39.628+0530] {dag.py:3239} INFO - Sync 1 DAGs
[2025-03-27T07:29:39.632+0530] {logging_mixin.py:190} INFO - [2025-03-27T07:29:39.632+0530] {dag.py:4180} INFO - Setting next_dagrun for example_params_ui_tutorial to None, run_after=None
[2025-03-27T07:29:39.638+0530] {processor.py:208} INFO - Processing /Users/uk/miniforge3/lib/python3.10/site-packages/airflow/example_dags/example_params_ui_tutorial.py took 0.074 seconds
[2025-03-27T07:32:13.279+0530] {processor.py:186} INFO - Started process (PID=16342) to work on /Users/uk/miniforge3/lib/python3.10/site-packages/airflow/example_dags/example_params_ui_tutorial.py
[2025-03-27T07:32:13.280+0530] {processor.py:914} INFO - Processing file /Users/uk/miniforge3/lib/python3.10/site-packages/airflow/example_dags/example_params_ui_tutorial.py for tasks to queue
[2025-03-27T07:32:13.280+0530] {logging_mixin.py:190} INFO - [2025-03-27T07:32:13.280+0530] {dagbag.py:588} INFO - Filling up the DagBag from /Users/uk/miniforge3/lib/python3.10/site-packages/airflow/example_dags/example_params_ui_tutorial.py
[2025-03-27T07:32:13.294+0530] {processor.py:925} INFO - DAG(s) 'example_params_ui_tutorial' retrieved from /Users/uk/miniforge3/lib/python3.10/site-packages/airflow/example_dags/example_params_ui_tutorial.py
[2025-03-27T07:32:13.341+0530] {logging_mixin.py:190} INFO - [2025-03-27T07:32:13.341+0530] {dag.py:3239} INFO - Sync 1 DAGs
[2025-03-27T07:32:13.345+0530] {logging_mixin.py:190} INFO - [2025-03-27T07:32:13.345+0530] {dag.py:4180} INFO - Setting next_dagrun for example_params_ui_tutorial to None, run_after=None
[2025-03-27T07:32:13.352+0530] {processor.py:208} INFO - Processing /Users/uk/miniforge3/lib/python3.10/site-packages/airflow/example_dags/example_params_ui_tutorial.py took 0.074 seconds
[2025-03-27T07:34:43.383+0530] {processor.py:186} INFO - Started process (PID=16635) to work on /Users/uk/miniforge3/lib/python3.10/site-packages/airflow/example_dags/example_params_ui_tutorial.py
[2025-03-27T07:34:43.385+0530] {processor.py:914} INFO - Processing file /Users/uk/miniforge3/lib/python3.10/site-packages/airflow/example_dags/example_params_ui_tutorial.py for tasks to queue
[2025-03-27T07:34:43.385+0530] {logging_mixin.py:190} INFO - [2025-03-27T07:34:43.385+0530] {dagbag.py:588} INFO - Filling up the DagBag from /Users/uk/miniforge3/lib/python3.10/site-packages/airflow/example_dags/example_params_ui_tutorial.py
[2025-03-27T07:34:43.399+0530] {processor.py:925} INFO - DAG(s) 'example_params_ui_tutorial' retrieved from /Users/uk/miniforge3/lib/python3.10/site-packages/airflow/example_dags/example_params_ui_tutorial.py
[2025-03-27T07:34:43.447+0530] {logging_mixin.py:190} INFO - [2025-03-27T07:34:43.446+0530] {dag.py:3239} INFO - Sync 1 DAGs
[2025-03-27T07:34:43.451+0530] {logging_mixin.py:190} INFO - [2025-03-27T07:34:43.450+0530] {dag.py:4180} INFO - Setting next_dagrun for example_params_ui_tutorial to None, run_after=None
[2025-03-27T07:34:43.457+0530] {processor.py:208} INFO - Processing /Users/uk/miniforge3/lib/python3.10/site-packages/airflow/example_dags/example_params_ui_tutorial.py took 0.075 seconds
[2025-03-27T07:40:03.118+0530] {processor.py:186} INFO - Started process (PID=17353) to work on /Users/uk/miniforge3/lib/python3.10/site-packages/airflow/example_dags/example_params_ui_tutorial.py
[2025-03-27T07:40:03.118+0530] {processor.py:914} INFO - Processing file /Users/uk/miniforge3/lib/python3.10/site-packages/airflow/example_dags/example_params_ui_tutorial.py for tasks to queue
[2025-03-27T07:40:03.119+0530] {logging_mixin.py:190} INFO - [2025-03-27T07:40:03.119+0530] {dagbag.py:588} INFO - Filling up the DagBag from /Users/uk/miniforge3/lib/python3.10/site-packages/airflow/example_dags/example_params_ui_tutorial.py
[2025-03-27T07:40:03.134+0530] {processor.py:925} INFO - DAG(s) 'example_params_ui_tutorial' retrieved from /Users/uk/miniforge3/lib/python3.10/site-packages/airflow/example_dags/example_params_ui_tutorial.py
[2025-03-27T07:40:03.215+0530] {logging_mixin.py:190} INFO - [2025-03-27T07:40:03.214+0530] {override.py:1930} INFO - Created Permission View: can delete on DAG:example_params_ui_tutorial
[2025-03-27T07:40:03.218+0530] {logging_mixin.py:190} INFO - [2025-03-27T07:40:03.217+0530] {override.py:1930} INFO - Created Permission View: can read on DAG:example_params_ui_tutorial
[2025-03-27T07:40:03.220+0530] {logging_mixin.py:190} INFO - [2025-03-27T07:40:03.220+0530] {override.py:1930} INFO - Created Permission View: can edit on DAG:example_params_ui_tutorial
[2025-03-27T07:40:03.223+0530] {logging_mixin.py:190} INFO - [2025-03-27T07:40:03.222+0530] {override.py:1930} INFO - Created Permission View: can delete on DAG Run:example_params_ui_tutorial
[2025-03-27T07:40:03.225+0530] {logging_mixin.py:190} INFO - [2025-03-27T07:40:03.224+0530] {override.py:1930} INFO - Created Permission View: can read on DAG Run:example_params_ui_tutorial
[2025-03-27T07:40:03.227+0530] {logging_mixin.py:190} INFO - [2025-03-27T07:40:03.226+0530] {override.py:1930} INFO - Created Permission View: can create on DAG Run:example_params_ui_tutorial
[2025-03-27T07:40:03.229+0530] {logging_mixin.py:190} INFO - [2025-03-27T07:40:03.229+0530] {override.py:1930} INFO - Created Permission View: menu access on DAG Run:example_params_ui_tutorial
[2025-03-27T07:40:03.229+0530] {logging_mixin.py:190} INFO - [2025-03-27T07:40:03.229+0530] {dag.py:3239} INFO - Sync 1 DAGs
[2025-03-27T07:40:03.234+0530] {logging_mixin.py:190} INFO - [2025-03-27T07:40:03.233+0530] {dag.py:3262} INFO - Creating ORM DAG for example_params_ui_tutorial
[2025-03-27T07:40:03.234+0530] {logging_mixin.py:190} INFO - [2025-03-27T07:40:03.234+0530] {dag.py:4180} INFO - Setting next_dagrun for example_params_ui_tutorial to None, run_after=None
[2025-03-27T07:40:03.240+0530] {processor.py:208} INFO - Processing /Users/uk/miniforge3/lib/python3.10/site-packages/airflow/example_dags/example_params_ui_tutorial.py took 0.123 seconds
[2025-03-27T07:41:49.943+0530] {processor.py:186} INFO - Started process (PID=17548) to work on /Users/uk/miniforge3/lib/python3.10/site-packages/airflow/example_dags/example_params_ui_tutorial.py
[2025-03-27T07:41:49.944+0530] {processor.py:914} INFO - Processing file /Users/uk/miniforge3/lib/python3.10/site-packages/airflow/example_dags/example_params_ui_tutorial.py for tasks to queue
[2025-03-27T07:41:49.944+0530] {logging_mixin.py:190} INFO - [2025-03-27T07:41:49.944+0530] {dagbag.py:588} INFO - Filling up the DagBag from /Users/uk/miniforge3/lib/python3.10/site-packages/airflow/example_dags/example_params_ui_tutorial.py
[2025-03-27T07:41:49.960+0530] {processor.py:925} INFO - DAG(s) 'example_params_ui_tutorial' retrieved from /Users/uk/miniforge3/lib/python3.10/site-packages/airflow/example_dags/example_params_ui_tutorial.py
[2025-03-27T07:41:50.011+0530] {logging_mixin.py:190} INFO - [2025-03-27T07:41:50.011+0530] {dag.py:3239} INFO - Sync 1 DAGs
[2025-03-27T07:41:50.015+0530] {logging_mixin.py:190} INFO - [2025-03-27T07:41:50.015+0530] {dag.py:4180} INFO - Setting next_dagrun for example_params_ui_tutorial to None, run_after=None
[2025-03-27T07:41:50.025+0530] {processor.py:208} INFO - Processing /Users/uk/miniforge3/lib/python3.10/site-packages/airflow/example_dags/example_params_ui_tutorial.py took 0.083 seconds
[2025-03-27T07:44:20.471+0530] {processor.py:186} INFO - Started process (PID=17968) to work on /Users/uk/miniforge3/lib/python3.10/site-packages/airflow/example_dags/example_params_ui_tutorial.py
[2025-03-27T07:44:20.471+0530] {processor.py:914} INFO - Processing file /Users/uk/miniforge3/lib/python3.10/site-packages/airflow/example_dags/example_params_ui_tutorial.py for tasks to queue
[2025-03-27T07:44:20.472+0530] {logging_mixin.py:190} INFO - [2025-03-27T07:44:20.472+0530] {dagbag.py:588} INFO - Filling up the DagBag from /Users/uk/miniforge3/lib/python3.10/site-packages/airflow/example_dags/example_params_ui_tutorial.py
[2025-03-27T07:44:20.487+0530] {processor.py:925} INFO - DAG(s) 'example_params_ui_tutorial' retrieved from /Users/uk/miniforge3/lib/python3.10/site-packages/airflow/example_dags/example_params_ui_tutorial.py
[2025-03-27T07:44:20.535+0530] {logging_mixin.py:190} INFO - [2025-03-27T07:44:20.535+0530] {dag.py:3239} INFO - Sync 1 DAGs
[2025-03-27T07:44:20.539+0530] {logging_mixin.py:190} INFO - [2025-03-27T07:44:20.538+0530] {dag.py:4180} INFO - Setting next_dagrun for example_params_ui_tutorial to None, run_after=None
[2025-03-27T07:44:20.545+0530] {processor.py:208} INFO - Processing /Users/uk/miniforge3/lib/python3.10/site-packages/airflow/example_dags/example_params_ui_tutorial.py took 0.076 seconds
[2025-03-27T07:46:49.307+0530] {processor.py:186} INFO - Started process (PID=18299) to work on /Users/uk/miniforge3/lib/python3.10/site-packages/airflow/example_dags/example_params_ui_tutorial.py
[2025-03-27T07:46:49.308+0530] {processor.py:914} INFO - Processing file /Users/uk/miniforge3/lib/python3.10/site-packages/airflow/example_dags/example_params_ui_tutorial.py for tasks to queue
[2025-03-27T07:46:49.308+0530] {logging_mixin.py:190} INFO - [2025-03-27T07:46:49.308+0530] {dagbag.py:588} INFO - Filling up the DagBag from /Users/uk/miniforge3/lib/python3.10/site-packages/airflow/example_dags/example_params_ui_tutorial.py
[2025-03-27T07:46:49.322+0530] {processor.py:925} INFO - DAG(s) 'example_params_ui_tutorial' retrieved from /Users/uk/miniforge3/lib/python3.10/site-packages/airflow/example_dags/example_params_ui_tutorial.py
[2025-03-27T07:46:49.369+0530] {logging_mixin.py:190} INFO - [2025-03-27T07:46:49.369+0530] {dag.py:3239} INFO - Sync 1 DAGs
[2025-03-27T07:46:49.373+0530] {logging_mixin.py:190} INFO - [2025-03-27T07:46:49.373+0530] {dag.py:4180} INFO - Setting next_dagrun for example_params_ui_tutorial to None, run_after=None
[2025-03-27T07:46:49.379+0530] {processor.py:208} INFO - Processing /Users/uk/miniforge3/lib/python3.10/site-packages/airflow/example_dags/example_params_ui_tutorial.py took 0.074 seconds
[2025-03-27T07:48:37.628+0530] {processor.py:186} INFO - Started process (PID=18490) to work on /Users/uk/miniforge3/lib/python3.10/site-packages/airflow/example_dags/example_params_ui_tutorial.py
[2025-03-27T07:48:37.629+0530] {processor.py:914} INFO - Processing file /Users/uk/miniforge3/lib/python3.10/site-packages/airflow/example_dags/example_params_ui_tutorial.py for tasks to queue
[2025-03-27T07:48:37.630+0530] {logging_mixin.py:190} INFO - [2025-03-27T07:48:37.630+0530] {dagbag.py:588} INFO - Filling up the DagBag from /Users/uk/miniforge3/lib/python3.10/site-packages/airflow/example_dags/example_params_ui_tutorial.py
[2025-03-27T07:48:37.648+0530] {processor.py:925} INFO - DAG(s) 'example_params_ui_tutorial' retrieved from /Users/uk/miniforge3/lib/python3.10/site-packages/airflow/example_dags/example_params_ui_tutorial.py
[2025-03-27T07:48:37.700+0530] {logging_mixin.py:190} INFO - [2025-03-27T07:48:37.699+0530] {dag.py:3239} INFO - Sync 1 DAGs
[2025-03-27T07:48:37.704+0530] {logging_mixin.py:190} INFO - [2025-03-27T07:48:37.704+0530] {dag.py:4180} INFO - Setting next_dagrun for example_params_ui_tutorial to None, run_after=None
[2025-03-27T07:48:37.713+0530] {processor.py:208} INFO - Processing /Users/uk/miniforge3/lib/python3.10/site-packages/airflow/example_dags/example_params_ui_tutorial.py took 0.086 seconds
[2025-03-27T07:51:09.982+0530] {processor.py:186} INFO - Started process (PID=19099) to work on /Users/uk/miniforge3/lib/python3.10/site-packages/airflow/example_dags/example_params_ui_tutorial.py
[2025-03-27T07:51:09.983+0530] {processor.py:914} INFO - Processing file /Users/uk/miniforge3/lib/python3.10/site-packages/airflow/example_dags/example_params_ui_tutorial.py for tasks to queue
[2025-03-27T07:51:09.984+0530] {logging_mixin.py:190} INFO - [2025-03-27T07:51:09.984+0530] {dagbag.py:588} INFO - Filling up the DagBag from /Users/uk/miniforge3/lib/python3.10/site-packages/airflow/example_dags/example_params_ui_tutorial.py
[2025-03-27T07:51:10.002+0530] {processor.py:925} INFO - DAG(s) 'example_params_ui_tutorial' retrieved from /Users/uk/miniforge3/lib/python3.10/site-packages/airflow/example_dags/example_params_ui_tutorial.py
[2025-03-27T07:51:10.052+0530] {logging_mixin.py:190} INFO - [2025-03-27T07:51:10.052+0530] {dag.py:3239} INFO - Sync 1 DAGs
[2025-03-27T07:51:10.057+0530] {logging_mixin.py:190} INFO - [2025-03-27T07:51:10.056+0530] {dag.py:4180} INFO - Setting next_dagrun for example_params_ui_tutorial to None, run_after=None
[2025-03-27T07:51:10.063+0530] {processor.py:208} INFO - Processing /Users/uk/miniforge3/lib/python3.10/site-packages/airflow/example_dags/example_params_ui_tutorial.py took 0.083 seconds
[2025-03-27T07:55:12.677+0530] {processor.py:186} INFO - Started process (PID=20280) to work on /Users/uk/miniforge3/lib/python3.10/site-packages/airflow/example_dags/example_params_ui_tutorial.py
[2025-03-27T07:55:12.678+0530] {processor.py:914} INFO - Processing file /Users/uk/miniforge3/lib/python3.10/site-packages/airflow/example_dags/example_params_ui_tutorial.py for tasks to queue
[2025-03-27T07:55:12.679+0530] {logging_mixin.py:190} INFO - [2025-03-27T07:55:12.679+0530] {dagbag.py:588} INFO - Filling up the DagBag from /Users/uk/miniforge3/lib/python3.10/site-packages/airflow/example_dags/example_params_ui_tutorial.py
[2025-03-27T07:55:12.693+0530] {processor.py:925} INFO - DAG(s) 'example_params_ui_tutorial' retrieved from /Users/uk/miniforge3/lib/python3.10/site-packages/airflow/example_dags/example_params_ui_tutorial.py
[2025-03-27T07:55:12.741+0530] {logging_mixin.py:190} INFO - [2025-03-27T07:55:12.741+0530] {dag.py:3239} INFO - Sync 1 DAGs
[2025-03-27T07:55:12.745+0530] {logging_mixin.py:190} INFO - [2025-03-27T07:55:12.745+0530] {dag.py:4180} INFO - Setting next_dagrun for example_params_ui_tutorial to None, run_after=None
[2025-03-27T07:55:12.753+0530] {processor.py:208} INFO - Processing /Users/uk/miniforge3/lib/python3.10/site-packages/airflow/example_dags/example_params_ui_tutorial.py took 0.077 seconds
[2025-03-27T07:56:57.183+0530] {processor.py:186} INFO - Started process (PID=20505) to work on /Users/uk/miniforge3/lib/python3.10/site-packages/airflow/example_dags/example_params_ui_tutorial.py
[2025-03-27T07:56:57.184+0530] {processor.py:914} INFO - Processing file /Users/uk/miniforge3/lib/python3.10/site-packages/airflow/example_dags/example_params_ui_tutorial.py for tasks to queue
[2025-03-27T07:56:57.185+0530] {logging_mixin.py:190} INFO - [2025-03-27T07:56:57.185+0530] {dagbag.py:588} INFO - Filling up the DagBag from /Users/uk/miniforge3/lib/python3.10/site-packages/airflow/example_dags/example_params_ui_tutorial.py
[2025-03-27T07:56:57.206+0530] {processor.py:925} INFO - DAG(s) 'example_params_ui_tutorial' retrieved from /Users/uk/miniforge3/lib/python3.10/site-packages/airflow/example_dags/example_params_ui_tutorial.py
[2025-03-27T07:56:57.261+0530] {logging_mixin.py:190} INFO - [2025-03-27T07:56:57.261+0530] {dag.py:3239} INFO - Sync 1 DAGs
[2025-03-27T07:56:57.265+0530] {logging_mixin.py:190} INFO - [2025-03-27T07:56:57.265+0530] {dag.py:4180} INFO - Setting next_dagrun for example_params_ui_tutorial to None, run_after=None
[2025-03-27T07:56:57.273+0530] {processor.py:208} INFO - Processing /Users/uk/miniforge3/lib/python3.10/site-packages/airflow/example_dags/example_params_ui_tutorial.py took 0.092 seconds
[2025-03-27T07:59:30.832+0530] {processor.py:186} INFO - Started process (PID=20822) to work on /Users/uk/miniforge3/lib/python3.10/site-packages/airflow/example_dags/example_params_ui_tutorial.py
[2025-03-27T07:59:30.833+0530] {processor.py:914} INFO - Processing file /Users/uk/miniforge3/lib/python3.10/site-packages/airflow/example_dags/example_params_ui_tutorial.py for tasks to queue
[2025-03-27T07:59:30.834+0530] {logging_mixin.py:190} INFO - [2025-03-27T07:59:30.833+0530] {dagbag.py:588} INFO - Filling up the DagBag from /Users/uk/miniforge3/lib/python3.10/site-packages/airflow/example_dags/example_params_ui_tutorial.py
[2025-03-27T07:59:30.848+0530] {processor.py:925} INFO - DAG(s) 'example_params_ui_tutorial' retrieved from /Users/uk/miniforge3/lib/python3.10/site-packages/airflow/example_dags/example_params_ui_tutorial.py
[2025-03-27T07:59:30.900+0530] {logging_mixin.py:190} INFO - [2025-03-27T07:59:30.899+0530] {dag.py:3239} INFO - Sync 1 DAGs
[2025-03-27T07:59:30.904+0530] {logging_mixin.py:190} INFO - [2025-03-27T07:59:30.904+0530] {dag.py:4180} INFO - Setting next_dagrun for example_params_ui_tutorial to None, run_after=None
[2025-03-27T07:59:30.911+0530] {processor.py:208} INFO - Processing /Users/uk/miniforge3/lib/python3.10/site-packages/airflow/example_dags/example_params_ui_tutorial.py took 0.080 seconds
[2025-03-27T08:02:02.020+0530] {processor.py:186} INFO - Started process (PID=21115) to work on /Users/uk/miniforge3/lib/python3.10/site-packages/airflow/example_dags/example_params_ui_tutorial.py
[2025-03-27T08:02:02.020+0530] {processor.py:914} INFO - Processing file /Users/uk/miniforge3/lib/python3.10/site-packages/airflow/example_dags/example_params_ui_tutorial.py for tasks to queue
[2025-03-27T08:02:02.021+0530] {logging_mixin.py:190} INFO - [2025-03-27T08:02:02.020+0530] {dagbag.py:588} INFO - Filling up the DagBag from /Users/uk/miniforge3/lib/python3.10/site-packages/airflow/example_dags/example_params_ui_tutorial.py
[2025-03-27T08:02:02.037+0530] {processor.py:925} INFO - DAG(s) 'example_params_ui_tutorial' retrieved from /Users/uk/miniforge3/lib/python3.10/site-packages/airflow/example_dags/example_params_ui_tutorial.py
[2025-03-27T08:02:02.090+0530] {logging_mixin.py:190} INFO - [2025-03-27T08:02:02.090+0530] {dag.py:3239} INFO - Sync 1 DAGs
[2025-03-27T08:02:02.095+0530] {logging_mixin.py:190} INFO - [2025-03-27T08:02:02.095+0530] {dag.py:4180} INFO - Setting next_dagrun for example_params_ui_tutorial to None, run_after=None
[2025-03-27T08:02:02.102+0530] {processor.py:208} INFO - Processing /Users/uk/miniforge3/lib/python3.10/site-packages/airflow/example_dags/example_params_ui_tutorial.py took 0.084 seconds
[2025-03-27T08:04:33.886+0530] {processor.py:186} INFO - Started process (PID=21397) to work on /Users/uk/miniforge3/lib/python3.10/site-packages/airflow/example_dags/example_params_ui_tutorial.py
[2025-03-27T08:04:33.887+0530] {processor.py:914} INFO - Processing file /Users/uk/miniforge3/lib/python3.10/site-packages/airflow/example_dags/example_params_ui_tutorial.py for tasks to queue
[2025-03-27T08:04:33.887+0530] {logging_mixin.py:190} INFO - [2025-03-27T08:04:33.887+0530] {dagbag.py:588} INFO - Filling up the DagBag from /Users/uk/miniforge3/lib/python3.10/site-packages/airflow/example_dags/example_params_ui_tutorial.py
[2025-03-27T08:04:33.902+0530] {processor.py:925} INFO - DAG(s) 'example_params_ui_tutorial' retrieved from /Users/uk/miniforge3/lib/python3.10/site-packages/airflow/example_dags/example_params_ui_tutorial.py
[2025-03-27T08:04:33.949+0530] {logging_mixin.py:190} INFO - [2025-03-27T08:04:33.949+0530] {dag.py:3239} INFO - Sync 1 DAGs
[2025-03-27T08:04:33.953+0530] {logging_mixin.py:190} INFO - [2025-03-27T08:04:33.953+0530] {dag.py:4180} INFO - Setting next_dagrun for example_params_ui_tutorial to None, run_after=None
[2025-03-27T08:04:33.960+0530] {processor.py:208} INFO - Processing /Users/uk/miniforge3/lib/python3.10/site-packages/airflow/example_dags/example_params_ui_tutorial.py took 0.075 seconds
[2025-03-27T08:07:03.064+0530] {processor.py:186} INFO - Started process (PID=21648) to work on /Users/uk/miniforge3/lib/python3.10/site-packages/airflow/example_dags/example_params_ui_tutorial.py
[2025-03-27T08:07:03.065+0530] {processor.py:914} INFO - Processing file /Users/uk/miniforge3/lib/python3.10/site-packages/airflow/example_dags/example_params_ui_tutorial.py for tasks to queue
[2025-03-27T08:07:03.065+0530] {logging_mixin.py:190} INFO - [2025-03-27T08:07:03.065+0530] {dagbag.py:588} INFO - Filling up the DagBag from /Users/uk/miniforge3/lib/python3.10/site-packages/airflow/example_dags/example_params_ui_tutorial.py
[2025-03-27T08:07:03.079+0530] {processor.py:925} INFO - DAG(s) 'example_params_ui_tutorial' retrieved from /Users/uk/miniforge3/lib/python3.10/site-packages/airflow/example_dags/example_params_ui_tutorial.py
[2025-03-27T08:07:03.127+0530] {logging_mixin.py:190} INFO - [2025-03-27T08:07:03.127+0530] {dag.py:3239} INFO - Sync 1 DAGs
[2025-03-27T08:07:03.131+0530] {logging_mixin.py:190} INFO - [2025-03-27T08:07:03.131+0530] {dag.py:4180} INFO - Setting next_dagrun for example_params_ui_tutorial to None, run_after=None
[2025-03-27T08:07:03.138+0530] {processor.py:208} INFO - Processing /Users/uk/miniforge3/lib/python3.10/site-packages/airflow/example_dags/example_params_ui_tutorial.py took 0.075 seconds
[2025-03-27T08:09:44.540+0530] {processor.py:186} INFO - Started process (PID=21975) to work on /Users/uk/miniforge3/lib/python3.10/site-packages/airflow/example_dags/example_params_ui_tutorial.py
[2025-03-27T08:09:44.541+0530] {processor.py:914} INFO - Processing file /Users/uk/miniforge3/lib/python3.10/site-packages/airflow/example_dags/example_params_ui_tutorial.py for tasks to queue
[2025-03-27T08:09:44.541+0530] {logging_mixin.py:190} INFO - [2025-03-27T08:09:44.541+0530] {dagbag.py:588} INFO - Filling up the DagBag from /Users/uk/miniforge3/lib/python3.10/site-packages/airflow/example_dags/example_params_ui_tutorial.py
[2025-03-27T08:09:44.555+0530] {processor.py:925} INFO - DAG(s) 'example_params_ui_tutorial' retrieved from /Users/uk/miniforge3/lib/python3.10/site-packages/airflow/example_dags/example_params_ui_tutorial.py
[2025-03-27T08:09:44.602+0530] {logging_mixin.py:190} INFO - [2025-03-27T08:09:44.602+0530] {dag.py:3239} INFO - Sync 1 DAGs
[2025-03-27T08:09:44.606+0530] {logging_mixin.py:190} INFO - [2025-03-27T08:09:44.606+0530] {dag.py:4180} INFO - Setting next_dagrun for example_params_ui_tutorial to None, run_after=None
[2025-03-27T08:09:44.613+0530] {processor.py:208} INFO - Processing /Users/uk/miniforge3/lib/python3.10/site-packages/airflow/example_dags/example_params_ui_tutorial.py took 0.074 seconds
