[2025-03-27T07:05:37.665+0530] {processor.py:186} INFO - Started process (PID=13050) to work on /Users/uk/miniforge3/lib/python3.10/site-packages/airflow/example_dags/example_dataset_alias_with_no_taskflow.py
[2025-03-27T07:05:37.665+0530] {processor.py:914} INFO - Processing file /Users/uk/miniforge3/lib/python3.10/site-packages/airflow/example_dags/example_dataset_alias_with_no_taskflow.py for tasks to queue
[2025-03-27T07:05:37.666+0530] {logging_mixin.py:190} INFO - [2025-03-27T07:05:37.666+0530] {dagbag.py:588} INFO - Filling up the DagBag from /Users/uk/miniforge3/lib/python3.10/site-packages/airflow/example_dags/example_dataset_alias_with_no_taskflow.py
[2025-03-27T07:05:37.723+0530] {processor.py:925} INFO - DAG(s) 'dataset_alias_example_alias_consumer_with_no_taskflow', 'dataset_alias_example_alias_producer_with_no_taskflow', 'dataset_s3_bucket_producer_with_no_taskflow', 'dataset_s3_bucket_consumer_with_no_taskflow' retrieved from /Users/uk/miniforge3/lib/python3.10/site-packages/airflow/example_dags/example_dataset_alias_with_no_taskflow.py
[2025-03-27T07:05:37.732+0530] {logging_mixin.py:190} INFO - [2025-03-27T07:05:37.731+0530] {dag.py:3239} INFO - Sync 4 DAGs
[2025-03-27T07:05:37.738+0530] {logging_mixin.py:190} INFO - [2025-03-27T07:05:37.738+0530] {dag.py:4180} INFO - Setting next_dagrun for dataset_alias_example_alias_consumer_with_no_taskflow to None, run_after=None
[2025-03-27T07:05:37.739+0530] {logging_mixin.py:190} INFO - [2025-03-27T07:05:37.739+0530] {dag.py:4180} INFO - Setting next_dagrun for dataset_alias_example_alias_producer_with_no_taskflow to None, run_after=None
[2025-03-27T07:05:37.739+0530] {logging_mixin.py:190} INFO - [2025-03-27T07:05:37.739+0530] {dag.py:4180} INFO - Setting next_dagrun for dataset_s3_bucket_consumer_with_no_taskflow to None, run_after=None
[2025-03-27T07:05:37.740+0530] {logging_mixin.py:190} INFO - [2025-03-27T07:05:37.740+0530] {dag.py:4180} INFO - Setting next_dagrun for dataset_s3_bucket_producer_with_no_taskflow to None, run_after=None
[2025-03-27T07:05:37.747+0530] {processor.py:208} INFO - Processing /Users/uk/miniforge3/lib/python3.10/site-packages/airflow/example_dags/example_dataset_alias_with_no_taskflow.py took 0.083 seconds
[2025-03-27T07:08:28.683+0530] {processor.py:186} INFO - Started process (PID=13520) to work on /Users/uk/miniforge3/lib/python3.10/site-packages/airflow/example_dags/example_dataset_alias_with_no_taskflow.py
[2025-03-27T07:08:28.684+0530] {processor.py:914} INFO - Processing file /Users/uk/miniforge3/lib/python3.10/site-packages/airflow/example_dags/example_dataset_alias_with_no_taskflow.py for tasks to queue
[2025-03-27T07:08:28.684+0530] {logging_mixin.py:190} INFO - [2025-03-27T07:08:28.684+0530] {dagbag.py:588} INFO - Filling up the DagBag from /Users/uk/miniforge3/lib/python3.10/site-packages/airflow/example_dags/example_dataset_alias_with_no_taskflow.py
[2025-03-27T07:08:28.750+0530] {processor.py:925} INFO - DAG(s) 'dataset_alias_example_alias_producer_with_no_taskflow', 'dataset_s3_bucket_consumer_with_no_taskflow', 'dataset_alias_example_alias_consumer_with_no_taskflow', 'dataset_s3_bucket_producer_with_no_taskflow' retrieved from /Users/uk/miniforge3/lib/python3.10/site-packages/airflow/example_dags/example_dataset_alias_with_no_taskflow.py
[2025-03-27T07:08:28.759+0530] {logging_mixin.py:190} INFO - [2025-03-27T07:08:28.758+0530] {dag.py:3239} INFO - Sync 4 DAGs
[2025-03-27T07:08:28.765+0530] {logging_mixin.py:190} INFO - [2025-03-27T07:08:28.765+0530] {dag.py:4180} INFO - Setting next_dagrun for dataset_alias_example_alias_consumer_with_no_taskflow to None, run_after=None
[2025-03-27T07:08:28.766+0530] {logging_mixin.py:190} INFO - [2025-03-27T07:08:28.766+0530] {dag.py:4180} INFO - Setting next_dagrun for dataset_alias_example_alias_producer_with_no_taskflow to None, run_after=None
[2025-03-27T07:08:28.766+0530] {logging_mixin.py:190} INFO - [2025-03-27T07:08:28.766+0530] {dag.py:4180} INFO - Setting next_dagrun for dataset_s3_bucket_consumer_with_no_taskflow to None, run_after=None
[2025-03-27T07:08:28.767+0530] {logging_mixin.py:190} INFO - [2025-03-27T07:08:28.767+0530] {dag.py:4180} INFO - Setting next_dagrun for dataset_s3_bucket_producer_with_no_taskflow to None, run_after=None
[2025-03-27T07:08:28.775+0530] {processor.py:208} INFO - Processing /Users/uk/miniforge3/lib/python3.10/site-packages/airflow/example_dags/example_dataset_alias_with_no_taskflow.py took 0.093 seconds
[2025-03-27T07:11:23.611+0530] {processor.py:186} INFO - Started process (PID=13837) to work on /Users/uk/miniforge3/lib/python3.10/site-packages/airflow/example_dags/example_dataset_alias_with_no_taskflow.py
[2025-03-27T07:11:23.612+0530] {processor.py:914} INFO - Processing file /Users/uk/miniforge3/lib/python3.10/site-packages/airflow/example_dags/example_dataset_alias_with_no_taskflow.py for tasks to queue
[2025-03-27T07:11:23.612+0530] {logging_mixin.py:190} INFO - [2025-03-27T07:11:23.612+0530] {dagbag.py:588} INFO - Filling up the DagBag from /Users/uk/miniforge3/lib/python3.10/site-packages/airflow/example_dags/example_dataset_alias_with_no_taskflow.py
[2025-03-27T07:11:23.670+0530] {processor.py:925} INFO - DAG(s) 'dataset_alias_example_alias_producer_with_no_taskflow', 'dataset_s3_bucket_producer_with_no_taskflow', 'dataset_alias_example_alias_consumer_with_no_taskflow', 'dataset_s3_bucket_consumer_with_no_taskflow' retrieved from /Users/uk/miniforge3/lib/python3.10/site-packages/airflow/example_dags/example_dataset_alias_with_no_taskflow.py
[2025-03-27T07:11:23.678+0530] {logging_mixin.py:190} INFO - [2025-03-27T07:11:23.678+0530] {dag.py:3239} INFO - Sync 4 DAGs
[2025-03-27T07:11:23.684+0530] {logging_mixin.py:190} INFO - [2025-03-27T07:11:23.684+0530] {dag.py:4180} INFO - Setting next_dagrun for dataset_alias_example_alias_consumer_with_no_taskflow to None, run_after=None
[2025-03-27T07:11:23.685+0530] {logging_mixin.py:190} INFO - [2025-03-27T07:11:23.685+0530] {dag.py:4180} INFO - Setting next_dagrun for dataset_alias_example_alias_producer_with_no_taskflow to None, run_after=None
[2025-03-27T07:11:23.686+0530] {logging_mixin.py:190} INFO - [2025-03-27T07:11:23.685+0530] {dag.py:4180} INFO - Setting next_dagrun for dataset_s3_bucket_consumer_with_no_taskflow to None, run_after=None
[2025-03-27T07:11:23.686+0530] {logging_mixin.py:190} INFO - [2025-03-27T07:11:23.686+0530] {dag.py:4180} INFO - Setting next_dagrun for dataset_s3_bucket_producer_with_no_taskflow to None, run_after=None
[2025-03-27T07:11:23.693+0530] {processor.py:208} INFO - Processing /Users/uk/miniforge3/lib/python3.10/site-packages/airflow/example_dags/example_dataset_alias_with_no_taskflow.py took 0.083 seconds
[2025-03-27T07:13:53.978+0530] {processor.py:186} INFO - Started process (PID=14100) to work on /Users/uk/miniforge3/lib/python3.10/site-packages/airflow/example_dags/example_dataset_alias_with_no_taskflow.py
[2025-03-27T07:13:53.978+0530] {processor.py:914} INFO - Processing file /Users/uk/miniforge3/lib/python3.10/site-packages/airflow/example_dags/example_dataset_alias_with_no_taskflow.py for tasks to queue
[2025-03-27T07:13:53.979+0530] {logging_mixin.py:190} INFO - [2025-03-27T07:13:53.979+0530] {dagbag.py:588} INFO - Filling up the DagBag from /Users/uk/miniforge3/lib/python3.10/site-packages/airflow/example_dags/example_dataset_alias_with_no_taskflow.py
[2025-03-27T07:13:54.036+0530] {processor.py:925} INFO - DAG(s) 'dataset_alias_example_alias_producer_with_no_taskflow', 'dataset_s3_bucket_consumer_with_no_taskflow', 'dataset_alias_example_alias_consumer_with_no_taskflow', 'dataset_s3_bucket_producer_with_no_taskflow' retrieved from /Users/uk/miniforge3/lib/python3.10/site-packages/airflow/example_dags/example_dataset_alias_with_no_taskflow.py
[2025-03-27T07:13:54.045+0530] {logging_mixin.py:190} INFO - [2025-03-27T07:13:54.045+0530] {dag.py:3239} INFO - Sync 4 DAGs
[2025-03-27T07:13:54.052+0530] {logging_mixin.py:190} INFO - [2025-03-27T07:13:54.052+0530] {dag.py:4180} INFO - Setting next_dagrun for dataset_alias_example_alias_consumer_with_no_taskflow to None, run_after=None
[2025-03-27T07:13:54.052+0530] {logging_mixin.py:190} INFO - [2025-03-27T07:13:54.052+0530] {dag.py:4180} INFO - Setting next_dagrun for dataset_alias_example_alias_producer_with_no_taskflow to None, run_after=None
[2025-03-27T07:13:54.053+0530] {logging_mixin.py:190} INFO - [2025-03-27T07:13:54.053+0530] {dag.py:4180} INFO - Setting next_dagrun for dataset_s3_bucket_consumer_with_no_taskflow to None, run_after=None
[2025-03-27T07:13:54.053+0530] {logging_mixin.py:190} INFO - [2025-03-27T07:13:54.053+0530] {dag.py:4180} INFO - Setting next_dagrun for dataset_s3_bucket_producer_with_no_taskflow to None, run_after=None
[2025-03-27T07:13:54.060+0530] {processor.py:208} INFO - Processing /Users/uk/miniforge3/lib/python3.10/site-packages/airflow/example_dags/example_dataset_alias_with_no_taskflow.py took 0.084 seconds
[2025-03-27T07:16:25.673+0530] {processor.py:186} INFO - Started process (PID=14345) to work on /Users/uk/miniforge3/lib/python3.10/site-packages/airflow/example_dags/example_dataset_alias_with_no_taskflow.py
[2025-03-27T07:16:25.674+0530] {processor.py:914} INFO - Processing file /Users/uk/miniforge3/lib/python3.10/site-packages/airflow/example_dags/example_dataset_alias_with_no_taskflow.py for tasks to queue
[2025-03-27T07:16:25.674+0530] {logging_mixin.py:190} INFO - [2025-03-27T07:16:25.674+0530] {dagbag.py:588} INFO - Filling up the DagBag from /Users/uk/miniforge3/lib/python3.10/site-packages/airflow/example_dags/example_dataset_alias_with_no_taskflow.py
[2025-03-27T07:16:25.733+0530] {processor.py:925} INFO - DAG(s) 'dataset_alias_example_alias_consumer_with_no_taskflow', 'dataset_alias_example_alias_producer_with_no_taskflow', 'dataset_s3_bucket_producer_with_no_taskflow', 'dataset_s3_bucket_consumer_with_no_taskflow' retrieved from /Users/uk/miniforge3/lib/python3.10/site-packages/airflow/example_dags/example_dataset_alias_with_no_taskflow.py
[2025-03-27T07:16:25.741+0530] {logging_mixin.py:190} INFO - [2025-03-27T07:16:25.741+0530] {dag.py:3239} INFO - Sync 4 DAGs
[2025-03-27T07:16:25.747+0530] {logging_mixin.py:190} INFO - [2025-03-27T07:16:25.747+0530] {dag.py:4180} INFO - Setting next_dagrun for dataset_alias_example_alias_consumer_with_no_taskflow to None, run_after=None
[2025-03-27T07:16:25.748+0530] {logging_mixin.py:190} INFO - [2025-03-27T07:16:25.748+0530] {dag.py:4180} INFO - Setting next_dagrun for dataset_alias_example_alias_producer_with_no_taskflow to None, run_after=None
[2025-03-27T07:16:25.749+0530] {logging_mixin.py:190} INFO - [2025-03-27T07:16:25.749+0530] {dag.py:4180} INFO - Setting next_dagrun for dataset_s3_bucket_consumer_with_no_taskflow to None, run_after=None
[2025-03-27T07:16:25.749+0530] {logging_mixin.py:190} INFO - [2025-03-27T07:16:25.749+0530] {dag.py:4180} INFO - Setting next_dagrun for dataset_s3_bucket_producer_with_no_taskflow to None, run_after=None
[2025-03-27T07:16:25.756+0530] {processor.py:208} INFO - Processing /Users/uk/miniforge3/lib/python3.10/site-packages/airflow/example_dags/example_dataset_alias_with_no_taskflow.py took 0.085 seconds
[2025-03-27T07:18:49.398+0530] {processor.py:186} INFO - Started process (PID=14589) to work on /Users/uk/miniforge3/lib/python3.10/site-packages/airflow/example_dags/example_dataset_alias_with_no_taskflow.py
[2025-03-27T07:18:49.399+0530] {processor.py:914} INFO - Processing file /Users/uk/miniforge3/lib/python3.10/site-packages/airflow/example_dags/example_dataset_alias_with_no_taskflow.py for tasks to queue
[2025-03-27T07:18:49.399+0530] {logging_mixin.py:190} INFO - [2025-03-27T07:18:49.399+0530] {dagbag.py:588} INFO - Filling up the DagBag from /Users/uk/miniforge3/lib/python3.10/site-packages/airflow/example_dags/example_dataset_alias_with_no_taskflow.py
[2025-03-27T07:18:49.460+0530] {processor.py:925} INFO - DAG(s) 'dataset_alias_example_alias_producer_with_no_taskflow', 'dataset_s3_bucket_consumer_with_no_taskflow', 'dataset_s3_bucket_producer_with_no_taskflow', 'dataset_alias_example_alias_consumer_with_no_taskflow' retrieved from /Users/uk/miniforge3/lib/python3.10/site-packages/airflow/example_dags/example_dataset_alias_with_no_taskflow.py
[2025-03-27T07:18:49.469+0530] {logging_mixin.py:190} INFO - [2025-03-27T07:18:49.468+0530] {dag.py:3239} INFO - Sync 4 DAGs
[2025-03-27T07:18:49.475+0530] {logging_mixin.py:190} INFO - [2025-03-27T07:18:49.475+0530] {dag.py:4180} INFO - Setting next_dagrun for dataset_alias_example_alias_consumer_with_no_taskflow to None, run_after=None
[2025-03-27T07:18:49.476+0530] {logging_mixin.py:190} INFO - [2025-03-27T07:18:49.476+0530] {dag.py:4180} INFO - Setting next_dagrun for dataset_alias_example_alias_producer_with_no_taskflow to None, run_after=None
[2025-03-27T07:18:49.476+0530] {logging_mixin.py:190} INFO - [2025-03-27T07:18:49.476+0530] {dag.py:4180} INFO - Setting next_dagrun for dataset_s3_bucket_consumer_with_no_taskflow to None, run_after=None
[2025-03-27T07:18:49.476+0530] {logging_mixin.py:190} INFO - [2025-03-27T07:18:49.476+0530] {dag.py:4180} INFO - Setting next_dagrun for dataset_s3_bucket_producer_with_no_taskflow to None, run_after=None
[2025-03-27T07:18:49.484+0530] {processor.py:208} INFO - Processing /Users/uk/miniforge3/lib/python3.10/site-packages/airflow/example_dags/example_dataset_alias_with_no_taskflow.py took 0.087 seconds
[2025-03-27T07:21:15.169+0530] {processor.py:186} INFO - Started process (PID=15115) to work on /Users/uk/miniforge3/lib/python3.10/site-packages/airflow/example_dags/example_dataset_alias_with_no_taskflow.py
[2025-03-27T07:21:15.170+0530] {processor.py:914} INFO - Processing file /Users/uk/miniforge3/lib/python3.10/site-packages/airflow/example_dags/example_dataset_alias_with_no_taskflow.py for tasks to queue
[2025-03-27T07:21:15.171+0530] {logging_mixin.py:190} INFO - [2025-03-27T07:21:15.171+0530] {dagbag.py:588} INFO - Filling up the DagBag from /Users/uk/miniforge3/lib/python3.10/site-packages/airflow/example_dags/example_dataset_alias_with_no_taskflow.py
[2025-03-27T07:21:15.235+0530] {processor.py:925} INFO - DAG(s) 'dataset_alias_example_alias_consumer_with_no_taskflow', 'dataset_alias_example_alias_producer_with_no_taskflow', 'dataset_s3_bucket_consumer_with_no_taskflow', 'dataset_s3_bucket_producer_with_no_taskflow' retrieved from /Users/uk/miniforge3/lib/python3.10/site-packages/airflow/example_dags/example_dataset_alias_with_no_taskflow.py
[2025-03-27T07:21:15.245+0530] {logging_mixin.py:190} INFO - [2025-03-27T07:21:15.244+0530] {dag.py:3239} INFO - Sync 4 DAGs
[2025-03-27T07:21:15.251+0530] {logging_mixin.py:190} INFO - [2025-03-27T07:21:15.251+0530] {dag.py:4180} INFO - Setting next_dagrun for dataset_alias_example_alias_consumer_with_no_taskflow to None, run_after=None
[2025-03-27T07:21:15.252+0530] {logging_mixin.py:190} INFO - [2025-03-27T07:21:15.252+0530] {dag.py:4180} INFO - Setting next_dagrun for dataset_alias_example_alias_producer_with_no_taskflow to None, run_after=None
[2025-03-27T07:21:15.252+0530] {logging_mixin.py:190} INFO - [2025-03-27T07:21:15.252+0530] {dag.py:4180} INFO - Setting next_dagrun for dataset_s3_bucket_consumer_with_no_taskflow to None, run_after=None
[2025-03-27T07:21:15.253+0530] {logging_mixin.py:190} INFO - [2025-03-27T07:21:15.253+0530] {dag.py:4180} INFO - Setting next_dagrun for dataset_s3_bucket_producer_with_no_taskflow to None, run_after=None
[2025-03-27T07:21:15.260+0530] {processor.py:208} INFO - Processing /Users/uk/miniforge3/lib/python3.10/site-packages/airflow/example_dags/example_dataset_alias_with_no_taskflow.py took 0.092 seconds
[2025-03-27T07:23:36.993+0530] {processor.py:186} INFO - Started process (PID=15383) to work on /Users/uk/miniforge3/lib/python3.10/site-packages/airflow/example_dags/example_dataset_alias_with_no_taskflow.py
[2025-03-27T07:23:36.994+0530] {processor.py:914} INFO - Processing file /Users/uk/miniforge3/lib/python3.10/site-packages/airflow/example_dags/example_dataset_alias_with_no_taskflow.py for tasks to queue
[2025-03-27T07:23:36.995+0530] {logging_mixin.py:190} INFO - [2025-03-27T07:23:36.994+0530] {dagbag.py:588} INFO - Filling up the DagBag from /Users/uk/miniforge3/lib/python3.10/site-packages/airflow/example_dags/example_dataset_alias_with_no_taskflow.py
[2025-03-27T07:23:37.057+0530] {processor.py:925} INFO - DAG(s) 'dataset_alias_example_alias_consumer_with_no_taskflow', 'dataset_s3_bucket_producer_with_no_taskflow', 'dataset_s3_bucket_consumer_with_no_taskflow', 'dataset_alias_example_alias_producer_with_no_taskflow' retrieved from /Users/uk/miniforge3/lib/python3.10/site-packages/airflow/example_dags/example_dataset_alias_with_no_taskflow.py
[2025-03-27T07:23:37.066+0530] {logging_mixin.py:190} INFO - [2025-03-27T07:23:37.066+0530] {dag.py:3239} INFO - Sync 4 DAGs
[2025-03-27T07:23:37.073+0530] {logging_mixin.py:190} INFO - [2025-03-27T07:23:37.073+0530] {dag.py:4180} INFO - Setting next_dagrun for dataset_alias_example_alias_consumer_with_no_taskflow to None, run_after=None
[2025-03-27T07:23:37.074+0530] {logging_mixin.py:190} INFO - [2025-03-27T07:23:37.074+0530] {dag.py:4180} INFO - Setting next_dagrun for dataset_alias_example_alias_producer_with_no_taskflow to None, run_after=None
[2025-03-27T07:23:37.074+0530] {logging_mixin.py:190} INFO - [2025-03-27T07:23:37.074+0530] {dag.py:4180} INFO - Setting next_dagrun for dataset_s3_bucket_consumer_with_no_taskflow to None, run_after=None
[2025-03-27T07:23:37.074+0530] {logging_mixin.py:190} INFO - [2025-03-27T07:23:37.074+0530] {dag.py:4180} INFO - Setting next_dagrun for dataset_s3_bucket_producer_with_no_taskflow to None, run_after=None
[2025-03-27T07:23:37.082+0530] {processor.py:208} INFO - Processing /Users/uk/miniforge3/lib/python3.10/site-packages/airflow/example_dags/example_dataset_alias_with_no_taskflow.py took 0.091 seconds
[2025-03-27T07:26:01.447+0530] {processor.py:186} INFO - Started process (PID=15650) to work on /Users/uk/miniforge3/lib/python3.10/site-packages/airflow/example_dags/example_dataset_alias_with_no_taskflow.py
[2025-03-27T07:26:01.447+0530] {processor.py:914} INFO - Processing file /Users/uk/miniforge3/lib/python3.10/site-packages/airflow/example_dags/example_dataset_alias_with_no_taskflow.py for tasks to queue
[2025-03-27T07:26:01.448+0530] {logging_mixin.py:190} INFO - [2025-03-27T07:26:01.448+0530] {dagbag.py:588} INFO - Filling up the DagBag from /Users/uk/miniforge3/lib/python3.10/site-packages/airflow/example_dags/example_dataset_alias_with_no_taskflow.py
[2025-03-27T07:26:01.509+0530] {processor.py:925} INFO - DAG(s) 'dataset_alias_example_alias_consumer_with_no_taskflow', 'dataset_s3_bucket_consumer_with_no_taskflow', 'dataset_alias_example_alias_producer_with_no_taskflow', 'dataset_s3_bucket_producer_with_no_taskflow' retrieved from /Users/uk/miniforge3/lib/python3.10/site-packages/airflow/example_dags/example_dataset_alias_with_no_taskflow.py
[2025-03-27T07:26:01.518+0530] {logging_mixin.py:190} INFO - [2025-03-27T07:26:01.517+0530] {dag.py:3239} INFO - Sync 4 DAGs
[2025-03-27T07:26:01.524+0530] {logging_mixin.py:190} INFO - [2025-03-27T07:26:01.524+0530] {dag.py:4180} INFO - Setting next_dagrun for dataset_alias_example_alias_consumer_with_no_taskflow to None, run_after=None
[2025-03-27T07:26:01.525+0530] {logging_mixin.py:190} INFO - [2025-03-27T07:26:01.525+0530] {dag.py:4180} INFO - Setting next_dagrun for dataset_alias_example_alias_producer_with_no_taskflow to None, run_after=None
[2025-03-27T07:26:01.525+0530] {logging_mixin.py:190} INFO - [2025-03-27T07:26:01.525+0530] {dag.py:4180} INFO - Setting next_dagrun for dataset_s3_bucket_consumer_with_no_taskflow to None, run_after=None
[2025-03-27T07:26:01.525+0530] {logging_mixin.py:190} INFO - [2025-03-27T07:26:01.525+0530] {dag.py:4180} INFO - Setting next_dagrun for dataset_s3_bucket_producer_with_no_taskflow to None, run_after=None
[2025-03-27T07:26:01.533+0530] {processor.py:208} INFO - Processing /Users/uk/miniforge3/lib/python3.10/site-packages/airflow/example_dags/example_dataset_alias_with_no_taskflow.py took 0.087 seconds
[2025-03-27T07:28:28.931+0530] {processor.py:186} INFO - Started process (PID=15887) to work on /Users/uk/miniforge3/lib/python3.10/site-packages/airflow/example_dags/example_dataset_alias_with_no_taskflow.py
[2025-03-27T07:28:28.931+0530] {processor.py:914} INFO - Processing file /Users/uk/miniforge3/lib/python3.10/site-packages/airflow/example_dags/example_dataset_alias_with_no_taskflow.py for tasks to queue
[2025-03-27T07:28:28.932+0530] {logging_mixin.py:190} INFO - [2025-03-27T07:28:28.932+0530] {dagbag.py:588} INFO - Filling up the DagBag from /Users/uk/miniforge3/lib/python3.10/site-packages/airflow/example_dags/example_dataset_alias_with_no_taskflow.py
[2025-03-27T07:28:28.992+0530] {processor.py:925} INFO - DAG(s) 'dataset_alias_example_alias_producer_with_no_taskflow', 'dataset_alias_example_alias_consumer_with_no_taskflow', 'dataset_s3_bucket_consumer_with_no_taskflow', 'dataset_s3_bucket_producer_with_no_taskflow' retrieved from /Users/uk/miniforge3/lib/python3.10/site-packages/airflow/example_dags/example_dataset_alias_with_no_taskflow.py
[2025-03-27T07:28:29.000+0530] {logging_mixin.py:190} INFO - [2025-03-27T07:28:29.000+0530] {dag.py:3239} INFO - Sync 4 DAGs
[2025-03-27T07:28:29.006+0530] {logging_mixin.py:190} INFO - [2025-03-27T07:28:29.006+0530] {dag.py:4180} INFO - Setting next_dagrun for dataset_alias_example_alias_consumer_with_no_taskflow to None, run_after=None
[2025-03-27T07:28:29.007+0530] {logging_mixin.py:190} INFO - [2025-03-27T07:28:29.007+0530] {dag.py:4180} INFO - Setting next_dagrun for dataset_alias_example_alias_producer_with_no_taskflow to None, run_after=None
[2025-03-27T07:28:29.007+0530] {logging_mixin.py:190} INFO - [2025-03-27T07:28:29.007+0530] {dag.py:4180} INFO - Setting next_dagrun for dataset_s3_bucket_consumer_with_no_taskflow to None, run_after=None
[2025-03-27T07:28:29.008+0530] {logging_mixin.py:190} INFO - [2025-03-27T07:28:29.008+0530] {dag.py:4180} INFO - Setting next_dagrun for dataset_s3_bucket_producer_with_no_taskflow to None, run_after=None
[2025-03-27T07:28:29.015+0530] {processor.py:208} INFO - Processing /Users/uk/miniforge3/lib/python3.10/site-packages/airflow/example_dags/example_dataset_alias_with_no_taskflow.py took 0.085 seconds
[2025-03-27T07:30:58.025+0530] {processor.py:186} INFO - Started process (PID=16175) to work on /Users/uk/miniforge3/lib/python3.10/site-packages/airflow/example_dags/example_dataset_alias_with_no_taskflow.py
[2025-03-27T07:30:58.026+0530] {processor.py:914} INFO - Processing file /Users/uk/miniforge3/lib/python3.10/site-packages/airflow/example_dags/example_dataset_alias_with_no_taskflow.py for tasks to queue
[2025-03-27T07:30:58.026+0530] {logging_mixin.py:190} INFO - [2025-03-27T07:30:58.026+0530] {dagbag.py:588} INFO - Filling up the DagBag from /Users/uk/miniforge3/lib/python3.10/site-packages/airflow/example_dags/example_dataset_alias_with_no_taskflow.py
[2025-03-27T07:30:58.085+0530] {processor.py:925} INFO - DAG(s) 'dataset_alias_example_alias_producer_with_no_taskflow', 'dataset_alias_example_alias_consumer_with_no_taskflow', 'dataset_s3_bucket_consumer_with_no_taskflow', 'dataset_s3_bucket_producer_with_no_taskflow' retrieved from /Users/uk/miniforge3/lib/python3.10/site-packages/airflow/example_dags/example_dataset_alias_with_no_taskflow.py
[2025-03-27T07:30:58.094+0530] {logging_mixin.py:190} INFO - [2025-03-27T07:30:58.094+0530] {dag.py:3239} INFO - Sync 4 DAGs
[2025-03-27T07:30:58.102+0530] {logging_mixin.py:190} INFO - [2025-03-27T07:30:58.102+0530] {dag.py:4180} INFO - Setting next_dagrun for dataset_alias_example_alias_consumer_with_no_taskflow to None, run_after=None
[2025-03-27T07:30:58.103+0530] {logging_mixin.py:190} INFO - [2025-03-27T07:30:58.103+0530] {dag.py:4180} INFO - Setting next_dagrun for dataset_alias_example_alias_producer_with_no_taskflow to None, run_after=None
[2025-03-27T07:30:58.103+0530] {logging_mixin.py:190} INFO - [2025-03-27T07:30:58.103+0530] {dag.py:4180} INFO - Setting next_dagrun for dataset_s3_bucket_consumer_with_no_taskflow to None, run_after=None
[2025-03-27T07:30:58.103+0530] {logging_mixin.py:190} INFO - [2025-03-27T07:30:58.103+0530] {dag.py:4180} INFO - Setting next_dagrun for dataset_s3_bucket_producer_with_no_taskflow to None, run_after=None
[2025-03-27T07:30:58.115+0530] {processor.py:208} INFO - Processing /Users/uk/miniforge3/lib/python3.10/site-packages/airflow/example_dags/example_dataset_alias_with_no_taskflow.py took 0.091 seconds
[2025-03-27T07:33:27.411+0530] {processor.py:186} INFO - Started process (PID=16476) to work on /Users/uk/miniforge3/lib/python3.10/site-packages/airflow/example_dags/example_dataset_alias_with_no_taskflow.py
[2025-03-27T07:33:27.412+0530] {processor.py:914} INFO - Processing file /Users/uk/miniforge3/lib/python3.10/site-packages/airflow/example_dags/example_dataset_alias_with_no_taskflow.py for tasks to queue
[2025-03-27T07:33:27.412+0530] {logging_mixin.py:190} INFO - [2025-03-27T07:33:27.412+0530] {dagbag.py:588} INFO - Filling up the DagBag from /Users/uk/miniforge3/lib/python3.10/site-packages/airflow/example_dags/example_dataset_alias_with_no_taskflow.py
[2025-03-27T07:33:27.474+0530] {processor.py:925} INFO - DAG(s) 'dataset_alias_example_alias_consumer_with_no_taskflow', 'dataset_alias_example_alias_producer_with_no_taskflow', 'dataset_s3_bucket_consumer_with_no_taskflow', 'dataset_s3_bucket_producer_with_no_taskflow' retrieved from /Users/uk/miniforge3/lib/python3.10/site-packages/airflow/example_dags/example_dataset_alias_with_no_taskflow.py
[2025-03-27T07:33:27.483+0530] {logging_mixin.py:190} INFO - [2025-03-27T07:33:27.483+0530] {dag.py:3239} INFO - Sync 4 DAGs
[2025-03-27T07:33:27.490+0530] {logging_mixin.py:190} INFO - [2025-03-27T07:33:27.490+0530] {dag.py:4180} INFO - Setting next_dagrun for dataset_alias_example_alias_consumer_with_no_taskflow to None, run_after=None
[2025-03-27T07:33:27.491+0530] {logging_mixin.py:190} INFO - [2025-03-27T07:33:27.491+0530] {dag.py:4180} INFO - Setting next_dagrun for dataset_alias_example_alias_producer_with_no_taskflow to None, run_after=None
[2025-03-27T07:33:27.492+0530] {logging_mixin.py:190} INFO - [2025-03-27T07:33:27.492+0530] {dag.py:4180} INFO - Setting next_dagrun for dataset_s3_bucket_consumer_with_no_taskflow to None, run_after=None
[2025-03-27T07:33:27.492+0530] {logging_mixin.py:190} INFO - [2025-03-27T07:33:27.492+0530] {dag.py:4180} INFO - Setting next_dagrun for dataset_s3_bucket_producer_with_no_taskflow to None, run_after=None
[2025-03-27T07:33:27.500+0530] {processor.py:208} INFO - Processing /Users/uk/miniforge3/lib/python3.10/site-packages/airflow/example_dags/example_dataset_alias_with_no_taskflow.py took 0.090 seconds
[2025-03-27T07:35:58.119+0530] {processor.py:186} INFO - Started process (PID=16766) to work on /Users/uk/miniforge3/lib/python3.10/site-packages/airflow/example_dags/example_dataset_alias_with_no_taskflow.py
[2025-03-27T07:35:58.120+0530] {processor.py:914} INFO - Processing file /Users/uk/miniforge3/lib/python3.10/site-packages/airflow/example_dags/example_dataset_alias_with_no_taskflow.py for tasks to queue
[2025-03-27T07:35:58.120+0530] {logging_mixin.py:190} INFO - [2025-03-27T07:35:58.120+0530] {dagbag.py:588} INFO - Filling up the DagBag from /Users/uk/miniforge3/lib/python3.10/site-packages/airflow/example_dags/example_dataset_alias_with_no_taskflow.py
[2025-03-27T07:35:58.183+0530] {processor.py:925} INFO - DAG(s) 'dataset_alias_example_alias_producer_with_no_taskflow', 'dataset_s3_bucket_producer_with_no_taskflow', 'dataset_alias_example_alias_consumer_with_no_taskflow', 'dataset_s3_bucket_consumer_with_no_taskflow' retrieved from /Users/uk/miniforge3/lib/python3.10/site-packages/airflow/example_dags/example_dataset_alias_with_no_taskflow.py
[2025-03-27T07:35:58.192+0530] {logging_mixin.py:190} INFO - [2025-03-27T07:35:58.192+0530] {dag.py:3239} INFO - Sync 4 DAGs
[2025-03-27T07:35:58.199+0530] {logging_mixin.py:190} INFO - [2025-03-27T07:35:58.199+0530] {dag.py:4180} INFO - Setting next_dagrun for dataset_alias_example_alias_consumer_with_no_taskflow to None, run_after=None
[2025-03-27T07:35:58.199+0530] {logging_mixin.py:190} INFO - [2025-03-27T07:35:58.199+0530] {dag.py:4180} INFO - Setting next_dagrun for dataset_alias_example_alias_producer_with_no_taskflow to None, run_after=None
[2025-03-27T07:35:58.200+0530] {logging_mixin.py:190} INFO - [2025-03-27T07:35:58.200+0530] {dag.py:4180} INFO - Setting next_dagrun for dataset_s3_bucket_consumer_with_no_taskflow to None, run_after=None
[2025-03-27T07:35:58.200+0530] {logging_mixin.py:190} INFO - [2025-03-27T07:35:58.200+0530] {dag.py:4180} INFO - Setting next_dagrun for dataset_s3_bucket_producer_with_no_taskflow to None, run_after=None
[2025-03-27T07:35:58.208+0530] {processor.py:208} INFO - Processing /Users/uk/miniforge3/lib/python3.10/site-packages/airflow/example_dags/example_dataset_alias_with_no_taskflow.py took 0.090 seconds
[2025-03-27T07:40:29.350+0530] {processor.py:186} INFO - Started process (PID=17390) to work on /Users/uk/miniforge3/lib/python3.10/site-packages/airflow/example_dags/example_dataset_alias_with_no_taskflow.py
[2025-03-27T07:40:29.350+0530] {processor.py:914} INFO - Processing file /Users/uk/miniforge3/lib/python3.10/site-packages/airflow/example_dags/example_dataset_alias_with_no_taskflow.py for tasks to queue
[2025-03-27T07:40:29.351+0530] {logging_mixin.py:190} INFO - [2025-03-27T07:40:29.351+0530] {dagbag.py:588} INFO - Filling up the DagBag from /Users/uk/miniforge3/lib/python3.10/site-packages/airflow/example_dags/example_dataset_alias_with_no_taskflow.py
[2025-03-27T07:40:29.411+0530] {processor.py:925} INFO - DAG(s) 'dataset_alias_example_alias_producer_with_no_taskflow', 'dataset_s3_bucket_consumer_with_no_taskflow', 'dataset_s3_bucket_producer_with_no_taskflow', 'dataset_alias_example_alias_consumer_with_no_taskflow' retrieved from /Users/uk/miniforge3/lib/python3.10/site-packages/airflow/example_dags/example_dataset_alias_with_no_taskflow.py
[2025-03-27T07:40:29.450+0530] {logging_mixin.py:190} INFO - [2025-03-27T07:40:29.450+0530] {override.py:1930} INFO - Created Permission View: can read on DAG:dataset_alias_example_alias_producer_with_no_taskflow
[2025-03-27T07:40:29.453+0530] {logging_mixin.py:190} INFO - [2025-03-27T07:40:29.453+0530] {override.py:1930} INFO - Created Permission View: can delete on DAG:dataset_alias_example_alias_producer_with_no_taskflow
[2025-03-27T07:40:29.456+0530] {logging_mixin.py:190} INFO - [2025-03-27T07:40:29.456+0530] {override.py:1930} INFO - Created Permission View: can edit on DAG:dataset_alias_example_alias_producer_with_no_taskflow
[2025-03-27T07:40:29.459+0530] {logging_mixin.py:190} INFO - [2025-03-27T07:40:29.459+0530] {override.py:1930} INFO - Created Permission View: can read on DAG Run:dataset_alias_example_alias_producer_with_no_taskflow
[2025-03-27T07:40:29.461+0530] {logging_mixin.py:190} INFO - [2025-03-27T07:40:29.461+0530] {override.py:1930} INFO - Created Permission View: can delete on DAG Run:dataset_alias_example_alias_producer_with_no_taskflow
[2025-03-27T07:40:29.464+0530] {logging_mixin.py:190} INFO - [2025-03-27T07:40:29.464+0530] {override.py:1930} INFO - Created Permission View: can create on DAG Run:dataset_alias_example_alias_producer_with_no_taskflow
[2025-03-27T07:40:29.466+0530] {logging_mixin.py:190} INFO - [2025-03-27T07:40:29.466+0530] {override.py:1930} INFO - Created Permission View: menu access on DAG Run:dataset_alias_example_alias_producer_with_no_taskflow
[2025-03-27T07:40:29.470+0530] {logging_mixin.py:190} INFO - [2025-03-27T07:40:29.470+0530] {override.py:1930} INFO - Created Permission View: can read on DAG:dataset_s3_bucket_consumer_with_no_taskflow
[2025-03-27T07:40:29.472+0530] {logging_mixin.py:190} INFO - [2025-03-27T07:40:29.472+0530] {override.py:1930} INFO - Created Permission View: can delete on DAG:dataset_s3_bucket_consumer_with_no_taskflow
[2025-03-27T07:40:29.474+0530] {logging_mixin.py:190} INFO - [2025-03-27T07:40:29.474+0530] {override.py:1930} INFO - Created Permission View: can edit on DAG:dataset_s3_bucket_consumer_with_no_taskflow
[2025-03-27T07:40:29.477+0530] {logging_mixin.py:190} INFO - [2025-03-27T07:40:29.477+0530] {override.py:1930} INFO - Created Permission View: can read on DAG Run:dataset_s3_bucket_consumer_with_no_taskflow
[2025-03-27T07:40:29.479+0530] {logging_mixin.py:190} INFO - [2025-03-27T07:40:29.479+0530] {override.py:1930} INFO - Created Permission View: can delete on DAG Run:dataset_s3_bucket_consumer_with_no_taskflow
[2025-03-27T07:40:29.481+0530] {logging_mixin.py:190} INFO - [2025-03-27T07:40:29.481+0530] {override.py:1930} INFO - Created Permission View: can create on DAG Run:dataset_s3_bucket_consumer_with_no_taskflow
[2025-03-27T07:40:29.483+0530] {logging_mixin.py:190} INFO - [2025-03-27T07:40:29.483+0530] {override.py:1930} INFO - Created Permission View: menu access on DAG Run:dataset_s3_bucket_consumer_with_no_taskflow
[2025-03-27T07:40:29.488+0530] {logging_mixin.py:190} INFO - [2025-03-27T07:40:29.488+0530] {override.py:1930} INFO - Created Permission View: can read on DAG:dataset_s3_bucket_producer_with_no_taskflow
[2025-03-27T07:40:29.490+0530] {logging_mixin.py:190} INFO - [2025-03-27T07:40:29.490+0530] {override.py:1930} INFO - Created Permission View: can delete on DAG:dataset_s3_bucket_producer_with_no_taskflow
[2025-03-27T07:40:29.492+0530] {logging_mixin.py:190} INFO - [2025-03-27T07:40:29.492+0530] {override.py:1930} INFO - Created Permission View: can edit on DAG:dataset_s3_bucket_producer_with_no_taskflow
[2025-03-27T07:40:29.495+0530] {logging_mixin.py:190} INFO - [2025-03-27T07:40:29.495+0530] {override.py:1930} INFO - Created Permission View: can read on DAG Run:dataset_s3_bucket_producer_with_no_taskflow
[2025-03-27T07:40:29.497+0530] {logging_mixin.py:190} INFO - [2025-03-27T07:40:29.497+0530] {override.py:1930} INFO - Created Permission View: can delete on DAG Run:dataset_s3_bucket_producer_with_no_taskflow
[2025-03-27T07:40:29.499+0530] {logging_mixin.py:190} INFO - [2025-03-27T07:40:29.499+0530] {override.py:1930} INFO - Created Permission View: can create on DAG Run:dataset_s3_bucket_producer_with_no_taskflow
[2025-03-27T07:40:29.501+0530] {logging_mixin.py:190} INFO - [2025-03-27T07:40:29.501+0530] {override.py:1930} INFO - Created Permission View: menu access on DAG Run:dataset_s3_bucket_producer_with_no_taskflow
[2025-03-27T07:40:29.505+0530] {logging_mixin.py:190} INFO - [2025-03-27T07:40:29.505+0530] {override.py:1930} INFO - Created Permission View: can read on DAG:dataset_alias_example_alias_consumer_with_no_taskflow
[2025-03-27T07:40:29.507+0530] {logging_mixin.py:190} INFO - [2025-03-27T07:40:29.507+0530] {override.py:1930} INFO - Created Permission View: can delete on DAG:dataset_alias_example_alias_consumer_with_no_taskflow
[2025-03-27T07:40:29.509+0530] {logging_mixin.py:190} INFO - [2025-03-27T07:40:29.509+0530] {override.py:1930} INFO - Created Permission View: can edit on DAG:dataset_alias_example_alias_consumer_with_no_taskflow
[2025-03-27T07:40:29.512+0530] {logging_mixin.py:190} INFO - [2025-03-27T07:40:29.512+0530] {override.py:1930} INFO - Created Permission View: can read on DAG Run:dataset_alias_example_alias_consumer_with_no_taskflow
[2025-03-27T07:40:29.514+0530] {logging_mixin.py:190} INFO - [2025-03-27T07:40:29.514+0530] {override.py:1930} INFO - Created Permission View: can delete on DAG Run:dataset_alias_example_alias_consumer_with_no_taskflow
[2025-03-27T07:40:29.516+0530] {logging_mixin.py:190} INFO - [2025-03-27T07:40:29.516+0530] {override.py:1930} INFO - Created Permission View: can create on DAG Run:dataset_alias_example_alias_consumer_with_no_taskflow
[2025-03-27T07:40:29.518+0530] {logging_mixin.py:190} INFO - [2025-03-27T07:40:29.518+0530] {override.py:1930} INFO - Created Permission View: menu access on DAG Run:dataset_alias_example_alias_consumer_with_no_taskflow
[2025-03-27T07:40:29.519+0530] {logging_mixin.py:190} INFO - [2025-03-27T07:40:29.518+0530] {dag.py:3239} INFO - Sync 4 DAGs
[2025-03-27T07:40:29.523+0530] {logging_mixin.py:190} INFO - [2025-03-27T07:40:29.523+0530] {dag.py:3262} INFO - Creating ORM DAG for dataset_alias_example_alias_consumer_with_no_taskflow
[2025-03-27T07:40:29.523+0530] {logging_mixin.py:190} INFO - [2025-03-27T07:40:29.523+0530] {dag.py:3262} INFO - Creating ORM DAG for dataset_s3_bucket_consumer_with_no_taskflow
[2025-03-27T07:40:29.524+0530] {logging_mixin.py:190} INFO - [2025-03-27T07:40:29.524+0530] {dag.py:3262} INFO - Creating ORM DAG for dataset_alias_example_alias_producer_with_no_taskflow
[2025-03-27T07:40:29.524+0530] {logging_mixin.py:190} INFO - [2025-03-27T07:40:29.524+0530] {dag.py:3262} INFO - Creating ORM DAG for dataset_s3_bucket_producer_with_no_taskflow
[2025-03-27T07:40:29.527+0530] {logging_mixin.py:190} INFO - [2025-03-27T07:40:29.527+0530] {dag.py:4180} INFO - Setting next_dagrun for dataset_alias_example_alias_consumer_with_no_taskflow to None, run_after=None
[2025-03-27T07:40:29.527+0530] {logging_mixin.py:190} INFO - [2025-03-27T07:40:29.527+0530] {dag.py:4180} INFO - Setting next_dagrun for dataset_alias_example_alias_producer_with_no_taskflow to None, run_after=None
[2025-03-27T07:40:29.527+0530] {logging_mixin.py:190} INFO - [2025-03-27T07:40:29.527+0530] {dag.py:4180} INFO - Setting next_dagrun for dataset_s3_bucket_consumer_with_no_taskflow to None, run_after=None
[2025-03-27T07:40:29.527+0530] {logging_mixin.py:190} INFO - [2025-03-27T07:40:29.527+0530] {dag.py:4180} INFO - Setting next_dagrun for dataset_s3_bucket_producer_with_no_taskflow to None, run_after=None
[2025-03-27T07:40:29.736+0530] {processor.py:208} INFO - Processing /Users/uk/miniforge3/lib/python3.10/site-packages/airflow/example_dags/example_dataset_alias_with_no_taskflow.py took 0.388 seconds
[2025-03-27T07:43:02.520+0530] {processor.py:186} INFO - Started process (PID=17735) to work on /Users/uk/miniforge3/lib/python3.10/site-packages/airflow/example_dags/example_dataset_alias_with_no_taskflow.py
[2025-03-27T07:43:02.521+0530] {processor.py:914} INFO - Processing file /Users/uk/miniforge3/lib/python3.10/site-packages/airflow/example_dags/example_dataset_alias_with_no_taskflow.py for tasks to queue
[2025-03-27T07:43:02.521+0530] {logging_mixin.py:190} INFO - [2025-03-27T07:43:02.521+0530] {dagbag.py:588} INFO - Filling up the DagBag from /Users/uk/miniforge3/lib/python3.10/site-packages/airflow/example_dags/example_dataset_alias_with_no_taskflow.py
[2025-03-27T07:43:02.581+0530] {processor.py:925} INFO - DAG(s) 'dataset_s3_bucket_consumer_with_no_taskflow', 'dataset_alias_example_alias_producer_with_no_taskflow', 'dataset_alias_example_alias_consumer_with_no_taskflow', 'dataset_s3_bucket_producer_with_no_taskflow' retrieved from /Users/uk/miniforge3/lib/python3.10/site-packages/airflow/example_dags/example_dataset_alias_with_no_taskflow.py
[2025-03-27T07:43:02.589+0530] {logging_mixin.py:190} INFO - [2025-03-27T07:43:02.589+0530] {dag.py:3239} INFO - Sync 4 DAGs
[2025-03-27T07:43:02.595+0530] {logging_mixin.py:190} INFO - [2025-03-27T07:43:02.595+0530] {dag.py:4180} INFO - Setting next_dagrun for dataset_alias_example_alias_consumer_with_no_taskflow to None, run_after=None
[2025-03-27T07:43:02.596+0530] {logging_mixin.py:190} INFO - [2025-03-27T07:43:02.596+0530] {dag.py:4180} INFO - Setting next_dagrun for dataset_alias_example_alias_producer_with_no_taskflow to None, run_after=None
[2025-03-27T07:43:02.596+0530] {logging_mixin.py:190} INFO - [2025-03-27T07:43:02.596+0530] {dag.py:4180} INFO - Setting next_dagrun for dataset_s3_bucket_consumer_with_no_taskflow to None, run_after=None
[2025-03-27T07:43:02.597+0530] {logging_mixin.py:190} INFO - [2025-03-27T07:43:02.597+0530] {dag.py:4180} INFO - Setting next_dagrun for dataset_s3_bucket_producer_with_no_taskflow to None, run_after=None
[2025-03-27T07:43:02.604+0530] {processor.py:208} INFO - Processing /Users/uk/miniforge3/lib/python3.10/site-packages/airflow/example_dags/example_dataset_alias_with_no_taskflow.py took 0.085 seconds
[2025-03-27T07:45:30.015+0530] {processor.py:186} INFO - Started process (PID=18103) to work on /Users/uk/miniforge3/lib/python3.10/site-packages/airflow/example_dags/example_dataset_alias_with_no_taskflow.py
[2025-03-27T07:45:30.016+0530] {processor.py:914} INFO - Processing file /Users/uk/miniforge3/lib/python3.10/site-packages/airflow/example_dags/example_dataset_alias_with_no_taskflow.py for tasks to queue
[2025-03-27T07:45:30.016+0530] {logging_mixin.py:190} INFO - [2025-03-27T07:45:30.016+0530] {dagbag.py:588} INFO - Filling up the DagBag from /Users/uk/miniforge3/lib/python3.10/site-packages/airflow/example_dags/example_dataset_alias_with_no_taskflow.py
[2025-03-27T07:45:30.074+0530] {processor.py:925} INFO - DAG(s) 'dataset_s3_bucket_consumer_with_no_taskflow', 'dataset_s3_bucket_producer_with_no_taskflow', 'dataset_alias_example_alias_producer_with_no_taskflow', 'dataset_alias_example_alias_consumer_with_no_taskflow' retrieved from /Users/uk/miniforge3/lib/python3.10/site-packages/airflow/example_dags/example_dataset_alias_with_no_taskflow.py
[2025-03-27T07:45:30.085+0530] {logging_mixin.py:190} INFO - [2025-03-27T07:45:30.085+0530] {dag.py:3239} INFO - Sync 4 DAGs
[2025-03-27T07:45:30.092+0530] {logging_mixin.py:190} INFO - [2025-03-27T07:45:30.092+0530] {dag.py:4180} INFO - Setting next_dagrun for dataset_alias_example_alias_consumer_with_no_taskflow to None, run_after=None
[2025-03-27T07:45:30.092+0530] {logging_mixin.py:190} INFO - [2025-03-27T07:45:30.092+0530] {dag.py:4180} INFO - Setting next_dagrun for dataset_alias_example_alias_producer_with_no_taskflow to None, run_after=None
[2025-03-27T07:45:30.093+0530] {logging_mixin.py:190} INFO - [2025-03-27T07:45:30.093+0530] {dag.py:4180} INFO - Setting next_dagrun for dataset_s3_bucket_consumer_with_no_taskflow to None, run_after=None
[2025-03-27T07:45:30.093+0530] {logging_mixin.py:190} INFO - [2025-03-27T07:45:30.093+0530] {dag.py:4180} INFO - Setting next_dagrun for dataset_s3_bucket_producer_with_no_taskflow to None, run_after=None
[2025-03-27T07:45:30.101+0530] {processor.py:208} INFO - Processing /Users/uk/miniforge3/lib/python3.10/site-packages/airflow/example_dags/example_dataset_alias_with_no_taskflow.py took 0.087 seconds
[2025-03-27T07:47:16.061+0530] {processor.py:186} INFO - Started process (PID=18344) to work on /Users/uk/miniforge3/lib/python3.10/site-packages/airflow/example_dags/example_dataset_alias_with_no_taskflow.py
[2025-03-27T07:47:16.062+0530] {processor.py:914} INFO - Processing file /Users/uk/miniforge3/lib/python3.10/site-packages/airflow/example_dags/example_dataset_alias_with_no_taskflow.py for tasks to queue
[2025-03-27T07:47:16.062+0530] {logging_mixin.py:190} INFO - [2025-03-27T07:47:16.062+0530] {dagbag.py:588} INFO - Filling up the DagBag from /Users/uk/miniforge3/lib/python3.10/site-packages/airflow/example_dags/example_dataset_alias_with_no_taskflow.py
[2025-03-27T07:47:16.125+0530] {processor.py:925} INFO - DAG(s) 'dataset_s3_bucket_consumer_with_no_taskflow', 'dataset_s3_bucket_producer_with_no_taskflow', 'dataset_alias_example_alias_consumer_with_no_taskflow', 'dataset_alias_example_alias_producer_with_no_taskflow' retrieved from /Users/uk/miniforge3/lib/python3.10/site-packages/airflow/example_dags/example_dataset_alias_with_no_taskflow.py
[2025-03-27T07:47:16.134+0530] {logging_mixin.py:190} INFO - [2025-03-27T07:47:16.134+0530] {dag.py:3239} INFO - Sync 4 DAGs
[2025-03-27T07:47:16.142+0530] {logging_mixin.py:190} INFO - [2025-03-27T07:47:16.141+0530] {dag.py:4180} INFO - Setting next_dagrun for dataset_alias_example_alias_consumer_with_no_taskflow to None, run_after=None
[2025-03-27T07:47:16.143+0530] {logging_mixin.py:190} INFO - [2025-03-27T07:47:16.142+0530] {dag.py:4180} INFO - Setting next_dagrun for dataset_alias_example_alias_producer_with_no_taskflow to None, run_after=None
[2025-03-27T07:47:16.143+0530] {logging_mixin.py:190} INFO - [2025-03-27T07:47:16.143+0530] {dag.py:4180} INFO - Setting next_dagrun for dataset_s3_bucket_consumer_with_no_taskflow to None, run_after=None
[2025-03-27T07:47:16.143+0530] {logging_mixin.py:190} INFO - [2025-03-27T07:47:16.143+0530] {dag.py:4180} INFO - Setting next_dagrun for dataset_s3_bucket_producer_with_no_taskflow to None, run_after=None
[2025-03-27T07:47:16.151+0530] {processor.py:208} INFO - Processing /Users/uk/miniforge3/lib/python3.10/site-packages/airflow/example_dags/example_dataset_alias_with_no_taskflow.py took 0.092 seconds
[2025-03-27T07:49:52.516+0530] {processor.py:186} INFO - Started process (PID=18619) to work on /Users/uk/miniforge3/lib/python3.10/site-packages/airflow/example_dags/example_dataset_alias_with_no_taskflow.py
[2025-03-27T07:49:52.516+0530] {processor.py:914} INFO - Processing file /Users/uk/miniforge3/lib/python3.10/site-packages/airflow/example_dags/example_dataset_alias_with_no_taskflow.py for tasks to queue
[2025-03-27T07:49:52.517+0530] {logging_mixin.py:190} INFO - [2025-03-27T07:49:52.517+0530] {dagbag.py:588} INFO - Filling up the DagBag from /Users/uk/miniforge3/lib/python3.10/site-packages/airflow/example_dags/example_dataset_alias_with_no_taskflow.py
[2025-03-27T07:49:52.576+0530] {processor.py:925} INFO - DAG(s) 'dataset_s3_bucket_consumer_with_no_taskflow', 'dataset_s3_bucket_producer_with_no_taskflow', 'dataset_alias_example_alias_producer_with_no_taskflow', 'dataset_alias_example_alias_consumer_with_no_taskflow' retrieved from /Users/uk/miniforge3/lib/python3.10/site-packages/airflow/example_dags/example_dataset_alias_with_no_taskflow.py
[2025-03-27T07:49:52.585+0530] {logging_mixin.py:190} INFO - [2025-03-27T07:49:52.585+0530] {dag.py:3239} INFO - Sync 4 DAGs
[2025-03-27T07:49:52.591+0530] {logging_mixin.py:190} INFO - [2025-03-27T07:49:52.591+0530] {dag.py:4180} INFO - Setting next_dagrun for dataset_alias_example_alias_consumer_with_no_taskflow to None, run_after=None
[2025-03-27T07:49:52.592+0530] {logging_mixin.py:190} INFO - [2025-03-27T07:49:52.592+0530] {dag.py:4180} INFO - Setting next_dagrun for dataset_alias_example_alias_producer_with_no_taskflow to None, run_after=None
[2025-03-27T07:49:52.592+0530] {logging_mixin.py:190} INFO - [2025-03-27T07:49:52.592+0530] {dag.py:4180} INFO - Setting next_dagrun for dataset_s3_bucket_consumer_with_no_taskflow to None, run_after=None
[2025-03-27T07:49:52.593+0530] {logging_mixin.py:190} INFO - [2025-03-27T07:49:52.593+0530] {dag.py:4180} INFO - Setting next_dagrun for dataset_s3_bucket_producer_with_no_taskflow to None, run_after=None
[2025-03-27T07:49:52.600+0530] {processor.py:208} INFO - Processing /Users/uk/miniforge3/lib/python3.10/site-packages/airflow/example_dags/example_dataset_alias_with_no_taskflow.py took 0.086 seconds
[2025-03-27T07:55:37.400+0530] {processor.py:186} INFO - Started process (PID=20344) to work on /Users/uk/miniforge3/lib/python3.10/site-packages/airflow/example_dags/example_dataset_alias_with_no_taskflow.py
[2025-03-27T07:55:37.401+0530] {processor.py:914} INFO - Processing file /Users/uk/miniforge3/lib/python3.10/site-packages/airflow/example_dags/example_dataset_alias_with_no_taskflow.py for tasks to queue
[2025-03-27T07:55:37.401+0530] {logging_mixin.py:190} INFO - [2025-03-27T07:55:37.401+0530] {dagbag.py:588} INFO - Filling up the DagBag from /Users/uk/miniforge3/lib/python3.10/site-packages/airflow/example_dags/example_dataset_alias_with_no_taskflow.py
[2025-03-27T07:55:37.465+0530] {processor.py:925} INFO - DAG(s) 'dataset_s3_bucket_consumer_with_no_taskflow', 'dataset_alias_example_alias_producer_with_no_taskflow', 'dataset_s3_bucket_producer_with_no_taskflow', 'dataset_alias_example_alias_consumer_with_no_taskflow' retrieved from /Users/uk/miniforge3/lib/python3.10/site-packages/airflow/example_dags/example_dataset_alias_with_no_taskflow.py
[2025-03-27T07:55:37.474+0530] {logging_mixin.py:190} INFO - [2025-03-27T07:55:37.474+0530] {dag.py:3239} INFO - Sync 4 DAGs
[2025-03-27T07:55:37.481+0530] {logging_mixin.py:190} INFO - [2025-03-27T07:55:37.481+0530] {dag.py:4180} INFO - Setting next_dagrun for dataset_alias_example_alias_consumer_with_no_taskflow to None, run_after=None
[2025-03-27T07:55:37.482+0530] {logging_mixin.py:190} INFO - [2025-03-27T07:55:37.482+0530] {dag.py:4180} INFO - Setting next_dagrun for dataset_alias_example_alias_producer_with_no_taskflow to None, run_after=None
[2025-03-27T07:55:37.482+0530] {logging_mixin.py:190} INFO - [2025-03-27T07:55:37.482+0530] {dag.py:4180} INFO - Setting next_dagrun for dataset_s3_bucket_consumer_with_no_taskflow to None, run_after=None
[2025-03-27T07:55:37.483+0530] {logging_mixin.py:190} INFO - [2025-03-27T07:55:37.483+0530] {dag.py:4180} INFO - Setting next_dagrun for dataset_s3_bucket_producer_with_no_taskflow to None, run_after=None
[2025-03-27T07:55:37.491+0530] {processor.py:208} INFO - Processing /Users/uk/miniforge3/lib/python3.10/site-packages/airflow/example_dags/example_dataset_alias_with_no_taskflow.py took 0.092 seconds
[2025-03-27T07:58:09.404+0530] {processor.py:186} INFO - Started process (PID=20656) to work on /Users/uk/miniforge3/lib/python3.10/site-packages/airflow/example_dags/example_dataset_alias_with_no_taskflow.py
[2025-03-27T07:58:09.405+0530] {processor.py:914} INFO - Processing file /Users/uk/miniforge3/lib/python3.10/site-packages/airflow/example_dags/example_dataset_alias_with_no_taskflow.py for tasks to queue
[2025-03-27T07:58:09.405+0530] {logging_mixin.py:190} INFO - [2025-03-27T07:58:09.405+0530] {dagbag.py:588} INFO - Filling up the DagBag from /Users/uk/miniforge3/lib/python3.10/site-packages/airflow/example_dags/example_dataset_alias_with_no_taskflow.py
[2025-03-27T07:58:09.463+0530] {processor.py:925} INFO - DAG(s) 'dataset_alias_example_alias_consumer_with_no_taskflow', 'dataset_alias_example_alias_producer_with_no_taskflow', 'dataset_s3_bucket_producer_with_no_taskflow', 'dataset_s3_bucket_consumer_with_no_taskflow' retrieved from /Users/uk/miniforge3/lib/python3.10/site-packages/airflow/example_dags/example_dataset_alias_with_no_taskflow.py
[2025-03-27T07:58:09.471+0530] {logging_mixin.py:190} INFO - [2025-03-27T07:58:09.471+0530] {dag.py:3239} INFO - Sync 4 DAGs
[2025-03-27T07:58:09.478+0530] {logging_mixin.py:190} INFO - [2025-03-27T07:58:09.478+0530] {dag.py:4180} INFO - Setting next_dagrun for dataset_alias_example_alias_consumer_with_no_taskflow to None, run_after=None
[2025-03-27T07:58:09.478+0530] {logging_mixin.py:190} INFO - [2025-03-27T07:58:09.478+0530] {dag.py:4180} INFO - Setting next_dagrun for dataset_alias_example_alias_producer_with_no_taskflow to None, run_after=None
[2025-03-27T07:58:09.479+0530] {logging_mixin.py:190} INFO - [2025-03-27T07:58:09.479+0530] {dag.py:4180} INFO - Setting next_dagrun for dataset_s3_bucket_consumer_with_no_taskflow to None, run_after=None
[2025-03-27T07:58:09.479+0530] {logging_mixin.py:190} INFO - [2025-03-27T07:58:09.479+0530] {dag.py:4180} INFO - Setting next_dagrun for dataset_s3_bucket_producer_with_no_taskflow to None, run_after=None
[2025-03-27T07:58:09.487+0530] {processor.py:208} INFO - Processing /Users/uk/miniforge3/lib/python3.10/site-packages/airflow/example_dags/example_dataset_alias_with_no_taskflow.py took 0.085 seconds
[2025-03-27T08:00:41.143+0530] {processor.py:186} INFO - Started process (PID=20939) to work on /Users/uk/miniforge3/lib/python3.10/site-packages/airflow/example_dags/example_dataset_alias_with_no_taskflow.py
[2025-03-27T08:00:41.144+0530] {processor.py:914} INFO - Processing file /Users/uk/miniforge3/lib/python3.10/site-packages/airflow/example_dags/example_dataset_alias_with_no_taskflow.py for tasks to queue
[2025-03-27T08:00:41.144+0530] {logging_mixin.py:190} INFO - [2025-03-27T08:00:41.144+0530] {dagbag.py:588} INFO - Filling up the DagBag from /Users/uk/miniforge3/lib/python3.10/site-packages/airflow/example_dags/example_dataset_alias_with_no_taskflow.py
[2025-03-27T08:00:41.221+0530] {processor.py:925} INFO - DAG(s) 'dataset_s3_bucket_consumer_with_no_taskflow', 'dataset_alias_example_alias_consumer_with_no_taskflow', 'dataset_s3_bucket_producer_with_no_taskflow', 'dataset_alias_example_alias_producer_with_no_taskflow' retrieved from /Users/uk/miniforge3/lib/python3.10/site-packages/airflow/example_dags/example_dataset_alias_with_no_taskflow.py
[2025-03-27T08:00:41.231+0530] {logging_mixin.py:190} INFO - [2025-03-27T08:00:41.231+0530] {dag.py:3239} INFO - Sync 4 DAGs
[2025-03-27T08:00:41.238+0530] {logging_mixin.py:190} INFO - [2025-03-27T08:00:41.238+0530] {dag.py:4180} INFO - Setting next_dagrun for dataset_alias_example_alias_consumer_with_no_taskflow to None, run_after=None
[2025-03-27T08:00:41.239+0530] {logging_mixin.py:190} INFO - [2025-03-27T08:00:41.239+0530] {dag.py:4180} INFO - Setting next_dagrun for dataset_alias_example_alias_producer_with_no_taskflow to None, run_after=None
[2025-03-27T08:00:41.239+0530] {logging_mixin.py:190} INFO - [2025-03-27T08:00:41.239+0530] {dag.py:4180} INFO - Setting next_dagrun for dataset_s3_bucket_consumer_with_no_taskflow to None, run_after=None
[2025-03-27T08:00:41.240+0530] {logging_mixin.py:190} INFO - [2025-03-27T08:00:41.240+0530] {dag.py:4180} INFO - Setting next_dagrun for dataset_s3_bucket_producer_with_no_taskflow to None, run_after=None
[2025-03-27T08:00:41.249+0530] {processor.py:208} INFO - Processing /Users/uk/miniforge3/lib/python3.10/site-packages/airflow/example_dags/example_dataset_alias_with_no_taskflow.py took 0.107 seconds
[2025-03-27T08:03:15.342+0530] {processor.py:186} INFO - Started process (PID=21252) to work on /Users/uk/miniforge3/lib/python3.10/site-packages/airflow/example_dags/example_dataset_alias_with_no_taskflow.py
[2025-03-27T08:03:15.343+0530] {processor.py:914} INFO - Processing file /Users/uk/miniforge3/lib/python3.10/site-packages/airflow/example_dags/example_dataset_alias_with_no_taskflow.py for tasks to queue
[2025-03-27T08:03:15.343+0530] {logging_mixin.py:190} INFO - [2025-03-27T08:03:15.343+0530] {dagbag.py:588} INFO - Filling up the DagBag from /Users/uk/miniforge3/lib/python3.10/site-packages/airflow/example_dags/example_dataset_alias_with_no_taskflow.py
[2025-03-27T08:03:15.403+0530] {processor.py:925} INFO - DAG(s) 'dataset_s3_bucket_producer_with_no_taskflow', 'dataset_alias_example_alias_consumer_with_no_taskflow', 'dataset_alias_example_alias_producer_with_no_taskflow', 'dataset_s3_bucket_consumer_with_no_taskflow' retrieved from /Users/uk/miniforge3/lib/python3.10/site-packages/airflow/example_dags/example_dataset_alias_with_no_taskflow.py
[2025-03-27T08:03:15.412+0530] {logging_mixin.py:190} INFO - [2025-03-27T08:03:15.412+0530] {dag.py:3239} INFO - Sync 4 DAGs
[2025-03-27T08:03:15.418+0530] {logging_mixin.py:190} INFO - [2025-03-27T08:03:15.418+0530] {dag.py:4180} INFO - Setting next_dagrun for dataset_alias_example_alias_consumer_with_no_taskflow to None, run_after=None
[2025-03-27T08:03:15.419+0530] {logging_mixin.py:190} INFO - [2025-03-27T08:03:15.419+0530] {dag.py:4180} INFO - Setting next_dagrun for dataset_alias_example_alias_producer_with_no_taskflow to None, run_after=None
[2025-03-27T08:03:15.419+0530] {logging_mixin.py:190} INFO - [2025-03-27T08:03:15.419+0530] {dag.py:4180} INFO - Setting next_dagrun for dataset_s3_bucket_consumer_with_no_taskflow to None, run_after=None
[2025-03-27T08:03:15.420+0530] {logging_mixin.py:190} INFO - [2025-03-27T08:03:15.420+0530] {dag.py:4180} INFO - Setting next_dagrun for dataset_s3_bucket_producer_with_no_taskflow to None, run_after=None
[2025-03-27T08:03:15.427+0530] {processor.py:208} INFO - Processing /Users/uk/miniforge3/lib/python3.10/site-packages/airflow/example_dags/example_dataset_alias_with_no_taskflow.py took 0.087 seconds
[2025-03-27T08:05:42.267+0530] {processor.py:186} INFO - Started process (PID=21516) to work on /Users/uk/miniforge3/lib/python3.10/site-packages/airflow/example_dags/example_dataset_alias_with_no_taskflow.py
[2025-03-27T08:05:42.268+0530] {processor.py:914} INFO - Processing file /Users/uk/miniforge3/lib/python3.10/site-packages/airflow/example_dags/example_dataset_alias_with_no_taskflow.py for tasks to queue
[2025-03-27T08:05:42.268+0530] {logging_mixin.py:190} INFO - [2025-03-27T08:05:42.268+0530] {dagbag.py:588} INFO - Filling up the DagBag from /Users/uk/miniforge3/lib/python3.10/site-packages/airflow/example_dags/example_dataset_alias_with_no_taskflow.py
[2025-03-27T08:05:42.333+0530] {processor.py:925} INFO - DAG(s) 'dataset_s3_bucket_producer_with_no_taskflow', 'dataset_alias_example_alias_consumer_with_no_taskflow', 'dataset_alias_example_alias_producer_with_no_taskflow', 'dataset_s3_bucket_consumer_with_no_taskflow' retrieved from /Users/uk/miniforge3/lib/python3.10/site-packages/airflow/example_dags/example_dataset_alias_with_no_taskflow.py
[2025-03-27T08:05:42.343+0530] {logging_mixin.py:190} INFO - [2025-03-27T08:05:42.342+0530] {dag.py:3239} INFO - Sync 4 DAGs
[2025-03-27T08:05:42.350+0530] {logging_mixin.py:190} INFO - [2025-03-27T08:05:42.350+0530] {dag.py:4180} INFO - Setting next_dagrun for dataset_alias_example_alias_consumer_with_no_taskflow to None, run_after=None
[2025-03-27T08:05:42.351+0530] {logging_mixin.py:190} INFO - [2025-03-27T08:05:42.351+0530] {dag.py:4180} INFO - Setting next_dagrun for dataset_alias_example_alias_producer_with_no_taskflow to None, run_after=None
[2025-03-27T08:05:42.351+0530] {logging_mixin.py:190} INFO - [2025-03-27T08:05:42.351+0530] {dag.py:4180} INFO - Setting next_dagrun for dataset_s3_bucket_consumer_with_no_taskflow to None, run_after=None
[2025-03-27T08:05:42.352+0530] {logging_mixin.py:190} INFO - [2025-03-27T08:05:42.352+0530] {dag.py:4180} INFO - Setting next_dagrun for dataset_s3_bucket_producer_with_no_taskflow to None, run_after=None
[2025-03-27T08:05:42.361+0530] {processor.py:208} INFO - Processing /Users/uk/miniforge3/lib/python3.10/site-packages/airflow/example_dags/example_dataset_alias_with_no_taskflow.py took 0.095 seconds
[2025-03-27T08:08:23.469+0530] {processor.py:186} INFO - Started process (PID=21844) to work on /Users/uk/miniforge3/lib/python3.10/site-packages/airflow/example_dags/example_dataset_alias_with_no_taskflow.py
[2025-03-27T08:08:23.471+0530] {processor.py:914} INFO - Processing file /Users/uk/miniforge3/lib/python3.10/site-packages/airflow/example_dags/example_dataset_alias_with_no_taskflow.py for tasks to queue
[2025-03-27T08:08:23.471+0530] {logging_mixin.py:190} INFO - [2025-03-27T08:08:23.471+0530] {dagbag.py:588} INFO - Filling up the DagBag from /Users/uk/miniforge3/lib/python3.10/site-packages/airflow/example_dags/example_dataset_alias_with_no_taskflow.py
[2025-03-27T08:08:23.535+0530] {processor.py:925} INFO - DAG(s) 'dataset_alias_example_alias_consumer_with_no_taskflow', 'dataset_alias_example_alias_producer_with_no_taskflow', 'dataset_s3_bucket_producer_with_no_taskflow', 'dataset_s3_bucket_consumer_with_no_taskflow' retrieved from /Users/uk/miniforge3/lib/python3.10/site-packages/airflow/example_dags/example_dataset_alias_with_no_taskflow.py
[2025-03-27T08:08:23.544+0530] {logging_mixin.py:190} INFO - [2025-03-27T08:08:23.544+0530] {dag.py:3239} INFO - Sync 4 DAGs
[2025-03-27T08:08:23.551+0530] {logging_mixin.py:190} INFO - [2025-03-27T08:08:23.551+0530] {dag.py:4180} INFO - Setting next_dagrun for dataset_alias_example_alias_consumer_with_no_taskflow to None, run_after=None
[2025-03-27T08:08:23.552+0530] {logging_mixin.py:190} INFO - [2025-03-27T08:08:23.552+0530] {dag.py:4180} INFO - Setting next_dagrun for dataset_alias_example_alias_producer_with_no_taskflow to None, run_after=None
[2025-03-27T08:08:23.552+0530] {logging_mixin.py:190} INFO - [2025-03-27T08:08:23.552+0530] {dag.py:4180} INFO - Setting next_dagrun for dataset_s3_bucket_consumer_with_no_taskflow to None, run_after=None
[2025-03-27T08:08:23.553+0530] {logging_mixin.py:190} INFO - [2025-03-27T08:08:23.553+0530] {dag.py:4180} INFO - Setting next_dagrun for dataset_s3_bucket_producer_with_no_taskflow to None, run_after=None
[2025-03-27T08:08:23.561+0530] {processor.py:208} INFO - Processing /Users/uk/miniforge3/lib/python3.10/site-packages/airflow/example_dags/example_dataset_alias_with_no_taskflow.py took 0.093 seconds
[2025-03-27T08:10:57.811+0530] {processor.py:186} INFO - Started process (PID=22105) to work on /Users/uk/miniforge3/lib/python3.10/site-packages/airflow/example_dags/example_dataset_alias_with_no_taskflow.py
[2025-03-27T08:10:57.813+0530] {processor.py:914} INFO - Processing file /Users/uk/miniforge3/lib/python3.10/site-packages/airflow/example_dags/example_dataset_alias_with_no_taskflow.py for tasks to queue
[2025-03-27T08:10:57.813+0530] {logging_mixin.py:190} INFO - [2025-03-27T08:10:57.813+0530] {dagbag.py:588} INFO - Filling up the DagBag from /Users/uk/miniforge3/lib/python3.10/site-packages/airflow/example_dags/example_dataset_alias_with_no_taskflow.py
[2025-03-27T08:10:57.877+0530] {processor.py:925} INFO - DAG(s) 'dataset_s3_bucket_producer_with_no_taskflow', 'dataset_alias_example_alias_consumer_with_no_taskflow', 'dataset_s3_bucket_consumer_with_no_taskflow', 'dataset_alias_example_alias_producer_with_no_taskflow' retrieved from /Users/uk/miniforge3/lib/python3.10/site-packages/airflow/example_dags/example_dataset_alias_with_no_taskflow.py
[2025-03-27T08:10:57.886+0530] {logging_mixin.py:190} INFO - [2025-03-27T08:10:57.886+0530] {dag.py:3239} INFO - Sync 4 DAGs
[2025-03-27T08:10:57.893+0530] {logging_mixin.py:190} INFO - [2025-03-27T08:10:57.893+0530] {dag.py:4180} INFO - Setting next_dagrun for dataset_alias_example_alias_consumer_with_no_taskflow to None, run_after=None
[2025-03-27T08:10:57.894+0530] {logging_mixin.py:190} INFO - [2025-03-27T08:10:57.894+0530] {dag.py:4180} INFO - Setting next_dagrun for dataset_alias_example_alias_producer_with_no_taskflow to None, run_after=None
[2025-03-27T08:10:57.894+0530] {logging_mixin.py:190} INFO - [2025-03-27T08:10:57.894+0530] {dag.py:4180} INFO - Setting next_dagrun for dataset_s3_bucket_consumer_with_no_taskflow to None, run_after=None
[2025-03-27T08:10:57.895+0530] {logging_mixin.py:190} INFO - [2025-03-27T08:10:57.895+0530] {dag.py:4180} INFO - Setting next_dagrun for dataset_s3_bucket_producer_with_no_taskflow to None, run_after=None
[2025-03-27T08:10:57.903+0530] {processor.py:208} INFO - Processing /Users/uk/miniforge3/lib/python3.10/site-packages/airflow/example_dags/example_dataset_alias_with_no_taskflow.py took 0.093 seconds
