[2025-03-27T07:05:42.850+0530] {processor.py:186} INFO - Started process (PID=13059) to work on /Users/uk/miniforge3/lib/python3.10/site-packages/airflow/example_dags/example_complex.py
[2025-03-27T07:05:42.851+0530] {processor.py:914} INFO - Processing file /Users/uk/miniforge3/lib/python3.10/site-packages/airflow/example_dags/example_complex.py for tasks to queue
[2025-03-27T07:05:42.851+0530] {logging_mixin.py:190} INFO - [2025-03-27T07:05:42.851+0530] {dagbag.py:588} INFO - Filling up the DagBag from /Users/uk/miniforge3/lib/python3.10/site-packages/airflow/example_dags/example_complex.py
[2025-03-27T07:05:42.858+0530] {processor.py:925} INFO - DAG(s) 'example_complex' retrieved from /Users/uk/miniforge3/lib/python3.10/site-packages/airflow/example_dags/example_complex.py
[2025-03-27T07:05:42.905+0530] {logging_mixin.py:190} INFO - [2025-03-27T07:05:42.905+0530] {dag.py:3239} INFO - Sync 1 DAGs
[2025-03-27T07:05:42.909+0530] {logging_mixin.py:190} INFO - [2025-03-27T07:05:42.909+0530] {dag.py:4180} INFO - Setting next_dagrun for example_complex to None, run_after=None
[2025-03-27T07:05:42.915+0530] {processor.py:208} INFO - Processing /Users/uk/miniforge3/lib/python3.10/site-packages/airflow/example_dags/example_complex.py took 0.066 seconds
[2025-03-27T07:08:34.159+0530] {processor.py:186} INFO - Started process (PID=13533) to work on /Users/uk/miniforge3/lib/python3.10/site-packages/airflow/example_dags/example_complex.py
[2025-03-27T07:08:34.160+0530] {processor.py:914} INFO - Processing file /Users/uk/miniforge3/lib/python3.10/site-packages/airflow/example_dags/example_complex.py for tasks to queue
[2025-03-27T07:08:34.161+0530] {logging_mixin.py:190} INFO - [2025-03-27T07:08:34.161+0530] {dagbag.py:588} INFO - Filling up the DagBag from /Users/uk/miniforge3/lib/python3.10/site-packages/airflow/example_dags/example_complex.py
[2025-03-27T07:08:34.168+0530] {processor.py:925} INFO - DAG(s) 'example_complex' retrieved from /Users/uk/miniforge3/lib/python3.10/site-packages/airflow/example_dags/example_complex.py
[2025-03-27T07:08:34.217+0530] {logging_mixin.py:190} INFO - [2025-03-27T07:08:34.217+0530] {dag.py:3239} INFO - Sync 1 DAGs
[2025-03-27T07:08:34.222+0530] {logging_mixin.py:190} INFO - [2025-03-27T07:08:34.222+0530] {dag.py:4180} INFO - Setting next_dagrun for example_complex to None, run_after=None
[2025-03-27T07:08:34.231+0530] {processor.py:208} INFO - Processing /Users/uk/miniforge3/lib/python3.10/site-packages/airflow/example_dags/example_complex.py took 0.074 seconds
[2025-03-27T07:11:28.504+0530] {processor.py:186} INFO - Started process (PID=13843) to work on /Users/uk/miniforge3/lib/python3.10/site-packages/airflow/example_dags/example_complex.py
[2025-03-27T07:11:28.504+0530] {processor.py:914} INFO - Processing file /Users/uk/miniforge3/lib/python3.10/site-packages/airflow/example_dags/example_complex.py for tasks to queue
[2025-03-27T07:11:28.505+0530] {logging_mixin.py:190} INFO - [2025-03-27T07:11:28.505+0530] {dagbag.py:588} INFO - Filling up the DagBag from /Users/uk/miniforge3/lib/python3.10/site-packages/airflow/example_dags/example_complex.py
[2025-03-27T07:11:28.511+0530] {processor.py:925} INFO - DAG(s) 'example_complex' retrieved from /Users/uk/miniforge3/lib/python3.10/site-packages/airflow/example_dags/example_complex.py
[2025-03-27T07:11:28.568+0530] {logging_mixin.py:190} INFO - [2025-03-27T07:11:28.568+0530] {dag.py:3239} INFO - Sync 1 DAGs
[2025-03-27T07:11:28.575+0530] {logging_mixin.py:190} INFO - [2025-03-27T07:11:28.575+0530] {dag.py:4180} INFO - Setting next_dagrun for example_complex to None, run_after=None
[2025-03-27T07:11:28.598+0530] {processor.py:208} INFO - Processing /Users/uk/miniforge3/lib/python3.10/site-packages/airflow/example_dags/example_complex.py took 0.095 seconds
[2025-03-27T07:14:00.421+0530] {processor.py:186} INFO - Started process (PID=14107) to work on /Users/uk/miniforge3/lib/python3.10/site-packages/airflow/example_dags/example_complex.py
[2025-03-27T07:14:00.423+0530] {processor.py:914} INFO - Processing file /Users/uk/miniforge3/lib/python3.10/site-packages/airflow/example_dags/example_complex.py for tasks to queue
[2025-03-27T07:14:00.423+0530] {logging_mixin.py:190} INFO - [2025-03-27T07:14:00.423+0530] {dagbag.py:588} INFO - Filling up the DagBag from /Users/uk/miniforge3/lib/python3.10/site-packages/airflow/example_dags/example_complex.py
[2025-03-27T07:14:00.429+0530] {processor.py:925} INFO - DAG(s) 'example_complex' retrieved from /Users/uk/miniforge3/lib/python3.10/site-packages/airflow/example_dags/example_complex.py
[2025-03-27T07:14:00.477+0530] {logging_mixin.py:190} INFO - [2025-03-27T07:14:00.477+0530] {dag.py:3239} INFO - Sync 1 DAGs
[2025-03-27T07:14:00.482+0530] {logging_mixin.py:190} INFO - [2025-03-27T07:14:00.482+0530] {dag.py:4180} INFO - Setting next_dagrun for example_complex to None, run_after=None
[2025-03-27T07:14:00.488+0530] {processor.py:208} INFO - Processing /Users/uk/miniforge3/lib/python3.10/site-packages/airflow/example_dags/example_complex.py took 0.068 seconds
[2025-03-27T07:16:31.484+0530] {processor.py:186} INFO - Started process (PID=14355) to work on /Users/uk/miniforge3/lib/python3.10/site-packages/airflow/example_dags/example_complex.py
[2025-03-27T07:16:31.488+0530] {processor.py:914} INFO - Processing file /Users/uk/miniforge3/lib/python3.10/site-packages/airflow/example_dags/example_complex.py for tasks to queue
[2025-03-27T07:16:31.489+0530] {logging_mixin.py:190} INFO - [2025-03-27T07:16:31.489+0530] {dagbag.py:588} INFO - Filling up the DagBag from /Users/uk/miniforge3/lib/python3.10/site-packages/airflow/example_dags/example_complex.py
[2025-03-27T07:16:31.500+0530] {processor.py:925} INFO - DAG(s) 'example_complex' retrieved from /Users/uk/miniforge3/lib/python3.10/site-packages/airflow/example_dags/example_complex.py
[2025-03-27T07:16:31.550+0530] {logging_mixin.py:190} INFO - [2025-03-27T07:16:31.550+0530] {dag.py:3239} INFO - Sync 1 DAGs
[2025-03-27T07:16:31.555+0530] {logging_mixin.py:190} INFO - [2025-03-27T07:16:31.555+0530] {dag.py:4180} INFO - Setting next_dagrun for example_complex to None, run_after=None
[2025-03-27T07:16:31.562+0530] {processor.py:208} INFO - Processing /Users/uk/miniforge3/lib/python3.10/site-packages/airflow/example_dags/example_complex.py took 0.082 seconds
[2025-03-27T07:18:54.455+0530] {processor.py:186} INFO - Started process (PID=14601) to work on /Users/uk/miniforge3/lib/python3.10/site-packages/airflow/example_dags/example_complex.py
[2025-03-27T07:18:54.456+0530] {processor.py:914} INFO - Processing file /Users/uk/miniforge3/lib/python3.10/site-packages/airflow/example_dags/example_complex.py for tasks to queue
[2025-03-27T07:18:54.456+0530] {logging_mixin.py:190} INFO - [2025-03-27T07:18:54.456+0530] {dagbag.py:588} INFO - Filling up the DagBag from /Users/uk/miniforge3/lib/python3.10/site-packages/airflow/example_dags/example_complex.py
[2025-03-27T07:18:54.461+0530] {processor.py:925} INFO - DAG(s) 'example_complex' retrieved from /Users/uk/miniforge3/lib/python3.10/site-packages/airflow/example_dags/example_complex.py
[2025-03-27T07:18:54.505+0530] {logging_mixin.py:190} INFO - [2025-03-27T07:18:54.505+0530] {dag.py:3239} INFO - Sync 1 DAGs
[2025-03-27T07:18:54.509+0530] {logging_mixin.py:190} INFO - [2025-03-27T07:18:54.509+0530] {dag.py:4180} INFO - Setting next_dagrun for example_complex to None, run_after=None
[2025-03-27T07:18:54.515+0530] {processor.py:208} INFO - Processing /Users/uk/miniforge3/lib/python3.10/site-packages/airflow/example_dags/example_complex.py took 0.061 seconds
[2025-03-27T07:21:21.072+0530] {processor.py:186} INFO - Started process (PID=15124) to work on /Users/uk/miniforge3/lib/python3.10/site-packages/airflow/example_dags/example_complex.py
[2025-03-27T07:21:21.072+0530] {processor.py:914} INFO - Processing file /Users/uk/miniforge3/lib/python3.10/site-packages/airflow/example_dags/example_complex.py for tasks to queue
[2025-03-27T07:21:21.073+0530] {logging_mixin.py:190} INFO - [2025-03-27T07:21:21.073+0530] {dagbag.py:588} INFO - Filling up the DagBag from /Users/uk/miniforge3/lib/python3.10/site-packages/airflow/example_dags/example_complex.py
[2025-03-27T07:21:21.079+0530] {processor.py:925} INFO - DAG(s) 'example_complex' retrieved from /Users/uk/miniforge3/lib/python3.10/site-packages/airflow/example_dags/example_complex.py
[2025-03-27T07:21:21.124+0530] {logging_mixin.py:190} INFO - [2025-03-27T07:21:21.124+0530] {dag.py:3239} INFO - Sync 1 DAGs
[2025-03-27T07:21:21.128+0530] {logging_mixin.py:190} INFO - [2025-03-27T07:21:21.128+0530] {dag.py:4180} INFO - Setting next_dagrun for example_complex to None, run_after=None
[2025-03-27T07:21:21.135+0530] {processor.py:208} INFO - Processing /Users/uk/miniforge3/lib/python3.10/site-packages/airflow/example_dags/example_complex.py took 0.064 seconds
[2025-03-27T07:23:42.845+0530] {processor.py:186} INFO - Started process (PID=15392) to work on /Users/uk/miniforge3/lib/python3.10/site-packages/airflow/example_dags/example_complex.py
[2025-03-27T07:23:42.845+0530] {processor.py:914} INFO - Processing file /Users/uk/miniforge3/lib/python3.10/site-packages/airflow/example_dags/example_complex.py for tasks to queue
[2025-03-27T07:23:42.846+0530] {logging_mixin.py:190} INFO - [2025-03-27T07:23:42.846+0530] {dagbag.py:588} INFO - Filling up the DagBag from /Users/uk/miniforge3/lib/python3.10/site-packages/airflow/example_dags/example_complex.py
[2025-03-27T07:23:42.852+0530] {processor.py:925} INFO - DAG(s) 'example_complex' retrieved from /Users/uk/miniforge3/lib/python3.10/site-packages/airflow/example_dags/example_complex.py
[2025-03-27T07:23:42.900+0530] {logging_mixin.py:190} INFO - [2025-03-27T07:23:42.900+0530] {dag.py:3239} INFO - Sync 1 DAGs
[2025-03-27T07:23:42.905+0530] {logging_mixin.py:190} INFO - [2025-03-27T07:23:42.904+0530] {dag.py:4180} INFO - Setting next_dagrun for example_complex to None, run_after=None
[2025-03-27T07:23:42.911+0530] {processor.py:208} INFO - Processing /Users/uk/miniforge3/lib/python3.10/site-packages/airflow/example_dags/example_complex.py took 0.068 seconds
[2025-03-27T07:26:06.427+0530] {processor.py:186} INFO - Started process (PID=15656) to work on /Users/uk/miniforge3/lib/python3.10/site-packages/airflow/example_dags/example_complex.py
[2025-03-27T07:26:06.427+0530] {processor.py:914} INFO - Processing file /Users/uk/miniforge3/lib/python3.10/site-packages/airflow/example_dags/example_complex.py for tasks to queue
[2025-03-27T07:26:06.428+0530] {logging_mixin.py:190} INFO - [2025-03-27T07:26:06.428+0530] {dagbag.py:588} INFO - Filling up the DagBag from /Users/uk/miniforge3/lib/python3.10/site-packages/airflow/example_dags/example_complex.py
[2025-03-27T07:26:06.433+0530] {processor.py:925} INFO - DAG(s) 'example_complex' retrieved from /Users/uk/miniforge3/lib/python3.10/site-packages/airflow/example_dags/example_complex.py
[2025-03-27T07:26:06.477+0530] {logging_mixin.py:190} INFO - [2025-03-27T07:26:06.477+0530] {dag.py:3239} INFO - Sync 1 DAGs
[2025-03-27T07:26:06.481+0530] {logging_mixin.py:190} INFO - [2025-03-27T07:26:06.481+0530] {dag.py:4180} INFO - Setting next_dagrun for example_complex to None, run_after=None
[2025-03-27T07:26:06.487+0530] {processor.py:208} INFO - Processing /Users/uk/miniforge3/lib/python3.10/site-packages/airflow/example_dags/example_complex.py took 0.061 seconds
[2025-03-27T07:28:34.798+0530] {processor.py:186} INFO - Started process (PID=15898) to work on /Users/uk/miniforge3/lib/python3.10/site-packages/airflow/example_dags/example_complex.py
[2025-03-27T07:28:34.799+0530] {processor.py:914} INFO - Processing file /Users/uk/miniforge3/lib/python3.10/site-packages/airflow/example_dags/example_complex.py for tasks to queue
[2025-03-27T07:28:34.799+0530] {logging_mixin.py:190} INFO - [2025-03-27T07:28:34.799+0530] {dagbag.py:588} INFO - Filling up the DagBag from /Users/uk/miniforge3/lib/python3.10/site-packages/airflow/example_dags/example_complex.py
[2025-03-27T07:28:34.805+0530] {processor.py:925} INFO - DAG(s) 'example_complex' retrieved from /Users/uk/miniforge3/lib/python3.10/site-packages/airflow/example_dags/example_complex.py
[2025-03-27T07:28:34.851+0530] {logging_mixin.py:190} INFO - [2025-03-27T07:28:34.851+0530] {dag.py:3239} INFO - Sync 1 DAGs
[2025-03-27T07:28:34.856+0530] {logging_mixin.py:190} INFO - [2025-03-27T07:28:34.856+0530] {dag.py:4180} INFO - Setting next_dagrun for example_complex to None, run_after=None
[2025-03-27T07:28:34.861+0530] {processor.py:208} INFO - Processing /Users/uk/miniforge3/lib/python3.10/site-packages/airflow/example_dags/example_complex.py took 0.065 seconds
[2025-03-27T07:31:03.912+0530] {processor.py:186} INFO - Started process (PID=16190) to work on /Users/uk/miniforge3/lib/python3.10/site-packages/airflow/example_dags/example_complex.py
[2025-03-27T07:31:03.913+0530] {processor.py:914} INFO - Processing file /Users/uk/miniforge3/lib/python3.10/site-packages/airflow/example_dags/example_complex.py for tasks to queue
[2025-03-27T07:31:03.913+0530] {logging_mixin.py:190} INFO - [2025-03-27T07:31:03.913+0530] {dagbag.py:588} INFO - Filling up the DagBag from /Users/uk/miniforge3/lib/python3.10/site-packages/airflow/example_dags/example_complex.py
[2025-03-27T07:31:03.918+0530] {processor.py:925} INFO - DAG(s) 'example_complex' retrieved from /Users/uk/miniforge3/lib/python3.10/site-packages/airflow/example_dags/example_complex.py
[2025-03-27T07:31:03.963+0530] {logging_mixin.py:190} INFO - [2025-03-27T07:31:03.963+0530] {dag.py:3239} INFO - Sync 1 DAGs
[2025-03-27T07:31:03.967+0530] {logging_mixin.py:190} INFO - [2025-03-27T07:31:03.967+0530] {dag.py:4180} INFO - Setting next_dagrun for example_complex to None, run_after=None
[2025-03-27T07:31:03.973+0530] {processor.py:208} INFO - Processing /Users/uk/miniforge3/lib/python3.10/site-packages/airflow/example_dags/example_complex.py took 0.063 seconds
[2025-03-27T07:33:33.187+0530] {processor.py:186} INFO - Started process (PID=16493) to work on /Users/uk/miniforge3/lib/python3.10/site-packages/airflow/example_dags/example_complex.py
[2025-03-27T07:33:33.188+0530] {processor.py:914} INFO - Processing file /Users/uk/miniforge3/lib/python3.10/site-packages/airflow/example_dags/example_complex.py for tasks to queue
[2025-03-27T07:33:33.188+0530] {logging_mixin.py:190} INFO - [2025-03-27T07:33:33.188+0530] {dagbag.py:588} INFO - Filling up the DagBag from /Users/uk/miniforge3/lib/python3.10/site-packages/airflow/example_dags/example_complex.py
[2025-03-27T07:33:33.194+0530] {processor.py:925} INFO - DAG(s) 'example_complex' retrieved from /Users/uk/miniforge3/lib/python3.10/site-packages/airflow/example_dags/example_complex.py
[2025-03-27T07:33:33.239+0530] {logging_mixin.py:190} INFO - [2025-03-27T07:33:33.239+0530] {dag.py:3239} INFO - Sync 1 DAGs
[2025-03-27T07:33:33.244+0530] {logging_mixin.py:190} INFO - [2025-03-27T07:33:33.244+0530] {dag.py:4180} INFO - Setting next_dagrun for example_complex to None, run_after=None
[2025-03-27T07:33:33.250+0530] {processor.py:208} INFO - Processing /Users/uk/miniforge3/lib/python3.10/site-packages/airflow/example_dags/example_complex.py took 0.064 seconds
[2025-03-27T07:36:03.908+0530] {processor.py:186} INFO - Started process (PID=16787) to work on /Users/uk/miniforge3/lib/python3.10/site-packages/airflow/example_dags/example_complex.py
[2025-03-27T07:36:03.909+0530] {processor.py:914} INFO - Processing file /Users/uk/miniforge3/lib/python3.10/site-packages/airflow/example_dags/example_complex.py for tasks to queue
[2025-03-27T07:36:03.909+0530] {logging_mixin.py:190} INFO - [2025-03-27T07:36:03.909+0530] {dagbag.py:588} INFO - Filling up the DagBag from /Users/uk/miniforge3/lib/python3.10/site-packages/airflow/example_dags/example_complex.py
[2025-03-27T07:36:03.915+0530] {processor.py:925} INFO - DAG(s) 'example_complex' retrieved from /Users/uk/miniforge3/lib/python3.10/site-packages/airflow/example_dags/example_complex.py
[2025-03-27T07:36:03.959+0530] {logging_mixin.py:190} INFO - [2025-03-27T07:36:03.959+0530] {dag.py:3239} INFO - Sync 1 DAGs
[2025-03-27T07:36:03.964+0530] {logging_mixin.py:190} INFO - [2025-03-27T07:36:03.964+0530] {dag.py:4180} INFO - Setting next_dagrun for example_complex to None, run_after=None
[2025-03-27T07:36:03.971+0530] {processor.py:208} INFO - Processing /Users/uk/miniforge3/lib/python3.10/site-packages/airflow/example_dags/example_complex.py took 0.064 seconds
[2025-03-27T07:40:35.627+0530] {processor.py:186} INFO - Started process (PID=17400) to work on /Users/uk/miniforge3/lib/python3.10/site-packages/airflow/example_dags/example_complex.py
[2025-03-27T07:40:35.628+0530] {processor.py:914} INFO - Processing file /Users/uk/miniforge3/lib/python3.10/site-packages/airflow/example_dags/example_complex.py for tasks to queue
[2025-03-27T07:40:35.628+0530] {logging_mixin.py:190} INFO - [2025-03-27T07:40:35.628+0530] {dagbag.py:588} INFO - Filling up the DagBag from /Users/uk/miniforge3/lib/python3.10/site-packages/airflow/example_dags/example_complex.py
[2025-03-27T07:40:35.634+0530] {processor.py:925} INFO - DAG(s) 'example_complex' retrieved from /Users/uk/miniforge3/lib/python3.10/site-packages/airflow/example_dags/example_complex.py
[2025-03-27T07:40:35.708+0530] {logging_mixin.py:190} INFO - [2025-03-27T07:40:35.708+0530] {override.py:1930} INFO - Created Permission View: can delete on DAG:example_complex
[2025-03-27T07:40:35.711+0530] {logging_mixin.py:190} INFO - [2025-03-27T07:40:35.711+0530] {override.py:1930} INFO - Created Permission View: can read on DAG:example_complex
[2025-03-27T07:40:35.713+0530] {logging_mixin.py:190} INFO - [2025-03-27T07:40:35.713+0530] {override.py:1930} INFO - Created Permission View: can edit on DAG:example_complex
[2025-03-27T07:40:35.716+0530] {logging_mixin.py:190} INFO - [2025-03-27T07:40:35.716+0530] {override.py:1930} INFO - Created Permission View: can create on DAG Run:example_complex
[2025-03-27T07:40:35.718+0530] {logging_mixin.py:190} INFO - [2025-03-27T07:40:35.718+0530] {override.py:1930} INFO - Created Permission View: can delete on DAG Run:example_complex
[2025-03-27T07:40:35.720+0530] {logging_mixin.py:190} INFO - [2025-03-27T07:40:35.720+0530] {override.py:1930} INFO - Created Permission View: can read on DAG Run:example_complex
[2025-03-27T07:40:35.722+0530] {logging_mixin.py:190} INFO - [2025-03-27T07:40:35.722+0530] {override.py:1930} INFO - Created Permission View: menu access on DAG Run:example_complex
[2025-03-27T07:40:35.722+0530] {logging_mixin.py:190} INFO - [2025-03-27T07:40:35.722+0530] {dag.py:3239} INFO - Sync 1 DAGs
[2025-03-27T07:40:35.727+0530] {logging_mixin.py:190} INFO - [2025-03-27T07:40:35.727+0530] {dag.py:3262} INFO - Creating ORM DAG for example_complex
[2025-03-27T07:40:35.727+0530] {logging_mixin.py:190} INFO - [2025-03-27T07:40:35.727+0530] {dag.py:4180} INFO - Setting next_dagrun for example_complex to None, run_after=None
[2025-03-27T07:40:35.733+0530] {processor.py:208} INFO - Processing /Users/uk/miniforge3/lib/python3.10/site-packages/airflow/example_dags/example_complex.py took 0.106 seconds
[2025-03-27T07:43:08.060+0530] {processor.py:186} INFO - Started process (PID=17745) to work on /Users/uk/miniforge3/lib/python3.10/site-packages/airflow/example_dags/example_complex.py
[2025-03-27T07:43:08.060+0530] {processor.py:914} INFO - Processing file /Users/uk/miniforge3/lib/python3.10/site-packages/airflow/example_dags/example_complex.py for tasks to queue
[2025-03-27T07:43:08.061+0530] {logging_mixin.py:190} INFO - [2025-03-27T07:43:08.061+0530] {dagbag.py:588} INFO - Filling up the DagBag from /Users/uk/miniforge3/lib/python3.10/site-packages/airflow/example_dags/example_complex.py
[2025-03-27T07:43:08.067+0530] {processor.py:925} INFO - DAG(s) 'example_complex' retrieved from /Users/uk/miniforge3/lib/python3.10/site-packages/airflow/example_dags/example_complex.py
[2025-03-27T07:43:08.111+0530] {logging_mixin.py:190} INFO - [2025-03-27T07:43:08.111+0530] {dag.py:3239} INFO - Sync 1 DAGs
[2025-03-27T07:43:08.116+0530] {logging_mixin.py:190} INFO - [2025-03-27T07:43:08.116+0530] {dag.py:4180} INFO - Setting next_dagrun for example_complex to None, run_after=None
[2025-03-27T07:43:08.122+0530] {processor.py:208} INFO - Processing /Users/uk/miniforge3/lib/python3.10/site-packages/airflow/example_dags/example_complex.py took 0.064 seconds
[2025-03-27T07:45:35.805+0530] {processor.py:186} INFO - Started process (PID=18119) to work on /Users/uk/miniforge3/lib/python3.10/site-packages/airflow/example_dags/example_complex.py
[2025-03-27T07:45:35.806+0530] {processor.py:914} INFO - Processing file /Users/uk/miniforge3/lib/python3.10/site-packages/airflow/example_dags/example_complex.py for tasks to queue
[2025-03-27T07:45:35.806+0530] {logging_mixin.py:190} INFO - [2025-03-27T07:45:35.806+0530] {dagbag.py:588} INFO - Filling up the DagBag from /Users/uk/miniforge3/lib/python3.10/site-packages/airflow/example_dags/example_complex.py
[2025-03-27T07:45:35.812+0530] {processor.py:925} INFO - DAG(s) 'example_complex' retrieved from /Users/uk/miniforge3/lib/python3.10/site-packages/airflow/example_dags/example_complex.py
[2025-03-27T07:45:35.860+0530] {logging_mixin.py:190} INFO - [2025-03-27T07:45:35.859+0530] {dag.py:3239} INFO - Sync 1 DAGs
[2025-03-27T07:45:35.864+0530] {logging_mixin.py:190} INFO - [2025-03-27T07:45:35.864+0530] {dag.py:4180} INFO - Setting next_dagrun for example_complex to None, run_after=None
[2025-03-27T07:45:35.871+0530] {processor.py:208} INFO - Processing /Users/uk/miniforge3/lib/python3.10/site-packages/airflow/example_dags/example_complex.py took 0.067 seconds
[2025-03-27T07:47:22.001+0530] {processor.py:186} INFO - Started process (PID=18353) to work on /Users/uk/miniforge3/lib/python3.10/site-packages/airflow/example_dags/example_complex.py
[2025-03-27T07:47:22.002+0530] {processor.py:914} INFO - Processing file /Users/uk/miniforge3/lib/python3.10/site-packages/airflow/example_dags/example_complex.py for tasks to queue
[2025-03-27T07:47:22.003+0530] {logging_mixin.py:190} INFO - [2025-03-27T07:47:22.003+0530] {dagbag.py:588} INFO - Filling up the DagBag from /Users/uk/miniforge3/lib/python3.10/site-packages/airflow/example_dags/example_complex.py
[2025-03-27T07:47:22.009+0530] {processor.py:925} INFO - DAG(s) 'example_complex' retrieved from /Users/uk/miniforge3/lib/python3.10/site-packages/airflow/example_dags/example_complex.py
[2025-03-27T07:47:22.055+0530] {logging_mixin.py:190} INFO - [2025-03-27T07:47:22.055+0530] {dag.py:3239} INFO - Sync 1 DAGs
[2025-03-27T07:47:22.060+0530] {logging_mixin.py:190} INFO - [2025-03-27T07:47:22.060+0530] {dag.py:4180} INFO - Setting next_dagrun for example_complex to None, run_after=None
[2025-03-27T07:47:22.067+0530] {processor.py:208} INFO - Processing /Users/uk/miniforge3/lib/python3.10/site-packages/airflow/example_dags/example_complex.py took 0.067 seconds
[2025-03-27T07:49:57.615+0530] {processor.py:186} INFO - Started process (PID=18628) to work on /Users/uk/miniforge3/lib/python3.10/site-packages/airflow/example_dags/example_complex.py
[2025-03-27T07:49:57.616+0530] {processor.py:914} INFO - Processing file /Users/uk/miniforge3/lib/python3.10/site-packages/airflow/example_dags/example_complex.py for tasks to queue
[2025-03-27T07:49:57.616+0530] {logging_mixin.py:190} INFO - [2025-03-27T07:49:57.616+0530] {dagbag.py:588} INFO - Filling up the DagBag from /Users/uk/miniforge3/lib/python3.10/site-packages/airflow/example_dags/example_complex.py
[2025-03-27T07:49:57.621+0530] {processor.py:925} INFO - DAG(s) 'example_complex' retrieved from /Users/uk/miniforge3/lib/python3.10/site-packages/airflow/example_dags/example_complex.py
[2025-03-27T07:49:57.665+0530] {logging_mixin.py:190} INFO - [2025-03-27T07:49:57.665+0530] {dag.py:3239} INFO - Sync 1 DAGs
[2025-03-27T07:49:57.670+0530] {logging_mixin.py:190} INFO - [2025-03-27T07:49:57.670+0530] {dag.py:4180} INFO - Setting next_dagrun for example_complex to None, run_after=None
[2025-03-27T07:49:57.676+0530] {processor.py:208} INFO - Processing /Users/uk/miniforge3/lib/python3.10/site-packages/airflow/example_dags/example_complex.py took 0.063 seconds
[2025-03-27T07:55:43.179+0530] {processor.py:186} INFO - Started process (PID=20358) to work on /Users/uk/miniforge3/lib/python3.10/site-packages/airflow/example_dags/example_complex.py
[2025-03-27T07:55:43.180+0530] {processor.py:914} INFO - Processing file /Users/uk/miniforge3/lib/python3.10/site-packages/airflow/example_dags/example_complex.py for tasks to queue
[2025-03-27T07:55:43.180+0530] {logging_mixin.py:190} INFO - [2025-03-27T07:55:43.180+0530] {dagbag.py:588} INFO - Filling up the DagBag from /Users/uk/miniforge3/lib/python3.10/site-packages/airflow/example_dags/example_complex.py
[2025-03-27T07:55:43.186+0530] {processor.py:925} INFO - DAG(s) 'example_complex' retrieved from /Users/uk/miniforge3/lib/python3.10/site-packages/airflow/example_dags/example_complex.py
[2025-03-27T07:55:43.232+0530] {logging_mixin.py:190} INFO - [2025-03-27T07:55:43.232+0530] {dag.py:3239} INFO - Sync 1 DAGs
[2025-03-27T07:55:43.236+0530] {logging_mixin.py:190} INFO - [2025-03-27T07:55:43.236+0530] {dag.py:4180} INFO - Setting next_dagrun for example_complex to None, run_after=None
[2025-03-27T07:55:43.243+0530] {processor.py:208} INFO - Processing /Users/uk/miniforge3/lib/python3.10/site-packages/airflow/example_dags/example_complex.py took 0.065 seconds
[2025-03-27T07:58:15.305+0530] {processor.py:186} INFO - Started process (PID=20666) to work on /Users/uk/miniforge3/lib/python3.10/site-packages/airflow/example_dags/example_complex.py
[2025-03-27T07:58:15.305+0530] {processor.py:914} INFO - Processing file /Users/uk/miniforge3/lib/python3.10/site-packages/airflow/example_dags/example_complex.py for tasks to queue
[2025-03-27T07:58:15.305+0530] {logging_mixin.py:190} INFO - [2025-03-27T07:58:15.305+0530] {dagbag.py:588} INFO - Filling up the DagBag from /Users/uk/miniforge3/lib/python3.10/site-packages/airflow/example_dags/example_complex.py
[2025-03-27T07:58:15.311+0530] {processor.py:925} INFO - DAG(s) 'example_complex' retrieved from /Users/uk/miniforge3/lib/python3.10/site-packages/airflow/example_dags/example_complex.py
[2025-03-27T07:58:15.356+0530] {logging_mixin.py:190} INFO - [2025-03-27T07:58:15.356+0530] {dag.py:3239} INFO - Sync 1 DAGs
[2025-03-27T07:58:15.361+0530] {logging_mixin.py:190} INFO - [2025-03-27T07:58:15.361+0530] {dag.py:4180} INFO - Setting next_dagrun for example_complex to None, run_after=None
[2025-03-27T07:58:15.367+0530] {processor.py:208} INFO - Processing /Users/uk/miniforge3/lib/python3.10/site-packages/airflow/example_dags/example_complex.py took 0.064 seconds
[2025-03-27T08:00:46.355+0530] {processor.py:186} INFO - Started process (PID=20948) to work on /Users/uk/miniforge3/lib/python3.10/site-packages/airflow/example_dags/example_complex.py
[2025-03-27T08:00:46.355+0530] {processor.py:914} INFO - Processing file /Users/uk/miniforge3/lib/python3.10/site-packages/airflow/example_dags/example_complex.py for tasks to queue
[2025-03-27T08:00:46.356+0530] {logging_mixin.py:190} INFO - [2025-03-27T08:00:46.356+0530] {dagbag.py:588} INFO - Filling up the DagBag from /Users/uk/miniforge3/lib/python3.10/site-packages/airflow/example_dags/example_complex.py
[2025-03-27T08:00:46.361+0530] {processor.py:925} INFO - DAG(s) 'example_complex' retrieved from /Users/uk/miniforge3/lib/python3.10/site-packages/airflow/example_dags/example_complex.py
[2025-03-27T08:00:46.405+0530] {logging_mixin.py:190} INFO - [2025-03-27T08:00:46.405+0530] {dag.py:3239} INFO - Sync 1 DAGs
[2025-03-27T08:00:46.409+0530] {logging_mixin.py:190} INFO - [2025-03-27T08:00:46.409+0530] {dag.py:4180} INFO - Setting next_dagrun for example_complex to None, run_after=None
[2025-03-27T08:00:46.415+0530] {processor.py:208} INFO - Processing /Users/uk/miniforge3/lib/python3.10/site-packages/airflow/example_dags/example_complex.py took 0.062 seconds
[2025-03-27T08:03:20.362+0530] {processor.py:186} INFO - Started process (PID=21258) to work on /Users/uk/miniforge3/lib/python3.10/site-packages/airflow/example_dags/example_complex.py
[2025-03-27T08:03:20.363+0530] {processor.py:914} INFO - Processing file /Users/uk/miniforge3/lib/python3.10/site-packages/airflow/example_dags/example_complex.py for tasks to queue
[2025-03-27T08:03:20.363+0530] {logging_mixin.py:190} INFO - [2025-03-27T08:03:20.363+0530] {dagbag.py:588} INFO - Filling up the DagBag from /Users/uk/miniforge3/lib/python3.10/site-packages/airflow/example_dags/example_complex.py
[2025-03-27T08:03:20.369+0530] {processor.py:925} INFO - DAG(s) 'example_complex' retrieved from /Users/uk/miniforge3/lib/python3.10/site-packages/airflow/example_dags/example_complex.py
[2025-03-27T08:03:20.412+0530] {logging_mixin.py:190} INFO - [2025-03-27T08:03:20.412+0530] {dag.py:3239} INFO - Sync 1 DAGs
[2025-03-27T08:03:20.417+0530] {logging_mixin.py:190} INFO - [2025-03-27T08:03:20.417+0530] {dag.py:4180} INFO - Setting next_dagrun for example_complex to None, run_after=None
[2025-03-27T08:03:20.423+0530] {processor.py:208} INFO - Processing /Users/uk/miniforge3/lib/python3.10/site-packages/airflow/example_dags/example_complex.py took 0.062 seconds
[2025-03-27T08:05:48.289+0530] {processor.py:186} INFO - Started process (PID=21523) to work on /Users/uk/miniforge3/lib/python3.10/site-packages/airflow/example_dags/example_complex.py
[2025-03-27T08:05:48.289+0530] {processor.py:914} INFO - Processing file /Users/uk/miniforge3/lib/python3.10/site-packages/airflow/example_dags/example_complex.py for tasks to queue
[2025-03-27T08:05:48.290+0530] {logging_mixin.py:190} INFO - [2025-03-27T08:05:48.290+0530] {dagbag.py:588} INFO - Filling up the DagBag from /Users/uk/miniforge3/lib/python3.10/site-packages/airflow/example_dags/example_complex.py
[2025-03-27T08:05:48.295+0530] {processor.py:925} INFO - DAG(s) 'example_complex' retrieved from /Users/uk/miniforge3/lib/python3.10/site-packages/airflow/example_dags/example_complex.py
[2025-03-27T08:05:48.343+0530] {logging_mixin.py:190} INFO - [2025-03-27T08:05:48.343+0530] {dag.py:3239} INFO - Sync 1 DAGs
[2025-03-27T08:05:48.347+0530] {logging_mixin.py:190} INFO - [2025-03-27T08:05:48.347+0530] {dag.py:4180} INFO - Setting next_dagrun for example_complex to None, run_after=None
[2025-03-27T08:05:48.354+0530] {processor.py:208} INFO - Processing /Users/uk/miniforge3/lib/python3.10/site-packages/airflow/example_dags/example_complex.py took 0.067 seconds
[2025-03-27T08:08:29.438+0530] {processor.py:186} INFO - Started process (PID=21851) to work on /Users/uk/miniforge3/lib/python3.10/site-packages/airflow/example_dags/example_complex.py
[2025-03-27T08:08:29.439+0530] {processor.py:914} INFO - Processing file /Users/uk/miniforge3/lib/python3.10/site-packages/airflow/example_dags/example_complex.py for tasks to queue
[2025-03-27T08:08:29.439+0530] {logging_mixin.py:190} INFO - [2025-03-27T08:08:29.439+0530] {dagbag.py:588} INFO - Filling up the DagBag from /Users/uk/miniforge3/lib/python3.10/site-packages/airflow/example_dags/example_complex.py
[2025-03-27T08:08:29.445+0530] {processor.py:925} INFO - DAG(s) 'example_complex' retrieved from /Users/uk/miniforge3/lib/python3.10/site-packages/airflow/example_dags/example_complex.py
[2025-03-27T08:08:29.492+0530] {logging_mixin.py:190} INFO - [2025-03-27T08:08:29.492+0530] {dag.py:3239} INFO - Sync 1 DAGs
[2025-03-27T08:08:29.497+0530] {logging_mixin.py:190} INFO - [2025-03-27T08:08:29.497+0530] {dag.py:4180} INFO - Setting next_dagrun for example_complex to None, run_after=None
[2025-03-27T08:08:29.503+0530] {processor.py:208} INFO - Processing /Users/uk/miniforge3/lib/python3.10/site-packages/airflow/example_dags/example_complex.py took 0.066 seconds
[2025-03-27T08:11:01.845+0530] {processor.py:186} INFO - Started process (PID=22111) to work on /Users/uk/miniforge3/lib/python3.10/site-packages/airflow/example_dags/example_complex.py
[2025-03-27T08:11:01.846+0530] {processor.py:914} INFO - Processing file /Users/uk/miniforge3/lib/python3.10/site-packages/airflow/example_dags/example_complex.py for tasks to queue
[2025-03-27T08:11:01.846+0530] {logging_mixin.py:190} INFO - [2025-03-27T08:11:01.846+0530] {dagbag.py:588} INFO - Filling up the DagBag from /Users/uk/miniforge3/lib/python3.10/site-packages/airflow/example_dags/example_complex.py
[2025-03-27T08:11:01.852+0530] {processor.py:925} INFO - DAG(s) 'example_complex' retrieved from /Users/uk/miniforge3/lib/python3.10/site-packages/airflow/example_dags/example_complex.py
[2025-03-27T08:11:01.900+0530] {logging_mixin.py:190} INFO - [2025-03-27T08:11:01.900+0530] {dag.py:3239} INFO - Sync 1 DAGs
[2025-03-27T08:11:01.905+0530] {logging_mixin.py:190} INFO - [2025-03-27T08:11:01.905+0530] {dag.py:4180} INFO - Setting next_dagrun for example_complex to None, run_after=None
[2025-03-27T08:11:01.913+0530] {processor.py:208} INFO - Processing /Users/uk/miniforge3/lib/python3.10/site-packages/airflow/example_dags/example_complex.py took 0.069 seconds
