[2025-03-27T07:05:53.475+0530] {processor.py:186} INFO - Started process (PID=13079) to work on /Users/uk/miniforge3/lib/python3.10/site-packages/airflow/example_dags/example_bash_operator.py
[2025-03-27T07:05:53.475+0530] {processor.py:914} INFO - Processing file /Users/uk/miniforge3/lib/python3.10/site-packages/airflow/example_dags/example_bash_operator.py for tasks to queue
[2025-03-27T07:05:53.476+0530] {logging_mixin.py:190} INFO - [2025-03-27T07:05:53.476+0530] {dagbag.py:588} INFO - Filling up the DagBag from /Users/uk/miniforge3/lib/python3.10/site-packages/airflow/example_dags/example_bash_operator.py
[2025-03-27T07:05:53.481+0530] {processor.py:925} INFO - DAG(s) 'example_bash_operator' retrieved from /Users/uk/miniforge3/lib/python3.10/site-packages/airflow/example_dags/example_bash_operator.py
[2025-03-27T07:05:53.524+0530] {logging_mixin.py:190} INFO - [2025-03-27T07:05:53.523+0530] {dag.py:3239} INFO - Sync 1 DAGs
[2025-03-27T07:05:53.531+0530] {logging_mixin.py:190} INFO - [2025-03-27T07:05:53.531+0530] {dag.py:4180} INFO - Setting next_dagrun for example_bash_operator to 2025-03-26 00:00:00+00:00, run_after=2025-03-27 00:00:00+00:00
[2025-03-27T07:05:53.537+0530] {processor.py:208} INFO - Processing /Users/uk/miniforge3/lib/python3.10/site-packages/airflow/example_dags/example_bash_operator.py took 0.063 seconds
[2025-03-27T07:08:46.928+0530] {processor.py:186} INFO - Started process (PID=13552) to work on /Users/uk/miniforge3/lib/python3.10/site-packages/airflow/example_dags/example_bash_operator.py
[2025-03-27T07:08:46.929+0530] {processor.py:914} INFO - Processing file /Users/uk/miniforge3/lib/python3.10/site-packages/airflow/example_dags/example_bash_operator.py for tasks to queue
[2025-03-27T07:08:46.930+0530] {logging_mixin.py:190} INFO - [2025-03-27T07:08:46.929+0530] {dagbag.py:588} INFO - Filling up the DagBag from /Users/uk/miniforge3/lib/python3.10/site-packages/airflow/example_dags/example_bash_operator.py
[2025-03-27T07:08:46.936+0530] {processor.py:925} INFO - DAG(s) 'example_bash_operator' retrieved from /Users/uk/miniforge3/lib/python3.10/site-packages/airflow/example_dags/example_bash_operator.py
[2025-03-27T07:08:46.978+0530] {logging_mixin.py:190} INFO - [2025-03-27T07:08:46.978+0530] {dag.py:3239} INFO - Sync 1 DAGs
[2025-03-27T07:08:46.986+0530] {logging_mixin.py:190} INFO - [2025-03-27T07:08:46.985+0530] {dag.py:4180} INFO - Setting next_dagrun for example_bash_operator to 2025-03-26 00:00:00+00:00, run_after=2025-03-27 00:00:00+00:00
[2025-03-27T07:08:46.991+0530] {processor.py:208} INFO - Processing /Users/uk/miniforge3/lib/python3.10/site-packages/airflow/example_dags/example_bash_operator.py took 0.064 seconds
[2025-03-27T07:11:39.738+0530] {processor.py:186} INFO - Started process (PID=13861) to work on /Users/uk/miniforge3/lib/python3.10/site-packages/airflow/example_dags/example_bash_operator.py
[2025-03-27T07:11:39.738+0530] {processor.py:914} INFO - Processing file /Users/uk/miniforge3/lib/python3.10/site-packages/airflow/example_dags/example_bash_operator.py for tasks to queue
[2025-03-27T07:11:39.739+0530] {logging_mixin.py:190} INFO - [2025-03-27T07:11:39.739+0530] {dagbag.py:588} INFO - Filling up the DagBag from /Users/uk/miniforge3/lib/python3.10/site-packages/airflow/example_dags/example_bash_operator.py
[2025-03-27T07:11:39.744+0530] {processor.py:925} INFO - DAG(s) 'example_bash_operator' retrieved from /Users/uk/miniforge3/lib/python3.10/site-packages/airflow/example_dags/example_bash_operator.py
[2025-03-27T07:11:39.791+0530] {logging_mixin.py:190} INFO - [2025-03-27T07:11:39.790+0530] {dag.py:3239} INFO - Sync 1 DAGs
[2025-03-27T07:11:39.798+0530] {logging_mixin.py:190} INFO - [2025-03-27T07:11:39.798+0530] {dag.py:4180} INFO - Setting next_dagrun for example_bash_operator to 2025-03-26 00:00:00+00:00, run_after=2025-03-27 00:00:00+00:00
[2025-03-27T07:11:39.805+0530] {processor.py:208} INFO - Processing /Users/uk/miniforge3/lib/python3.10/site-packages/airflow/example_dags/example_bash_operator.py took 0.069 seconds
[2025-03-27T07:14:11.303+0530] {processor.py:186} INFO - Started process (PID=14127) to work on /Users/uk/miniforge3/lib/python3.10/site-packages/airflow/example_dags/example_bash_operator.py
[2025-03-27T07:14:11.304+0530] {processor.py:914} INFO - Processing file /Users/uk/miniforge3/lib/python3.10/site-packages/airflow/example_dags/example_bash_operator.py for tasks to queue
[2025-03-27T07:14:11.304+0530] {logging_mixin.py:190} INFO - [2025-03-27T07:14:11.304+0530] {dagbag.py:588} INFO - Filling up the DagBag from /Users/uk/miniforge3/lib/python3.10/site-packages/airflow/example_dags/example_bash_operator.py
[2025-03-27T07:14:11.309+0530] {processor.py:925} INFO - DAG(s) 'example_bash_operator' retrieved from /Users/uk/miniforge3/lib/python3.10/site-packages/airflow/example_dags/example_bash_operator.py
[2025-03-27T07:14:11.351+0530] {logging_mixin.py:190} INFO - [2025-03-27T07:14:11.351+0530] {dag.py:3239} INFO - Sync 1 DAGs
[2025-03-27T07:14:11.358+0530] {logging_mixin.py:190} INFO - [2025-03-27T07:14:11.358+0530] {dag.py:4180} INFO - Setting next_dagrun for example_bash_operator to 2025-03-26 00:00:00+00:00, run_after=2025-03-27 00:00:00+00:00
[2025-03-27T07:14:11.364+0530] {processor.py:208} INFO - Processing /Users/uk/miniforge3/lib/python3.10/site-packages/airflow/example_dags/example_bash_operator.py took 0.062 seconds
[2025-03-27T07:16:42.482+0530] {processor.py:186} INFO - Started process (PID=14373) to work on /Users/uk/miniforge3/lib/python3.10/site-packages/airflow/example_dags/example_bash_operator.py
[2025-03-27T07:16:42.482+0530] {processor.py:914} INFO - Processing file /Users/uk/miniforge3/lib/python3.10/site-packages/airflow/example_dags/example_bash_operator.py for tasks to queue
[2025-03-27T07:16:42.483+0530] {logging_mixin.py:190} INFO - [2025-03-27T07:16:42.483+0530] {dagbag.py:588} INFO - Filling up the DagBag from /Users/uk/miniforge3/lib/python3.10/site-packages/airflow/example_dags/example_bash_operator.py
[2025-03-27T07:16:42.488+0530] {processor.py:925} INFO - DAG(s) 'example_bash_operator' retrieved from /Users/uk/miniforge3/lib/python3.10/site-packages/airflow/example_dags/example_bash_operator.py
[2025-03-27T07:16:42.533+0530] {logging_mixin.py:190} INFO - [2025-03-27T07:16:42.533+0530] {dag.py:3239} INFO - Sync 1 DAGs
[2025-03-27T07:16:42.541+0530] {logging_mixin.py:190} INFO - [2025-03-27T07:16:42.541+0530] {dag.py:4180} INFO - Setting next_dagrun for example_bash_operator to 2025-03-26 00:00:00+00:00, run_after=2025-03-27 00:00:00+00:00
[2025-03-27T07:16:42.548+0530] {processor.py:208} INFO - Processing /Users/uk/miniforge3/lib/python3.10/site-packages/airflow/example_dags/example_bash_operator.py took 0.067 seconds
[2025-03-27T07:19:07.265+0530] {processor.py:186} INFO - Started process (PID=14619) to work on /Users/uk/miniforge3/lib/python3.10/site-packages/airflow/example_dags/example_bash_operator.py
[2025-03-27T07:19:07.266+0530] {processor.py:914} INFO - Processing file /Users/uk/miniforge3/lib/python3.10/site-packages/airflow/example_dags/example_bash_operator.py for tasks to queue
[2025-03-27T07:19:07.267+0530] {logging_mixin.py:190} INFO - [2025-03-27T07:19:07.267+0530] {dagbag.py:588} INFO - Filling up the DagBag from /Users/uk/miniforge3/lib/python3.10/site-packages/airflow/example_dags/example_bash_operator.py
[2025-03-27T07:19:07.273+0530] {processor.py:925} INFO - DAG(s) 'example_bash_operator' retrieved from /Users/uk/miniforge3/lib/python3.10/site-packages/airflow/example_dags/example_bash_operator.py
[2025-03-27T07:19:07.321+0530] {logging_mixin.py:190} INFO - [2025-03-27T07:19:07.321+0530] {dag.py:3239} INFO - Sync 1 DAGs
[2025-03-27T07:19:07.330+0530] {logging_mixin.py:190} INFO - [2025-03-27T07:19:07.330+0530] {dag.py:4180} INFO - Setting next_dagrun for example_bash_operator to 2025-03-26 00:00:00+00:00, run_after=2025-03-27 00:00:00+00:00
[2025-03-27T07:19:07.338+0530] {processor.py:208} INFO - Processing /Users/uk/miniforge3/lib/python3.10/site-packages/airflow/example_dags/example_bash_operator.py took 0.074 seconds
[2025-03-27T07:21:32.828+0530] {processor.py:186} INFO - Started process (PID=15144) to work on /Users/uk/miniforge3/lib/python3.10/site-packages/airflow/example_dags/example_bash_operator.py
[2025-03-27T07:21:32.829+0530] {processor.py:914} INFO - Processing file /Users/uk/miniforge3/lib/python3.10/site-packages/airflow/example_dags/example_bash_operator.py for tasks to queue
[2025-03-27T07:21:32.829+0530] {logging_mixin.py:190} INFO - [2025-03-27T07:21:32.829+0530] {dagbag.py:588} INFO - Filling up the DagBag from /Users/uk/miniforge3/lib/python3.10/site-packages/airflow/example_dags/example_bash_operator.py
[2025-03-27T07:21:32.834+0530] {processor.py:925} INFO - DAG(s) 'example_bash_operator' retrieved from /Users/uk/miniforge3/lib/python3.10/site-packages/airflow/example_dags/example_bash_operator.py
[2025-03-27T07:21:32.876+0530] {logging_mixin.py:190} INFO - [2025-03-27T07:21:32.876+0530] {dag.py:3239} INFO - Sync 1 DAGs
[2025-03-27T07:21:32.883+0530] {logging_mixin.py:190} INFO - [2025-03-27T07:21:32.883+0530] {dag.py:4180} INFO - Setting next_dagrun for example_bash_operator to 2025-03-26 00:00:00+00:00, run_after=2025-03-27 00:00:00+00:00
[2025-03-27T07:21:32.889+0530] {processor.py:208} INFO - Processing /Users/uk/miniforge3/lib/python3.10/site-packages/airflow/example_dags/example_bash_operator.py took 0.062 seconds
[2025-03-27T07:23:54.320+0530] {processor.py:186} INFO - Started process (PID=15419) to work on /Users/uk/miniforge3/lib/python3.10/site-packages/airflow/example_dags/example_bash_operator.py
[2025-03-27T07:23:54.321+0530] {processor.py:914} INFO - Processing file /Users/uk/miniforge3/lib/python3.10/site-packages/airflow/example_dags/example_bash_operator.py for tasks to queue
[2025-03-27T07:23:54.322+0530] {logging_mixin.py:190} INFO - [2025-03-27T07:23:54.321+0530] {dagbag.py:588} INFO - Filling up the DagBag from /Users/uk/miniforge3/lib/python3.10/site-packages/airflow/example_dags/example_bash_operator.py
[2025-03-27T07:23:54.326+0530] {processor.py:925} INFO - DAG(s) 'example_bash_operator' retrieved from /Users/uk/miniforge3/lib/python3.10/site-packages/airflow/example_dags/example_bash_operator.py
[2025-03-27T07:23:54.368+0530] {logging_mixin.py:190} INFO - [2025-03-27T07:23:54.368+0530] {dag.py:3239} INFO - Sync 1 DAGs
[2025-03-27T07:23:54.375+0530] {logging_mixin.py:190} INFO - [2025-03-27T07:23:54.375+0530] {dag.py:4180} INFO - Setting next_dagrun for example_bash_operator to 2025-03-26 00:00:00+00:00, run_after=2025-03-27 00:00:00+00:00
[2025-03-27T07:23:54.382+0530] {processor.py:208} INFO - Processing /Users/uk/miniforge3/lib/python3.10/site-packages/airflow/example_dags/example_bash_operator.py took 0.063 seconds
[2025-03-27T07:26:18.726+0530] {processor.py:186} INFO - Started process (PID=15675) to work on /Users/uk/miniforge3/lib/python3.10/site-packages/airflow/example_dags/example_bash_operator.py
[2025-03-27T07:26:18.727+0530] {processor.py:914} INFO - Processing file /Users/uk/miniforge3/lib/python3.10/site-packages/airflow/example_dags/example_bash_operator.py for tasks to queue
[2025-03-27T07:26:18.728+0530] {logging_mixin.py:190} INFO - [2025-03-27T07:26:18.727+0530] {dagbag.py:588} INFO - Filling up the DagBag from /Users/uk/miniforge3/lib/python3.10/site-packages/airflow/example_dags/example_bash_operator.py
[2025-03-27T07:26:18.732+0530] {processor.py:925} INFO - DAG(s) 'example_bash_operator' retrieved from /Users/uk/miniforge3/lib/python3.10/site-packages/airflow/example_dags/example_bash_operator.py
[2025-03-27T07:26:18.773+0530] {logging_mixin.py:190} INFO - [2025-03-27T07:26:18.773+0530] {dag.py:3239} INFO - Sync 1 DAGs
[2025-03-27T07:26:18.780+0530] {logging_mixin.py:190} INFO - [2025-03-27T07:26:18.780+0530] {dag.py:4180} INFO - Setting next_dagrun for example_bash_operator to 2025-03-26 00:00:00+00:00, run_after=2025-03-27 00:00:00+00:00
[2025-03-27T07:26:18.786+0530] {processor.py:208} INFO - Processing /Users/uk/miniforge3/lib/python3.10/site-packages/airflow/example_dags/example_bash_operator.py took 0.061 seconds
[2025-03-27T07:28:45.808+0530] {processor.py:186} INFO - Started process (PID=15920) to work on /Users/uk/miniforge3/lib/python3.10/site-packages/airflow/example_dags/example_bash_operator.py
[2025-03-27T07:28:45.808+0530] {processor.py:914} INFO - Processing file /Users/uk/miniforge3/lib/python3.10/site-packages/airflow/example_dags/example_bash_operator.py for tasks to queue
[2025-03-27T07:28:45.809+0530] {logging_mixin.py:190} INFO - [2025-03-27T07:28:45.809+0530] {dagbag.py:588} INFO - Filling up the DagBag from /Users/uk/miniforge3/lib/python3.10/site-packages/airflow/example_dags/example_bash_operator.py
[2025-03-27T07:28:45.814+0530] {processor.py:925} INFO - DAG(s) 'example_bash_operator' retrieved from /Users/uk/miniforge3/lib/python3.10/site-packages/airflow/example_dags/example_bash_operator.py
[2025-03-27T07:28:45.859+0530] {logging_mixin.py:190} INFO - [2025-03-27T07:28:45.859+0530] {dag.py:3239} INFO - Sync 1 DAGs
[2025-03-27T07:28:45.867+0530] {logging_mixin.py:190} INFO - [2025-03-27T07:28:45.866+0530] {dag.py:4180} INFO - Setting next_dagrun for example_bash_operator to 2025-03-26 00:00:00+00:00, run_after=2025-03-27 00:00:00+00:00
[2025-03-27T07:28:45.874+0530] {processor.py:208} INFO - Processing /Users/uk/miniforge3/lib/python3.10/site-packages/airflow/example_dags/example_bash_operator.py took 0.068 seconds
[2025-03-27T07:31:16.255+0530] {processor.py:186} INFO - Started process (PID=16217) to work on /Users/uk/miniforge3/lib/python3.10/site-packages/airflow/example_dags/example_bash_operator.py
[2025-03-27T07:31:16.256+0530] {processor.py:914} INFO - Processing file /Users/uk/miniforge3/lib/python3.10/site-packages/airflow/example_dags/example_bash_operator.py for tasks to queue
[2025-03-27T07:31:16.256+0530] {logging_mixin.py:190} INFO - [2025-03-27T07:31:16.256+0530] {dagbag.py:588} INFO - Filling up the DagBag from /Users/uk/miniforge3/lib/python3.10/site-packages/airflow/example_dags/example_bash_operator.py
[2025-03-27T07:31:16.261+0530] {processor.py:925} INFO - DAG(s) 'example_bash_operator' retrieved from /Users/uk/miniforge3/lib/python3.10/site-packages/airflow/example_dags/example_bash_operator.py
[2025-03-27T07:31:16.303+0530] {logging_mixin.py:190} INFO - [2025-03-27T07:31:16.303+0530] {dag.py:3239} INFO - Sync 1 DAGs
[2025-03-27T07:31:16.311+0530] {logging_mixin.py:190} INFO - [2025-03-27T07:31:16.311+0530] {dag.py:4180} INFO - Setting next_dagrun for example_bash_operator to 2025-03-26 00:00:00+00:00, run_after=2025-03-27 00:00:00+00:00
[2025-03-27T07:31:16.317+0530] {processor.py:208} INFO - Processing /Users/uk/miniforge3/lib/python3.10/site-packages/airflow/example_dags/example_bash_operator.py took 0.064 seconds
[2025-03-27T07:33:44.837+0530] {processor.py:186} INFO - Started process (PID=16532) to work on /Users/uk/miniforge3/lib/python3.10/site-packages/airflow/example_dags/example_bash_operator.py
[2025-03-27T07:33:44.837+0530] {processor.py:914} INFO - Processing file /Users/uk/miniforge3/lib/python3.10/site-packages/airflow/example_dags/example_bash_operator.py for tasks to queue
[2025-03-27T07:33:44.838+0530] {logging_mixin.py:190} INFO - [2025-03-27T07:33:44.838+0530] {dagbag.py:588} INFO - Filling up the DagBag from /Users/uk/miniforge3/lib/python3.10/site-packages/airflow/example_dags/example_bash_operator.py
[2025-03-27T07:33:44.842+0530] {processor.py:925} INFO - DAG(s) 'example_bash_operator' retrieved from /Users/uk/miniforge3/lib/python3.10/site-packages/airflow/example_dags/example_bash_operator.py
[2025-03-27T07:33:44.884+0530] {logging_mixin.py:190} INFO - [2025-03-27T07:33:44.884+0530] {dag.py:3239} INFO - Sync 1 DAGs
[2025-03-27T07:33:44.891+0530] {logging_mixin.py:190} INFO - [2025-03-27T07:33:44.891+0530] {dag.py:4180} INFO - Setting next_dagrun for example_bash_operator to 2025-03-26 00:00:00+00:00, run_after=2025-03-27 00:00:00+00:00
[2025-03-27T07:33:44.897+0530] {processor.py:208} INFO - Processing /Users/uk/miniforge3/lib/python3.10/site-packages/airflow/example_dags/example_bash_operator.py took 0.062 seconds
[2025-03-27T07:36:15.129+0530] {processor.py:186} INFO - Started process (PID=16806) to work on /Users/uk/miniforge3/lib/python3.10/site-packages/airflow/example_dags/example_bash_operator.py
[2025-03-27T07:36:15.130+0530] {processor.py:914} INFO - Processing file /Users/uk/miniforge3/lib/python3.10/site-packages/airflow/example_dags/example_bash_operator.py for tasks to queue
[2025-03-27T07:36:15.130+0530] {logging_mixin.py:190} INFO - [2025-03-27T07:36:15.130+0530] {dagbag.py:588} INFO - Filling up the DagBag from /Users/uk/miniforge3/lib/python3.10/site-packages/airflow/example_dags/example_bash_operator.py
[2025-03-27T07:36:15.136+0530] {processor.py:925} INFO - DAG(s) 'example_bash_operator' retrieved from /Users/uk/miniforge3/lib/python3.10/site-packages/airflow/example_dags/example_bash_operator.py
[2025-03-27T07:36:15.179+0530] {logging_mixin.py:190} INFO - [2025-03-27T07:36:15.179+0530] {dag.py:3239} INFO - Sync 1 DAGs
[2025-03-27T07:36:15.186+0530] {logging_mixin.py:190} INFO - [2025-03-27T07:36:15.186+0530] {dag.py:4180} INFO - Setting next_dagrun for example_bash_operator to 2025-03-26 00:00:00+00:00, run_after=2025-03-27 00:00:00+00:00
[2025-03-27T07:36:15.193+0530] {processor.py:208} INFO - Processing /Users/uk/miniforge3/lib/python3.10/site-packages/airflow/example_dags/example_bash_operator.py took 0.065 seconds
[2025-03-27T07:40:48.551+0530] {processor.py:186} INFO - Started process (PID=17428) to work on /Users/uk/miniforge3/lib/python3.10/site-packages/airflow/example_dags/example_bash_operator.py
[2025-03-27T07:40:48.551+0530] {processor.py:914} INFO - Processing file /Users/uk/miniforge3/lib/python3.10/site-packages/airflow/example_dags/example_bash_operator.py for tasks to queue
[2025-03-27T07:40:48.552+0530] {logging_mixin.py:190} INFO - [2025-03-27T07:40:48.552+0530] {dagbag.py:588} INFO - Filling up the DagBag from /Users/uk/miniforge3/lib/python3.10/site-packages/airflow/example_dags/example_bash_operator.py
[2025-03-27T07:40:48.558+0530] {processor.py:925} INFO - DAG(s) 'example_bash_operator' retrieved from /Users/uk/miniforge3/lib/python3.10/site-packages/airflow/example_dags/example_bash_operator.py
[2025-03-27T07:40:48.638+0530] {logging_mixin.py:190} INFO - [2025-03-27T07:40:48.637+0530] {override.py:1930} INFO - Created Permission View: can read on DAG:example_bash_operator
[2025-03-27T07:40:48.641+0530] {logging_mixin.py:190} INFO - [2025-03-27T07:40:48.641+0530] {override.py:1930} INFO - Created Permission View: can delete on DAG:example_bash_operator
[2025-03-27T07:40:48.643+0530] {logging_mixin.py:190} INFO - [2025-03-27T07:40:48.643+0530] {override.py:1930} INFO - Created Permission View: can edit on DAG:example_bash_operator
[2025-03-27T07:40:48.646+0530] {logging_mixin.py:190} INFO - [2025-03-27T07:40:48.646+0530] {override.py:1930} INFO - Created Permission View: can create on DAG Run:example_bash_operator
[2025-03-27T07:40:48.648+0530] {logging_mixin.py:190} INFO - [2025-03-27T07:40:48.648+0530] {override.py:1930} INFO - Created Permission View: can read on DAG Run:example_bash_operator
[2025-03-27T07:40:48.651+0530] {logging_mixin.py:190} INFO - [2025-03-27T07:40:48.650+0530] {override.py:1930} INFO - Created Permission View: menu access on DAG Run:example_bash_operator
[2025-03-27T07:40:48.653+0530] {logging_mixin.py:190} INFO - [2025-03-27T07:40:48.653+0530] {override.py:1930} INFO - Created Permission View: can delete on DAG Run:example_bash_operator
[2025-03-27T07:40:48.653+0530] {logging_mixin.py:190} INFO - [2025-03-27T07:40:48.653+0530] {dag.py:3239} INFO - Sync 1 DAGs
[2025-03-27T07:40:48.657+0530] {logging_mixin.py:190} INFO - [2025-03-27T07:40:48.657+0530] {dag.py:3262} INFO - Creating ORM DAG for example_bash_operator
[2025-03-27T07:40:48.661+0530] {logging_mixin.py:190} INFO - [2025-03-27T07:40:48.661+0530] {dag.py:4180} INFO - Setting next_dagrun for example_bash_operator to 2025-03-26 00:00:00+00:00, run_after=2025-03-27 00:00:00+00:00
[2025-03-27T07:40:48.668+0530] {processor.py:208} INFO - Processing /Users/uk/miniforge3/lib/python3.10/site-packages/airflow/example_dags/example_bash_operator.py took 0.119 seconds
[2025-03-27T07:43:20.836+0530] {processor.py:186} INFO - Started process (PID=17771) to work on /Users/uk/miniforge3/lib/python3.10/site-packages/airflow/example_dags/example_bash_operator.py
[2025-03-27T07:43:20.837+0530] {processor.py:914} INFO - Processing file /Users/uk/miniforge3/lib/python3.10/site-packages/airflow/example_dags/example_bash_operator.py for tasks to queue
[2025-03-27T07:43:20.837+0530] {logging_mixin.py:190} INFO - [2025-03-27T07:43:20.837+0530] {dagbag.py:588} INFO - Filling up the DagBag from /Users/uk/miniforge3/lib/python3.10/site-packages/airflow/example_dags/example_bash_operator.py
[2025-03-27T07:43:20.843+0530] {processor.py:925} INFO - DAG(s) 'example_bash_operator' retrieved from /Users/uk/miniforge3/lib/python3.10/site-packages/airflow/example_dags/example_bash_operator.py
[2025-03-27T07:43:20.889+0530] {logging_mixin.py:190} INFO - [2025-03-27T07:43:20.889+0530] {dag.py:3239} INFO - Sync 1 DAGs
[2025-03-27T07:43:20.897+0530] {logging_mixin.py:190} INFO - [2025-03-27T07:43:20.896+0530] {dag.py:4180} INFO - Setting next_dagrun for example_bash_operator to 2025-03-26 00:00:00+00:00, run_after=2025-03-27 00:00:00+00:00
[2025-03-27T07:43:20.904+0530] {processor.py:208} INFO - Processing /Users/uk/miniforge3/lib/python3.10/site-packages/airflow/example_dags/example_bash_operator.py took 0.070 seconds
[2025-03-27T07:47:34.903+0530] {processor.py:186} INFO - Started process (PID=18381) to work on /Users/uk/miniforge3/lib/python3.10/site-packages/airflow/example_dags/example_bash_operator.py
[2025-03-27T07:47:34.903+0530] {processor.py:914} INFO - Processing file /Users/uk/miniforge3/lib/python3.10/site-packages/airflow/example_dags/example_bash_operator.py for tasks to queue
[2025-03-27T07:47:34.904+0530] {logging_mixin.py:190} INFO - [2025-03-27T07:47:34.904+0530] {dagbag.py:588} INFO - Filling up the DagBag from /Users/uk/miniforge3/lib/python3.10/site-packages/airflow/example_dags/example_bash_operator.py
[2025-03-27T07:47:34.910+0530] {processor.py:925} INFO - DAG(s) 'example_bash_operator' retrieved from /Users/uk/miniforge3/lib/python3.10/site-packages/airflow/example_dags/example_bash_operator.py
[2025-03-27T07:47:34.956+0530] {logging_mixin.py:190} INFO - [2025-03-27T07:47:34.956+0530] {dag.py:3239} INFO - Sync 1 DAGs
[2025-03-27T07:47:34.965+0530] {logging_mixin.py:190} INFO - [2025-03-27T07:47:34.964+0530] {dag.py:4180} INFO - Setting next_dagrun for example_bash_operator to 2025-03-26 00:00:00+00:00, run_after=2025-03-27 00:00:00+00:00
[2025-03-27T07:47:34.971+0530] {processor.py:208} INFO - Processing /Users/uk/miniforge3/lib/python3.10/site-packages/airflow/example_dags/example_bash_operator.py took 0.070 seconds
[2025-03-27T07:50:10.997+0530] {processor.py:186} INFO - Started process (PID=18645) to work on /Users/uk/miniforge3/lib/python3.10/site-packages/airflow/example_dags/example_bash_operator.py
[2025-03-27T07:50:10.998+0530] {processor.py:914} INFO - Processing file /Users/uk/miniforge3/lib/python3.10/site-packages/airflow/example_dags/example_bash_operator.py for tasks to queue
[2025-03-27T07:50:10.998+0530] {logging_mixin.py:190} INFO - [2025-03-27T07:50:10.998+0530] {dagbag.py:588} INFO - Filling up the DagBag from /Users/uk/miniforge3/lib/python3.10/site-packages/airflow/example_dags/example_bash_operator.py
[2025-03-27T07:50:11.004+0530] {processor.py:925} INFO - DAG(s) 'example_bash_operator' retrieved from /Users/uk/miniforge3/lib/python3.10/site-packages/airflow/example_dags/example_bash_operator.py
[2025-03-27T07:50:11.050+0530] {logging_mixin.py:190} INFO - [2025-03-27T07:50:11.050+0530] {dag.py:3239} INFO - Sync 1 DAGs
[2025-03-27T07:50:11.058+0530] {logging_mixin.py:190} INFO - [2025-03-27T07:50:11.057+0530] {dag.py:4180} INFO - Setting next_dagrun for example_bash_operator to 2025-03-26 00:00:00+00:00, run_after=2025-03-27 00:00:00+00:00
[2025-03-27T07:50:11.064+0530] {processor.py:208} INFO - Processing /Users/uk/miniforge3/lib/python3.10/site-packages/airflow/example_dags/example_bash_operator.py took 0.068 seconds
[2025-03-27T07:55:54.592+0530] {processor.py:186} INFO - Started process (PID=20386) to work on /Users/uk/miniforge3/lib/python3.10/site-packages/airflow/example_dags/example_bash_operator.py
[2025-03-27T07:55:54.593+0530] {processor.py:914} INFO - Processing file /Users/uk/miniforge3/lib/python3.10/site-packages/airflow/example_dags/example_bash_operator.py for tasks to queue
[2025-03-27T07:55:54.593+0530] {logging_mixin.py:190} INFO - [2025-03-27T07:55:54.593+0530] {dagbag.py:588} INFO - Filling up the DagBag from /Users/uk/miniforge3/lib/python3.10/site-packages/airflow/example_dags/example_bash_operator.py
[2025-03-27T07:55:54.598+0530] {processor.py:925} INFO - DAG(s) 'example_bash_operator' retrieved from /Users/uk/miniforge3/lib/python3.10/site-packages/airflow/example_dags/example_bash_operator.py
[2025-03-27T07:55:54.639+0530] {logging_mixin.py:190} INFO - [2025-03-27T07:55:54.639+0530] {dag.py:3239} INFO - Sync 1 DAGs
[2025-03-27T07:55:54.646+0530] {logging_mixin.py:190} INFO - [2025-03-27T07:55:54.646+0530] {dag.py:4180} INFO - Setting next_dagrun for example_bash_operator to 2025-03-26 00:00:00+00:00, run_after=2025-03-27 00:00:00+00:00
[2025-03-27T07:55:54.652+0530] {processor.py:208} INFO - Processing /Users/uk/miniforge3/lib/python3.10/site-packages/airflow/example_dags/example_bash_operator.py took 0.061 seconds
[2025-03-27T07:58:28.026+0530] {processor.py:186} INFO - Started process (PID=20684) to work on /Users/uk/miniforge3/lib/python3.10/site-packages/airflow/example_dags/example_bash_operator.py
[2025-03-27T07:58:28.027+0530] {processor.py:914} INFO - Processing file /Users/uk/miniforge3/lib/python3.10/site-packages/airflow/example_dags/example_bash_operator.py for tasks to queue
[2025-03-27T07:58:28.027+0530] {logging_mixin.py:190} INFO - [2025-03-27T07:58:28.027+0530] {dagbag.py:588} INFO - Filling up the DagBag from /Users/uk/miniforge3/lib/python3.10/site-packages/airflow/example_dags/example_bash_operator.py
[2025-03-27T07:58:28.032+0530] {processor.py:925} INFO - DAG(s) 'example_bash_operator' retrieved from /Users/uk/miniforge3/lib/python3.10/site-packages/airflow/example_dags/example_bash_operator.py
[2025-03-27T07:58:28.073+0530] {logging_mixin.py:190} INFO - [2025-03-27T07:58:28.073+0530] {dag.py:3239} INFO - Sync 1 DAGs
[2025-03-27T07:58:28.080+0530] {logging_mixin.py:190} INFO - [2025-03-27T07:58:28.080+0530] {dag.py:4180} INFO - Setting next_dagrun for example_bash_operator to 2025-03-26 00:00:00+00:00, run_after=2025-03-27 00:00:00+00:00
[2025-03-27T07:58:28.087+0530] {processor.py:208} INFO - Processing /Users/uk/miniforge3/lib/python3.10/site-packages/airflow/example_dags/example_bash_operator.py took 0.062 seconds
[2025-03-27T08:00:59.071+0530] {processor.py:186} INFO - Started process (PID=20970) to work on /Users/uk/miniforge3/lib/python3.10/site-packages/airflow/example_dags/example_bash_operator.py
[2025-03-27T08:00:59.074+0530] {processor.py:914} INFO - Processing file /Users/uk/miniforge3/lib/python3.10/site-packages/airflow/example_dags/example_bash_operator.py for tasks to queue
[2025-03-27T08:00:59.074+0530] {logging_mixin.py:190} INFO - [2025-03-27T08:00:59.074+0530] {dagbag.py:588} INFO - Filling up the DagBag from /Users/uk/miniforge3/lib/python3.10/site-packages/airflow/example_dags/example_bash_operator.py
[2025-03-27T08:00:59.081+0530] {processor.py:925} INFO - DAG(s) 'example_bash_operator' retrieved from /Users/uk/miniforge3/lib/python3.10/site-packages/airflow/example_dags/example_bash_operator.py
[2025-03-27T08:00:59.126+0530] {logging_mixin.py:190} INFO - [2025-03-27T08:00:59.125+0530] {dag.py:3239} INFO - Sync 1 DAGs
[2025-03-27T08:00:59.133+0530] {logging_mixin.py:190} INFO - [2025-03-27T08:00:59.133+0530] {dag.py:4180} INFO - Setting next_dagrun for example_bash_operator to 2025-03-26 00:00:00+00:00, run_after=2025-03-27 00:00:00+00:00
[2025-03-27T08:00:59.140+0530] {processor.py:208} INFO - Processing /Users/uk/miniforge3/lib/python3.10/site-packages/airflow/example_dags/example_bash_operator.py took 0.071 seconds
[2025-03-27T08:03:33.044+0530] {processor.py:186} INFO - Started process (PID=21291) to work on /Users/uk/miniforge3/lib/python3.10/site-packages/airflow/example_dags/example_bash_operator.py
[2025-03-27T08:03:33.045+0530] {processor.py:914} INFO - Processing file /Users/uk/miniforge3/lib/python3.10/site-packages/airflow/example_dags/example_bash_operator.py for tasks to queue
[2025-03-27T08:03:33.045+0530] {logging_mixin.py:190} INFO - [2025-03-27T08:03:33.045+0530] {dagbag.py:588} INFO - Filling up the DagBag from /Users/uk/miniforge3/lib/python3.10/site-packages/airflow/example_dags/example_bash_operator.py
[2025-03-27T08:03:33.050+0530] {processor.py:925} INFO - DAG(s) 'example_bash_operator' retrieved from /Users/uk/miniforge3/lib/python3.10/site-packages/airflow/example_dags/example_bash_operator.py
[2025-03-27T08:03:33.091+0530] {logging_mixin.py:190} INFO - [2025-03-27T08:03:33.091+0530] {dag.py:3239} INFO - Sync 1 DAGs
[2025-03-27T08:03:33.098+0530] {logging_mixin.py:190} INFO - [2025-03-27T08:03:33.098+0530] {dag.py:4180} INFO - Setting next_dagrun for example_bash_operator to 2025-03-26 00:00:00+00:00, run_after=2025-03-27 00:00:00+00:00
[2025-03-27T08:03:33.105+0530] {processor.py:208} INFO - Processing /Users/uk/miniforge3/lib/python3.10/site-packages/airflow/example_dags/example_bash_operator.py took 0.061 seconds
[2025-03-27T08:06:01.451+0530] {processor.py:186} INFO - Started process (PID=21547) to work on /Users/uk/miniforge3/lib/python3.10/site-packages/airflow/example_dags/example_bash_operator.py
[2025-03-27T08:06:01.452+0530] {processor.py:914} INFO - Processing file /Users/uk/miniforge3/lib/python3.10/site-packages/airflow/example_dags/example_bash_operator.py for tasks to queue
[2025-03-27T08:06:01.452+0530] {logging_mixin.py:190} INFO - [2025-03-27T08:06:01.452+0530] {dagbag.py:588} INFO - Filling up the DagBag from /Users/uk/miniforge3/lib/python3.10/site-packages/airflow/example_dags/example_bash_operator.py
[2025-03-27T08:06:01.462+0530] {processor.py:925} INFO - DAG(s) 'example_bash_operator' retrieved from /Users/uk/miniforge3/lib/python3.10/site-packages/airflow/example_dags/example_bash_operator.py
[2025-03-27T08:06:01.509+0530] {logging_mixin.py:190} INFO - [2025-03-27T08:06:01.509+0530] {dag.py:3239} INFO - Sync 1 DAGs
[2025-03-27T08:06:01.517+0530] {logging_mixin.py:190} INFO - [2025-03-27T08:06:01.517+0530] {dag.py:4180} INFO - Setting next_dagrun for example_bash_operator to 2025-03-26 00:00:00+00:00, run_after=2025-03-27 00:00:00+00:00
[2025-03-27T08:06:01.524+0530] {processor.py:208} INFO - Processing /Users/uk/miniforge3/lib/python3.10/site-packages/airflow/example_dags/example_bash_operator.py took 0.075 seconds
[2025-03-27T08:08:41.217+0530] {processor.py:186} INFO - Started process (PID=21876) to work on /Users/uk/miniforge3/lib/python3.10/site-packages/airflow/example_dags/example_bash_operator.py
[2025-03-27T08:08:41.218+0530] {processor.py:914} INFO - Processing file /Users/uk/miniforge3/lib/python3.10/site-packages/airflow/example_dags/example_bash_operator.py for tasks to queue
[2025-03-27T08:08:41.218+0530] {logging_mixin.py:190} INFO - [2025-03-27T08:08:41.218+0530] {dagbag.py:588} INFO - Filling up the DagBag from /Users/uk/miniforge3/lib/python3.10/site-packages/airflow/example_dags/example_bash_operator.py
[2025-03-27T08:08:41.224+0530] {processor.py:925} INFO - DAG(s) 'example_bash_operator' retrieved from /Users/uk/miniforge3/lib/python3.10/site-packages/airflow/example_dags/example_bash_operator.py
[2025-03-27T08:08:41.270+0530] {logging_mixin.py:190} INFO - [2025-03-27T08:08:41.270+0530] {dag.py:3239} INFO - Sync 1 DAGs
[2025-03-27T08:08:41.278+0530] {logging_mixin.py:190} INFO - [2025-03-27T08:08:41.278+0530] {dag.py:4180} INFO - Setting next_dagrun for example_bash_operator to 2025-03-26 00:00:00+00:00, run_after=2025-03-27 00:00:00+00:00
[2025-03-27T08:08:41.285+0530] {processor.py:208} INFO - Processing /Users/uk/miniforge3/lib/python3.10/site-packages/airflow/example_dags/example_bash_operator.py took 0.070 seconds
[2025-03-27T08:11:15.339+0530] {processor.py:186} INFO - Started process (PID=22152) to work on /Users/uk/miniforge3/lib/python3.10/site-packages/airflow/example_dags/example_bash_operator.py
[2025-03-27T08:11:15.340+0530] {processor.py:914} INFO - Processing file /Users/uk/miniforge3/lib/python3.10/site-packages/airflow/example_dags/example_bash_operator.py for tasks to queue
[2025-03-27T08:11:15.341+0530] {logging_mixin.py:190} INFO - [2025-03-27T08:11:15.341+0530] {dagbag.py:588} INFO - Filling up the DagBag from /Users/uk/miniforge3/lib/python3.10/site-packages/airflow/example_dags/example_bash_operator.py
[2025-03-27T08:11:15.346+0530] {processor.py:925} INFO - DAG(s) 'example_bash_operator' retrieved from /Users/uk/miniforge3/lib/python3.10/site-packages/airflow/example_dags/example_bash_operator.py
[2025-03-27T08:11:15.388+0530] {logging_mixin.py:190} INFO - [2025-03-27T08:11:15.387+0530] {dag.py:3239} INFO - Sync 1 DAGs
[2025-03-27T08:11:15.395+0530] {logging_mixin.py:190} INFO - [2025-03-27T08:11:15.394+0530] {dag.py:4180} INFO - Setting next_dagrun for example_bash_operator to 2025-03-26 00:00:00+00:00, run_after=2025-03-27 00:00:00+00:00
[2025-03-27T08:11:15.401+0530] {processor.py:208} INFO - Processing /Users/uk/miniforge3/lib/python3.10/site-packages/airflow/example_dags/example_bash_operator.py took 0.063 seconds
