[2025-03-27T07:07:12.768+0530] {processor.py:186} INFO - Started process (PID=13364) to work on /Users/uk/miniforge3/lib/python3.10/site-packages/airflow/example_dags/example_latest_only_with_trigger.py
[2025-03-27T07:07:12.768+0530] {processor.py:914} INFO - Processing file /Users/uk/miniforge3/lib/python3.10/site-packages/airflow/example_dags/example_latest_only_with_trigger.py for tasks to queue
[2025-03-27T07:07:12.769+0530] {logging_mixin.py:190} INFO - [2025-03-27T07:07:12.768+0530] {dagbag.py:588} INFO - Filling up the DagBag from /Users/uk/miniforge3/lib/python3.10/site-packages/airflow/example_dags/example_latest_only_with_trigger.py
[2025-03-27T07:07:12.783+0530] {processor.py:925} INFO - DAG(s) 'latest_only_with_trigger' retrieved from /Users/uk/miniforge3/lib/python3.10/site-packages/airflow/example_dags/example_latest_only_with_trigger.py
[2025-03-27T07:07:12.837+0530] {logging_mixin.py:190} INFO - [2025-03-27T07:07:12.837+0530] {dag.py:3239} INFO - Sync 1 DAGs
[2025-03-27T07:07:12.849+0530] {logging_mixin.py:190} INFO - [2025-03-27T07:07:12.849+0530] {dag.py:4180} INFO - Setting next_dagrun for latest_only_with_trigger to 2025-03-26 20:00:00+00:00, run_after=2025-03-27 00:00:00+00:00
[2025-03-27T07:07:12.860+0530] {processor.py:208} INFO - Processing /Users/uk/miniforge3/lib/python3.10/site-packages/airflow/example_dags/example_latest_only_with_trigger.py took 0.094 seconds
[2025-03-27T07:09:57.581+0530] {processor.py:186} INFO - Started process (PID=13666) to work on /Users/uk/miniforge3/lib/python3.10/site-packages/airflow/example_dags/example_latest_only_with_trigger.py
[2025-03-27T07:09:57.582+0530] {processor.py:914} INFO - Processing file /Users/uk/miniforge3/lib/python3.10/site-packages/airflow/example_dags/example_latest_only_with_trigger.py for tasks to queue
[2025-03-27T07:09:57.582+0530] {logging_mixin.py:190} INFO - [2025-03-27T07:09:57.582+0530] {dagbag.py:588} INFO - Filling up the DagBag from /Users/uk/miniforge3/lib/python3.10/site-packages/airflow/example_dags/example_latest_only_with_trigger.py
[2025-03-27T07:09:57.586+0530] {processor.py:925} INFO - DAG(s) 'latest_only_with_trigger' retrieved from /Users/uk/miniforge3/lib/python3.10/site-packages/airflow/example_dags/example_latest_only_with_trigger.py
[2025-03-27T07:09:57.632+0530] {logging_mixin.py:190} INFO - [2025-03-27T07:09:57.632+0530] {dag.py:3239} INFO - Sync 1 DAGs
[2025-03-27T07:09:57.640+0530] {logging_mixin.py:190} INFO - [2025-03-27T07:09:57.640+0530] {dag.py:4180} INFO - Setting next_dagrun for latest_only_with_trigger to 2025-03-26 20:00:00+00:00, run_after=2025-03-27 00:00:00+00:00
[2025-03-27T07:09:57.648+0530] {processor.py:208} INFO - Processing /Users/uk/miniforge3/lib/python3.10/site-packages/airflow/example_dags/example_latest_only_with_trigger.py took 0.068 seconds
[2025-03-27T07:12:42.926+0530] {processor.py:186} INFO - Started process (PID=13957) to work on /Users/uk/miniforge3/lib/python3.10/site-packages/airflow/example_dags/example_latest_only_with_trigger.py
[2025-03-27T07:12:42.927+0530] {processor.py:914} INFO - Processing file /Users/uk/miniforge3/lib/python3.10/site-packages/airflow/example_dags/example_latest_only_with_trigger.py for tasks to queue
[2025-03-27T07:12:42.927+0530] {logging_mixin.py:190} INFO - [2025-03-27T07:12:42.927+0530] {dagbag.py:588} INFO - Filling up the DagBag from /Users/uk/miniforge3/lib/python3.10/site-packages/airflow/example_dags/example_latest_only_with_trigger.py
[2025-03-27T07:12:42.931+0530] {processor.py:925} INFO - DAG(s) 'latest_only_with_trigger' retrieved from /Users/uk/miniforge3/lib/python3.10/site-packages/airflow/example_dags/example_latest_only_with_trigger.py
[2025-03-27T07:12:42.969+0530] {logging_mixin.py:190} INFO - [2025-03-27T07:12:42.969+0530] {dag.py:3239} INFO - Sync 1 DAGs
[2025-03-27T07:12:42.976+0530] {logging_mixin.py:190} INFO - [2025-03-27T07:12:42.976+0530] {dag.py:4180} INFO - Setting next_dagrun for latest_only_with_trigger to 2025-03-26 20:00:00+00:00, run_after=2025-03-27 00:00:00+00:00
[2025-03-27T07:12:42.982+0530] {processor.py:208} INFO - Processing /Users/uk/miniforge3/lib/python3.10/site-packages/airflow/example_dags/example_latest_only_with_trigger.py took 0.057 seconds
[2025-03-27T07:15:18.861+0530] {processor.py:186} INFO - Started process (PID=14232) to work on /Users/uk/miniforge3/lib/python3.10/site-packages/airflow/example_dags/example_latest_only_with_trigger.py
[2025-03-27T07:15:18.862+0530] {processor.py:914} INFO - Processing file /Users/uk/miniforge3/lib/python3.10/site-packages/airflow/example_dags/example_latest_only_with_trigger.py for tasks to queue
[2025-03-27T07:15:18.862+0530] {logging_mixin.py:190} INFO - [2025-03-27T07:15:18.862+0530] {dagbag.py:588} INFO - Filling up the DagBag from /Users/uk/miniforge3/lib/python3.10/site-packages/airflow/example_dags/example_latest_only_with_trigger.py
[2025-03-27T07:15:18.865+0530] {processor.py:925} INFO - DAG(s) 'latest_only_with_trigger' retrieved from /Users/uk/miniforge3/lib/python3.10/site-packages/airflow/example_dags/example_latest_only_with_trigger.py
[2025-03-27T07:15:18.903+0530] {logging_mixin.py:190} INFO - [2025-03-27T07:15:18.903+0530] {dag.py:3239} INFO - Sync 1 DAGs
[2025-03-27T07:15:18.910+0530] {logging_mixin.py:190} INFO - [2025-03-27T07:15:18.910+0530] {dag.py:4180} INFO - Setting next_dagrun for latest_only_with_trigger to 2025-03-26 20:00:00+00:00, run_after=2025-03-27 00:00:00+00:00
[2025-03-27T07:15:18.916+0530] {processor.py:208} INFO - Processing /Users/uk/miniforge3/lib/python3.10/site-packages/airflow/example_dags/example_latest_only_with_trigger.py took 0.056 seconds
[2025-03-27T07:17:45.790+0530] {processor.py:186} INFO - Started process (PID=14476) to work on /Users/uk/miniforge3/lib/python3.10/site-packages/airflow/example_dags/example_latest_only_with_trigger.py
[2025-03-27T07:17:45.790+0530] {processor.py:914} INFO - Processing file /Users/uk/miniforge3/lib/python3.10/site-packages/airflow/example_dags/example_latest_only_with_trigger.py for tasks to queue
[2025-03-27T07:17:45.791+0530] {logging_mixin.py:190} INFO - [2025-03-27T07:17:45.791+0530] {dagbag.py:588} INFO - Filling up the DagBag from /Users/uk/miniforge3/lib/python3.10/site-packages/airflow/example_dags/example_latest_only_with_trigger.py
[2025-03-27T07:17:45.795+0530] {processor.py:925} INFO - DAG(s) 'latest_only_with_trigger' retrieved from /Users/uk/miniforge3/lib/python3.10/site-packages/airflow/example_dags/example_latest_only_with_trigger.py
[2025-03-27T07:17:45.835+0530] {logging_mixin.py:190} INFO - [2025-03-27T07:17:45.835+0530] {dag.py:3239} INFO - Sync 1 DAGs
[2025-03-27T07:17:45.842+0530] {logging_mixin.py:190} INFO - [2025-03-27T07:17:45.842+0530] {dag.py:4180} INFO - Setting next_dagrun for latest_only_with_trigger to 2025-03-26 20:00:00+00:00, run_after=2025-03-27 00:00:00+00:00
[2025-03-27T07:17:45.848+0530] {processor.py:208} INFO - Processing /Users/uk/miniforge3/lib/python3.10/site-packages/airflow/example_dags/example_latest_only_with_trigger.py took 0.060 seconds
[2025-03-27T07:20:10.387+0530] {processor.py:186} INFO - Started process (PID=14990) to work on /Users/uk/miniforge3/lib/python3.10/site-packages/airflow/example_dags/example_latest_only_with_trigger.py
[2025-03-27T07:20:10.388+0530] {processor.py:914} INFO - Processing file /Users/uk/miniforge3/lib/python3.10/site-packages/airflow/example_dags/example_latest_only_with_trigger.py for tasks to queue
[2025-03-27T07:20:10.388+0530] {logging_mixin.py:190} INFO - [2025-03-27T07:20:10.388+0530] {dagbag.py:588} INFO - Filling up the DagBag from /Users/uk/miniforge3/lib/python3.10/site-packages/airflow/example_dags/example_latest_only_with_trigger.py
[2025-03-27T07:20:10.391+0530] {processor.py:925} INFO - DAG(s) 'latest_only_with_trigger' retrieved from /Users/uk/miniforge3/lib/python3.10/site-packages/airflow/example_dags/example_latest_only_with_trigger.py
[2025-03-27T07:20:10.430+0530] {logging_mixin.py:190} INFO - [2025-03-27T07:20:10.430+0530] {dag.py:3239} INFO - Sync 1 DAGs
[2025-03-27T07:20:10.437+0530] {logging_mixin.py:190} INFO - [2025-03-27T07:20:10.437+0530] {dag.py:4180} INFO - Setting next_dagrun for latest_only_with_trigger to 2025-03-26 20:00:00+00:00, run_after=2025-03-27 00:00:00+00:00
[2025-03-27T07:20:10.443+0530] {processor.py:208} INFO - Processing /Users/uk/miniforge3/lib/python3.10/site-packages/airflow/example_dags/example_latest_only_with_trigger.py took 0.057 seconds
[2025-03-27T07:22:34.643+0530] {processor.py:186} INFO - Started process (PID=15263) to work on /Users/uk/miniforge3/lib/python3.10/site-packages/airflow/example_dags/example_latest_only_with_trigger.py
[2025-03-27T07:22:34.643+0530] {processor.py:914} INFO - Processing file /Users/uk/miniforge3/lib/python3.10/site-packages/airflow/example_dags/example_latest_only_with_trigger.py for tasks to queue
[2025-03-27T07:22:34.644+0530] {logging_mixin.py:190} INFO - [2025-03-27T07:22:34.644+0530] {dagbag.py:588} INFO - Filling up the DagBag from /Users/uk/miniforge3/lib/python3.10/site-packages/airflow/example_dags/example_latest_only_with_trigger.py
[2025-03-27T07:22:34.647+0530] {processor.py:925} INFO - DAG(s) 'latest_only_with_trigger' retrieved from /Users/uk/miniforge3/lib/python3.10/site-packages/airflow/example_dags/example_latest_only_with_trigger.py
[2025-03-27T07:22:34.689+0530] {logging_mixin.py:190} INFO - [2025-03-27T07:22:34.689+0530] {dag.py:3239} INFO - Sync 1 DAGs
[2025-03-27T07:22:34.696+0530] {logging_mixin.py:190} INFO - [2025-03-27T07:22:34.696+0530] {dag.py:4180} INFO - Setting next_dagrun for latest_only_with_trigger to 2025-03-26 20:00:00+00:00, run_after=2025-03-27 00:00:00+00:00
[2025-03-27T07:22:34.702+0530] {processor.py:208} INFO - Processing /Users/uk/miniforge3/lib/python3.10/site-packages/airflow/example_dags/example_latest_only_with_trigger.py took 0.060 seconds
[2025-03-27T07:24:56.275+0530] {processor.py:186} INFO - Started process (PID=15541) to work on /Users/uk/miniforge3/lib/python3.10/site-packages/airflow/example_dags/example_latest_only_with_trigger.py
[2025-03-27T07:24:56.276+0530] {processor.py:914} INFO - Processing file /Users/uk/miniforge3/lib/python3.10/site-packages/airflow/example_dags/example_latest_only_with_trigger.py for tasks to queue
[2025-03-27T07:24:56.276+0530] {logging_mixin.py:190} INFO - [2025-03-27T07:24:56.276+0530] {dagbag.py:588} INFO - Filling up the DagBag from /Users/uk/miniforge3/lib/python3.10/site-packages/airflow/example_dags/example_latest_only_with_trigger.py
[2025-03-27T07:24:56.279+0530] {processor.py:925} INFO - DAG(s) 'latest_only_with_trigger' retrieved from /Users/uk/miniforge3/lib/python3.10/site-packages/airflow/example_dags/example_latest_only_with_trigger.py
[2025-03-27T07:24:56.317+0530] {logging_mixin.py:190} INFO - [2025-03-27T07:24:56.317+0530] {dag.py:3239} INFO - Sync 1 DAGs
[2025-03-27T07:24:56.324+0530] {logging_mixin.py:190} INFO - [2025-03-27T07:24:56.324+0530] {dag.py:4180} INFO - Setting next_dagrun for latest_only_with_trigger to 2025-03-26 20:00:00+00:00, run_after=2025-03-27 00:00:00+00:00
[2025-03-27T07:24:56.330+0530] {processor.py:208} INFO - Processing /Users/uk/miniforge3/lib/python3.10/site-packages/airflow/example_dags/example_latest_only_with_trigger.py took 0.057 seconds
[2025-03-27T07:27:20.834+0530] {processor.py:186} INFO - Started process (PID=15771) to work on /Users/uk/miniforge3/lib/python3.10/site-packages/airflow/example_dags/example_latest_only_with_trigger.py
[2025-03-27T07:27:20.835+0530] {processor.py:914} INFO - Processing file /Users/uk/miniforge3/lib/python3.10/site-packages/airflow/example_dags/example_latest_only_with_trigger.py for tasks to queue
[2025-03-27T07:27:20.835+0530] {logging_mixin.py:190} INFO - [2025-03-27T07:27:20.835+0530] {dagbag.py:588} INFO - Filling up the DagBag from /Users/uk/miniforge3/lib/python3.10/site-packages/airflow/example_dags/example_latest_only_with_trigger.py
[2025-03-27T07:27:20.838+0530] {processor.py:925} INFO - DAG(s) 'latest_only_with_trigger' retrieved from /Users/uk/miniforge3/lib/python3.10/site-packages/airflow/example_dags/example_latest_only_with_trigger.py
[2025-03-27T07:27:20.877+0530] {logging_mixin.py:190} INFO - [2025-03-27T07:27:20.877+0530] {dag.py:3239} INFO - Sync 1 DAGs
[2025-03-27T07:27:20.884+0530] {logging_mixin.py:190} INFO - [2025-03-27T07:27:20.884+0530] {dag.py:4180} INFO - Setting next_dagrun for latest_only_with_trigger to 2025-03-26 20:00:00+00:00, run_after=2025-03-27 00:00:00+00:00
[2025-03-27T07:27:20.890+0530] {processor.py:208} INFO - Processing /Users/uk/miniforge3/lib/python3.10/site-packages/airflow/example_dags/example_latest_only_with_trigger.py took 0.057 seconds
[2025-03-27T07:29:48.617+0530] {processor.py:186} INFO - Started process (PID=16036) to work on /Users/uk/miniforge3/lib/python3.10/site-packages/airflow/example_dags/example_latest_only_with_trigger.py
[2025-03-27T07:29:48.618+0530] {processor.py:914} INFO - Processing file /Users/uk/miniforge3/lib/python3.10/site-packages/airflow/example_dags/example_latest_only_with_trigger.py for tasks to queue
[2025-03-27T07:29:48.618+0530] {logging_mixin.py:190} INFO - [2025-03-27T07:29:48.618+0530] {dagbag.py:588} INFO - Filling up the DagBag from /Users/uk/miniforge3/lib/python3.10/site-packages/airflow/example_dags/example_latest_only_with_trigger.py
[2025-03-27T07:29:48.622+0530] {processor.py:925} INFO - DAG(s) 'latest_only_with_trigger' retrieved from /Users/uk/miniforge3/lib/python3.10/site-packages/airflow/example_dags/example_latest_only_with_trigger.py
[2025-03-27T07:29:48.665+0530] {logging_mixin.py:190} INFO - [2025-03-27T07:29:48.665+0530] {dag.py:3239} INFO - Sync 1 DAGs
[2025-03-27T07:29:48.672+0530] {logging_mixin.py:190} INFO - [2025-03-27T07:29:48.672+0530] {dag.py:4180} INFO - Setting next_dagrun for latest_only_with_trigger to 2025-03-26 20:00:00+00:00, run_after=2025-03-27 00:00:00+00:00
[2025-03-27T07:29:48.679+0530] {processor.py:208} INFO - Processing /Users/uk/miniforge3/lib/python3.10/site-packages/airflow/example_dags/example_latest_only_with_trigger.py took 0.063 seconds
[2025-03-27T07:32:21.641+0530] {processor.py:186} INFO - Started process (PID=16356) to work on /Users/uk/miniforge3/lib/python3.10/site-packages/airflow/example_dags/example_latest_only_with_trigger.py
[2025-03-27T07:32:21.641+0530] {processor.py:914} INFO - Processing file /Users/uk/miniforge3/lib/python3.10/site-packages/airflow/example_dags/example_latest_only_with_trigger.py for tasks to queue
[2025-03-27T07:32:21.642+0530] {logging_mixin.py:190} INFO - [2025-03-27T07:32:21.642+0530] {dagbag.py:588} INFO - Filling up the DagBag from /Users/uk/miniforge3/lib/python3.10/site-packages/airflow/example_dags/example_latest_only_with_trigger.py
[2025-03-27T07:32:21.645+0530] {processor.py:925} INFO - DAG(s) 'latest_only_with_trigger' retrieved from /Users/uk/miniforge3/lib/python3.10/site-packages/airflow/example_dags/example_latest_only_with_trigger.py
[2025-03-27T07:32:21.683+0530] {logging_mixin.py:190} INFO - [2025-03-27T07:32:21.683+0530] {dag.py:3239} INFO - Sync 1 DAGs
[2025-03-27T07:32:21.691+0530] {logging_mixin.py:190} INFO - [2025-03-27T07:32:21.690+0530] {dag.py:4180} INFO - Setting next_dagrun for latest_only_with_trigger to 2025-03-26 20:00:00+00:00, run_after=2025-03-27 00:00:00+00:00
[2025-03-27T07:32:21.697+0530] {processor.py:208} INFO - Processing /Users/uk/miniforge3/lib/python3.10/site-packages/airflow/example_dags/example_latest_only_with_trigger.py took 0.057 seconds
[2025-03-27T07:34:50.828+0530] {processor.py:186} INFO - Started process (PID=16648) to work on /Users/uk/miniforge3/lib/python3.10/site-packages/airflow/example_dags/example_latest_only_with_trigger.py
[2025-03-27T07:34:50.828+0530] {processor.py:914} INFO - Processing file /Users/uk/miniforge3/lib/python3.10/site-packages/airflow/example_dags/example_latest_only_with_trigger.py for tasks to queue
[2025-03-27T07:34:50.829+0530] {logging_mixin.py:190} INFO - [2025-03-27T07:34:50.829+0530] {dagbag.py:588} INFO - Filling up the DagBag from /Users/uk/miniforge3/lib/python3.10/site-packages/airflow/example_dags/example_latest_only_with_trigger.py
[2025-03-27T07:34:50.832+0530] {processor.py:925} INFO - DAG(s) 'latest_only_with_trigger' retrieved from /Users/uk/miniforge3/lib/python3.10/site-packages/airflow/example_dags/example_latest_only_with_trigger.py
[2025-03-27T07:34:50.876+0530] {logging_mixin.py:190} INFO - [2025-03-27T07:34:50.876+0530] {dag.py:3239} INFO - Sync 1 DAGs
[2025-03-27T07:34:50.884+0530] {logging_mixin.py:190} INFO - [2025-03-27T07:34:50.884+0530] {dag.py:4180} INFO - Setting next_dagrun for latest_only_with_trigger to 2025-03-26 20:00:00+00:00, run_after=2025-03-27 00:00:00+00:00
[2025-03-27T07:34:50.890+0530] {processor.py:208} INFO - Processing /Users/uk/miniforge3/lib/python3.10/site-packages/airflow/example_dags/example_latest_only_with_trigger.py took 0.064 seconds
[2025-03-27T07:40:12.295+0530] {processor.py:186} INFO - Started process (PID=17367) to work on /Users/uk/miniforge3/lib/python3.10/site-packages/airflow/example_dags/example_latest_only_with_trigger.py
[2025-03-27T07:40:12.296+0530] {processor.py:914} INFO - Processing file /Users/uk/miniforge3/lib/python3.10/site-packages/airflow/example_dags/example_latest_only_with_trigger.py for tasks to queue
[2025-03-27T07:40:12.296+0530] {logging_mixin.py:190} INFO - [2025-03-27T07:40:12.296+0530] {dagbag.py:588} INFO - Filling up the DagBag from /Users/uk/miniforge3/lib/python3.10/site-packages/airflow/example_dags/example_latest_only_with_trigger.py
[2025-03-27T07:40:12.299+0530] {processor.py:925} INFO - DAG(s) 'latest_only_with_trigger' retrieved from /Users/uk/miniforge3/lib/python3.10/site-packages/airflow/example_dags/example_latest_only_with_trigger.py
[2025-03-27T07:40:12.374+0530] {logging_mixin.py:190} INFO - [2025-03-27T07:40:12.374+0530] {override.py:1930} INFO - Created Permission View: can edit on DAG:latest_only_with_trigger
[2025-03-27T07:40:12.377+0530] {logging_mixin.py:190} INFO - [2025-03-27T07:40:12.377+0530] {override.py:1930} INFO - Created Permission View: can delete on DAG:latest_only_with_trigger
[2025-03-27T07:40:12.379+0530] {logging_mixin.py:190} INFO - [2025-03-27T07:40:12.379+0530] {override.py:1930} INFO - Created Permission View: can read on DAG:latest_only_with_trigger
[2025-03-27T07:40:12.382+0530] {logging_mixin.py:190} INFO - [2025-03-27T07:40:12.382+0530] {override.py:1930} INFO - Created Permission View: can create on DAG Run:latest_only_with_trigger
[2025-03-27T07:40:12.384+0530] {logging_mixin.py:190} INFO - [2025-03-27T07:40:12.384+0530] {override.py:1930} INFO - Created Permission View: menu access on DAG Run:latest_only_with_trigger
[2025-03-27T07:40:12.386+0530] {logging_mixin.py:190} INFO - [2025-03-27T07:40:12.386+0530] {override.py:1930} INFO - Created Permission View: can delete on DAG Run:latest_only_with_trigger
[2025-03-27T07:40:12.388+0530] {logging_mixin.py:190} INFO - [2025-03-27T07:40:12.388+0530] {override.py:1930} INFO - Created Permission View: can read on DAG Run:latest_only_with_trigger
[2025-03-27T07:40:12.388+0530] {logging_mixin.py:190} INFO - [2025-03-27T07:40:12.388+0530] {dag.py:3239} INFO - Sync 1 DAGs
[2025-03-27T07:40:12.392+0530] {logging_mixin.py:190} INFO - [2025-03-27T07:40:12.392+0530] {dag.py:3262} INFO - Creating ORM DAG for latest_only_with_trigger
[2025-03-27T07:40:12.395+0530] {logging_mixin.py:190} INFO - [2025-03-27T07:40:12.395+0530] {dag.py:4180} INFO - Setting next_dagrun for latest_only_with_trigger to 2025-03-26 20:00:00+00:00, run_after=2025-03-27 00:00:00+00:00
[2025-03-27T07:40:12.402+0530] {processor.py:208} INFO - Processing /Users/uk/miniforge3/lib/python3.10/site-packages/airflow/example_dags/example_latest_only_with_trigger.py took 0.108 seconds
[2025-03-27T07:41:59.173+0530] {processor.py:186} INFO - Started process (PID=17564) to work on /Users/uk/miniforge3/lib/python3.10/site-packages/airflow/example_dags/example_latest_only_with_trigger.py
[2025-03-27T07:41:59.174+0530] {processor.py:914} INFO - Processing file /Users/uk/miniforge3/lib/python3.10/site-packages/airflow/example_dags/example_latest_only_with_trigger.py for tasks to queue
[2025-03-27T07:41:59.174+0530] {logging_mixin.py:190} INFO - [2025-03-27T07:41:59.174+0530] {dagbag.py:588} INFO - Filling up the DagBag from /Users/uk/miniforge3/lib/python3.10/site-packages/airflow/example_dags/example_latest_only_with_trigger.py
[2025-03-27T07:41:59.177+0530] {processor.py:925} INFO - DAG(s) 'latest_only_with_trigger' retrieved from /Users/uk/miniforge3/lib/python3.10/site-packages/airflow/example_dags/example_latest_only_with_trigger.py
[2025-03-27T07:41:59.216+0530] {logging_mixin.py:190} INFO - [2025-03-27T07:41:59.216+0530] {dag.py:3239} INFO - Sync 1 DAGs
[2025-03-27T07:41:59.223+0530] {logging_mixin.py:190} INFO - [2025-03-27T07:41:59.223+0530] {dag.py:4180} INFO - Setting next_dagrun for latest_only_with_trigger to 2025-03-26 20:00:00+00:00, run_after=2025-03-27 00:00:00+00:00
[2025-03-27T07:41:59.229+0530] {processor.py:208} INFO - Processing /Users/uk/miniforge3/lib/python3.10/site-packages/airflow/example_dags/example_latest_only_with_trigger.py took 0.058 seconds
[2025-03-27T07:44:29.446+0530] {processor.py:186} INFO - Started process (PID=17982) to work on /Users/uk/miniforge3/lib/python3.10/site-packages/airflow/example_dags/example_latest_only_with_trigger.py
[2025-03-27T07:44:29.447+0530] {processor.py:914} INFO - Processing file /Users/uk/miniforge3/lib/python3.10/site-packages/airflow/example_dags/example_latest_only_with_trigger.py for tasks to queue
[2025-03-27T07:44:29.448+0530] {logging_mixin.py:190} INFO - [2025-03-27T07:44:29.448+0530] {dagbag.py:588} INFO - Filling up the DagBag from /Users/uk/miniforge3/lib/python3.10/site-packages/airflow/example_dags/example_latest_only_with_trigger.py
[2025-03-27T07:44:29.451+0530] {processor.py:925} INFO - DAG(s) 'latest_only_with_trigger' retrieved from /Users/uk/miniforge3/lib/python3.10/site-packages/airflow/example_dags/example_latest_only_with_trigger.py
[2025-03-27T07:44:29.491+0530] {logging_mixin.py:190} INFO - [2025-03-27T07:44:29.491+0530] {dag.py:3239} INFO - Sync 1 DAGs
[2025-03-27T07:44:29.498+0530] {logging_mixin.py:190} INFO - [2025-03-27T07:44:29.498+0530] {dag.py:4180} INFO - Setting next_dagrun for latest_only_with_trigger to 2025-03-26 20:00:00+00:00, run_after=2025-03-27 00:00:00+00:00
[2025-03-27T07:44:29.504+0530] {processor.py:208} INFO - Processing /Users/uk/miniforge3/lib/python3.10/site-packages/airflow/example_dags/example_latest_only_with_trigger.py took 0.059 seconds
[2025-03-27T07:46:58.546+0530] {processor.py:186} INFO - Started process (PID=18319) to work on /Users/uk/miniforge3/lib/python3.10/site-packages/airflow/example_dags/example_latest_only_with_trigger.py
[2025-03-27T07:46:58.547+0530] {processor.py:914} INFO - Processing file /Users/uk/miniforge3/lib/python3.10/site-packages/airflow/example_dags/example_latest_only_with_trigger.py for tasks to queue
[2025-03-27T07:46:58.547+0530] {logging_mixin.py:190} INFO - [2025-03-27T07:46:58.547+0530] {dagbag.py:588} INFO - Filling up the DagBag from /Users/uk/miniforge3/lib/python3.10/site-packages/airflow/example_dags/example_latest_only_with_trigger.py
[2025-03-27T07:46:58.550+0530] {processor.py:925} INFO - DAG(s) 'latest_only_with_trigger' retrieved from /Users/uk/miniforge3/lib/python3.10/site-packages/airflow/example_dags/example_latest_only_with_trigger.py
[2025-03-27T07:46:58.588+0530] {logging_mixin.py:190} INFO - [2025-03-27T07:46:58.588+0530] {dag.py:3239} INFO - Sync 1 DAGs
[2025-03-27T07:46:58.595+0530] {logging_mixin.py:190} INFO - [2025-03-27T07:46:58.595+0530] {dag.py:4180} INFO - Setting next_dagrun for latest_only_with_trigger to 2025-03-26 20:00:00+00:00, run_after=2025-03-27 00:00:00+00:00
[2025-03-27T07:46:58.602+0530] {processor.py:208} INFO - Processing /Users/uk/miniforge3/lib/python3.10/site-packages/airflow/example_dags/example_latest_only_with_trigger.py took 0.057 seconds
[2025-03-27T07:48:47.513+0530] {processor.py:186} INFO - Started process (PID=18510) to work on /Users/uk/miniforge3/lib/python3.10/site-packages/airflow/example_dags/example_latest_only_with_trigger.py
[2025-03-27T07:48:47.513+0530] {processor.py:914} INFO - Processing file /Users/uk/miniforge3/lib/python3.10/site-packages/airflow/example_dags/example_latest_only_with_trigger.py for tasks to queue
[2025-03-27T07:48:47.514+0530] {logging_mixin.py:190} INFO - [2025-03-27T07:48:47.514+0530] {dagbag.py:588} INFO - Filling up the DagBag from /Users/uk/miniforge3/lib/python3.10/site-packages/airflow/example_dags/example_latest_only_with_trigger.py
[2025-03-27T07:48:47.517+0530] {processor.py:925} INFO - DAG(s) 'latest_only_with_trigger' retrieved from /Users/uk/miniforge3/lib/python3.10/site-packages/airflow/example_dags/example_latest_only_with_trigger.py
[2025-03-27T07:48:47.555+0530] {logging_mixin.py:190} INFO - [2025-03-27T07:48:47.555+0530] {dag.py:3239} INFO - Sync 1 DAGs
[2025-03-27T07:48:47.562+0530] {logging_mixin.py:190} INFO - [2025-03-27T07:48:47.562+0530] {dag.py:4180} INFO - Setting next_dagrun for latest_only_with_trigger to 2025-03-26 20:00:00+00:00, run_after=2025-03-27 00:00:00+00:00
[2025-03-27T07:48:47.568+0530] {processor.py:208} INFO - Processing /Users/uk/miniforge3/lib/python3.10/site-packages/airflow/example_dags/example_latest_only_with_trigger.py took 0.057 seconds
[2025-03-27T07:51:18.885+0530] {processor.py:186} INFO - Started process (PID=19113) to work on /Users/uk/miniforge3/lib/python3.10/site-packages/airflow/example_dags/example_latest_only_with_trigger.py
[2025-03-27T07:51:18.886+0530] {processor.py:914} INFO - Processing file /Users/uk/miniforge3/lib/python3.10/site-packages/airflow/example_dags/example_latest_only_with_trigger.py for tasks to queue
[2025-03-27T07:51:18.886+0530] {logging_mixin.py:190} INFO - [2025-03-27T07:51:18.886+0530] {dagbag.py:588} INFO - Filling up the DagBag from /Users/uk/miniforge3/lib/python3.10/site-packages/airflow/example_dags/example_latest_only_with_trigger.py
[2025-03-27T07:51:18.889+0530] {processor.py:925} INFO - DAG(s) 'latest_only_with_trigger' retrieved from /Users/uk/miniforge3/lib/python3.10/site-packages/airflow/example_dags/example_latest_only_with_trigger.py
[2025-03-27T07:51:18.927+0530] {logging_mixin.py:190} INFO - [2025-03-27T07:51:18.927+0530] {dag.py:3239} INFO - Sync 1 DAGs
[2025-03-27T07:51:18.935+0530] {logging_mixin.py:190} INFO - [2025-03-27T07:51:18.935+0530] {dag.py:4180} INFO - Setting next_dagrun for latest_only_with_trigger to 2025-03-26 20:00:00+00:00, run_after=2025-03-27 00:00:00+00:00
[2025-03-27T07:51:18.941+0530] {processor.py:208} INFO - Processing /Users/uk/miniforge3/lib/python3.10/site-packages/airflow/example_dags/example_latest_only_with_trigger.py took 0.057 seconds
[2025-03-27T07:55:20.398+0530] {processor.py:186} INFO - Started process (PID=20292) to work on /Users/uk/miniforge3/lib/python3.10/site-packages/airflow/example_dags/example_latest_only_with_trigger.py
[2025-03-27T07:55:20.398+0530] {processor.py:914} INFO - Processing file /Users/uk/miniforge3/lib/python3.10/site-packages/airflow/example_dags/example_latest_only_with_trigger.py for tasks to queue
[2025-03-27T07:55:20.399+0530] {logging_mixin.py:190} INFO - [2025-03-27T07:55:20.399+0530] {dagbag.py:588} INFO - Filling up the DagBag from /Users/uk/miniforge3/lib/python3.10/site-packages/airflow/example_dags/example_latest_only_with_trigger.py
[2025-03-27T07:55:20.402+0530] {processor.py:925} INFO - DAG(s) 'latest_only_with_trigger' retrieved from /Users/uk/miniforge3/lib/python3.10/site-packages/airflow/example_dags/example_latest_only_with_trigger.py
[2025-03-27T07:55:20.441+0530] {logging_mixin.py:190} INFO - [2025-03-27T07:55:20.440+0530] {dag.py:3239} INFO - Sync 1 DAGs
[2025-03-27T07:55:20.448+0530] {logging_mixin.py:190} INFO - [2025-03-27T07:55:20.448+0530] {dag.py:4180} INFO - Setting next_dagrun for latest_only_with_trigger to 2025-03-26 20:00:00+00:00, run_after=2025-03-27 00:00:00+00:00
[2025-03-27T07:55:20.454+0530] {processor.py:208} INFO - Processing /Users/uk/miniforge3/lib/python3.10/site-packages/airflow/example_dags/example_latest_only_with_trigger.py took 0.058 seconds
[2025-03-27T07:57:06.220+0530] {processor.py:186} INFO - Started process (PID=20532) to work on /Users/uk/miniforge3/lib/python3.10/site-packages/airflow/example_dags/example_latest_only_with_trigger.py
[2025-03-27T07:57:06.221+0530] {processor.py:914} INFO - Processing file /Users/uk/miniforge3/lib/python3.10/site-packages/airflow/example_dags/example_latest_only_with_trigger.py for tasks to queue
[2025-03-27T07:57:06.222+0530] {logging_mixin.py:190} INFO - [2025-03-27T07:57:06.222+0530] {dagbag.py:588} INFO - Filling up the DagBag from /Users/uk/miniforge3/lib/python3.10/site-packages/airflow/example_dags/example_latest_only_with_trigger.py
[2025-03-27T07:57:06.225+0530] {processor.py:925} INFO - DAG(s) 'latest_only_with_trigger' retrieved from /Users/uk/miniforge3/lib/python3.10/site-packages/airflow/example_dags/example_latest_only_with_trigger.py
[2025-03-27T07:57:06.265+0530] {logging_mixin.py:190} INFO - [2025-03-27T07:57:06.265+0530] {dag.py:3239} INFO - Sync 1 DAGs
[2025-03-27T07:57:06.272+0530] {logging_mixin.py:190} INFO - [2025-03-27T07:57:06.272+0530] {dag.py:4180} INFO - Setting next_dagrun for latest_only_with_trigger to 2025-03-26 20:00:00+00:00, run_after=2025-03-27 00:00:00+00:00
[2025-03-27T07:57:06.279+0530] {processor.py:208} INFO - Processing /Users/uk/miniforge3/lib/python3.10/site-packages/airflow/example_dags/example_latest_only_with_trigger.py took 0.060 seconds
[2025-03-27T07:59:40.708+0530] {processor.py:186} INFO - Started process (PID=20837) to work on /Users/uk/miniforge3/lib/python3.10/site-packages/airflow/example_dags/example_latest_only_with_trigger.py
[2025-03-27T07:59:40.709+0530] {processor.py:914} INFO - Processing file /Users/uk/miniforge3/lib/python3.10/site-packages/airflow/example_dags/example_latest_only_with_trigger.py for tasks to queue
[2025-03-27T07:59:40.709+0530] {logging_mixin.py:190} INFO - [2025-03-27T07:59:40.709+0530] {dagbag.py:588} INFO - Filling up the DagBag from /Users/uk/miniforge3/lib/python3.10/site-packages/airflow/example_dags/example_latest_only_with_trigger.py
[2025-03-27T07:59:40.713+0530] {processor.py:925} INFO - DAG(s) 'latest_only_with_trigger' retrieved from /Users/uk/miniforge3/lib/python3.10/site-packages/airflow/example_dags/example_latest_only_with_trigger.py
[2025-03-27T07:59:40.756+0530] {logging_mixin.py:190} INFO - [2025-03-27T07:59:40.756+0530] {dag.py:3239} INFO - Sync 1 DAGs
[2025-03-27T07:59:40.763+0530] {logging_mixin.py:190} INFO - [2025-03-27T07:59:40.763+0530] {dag.py:4180} INFO - Setting next_dagrun for latest_only_with_trigger to 2025-03-26 20:00:00+00:00, run_after=2025-03-27 00:00:00+00:00
[2025-03-27T07:59:40.769+0530] {processor.py:208} INFO - Processing /Users/uk/miniforge3/lib/python3.10/site-packages/airflow/example_dags/example_latest_only_with_trigger.py took 0.062 seconds
[2025-03-27T08:02:11.907+0530] {processor.py:186} INFO - Started process (PID=21134) to work on /Users/uk/miniforge3/lib/python3.10/site-packages/airflow/example_dags/example_latest_only_with_trigger.py
[2025-03-27T08:02:11.908+0530] {processor.py:914} INFO - Processing file /Users/uk/miniforge3/lib/python3.10/site-packages/airflow/example_dags/example_latest_only_with_trigger.py for tasks to queue
[2025-03-27T08:02:11.908+0530] {logging_mixin.py:190} INFO - [2025-03-27T08:02:11.908+0530] {dagbag.py:588} INFO - Filling up the DagBag from /Users/uk/miniforge3/lib/python3.10/site-packages/airflow/example_dags/example_latest_only_with_trigger.py
[2025-03-27T08:02:11.913+0530] {processor.py:925} INFO - DAG(s) 'latest_only_with_trigger' retrieved from /Users/uk/miniforge3/lib/python3.10/site-packages/airflow/example_dags/example_latest_only_with_trigger.py
[2025-03-27T08:02:11.964+0530] {logging_mixin.py:190} INFO - [2025-03-27T08:02:11.963+0530] {dag.py:3239} INFO - Sync 1 DAGs
[2025-03-27T08:02:11.973+0530] {logging_mixin.py:190} INFO - [2025-03-27T08:02:11.973+0530] {dag.py:4180} INFO - Setting next_dagrun for latest_only_with_trigger to 2025-03-26 20:00:00+00:00, run_after=2025-03-27 00:00:00+00:00
[2025-03-27T08:02:11.982+0530] {processor.py:208} INFO - Processing /Users/uk/miniforge3/lib/python3.10/site-packages/airflow/example_dags/example_latest_only_with_trigger.py took 0.077 seconds
[2025-03-27T08:04:41.602+0530] {processor.py:186} INFO - Started process (PID=21409) to work on /Users/uk/miniforge3/lib/python3.10/site-packages/airflow/example_dags/example_latest_only_with_trigger.py
[2025-03-27T08:04:41.602+0530] {processor.py:914} INFO - Processing file /Users/uk/miniforge3/lib/python3.10/site-packages/airflow/example_dags/example_latest_only_with_trigger.py for tasks to queue
[2025-03-27T08:04:41.603+0530] {logging_mixin.py:190} INFO - [2025-03-27T08:04:41.603+0530] {dagbag.py:588} INFO - Filling up the DagBag from /Users/uk/miniforge3/lib/python3.10/site-packages/airflow/example_dags/example_latest_only_with_trigger.py
[2025-03-27T08:04:41.606+0530] {processor.py:925} INFO - DAG(s) 'latest_only_with_trigger' retrieved from /Users/uk/miniforge3/lib/python3.10/site-packages/airflow/example_dags/example_latest_only_with_trigger.py
[2025-03-27T08:04:41.645+0530] {logging_mixin.py:190} INFO - [2025-03-27T08:04:41.644+0530] {dag.py:3239} INFO - Sync 1 DAGs
[2025-03-27T08:04:41.651+0530] {logging_mixin.py:190} INFO - [2025-03-27T08:04:41.651+0530] {dag.py:4180} INFO - Setting next_dagrun for latest_only_with_trigger to 2025-03-26 20:00:00+00:00, run_after=2025-03-27 00:00:00+00:00
[2025-03-27T08:04:41.658+0530] {processor.py:208} INFO - Processing /Users/uk/miniforge3/lib/python3.10/site-packages/airflow/example_dags/example_latest_only_with_trigger.py took 0.057 seconds
[2025-03-27T08:07:11.102+0530] {processor.py:186} INFO - Started process (PID=21658) to work on /Users/uk/miniforge3/lib/python3.10/site-packages/airflow/example_dags/example_latest_only_with_trigger.py
[2025-03-27T08:07:11.103+0530] {processor.py:914} INFO - Processing file /Users/uk/miniforge3/lib/python3.10/site-packages/airflow/example_dags/example_latest_only_with_trigger.py for tasks to queue
[2025-03-27T08:07:11.103+0530] {logging_mixin.py:190} INFO - [2025-03-27T08:07:11.103+0530] {dagbag.py:588} INFO - Filling up the DagBag from /Users/uk/miniforge3/lib/python3.10/site-packages/airflow/example_dags/example_latest_only_with_trigger.py
[2025-03-27T08:07:11.107+0530] {processor.py:925} INFO - DAG(s) 'latest_only_with_trigger' retrieved from /Users/uk/miniforge3/lib/python3.10/site-packages/airflow/example_dags/example_latest_only_with_trigger.py
[2025-03-27T08:07:11.155+0530] {logging_mixin.py:190} INFO - [2025-03-27T08:07:11.155+0530] {dag.py:3239} INFO - Sync 1 DAGs
[2025-03-27T08:07:11.164+0530] {logging_mixin.py:190} INFO - [2025-03-27T08:07:11.164+0530] {dag.py:4180} INFO - Setting next_dagrun for latest_only_with_trigger to 2025-03-26 20:00:00+00:00, run_after=2025-03-27 00:00:00+00:00
[2025-03-27T08:07:11.172+0530] {processor.py:208} INFO - Processing /Users/uk/miniforge3/lib/python3.10/site-packages/airflow/example_dags/example_latest_only_with_trigger.py took 0.072 seconds
[2025-03-27T08:09:52.270+0530] {processor.py:186} INFO - Started process (PID=21988) to work on /Users/uk/miniforge3/lib/python3.10/site-packages/airflow/example_dags/example_latest_only_with_trigger.py
[2025-03-27T08:09:52.270+0530] {processor.py:914} INFO - Processing file /Users/uk/miniforge3/lib/python3.10/site-packages/airflow/example_dags/example_latest_only_with_trigger.py for tasks to queue
[2025-03-27T08:09:52.271+0530] {logging_mixin.py:190} INFO - [2025-03-27T08:09:52.271+0530] {dagbag.py:588} INFO - Filling up the DagBag from /Users/uk/miniforge3/lib/python3.10/site-packages/airflow/example_dags/example_latest_only_with_trigger.py
[2025-03-27T08:09:52.274+0530] {processor.py:925} INFO - DAG(s) 'latest_only_with_trigger' retrieved from /Users/uk/miniforge3/lib/python3.10/site-packages/airflow/example_dags/example_latest_only_with_trigger.py
[2025-03-27T08:09:52.313+0530] {logging_mixin.py:190} INFO - [2025-03-27T08:09:52.313+0530] {dag.py:3239} INFO - Sync 1 DAGs
[2025-03-27T08:09:52.322+0530] {logging_mixin.py:190} INFO - [2025-03-27T08:09:52.322+0530] {dag.py:4180} INFO - Setting next_dagrun for latest_only_with_trigger to 2025-03-26 20:00:00+00:00, run_after=2025-03-27 00:00:00+00:00
[2025-03-27T08:09:52.329+0530] {processor.py:208} INFO - Processing /Users/uk/miniforge3/lib/python3.10/site-packages/airflow/example_dags/example_latest_only_with_trigger.py took 0.060 seconds
