[2025-03-27T07:07:16.348+0530] {processor.py:186} INFO - Started process (PID=13368) to work on /Users/uk/miniforge3/lib/python3.10/site-packages/airflow/example_dags/example_kubernetes_executor.py
[2025-03-27T07:07:16.348+0530] {processor.py:914} INFO - Processing file /Users/uk/miniforge3/lib/python3.10/site-packages/airflow/example_dags/example_kubernetes_executor.py for tasks to queue
[2025-03-27T07:07:16.349+0530] {logging_mixin.py:190} INFO - [2025-03-27T07:07:16.349+0530] {dagbag.py:588} INFO - Filling up the DagBag from /Users/uk/miniforge3/lib/python3.10/site-packages/airflow/example_dags/example_kubernetes_executor.py
[2025-03-27T07:07:16.363+0530] {logging_mixin.py:190} INFO - [2025-03-27T07:07:16.363+0530] {example_kubernetes_executor.py:39} WARNING - The example_kubernetes_executor example DAG requires the kubernetes provider. Please install it with: pip install apache-airflow[cncf.kubernetes]
[2025-03-27T07:07:16.363+0530] {processor.py:927} WARNING - No viable dags retrieved from /Users/uk/miniforge3/lib/python3.10/site-packages/airflow/example_dags/example_kubernetes_executor.py
[2025-03-27T07:07:16.399+0530] {processor.py:208} INFO - Processing /Users/uk/miniforge3/lib/python3.10/site-packages/airflow/example_dags/example_kubernetes_executor.py took 0.053 seconds
[2025-03-27T07:10:01.193+0530] {processor.py:186} INFO - Started process (PID=13673) to work on /Users/uk/miniforge3/lib/python3.10/site-packages/airflow/example_dags/example_kubernetes_executor.py
[2025-03-27T07:10:01.194+0530] {processor.py:914} INFO - Processing file /Users/uk/miniforge3/lib/python3.10/site-packages/airflow/example_dags/example_kubernetes_executor.py for tasks to queue
[2025-03-27T07:10:01.194+0530] {logging_mixin.py:190} INFO - [2025-03-27T07:10:01.194+0530] {dagbag.py:588} INFO - Filling up the DagBag from /Users/uk/miniforge3/lib/python3.10/site-packages/airflow/example_dags/example_kubernetes_executor.py
[2025-03-27T07:10:01.209+0530] {logging_mixin.py:190} INFO - [2025-03-27T07:10:01.209+0530] {example_kubernetes_executor.py:39} WARNING - The example_kubernetes_executor example DAG requires the kubernetes provider. Please install it with: pip install apache-airflow[cncf.kubernetes]
[2025-03-27T07:10:01.209+0530] {processor.py:927} WARNING - No viable dags retrieved from /Users/uk/miniforge3/lib/python3.10/site-packages/airflow/example_dags/example_kubernetes_executor.py
[2025-03-27T07:10:01.244+0530] {processor.py:208} INFO - Processing /Users/uk/miniforge3/lib/python3.10/site-packages/airflow/example_dags/example_kubernetes_executor.py took 0.052 seconds
[2025-03-27T07:12:46.038+0530] {processor.py:186} INFO - Started process (PID=13961) to work on /Users/uk/miniforge3/lib/python3.10/site-packages/airflow/example_dags/example_kubernetes_executor.py
[2025-03-27T07:12:46.039+0530] {processor.py:914} INFO - Processing file /Users/uk/miniforge3/lib/python3.10/site-packages/airflow/example_dags/example_kubernetes_executor.py for tasks to queue
[2025-03-27T07:12:46.039+0530] {logging_mixin.py:190} INFO - [2025-03-27T07:12:46.039+0530] {dagbag.py:588} INFO - Filling up the DagBag from /Users/uk/miniforge3/lib/python3.10/site-packages/airflow/example_dags/example_kubernetes_executor.py
[2025-03-27T07:12:46.057+0530] {logging_mixin.py:190} INFO - [2025-03-27T07:12:46.056+0530] {example_kubernetes_executor.py:39} WARNING - The example_kubernetes_executor example DAG requires the kubernetes provider. Please install it with: pip install apache-airflow[cncf.kubernetes]
[2025-03-27T07:12:46.057+0530] {processor.py:927} WARNING - No viable dags retrieved from /Users/uk/miniforge3/lib/python3.10/site-packages/airflow/example_dags/example_kubernetes_executor.py
[2025-03-27T07:12:46.093+0530] {processor.py:208} INFO - Processing /Users/uk/miniforge3/lib/python3.10/site-packages/airflow/example_dags/example_kubernetes_executor.py took 0.057 seconds
[2025-03-27T07:15:21.916+0530] {processor.py:186} INFO - Started process (PID=14240) to work on /Users/uk/miniforge3/lib/python3.10/site-packages/airflow/example_dags/example_kubernetes_executor.py
[2025-03-27T07:15:21.917+0530] {processor.py:914} INFO - Processing file /Users/uk/miniforge3/lib/python3.10/site-packages/airflow/example_dags/example_kubernetes_executor.py for tasks to queue
[2025-03-27T07:15:21.917+0530] {logging_mixin.py:190} INFO - [2025-03-27T07:15:21.917+0530] {dagbag.py:588} INFO - Filling up the DagBag from /Users/uk/miniforge3/lib/python3.10/site-packages/airflow/example_dags/example_kubernetes_executor.py
[2025-03-27T07:15:21.929+0530] {logging_mixin.py:190} INFO - [2025-03-27T07:15:21.929+0530] {example_kubernetes_executor.py:39} WARNING - The example_kubernetes_executor example DAG requires the kubernetes provider. Please install it with: pip install apache-airflow[cncf.kubernetes]
[2025-03-27T07:15:21.929+0530] {processor.py:927} WARNING - No viable dags retrieved from /Users/uk/miniforge3/lib/python3.10/site-packages/airflow/example_dags/example_kubernetes_executor.py
[2025-03-27T07:15:21.963+0530] {processor.py:208} INFO - Processing /Users/uk/miniforge3/lib/python3.10/site-packages/airflow/example_dags/example_kubernetes_executor.py took 0.048 seconds
[2025-03-27T07:17:48.735+0530] {processor.py:186} INFO - Started process (PID=14481) to work on /Users/uk/miniforge3/lib/python3.10/site-packages/airflow/example_dags/example_kubernetes_executor.py
[2025-03-27T07:17:48.736+0530] {processor.py:914} INFO - Processing file /Users/uk/miniforge3/lib/python3.10/site-packages/airflow/example_dags/example_kubernetes_executor.py for tasks to queue
[2025-03-27T07:17:48.737+0530] {logging_mixin.py:190} INFO - [2025-03-27T07:17:48.736+0530] {dagbag.py:588} INFO - Filling up the DagBag from /Users/uk/miniforge3/lib/python3.10/site-packages/airflow/example_dags/example_kubernetes_executor.py
[2025-03-27T07:17:48.751+0530] {logging_mixin.py:190} INFO - [2025-03-27T07:17:48.751+0530] {example_kubernetes_executor.py:39} WARNING - The example_kubernetes_executor example DAG requires the kubernetes provider. Please install it with: pip install apache-airflow[cncf.kubernetes]
[2025-03-27T07:17:48.751+0530] {processor.py:927} WARNING - No viable dags retrieved from /Users/uk/miniforge3/lib/python3.10/site-packages/airflow/example_dags/example_kubernetes_executor.py
[2025-03-27T07:17:48.789+0530] {processor.py:208} INFO - Processing /Users/uk/miniforge3/lib/python3.10/site-packages/airflow/example_dags/example_kubernetes_executor.py took 0.056 seconds
[2025-03-27T07:20:14.140+0530] {processor.py:186} INFO - Started process (PID=15012) to work on /Users/uk/miniforge3/lib/python3.10/site-packages/airflow/example_dags/example_kubernetes_executor.py
[2025-03-27T07:20:14.140+0530] {processor.py:914} INFO - Processing file /Users/uk/miniforge3/lib/python3.10/site-packages/airflow/example_dags/example_kubernetes_executor.py for tasks to queue
[2025-03-27T07:20:14.141+0530] {logging_mixin.py:190} INFO - [2025-03-27T07:20:14.141+0530] {dagbag.py:588} INFO - Filling up the DagBag from /Users/uk/miniforge3/lib/python3.10/site-packages/airflow/example_dags/example_kubernetes_executor.py
[2025-03-27T07:20:14.153+0530] {logging_mixin.py:190} INFO - [2025-03-27T07:20:14.153+0530] {example_kubernetes_executor.py:39} WARNING - The example_kubernetes_executor example DAG requires the kubernetes provider. Please install it with: pip install apache-airflow[cncf.kubernetes]
[2025-03-27T07:20:14.154+0530] {processor.py:927} WARNING - No viable dags retrieved from /Users/uk/miniforge3/lib/python3.10/site-packages/airflow/example_dags/example_kubernetes_executor.py
[2025-03-27T07:20:14.187+0530] {processor.py:208} INFO - Processing /Users/uk/miniforge3/lib/python3.10/site-packages/airflow/example_dags/example_kubernetes_executor.py took 0.048 seconds
[2025-03-27T07:22:38.358+0530] {processor.py:186} INFO - Started process (PID=15267) to work on /Users/uk/miniforge3/lib/python3.10/site-packages/airflow/example_dags/example_kubernetes_executor.py
[2025-03-27T07:22:38.358+0530] {processor.py:914} INFO - Processing file /Users/uk/miniforge3/lib/python3.10/site-packages/airflow/example_dags/example_kubernetes_executor.py for tasks to queue
[2025-03-27T07:22:38.359+0530] {logging_mixin.py:190} INFO - [2025-03-27T07:22:38.359+0530] {dagbag.py:588} INFO - Filling up the DagBag from /Users/uk/miniforge3/lib/python3.10/site-packages/airflow/example_dags/example_kubernetes_executor.py
[2025-03-27T07:22:38.372+0530] {logging_mixin.py:190} INFO - [2025-03-27T07:22:38.372+0530] {example_kubernetes_executor.py:39} WARNING - The example_kubernetes_executor example DAG requires the kubernetes provider. Please install it with: pip install apache-airflow[cncf.kubernetes]
[2025-03-27T07:22:38.372+0530] {processor.py:927} WARNING - No viable dags retrieved from /Users/uk/miniforge3/lib/python3.10/site-packages/airflow/example_dags/example_kubernetes_executor.py
[2025-03-27T07:22:38.405+0530] {processor.py:208} INFO - Processing /Users/uk/miniforge3/lib/python3.10/site-packages/airflow/example_dags/example_kubernetes_executor.py took 0.049 seconds
[2025-03-27T07:24:59.067+0530] {processor.py:186} INFO - Started process (PID=15548) to work on /Users/uk/miniforge3/lib/python3.10/site-packages/airflow/example_dags/example_kubernetes_executor.py
[2025-03-27T07:24:59.067+0530] {processor.py:914} INFO - Processing file /Users/uk/miniforge3/lib/python3.10/site-packages/airflow/example_dags/example_kubernetes_executor.py for tasks to queue
[2025-03-27T07:24:59.068+0530] {logging_mixin.py:190} INFO - [2025-03-27T07:24:59.068+0530] {dagbag.py:588} INFO - Filling up the DagBag from /Users/uk/miniforge3/lib/python3.10/site-packages/airflow/example_dags/example_kubernetes_executor.py
[2025-03-27T07:24:59.082+0530] {logging_mixin.py:190} INFO - [2025-03-27T07:24:59.081+0530] {example_kubernetes_executor.py:39} WARNING - The example_kubernetes_executor example DAG requires the kubernetes provider. Please install it with: pip install apache-airflow[cncf.kubernetes]
[2025-03-27T07:24:59.082+0530] {processor.py:927} WARNING - No viable dags retrieved from /Users/uk/miniforge3/lib/python3.10/site-packages/airflow/example_dags/example_kubernetes_executor.py
[2025-03-27T07:24:59.115+0530] {processor.py:208} INFO - Processing /Users/uk/miniforge3/lib/python3.10/site-packages/airflow/example_dags/example_kubernetes_executor.py took 0.050 seconds
[2025-03-27T07:27:24.387+0530] {processor.py:186} INFO - Started process (PID=15780) to work on /Users/uk/miniforge3/lib/python3.10/site-packages/airflow/example_dags/example_kubernetes_executor.py
[2025-03-27T07:27:24.388+0530] {processor.py:914} INFO - Processing file /Users/uk/miniforge3/lib/python3.10/site-packages/airflow/example_dags/example_kubernetes_executor.py for tasks to queue
[2025-03-27T07:27:24.388+0530] {logging_mixin.py:190} INFO - [2025-03-27T07:27:24.388+0530] {dagbag.py:588} INFO - Filling up the DagBag from /Users/uk/miniforge3/lib/python3.10/site-packages/airflow/example_dags/example_kubernetes_executor.py
[2025-03-27T07:27:24.401+0530] {logging_mixin.py:190} INFO - [2025-03-27T07:27:24.401+0530] {example_kubernetes_executor.py:39} WARNING - The example_kubernetes_executor example DAG requires the kubernetes provider. Please install it with: pip install apache-airflow[cncf.kubernetes]
[2025-03-27T07:27:24.401+0530] {processor.py:927} WARNING - No viable dags retrieved from /Users/uk/miniforge3/lib/python3.10/site-packages/airflow/example_dags/example_kubernetes_executor.py
[2025-03-27T07:27:24.436+0530] {processor.py:208} INFO - Processing /Users/uk/miniforge3/lib/python3.10/site-packages/airflow/example_dags/example_kubernetes_executor.py took 0.050 seconds
[2025-03-27T07:29:52.493+0530] {processor.py:186} INFO - Started process (PID=16044) to work on /Users/uk/miniforge3/lib/python3.10/site-packages/airflow/example_dags/example_kubernetes_executor.py
[2025-03-27T07:29:52.494+0530] {processor.py:914} INFO - Processing file /Users/uk/miniforge3/lib/python3.10/site-packages/airflow/example_dags/example_kubernetes_executor.py for tasks to queue
[2025-03-27T07:29:52.495+0530] {logging_mixin.py:190} INFO - [2025-03-27T07:29:52.494+0530] {dagbag.py:588} INFO - Filling up the DagBag from /Users/uk/miniforge3/lib/python3.10/site-packages/airflow/example_dags/example_kubernetes_executor.py
[2025-03-27T07:29:52.508+0530] {logging_mixin.py:190} INFO - [2025-03-27T07:29:52.508+0530] {example_kubernetes_executor.py:39} WARNING - The example_kubernetes_executor example DAG requires the kubernetes provider. Please install it with: pip install apache-airflow[cncf.kubernetes]
[2025-03-27T07:29:52.508+0530] {processor.py:927} WARNING - No viable dags retrieved from /Users/uk/miniforge3/lib/python3.10/site-packages/airflow/example_dags/example_kubernetes_executor.py
[2025-03-27T07:29:52.543+0530] {processor.py:208} INFO - Processing /Users/uk/miniforge3/lib/python3.10/site-packages/airflow/example_dags/example_kubernetes_executor.py took 0.051 seconds
[2025-03-27T07:32:24.789+0530] {processor.py:186} INFO - Started process (PID=16362) to work on /Users/uk/miniforge3/lib/python3.10/site-packages/airflow/example_dags/example_kubernetes_executor.py
[2025-03-27T07:32:24.790+0530] {processor.py:914} INFO - Processing file /Users/uk/miniforge3/lib/python3.10/site-packages/airflow/example_dags/example_kubernetes_executor.py for tasks to queue
[2025-03-27T07:32:24.791+0530] {logging_mixin.py:190} INFO - [2025-03-27T07:32:24.791+0530] {dagbag.py:588} INFO - Filling up the DagBag from /Users/uk/miniforge3/lib/python3.10/site-packages/airflow/example_dags/example_kubernetes_executor.py
[2025-03-27T07:32:24.803+0530] {logging_mixin.py:190} INFO - [2025-03-27T07:32:24.803+0530] {example_kubernetes_executor.py:39} WARNING - The example_kubernetes_executor example DAG requires the kubernetes provider. Please install it with: pip install apache-airflow[cncf.kubernetes]
[2025-03-27T07:32:24.803+0530] {processor.py:927} WARNING - No viable dags retrieved from /Users/uk/miniforge3/lib/python3.10/site-packages/airflow/example_dags/example_kubernetes_executor.py
[2025-03-27T07:32:24.837+0530] {processor.py:208} INFO - Processing /Users/uk/miniforge3/lib/python3.10/site-packages/airflow/example_dags/example_kubernetes_executor.py took 0.049 seconds
[2025-03-27T07:34:54.288+0530] {processor.py:186} INFO - Started process (PID=16658) to work on /Users/uk/miniforge3/lib/python3.10/site-packages/airflow/example_dags/example_kubernetes_executor.py
[2025-03-27T07:34:54.289+0530] {processor.py:914} INFO - Processing file /Users/uk/miniforge3/lib/python3.10/site-packages/airflow/example_dags/example_kubernetes_executor.py for tasks to queue
[2025-03-27T07:34:54.289+0530] {logging_mixin.py:190} INFO - [2025-03-27T07:34:54.289+0530] {dagbag.py:588} INFO - Filling up the DagBag from /Users/uk/miniforge3/lib/python3.10/site-packages/airflow/example_dags/example_kubernetes_executor.py
[2025-03-27T07:34:54.303+0530] {logging_mixin.py:190} INFO - [2025-03-27T07:34:54.303+0530] {example_kubernetes_executor.py:39} WARNING - The example_kubernetes_executor example DAG requires the kubernetes provider. Please install it with: pip install apache-airflow[cncf.kubernetes]
[2025-03-27T07:34:54.303+0530] {processor.py:927} WARNING - No viable dags retrieved from /Users/uk/miniforge3/lib/python3.10/site-packages/airflow/example_dags/example_kubernetes_executor.py
[2025-03-27T07:34:54.339+0530] {processor.py:208} INFO - Processing /Users/uk/miniforge3/lib/python3.10/site-packages/airflow/example_dags/example_kubernetes_executor.py took 0.052 seconds
[2025-03-27T07:40:16.143+0530] {processor.py:186} INFO - Started process (PID=17372) to work on /Users/uk/miniforge3/lib/python3.10/site-packages/airflow/example_dags/example_kubernetes_executor.py
[2025-03-27T07:40:16.144+0530] {processor.py:914} INFO - Processing file /Users/uk/miniforge3/lib/python3.10/site-packages/airflow/example_dags/example_kubernetes_executor.py for tasks to queue
[2025-03-27T07:40:16.144+0530] {logging_mixin.py:190} INFO - [2025-03-27T07:40:16.144+0530] {dagbag.py:588} INFO - Filling up the DagBag from /Users/uk/miniforge3/lib/python3.10/site-packages/airflow/example_dags/example_kubernetes_executor.py
[2025-03-27T07:40:16.157+0530] {logging_mixin.py:190} INFO - [2025-03-27T07:40:16.157+0530] {example_kubernetes_executor.py:39} WARNING - The example_kubernetes_executor example DAG requires the kubernetes provider. Please install it with: pip install apache-airflow[cncf.kubernetes]
[2025-03-27T07:40:16.157+0530] {processor.py:927} WARNING - No viable dags retrieved from /Users/uk/miniforge3/lib/python3.10/site-packages/airflow/example_dags/example_kubernetes_executor.py
[2025-03-27T07:40:16.191+0530] {processor.py:208} INFO - Processing /Users/uk/miniforge3/lib/python3.10/site-packages/airflow/example_dags/example_kubernetes_executor.py took 0.049 seconds
[2025-03-27T07:42:03.053+0530] {processor.py:186} INFO - Started process (PID=17571) to work on /Users/uk/miniforge3/lib/python3.10/site-packages/airflow/example_dags/example_kubernetes_executor.py
[2025-03-27T07:42:03.054+0530] {processor.py:914} INFO - Processing file /Users/uk/miniforge3/lib/python3.10/site-packages/airflow/example_dags/example_kubernetes_executor.py for tasks to queue
[2025-03-27T07:42:03.054+0530] {logging_mixin.py:190} INFO - [2025-03-27T07:42:03.054+0530] {dagbag.py:588} INFO - Filling up the DagBag from /Users/uk/miniforge3/lib/python3.10/site-packages/airflow/example_dags/example_kubernetes_executor.py
[2025-03-27T07:42:03.071+0530] {logging_mixin.py:190} INFO - [2025-03-27T07:42:03.071+0530] {example_kubernetes_executor.py:39} WARNING - The example_kubernetes_executor example DAG requires the kubernetes provider. Please install it with: pip install apache-airflow[cncf.kubernetes]
[2025-03-27T07:42:03.071+0530] {processor.py:927} WARNING - No viable dags retrieved from /Users/uk/miniforge3/lib/python3.10/site-packages/airflow/example_dags/example_kubernetes_executor.py
[2025-03-27T07:42:03.111+0530] {processor.py:208} INFO - Processing /Users/uk/miniforge3/lib/python3.10/site-packages/airflow/example_dags/example_kubernetes_executor.py took 0.059 seconds
[2025-03-27T07:44:31.546+0530] {processor.py:186} INFO - Started process (PID=17989) to work on /Users/uk/miniforge3/lib/python3.10/site-packages/airflow/example_dags/example_kubernetes_executor.py
[2025-03-27T07:44:31.546+0530] {processor.py:914} INFO - Processing file /Users/uk/miniforge3/lib/python3.10/site-packages/airflow/example_dags/example_kubernetes_executor.py for tasks to queue
[2025-03-27T07:44:31.547+0530] {logging_mixin.py:190} INFO - [2025-03-27T07:44:31.547+0530] {dagbag.py:588} INFO - Filling up the DagBag from /Users/uk/miniforge3/lib/python3.10/site-packages/airflow/example_dags/example_kubernetes_executor.py
[2025-03-27T07:44:31.559+0530] {logging_mixin.py:190} INFO - [2025-03-27T07:44:31.559+0530] {example_kubernetes_executor.py:39} WARNING - The example_kubernetes_executor example DAG requires the kubernetes provider. Please install it with: pip install apache-airflow[cncf.kubernetes]
[2025-03-27T07:44:31.559+0530] {processor.py:927} WARNING - No viable dags retrieved from /Users/uk/miniforge3/lib/python3.10/site-packages/airflow/example_dags/example_kubernetes_executor.py
[2025-03-27T07:44:31.592+0530] {processor.py:208} INFO - Processing /Users/uk/miniforge3/lib/python3.10/site-packages/airflow/example_dags/example_kubernetes_executor.py took 0.048 seconds
[2025-03-27T07:47:02.630+0530] {processor.py:186} INFO - Started process (PID=18326) to work on /Users/uk/miniforge3/lib/python3.10/site-packages/airflow/example_dags/example_kubernetes_executor.py
[2025-03-27T07:47:02.631+0530] {processor.py:914} INFO - Processing file /Users/uk/miniforge3/lib/python3.10/site-packages/airflow/example_dags/example_kubernetes_executor.py for tasks to queue
[2025-03-27T07:47:02.631+0530] {logging_mixin.py:190} INFO - [2025-03-27T07:47:02.631+0530] {dagbag.py:588} INFO - Filling up the DagBag from /Users/uk/miniforge3/lib/python3.10/site-packages/airflow/example_dags/example_kubernetes_executor.py
[2025-03-27T07:47:02.645+0530] {logging_mixin.py:190} INFO - [2025-03-27T07:47:02.645+0530] {example_kubernetes_executor.py:39} WARNING - The example_kubernetes_executor example DAG requires the kubernetes provider. Please install it with: pip install apache-airflow[cncf.kubernetes]
[2025-03-27T07:47:02.645+0530] {processor.py:927} WARNING - No viable dags retrieved from /Users/uk/miniforge3/lib/python3.10/site-packages/airflow/example_dags/example_kubernetes_executor.py
[2025-03-27T07:47:02.678+0530] {processor.py:208} INFO - Processing /Users/uk/miniforge3/lib/python3.10/site-packages/airflow/example_dags/example_kubernetes_executor.py took 0.049 seconds
[2025-03-27T07:48:50.525+0530] {processor.py:186} INFO - Started process (PID=18518) to work on /Users/uk/miniforge3/lib/python3.10/site-packages/airflow/example_dags/example_kubernetes_executor.py
[2025-03-27T07:48:50.526+0530] {processor.py:914} INFO - Processing file /Users/uk/miniforge3/lib/python3.10/site-packages/airflow/example_dags/example_kubernetes_executor.py for tasks to queue
[2025-03-27T07:48:50.526+0530] {logging_mixin.py:190} INFO - [2025-03-27T07:48:50.526+0530] {dagbag.py:588} INFO - Filling up the DagBag from /Users/uk/miniforge3/lib/python3.10/site-packages/airflow/example_dags/example_kubernetes_executor.py
[2025-03-27T07:48:50.540+0530] {logging_mixin.py:190} INFO - [2025-03-27T07:48:50.540+0530] {example_kubernetes_executor.py:39} WARNING - The example_kubernetes_executor example DAG requires the kubernetes provider. Please install it with: pip install apache-airflow[cncf.kubernetes]
[2025-03-27T07:48:50.540+0530] {processor.py:927} WARNING - No viable dags retrieved from /Users/uk/miniforge3/lib/python3.10/site-packages/airflow/example_dags/example_kubernetes_executor.py
[2025-03-27T07:48:50.575+0530] {processor.py:208} INFO - Processing /Users/uk/miniforge3/lib/python3.10/site-packages/airflow/example_dags/example_kubernetes_executor.py took 0.051 seconds
[2025-03-27T07:51:22.603+0530] {processor.py:186} INFO - Started process (PID=19120) to work on /Users/uk/miniforge3/lib/python3.10/site-packages/airflow/example_dags/example_kubernetes_executor.py
[2025-03-27T07:51:22.604+0530] {processor.py:914} INFO - Processing file /Users/uk/miniforge3/lib/python3.10/site-packages/airflow/example_dags/example_kubernetes_executor.py for tasks to queue
[2025-03-27T07:51:22.604+0530] {logging_mixin.py:190} INFO - [2025-03-27T07:51:22.604+0530] {dagbag.py:588} INFO - Filling up the DagBag from /Users/uk/miniforge3/lib/python3.10/site-packages/airflow/example_dags/example_kubernetes_executor.py
[2025-03-27T07:51:22.617+0530] {logging_mixin.py:190} INFO - [2025-03-27T07:51:22.617+0530] {example_kubernetes_executor.py:39} WARNING - The example_kubernetes_executor example DAG requires the kubernetes provider. Please install it with: pip install apache-airflow[cncf.kubernetes]
[2025-03-27T07:51:22.617+0530] {processor.py:927} WARNING - No viable dags retrieved from /Users/uk/miniforge3/lib/python3.10/site-packages/airflow/example_dags/example_kubernetes_executor.py
[2025-03-27T07:51:22.650+0530] {processor.py:208} INFO - Processing /Users/uk/miniforge3/lib/python3.10/site-packages/airflow/example_dags/example_kubernetes_executor.py took 0.049 seconds
[2025-03-27T07:55:24.199+0530] {processor.py:186} INFO - Started process (PID=20311) to work on /Users/uk/miniforge3/lib/python3.10/site-packages/airflow/example_dags/example_kubernetes_executor.py
[2025-03-27T07:55:24.200+0530] {processor.py:914} INFO - Processing file /Users/uk/miniforge3/lib/python3.10/site-packages/airflow/example_dags/example_kubernetes_executor.py for tasks to queue
[2025-03-27T07:55:24.200+0530] {logging_mixin.py:190} INFO - [2025-03-27T07:55:24.200+0530] {dagbag.py:588} INFO - Filling up the DagBag from /Users/uk/miniforge3/lib/python3.10/site-packages/airflow/example_dags/example_kubernetes_executor.py
[2025-03-27T07:55:24.214+0530] {logging_mixin.py:190} INFO - [2025-03-27T07:55:24.214+0530] {example_kubernetes_executor.py:39} WARNING - The example_kubernetes_executor example DAG requires the kubernetes provider. Please install it with: pip install apache-airflow[cncf.kubernetes]
[2025-03-27T07:55:24.214+0530] {processor.py:927} WARNING - No viable dags retrieved from /Users/uk/miniforge3/lib/python3.10/site-packages/airflow/example_dags/example_kubernetes_executor.py
[2025-03-27T07:55:24.248+0530] {processor.py:208} INFO - Processing /Users/uk/miniforge3/lib/python3.10/site-packages/airflow/example_dags/example_kubernetes_executor.py took 0.050 seconds
[2025-03-27T07:57:10.006+0530] {processor.py:186} INFO - Started process (PID=20539) to work on /Users/uk/miniforge3/lib/python3.10/site-packages/airflow/example_dags/example_kubernetes_executor.py
[2025-03-27T07:57:10.006+0530] {processor.py:914} INFO - Processing file /Users/uk/miniforge3/lib/python3.10/site-packages/airflow/example_dags/example_kubernetes_executor.py for tasks to queue
[2025-03-27T07:57:10.007+0530] {logging_mixin.py:190} INFO - [2025-03-27T07:57:10.007+0530] {dagbag.py:588} INFO - Filling up the DagBag from /Users/uk/miniforge3/lib/python3.10/site-packages/airflow/example_dags/example_kubernetes_executor.py
[2025-03-27T07:57:10.029+0530] {logging_mixin.py:190} INFO - [2025-03-27T07:57:10.029+0530] {example_kubernetes_executor.py:39} WARNING - The example_kubernetes_executor example DAG requires the kubernetes provider. Please install it with: pip install apache-airflow[cncf.kubernetes]
[2025-03-27T07:57:10.029+0530] {processor.py:927} WARNING - No viable dags retrieved from /Users/uk/miniforge3/lib/python3.10/site-packages/airflow/example_dags/example_kubernetes_executor.py
[2025-03-27T07:57:10.076+0530] {processor.py:208} INFO - Processing /Users/uk/miniforge3/lib/python3.10/site-packages/airflow/example_dags/example_kubernetes_executor.py took 0.072 seconds
[2025-03-27T07:59:44.106+0530] {processor.py:186} INFO - Started process (PID=20844) to work on /Users/uk/miniforge3/lib/python3.10/site-packages/airflow/example_dags/example_kubernetes_executor.py
[2025-03-27T07:59:44.107+0530] {processor.py:914} INFO - Processing file /Users/uk/miniforge3/lib/python3.10/site-packages/airflow/example_dags/example_kubernetes_executor.py for tasks to queue
[2025-03-27T07:59:44.108+0530] {logging_mixin.py:190} INFO - [2025-03-27T07:59:44.108+0530] {dagbag.py:588} INFO - Filling up the DagBag from /Users/uk/miniforge3/lib/python3.10/site-packages/airflow/example_dags/example_kubernetes_executor.py
[2025-03-27T07:59:44.135+0530] {logging_mixin.py:190} INFO - [2025-03-27T07:59:44.135+0530] {example_kubernetes_executor.py:39} WARNING - The example_kubernetes_executor example DAG requires the kubernetes provider. Please install it with: pip install apache-airflow[cncf.kubernetes]
[2025-03-27T07:59:44.135+0530] {processor.py:927} WARNING - No viable dags retrieved from /Users/uk/miniforge3/lib/python3.10/site-packages/airflow/example_dags/example_kubernetes_executor.py
[2025-03-27T07:59:44.190+0530] {processor.py:208} INFO - Processing /Users/uk/miniforge3/lib/python3.10/site-packages/airflow/example_dags/example_kubernetes_executor.py took 0.089 seconds
[2025-03-27T08:02:14.797+0530] {processor.py:186} INFO - Started process (PID=21140) to work on /Users/uk/miniforge3/lib/python3.10/site-packages/airflow/example_dags/example_kubernetes_executor.py
[2025-03-27T08:02:14.797+0530] {processor.py:914} INFO - Processing file /Users/uk/miniforge3/lib/python3.10/site-packages/airflow/example_dags/example_kubernetes_executor.py for tasks to queue
[2025-03-27T08:02:14.798+0530] {logging_mixin.py:190} INFO - [2025-03-27T08:02:14.798+0530] {dagbag.py:588} INFO - Filling up the DagBag from /Users/uk/miniforge3/lib/python3.10/site-packages/airflow/example_dags/example_kubernetes_executor.py
[2025-03-27T08:02:14.812+0530] {logging_mixin.py:190} INFO - [2025-03-27T08:02:14.812+0530] {example_kubernetes_executor.py:39} WARNING - The example_kubernetes_executor example DAG requires the kubernetes provider. Please install it with: pip install apache-airflow[cncf.kubernetes]
[2025-03-27T08:02:14.812+0530] {processor.py:927} WARNING - No viable dags retrieved from /Users/uk/miniforge3/lib/python3.10/site-packages/airflow/example_dags/example_kubernetes_executor.py
[2025-03-27T08:02:14.845+0530] {processor.py:208} INFO - Processing /Users/uk/miniforge3/lib/python3.10/site-packages/airflow/example_dags/example_kubernetes_executor.py took 0.050 seconds
[2025-03-27T08:04:45.282+0530] {processor.py:186} INFO - Started process (PID=21416) to work on /Users/uk/miniforge3/lib/python3.10/site-packages/airflow/example_dags/example_kubernetes_executor.py
[2025-03-27T08:04:45.283+0530] {processor.py:914} INFO - Processing file /Users/uk/miniforge3/lib/python3.10/site-packages/airflow/example_dags/example_kubernetes_executor.py for tasks to queue
[2025-03-27T08:04:45.284+0530] {logging_mixin.py:190} INFO - [2025-03-27T08:04:45.284+0530] {dagbag.py:588} INFO - Filling up the DagBag from /Users/uk/miniforge3/lib/python3.10/site-packages/airflow/example_dags/example_kubernetes_executor.py
[2025-03-27T08:04:45.298+0530] {logging_mixin.py:190} INFO - [2025-03-27T08:04:45.298+0530] {example_kubernetes_executor.py:39} WARNING - The example_kubernetes_executor example DAG requires the kubernetes provider. Please install it with: pip install apache-airflow[cncf.kubernetes]
[2025-03-27T08:04:45.298+0530] {processor.py:927} WARNING - No viable dags retrieved from /Users/uk/miniforge3/lib/python3.10/site-packages/airflow/example_dags/example_kubernetes_executor.py
[2025-03-27T08:04:45.331+0530] {processor.py:208} INFO - Processing /Users/uk/miniforge3/lib/python3.10/site-packages/airflow/example_dags/example_kubernetes_executor.py took 0.051 seconds
[2025-03-27T08:07:15.093+0530] {processor.py:186} INFO - Started process (PID=21687) to work on /Users/uk/miniforge3/lib/python3.10/site-packages/airflow/example_dags/example_kubernetes_executor.py
[2025-03-27T08:07:15.094+0530] {processor.py:914} INFO - Processing file /Users/uk/miniforge3/lib/python3.10/site-packages/airflow/example_dags/example_kubernetes_executor.py for tasks to queue
[2025-03-27T08:07:15.094+0530] {logging_mixin.py:190} INFO - [2025-03-27T08:07:15.094+0530] {dagbag.py:588} INFO - Filling up the DagBag from /Users/uk/miniforge3/lib/python3.10/site-packages/airflow/example_dags/example_kubernetes_executor.py
[2025-03-27T08:07:15.110+0530] {logging_mixin.py:190} INFO - [2025-03-27T08:07:15.110+0530] {example_kubernetes_executor.py:39} WARNING - The example_kubernetes_executor example DAG requires the kubernetes provider. Please install it with: pip install apache-airflow[cncf.kubernetes]
[2025-03-27T08:07:15.110+0530] {processor.py:927} WARNING - No viable dags retrieved from /Users/uk/miniforge3/lib/python3.10/site-packages/airflow/example_dags/example_kubernetes_executor.py
[2025-03-27T08:07:15.147+0530] {processor.py:208} INFO - Processing /Users/uk/miniforge3/lib/python3.10/site-packages/airflow/example_dags/example_kubernetes_executor.py took 0.056 seconds
[2025-03-27T08:09:56.104+0530] {processor.py:186} INFO - Started process (PID=21995) to work on /Users/uk/miniforge3/lib/python3.10/site-packages/airflow/example_dags/example_kubernetes_executor.py
[2025-03-27T08:09:56.105+0530] {processor.py:914} INFO - Processing file /Users/uk/miniforge3/lib/python3.10/site-packages/airflow/example_dags/example_kubernetes_executor.py for tasks to queue
[2025-03-27T08:09:56.106+0530] {logging_mixin.py:190} INFO - [2025-03-27T08:09:56.106+0530] {dagbag.py:588} INFO - Filling up the DagBag from /Users/uk/miniforge3/lib/python3.10/site-packages/airflow/example_dags/example_kubernetes_executor.py
[2025-03-27T08:09:56.128+0530] {logging_mixin.py:190} INFO - [2025-03-27T08:09:56.128+0530] {example_kubernetes_executor.py:39} WARNING - The example_kubernetes_executor example DAG requires the kubernetes provider. Please install it with: pip install apache-airflow[cncf.kubernetes]
[2025-03-27T08:09:56.128+0530] {processor.py:927} WARNING - No viable dags retrieved from /Users/uk/miniforge3/lib/python3.10/site-packages/airflow/example_dags/example_kubernetes_executor.py
[2025-03-27T08:09:56.174+0530] {processor.py:208} INFO - Processing /Users/uk/miniforge3/lib/python3.10/site-packages/airflow/example_dags/example_kubernetes_executor.py took 0.071 seconds
