[2025-03-27T07:07:19.757+0530] {processor.py:186} INFO - Started process (PID=13373) to work on /Users/uk/miniforge3/lib/python3.10/site-packages/airflow/example_dags/example_external_task_marker_dag.py
[2025-03-27T07:07:19.758+0530] {processor.py:914} INFO - Processing file /Users/uk/miniforge3/lib/python3.10/site-packages/airflow/example_dags/example_external_task_marker_dag.py for tasks to queue
[2025-03-27T07:07:19.758+0530] {logging_mixin.py:190} INFO - [2025-03-27T07:07:19.758+0530] {dagbag.py:588} INFO - Filling up the DagBag from /Users/uk/miniforge3/lib/python3.10/site-packages/airflow/example_dags/example_external_task_marker_dag.py
[2025-03-27T07:07:19.764+0530] {processor.py:925} INFO - DAG(s) 'example_external_task_marker_child', 'example_external_task_marker_parent' retrieved from /Users/uk/miniforge3/lib/python3.10/site-packages/airflow/example_dags/example_external_task_marker_dag.py
[2025-03-27T07:07:20.302+0530] {logging_mixin.py:190} INFO - [2025-03-27T07:07:20.302+0530] {dag.py:3239} INFO - Sync 2 DAGs
[2025-03-27T07:07:20.307+0530] {logging_mixin.py:190} INFO - [2025-03-27T07:07:20.306+0530] {dag.py:4180} INFO - Setting next_dagrun for example_external_task_marker_child to None, run_after=None
[2025-03-27T07:07:20.308+0530] {logging_mixin.py:190} INFO - [2025-03-27T07:07:20.308+0530] {dag.py:4180} INFO - Setting next_dagrun for example_external_task_marker_parent to None, run_after=None
[2025-03-27T07:07:20.315+0530] {processor.py:208} INFO - Processing /Users/uk/miniforge3/lib/python3.10/site-packages/airflow/example_dags/example_external_task_marker_dag.py took 0.559 seconds
[2025-03-27T07:10:07.528+0530] {processor.py:186} INFO - Started process (PID=13682) to work on /Users/uk/miniforge3/lib/python3.10/site-packages/airflow/example_dags/example_external_task_marker_dag.py
[2025-03-27T07:10:07.528+0530] {processor.py:914} INFO - Processing file /Users/uk/miniforge3/lib/python3.10/site-packages/airflow/example_dags/example_external_task_marker_dag.py for tasks to queue
[2025-03-27T07:10:07.529+0530] {logging_mixin.py:190} INFO - [2025-03-27T07:10:07.529+0530] {dagbag.py:588} INFO - Filling up the DagBag from /Users/uk/miniforge3/lib/python3.10/site-packages/airflow/example_dags/example_external_task_marker_dag.py
[2025-03-27T07:10:07.533+0530] {processor.py:925} INFO - DAG(s) 'example_external_task_marker_parent', 'example_external_task_marker_child' retrieved from /Users/uk/miniforge3/lib/python3.10/site-packages/airflow/example_dags/example_external_task_marker_dag.py
[2025-03-27T07:10:07.819+0530] {logging_mixin.py:190} INFO - [2025-03-27T07:10:07.819+0530] {dag.py:3239} INFO - Sync 2 DAGs
[2025-03-27T07:10:07.826+0530] {logging_mixin.py:190} INFO - [2025-03-27T07:10:07.826+0530] {dag.py:4180} INFO - Setting next_dagrun for example_external_task_marker_child to None, run_after=None
[2025-03-27T07:10:07.827+0530] {logging_mixin.py:190} INFO - [2025-03-27T07:10:07.827+0530] {dag.py:4180} INFO - Setting next_dagrun for example_external_task_marker_parent to None, run_after=None
[2025-03-27T07:10:07.833+0530] {processor.py:208} INFO - Processing /Users/uk/miniforge3/lib/python3.10/site-packages/airflow/example_dags/example_external_task_marker_dag.py took 0.307 seconds
[2025-03-27T07:12:49.945+0530] {processor.py:186} INFO - Started process (PID=13966) to work on /Users/uk/miniforge3/lib/python3.10/site-packages/airflow/example_dags/example_external_task_marker_dag.py
[2025-03-27T07:12:49.946+0530] {processor.py:914} INFO - Processing file /Users/uk/miniforge3/lib/python3.10/site-packages/airflow/example_dags/example_external_task_marker_dag.py for tasks to queue
[2025-03-27T07:12:49.947+0530] {logging_mixin.py:190} INFO - [2025-03-27T07:12:49.947+0530] {dagbag.py:588} INFO - Filling up the DagBag from /Users/uk/miniforge3/lib/python3.10/site-packages/airflow/example_dags/example_external_task_marker_dag.py
[2025-03-27T07:12:49.953+0530] {processor.py:925} INFO - DAG(s) 'example_external_task_marker_child', 'example_external_task_marker_parent' retrieved from /Users/uk/miniforge3/lib/python3.10/site-packages/airflow/example_dags/example_external_task_marker_dag.py
[2025-03-27T07:12:50.342+0530] {logging_mixin.py:190} INFO - [2025-03-27T07:12:50.342+0530] {dag.py:3239} INFO - Sync 2 DAGs
[2025-03-27T07:12:50.347+0530] {logging_mixin.py:190} INFO - [2025-03-27T07:12:50.347+0530] {dag.py:4180} INFO - Setting next_dagrun for example_external_task_marker_child to None, run_after=None
[2025-03-27T07:12:50.348+0530] {logging_mixin.py:190} INFO - [2025-03-27T07:12:50.348+0530] {dag.py:4180} INFO - Setting next_dagrun for example_external_task_marker_parent to None, run_after=None
[2025-03-27T07:12:50.354+0530] {processor.py:208} INFO - Processing /Users/uk/miniforge3/lib/python3.10/site-packages/airflow/example_dags/example_external_task_marker_dag.py took 0.410 seconds
[2025-03-27T07:15:24.677+0530] {processor.py:186} INFO - Started process (PID=14244) to work on /Users/uk/miniforge3/lib/python3.10/site-packages/airflow/example_dags/example_external_task_marker_dag.py
[2025-03-27T07:15:24.677+0530] {processor.py:914} INFO - Processing file /Users/uk/miniforge3/lib/python3.10/site-packages/airflow/example_dags/example_external_task_marker_dag.py for tasks to queue
[2025-03-27T07:15:24.678+0530] {logging_mixin.py:190} INFO - [2025-03-27T07:15:24.678+0530] {dagbag.py:588} INFO - Filling up the DagBag from /Users/uk/miniforge3/lib/python3.10/site-packages/airflow/example_dags/example_external_task_marker_dag.py
[2025-03-27T07:15:24.683+0530] {processor.py:925} INFO - DAG(s) 'example_external_task_marker_parent', 'example_external_task_marker_child' retrieved from /Users/uk/miniforge3/lib/python3.10/site-packages/airflow/example_dags/example_external_task_marker_dag.py
[2025-03-27T07:15:25.129+0530] {logging_mixin.py:190} INFO - [2025-03-27T07:15:25.129+0530] {dag.py:3239} INFO - Sync 2 DAGs
[2025-03-27T07:15:25.134+0530] {logging_mixin.py:190} INFO - [2025-03-27T07:15:25.134+0530] {dag.py:4180} INFO - Setting next_dagrun for example_external_task_marker_child to None, run_after=None
[2025-03-27T07:15:25.135+0530] {logging_mixin.py:190} INFO - [2025-03-27T07:15:25.135+0530] {dag.py:4180} INFO - Setting next_dagrun for example_external_task_marker_parent to None, run_after=None
[2025-03-27T07:15:25.143+0530] {processor.py:208} INFO - Processing /Users/uk/miniforge3/lib/python3.10/site-packages/airflow/example_dags/example_external_task_marker_dag.py took 0.468 seconds
[2025-03-27T07:17:51.677+0530] {processor.py:186} INFO - Started process (PID=14488) to work on /Users/uk/miniforge3/lib/python3.10/site-packages/airflow/example_dags/example_external_task_marker_dag.py
[2025-03-27T07:17:51.678+0530] {processor.py:914} INFO - Processing file /Users/uk/miniforge3/lib/python3.10/site-packages/airflow/example_dags/example_external_task_marker_dag.py for tasks to queue
[2025-03-27T07:17:51.679+0530] {logging_mixin.py:190} INFO - [2025-03-27T07:17:51.678+0530] {dagbag.py:588} INFO - Filling up the DagBag from /Users/uk/miniforge3/lib/python3.10/site-packages/airflow/example_dags/example_external_task_marker_dag.py
[2025-03-27T07:17:51.684+0530] {processor.py:925} INFO - DAG(s) 'example_external_task_marker_child', 'example_external_task_marker_parent' retrieved from /Users/uk/miniforge3/lib/python3.10/site-packages/airflow/example_dags/example_external_task_marker_dag.py
[2025-03-27T07:17:52.010+0530] {logging_mixin.py:190} INFO - [2025-03-27T07:17:52.010+0530] {dag.py:3239} INFO - Sync 2 DAGs
[2025-03-27T07:17:52.015+0530] {logging_mixin.py:190} INFO - [2025-03-27T07:17:52.015+0530] {dag.py:4180} INFO - Setting next_dagrun for example_external_task_marker_child to None, run_after=None
[2025-03-27T07:17:52.016+0530] {logging_mixin.py:190} INFO - [2025-03-27T07:17:52.016+0530] {dag.py:4180} INFO - Setting next_dagrun for example_external_task_marker_parent to None, run_after=None
[2025-03-27T07:17:52.022+0530] {processor.py:208} INFO - Processing /Users/uk/miniforge3/lib/python3.10/site-packages/airflow/example_dags/example_external_task_marker_dag.py took 0.346 seconds
[2025-03-27T07:20:17.815+0530] {processor.py:186} INFO - Started process (PID=15018) to work on /Users/uk/miniforge3/lib/python3.10/site-packages/airflow/example_dags/example_external_task_marker_dag.py
[2025-03-27T07:20:17.816+0530] {processor.py:914} INFO - Processing file /Users/uk/miniforge3/lib/python3.10/site-packages/airflow/example_dags/example_external_task_marker_dag.py for tasks to queue
[2025-03-27T07:20:17.817+0530] {logging_mixin.py:190} INFO - [2025-03-27T07:20:17.817+0530] {dagbag.py:588} INFO - Filling up the DagBag from /Users/uk/miniforge3/lib/python3.10/site-packages/airflow/example_dags/example_external_task_marker_dag.py
[2025-03-27T07:20:17.821+0530] {processor.py:925} INFO - DAG(s) 'example_external_task_marker_child', 'example_external_task_marker_parent' retrieved from /Users/uk/miniforge3/lib/python3.10/site-packages/airflow/example_dags/example_external_task_marker_dag.py
[2025-03-27T07:20:18.105+0530] {logging_mixin.py:190} INFO - [2025-03-27T07:20:18.105+0530] {dag.py:3239} INFO - Sync 2 DAGs
[2025-03-27T07:20:18.109+0530] {logging_mixin.py:190} INFO - [2025-03-27T07:20:18.109+0530] {dag.py:4180} INFO - Setting next_dagrun for example_external_task_marker_child to None, run_after=None
[2025-03-27T07:20:18.110+0530] {logging_mixin.py:190} INFO - [2025-03-27T07:20:18.110+0530] {dag.py:4180} INFO - Setting next_dagrun for example_external_task_marker_parent to None, run_after=None
[2025-03-27T07:20:18.116+0530] {processor.py:208} INFO - Processing /Users/uk/miniforge3/lib/python3.10/site-packages/airflow/example_dags/example_external_task_marker_dag.py took 0.302 seconds
[2025-03-27T07:22:41.809+0530] {processor.py:186} INFO - Started process (PID=15274) to work on /Users/uk/miniforge3/lib/python3.10/site-packages/airflow/example_dags/example_external_task_marker_dag.py
[2025-03-27T07:22:41.810+0530] {processor.py:914} INFO - Processing file /Users/uk/miniforge3/lib/python3.10/site-packages/airflow/example_dags/example_external_task_marker_dag.py for tasks to queue
[2025-03-27T07:22:41.811+0530] {logging_mixin.py:190} INFO - [2025-03-27T07:22:41.811+0530] {dagbag.py:588} INFO - Filling up the DagBag from /Users/uk/miniforge3/lib/python3.10/site-packages/airflow/example_dags/example_external_task_marker_dag.py
[2025-03-27T07:22:41.818+0530] {processor.py:925} INFO - DAG(s) 'example_external_task_marker_parent', 'example_external_task_marker_child' retrieved from /Users/uk/miniforge3/lib/python3.10/site-packages/airflow/example_dags/example_external_task_marker_dag.py
[2025-03-27T07:22:42.121+0530] {logging_mixin.py:190} INFO - [2025-03-27T07:22:42.121+0530] {dag.py:3239} INFO - Sync 2 DAGs
[2025-03-27T07:22:42.126+0530] {logging_mixin.py:190} INFO - [2025-03-27T07:22:42.126+0530] {dag.py:4180} INFO - Setting next_dagrun for example_external_task_marker_child to None, run_after=None
[2025-03-27T07:22:42.127+0530] {logging_mixin.py:190} INFO - [2025-03-27T07:22:42.127+0530] {dag.py:4180} INFO - Setting next_dagrun for example_external_task_marker_parent to None, run_after=None
[2025-03-27T07:22:42.133+0530] {processor.py:208} INFO - Processing /Users/uk/miniforge3/lib/python3.10/site-packages/airflow/example_dags/example_external_task_marker_dag.py took 0.325 seconds
[2025-03-27T07:25:02.821+0530] {processor.py:186} INFO - Started process (PID=15555) to work on /Users/uk/miniforge3/lib/python3.10/site-packages/airflow/example_dags/example_external_task_marker_dag.py
[2025-03-27T07:25:02.821+0530] {processor.py:914} INFO - Processing file /Users/uk/miniforge3/lib/python3.10/site-packages/airflow/example_dags/example_external_task_marker_dag.py for tasks to queue
[2025-03-27T07:25:02.822+0530] {logging_mixin.py:190} INFO - [2025-03-27T07:25:02.822+0530] {dagbag.py:588} INFO - Filling up the DagBag from /Users/uk/miniforge3/lib/python3.10/site-packages/airflow/example_dags/example_external_task_marker_dag.py
[2025-03-27T07:25:02.827+0530] {processor.py:925} INFO - DAG(s) 'example_external_task_marker_parent', 'example_external_task_marker_child' retrieved from /Users/uk/miniforge3/lib/python3.10/site-packages/airflow/example_dags/example_external_task_marker_dag.py
[2025-03-27T07:25:03.119+0530] {logging_mixin.py:190} INFO - [2025-03-27T07:25:03.119+0530] {dag.py:3239} INFO - Sync 2 DAGs
[2025-03-27T07:25:03.124+0530] {logging_mixin.py:190} INFO - [2025-03-27T07:25:03.124+0530] {dag.py:4180} INFO - Setting next_dagrun for example_external_task_marker_child to None, run_after=None
[2025-03-27T07:25:03.125+0530] {logging_mixin.py:190} INFO - [2025-03-27T07:25:03.125+0530] {dag.py:4180} INFO - Setting next_dagrun for example_external_task_marker_parent to None, run_after=None
[2025-03-27T07:25:03.131+0530] {processor.py:208} INFO - Processing /Users/uk/miniforge3/lib/python3.10/site-packages/airflow/example_dags/example_external_task_marker_dag.py took 0.311 seconds
[2025-03-27T07:27:27.610+0530] {processor.py:186} INFO - Started process (PID=15784) to work on /Users/uk/miniforge3/lib/python3.10/site-packages/airflow/example_dags/example_external_task_marker_dag.py
[2025-03-27T07:27:27.610+0530] {processor.py:914} INFO - Processing file /Users/uk/miniforge3/lib/python3.10/site-packages/airflow/example_dags/example_external_task_marker_dag.py for tasks to queue
[2025-03-27T07:27:27.611+0530] {logging_mixin.py:190} INFO - [2025-03-27T07:27:27.610+0530] {dagbag.py:588} INFO - Filling up the DagBag from /Users/uk/miniforge3/lib/python3.10/site-packages/airflow/example_dags/example_external_task_marker_dag.py
[2025-03-27T07:27:27.615+0530] {processor.py:925} INFO - DAG(s) 'example_external_task_marker_child', 'example_external_task_marker_parent' retrieved from /Users/uk/miniforge3/lib/python3.10/site-packages/airflow/example_dags/example_external_task_marker_dag.py
[2025-03-27T07:27:27.923+0530] {logging_mixin.py:190} INFO - [2025-03-27T07:27:27.922+0530] {dag.py:3239} INFO - Sync 2 DAGs
[2025-03-27T07:27:27.927+0530] {logging_mixin.py:190} INFO - [2025-03-27T07:27:27.927+0530] {dag.py:4180} INFO - Setting next_dagrun for example_external_task_marker_child to None, run_after=None
[2025-03-27T07:27:27.928+0530] {logging_mixin.py:190} INFO - [2025-03-27T07:27:27.928+0530] {dag.py:4180} INFO - Setting next_dagrun for example_external_task_marker_parent to None, run_after=None
[2025-03-27T07:27:27.935+0530] {processor.py:208} INFO - Processing /Users/uk/miniforge3/lib/python3.10/site-packages/airflow/example_dags/example_external_task_marker_dag.py took 0.327 seconds
[2025-03-27T07:29:56.176+0530] {processor.py:186} INFO - Started process (PID=16053) to work on /Users/uk/miniforge3/lib/python3.10/site-packages/airflow/example_dags/example_external_task_marker_dag.py
[2025-03-27T07:29:56.177+0530] {processor.py:914} INFO - Processing file /Users/uk/miniforge3/lib/python3.10/site-packages/airflow/example_dags/example_external_task_marker_dag.py for tasks to queue
[2025-03-27T07:29:56.177+0530] {logging_mixin.py:190} INFO - [2025-03-27T07:29:56.177+0530] {dagbag.py:588} INFO - Filling up the DagBag from /Users/uk/miniforge3/lib/python3.10/site-packages/airflow/example_dags/example_external_task_marker_dag.py
[2025-03-27T07:29:56.182+0530] {processor.py:925} INFO - DAG(s) 'example_external_task_marker_parent', 'example_external_task_marker_child' retrieved from /Users/uk/miniforge3/lib/python3.10/site-packages/airflow/example_dags/example_external_task_marker_dag.py
[2025-03-27T07:29:56.496+0530] {logging_mixin.py:190} INFO - [2025-03-27T07:29:56.496+0530] {dag.py:3239} INFO - Sync 2 DAGs
[2025-03-27T07:29:56.501+0530] {logging_mixin.py:190} INFO - [2025-03-27T07:29:56.501+0530] {dag.py:4180} INFO - Setting next_dagrun for example_external_task_marker_child to None, run_after=None
[2025-03-27T07:29:56.502+0530] {logging_mixin.py:190} INFO - [2025-03-27T07:29:56.502+0530] {dag.py:4180} INFO - Setting next_dagrun for example_external_task_marker_parent to None, run_after=None
[2025-03-27T07:29:56.508+0530] {processor.py:208} INFO - Processing /Users/uk/miniforge3/lib/python3.10/site-packages/airflow/example_dags/example_external_task_marker_dag.py took 0.332 seconds
[2025-03-27T07:32:28.496+0530] {processor.py:186} INFO - Started process (PID=16367) to work on /Users/uk/miniforge3/lib/python3.10/site-packages/airflow/example_dags/example_external_task_marker_dag.py
[2025-03-27T07:32:28.497+0530] {processor.py:914} INFO - Processing file /Users/uk/miniforge3/lib/python3.10/site-packages/airflow/example_dags/example_external_task_marker_dag.py for tasks to queue
[2025-03-27T07:32:28.497+0530] {logging_mixin.py:190} INFO - [2025-03-27T07:32:28.497+0530] {dagbag.py:588} INFO - Filling up the DagBag from /Users/uk/miniforge3/lib/python3.10/site-packages/airflow/example_dags/example_external_task_marker_dag.py
[2025-03-27T07:32:28.502+0530] {processor.py:925} INFO - DAG(s) 'example_external_task_marker_child', 'example_external_task_marker_parent' retrieved from /Users/uk/miniforge3/lib/python3.10/site-packages/airflow/example_dags/example_external_task_marker_dag.py
[2025-03-27T07:32:28.804+0530] {logging_mixin.py:190} INFO - [2025-03-27T07:32:28.804+0530] {dag.py:3239} INFO - Sync 2 DAGs
[2025-03-27T07:32:28.808+0530] {logging_mixin.py:190} INFO - [2025-03-27T07:32:28.808+0530] {dag.py:4180} INFO - Setting next_dagrun for example_external_task_marker_child to None, run_after=None
[2025-03-27T07:32:28.810+0530] {logging_mixin.py:190} INFO - [2025-03-27T07:32:28.810+0530] {dag.py:4180} INFO - Setting next_dagrun for example_external_task_marker_parent to None, run_after=None
[2025-03-27T07:32:28.815+0530] {processor.py:208} INFO - Processing /Users/uk/miniforge3/lib/python3.10/site-packages/airflow/example_dags/example_external_task_marker_dag.py took 0.321 seconds
[2025-03-27T07:34:58.463+0530] {processor.py:186} INFO - Started process (PID=16662) to work on /Users/uk/miniforge3/lib/python3.10/site-packages/airflow/example_dags/example_external_task_marker_dag.py
[2025-03-27T07:34:58.464+0530] {processor.py:914} INFO - Processing file /Users/uk/miniforge3/lib/python3.10/site-packages/airflow/example_dags/example_external_task_marker_dag.py for tasks to queue
[2025-03-27T07:34:58.464+0530] {logging_mixin.py:190} INFO - [2025-03-27T07:34:58.464+0530] {dagbag.py:588} INFO - Filling up the DagBag from /Users/uk/miniforge3/lib/python3.10/site-packages/airflow/example_dags/example_external_task_marker_dag.py
[2025-03-27T07:34:58.469+0530] {processor.py:925} INFO - DAG(s) 'example_external_task_marker_parent', 'example_external_task_marker_child' retrieved from /Users/uk/miniforge3/lib/python3.10/site-packages/airflow/example_dags/example_external_task_marker_dag.py
[2025-03-27T07:34:58.778+0530] {logging_mixin.py:190} INFO - [2025-03-27T07:34:58.778+0530] {dag.py:3239} INFO - Sync 2 DAGs
[2025-03-27T07:34:58.782+0530] {logging_mixin.py:190} INFO - [2025-03-27T07:34:58.782+0530] {dag.py:4180} INFO - Setting next_dagrun for example_external_task_marker_child to None, run_after=None
[2025-03-27T07:34:58.783+0530] {logging_mixin.py:190} INFO - [2025-03-27T07:34:58.783+0530] {dag.py:4180} INFO - Setting next_dagrun for example_external_task_marker_parent to None, run_after=None
[2025-03-27T07:34:58.789+0530] {processor.py:208} INFO - Processing /Users/uk/miniforge3/lib/python3.10/site-packages/airflow/example_dags/example_external_task_marker_dag.py took 0.327 seconds
[2025-03-27T07:40:19.315+0530] {processor.py:186} INFO - Started process (PID=17376) to work on /Users/uk/miniforge3/lib/python3.10/site-packages/airflow/example_dags/example_external_task_marker_dag.py
[2025-03-27T07:40:19.315+0530] {processor.py:914} INFO - Processing file /Users/uk/miniforge3/lib/python3.10/site-packages/airflow/example_dags/example_external_task_marker_dag.py for tasks to queue
[2025-03-27T07:40:19.316+0530] {logging_mixin.py:190} INFO - [2025-03-27T07:40:19.316+0530] {dagbag.py:588} INFO - Filling up the DagBag from /Users/uk/miniforge3/lib/python3.10/site-packages/airflow/example_dags/example_external_task_marker_dag.py
[2025-03-27T07:40:19.321+0530] {processor.py:925} INFO - DAG(s) 'example_external_task_marker_child', 'example_external_task_marker_parent' retrieved from /Users/uk/miniforge3/lib/python3.10/site-packages/airflow/example_dags/example_external_task_marker_dag.py
[2025-03-27T07:40:19.636+0530] {logging_mixin.py:190} INFO - [2025-03-27T07:40:19.636+0530] {override.py:1930} INFO - Created Permission View: can delete on DAG:example_external_task_marker_child
[2025-03-27T07:40:19.640+0530] {logging_mixin.py:190} INFO - [2025-03-27T07:40:19.640+0530] {override.py:1930} INFO - Created Permission View: can edit on DAG:example_external_task_marker_child
[2025-03-27T07:40:19.642+0530] {logging_mixin.py:190} INFO - [2025-03-27T07:40:19.642+0530] {override.py:1930} INFO - Created Permission View: can read on DAG:example_external_task_marker_child
[2025-03-27T07:40:19.645+0530] {logging_mixin.py:190} INFO - [2025-03-27T07:40:19.644+0530] {override.py:1930} INFO - Created Permission View: menu access on DAG Run:example_external_task_marker_child
[2025-03-27T07:40:19.647+0530] {logging_mixin.py:190} INFO - [2025-03-27T07:40:19.646+0530] {override.py:1930} INFO - Created Permission View: can create on DAG Run:example_external_task_marker_child
[2025-03-27T07:40:19.649+0530] {logging_mixin.py:190} INFO - [2025-03-27T07:40:19.648+0530] {override.py:1930} INFO - Created Permission View: can delete on DAG Run:example_external_task_marker_child
[2025-03-27T07:40:19.651+0530] {logging_mixin.py:190} INFO - [2025-03-27T07:40:19.650+0530] {override.py:1930} INFO - Created Permission View: can read on DAG Run:example_external_task_marker_child
[2025-03-27T07:40:19.655+0530] {logging_mixin.py:190} INFO - [2025-03-27T07:40:19.655+0530] {override.py:1930} INFO - Created Permission View: can delete on DAG:example_external_task_marker_parent
[2025-03-27T07:40:19.657+0530] {logging_mixin.py:190} INFO - [2025-03-27T07:40:19.657+0530] {override.py:1930} INFO - Created Permission View: can edit on DAG:example_external_task_marker_parent
[2025-03-27T07:40:19.659+0530] {logging_mixin.py:190} INFO - [2025-03-27T07:40:19.659+0530] {override.py:1930} INFO - Created Permission View: can read on DAG:example_external_task_marker_parent
[2025-03-27T07:40:19.661+0530] {logging_mixin.py:190} INFO - [2025-03-27T07:40:19.661+0530] {override.py:1930} INFO - Created Permission View: menu access on DAG Run:example_external_task_marker_parent
[2025-03-27T07:40:19.663+0530] {logging_mixin.py:190} INFO - [2025-03-27T07:40:19.663+0530] {override.py:1930} INFO - Created Permission View: can create on DAG Run:example_external_task_marker_parent
[2025-03-27T07:40:19.665+0530] {logging_mixin.py:190} INFO - [2025-03-27T07:40:19.665+0530] {override.py:1930} INFO - Created Permission View: can delete on DAG Run:example_external_task_marker_parent
[2025-03-27T07:40:19.667+0530] {logging_mixin.py:190} INFO - [2025-03-27T07:40:19.667+0530] {override.py:1930} INFO - Created Permission View: can read on DAG Run:example_external_task_marker_parent
[2025-03-27T07:40:19.667+0530] {logging_mixin.py:190} INFO - [2025-03-27T07:40:19.667+0530] {dag.py:3239} INFO - Sync 2 DAGs
[2025-03-27T07:40:19.672+0530] {logging_mixin.py:190} INFO - [2025-03-27T07:40:19.672+0530] {dag.py:3262} INFO - Creating ORM DAG for example_external_task_marker_parent
[2025-03-27T07:40:19.672+0530] {logging_mixin.py:190} INFO - [2025-03-27T07:40:19.672+0530] {dag.py:3262} INFO - Creating ORM DAG for example_external_task_marker_child
[2025-03-27T07:40:19.672+0530] {logging_mixin.py:190} INFO - [2025-03-27T07:40:19.672+0530] {dag.py:4180} INFO - Setting next_dagrun for example_external_task_marker_child to None, run_after=None
[2025-03-27T07:40:19.673+0530] {logging_mixin.py:190} INFO - [2025-03-27T07:40:19.673+0530] {dag.py:4180} INFO - Setting next_dagrun for example_external_task_marker_parent to None, run_after=None
[2025-03-27T07:40:19.678+0530] {processor.py:208} INFO - Processing /Users/uk/miniforge3/lib/python3.10/site-packages/airflow/example_dags/example_external_task_marker_dag.py took 0.365 seconds
[2025-03-27T07:42:06.191+0530] {processor.py:186} INFO - Started process (PID=17575) to work on /Users/uk/miniforge3/lib/python3.10/site-packages/airflow/example_dags/example_external_task_marker_dag.py
[2025-03-27T07:42:06.191+0530] {processor.py:914} INFO - Processing file /Users/uk/miniforge3/lib/python3.10/site-packages/airflow/example_dags/example_external_task_marker_dag.py for tasks to queue
[2025-03-27T07:42:06.192+0530] {logging_mixin.py:190} INFO - [2025-03-27T07:42:06.191+0530] {dagbag.py:588} INFO - Filling up the DagBag from /Users/uk/miniforge3/lib/python3.10/site-packages/airflow/example_dags/example_external_task_marker_dag.py
[2025-03-27T07:42:06.196+0530] {processor.py:925} INFO - DAG(s) 'example_external_task_marker_parent', 'example_external_task_marker_child' retrieved from /Users/uk/miniforge3/lib/python3.10/site-packages/airflow/example_dags/example_external_task_marker_dag.py
[2025-03-27T07:42:06.497+0530] {logging_mixin.py:190} INFO - [2025-03-27T07:42:06.497+0530] {dag.py:3239} INFO - Sync 2 DAGs
[2025-03-27T07:42:06.501+0530] {logging_mixin.py:190} INFO - [2025-03-27T07:42:06.501+0530] {dag.py:4180} INFO - Setting next_dagrun for example_external_task_marker_child to None, run_after=None
[2025-03-27T07:42:06.503+0530] {logging_mixin.py:190} INFO - [2025-03-27T07:42:06.503+0530] {dag.py:4180} INFO - Setting next_dagrun for example_external_task_marker_parent to None, run_after=None
[2025-03-27T07:42:06.509+0530] {processor.py:208} INFO - Processing /Users/uk/miniforge3/lib/python3.10/site-packages/airflow/example_dags/example_external_task_marker_dag.py took 0.319 seconds
[2025-03-27T07:44:35.466+0530] {processor.py:186} INFO - Started process (PID=17995) to work on /Users/uk/miniforge3/lib/python3.10/site-packages/airflow/example_dags/example_external_task_marker_dag.py
[2025-03-27T07:44:35.466+0530] {processor.py:914} INFO - Processing file /Users/uk/miniforge3/lib/python3.10/site-packages/airflow/example_dags/example_external_task_marker_dag.py for tasks to queue
[2025-03-27T07:44:35.467+0530] {logging_mixin.py:190} INFO - [2025-03-27T07:44:35.467+0530] {dagbag.py:588} INFO - Filling up the DagBag from /Users/uk/miniforge3/lib/python3.10/site-packages/airflow/example_dags/example_external_task_marker_dag.py
[2025-03-27T07:44:35.472+0530] {processor.py:925} INFO - DAG(s) 'example_external_task_marker_parent', 'example_external_task_marker_child' retrieved from /Users/uk/miniforge3/lib/python3.10/site-packages/airflow/example_dags/example_external_task_marker_dag.py
[2025-03-27T07:44:35.776+0530] {logging_mixin.py:190} INFO - [2025-03-27T07:44:35.776+0530] {dag.py:3239} INFO - Sync 2 DAGs
[2025-03-27T07:44:35.781+0530] {logging_mixin.py:190} INFO - [2025-03-27T07:44:35.781+0530] {dag.py:4180} INFO - Setting next_dagrun for example_external_task_marker_child to None, run_after=None
[2025-03-27T07:44:35.782+0530] {logging_mixin.py:190} INFO - [2025-03-27T07:44:35.782+0530] {dag.py:4180} INFO - Setting next_dagrun for example_external_task_marker_parent to None, run_after=None
[2025-03-27T07:44:35.788+0530] {processor.py:208} INFO - Processing /Users/uk/miniforge3/lib/python3.10/site-packages/airflow/example_dags/example_external_task_marker_dag.py took 0.324 seconds
[2025-03-27T07:47:06.408+0530] {processor.py:186} INFO - Started process (PID=18330) to work on /Users/uk/miniforge3/lib/python3.10/site-packages/airflow/example_dags/example_external_task_marker_dag.py
[2025-03-27T07:47:06.409+0530] {processor.py:914} INFO - Processing file /Users/uk/miniforge3/lib/python3.10/site-packages/airflow/example_dags/example_external_task_marker_dag.py for tasks to queue
[2025-03-27T07:47:06.409+0530] {logging_mixin.py:190} INFO - [2025-03-27T07:47:06.409+0530] {dagbag.py:588} INFO - Filling up the DagBag from /Users/uk/miniforge3/lib/python3.10/site-packages/airflow/example_dags/example_external_task_marker_dag.py
[2025-03-27T07:47:06.414+0530] {processor.py:925} INFO - DAG(s) 'example_external_task_marker_child', 'example_external_task_marker_parent' retrieved from /Users/uk/miniforge3/lib/python3.10/site-packages/airflow/example_dags/example_external_task_marker_dag.py
[2025-03-27T07:47:06.715+0530] {logging_mixin.py:190} INFO - [2025-03-27T07:47:06.715+0530] {dag.py:3239} INFO - Sync 2 DAGs
[2025-03-27T07:47:06.719+0530] {logging_mixin.py:190} INFO - [2025-03-27T07:47:06.719+0530] {dag.py:4180} INFO - Setting next_dagrun for example_external_task_marker_child to None, run_after=None
[2025-03-27T07:47:06.720+0530] {logging_mixin.py:190} INFO - [2025-03-27T07:47:06.720+0530] {dag.py:4180} INFO - Setting next_dagrun for example_external_task_marker_parent to None, run_after=None
[2025-03-27T07:47:06.726+0530] {processor.py:208} INFO - Processing /Users/uk/miniforge3/lib/python3.10/site-packages/airflow/example_dags/example_external_task_marker_dag.py took 0.319 seconds
[2025-03-27T07:48:54.288+0530] {processor.py:186} INFO - Started process (PID=18528) to work on /Users/uk/miniforge3/lib/python3.10/site-packages/airflow/example_dags/example_external_task_marker_dag.py
[2025-03-27T07:48:54.289+0530] {processor.py:914} INFO - Processing file /Users/uk/miniforge3/lib/python3.10/site-packages/airflow/example_dags/example_external_task_marker_dag.py for tasks to queue
[2025-03-27T07:48:54.289+0530] {logging_mixin.py:190} INFO - [2025-03-27T07:48:54.289+0530] {dagbag.py:588} INFO - Filling up the DagBag from /Users/uk/miniforge3/lib/python3.10/site-packages/airflow/example_dags/example_external_task_marker_dag.py
[2025-03-27T07:48:54.294+0530] {processor.py:925} INFO - DAG(s) 'example_external_task_marker_child', 'example_external_task_marker_parent' retrieved from /Users/uk/miniforge3/lib/python3.10/site-packages/airflow/example_dags/example_external_task_marker_dag.py
[2025-03-27T07:48:54.605+0530] {logging_mixin.py:190} INFO - [2025-03-27T07:48:54.605+0530] {dag.py:3239} INFO - Sync 2 DAGs
[2025-03-27T07:48:54.609+0530] {logging_mixin.py:190} INFO - [2025-03-27T07:48:54.609+0530] {dag.py:4180} INFO - Setting next_dagrun for example_external_task_marker_child to None, run_after=None
[2025-03-27T07:48:54.611+0530] {logging_mixin.py:190} INFO - [2025-03-27T07:48:54.611+0530] {dag.py:4180} INFO - Setting next_dagrun for example_external_task_marker_parent to None, run_after=None
[2025-03-27T07:48:54.617+0530] {processor.py:208} INFO - Processing /Users/uk/miniforge3/lib/python3.10/site-packages/airflow/example_dags/example_external_task_marker_dag.py took 0.330 seconds
[2025-03-27T07:51:26.577+0530] {processor.py:186} INFO - Started process (PID=19125) to work on /Users/uk/miniforge3/lib/python3.10/site-packages/airflow/example_dags/example_external_task_marker_dag.py
[2025-03-27T07:51:26.578+0530] {processor.py:914} INFO - Processing file /Users/uk/miniforge3/lib/python3.10/site-packages/airflow/example_dags/example_external_task_marker_dag.py for tasks to queue
[2025-03-27T07:51:26.578+0530] {logging_mixin.py:190} INFO - [2025-03-27T07:51:26.578+0530] {dagbag.py:588} INFO - Filling up the DagBag from /Users/uk/miniforge3/lib/python3.10/site-packages/airflow/example_dags/example_external_task_marker_dag.py
[2025-03-27T07:51:26.584+0530] {processor.py:925} INFO - DAG(s) 'example_external_task_marker_parent', 'example_external_task_marker_child' retrieved from /Users/uk/miniforge3/lib/python3.10/site-packages/airflow/example_dags/example_external_task_marker_dag.py
[2025-03-27T07:51:26.923+0530] {logging_mixin.py:190} INFO - [2025-03-27T07:51:26.923+0530] {dag.py:3239} INFO - Sync 2 DAGs
[2025-03-27T07:51:26.927+0530] {logging_mixin.py:190} INFO - [2025-03-27T07:51:26.927+0530] {dag.py:4180} INFO - Setting next_dagrun for example_external_task_marker_child to None, run_after=None
[2025-03-27T07:51:26.929+0530] {logging_mixin.py:190} INFO - [2025-03-27T07:51:26.929+0530] {dag.py:4180} INFO - Setting next_dagrun for example_external_task_marker_parent to None, run_after=None
[2025-03-27T07:51:26.935+0530] {processor.py:208} INFO - Processing /Users/uk/miniforge3/lib/python3.10/site-packages/airflow/example_dags/example_external_task_marker_dag.py took 0.359 seconds
[2025-03-27T07:55:28.048+0530] {processor.py:186} INFO - Started process (PID=20324) to work on /Users/uk/miniforge3/lib/python3.10/site-packages/airflow/example_dags/example_external_task_marker_dag.py
[2025-03-27T07:55:28.049+0530] {processor.py:914} INFO - Processing file /Users/uk/miniforge3/lib/python3.10/site-packages/airflow/example_dags/example_external_task_marker_dag.py for tasks to queue
[2025-03-27T07:55:28.049+0530] {logging_mixin.py:190} INFO - [2025-03-27T07:55:28.049+0530] {dagbag.py:588} INFO - Filling up the DagBag from /Users/uk/miniforge3/lib/python3.10/site-packages/airflow/example_dags/example_external_task_marker_dag.py
[2025-03-27T07:55:28.055+0530] {processor.py:925} INFO - DAG(s) 'example_external_task_marker_child', 'example_external_task_marker_parent' retrieved from /Users/uk/miniforge3/lib/python3.10/site-packages/airflow/example_dags/example_external_task_marker_dag.py
[2025-03-27T07:55:28.362+0530] {logging_mixin.py:190} INFO - [2025-03-27T07:55:28.362+0530] {dag.py:3239} INFO - Sync 2 DAGs
[2025-03-27T07:55:28.367+0530] {logging_mixin.py:190} INFO - [2025-03-27T07:55:28.367+0530] {dag.py:4180} INFO - Setting next_dagrun for example_external_task_marker_child to None, run_after=None
[2025-03-27T07:55:28.368+0530] {logging_mixin.py:190} INFO - [2025-03-27T07:55:28.368+0530] {dag.py:4180} INFO - Setting next_dagrun for example_external_task_marker_parent to None, run_after=None
[2025-03-27T07:55:28.374+0530] {processor.py:208} INFO - Processing /Users/uk/miniforge3/lib/python3.10/site-packages/airflow/example_dags/example_external_task_marker_dag.py took 0.327 seconds
[2025-03-27T07:58:00.527+0530] {processor.py:186} INFO - Started process (PID=20627) to work on /Users/uk/miniforge3/lib/python3.10/site-packages/airflow/example_dags/example_external_task_marker_dag.py
[2025-03-27T07:58:00.528+0530] {processor.py:914} INFO - Processing file /Users/uk/miniforge3/lib/python3.10/site-packages/airflow/example_dags/example_external_task_marker_dag.py for tasks to queue
[2025-03-27T07:58:00.529+0530] {logging_mixin.py:190} INFO - [2025-03-27T07:58:00.529+0530] {dagbag.py:588} INFO - Filling up the DagBag from /Users/uk/miniforge3/lib/python3.10/site-packages/airflow/example_dags/example_external_task_marker_dag.py
[2025-03-27T07:58:00.538+0530] {processor.py:925} INFO - DAG(s) 'example_external_task_marker_child', 'example_external_task_marker_parent' retrieved from /Users/uk/miniforge3/lib/python3.10/site-packages/airflow/example_dags/example_external_task_marker_dag.py
[2025-03-27T07:58:01.202+0530] {logging_mixin.py:190} INFO - [2025-03-27T07:58:01.202+0530] {dag.py:3239} INFO - Sync 2 DAGs
[2025-03-27T07:58:01.207+0530] {logging_mixin.py:190} INFO - [2025-03-27T07:58:01.207+0530] {dag.py:4180} INFO - Setting next_dagrun for example_external_task_marker_child to None, run_after=None
[2025-03-27T07:58:01.208+0530] {logging_mixin.py:190} INFO - [2025-03-27T07:58:01.208+0530] {dag.py:4180} INFO - Setting next_dagrun for example_external_task_marker_parent to None, run_after=None
[2025-03-27T07:58:01.216+0530] {processor.py:208} INFO - Processing /Users/uk/miniforge3/lib/python3.10/site-packages/airflow/example_dags/example_external_task_marker_dag.py took 0.690 seconds
[2025-03-27T08:00:31.758+0530] {processor.py:186} INFO - Started process (PID=20925) to work on /Users/uk/miniforge3/lib/python3.10/site-packages/airflow/example_dags/example_external_task_marker_dag.py
[2025-03-27T08:00:31.759+0530] {processor.py:914} INFO - Processing file /Users/uk/miniforge3/lib/python3.10/site-packages/airflow/example_dags/example_external_task_marker_dag.py for tasks to queue
[2025-03-27T08:00:31.759+0530] {logging_mixin.py:190} INFO - [2025-03-27T08:00:31.759+0530] {dagbag.py:588} INFO - Filling up the DagBag from /Users/uk/miniforge3/lib/python3.10/site-packages/airflow/example_dags/example_external_task_marker_dag.py
[2025-03-27T08:00:31.765+0530] {processor.py:925} INFO - DAG(s) 'example_external_task_marker_child', 'example_external_task_marker_parent' retrieved from /Users/uk/miniforge3/lib/python3.10/site-packages/airflow/example_dags/example_external_task_marker_dag.py
[2025-03-27T08:00:32.006+0530] {logging_mixin.py:190} INFO - [2025-03-27T08:00:32.005+0530] {dag.py:3239} INFO - Sync 2 DAGs
[2025-03-27T08:00:32.010+0530] {logging_mixin.py:190} INFO - [2025-03-27T08:00:32.010+0530] {dag.py:4180} INFO - Setting next_dagrun for example_external_task_marker_child to None, run_after=None
[2025-03-27T08:00:32.011+0530] {logging_mixin.py:190} INFO - [2025-03-27T08:00:32.011+0530] {dag.py:4180} INFO - Setting next_dagrun for example_external_task_marker_parent to None, run_after=None
[2025-03-27T08:00:32.017+0530] {processor.py:208} INFO - Processing /Users/uk/miniforge3/lib/python3.10/site-packages/airflow/example_dags/example_external_task_marker_dag.py took 0.261 seconds
[2025-03-27T08:02:17.233+0530] {processor.py:186} INFO - Started process (PID=21145) to work on /Users/uk/miniforge3/lib/python3.10/site-packages/airflow/example_dags/example_external_task_marker_dag.py
[2025-03-27T08:02:17.233+0530] {processor.py:914} INFO - Processing file /Users/uk/miniforge3/lib/python3.10/site-packages/airflow/example_dags/example_external_task_marker_dag.py for tasks to queue
[2025-03-27T08:02:17.234+0530] {logging_mixin.py:190} INFO - [2025-03-27T08:02:17.234+0530] {dagbag.py:588} INFO - Filling up the DagBag from /Users/uk/miniforge3/lib/python3.10/site-packages/airflow/example_dags/example_external_task_marker_dag.py
[2025-03-27T08:02:17.239+0530] {processor.py:925} INFO - DAG(s) 'example_external_task_marker_child', 'example_external_task_marker_parent' retrieved from /Users/uk/miniforge3/lib/python3.10/site-packages/airflow/example_dags/example_external_task_marker_dag.py
[2025-03-27T08:02:17.545+0530] {logging_mixin.py:190} INFO - [2025-03-27T08:02:17.545+0530] {dag.py:3239} INFO - Sync 2 DAGs
[2025-03-27T08:02:17.550+0530] {logging_mixin.py:190} INFO - [2025-03-27T08:02:17.550+0530] {dag.py:4180} INFO - Setting next_dagrun for example_external_task_marker_child to None, run_after=None
[2025-03-27T08:02:17.552+0530] {logging_mixin.py:190} INFO - [2025-03-27T08:02:17.552+0530] {dag.py:4180} INFO - Setting next_dagrun for example_external_task_marker_parent to None, run_after=None
[2025-03-27T08:02:17.558+0530] {processor.py:208} INFO - Processing /Users/uk/miniforge3/lib/python3.10/site-packages/airflow/example_dags/example_external_task_marker_dag.py took 0.326 seconds
[2025-03-27T08:04:48.991+0530] {processor.py:186} INFO - Started process (PID=21420) to work on /Users/uk/miniforge3/lib/python3.10/site-packages/airflow/example_dags/example_external_task_marker_dag.py
[2025-03-27T08:04:48.991+0530] {processor.py:914} INFO - Processing file /Users/uk/miniforge3/lib/python3.10/site-packages/airflow/example_dags/example_external_task_marker_dag.py for tasks to queue
[2025-03-27T08:04:48.992+0530] {logging_mixin.py:190} INFO - [2025-03-27T08:04:48.992+0530] {dagbag.py:588} INFO - Filling up the DagBag from /Users/uk/miniforge3/lib/python3.10/site-packages/airflow/example_dags/example_external_task_marker_dag.py
[2025-03-27T08:04:48.996+0530] {processor.py:925} INFO - DAG(s) 'example_external_task_marker_parent', 'example_external_task_marker_child' retrieved from /Users/uk/miniforge3/lib/python3.10/site-packages/airflow/example_dags/example_external_task_marker_dag.py
[2025-03-27T08:04:49.300+0530] {logging_mixin.py:190} INFO - [2025-03-27T08:04:49.300+0530] {dag.py:3239} INFO - Sync 2 DAGs
[2025-03-27T08:04:49.304+0530] {logging_mixin.py:190} INFO - [2025-03-27T08:04:49.304+0530] {dag.py:4180} INFO - Setting next_dagrun for example_external_task_marker_child to None, run_after=None
[2025-03-27T08:04:49.306+0530] {logging_mixin.py:190} INFO - [2025-03-27T08:04:49.305+0530] {dag.py:4180} INFO - Setting next_dagrun for example_external_task_marker_parent to None, run_after=None
[2025-03-27T08:04:49.312+0530] {processor.py:208} INFO - Processing /Users/uk/miniforge3/lib/python3.10/site-packages/airflow/example_dags/example_external_task_marker_dag.py took 0.322 seconds
[2025-03-27T08:07:19.078+0530] {processor.py:186} INFO - Started process (PID=21715) to work on /Users/uk/miniforge3/lib/python3.10/site-packages/airflow/example_dags/example_external_task_marker_dag.py
[2025-03-27T08:07:19.079+0530] {processor.py:914} INFO - Processing file /Users/uk/miniforge3/lib/python3.10/site-packages/airflow/example_dags/example_external_task_marker_dag.py for tasks to queue
[2025-03-27T08:07:19.079+0530] {logging_mixin.py:190} INFO - [2025-03-27T08:07:19.079+0530] {dagbag.py:588} INFO - Filling up the DagBag from /Users/uk/miniforge3/lib/python3.10/site-packages/airflow/example_dags/example_external_task_marker_dag.py
[2025-03-27T08:07:19.084+0530] {processor.py:925} INFO - DAG(s) 'example_external_task_marker_child', 'example_external_task_marker_parent' retrieved from /Users/uk/miniforge3/lib/python3.10/site-packages/airflow/example_dags/example_external_task_marker_dag.py
[2025-03-27T08:07:19.550+0530] {logging_mixin.py:190} INFO - [2025-03-27T08:07:19.549+0530] {dag.py:3239} INFO - Sync 2 DAGs
[2025-03-27T08:07:19.554+0530] {logging_mixin.py:190} INFO - [2025-03-27T08:07:19.554+0530] {dag.py:4180} INFO - Setting next_dagrun for example_external_task_marker_child to None, run_after=None
[2025-03-27T08:07:19.555+0530] {logging_mixin.py:190} INFO - [2025-03-27T08:07:19.555+0530] {dag.py:4180} INFO - Setting next_dagrun for example_external_task_marker_parent to None, run_after=None
[2025-03-27T08:07:19.562+0530] {processor.py:208} INFO - Processing /Users/uk/miniforge3/lib/python3.10/site-packages/airflow/example_dags/example_external_task_marker_dag.py took 0.485 seconds
[2025-03-27T08:09:59.883+0530] {processor.py:186} INFO - Started process (PID=21999) to work on /Users/uk/miniforge3/lib/python3.10/site-packages/airflow/example_dags/example_external_task_marker_dag.py
[2025-03-27T08:09:59.887+0530] {processor.py:914} INFO - Processing file /Users/uk/miniforge3/lib/python3.10/site-packages/airflow/example_dags/example_external_task_marker_dag.py for tasks to queue
[2025-03-27T08:09:59.888+0530] {logging_mixin.py:190} INFO - [2025-03-27T08:09:59.888+0530] {dagbag.py:588} INFO - Filling up the DagBag from /Users/uk/miniforge3/lib/python3.10/site-packages/airflow/example_dags/example_external_task_marker_dag.py
[2025-03-27T08:09:59.892+0530] {processor.py:925} INFO - DAG(s) 'example_external_task_marker_child', 'example_external_task_marker_parent' retrieved from /Users/uk/miniforge3/lib/python3.10/site-packages/airflow/example_dags/example_external_task_marker_dag.py
[2025-03-27T08:10:00.233+0530] {logging_mixin.py:190} INFO - [2025-03-27T08:10:00.232+0530] {dag.py:3239} INFO - Sync 2 DAGs
[2025-03-27T08:10:00.237+0530] {logging_mixin.py:190} INFO - [2025-03-27T08:10:00.237+0530] {dag.py:4180} INFO - Setting next_dagrun for example_external_task_marker_child to None, run_after=None
[2025-03-27T08:10:00.239+0530] {logging_mixin.py:190} INFO - [2025-03-27T08:10:00.239+0530] {dag.py:4180} INFO - Setting next_dagrun for example_external_task_marker_parent to None, run_after=None
[2025-03-27T08:10:00.245+0530] {processor.py:208} INFO - Processing /Users/uk/miniforge3/lib/python3.10/site-packages/airflow/example_dags/example_external_task_marker_dag.py took 0.363 seconds
