[2025-03-27T07:05:52.422+0530] {processor.py:186} INFO - Started process (PID=13077) to work on /Users/uk/miniforge3/lib/python3.10/site-packages/airflow/example_dags/example_branch_datetime_operator.py
[2025-03-27T07:05:52.422+0530] {processor.py:914} INFO - Processing file /Users/uk/miniforge3/lib/python3.10/site-packages/airflow/example_dags/example_branch_datetime_operator.py for tasks to queue
[2025-03-27T07:05:52.423+0530] {logging_mixin.py:190} INFO - [2025-03-27T07:05:52.422+0530] {dagbag.py:588} INFO - Filling up the DagBag from /Users/uk/miniforge3/lib/python3.10/site-packages/airflow/example_dags/example_branch_datetime_operator.py
[2025-03-27T07:05:52.427+0530] {processor.py:925} INFO - DAG(s) 'example_branch_datetime_operator', 'example_branch_datetime_operator_2', 'example_branch_datetime_operator_3' retrieved from /Users/uk/miniforge3/lib/python3.10/site-packages/airflow/example_dags/example_branch_datetime_operator.py
[2025-03-27T07:05:52.468+0530] {logging_mixin.py:190} INFO - [2025-03-27T07:05:52.468+0530] {dag.py:3239} INFO - Sync 3 DAGs
[2025-03-27T07:05:52.476+0530] {logging_mixin.py:190} INFO - [2025-03-27T07:05:52.475+0530] {dag.py:4180} INFO - Setting next_dagrun for example_branch_datetime_operator to 2025-03-26 00:00:00+00:00, run_after=2025-03-27 00:00:00+00:00
[2025-03-27T07:05:52.477+0530] {logging_mixin.py:190} INFO - [2025-03-27T07:05:52.477+0530] {dag.py:4180} INFO - Setting next_dagrun for example_branch_datetime_operator_2 to 2025-03-26 00:00:00+00:00, run_after=2025-03-27 00:00:00+00:00
[2025-03-27T07:05:52.478+0530] {logging_mixin.py:190} INFO - [2025-03-27T07:05:52.478+0530] {dag.py:4180} INFO - Setting next_dagrun for example_branch_datetime_operator_3 to 2025-03-26 00:00:00+00:00, run_after=2025-03-27 00:00:00+00:00
[2025-03-27T07:05:52.485+0530] {processor.py:208} INFO - Processing /Users/uk/miniforge3/lib/python3.10/site-packages/airflow/example_dags/example_branch_datetime_operator.py took 0.065 seconds
[2025-03-27T07:08:44.934+0530] {processor.py:186} INFO - Started process (PID=13550) to work on /Users/uk/miniforge3/lib/python3.10/site-packages/airflow/example_dags/example_branch_datetime_operator.py
[2025-03-27T07:08:44.936+0530] {processor.py:914} INFO - Processing file /Users/uk/miniforge3/lib/python3.10/site-packages/airflow/example_dags/example_branch_datetime_operator.py for tasks to queue
[2025-03-27T07:08:44.936+0530] {logging_mixin.py:190} INFO - [2025-03-27T07:08:44.936+0530] {dagbag.py:588} INFO - Filling up the DagBag from /Users/uk/miniforge3/lib/python3.10/site-packages/airflow/example_dags/example_branch_datetime_operator.py
[2025-03-27T07:08:44.947+0530] {processor.py:925} INFO - DAG(s) 'example_branch_datetime_operator_2', 'example_branch_datetime_operator_3', 'example_branch_datetime_operator' retrieved from /Users/uk/miniforge3/lib/python3.10/site-packages/airflow/example_dags/example_branch_datetime_operator.py
[2025-03-27T07:08:44.998+0530] {logging_mixin.py:190} INFO - [2025-03-27T07:08:44.998+0530] {dag.py:3239} INFO - Sync 3 DAGs
[2025-03-27T07:08:45.010+0530] {logging_mixin.py:190} INFO - [2025-03-27T07:08:45.010+0530] {dag.py:4180} INFO - Setting next_dagrun for example_branch_datetime_operator to 2025-03-26 00:00:00+00:00, run_after=2025-03-27 00:00:00+00:00
[2025-03-27T07:08:45.012+0530] {logging_mixin.py:190} INFO - [2025-03-27T07:08:45.012+0530] {dag.py:4180} INFO - Setting next_dagrun for example_branch_datetime_operator_2 to 2025-03-26 00:00:00+00:00, run_after=2025-03-27 00:00:00+00:00
[2025-03-27T07:08:45.014+0530] {logging_mixin.py:190} INFO - [2025-03-27T07:08:45.013+0530] {dag.py:4180} INFO - Setting next_dagrun for example_branch_datetime_operator_3 to 2025-03-26 00:00:00+00:00, run_after=2025-03-27 00:00:00+00:00
[2025-03-27T07:08:45.021+0530] {processor.py:208} INFO - Processing /Users/uk/miniforge3/lib/python3.10/site-packages/airflow/example_dags/example_branch_datetime_operator.py took 0.088 seconds
[2025-03-27T07:11:38.244+0530] {processor.py:186} INFO - Started process (PID=13859) to work on /Users/uk/miniforge3/lib/python3.10/site-packages/airflow/example_dags/example_branch_datetime_operator.py
[2025-03-27T07:11:38.245+0530] {processor.py:914} INFO - Processing file /Users/uk/miniforge3/lib/python3.10/site-packages/airflow/example_dags/example_branch_datetime_operator.py for tasks to queue
[2025-03-27T07:11:38.245+0530] {logging_mixin.py:190} INFO - [2025-03-27T07:11:38.245+0530] {dagbag.py:588} INFO - Filling up the DagBag from /Users/uk/miniforge3/lib/python3.10/site-packages/airflow/example_dags/example_branch_datetime_operator.py
[2025-03-27T07:11:38.251+0530] {processor.py:925} INFO - DAG(s) 'example_branch_datetime_operator_2', 'example_branch_datetime_operator', 'example_branch_datetime_operator_3' retrieved from /Users/uk/miniforge3/lib/python3.10/site-packages/airflow/example_dags/example_branch_datetime_operator.py
[2025-03-27T07:11:38.322+0530] {logging_mixin.py:190} INFO - [2025-03-27T07:11:38.322+0530] {dag.py:3239} INFO - Sync 3 DAGs
[2025-03-27T07:11:38.341+0530] {logging_mixin.py:190} INFO - [2025-03-27T07:11:38.341+0530] {dag.py:4180} INFO - Setting next_dagrun for example_branch_datetime_operator to 2025-03-26 00:00:00+00:00, run_after=2025-03-27 00:00:00+00:00
[2025-03-27T07:11:38.344+0530] {logging_mixin.py:190} INFO - [2025-03-27T07:11:38.344+0530] {dag.py:4180} INFO - Setting next_dagrun for example_branch_datetime_operator_2 to 2025-03-26 00:00:00+00:00, run_after=2025-03-27 00:00:00+00:00
[2025-03-27T07:11:38.346+0530] {logging_mixin.py:190} INFO - [2025-03-27T07:11:38.346+0530] {dag.py:4180} INFO - Setting next_dagrun for example_branch_datetime_operator_3 to 2025-03-26 00:00:00+00:00, run_after=2025-03-27 00:00:00+00:00
[2025-03-27T07:11:38.361+0530] {processor.py:208} INFO - Processing /Users/uk/miniforge3/lib/python3.10/site-packages/airflow/example_dags/example_branch_datetime_operator.py took 0.119 seconds
[2025-03-27T07:14:09.812+0530] {processor.py:186} INFO - Started process (PID=14122) to work on /Users/uk/miniforge3/lib/python3.10/site-packages/airflow/example_dags/example_branch_datetime_operator.py
[2025-03-27T07:14:09.814+0530] {processor.py:914} INFO - Processing file /Users/uk/miniforge3/lib/python3.10/site-packages/airflow/example_dags/example_branch_datetime_operator.py for tasks to queue
[2025-03-27T07:14:09.814+0530] {logging_mixin.py:190} INFO - [2025-03-27T07:14:09.814+0530] {dagbag.py:588} INFO - Filling up the DagBag from /Users/uk/miniforge3/lib/python3.10/site-packages/airflow/example_dags/example_branch_datetime_operator.py
[2025-03-27T07:14:09.819+0530] {processor.py:925} INFO - DAG(s) 'example_branch_datetime_operator_2', 'example_branch_datetime_operator_3', 'example_branch_datetime_operator' retrieved from /Users/uk/miniforge3/lib/python3.10/site-packages/airflow/example_dags/example_branch_datetime_operator.py
[2025-03-27T07:14:09.860+0530] {logging_mixin.py:190} INFO - [2025-03-27T07:14:09.860+0530] {dag.py:3239} INFO - Sync 3 DAGs
[2025-03-27T07:14:09.867+0530] {logging_mixin.py:190} INFO - [2025-03-27T07:14:09.867+0530] {dag.py:4180} INFO - Setting next_dagrun for example_branch_datetime_operator to 2025-03-26 00:00:00+00:00, run_after=2025-03-27 00:00:00+00:00
[2025-03-27T07:14:09.869+0530] {logging_mixin.py:190} INFO - [2025-03-27T07:14:09.869+0530] {dag.py:4180} INFO - Setting next_dagrun for example_branch_datetime_operator_2 to 2025-03-26 00:00:00+00:00, run_after=2025-03-27 00:00:00+00:00
[2025-03-27T07:14:09.869+0530] {logging_mixin.py:190} INFO - [2025-03-27T07:14:09.869+0530] {dag.py:4180} INFO - Setting next_dagrun for example_branch_datetime_operator_3 to 2025-03-26 00:00:00+00:00, run_after=2025-03-27 00:00:00+00:00
[2025-03-27T07:14:09.876+0530] {processor.py:208} INFO - Processing /Users/uk/miniforge3/lib/python3.10/site-packages/airflow/example_dags/example_branch_datetime_operator.py took 0.064 seconds
[2025-03-27T07:16:41.654+0530] {processor.py:186} INFO - Started process (PID=14371) to work on /Users/uk/miniforge3/lib/python3.10/site-packages/airflow/example_dags/example_branch_datetime_operator.py
[2025-03-27T07:16:41.655+0530] {processor.py:914} INFO - Processing file /Users/uk/miniforge3/lib/python3.10/site-packages/airflow/example_dags/example_branch_datetime_operator.py for tasks to queue
[2025-03-27T07:16:41.656+0530] {logging_mixin.py:190} INFO - [2025-03-27T07:16:41.656+0530] {dagbag.py:588} INFO - Filling up the DagBag from /Users/uk/miniforge3/lib/python3.10/site-packages/airflow/example_dags/example_branch_datetime_operator.py
[2025-03-27T07:16:41.662+0530] {processor.py:925} INFO - DAG(s) 'example_branch_datetime_operator_2', 'example_branch_datetime_operator', 'example_branch_datetime_operator_3' retrieved from /Users/uk/miniforge3/lib/python3.10/site-packages/airflow/example_dags/example_branch_datetime_operator.py
[2025-03-27T07:16:41.708+0530] {logging_mixin.py:190} INFO - [2025-03-27T07:16:41.707+0530] {dag.py:3239} INFO - Sync 3 DAGs
[2025-03-27T07:16:41.715+0530] {logging_mixin.py:190} INFO - [2025-03-27T07:16:41.715+0530] {dag.py:4180} INFO - Setting next_dagrun for example_branch_datetime_operator to 2025-03-26 00:00:00+00:00, run_after=2025-03-27 00:00:00+00:00
[2025-03-27T07:16:41.717+0530] {logging_mixin.py:190} INFO - [2025-03-27T07:16:41.717+0530] {dag.py:4180} INFO - Setting next_dagrun for example_branch_datetime_operator_2 to 2025-03-26 00:00:00+00:00, run_after=2025-03-27 00:00:00+00:00
[2025-03-27T07:16:41.718+0530] {logging_mixin.py:190} INFO - [2025-03-27T07:16:41.718+0530] {dag.py:4180} INFO - Setting next_dagrun for example_branch_datetime_operator_3 to 2025-03-26 00:00:00+00:00, run_after=2025-03-27 00:00:00+00:00
[2025-03-27T07:16:41.724+0530] {processor.py:208} INFO - Processing /Users/uk/miniforge3/lib/python3.10/site-packages/airflow/example_dags/example_branch_datetime_operator.py took 0.072 seconds
[2025-03-27T07:19:05.310+0530] {processor.py:186} INFO - Started process (PID=14617) to work on /Users/uk/miniforge3/lib/python3.10/site-packages/airflow/example_dags/example_branch_datetime_operator.py
[2025-03-27T07:19:05.311+0530] {processor.py:914} INFO - Processing file /Users/uk/miniforge3/lib/python3.10/site-packages/airflow/example_dags/example_branch_datetime_operator.py for tasks to queue
[2025-03-27T07:19:05.312+0530] {logging_mixin.py:190} INFO - [2025-03-27T07:19:05.312+0530] {dagbag.py:588} INFO - Filling up the DagBag from /Users/uk/miniforge3/lib/python3.10/site-packages/airflow/example_dags/example_branch_datetime_operator.py
[2025-03-27T07:19:05.318+0530] {processor.py:925} INFO - DAG(s) 'example_branch_datetime_operator_2', 'example_branch_datetime_operator_3', 'example_branch_datetime_operator' retrieved from /Users/uk/miniforge3/lib/python3.10/site-packages/airflow/example_dags/example_branch_datetime_operator.py
[2025-03-27T07:19:05.361+0530] {logging_mixin.py:190} INFO - [2025-03-27T07:19:05.361+0530] {dag.py:3239} INFO - Sync 3 DAGs
[2025-03-27T07:19:05.368+0530] {logging_mixin.py:190} INFO - [2025-03-27T07:19:05.368+0530] {dag.py:4180} INFO - Setting next_dagrun for example_branch_datetime_operator to 2025-03-26 00:00:00+00:00, run_after=2025-03-27 00:00:00+00:00
[2025-03-27T07:19:05.370+0530] {logging_mixin.py:190} INFO - [2025-03-27T07:19:05.370+0530] {dag.py:4180} INFO - Setting next_dagrun for example_branch_datetime_operator_2 to 2025-03-26 00:00:00+00:00, run_after=2025-03-27 00:00:00+00:00
[2025-03-27T07:19:05.371+0530] {logging_mixin.py:190} INFO - [2025-03-27T07:19:05.371+0530] {dag.py:4180} INFO - Setting next_dagrun for example_branch_datetime_operator_3 to 2025-03-26 00:00:00+00:00, run_after=2025-03-27 00:00:00+00:00
[2025-03-27T07:19:05.377+0530] {processor.py:208} INFO - Processing /Users/uk/miniforge3/lib/python3.10/site-packages/airflow/example_dags/example_branch_datetime_operator.py took 0.068 seconds
[2025-03-27T07:21:30.960+0530] {processor.py:186} INFO - Started process (PID=15141) to work on /Users/uk/miniforge3/lib/python3.10/site-packages/airflow/example_dags/example_branch_datetime_operator.py
[2025-03-27T07:21:30.960+0530] {processor.py:914} INFO - Processing file /Users/uk/miniforge3/lib/python3.10/site-packages/airflow/example_dags/example_branch_datetime_operator.py for tasks to queue
[2025-03-27T07:21:30.961+0530] {logging_mixin.py:190} INFO - [2025-03-27T07:21:30.961+0530] {dagbag.py:588} INFO - Filling up the DagBag from /Users/uk/miniforge3/lib/python3.10/site-packages/airflow/example_dags/example_branch_datetime_operator.py
[2025-03-27T07:21:30.966+0530] {processor.py:925} INFO - DAG(s) 'example_branch_datetime_operator', 'example_branch_datetime_operator_2', 'example_branch_datetime_operator_3' retrieved from /Users/uk/miniforge3/lib/python3.10/site-packages/airflow/example_dags/example_branch_datetime_operator.py
[2025-03-27T07:21:31.006+0530] {logging_mixin.py:190} INFO - [2025-03-27T07:21:31.006+0530] {dag.py:3239} INFO - Sync 3 DAGs
[2025-03-27T07:21:31.013+0530] {logging_mixin.py:190} INFO - [2025-03-27T07:21:31.013+0530] {dag.py:4180} INFO - Setting next_dagrun for example_branch_datetime_operator to 2025-03-26 00:00:00+00:00, run_after=2025-03-27 00:00:00+00:00
[2025-03-27T07:21:31.016+0530] {logging_mixin.py:190} INFO - [2025-03-27T07:21:31.016+0530] {dag.py:4180} INFO - Setting next_dagrun for example_branch_datetime_operator_2 to 2025-03-26 00:00:00+00:00, run_after=2025-03-27 00:00:00+00:00
[2025-03-27T07:21:31.017+0530] {logging_mixin.py:190} INFO - [2025-03-27T07:21:31.017+0530] {dag.py:4180} INFO - Setting next_dagrun for example_branch_datetime_operator_3 to 2025-03-26 00:00:00+00:00, run_after=2025-03-27 00:00:00+00:00
[2025-03-27T07:21:31.023+0530] {processor.py:208} INFO - Processing /Users/uk/miniforge3/lib/python3.10/site-packages/airflow/example_dags/example_branch_datetime_operator.py took 0.064 seconds
[2025-03-27T07:23:52.472+0530] {processor.py:186} INFO - Started process (PID=15417) to work on /Users/uk/miniforge3/lib/python3.10/site-packages/airflow/example_dags/example_branch_datetime_operator.py
[2025-03-27T07:23:52.472+0530] {processor.py:914} INFO - Processing file /Users/uk/miniforge3/lib/python3.10/site-packages/airflow/example_dags/example_branch_datetime_operator.py for tasks to queue
[2025-03-27T07:23:52.473+0530] {logging_mixin.py:190} INFO - [2025-03-27T07:23:52.473+0530] {dagbag.py:588} INFO - Filling up the DagBag from /Users/uk/miniforge3/lib/python3.10/site-packages/airflow/example_dags/example_branch_datetime_operator.py
[2025-03-27T07:23:52.478+0530] {processor.py:925} INFO - DAG(s) 'example_branch_datetime_operator_3', 'example_branch_datetime_operator_2', 'example_branch_datetime_operator' retrieved from /Users/uk/miniforge3/lib/python3.10/site-packages/airflow/example_dags/example_branch_datetime_operator.py
[2025-03-27T07:23:52.518+0530] {logging_mixin.py:190} INFO - [2025-03-27T07:23:52.518+0530] {dag.py:3239} INFO - Sync 3 DAGs
[2025-03-27T07:23:52.525+0530] {logging_mixin.py:190} INFO - [2025-03-27T07:23:52.525+0530] {dag.py:4180} INFO - Setting next_dagrun for example_branch_datetime_operator to 2025-03-26 00:00:00+00:00, run_after=2025-03-27 00:00:00+00:00
[2025-03-27T07:23:52.527+0530] {logging_mixin.py:190} INFO - [2025-03-27T07:23:52.527+0530] {dag.py:4180} INFO - Setting next_dagrun for example_branch_datetime_operator_2 to 2025-03-26 00:00:00+00:00, run_after=2025-03-27 00:00:00+00:00
[2025-03-27T07:23:52.528+0530] {logging_mixin.py:190} INFO - [2025-03-27T07:23:52.528+0530] {dag.py:4180} INFO - Setting next_dagrun for example_branch_datetime_operator_3 to 2025-03-26 00:00:00+00:00, run_after=2025-03-27 00:00:00+00:00
[2025-03-27T07:23:52.533+0530] {processor.py:208} INFO - Processing /Users/uk/miniforge3/lib/python3.10/site-packages/airflow/example_dags/example_branch_datetime_operator.py took 0.063 seconds
[2025-03-27T07:26:16.885+0530] {processor.py:186} INFO - Started process (PID=15672) to work on /Users/uk/miniforge3/lib/python3.10/site-packages/airflow/example_dags/example_branch_datetime_operator.py
[2025-03-27T07:26:16.886+0530] {processor.py:914} INFO - Processing file /Users/uk/miniforge3/lib/python3.10/site-packages/airflow/example_dags/example_branch_datetime_operator.py for tasks to queue
[2025-03-27T07:26:16.886+0530] {logging_mixin.py:190} INFO - [2025-03-27T07:26:16.886+0530] {dagbag.py:588} INFO - Filling up the DagBag from /Users/uk/miniforge3/lib/python3.10/site-packages/airflow/example_dags/example_branch_datetime_operator.py
[2025-03-27T07:26:16.891+0530] {processor.py:925} INFO - DAG(s) 'example_branch_datetime_operator_3', 'example_branch_datetime_operator_2', 'example_branch_datetime_operator' retrieved from /Users/uk/miniforge3/lib/python3.10/site-packages/airflow/example_dags/example_branch_datetime_operator.py
[2025-03-27T07:26:16.932+0530] {logging_mixin.py:190} INFO - [2025-03-27T07:26:16.932+0530] {dag.py:3239} INFO - Sync 3 DAGs
[2025-03-27T07:26:16.939+0530] {logging_mixin.py:190} INFO - [2025-03-27T07:26:16.939+0530] {dag.py:4180} INFO - Setting next_dagrun for example_branch_datetime_operator to 2025-03-26 00:00:00+00:00, run_after=2025-03-27 00:00:00+00:00
[2025-03-27T07:26:16.941+0530] {logging_mixin.py:190} INFO - [2025-03-27T07:26:16.940+0530] {dag.py:4180} INFO - Setting next_dagrun for example_branch_datetime_operator_2 to 2025-03-26 00:00:00+00:00, run_after=2025-03-27 00:00:00+00:00
[2025-03-27T07:26:16.941+0530] {logging_mixin.py:190} INFO - [2025-03-27T07:26:16.941+0530] {dag.py:4180} INFO - Setting next_dagrun for example_branch_datetime_operator_3 to 2025-03-26 00:00:00+00:00, run_after=2025-03-27 00:00:00+00:00
[2025-03-27T07:26:16.947+0530] {processor.py:208} INFO - Processing /Users/uk/miniforge3/lib/python3.10/site-packages/airflow/example_dags/example_branch_datetime_operator.py took 0.063 seconds
[2025-03-27T07:28:43.903+0530] {processor.py:186} INFO - Started process (PID=15916) to work on /Users/uk/miniforge3/lib/python3.10/site-packages/airflow/example_dags/example_branch_datetime_operator.py
[2025-03-27T07:28:43.903+0530] {processor.py:914} INFO - Processing file /Users/uk/miniforge3/lib/python3.10/site-packages/airflow/example_dags/example_branch_datetime_operator.py for tasks to queue
[2025-03-27T07:28:43.904+0530] {logging_mixin.py:190} INFO - [2025-03-27T07:28:43.904+0530] {dagbag.py:588} INFO - Filling up the DagBag from /Users/uk/miniforge3/lib/python3.10/site-packages/airflow/example_dags/example_branch_datetime_operator.py
[2025-03-27T07:28:43.909+0530] {processor.py:925} INFO - DAG(s) 'example_branch_datetime_operator', 'example_branch_datetime_operator_3', 'example_branch_datetime_operator_2' retrieved from /Users/uk/miniforge3/lib/python3.10/site-packages/airflow/example_dags/example_branch_datetime_operator.py
[2025-03-27T07:28:43.950+0530] {logging_mixin.py:190} INFO - [2025-03-27T07:28:43.949+0530] {dag.py:3239} INFO - Sync 3 DAGs
[2025-03-27T07:28:43.957+0530] {logging_mixin.py:190} INFO - [2025-03-27T07:28:43.957+0530] {dag.py:4180} INFO - Setting next_dagrun for example_branch_datetime_operator to 2025-03-26 00:00:00+00:00, run_after=2025-03-27 00:00:00+00:00
[2025-03-27T07:28:43.958+0530] {logging_mixin.py:190} INFO - [2025-03-27T07:28:43.958+0530] {dag.py:4180} INFO - Setting next_dagrun for example_branch_datetime_operator_2 to 2025-03-26 00:00:00+00:00, run_after=2025-03-27 00:00:00+00:00
[2025-03-27T07:28:43.959+0530] {logging_mixin.py:190} INFO - [2025-03-27T07:28:43.959+0530] {dag.py:4180} INFO - Setting next_dagrun for example_branch_datetime_operator_3 to 2025-03-26 00:00:00+00:00, run_after=2025-03-27 00:00:00+00:00
[2025-03-27T07:28:43.966+0530] {processor.py:208} INFO - Processing /Users/uk/miniforge3/lib/python3.10/site-packages/airflow/example_dags/example_branch_datetime_operator.py took 0.064 seconds
[2025-03-27T07:31:14.686+0530] {processor.py:186} INFO - Started process (PID=16215) to work on /Users/uk/miniforge3/lib/python3.10/site-packages/airflow/example_dags/example_branch_datetime_operator.py
[2025-03-27T07:31:14.687+0530] {processor.py:914} INFO - Processing file /Users/uk/miniforge3/lib/python3.10/site-packages/airflow/example_dags/example_branch_datetime_operator.py for tasks to queue
[2025-03-27T07:31:14.687+0530] {logging_mixin.py:190} INFO - [2025-03-27T07:31:14.687+0530] {dagbag.py:588} INFO - Filling up the DagBag from /Users/uk/miniforge3/lib/python3.10/site-packages/airflow/example_dags/example_branch_datetime_operator.py
[2025-03-27T07:31:14.692+0530] {processor.py:925} INFO - DAG(s) 'example_branch_datetime_operator_3', 'example_branch_datetime_operator', 'example_branch_datetime_operator_2' retrieved from /Users/uk/miniforge3/lib/python3.10/site-packages/airflow/example_dags/example_branch_datetime_operator.py
[2025-03-27T07:31:14.732+0530] {logging_mixin.py:190} INFO - [2025-03-27T07:31:14.732+0530] {dag.py:3239} INFO - Sync 3 DAGs
[2025-03-27T07:31:14.740+0530] {logging_mixin.py:190} INFO - [2025-03-27T07:31:14.740+0530] {dag.py:4180} INFO - Setting next_dagrun for example_branch_datetime_operator to 2025-03-26 00:00:00+00:00, run_after=2025-03-27 00:00:00+00:00
[2025-03-27T07:31:14.742+0530] {logging_mixin.py:190} INFO - [2025-03-27T07:31:14.741+0530] {dag.py:4180} INFO - Setting next_dagrun for example_branch_datetime_operator_2 to 2025-03-26 00:00:00+00:00, run_after=2025-03-27 00:00:00+00:00
[2025-03-27T07:31:14.742+0530] {logging_mixin.py:190} INFO - [2025-03-27T07:31:14.742+0530] {dag.py:4180} INFO - Setting next_dagrun for example_branch_datetime_operator_3 to 2025-03-26 00:00:00+00:00, run_after=2025-03-27 00:00:00+00:00
[2025-03-27T07:31:14.748+0530] {processor.py:208} INFO - Processing /Users/uk/miniforge3/lib/python3.10/site-packages/airflow/example_dags/example_branch_datetime_operator.py took 0.063 seconds
[2025-03-27T07:33:42.979+0530] {processor.py:186} INFO - Started process (PID=16526) to work on /Users/uk/miniforge3/lib/python3.10/site-packages/airflow/example_dags/example_branch_datetime_operator.py
[2025-03-27T07:33:42.980+0530] {processor.py:914} INFO - Processing file /Users/uk/miniforge3/lib/python3.10/site-packages/airflow/example_dags/example_branch_datetime_operator.py for tasks to queue
[2025-03-27T07:33:42.980+0530] {logging_mixin.py:190} INFO - [2025-03-27T07:33:42.980+0530] {dagbag.py:588} INFO - Filling up the DagBag from /Users/uk/miniforge3/lib/python3.10/site-packages/airflow/example_dags/example_branch_datetime_operator.py
[2025-03-27T07:33:42.985+0530] {processor.py:925} INFO - DAG(s) 'example_branch_datetime_operator_3', 'example_branch_datetime_operator_2', 'example_branch_datetime_operator' retrieved from /Users/uk/miniforge3/lib/python3.10/site-packages/airflow/example_dags/example_branch_datetime_operator.py
[2025-03-27T07:33:43.025+0530] {logging_mixin.py:190} INFO - [2025-03-27T07:33:43.025+0530] {dag.py:3239} INFO - Sync 3 DAGs
[2025-03-27T07:33:43.034+0530] {logging_mixin.py:190} INFO - [2025-03-27T07:33:43.034+0530] {dag.py:4180} INFO - Setting next_dagrun for example_branch_datetime_operator to 2025-03-26 00:00:00+00:00, run_after=2025-03-27 00:00:00+00:00
[2025-03-27T07:33:43.035+0530] {logging_mixin.py:190} INFO - [2025-03-27T07:33:43.035+0530] {dag.py:4180} INFO - Setting next_dagrun for example_branch_datetime_operator_2 to 2025-03-26 00:00:00+00:00, run_after=2025-03-27 00:00:00+00:00
[2025-03-27T07:33:43.036+0530] {logging_mixin.py:190} INFO - [2025-03-27T07:33:43.036+0530] {dag.py:4180} INFO - Setting next_dagrun for example_branch_datetime_operator_3 to 2025-03-26 00:00:00+00:00, run_after=2025-03-27 00:00:00+00:00
[2025-03-27T07:33:43.043+0530] {processor.py:208} INFO - Processing /Users/uk/miniforge3/lib/python3.10/site-packages/airflow/example_dags/example_branch_datetime_operator.py took 0.065 seconds
[2025-03-27T07:36:13.100+0530] {processor.py:186} INFO - Started process (PID=16803) to work on /Users/uk/miniforge3/lib/python3.10/site-packages/airflow/example_dags/example_branch_datetime_operator.py
[2025-03-27T07:36:13.100+0530] {processor.py:914} INFO - Processing file /Users/uk/miniforge3/lib/python3.10/site-packages/airflow/example_dags/example_branch_datetime_operator.py for tasks to queue
[2025-03-27T07:36:13.101+0530] {logging_mixin.py:190} INFO - [2025-03-27T07:36:13.101+0530] {dagbag.py:588} INFO - Filling up the DagBag from /Users/uk/miniforge3/lib/python3.10/site-packages/airflow/example_dags/example_branch_datetime_operator.py
[2025-03-27T07:36:13.108+0530] {processor.py:925} INFO - DAG(s) 'example_branch_datetime_operator_3', 'example_branch_datetime_operator', 'example_branch_datetime_operator_2' retrieved from /Users/uk/miniforge3/lib/python3.10/site-packages/airflow/example_dags/example_branch_datetime_operator.py
[2025-03-27T07:36:13.175+0530] {logging_mixin.py:190} INFO - [2025-03-27T07:36:13.174+0530] {dag.py:3239} INFO - Sync 3 DAGs
[2025-03-27T07:36:13.183+0530] {logging_mixin.py:190} INFO - [2025-03-27T07:36:13.183+0530] {dag.py:4180} INFO - Setting next_dagrun for example_branch_datetime_operator to 2025-03-26 00:00:00+00:00, run_after=2025-03-27 00:00:00+00:00
[2025-03-27T07:36:13.185+0530] {logging_mixin.py:190} INFO - [2025-03-27T07:36:13.185+0530] {dag.py:4180} INFO - Setting next_dagrun for example_branch_datetime_operator_2 to 2025-03-26 00:00:00+00:00, run_after=2025-03-27 00:00:00+00:00
[2025-03-27T07:36:13.186+0530] {logging_mixin.py:190} INFO - [2025-03-27T07:36:13.186+0530] {dag.py:4180} INFO - Setting next_dagrun for example_branch_datetime_operator_3 to 2025-03-26 00:00:00+00:00, run_after=2025-03-27 00:00:00+00:00
[2025-03-27T07:36:13.192+0530] {processor.py:208} INFO - Processing /Users/uk/miniforge3/lib/python3.10/site-packages/airflow/example_dags/example_branch_datetime_operator.py took 0.097 seconds
[2025-03-27T07:40:46.578+0530] {processor.py:186} INFO - Started process (PID=17426) to work on /Users/uk/miniforge3/lib/python3.10/site-packages/airflow/example_dags/example_branch_datetime_operator.py
[2025-03-27T07:40:46.579+0530] {processor.py:914} INFO - Processing file /Users/uk/miniforge3/lib/python3.10/site-packages/airflow/example_dags/example_branch_datetime_operator.py for tasks to queue
[2025-03-27T07:40:46.579+0530] {logging_mixin.py:190} INFO - [2025-03-27T07:40:46.579+0530] {dagbag.py:588} INFO - Filling up the DagBag from /Users/uk/miniforge3/lib/python3.10/site-packages/airflow/example_dags/example_branch_datetime_operator.py
[2025-03-27T07:40:46.584+0530] {processor.py:925} INFO - DAG(s) 'example_branch_datetime_operator_2', 'example_branch_datetime_operator_3', 'example_branch_datetime_operator' retrieved from /Users/uk/miniforge3/lib/python3.10/site-packages/airflow/example_dags/example_branch_datetime_operator.py
[2025-03-27T07:40:46.654+0530] {logging_mixin.py:190} INFO - [2025-03-27T07:40:46.654+0530] {override.py:1930} INFO - Created Permission View: can edit on DAG:example_branch_datetime_operator_2
[2025-03-27T07:40:46.657+0530] {logging_mixin.py:190} INFO - [2025-03-27T07:40:46.657+0530] {override.py:1930} INFO - Created Permission View: can read on DAG:example_branch_datetime_operator_2
[2025-03-27T07:40:46.659+0530] {logging_mixin.py:190} INFO - [2025-03-27T07:40:46.659+0530] {override.py:1930} INFO - Created Permission View: can delete on DAG:example_branch_datetime_operator_2
[2025-03-27T07:40:46.662+0530] {logging_mixin.py:190} INFO - [2025-03-27T07:40:46.662+0530] {override.py:1930} INFO - Created Permission View: can create on DAG Run:example_branch_datetime_operator_2
[2025-03-27T07:40:46.664+0530] {logging_mixin.py:190} INFO - [2025-03-27T07:40:46.664+0530] {override.py:1930} INFO - Created Permission View: can read on DAG Run:example_branch_datetime_operator_2
[2025-03-27T07:40:46.666+0530] {logging_mixin.py:190} INFO - [2025-03-27T07:40:46.666+0530] {override.py:1930} INFO - Created Permission View: menu access on DAG Run:example_branch_datetime_operator_2
[2025-03-27T07:40:46.668+0530] {logging_mixin.py:190} INFO - [2025-03-27T07:40:46.668+0530] {override.py:1930} INFO - Created Permission View: can delete on DAG Run:example_branch_datetime_operator_2
[2025-03-27T07:40:46.673+0530] {logging_mixin.py:190} INFO - [2025-03-27T07:40:46.673+0530] {override.py:1930} INFO - Created Permission View: can edit on DAG:example_branch_datetime_operator_3
[2025-03-27T07:40:46.675+0530] {logging_mixin.py:190} INFO - [2025-03-27T07:40:46.675+0530] {override.py:1930} INFO - Created Permission View: can read on DAG:example_branch_datetime_operator_3
[2025-03-27T07:40:46.677+0530] {logging_mixin.py:190} INFO - [2025-03-27T07:40:46.677+0530] {override.py:1930} INFO - Created Permission View: can delete on DAG:example_branch_datetime_operator_3
[2025-03-27T07:40:46.679+0530] {logging_mixin.py:190} INFO - [2025-03-27T07:40:46.679+0530] {override.py:1930} INFO - Created Permission View: can create on DAG Run:example_branch_datetime_operator_3
[2025-03-27T07:40:46.682+0530] {logging_mixin.py:190} INFO - [2025-03-27T07:40:46.682+0530] {override.py:1930} INFO - Created Permission View: can read on DAG Run:example_branch_datetime_operator_3
[2025-03-27T07:40:46.684+0530] {logging_mixin.py:190} INFO - [2025-03-27T07:40:46.684+0530] {override.py:1930} INFO - Created Permission View: menu access on DAG Run:example_branch_datetime_operator_3
[2025-03-27T07:40:46.686+0530] {logging_mixin.py:190} INFO - [2025-03-27T07:40:46.686+0530] {override.py:1930} INFO - Created Permission View: can delete on DAG Run:example_branch_datetime_operator_3
[2025-03-27T07:40:46.690+0530] {logging_mixin.py:190} INFO - [2025-03-27T07:40:46.690+0530] {override.py:1930} INFO - Created Permission View: can edit on DAG:example_branch_datetime_operator
[2025-03-27T07:40:46.692+0530] {logging_mixin.py:190} INFO - [2025-03-27T07:40:46.692+0530] {override.py:1930} INFO - Created Permission View: can read on DAG:example_branch_datetime_operator
[2025-03-27T07:40:46.694+0530] {logging_mixin.py:190} INFO - [2025-03-27T07:40:46.694+0530] {override.py:1930} INFO - Created Permission View: can delete on DAG:example_branch_datetime_operator
[2025-03-27T07:40:46.696+0530] {logging_mixin.py:190} INFO - [2025-03-27T07:40:46.696+0530] {override.py:1930} INFO - Created Permission View: can create on DAG Run:example_branch_datetime_operator
[2025-03-27T07:40:46.698+0530] {logging_mixin.py:190} INFO - [2025-03-27T07:40:46.698+0530] {override.py:1930} INFO - Created Permission View: can read on DAG Run:example_branch_datetime_operator
[2025-03-27T07:40:46.700+0530] {logging_mixin.py:190} INFO - [2025-03-27T07:40:46.700+0530] {override.py:1930} INFO - Created Permission View: menu access on DAG Run:example_branch_datetime_operator
[2025-03-27T07:40:46.702+0530] {logging_mixin.py:190} INFO - [2025-03-27T07:40:46.702+0530] {override.py:1930} INFO - Created Permission View: can delete on DAG Run:example_branch_datetime_operator
[2025-03-27T07:40:46.702+0530] {logging_mixin.py:190} INFO - [2025-03-27T07:40:46.702+0530] {dag.py:3239} INFO - Sync 3 DAGs
[2025-03-27T07:40:46.707+0530] {logging_mixin.py:190} INFO - [2025-03-27T07:40:46.707+0530] {dag.py:3262} INFO - Creating ORM DAG for example_branch_datetime_operator_3
[2025-03-27T07:40:46.707+0530] {logging_mixin.py:190} INFO - [2025-03-27T07:40:46.707+0530] {dag.py:3262} INFO - Creating ORM DAG for example_branch_datetime_operator
[2025-03-27T07:40:46.707+0530] {logging_mixin.py:190} INFO - [2025-03-27T07:40:46.707+0530] {dag.py:3262} INFO - Creating ORM DAG for example_branch_datetime_operator_2
[2025-03-27T07:40:46.710+0530] {logging_mixin.py:190} INFO - [2025-03-27T07:40:46.710+0530] {dag.py:4180} INFO - Setting next_dagrun for example_branch_datetime_operator to 2025-03-26 00:00:00+00:00, run_after=2025-03-27 00:00:00+00:00
[2025-03-27T07:40:46.711+0530] {logging_mixin.py:190} INFO - [2025-03-27T07:40:46.711+0530] {dag.py:4180} INFO - Setting next_dagrun for example_branch_datetime_operator_2 to 2025-03-26 00:00:00+00:00, run_after=2025-03-27 00:00:00+00:00
[2025-03-27T07:40:46.712+0530] {logging_mixin.py:190} INFO - [2025-03-27T07:40:46.712+0530] {dag.py:4180} INFO - Setting next_dagrun for example_branch_datetime_operator_3 to 2025-03-26 00:00:00+00:00, run_after=2025-03-27 00:00:00+00:00
[2025-03-27T07:40:46.718+0530] {processor.py:208} INFO - Processing /Users/uk/miniforge3/lib/python3.10/site-packages/airflow/example_dags/example_branch_datetime_operator.py took 0.141 seconds
[2025-03-27T07:43:19.130+0530] {processor.py:186} INFO - Started process (PID=17767) to work on /Users/uk/miniforge3/lib/python3.10/site-packages/airflow/example_dags/example_branch_datetime_operator.py
[2025-03-27T07:43:19.130+0530] {processor.py:914} INFO - Processing file /Users/uk/miniforge3/lib/python3.10/site-packages/airflow/example_dags/example_branch_datetime_operator.py for tasks to queue
[2025-03-27T07:43:19.131+0530] {logging_mixin.py:190} INFO - [2025-03-27T07:43:19.131+0530] {dagbag.py:588} INFO - Filling up the DagBag from /Users/uk/miniforge3/lib/python3.10/site-packages/airflow/example_dags/example_branch_datetime_operator.py
[2025-03-27T07:43:19.137+0530] {processor.py:925} INFO - DAG(s) 'example_branch_datetime_operator_3', 'example_branch_datetime_operator_2', 'example_branch_datetime_operator' retrieved from /Users/uk/miniforge3/lib/python3.10/site-packages/airflow/example_dags/example_branch_datetime_operator.py
[2025-03-27T07:43:19.178+0530] {logging_mixin.py:190} INFO - [2025-03-27T07:43:19.178+0530] {dag.py:3239} INFO - Sync 3 DAGs
[2025-03-27T07:43:19.185+0530] {logging_mixin.py:190} INFO - [2025-03-27T07:43:19.185+0530] {dag.py:4180} INFO - Setting next_dagrun for example_branch_datetime_operator to 2025-03-26 00:00:00+00:00, run_after=2025-03-27 00:00:00+00:00
[2025-03-27T07:43:19.187+0530] {logging_mixin.py:190} INFO - [2025-03-27T07:43:19.187+0530] {dag.py:4180} INFO - Setting next_dagrun for example_branch_datetime_operator_2 to 2025-03-26 00:00:00+00:00, run_after=2025-03-27 00:00:00+00:00
[2025-03-27T07:43:19.188+0530] {logging_mixin.py:190} INFO - [2025-03-27T07:43:19.188+0530] {dag.py:4180} INFO - Setting next_dagrun for example_branch_datetime_operator_3 to 2025-03-26 00:00:00+00:00, run_after=2025-03-27 00:00:00+00:00
[2025-03-27T07:43:19.193+0530] {processor.py:208} INFO - Processing /Users/uk/miniforge3/lib/python3.10/site-packages/airflow/example_dags/example_branch_datetime_operator.py took 0.065 seconds
[2025-03-27T07:47:33.005+0530] {processor.py:186} INFO - Started process (PID=18379) to work on /Users/uk/miniforge3/lib/python3.10/site-packages/airflow/example_dags/example_branch_datetime_operator.py
[2025-03-27T07:47:33.005+0530] {processor.py:914} INFO - Processing file /Users/uk/miniforge3/lib/python3.10/site-packages/airflow/example_dags/example_branch_datetime_operator.py for tasks to queue
[2025-03-27T07:47:33.006+0530] {logging_mixin.py:190} INFO - [2025-03-27T07:47:33.006+0530] {dagbag.py:588} INFO - Filling up the DagBag from /Users/uk/miniforge3/lib/python3.10/site-packages/airflow/example_dags/example_branch_datetime_operator.py
[2025-03-27T07:47:33.011+0530] {processor.py:925} INFO - DAG(s) 'example_branch_datetime_operator_3', 'example_branch_datetime_operator_2', 'example_branch_datetime_operator' retrieved from /Users/uk/miniforge3/lib/python3.10/site-packages/airflow/example_dags/example_branch_datetime_operator.py
[2025-03-27T07:47:33.051+0530] {logging_mixin.py:190} INFO - [2025-03-27T07:47:33.051+0530] {dag.py:3239} INFO - Sync 3 DAGs
[2025-03-27T07:47:33.059+0530] {logging_mixin.py:190} INFO - [2025-03-27T07:47:33.058+0530] {dag.py:4180} INFO - Setting next_dagrun for example_branch_datetime_operator to 2025-03-26 00:00:00+00:00, run_after=2025-03-27 00:00:00+00:00
[2025-03-27T07:47:33.060+0530] {logging_mixin.py:190} INFO - [2025-03-27T07:47:33.060+0530] {dag.py:4180} INFO - Setting next_dagrun for example_branch_datetime_operator_2 to 2025-03-26 00:00:00+00:00, run_after=2025-03-27 00:00:00+00:00
[2025-03-27T07:47:33.061+0530] {logging_mixin.py:190} INFO - [2025-03-27T07:47:33.061+0530] {dag.py:4180} INFO - Setting next_dagrun for example_branch_datetime_operator_3 to 2025-03-26 00:00:00+00:00, run_after=2025-03-27 00:00:00+00:00
[2025-03-27T07:47:33.066+0530] {processor.py:208} INFO - Processing /Users/uk/miniforge3/lib/python3.10/site-packages/airflow/example_dags/example_branch_datetime_operator.py took 0.063 seconds
[2025-03-27T07:50:09.102+0530] {processor.py:186} INFO - Started process (PID=18643) to work on /Users/uk/miniforge3/lib/python3.10/site-packages/airflow/example_dags/example_branch_datetime_operator.py
[2025-03-27T07:50:09.103+0530] {processor.py:914} INFO - Processing file /Users/uk/miniforge3/lib/python3.10/site-packages/airflow/example_dags/example_branch_datetime_operator.py for tasks to queue
[2025-03-27T07:50:09.103+0530] {logging_mixin.py:190} INFO - [2025-03-27T07:50:09.103+0530] {dagbag.py:588} INFO - Filling up the DagBag from /Users/uk/miniforge3/lib/python3.10/site-packages/airflow/example_dags/example_branch_datetime_operator.py
[2025-03-27T07:50:09.109+0530] {processor.py:925} INFO - DAG(s) 'example_branch_datetime_operator_2', 'example_branch_datetime_operator', 'example_branch_datetime_operator_3' retrieved from /Users/uk/miniforge3/lib/python3.10/site-packages/airflow/example_dags/example_branch_datetime_operator.py
[2025-03-27T07:50:09.153+0530] {logging_mixin.py:190} INFO - [2025-03-27T07:50:09.153+0530] {dag.py:3239} INFO - Sync 3 DAGs
[2025-03-27T07:50:09.161+0530] {logging_mixin.py:190} INFO - [2025-03-27T07:50:09.161+0530] {dag.py:4180} INFO - Setting next_dagrun for example_branch_datetime_operator to 2025-03-26 00:00:00+00:00, run_after=2025-03-27 00:00:00+00:00
[2025-03-27T07:50:09.162+0530] {logging_mixin.py:190} INFO - [2025-03-27T07:50:09.162+0530] {dag.py:4180} INFO - Setting next_dagrun for example_branch_datetime_operator_2 to 2025-03-26 00:00:00+00:00, run_after=2025-03-27 00:00:00+00:00
[2025-03-27T07:50:09.163+0530] {logging_mixin.py:190} INFO - [2025-03-27T07:50:09.163+0530] {dag.py:4180} INFO - Setting next_dagrun for example_branch_datetime_operator_3 to 2025-03-26 00:00:00+00:00, run_after=2025-03-27 00:00:00+00:00
[2025-03-27T07:50:09.169+0530] {processor.py:208} INFO - Processing /Users/uk/miniforge3/lib/python3.10/site-packages/airflow/example_dags/example_branch_datetime_operator.py took 0.069 seconds
[2025-03-27T07:55:52.723+0530] {processor.py:186} INFO - Started process (PID=20380) to work on /Users/uk/miniforge3/lib/python3.10/site-packages/airflow/example_dags/example_branch_datetime_operator.py
[2025-03-27T07:55:52.724+0530] {processor.py:914} INFO - Processing file /Users/uk/miniforge3/lib/python3.10/site-packages/airflow/example_dags/example_branch_datetime_operator.py for tasks to queue
[2025-03-27T07:55:52.724+0530] {logging_mixin.py:190} INFO - [2025-03-27T07:55:52.724+0530] {dagbag.py:588} INFO - Filling up the DagBag from /Users/uk/miniforge3/lib/python3.10/site-packages/airflow/example_dags/example_branch_datetime_operator.py
[2025-03-27T07:55:52.729+0530] {processor.py:925} INFO - DAG(s) 'example_branch_datetime_operator', 'example_branch_datetime_operator_3', 'example_branch_datetime_operator_2' retrieved from /Users/uk/miniforge3/lib/python3.10/site-packages/airflow/example_dags/example_branch_datetime_operator.py
[2025-03-27T07:55:52.770+0530] {logging_mixin.py:190} INFO - [2025-03-27T07:55:52.770+0530] {dag.py:3239} INFO - Sync 3 DAGs
[2025-03-27T07:55:52.777+0530] {logging_mixin.py:190} INFO - [2025-03-27T07:55:52.777+0530] {dag.py:4180} INFO - Setting next_dagrun for example_branch_datetime_operator to 2025-03-26 00:00:00+00:00, run_after=2025-03-27 00:00:00+00:00
[2025-03-27T07:55:52.779+0530] {logging_mixin.py:190} INFO - [2025-03-27T07:55:52.779+0530] {dag.py:4180} INFO - Setting next_dagrun for example_branch_datetime_operator_2 to 2025-03-26 00:00:00+00:00, run_after=2025-03-27 00:00:00+00:00
[2025-03-27T07:55:52.780+0530] {logging_mixin.py:190} INFO - [2025-03-27T07:55:52.780+0530] {dag.py:4180} INFO - Setting next_dagrun for example_branch_datetime_operator_3 to 2025-03-26 00:00:00+00:00, run_after=2025-03-27 00:00:00+00:00
[2025-03-27T07:55:52.786+0530] {processor.py:208} INFO - Processing /Users/uk/miniforge3/lib/python3.10/site-packages/airflow/example_dags/example_branch_datetime_operator.py took 0.064 seconds
[2025-03-27T07:58:26.154+0530] {processor.py:186} INFO - Started process (PID=20681) to work on /Users/uk/miniforge3/lib/python3.10/site-packages/airflow/example_dags/example_branch_datetime_operator.py
[2025-03-27T07:58:26.157+0530] {processor.py:914} INFO - Processing file /Users/uk/miniforge3/lib/python3.10/site-packages/airflow/example_dags/example_branch_datetime_operator.py for tasks to queue
[2025-03-27T07:58:26.158+0530] {logging_mixin.py:190} INFO - [2025-03-27T07:58:26.158+0530] {dagbag.py:588} INFO - Filling up the DagBag from /Users/uk/miniforge3/lib/python3.10/site-packages/airflow/example_dags/example_branch_datetime_operator.py
[2025-03-27T07:58:26.163+0530] {processor.py:925} INFO - DAG(s) 'example_branch_datetime_operator', 'example_branch_datetime_operator_3', 'example_branch_datetime_operator_2' retrieved from /Users/uk/miniforge3/lib/python3.10/site-packages/airflow/example_dags/example_branch_datetime_operator.py
[2025-03-27T07:58:26.204+0530] {logging_mixin.py:190} INFO - [2025-03-27T07:58:26.204+0530] {dag.py:3239} INFO - Sync 3 DAGs
[2025-03-27T07:58:26.211+0530] {logging_mixin.py:190} INFO - [2025-03-27T07:58:26.211+0530] {dag.py:4180} INFO - Setting next_dagrun for example_branch_datetime_operator to 2025-03-26 00:00:00+00:00, run_after=2025-03-27 00:00:00+00:00
[2025-03-27T07:58:26.213+0530] {logging_mixin.py:190} INFO - [2025-03-27T07:58:26.213+0530] {dag.py:4180} INFO - Setting next_dagrun for example_branch_datetime_operator_2 to 2025-03-26 00:00:00+00:00, run_after=2025-03-27 00:00:00+00:00
[2025-03-27T07:58:26.214+0530] {logging_mixin.py:190} INFO - [2025-03-27T07:58:26.213+0530] {dag.py:4180} INFO - Setting next_dagrun for example_branch_datetime_operator_3 to 2025-03-26 00:00:00+00:00, run_after=2025-03-27 00:00:00+00:00
[2025-03-27T07:58:26.219+0530] {processor.py:208} INFO - Processing /Users/uk/miniforge3/lib/python3.10/site-packages/airflow/example_dags/example_branch_datetime_operator.py took 0.066 seconds
[2025-03-27T08:00:57.092+0530] {processor.py:186} INFO - Started process (PID=20967) to work on /Users/uk/miniforge3/lib/python3.10/site-packages/airflow/example_dags/example_branch_datetime_operator.py
[2025-03-27T08:00:57.093+0530] {processor.py:914} INFO - Processing file /Users/uk/miniforge3/lib/python3.10/site-packages/airflow/example_dags/example_branch_datetime_operator.py for tasks to queue
[2025-03-27T08:00:57.093+0530] {logging_mixin.py:190} INFO - [2025-03-27T08:00:57.093+0530] {dagbag.py:588} INFO - Filling up the DagBag from /Users/uk/miniforge3/lib/python3.10/site-packages/airflow/example_dags/example_branch_datetime_operator.py
[2025-03-27T08:00:57.098+0530] {processor.py:925} INFO - DAG(s) 'example_branch_datetime_operator_3', 'example_branch_datetime_operator_2', 'example_branch_datetime_operator' retrieved from /Users/uk/miniforge3/lib/python3.10/site-packages/airflow/example_dags/example_branch_datetime_operator.py
[2025-03-27T08:00:57.140+0530] {logging_mixin.py:190} INFO - [2025-03-27T08:00:57.139+0530] {dag.py:3239} INFO - Sync 3 DAGs
[2025-03-27T08:00:57.147+0530] {logging_mixin.py:190} INFO - [2025-03-27T08:00:57.147+0530] {dag.py:4180} INFO - Setting next_dagrun for example_branch_datetime_operator to 2025-03-26 00:00:00+00:00, run_after=2025-03-27 00:00:00+00:00
[2025-03-27T08:00:57.148+0530] {logging_mixin.py:190} INFO - [2025-03-27T08:00:57.148+0530] {dag.py:4180} INFO - Setting next_dagrun for example_branch_datetime_operator_2 to 2025-03-26 00:00:00+00:00, run_after=2025-03-27 00:00:00+00:00
[2025-03-27T08:00:57.149+0530] {logging_mixin.py:190} INFO - [2025-03-27T08:00:57.149+0530] {dag.py:4180} INFO - Setting next_dagrun for example_branch_datetime_operator_3 to 2025-03-26 00:00:00+00:00, run_after=2025-03-27 00:00:00+00:00
[2025-03-27T08:00:57.155+0530] {processor.py:208} INFO - Processing /Users/uk/miniforge3/lib/python3.10/site-packages/airflow/example_dags/example_branch_datetime_operator.py took 0.064 seconds
[2025-03-27T08:03:31.189+0530] {processor.py:186} INFO - Started process (PID=21283) to work on /Users/uk/miniforge3/lib/python3.10/site-packages/airflow/example_dags/example_branch_datetime_operator.py
[2025-03-27T08:03:31.189+0530] {processor.py:914} INFO - Processing file /Users/uk/miniforge3/lib/python3.10/site-packages/airflow/example_dags/example_branch_datetime_operator.py for tasks to queue
[2025-03-27T08:03:31.190+0530] {logging_mixin.py:190} INFO - [2025-03-27T08:03:31.190+0530] {dagbag.py:588} INFO - Filling up the DagBag from /Users/uk/miniforge3/lib/python3.10/site-packages/airflow/example_dags/example_branch_datetime_operator.py
[2025-03-27T08:03:31.195+0530] {processor.py:925} INFO - DAG(s) 'example_branch_datetime_operator_2', 'example_branch_datetime_operator_3', 'example_branch_datetime_operator' retrieved from /Users/uk/miniforge3/lib/python3.10/site-packages/airflow/example_dags/example_branch_datetime_operator.py
[2025-03-27T08:03:31.239+0530] {logging_mixin.py:190} INFO - [2025-03-27T08:03:31.239+0530] {dag.py:3239} INFO - Sync 3 DAGs
[2025-03-27T08:03:31.247+0530] {logging_mixin.py:190} INFO - [2025-03-27T08:03:31.247+0530] {dag.py:4180} INFO - Setting next_dagrun for example_branch_datetime_operator to 2025-03-26 00:00:00+00:00, run_after=2025-03-27 00:00:00+00:00
[2025-03-27T08:03:31.249+0530] {logging_mixin.py:190} INFO - [2025-03-27T08:03:31.249+0530] {dag.py:4180} INFO - Setting next_dagrun for example_branch_datetime_operator_2 to 2025-03-26 00:00:00+00:00, run_after=2025-03-27 00:00:00+00:00
[2025-03-27T08:03:31.250+0530] {logging_mixin.py:190} INFO - [2025-03-27T08:03:31.250+0530] {dag.py:4180} INFO - Setting next_dagrun for example_branch_datetime_operator_3 to 2025-03-26 00:00:00+00:00, run_after=2025-03-27 00:00:00+00:00
[2025-03-27T08:03:31.256+0530] {processor.py:208} INFO - Processing /Users/uk/miniforge3/lib/python3.10/site-packages/airflow/example_dags/example_branch_datetime_operator.py took 0.069 seconds
[2025-03-27T08:05:59.214+0530] {processor.py:186} INFO - Started process (PID=21545) to work on /Users/uk/miniforge3/lib/python3.10/site-packages/airflow/example_dags/example_branch_datetime_operator.py
[2025-03-27T08:05:59.216+0530] {processor.py:914} INFO - Processing file /Users/uk/miniforge3/lib/python3.10/site-packages/airflow/example_dags/example_branch_datetime_operator.py for tasks to queue
[2025-03-27T08:05:59.216+0530] {logging_mixin.py:190} INFO - [2025-03-27T08:05:59.216+0530] {dagbag.py:588} INFO - Filling up the DagBag from /Users/uk/miniforge3/lib/python3.10/site-packages/airflow/example_dags/example_branch_datetime_operator.py
[2025-03-27T08:05:59.222+0530] {processor.py:925} INFO - DAG(s) 'example_branch_datetime_operator_3', 'example_branch_datetime_operator_2', 'example_branch_datetime_operator' retrieved from /Users/uk/miniforge3/lib/python3.10/site-packages/airflow/example_dags/example_branch_datetime_operator.py
[2025-03-27T08:05:59.266+0530] {logging_mixin.py:190} INFO - [2025-03-27T08:05:59.266+0530] {dag.py:3239} INFO - Sync 3 DAGs
[2025-03-27T08:05:59.274+0530] {logging_mixin.py:190} INFO - [2025-03-27T08:05:59.274+0530] {dag.py:4180} INFO - Setting next_dagrun for example_branch_datetime_operator to 2025-03-26 00:00:00+00:00, run_after=2025-03-27 00:00:00+00:00
[2025-03-27T08:05:59.275+0530] {logging_mixin.py:190} INFO - [2025-03-27T08:05:59.275+0530] {dag.py:4180} INFO - Setting next_dagrun for example_branch_datetime_operator_2 to 2025-03-26 00:00:00+00:00, run_after=2025-03-27 00:00:00+00:00
[2025-03-27T08:05:59.276+0530] {logging_mixin.py:190} INFO - [2025-03-27T08:05:59.276+0530] {dag.py:4180} INFO - Setting next_dagrun for example_branch_datetime_operator_3 to 2025-03-26 00:00:00+00:00, run_after=2025-03-27 00:00:00+00:00
[2025-03-27T08:05:59.282+0530] {processor.py:208} INFO - Processing /Users/uk/miniforge3/lib/python3.10/site-packages/airflow/example_dags/example_branch_datetime_operator.py took 0.069 seconds
[2025-03-27T08:08:40.218+0530] {processor.py:186} INFO - Started process (PID=21874) to work on /Users/uk/miniforge3/lib/python3.10/site-packages/airflow/example_dags/example_branch_datetime_operator.py
[2025-03-27T08:08:40.219+0530] {processor.py:914} INFO - Processing file /Users/uk/miniforge3/lib/python3.10/site-packages/airflow/example_dags/example_branch_datetime_operator.py for tasks to queue
[2025-03-27T08:08:40.219+0530] {logging_mixin.py:190} INFO - [2025-03-27T08:08:40.219+0530] {dagbag.py:588} INFO - Filling up the DagBag from /Users/uk/miniforge3/lib/python3.10/site-packages/airflow/example_dags/example_branch_datetime_operator.py
[2025-03-27T08:08:40.227+0530] {processor.py:925} INFO - DAG(s) 'example_branch_datetime_operator', 'example_branch_datetime_operator_3', 'example_branch_datetime_operator_2' retrieved from /Users/uk/miniforge3/lib/python3.10/site-packages/airflow/example_dags/example_branch_datetime_operator.py
[2025-03-27T08:08:40.285+0530] {logging_mixin.py:190} INFO - [2025-03-27T08:08:40.284+0530] {dag.py:3239} INFO - Sync 3 DAGs
[2025-03-27T08:08:40.292+0530] {logging_mixin.py:190} INFO - [2025-03-27T08:08:40.292+0530] {dag.py:4180} INFO - Setting next_dagrun for example_branch_datetime_operator to 2025-03-26 00:00:00+00:00, run_after=2025-03-27 00:00:00+00:00
[2025-03-27T08:08:40.294+0530] {logging_mixin.py:190} INFO - [2025-03-27T08:08:40.294+0530] {dag.py:4180} INFO - Setting next_dagrun for example_branch_datetime_operator_2 to 2025-03-26 00:00:00+00:00, run_after=2025-03-27 00:00:00+00:00
[2025-03-27T08:08:40.295+0530] {logging_mixin.py:190} INFO - [2025-03-27T08:08:40.295+0530] {dag.py:4180} INFO - Setting next_dagrun for example_branch_datetime_operator_3 to 2025-03-26 00:00:00+00:00, run_after=2025-03-27 00:00:00+00:00
[2025-03-27T08:08:40.301+0530] {processor.py:208} INFO - Processing /Users/uk/miniforge3/lib/python3.10/site-packages/airflow/example_dags/example_branch_datetime_operator.py took 0.085 seconds
[2025-03-27T08:11:13.424+0530] {processor.py:186} INFO - Started process (PID=22150) to work on /Users/uk/miniforge3/lib/python3.10/site-packages/airflow/example_dags/example_branch_datetime_operator.py
[2025-03-27T08:11:13.425+0530] {processor.py:914} INFO - Processing file /Users/uk/miniforge3/lib/python3.10/site-packages/airflow/example_dags/example_branch_datetime_operator.py for tasks to queue
[2025-03-27T08:11:13.426+0530] {logging_mixin.py:190} INFO - [2025-03-27T08:11:13.426+0530] {dagbag.py:588} INFO - Filling up the DagBag from /Users/uk/miniforge3/lib/python3.10/site-packages/airflow/example_dags/example_branch_datetime_operator.py
[2025-03-27T08:11:13.431+0530] {processor.py:925} INFO - DAG(s) 'example_branch_datetime_operator', 'example_branch_datetime_operator_3', 'example_branch_datetime_operator_2' retrieved from /Users/uk/miniforge3/lib/python3.10/site-packages/airflow/example_dags/example_branch_datetime_operator.py
[2025-03-27T08:11:13.474+0530] {logging_mixin.py:190} INFO - [2025-03-27T08:11:13.474+0530] {dag.py:3239} INFO - Sync 3 DAGs
[2025-03-27T08:11:13.481+0530] {logging_mixin.py:190} INFO - [2025-03-27T08:11:13.481+0530] {dag.py:4180} INFO - Setting next_dagrun for example_branch_datetime_operator to 2025-03-26 00:00:00+00:00, run_after=2025-03-27 00:00:00+00:00
[2025-03-27T08:11:13.483+0530] {logging_mixin.py:190} INFO - [2025-03-27T08:11:13.483+0530] {dag.py:4180} INFO - Setting next_dagrun for example_branch_datetime_operator_2 to 2025-03-26 00:00:00+00:00, run_after=2025-03-27 00:00:00+00:00
[2025-03-27T08:11:13.484+0530] {logging_mixin.py:190} INFO - [2025-03-27T08:11:13.484+0530] {dag.py:4180} INFO - Setting next_dagrun for example_branch_datetime_operator_3 to 2025-03-26 00:00:00+00:00, run_after=2025-03-27 00:00:00+00:00
[2025-03-27T08:11:13.490+0530] {processor.py:208} INFO - Processing /Users/uk/miniforge3/lib/python3.10/site-packages/airflow/example_dags/example_branch_datetime_operator.py took 0.066 seconds
