[2025-03-27T07:06:29.146+0530] {processor.py:186} INFO - Started process (PID=13156) to work on /Users/uk/miniforge3/lib/python3.10/site-packages/airflow/example_dags/example_trigger_controller_dag.py
[2025-03-27T07:06:29.147+0530] {processor.py:914} INFO - Processing file /Users/uk/miniforge3/lib/python3.10/site-packages/airflow/example_dags/example_trigger_controller_dag.py for tasks to queue
[2025-03-27T07:06:29.148+0530] {logging_mixin.py:190} INFO - [2025-03-27T07:06:29.148+0530] {dagbag.py:588} INFO - Filling up the DagBag from /Users/uk/miniforge3/lib/python3.10/site-packages/airflow/example_dags/example_trigger_controller_dag.py
[2025-03-27T07:06:29.163+0530] {processor.py:925} INFO - DAG(s) 'example_trigger_controller_dag' retrieved from /Users/uk/miniforge3/lib/python3.10/site-packages/airflow/example_dags/example_trigger_controller_dag.py
[2025-03-27T07:06:29.280+0530] {logging_mixin.py:190} INFO - [2025-03-27T07:06:29.280+0530] {dag.py:3239} INFO - Sync 1 DAGs
[2025-03-27T07:06:29.292+0530] {logging_mixin.py:190} INFO - [2025-03-27T07:06:29.292+0530] {dag.py:4180} INFO - Setting next_dagrun for example_trigger_controller_dag to 2021-01-01 00:00:00+00:00, run_after=2021-01-01 00:00:00+00:00
[2025-03-27T07:06:29.309+0530] {processor.py:208} INFO - Processing /Users/uk/miniforge3/lib/python3.10/site-packages/airflow/example_dags/example_trigger_controller_dag.py took 0.165 seconds
[2025-03-27T07:08:01.445+0530] {processor.py:186} INFO - Started process (PID=13474) to work on /Users/uk/miniforge3/lib/python3.10/site-packages/airflow/example_dags/example_trigger_controller_dag.py
[2025-03-27T07:08:01.445+0530] {processor.py:914} INFO - Processing file /Users/uk/miniforge3/lib/python3.10/site-packages/airflow/example_dags/example_trigger_controller_dag.py for tasks to queue
[2025-03-27T07:08:01.446+0530] {logging_mixin.py:190} INFO - [2025-03-27T07:08:01.446+0530] {dagbag.py:588} INFO - Filling up the DagBag from /Users/uk/miniforge3/lib/python3.10/site-packages/airflow/example_dags/example_trigger_controller_dag.py
[2025-03-27T07:08:01.450+0530] {processor.py:925} INFO - DAG(s) 'example_trigger_controller_dag' retrieved from /Users/uk/miniforge3/lib/python3.10/site-packages/airflow/example_dags/example_trigger_controller_dag.py
[2025-03-27T07:08:01.491+0530] {logging_mixin.py:190} INFO - [2025-03-27T07:08:01.491+0530] {dag.py:3239} INFO - Sync 1 DAGs
[2025-03-27T07:08:01.500+0530] {logging_mixin.py:190} INFO - [2025-03-27T07:08:01.500+0530] {dag.py:4180} INFO - Setting next_dagrun for example_trigger_controller_dag to 2021-01-01 00:00:00+00:00, run_after=2021-01-01 00:00:00+00:00
[2025-03-27T07:08:01.508+0530] {processor.py:208} INFO - Processing /Users/uk/miniforge3/lib/python3.10/site-packages/airflow/example_dags/example_trigger_controller_dag.py took 0.065 seconds
[2025-03-27T07:09:19.537+0530] {processor.py:186} INFO - Started process (PID=13608) to work on /Users/uk/miniforge3/lib/python3.10/site-packages/airflow/example_dags/example_trigger_controller_dag.py
[2025-03-27T07:09:19.539+0530] {processor.py:914} INFO - Processing file /Users/uk/miniforge3/lib/python3.10/site-packages/airflow/example_dags/example_trigger_controller_dag.py for tasks to queue
[2025-03-27T07:09:19.540+0530] {logging_mixin.py:190} INFO - [2025-03-27T07:09:19.539+0530] {dagbag.py:588} INFO - Filling up the DagBag from /Users/uk/miniforge3/lib/python3.10/site-packages/airflow/example_dags/example_trigger_controller_dag.py
[2025-03-27T07:09:19.546+0530] {processor.py:925} INFO - DAG(s) 'example_trigger_controller_dag' retrieved from /Users/uk/miniforge3/lib/python3.10/site-packages/airflow/example_dags/example_trigger_controller_dag.py
[2025-03-27T07:09:19.604+0530] {logging_mixin.py:190} INFO - [2025-03-27T07:09:19.604+0530] {dag.py:3239} INFO - Sync 1 DAGs
[2025-03-27T07:09:19.615+0530] {logging_mixin.py:190} INFO - [2025-03-27T07:09:19.615+0530] {dag.py:4180} INFO - Setting next_dagrun for example_trigger_controller_dag to 2021-01-01 00:00:00+00:00, run_after=2021-01-01 00:00:00+00:00
[2025-03-27T07:09:19.625+0530] {processor.py:208} INFO - Processing /Users/uk/miniforge3/lib/python3.10/site-packages/airflow/example_dags/example_trigger_controller_dag.py took 0.092 seconds
[2025-03-27T07:10:51.856+0530] {processor.py:186} INFO - Started process (PID=13779) to work on /Users/uk/miniforge3/lib/python3.10/site-packages/airflow/example_dags/example_trigger_controller_dag.py
[2025-03-27T07:10:51.857+0530] {processor.py:914} INFO - Processing file /Users/uk/miniforge3/lib/python3.10/site-packages/airflow/example_dags/example_trigger_controller_dag.py for tasks to queue
[2025-03-27T07:10:51.857+0530] {logging_mixin.py:190} INFO - [2025-03-27T07:10:51.857+0530] {dagbag.py:588} INFO - Filling up the DagBag from /Users/uk/miniforge3/lib/python3.10/site-packages/airflow/example_dags/example_trigger_controller_dag.py
[2025-03-27T07:10:51.861+0530] {processor.py:925} INFO - DAG(s) 'example_trigger_controller_dag' retrieved from /Users/uk/miniforge3/lib/python3.10/site-packages/airflow/example_dags/example_trigger_controller_dag.py
[2025-03-27T07:10:51.902+0530] {logging_mixin.py:190} INFO - [2025-03-27T07:10:51.902+0530] {dag.py:3239} INFO - Sync 1 DAGs
[2025-03-27T07:10:51.908+0530] {logging_mixin.py:190} INFO - [2025-03-27T07:10:51.908+0530] {dag.py:4180} INFO - Setting next_dagrun for example_trigger_controller_dag to 2021-01-01 00:00:00+00:00, run_after=2021-01-01 00:00:00+00:00
[2025-03-27T07:10:51.916+0530] {processor.py:208} INFO - Processing /Users/uk/miniforge3/lib/python3.10/site-packages/airflow/example_dags/example_trigger_controller_dag.py took 0.061 seconds
[2025-03-27T07:12:14.209+0530] {processor.py:186} INFO - Started process (PID=13914) to work on /Users/uk/miniforge3/lib/python3.10/site-packages/airflow/example_dags/example_trigger_controller_dag.py
[2025-03-27T07:12:14.210+0530] {processor.py:914} INFO - Processing file /Users/uk/miniforge3/lib/python3.10/site-packages/airflow/example_dags/example_trigger_controller_dag.py for tasks to queue
[2025-03-27T07:12:14.210+0530] {logging_mixin.py:190} INFO - [2025-03-27T07:12:14.210+0530] {dagbag.py:588} INFO - Filling up the DagBag from /Users/uk/miniforge3/lib/python3.10/site-packages/airflow/example_dags/example_trigger_controller_dag.py
[2025-03-27T07:12:14.214+0530] {processor.py:925} INFO - DAG(s) 'example_trigger_controller_dag' retrieved from /Users/uk/miniforge3/lib/python3.10/site-packages/airflow/example_dags/example_trigger_controller_dag.py
[2025-03-27T07:12:14.253+0530] {logging_mixin.py:190} INFO - [2025-03-27T07:12:14.253+0530] {dag.py:3239} INFO - Sync 1 DAGs
[2025-03-27T07:12:14.260+0530] {logging_mixin.py:190} INFO - [2025-03-27T07:12:14.260+0530] {dag.py:4180} INFO - Setting next_dagrun for example_trigger_controller_dag to 2021-01-01 00:00:00+00:00, run_after=2021-01-01 00:00:00+00:00
[2025-03-27T07:12:14.267+0530] {processor.py:208} INFO - Processing /Users/uk/miniforge3/lib/python3.10/site-packages/airflow/example_dags/example_trigger_controller_dag.py took 0.059 seconds
[2025-03-27T07:13:28.345+0530] {processor.py:186} INFO - Started process (PID=14042) to work on /Users/uk/miniforge3/lib/python3.10/site-packages/airflow/example_dags/example_trigger_controller_dag.py
[2025-03-27T07:13:28.346+0530] {processor.py:914} INFO - Processing file /Users/uk/miniforge3/lib/python3.10/site-packages/airflow/example_dags/example_trigger_controller_dag.py for tasks to queue
[2025-03-27T07:13:28.346+0530] {logging_mixin.py:190} INFO - [2025-03-27T07:13:28.346+0530] {dagbag.py:588} INFO - Filling up the DagBag from /Users/uk/miniforge3/lib/python3.10/site-packages/airflow/example_dags/example_trigger_controller_dag.py
[2025-03-27T07:13:28.351+0530] {processor.py:925} INFO - DAG(s) 'example_trigger_controller_dag' retrieved from /Users/uk/miniforge3/lib/python3.10/site-packages/airflow/example_dags/example_trigger_controller_dag.py
[2025-03-27T07:13:28.388+0530] {logging_mixin.py:190} INFO - [2025-03-27T07:13:28.388+0530] {dag.py:3239} INFO - Sync 1 DAGs
[2025-03-27T07:13:28.395+0530] {logging_mixin.py:190} INFO - [2025-03-27T07:13:28.395+0530] {dag.py:4180} INFO - Setting next_dagrun for example_trigger_controller_dag to 2021-01-01 00:00:00+00:00, run_after=2021-01-01 00:00:00+00:00
[2025-03-27T07:13:28.401+0530] {processor.py:208} INFO - Processing /Users/uk/miniforge3/lib/python3.10/site-packages/airflow/example_dags/example_trigger_controller_dag.py took 0.058 seconds
[2025-03-27T07:14:44.182+0530] {processor.py:186} INFO - Started process (PID=14175) to work on /Users/uk/miniforge3/lib/python3.10/site-packages/airflow/example_dags/example_trigger_controller_dag.py
[2025-03-27T07:14:44.183+0530] {processor.py:914} INFO - Processing file /Users/uk/miniforge3/lib/python3.10/site-packages/airflow/example_dags/example_trigger_controller_dag.py for tasks to queue
[2025-03-27T07:14:44.183+0530] {logging_mixin.py:190} INFO - [2025-03-27T07:14:44.183+0530] {dagbag.py:588} INFO - Filling up the DagBag from /Users/uk/miniforge3/lib/python3.10/site-packages/airflow/example_dags/example_trigger_controller_dag.py
[2025-03-27T07:14:44.187+0530] {processor.py:925} INFO - DAG(s) 'example_trigger_controller_dag' retrieved from /Users/uk/miniforge3/lib/python3.10/site-packages/airflow/example_dags/example_trigger_controller_dag.py
[2025-03-27T07:14:44.224+0530] {logging_mixin.py:190} INFO - [2025-03-27T07:14:44.224+0530] {dag.py:3239} INFO - Sync 1 DAGs
[2025-03-27T07:14:44.230+0530] {logging_mixin.py:190} INFO - [2025-03-27T07:14:44.230+0530] {dag.py:4180} INFO - Setting next_dagrun for example_trigger_controller_dag to 2021-01-01 00:00:00+00:00, run_after=2021-01-01 00:00:00+00:00
[2025-03-27T07:14:44.237+0530] {processor.py:208} INFO - Processing /Users/uk/miniforge3/lib/python3.10/site-packages/airflow/example_dags/example_trigger_controller_dag.py took 0.056 seconds
[2025-03-27T07:16:02.022+0530] {processor.py:186} INFO - Started process (PID=14309) to work on /Users/uk/miniforge3/lib/python3.10/site-packages/airflow/example_dags/example_trigger_controller_dag.py
[2025-03-27T07:16:02.022+0530] {processor.py:914} INFO - Processing file /Users/uk/miniforge3/lib/python3.10/site-packages/airflow/example_dags/example_trigger_controller_dag.py for tasks to queue
[2025-03-27T07:16:02.023+0530] {logging_mixin.py:190} INFO - [2025-03-27T07:16:02.023+0530] {dagbag.py:588} INFO - Filling up the DagBag from /Users/uk/miniforge3/lib/python3.10/site-packages/airflow/example_dags/example_trigger_controller_dag.py
[2025-03-27T07:16:02.027+0530] {processor.py:925} INFO - DAG(s) 'example_trigger_controller_dag' retrieved from /Users/uk/miniforge3/lib/python3.10/site-packages/airflow/example_dags/example_trigger_controller_dag.py
[2025-03-27T07:16:02.064+0530] {logging_mixin.py:190} INFO - [2025-03-27T07:16:02.064+0530] {dag.py:3239} INFO - Sync 1 DAGs
[2025-03-27T07:16:02.071+0530] {logging_mixin.py:190} INFO - [2025-03-27T07:16:02.071+0530] {dag.py:4180} INFO - Setting next_dagrun for example_trigger_controller_dag to 2021-01-01 00:00:00+00:00, run_after=2021-01-01 00:00:00+00:00
[2025-03-27T07:16:02.077+0530] {processor.py:208} INFO - Processing /Users/uk/miniforge3/lib/python3.10/site-packages/airflow/example_dags/example_trigger_controller_dag.py took 0.057 seconds
[2025-03-27T07:17:14.759+0530] {processor.py:186} INFO - Started process (PID=14426) to work on /Users/uk/miniforge3/lib/python3.10/site-packages/airflow/example_dags/example_trigger_controller_dag.py
[2025-03-27T07:17:14.759+0530] {processor.py:914} INFO - Processing file /Users/uk/miniforge3/lib/python3.10/site-packages/airflow/example_dags/example_trigger_controller_dag.py for tasks to queue
[2025-03-27T07:17:14.760+0530] {logging_mixin.py:190} INFO - [2025-03-27T07:17:14.760+0530] {dagbag.py:588} INFO - Filling up the DagBag from /Users/uk/miniforge3/lib/python3.10/site-packages/airflow/example_dags/example_trigger_controller_dag.py
[2025-03-27T07:17:14.764+0530] {processor.py:925} INFO - DAG(s) 'example_trigger_controller_dag' retrieved from /Users/uk/miniforge3/lib/python3.10/site-packages/airflow/example_dags/example_trigger_controller_dag.py
[2025-03-27T07:17:14.800+0530] {logging_mixin.py:190} INFO - [2025-03-27T07:17:14.800+0530] {dag.py:3239} INFO - Sync 1 DAGs
[2025-03-27T07:17:14.807+0530] {logging_mixin.py:190} INFO - [2025-03-27T07:17:14.807+0530] {dag.py:4180} INFO - Setting next_dagrun for example_trigger_controller_dag to 2021-01-01 00:00:00+00:00, run_after=2021-01-01 00:00:00+00:00
[2025-03-27T07:17:14.813+0530] {processor.py:208} INFO - Processing /Users/uk/miniforge3/lib/python3.10/site-packages/airflow/example_dags/example_trigger_controller_dag.py took 0.056 seconds
[2025-03-27T07:18:28.795+0530] {processor.py:186} INFO - Started process (PID=14553) to work on /Users/uk/miniforge3/lib/python3.10/site-packages/airflow/example_dags/example_trigger_controller_dag.py
[2025-03-27T07:18:28.796+0530] {processor.py:914} INFO - Processing file /Users/uk/miniforge3/lib/python3.10/site-packages/airflow/example_dags/example_trigger_controller_dag.py for tasks to queue
[2025-03-27T07:18:28.796+0530] {logging_mixin.py:190} INFO - [2025-03-27T07:18:28.796+0530] {dagbag.py:588} INFO - Filling up the DagBag from /Users/uk/miniforge3/lib/python3.10/site-packages/airflow/example_dags/example_trigger_controller_dag.py
[2025-03-27T07:18:28.800+0530] {processor.py:925} INFO - DAG(s) 'example_trigger_controller_dag' retrieved from /Users/uk/miniforge3/lib/python3.10/site-packages/airflow/example_dags/example_trigger_controller_dag.py
[2025-03-27T07:18:28.837+0530] {logging_mixin.py:190} INFO - [2025-03-27T07:18:28.837+0530] {dag.py:3239} INFO - Sync 1 DAGs
[2025-03-27T07:18:28.844+0530] {logging_mixin.py:190} INFO - [2025-03-27T07:18:28.843+0530] {dag.py:4180} INFO - Setting next_dagrun for example_trigger_controller_dag to 2021-01-01 00:00:00+00:00, run_after=2021-01-01 00:00:00+00:00
[2025-03-27T07:18:28.849+0530] {processor.py:208} INFO - Processing /Users/uk/miniforge3/lib/python3.10/site-packages/airflow/example_dags/example_trigger_controller_dag.py took 0.055 seconds
[2025-03-27T07:19:39.802+0530] {processor.py:186} INFO - Started process (PID=14918) to work on /Users/uk/miniforge3/lib/python3.10/site-packages/airflow/example_dags/example_trigger_controller_dag.py
[2025-03-27T07:19:39.803+0530] {processor.py:914} INFO - Processing file /Users/uk/miniforge3/lib/python3.10/site-packages/airflow/example_dags/example_trigger_controller_dag.py for tasks to queue
[2025-03-27T07:19:39.804+0530] {logging_mixin.py:190} INFO - [2025-03-27T07:19:39.803+0530] {dagbag.py:588} INFO - Filling up the DagBag from /Users/uk/miniforge3/lib/python3.10/site-packages/airflow/example_dags/example_trigger_controller_dag.py
[2025-03-27T07:19:39.808+0530] {processor.py:925} INFO - DAG(s) 'example_trigger_controller_dag' retrieved from /Users/uk/miniforge3/lib/python3.10/site-packages/airflow/example_dags/example_trigger_controller_dag.py
[2025-03-27T07:19:39.847+0530] {logging_mixin.py:190} INFO - [2025-03-27T07:19:39.847+0530] {dag.py:3239} INFO - Sync 1 DAGs
[2025-03-27T07:19:39.854+0530] {logging_mixin.py:190} INFO - [2025-03-27T07:19:39.854+0530] {dag.py:4180} INFO - Setting next_dagrun for example_trigger_controller_dag to 2021-01-01 00:00:00+00:00, run_after=2021-01-01 00:00:00+00:00
[2025-03-27T07:19:39.860+0530] {processor.py:208} INFO - Processing /Users/uk/miniforge3/lib/python3.10/site-packages/airflow/example_dags/example_trigger_controller_dag.py took 0.060 seconds
[2025-03-27T07:20:51.920+0530] {processor.py:186} INFO - Started process (PID=15075) to work on /Users/uk/miniforge3/lib/python3.10/site-packages/airflow/example_dags/example_trigger_controller_dag.py
[2025-03-27T07:20:51.920+0530] {processor.py:914} INFO - Processing file /Users/uk/miniforge3/lib/python3.10/site-packages/airflow/example_dags/example_trigger_controller_dag.py for tasks to queue
[2025-03-27T07:20:51.921+0530] {logging_mixin.py:190} INFO - [2025-03-27T07:20:51.921+0530] {dagbag.py:588} INFO - Filling up the DagBag from /Users/uk/miniforge3/lib/python3.10/site-packages/airflow/example_dags/example_trigger_controller_dag.py
[2025-03-27T07:20:51.925+0530] {processor.py:925} INFO - DAG(s) 'example_trigger_controller_dag' retrieved from /Users/uk/miniforge3/lib/python3.10/site-packages/airflow/example_dags/example_trigger_controller_dag.py
[2025-03-27T07:20:51.960+0530] {logging_mixin.py:190} INFO - [2025-03-27T07:20:51.960+0530] {dag.py:3239} INFO - Sync 1 DAGs
[2025-03-27T07:20:51.967+0530] {logging_mixin.py:190} INFO - [2025-03-27T07:20:51.967+0530] {dag.py:4180} INFO - Setting next_dagrun for example_trigger_controller_dag to 2021-01-01 00:00:00+00:00, run_after=2021-01-01 00:00:00+00:00
[2025-03-27T07:20:51.973+0530] {processor.py:208} INFO - Processing /Users/uk/miniforge3/lib/python3.10/site-packages/airflow/example_dags/example_trigger_controller_dag.py took 0.055 seconds
[2025-03-27T07:22:06.529+0530] {processor.py:186} INFO - Started process (PID=15206) to work on /Users/uk/miniforge3/lib/python3.10/site-packages/airflow/example_dags/example_trigger_controller_dag.py
[2025-03-27T07:22:06.529+0530] {processor.py:914} INFO - Processing file /Users/uk/miniforge3/lib/python3.10/site-packages/airflow/example_dags/example_trigger_controller_dag.py for tasks to queue
[2025-03-27T07:22:06.530+0530] {logging_mixin.py:190} INFO - [2025-03-27T07:22:06.530+0530] {dagbag.py:588} INFO - Filling up the DagBag from /Users/uk/miniforge3/lib/python3.10/site-packages/airflow/example_dags/example_trigger_controller_dag.py
[2025-03-27T07:22:06.534+0530] {processor.py:925} INFO - DAG(s) 'example_trigger_controller_dag' retrieved from /Users/uk/miniforge3/lib/python3.10/site-packages/airflow/example_dags/example_trigger_controller_dag.py
[2025-03-27T07:22:06.571+0530] {logging_mixin.py:190} INFO - [2025-03-27T07:22:06.570+0530] {dag.py:3239} INFO - Sync 1 DAGs
[2025-03-27T07:22:06.577+0530] {logging_mixin.py:190} INFO - [2025-03-27T07:22:06.577+0530] {dag.py:4180} INFO - Setting next_dagrun for example_trigger_controller_dag to 2021-01-01 00:00:00+00:00, run_after=2021-01-01 00:00:00+00:00
[2025-03-27T07:22:06.583+0530] {processor.py:208} INFO - Processing /Users/uk/miniforge3/lib/python3.10/site-packages/airflow/example_dags/example_trigger_controller_dag.py took 0.056 seconds
[2025-03-27T07:23:13.767+0530] {processor.py:186} INFO - Started process (PID=15341) to work on /Users/uk/miniforge3/lib/python3.10/site-packages/airflow/example_dags/example_trigger_controller_dag.py
[2025-03-27T07:23:13.768+0530] {processor.py:914} INFO - Processing file /Users/uk/miniforge3/lib/python3.10/site-packages/airflow/example_dags/example_trigger_controller_dag.py for tasks to queue
[2025-03-27T07:23:13.769+0530] {logging_mixin.py:190} INFO - [2025-03-27T07:23:13.769+0530] {dagbag.py:588} INFO - Filling up the DagBag from /Users/uk/miniforge3/lib/python3.10/site-packages/airflow/example_dags/example_trigger_controller_dag.py
[2025-03-27T07:23:13.773+0530] {processor.py:925} INFO - DAG(s) 'example_trigger_controller_dag' retrieved from /Users/uk/miniforge3/lib/python3.10/site-packages/airflow/example_dags/example_trigger_controller_dag.py
[2025-03-27T07:23:13.813+0530] {logging_mixin.py:190} INFO - [2025-03-27T07:23:13.812+0530] {dag.py:3239} INFO - Sync 1 DAGs
[2025-03-27T07:23:13.820+0530] {logging_mixin.py:190} INFO - [2025-03-27T07:23:13.820+0530] {dag.py:4180} INFO - Setting next_dagrun for example_trigger_controller_dag to 2021-01-01 00:00:00+00:00, run_after=2021-01-01 00:00:00+00:00
[2025-03-27T07:23:13.826+0530] {processor.py:208} INFO - Processing /Users/uk/miniforge3/lib/python3.10/site-packages/airflow/example_dags/example_trigger_controller_dag.py took 0.060 seconds
[2025-03-27T07:24:25.621+0530] {processor.py:186} INFO - Started process (PID=15484) to work on /Users/uk/miniforge3/lib/python3.10/site-packages/airflow/example_dags/example_trigger_controller_dag.py
[2025-03-27T07:24:25.622+0530] {processor.py:914} INFO - Processing file /Users/uk/miniforge3/lib/python3.10/site-packages/airflow/example_dags/example_trigger_controller_dag.py for tasks to queue
[2025-03-27T07:24:25.622+0530] {logging_mixin.py:190} INFO - [2025-03-27T07:24:25.622+0530] {dagbag.py:588} INFO - Filling up the DagBag from /Users/uk/miniforge3/lib/python3.10/site-packages/airflow/example_dags/example_trigger_controller_dag.py
[2025-03-27T07:24:25.627+0530] {processor.py:925} INFO - DAG(s) 'example_trigger_controller_dag' retrieved from /Users/uk/miniforge3/lib/python3.10/site-packages/airflow/example_dags/example_trigger_controller_dag.py
[2025-03-27T07:24:25.664+0530] {logging_mixin.py:190} INFO - [2025-03-27T07:24:25.664+0530] {dag.py:3239} INFO - Sync 1 DAGs
[2025-03-27T07:24:25.671+0530] {logging_mixin.py:190} INFO - [2025-03-27T07:24:25.671+0530] {dag.py:4180} INFO - Setting next_dagrun for example_trigger_controller_dag to 2021-01-01 00:00:00+00:00, run_after=2021-01-01 00:00:00+00:00
[2025-03-27T07:24:25.677+0530] {processor.py:208} INFO - Processing /Users/uk/miniforge3/lib/python3.10/site-packages/airflow/example_dags/example_trigger_controller_dag.py took 0.058 seconds
[2025-03-27T07:25:37.859+0530] {processor.py:186} INFO - Started process (PID=15608) to work on /Users/uk/miniforge3/lib/python3.10/site-packages/airflow/example_dags/example_trigger_controller_dag.py
[2025-03-27T07:25:37.861+0530] {processor.py:914} INFO - Processing file /Users/uk/miniforge3/lib/python3.10/site-packages/airflow/example_dags/example_trigger_controller_dag.py for tasks to queue
[2025-03-27T07:25:37.861+0530] {logging_mixin.py:190} INFO - [2025-03-27T07:25:37.861+0530] {dagbag.py:588} INFO - Filling up the DagBag from /Users/uk/miniforge3/lib/python3.10/site-packages/airflow/example_dags/example_trigger_controller_dag.py
[2025-03-27T07:25:37.865+0530] {processor.py:925} INFO - DAG(s) 'example_trigger_controller_dag' retrieved from /Users/uk/miniforge3/lib/python3.10/site-packages/airflow/example_dags/example_trigger_controller_dag.py
[2025-03-27T07:25:37.900+0530] {logging_mixin.py:190} INFO - [2025-03-27T07:25:37.900+0530] {dag.py:3239} INFO - Sync 1 DAGs
[2025-03-27T07:25:37.907+0530] {logging_mixin.py:190} INFO - [2025-03-27T07:25:37.907+0530] {dag.py:4180} INFO - Setting next_dagrun for example_trigger_controller_dag to 2021-01-01 00:00:00+00:00, run_after=2021-01-01 00:00:00+00:00
[2025-03-27T07:25:37.912+0530] {processor.py:208} INFO - Processing /Users/uk/miniforge3/lib/python3.10/site-packages/airflow/example_dags/example_trigger_controller_dag.py took 0.054 seconds
[2025-03-27T07:26:50.645+0530] {processor.py:186} INFO - Started process (PID=15722) to work on /Users/uk/miniforge3/lib/python3.10/site-packages/airflow/example_dags/example_trigger_controller_dag.py
[2025-03-27T07:26:50.646+0530] {processor.py:914} INFO - Processing file /Users/uk/miniforge3/lib/python3.10/site-packages/airflow/example_dags/example_trigger_controller_dag.py for tasks to queue
[2025-03-27T07:26:50.646+0530] {logging_mixin.py:190} INFO - [2025-03-27T07:26:50.646+0530] {dagbag.py:588} INFO - Filling up the DagBag from /Users/uk/miniforge3/lib/python3.10/site-packages/airflow/example_dags/example_trigger_controller_dag.py
[2025-03-27T07:26:50.650+0530] {processor.py:925} INFO - DAG(s) 'example_trigger_controller_dag' retrieved from /Users/uk/miniforge3/lib/python3.10/site-packages/airflow/example_dags/example_trigger_controller_dag.py
[2025-03-27T07:26:50.687+0530] {logging_mixin.py:190} INFO - [2025-03-27T07:26:50.687+0530] {dag.py:3239} INFO - Sync 1 DAGs
[2025-03-27T07:26:50.694+0530] {logging_mixin.py:190} INFO - [2025-03-27T07:26:50.694+0530] {dag.py:4180} INFO - Setting next_dagrun for example_trigger_controller_dag to 2021-01-01 00:00:00+00:00, run_after=2021-01-01 00:00:00+00:00
[2025-03-27T07:26:50.700+0530] {processor.py:208} INFO - Processing /Users/uk/miniforge3/lib/python3.10/site-packages/airflow/example_dags/example_trigger_controller_dag.py took 0.056 seconds
[2025-03-27T07:28:04.657+0530] {processor.py:186} INFO - Started process (PID=15840) to work on /Users/uk/miniforge3/lib/python3.10/site-packages/airflow/example_dags/example_trigger_controller_dag.py
[2025-03-27T07:28:04.658+0530] {processor.py:914} INFO - Processing file /Users/uk/miniforge3/lib/python3.10/site-packages/airflow/example_dags/example_trigger_controller_dag.py for tasks to queue
[2025-03-27T07:28:04.658+0530] {logging_mixin.py:190} INFO - [2025-03-27T07:28:04.658+0530] {dagbag.py:588} INFO - Filling up the DagBag from /Users/uk/miniforge3/lib/python3.10/site-packages/airflow/example_dags/example_trigger_controller_dag.py
[2025-03-27T07:28:04.663+0530] {processor.py:925} INFO - DAG(s) 'example_trigger_controller_dag' retrieved from /Users/uk/miniforge3/lib/python3.10/site-packages/airflow/example_dags/example_trigger_controller_dag.py
[2025-03-27T07:28:04.700+0530] {logging_mixin.py:190} INFO - [2025-03-27T07:28:04.700+0530] {dag.py:3239} INFO - Sync 1 DAGs
[2025-03-27T07:28:04.707+0530] {logging_mixin.py:190} INFO - [2025-03-27T07:28:04.707+0530] {dag.py:4180} INFO - Setting next_dagrun for example_trigger_controller_dag to 2021-01-01 00:00:00+00:00, run_after=2021-01-01 00:00:00+00:00
[2025-03-27T07:28:04.712+0530] {processor.py:208} INFO - Processing /Users/uk/miniforge3/lib/python3.10/site-packages/airflow/example_dags/example_trigger_controller_dag.py took 0.056 seconds
[2025-03-27T07:29:18.568+0530] {processor.py:186} INFO - Started process (PID=15978) to work on /Users/uk/miniforge3/lib/python3.10/site-packages/airflow/example_dags/example_trigger_controller_dag.py
[2025-03-27T07:29:18.568+0530] {processor.py:914} INFO - Processing file /Users/uk/miniforge3/lib/python3.10/site-packages/airflow/example_dags/example_trigger_controller_dag.py for tasks to queue
[2025-03-27T07:29:18.569+0530] {logging_mixin.py:190} INFO - [2025-03-27T07:29:18.569+0530] {dagbag.py:588} INFO - Filling up the DagBag from /Users/uk/miniforge3/lib/python3.10/site-packages/airflow/example_dags/example_trigger_controller_dag.py
[2025-03-27T07:29:18.573+0530] {processor.py:925} INFO - DAG(s) 'example_trigger_controller_dag' retrieved from /Users/uk/miniforge3/lib/python3.10/site-packages/airflow/example_dags/example_trigger_controller_dag.py
[2025-03-27T07:29:18.609+0530] {logging_mixin.py:190} INFO - [2025-03-27T07:29:18.609+0530] {dag.py:3239} INFO - Sync 1 DAGs
[2025-03-27T07:29:18.615+0530] {logging_mixin.py:190} INFO - [2025-03-27T07:29:18.615+0530] {dag.py:4180} INFO - Setting next_dagrun for example_trigger_controller_dag to 2021-01-01 00:00:00+00:00, run_after=2021-01-01 00:00:00+00:00
[2025-03-27T07:29:18.622+0530] {processor.py:208} INFO - Processing /Users/uk/miniforge3/lib/python3.10/site-packages/airflow/example_dags/example_trigger_controller_dag.py took 0.055 seconds
[2025-03-27T07:30:33.188+0530] {processor.py:186} INFO - Started process (PID=16131) to work on /Users/uk/miniforge3/lib/python3.10/site-packages/airflow/example_dags/example_trigger_controller_dag.py
[2025-03-27T07:30:33.189+0530] {processor.py:914} INFO - Processing file /Users/uk/miniforge3/lib/python3.10/site-packages/airflow/example_dags/example_trigger_controller_dag.py for tasks to queue
[2025-03-27T07:30:33.189+0530] {logging_mixin.py:190} INFO - [2025-03-27T07:30:33.189+0530] {dagbag.py:588} INFO - Filling up the DagBag from /Users/uk/miniforge3/lib/python3.10/site-packages/airflow/example_dags/example_trigger_controller_dag.py
[2025-03-27T07:30:33.193+0530] {processor.py:925} INFO - DAG(s) 'example_trigger_controller_dag' retrieved from /Users/uk/miniforge3/lib/python3.10/site-packages/airflow/example_dags/example_trigger_controller_dag.py
[2025-03-27T07:30:33.229+0530] {logging_mixin.py:190} INFO - [2025-03-27T07:30:33.229+0530] {dag.py:3239} INFO - Sync 1 DAGs
[2025-03-27T07:30:33.236+0530] {logging_mixin.py:190} INFO - [2025-03-27T07:30:33.236+0530] {dag.py:4180} INFO - Setting next_dagrun for example_trigger_controller_dag to 2021-01-01 00:00:00+00:00, run_after=2021-01-01 00:00:00+00:00
[2025-03-27T07:30:33.243+0530] {processor.py:208} INFO - Processing /Users/uk/miniforge3/lib/python3.10/site-packages/airflow/example_dags/example_trigger_controller_dag.py took 0.056 seconds
[2025-03-27T07:31:47.956+0530] {processor.py:186} INFO - Started process (PID=16270) to work on /Users/uk/miniforge3/lib/python3.10/site-packages/airflow/example_dags/example_trigger_controller_dag.py
[2025-03-27T07:31:47.956+0530] {processor.py:914} INFO - Processing file /Users/uk/miniforge3/lib/python3.10/site-packages/airflow/example_dags/example_trigger_controller_dag.py for tasks to queue
[2025-03-27T07:31:47.957+0530] {logging_mixin.py:190} INFO - [2025-03-27T07:31:47.957+0530] {dagbag.py:588} INFO - Filling up the DagBag from /Users/uk/miniforge3/lib/python3.10/site-packages/airflow/example_dags/example_trigger_controller_dag.py
[2025-03-27T07:31:47.961+0530] {processor.py:925} INFO - DAG(s) 'example_trigger_controller_dag' retrieved from /Users/uk/miniforge3/lib/python3.10/site-packages/airflow/example_dags/example_trigger_controller_dag.py
[2025-03-27T07:31:48.001+0530] {logging_mixin.py:190} INFO - [2025-03-27T07:31:48.000+0530] {dag.py:3239} INFO - Sync 1 DAGs
[2025-03-27T07:31:48.008+0530] {logging_mixin.py:190} INFO - [2025-03-27T07:31:48.007+0530] {dag.py:4180} INFO - Setting next_dagrun for example_trigger_controller_dag to 2021-01-01 00:00:00+00:00, run_after=2021-01-01 00:00:00+00:00
[2025-03-27T07:31:48.014+0530] {processor.py:208} INFO - Processing /Users/uk/miniforge3/lib/python3.10/site-packages/airflow/example_dags/example_trigger_controller_dag.py took 0.060 seconds
[2025-03-27T07:33:03.384+0530] {processor.py:186} INFO - Started process (PID=16433) to work on /Users/uk/miniforge3/lib/python3.10/site-packages/airflow/example_dags/example_trigger_controller_dag.py
[2025-03-27T07:33:03.385+0530] {processor.py:914} INFO - Processing file /Users/uk/miniforge3/lib/python3.10/site-packages/airflow/example_dags/example_trigger_controller_dag.py for tasks to queue
[2025-03-27T07:33:03.386+0530] {logging_mixin.py:190} INFO - [2025-03-27T07:33:03.386+0530] {dagbag.py:588} INFO - Filling up the DagBag from /Users/uk/miniforge3/lib/python3.10/site-packages/airflow/example_dags/example_trigger_controller_dag.py
[2025-03-27T07:33:03.390+0530] {processor.py:925} INFO - DAG(s) 'example_trigger_controller_dag' retrieved from /Users/uk/miniforge3/lib/python3.10/site-packages/airflow/example_dags/example_trigger_controller_dag.py
[2025-03-27T07:33:03.426+0530] {logging_mixin.py:190} INFO - [2025-03-27T07:33:03.425+0530] {dag.py:3239} INFO - Sync 1 DAGs
[2025-03-27T07:33:03.432+0530] {logging_mixin.py:190} INFO - [2025-03-27T07:33:03.432+0530] {dag.py:4180} INFO - Setting next_dagrun for example_trigger_controller_dag to 2021-01-01 00:00:00+00:00, run_after=2021-01-01 00:00:00+00:00
[2025-03-27T07:33:03.438+0530] {processor.py:208} INFO - Processing /Users/uk/miniforge3/lib/python3.10/site-packages/airflow/example_dags/example_trigger_controller_dag.py took 0.055 seconds
[2025-03-27T07:34:18.456+0530] {processor.py:186} INFO - Started process (PID=16596) to work on /Users/uk/miniforge3/lib/python3.10/site-packages/airflow/example_dags/example_trigger_controller_dag.py
[2025-03-27T07:34:18.457+0530] {processor.py:914} INFO - Processing file /Users/uk/miniforge3/lib/python3.10/site-packages/airflow/example_dags/example_trigger_controller_dag.py for tasks to queue
[2025-03-27T07:34:18.457+0530] {logging_mixin.py:190} INFO - [2025-03-27T07:34:18.457+0530] {dagbag.py:588} INFO - Filling up the DagBag from /Users/uk/miniforge3/lib/python3.10/site-packages/airflow/example_dags/example_trigger_controller_dag.py
[2025-03-27T07:34:18.461+0530] {processor.py:925} INFO - DAG(s) 'example_trigger_controller_dag' retrieved from /Users/uk/miniforge3/lib/python3.10/site-packages/airflow/example_dags/example_trigger_controller_dag.py
[2025-03-27T07:34:18.498+0530] {logging_mixin.py:190} INFO - [2025-03-27T07:34:18.498+0530] {dag.py:3239} INFO - Sync 1 DAGs
[2025-03-27T07:34:18.504+0530] {logging_mixin.py:190} INFO - [2025-03-27T07:34:18.504+0530] {dag.py:4180} INFO - Setting next_dagrun for example_trigger_controller_dag to 2021-01-01 00:00:00+00:00, run_after=2021-01-01 00:00:00+00:00
[2025-03-27T07:34:18.510+0530] {processor.py:208} INFO - Processing /Users/uk/miniforge3/lib/python3.10/site-packages/airflow/example_dags/example_trigger_controller_dag.py took 0.056 seconds
[2025-03-27T07:35:34.854+0530] {processor.py:186} INFO - Started process (PID=16727) to work on /Users/uk/miniforge3/lib/python3.10/site-packages/airflow/example_dags/example_trigger_controller_dag.py
[2025-03-27T07:35:34.855+0530] {processor.py:914} INFO - Processing file /Users/uk/miniforge3/lib/python3.10/site-packages/airflow/example_dags/example_trigger_controller_dag.py for tasks to queue
[2025-03-27T07:35:34.856+0530] {logging_mixin.py:190} INFO - [2025-03-27T07:35:34.855+0530] {dagbag.py:588} INFO - Filling up the DagBag from /Users/uk/miniforge3/lib/python3.10/site-packages/airflow/example_dags/example_trigger_controller_dag.py
[2025-03-27T07:35:34.859+0530] {processor.py:925} INFO - DAG(s) 'example_trigger_controller_dag' retrieved from /Users/uk/miniforge3/lib/python3.10/site-packages/airflow/example_dags/example_trigger_controller_dag.py
[2025-03-27T07:35:34.896+0530] {logging_mixin.py:190} INFO - [2025-03-27T07:35:34.896+0530] {dag.py:3239} INFO - Sync 1 DAGs
[2025-03-27T07:35:34.902+0530] {logging_mixin.py:190} INFO - [2025-03-27T07:35:34.902+0530] {dag.py:4180} INFO - Setting next_dagrun for example_trigger_controller_dag to 2021-01-01 00:00:00+00:00, run_after=2021-01-01 00:00:00+00:00
[2025-03-27T07:35:34.908+0530] {processor.py:208} INFO - Processing /Users/uk/miniforge3/lib/python3.10/site-packages/airflow/example_dags/example_trigger_controller_dag.py took 0.055 seconds
[2025-03-27T07:36:47.072+0530] {processor.py:186} INFO - Started process (PID=16856) to work on /Users/uk/miniforge3/lib/python3.10/site-packages/airflow/example_dags/example_trigger_controller_dag.py
[2025-03-27T07:36:47.073+0530] {processor.py:914} INFO - Processing file /Users/uk/miniforge3/lib/python3.10/site-packages/airflow/example_dags/example_trigger_controller_dag.py for tasks to queue
[2025-03-27T07:36:47.073+0530] {logging_mixin.py:190} INFO - [2025-03-27T07:36:47.073+0530] {dagbag.py:588} INFO - Filling up the DagBag from /Users/uk/miniforge3/lib/python3.10/site-packages/airflow/example_dags/example_trigger_controller_dag.py
[2025-03-27T07:36:47.078+0530] {processor.py:925} INFO - DAG(s) 'example_trigger_controller_dag' retrieved from /Users/uk/miniforge3/lib/python3.10/site-packages/airflow/example_dags/example_trigger_controller_dag.py
[2025-03-27T07:36:47.117+0530] {logging_mixin.py:190} INFO - [2025-03-27T07:36:47.117+0530] {dag.py:3239} INFO - Sync 1 DAGs
[2025-03-27T07:36:47.124+0530] {logging_mixin.py:190} INFO - [2025-03-27T07:36:47.124+0530] {dag.py:4180} INFO - Setting next_dagrun for example_trigger_controller_dag to 2021-01-01 00:00:00+00:00, run_after=2021-01-01 00:00:00+00:00
[2025-03-27T07:36:47.131+0530] {processor.py:208} INFO - Processing /Users/uk/miniforge3/lib/python3.10/site-packages/airflow/example_dags/example_trigger_controller_dag.py took 0.061 seconds
[2025-03-27T07:39:34.303+0530] {processor.py:186} INFO - Started process (PID=17296) to work on /Users/uk/miniforge3/lib/python3.10/site-packages/airflow/example_dags/example_trigger_controller_dag.py
[2025-03-27T07:39:34.304+0530] {processor.py:914} INFO - Processing file /Users/uk/miniforge3/lib/python3.10/site-packages/airflow/example_dags/example_trigger_controller_dag.py for tasks to queue
[2025-03-27T07:39:34.304+0530] {logging_mixin.py:190} INFO - [2025-03-27T07:39:34.304+0530] {dagbag.py:588} INFO - Filling up the DagBag from /Users/uk/miniforge3/lib/python3.10/site-packages/airflow/example_dags/example_trigger_controller_dag.py
[2025-03-27T07:39:34.309+0530] {processor.py:925} INFO - DAG(s) 'example_trigger_controller_dag' retrieved from /Users/uk/miniforge3/lib/python3.10/site-packages/airflow/example_dags/example_trigger_controller_dag.py
[2025-03-27T07:39:34.383+0530] {logging_mixin.py:190} INFO - [2025-03-27T07:39:34.383+0530] {override.py:1930} INFO - Created Permission View: can delete on DAG:example_trigger_controller_dag
[2025-03-27T07:39:34.386+0530] {logging_mixin.py:190} INFO - [2025-03-27T07:39:34.386+0530] {override.py:1930} INFO - Created Permission View: can read on DAG:example_trigger_controller_dag
[2025-03-27T07:39:34.388+0530] {logging_mixin.py:190} INFO - [2025-03-27T07:39:34.388+0530] {override.py:1930} INFO - Created Permission View: can edit on DAG:example_trigger_controller_dag
[2025-03-27T07:39:34.391+0530] {logging_mixin.py:190} INFO - [2025-03-27T07:39:34.391+0530] {override.py:1930} INFO - Created Permission View: can delete on DAG Run:example_trigger_controller_dag
[2025-03-27T07:39:34.393+0530] {logging_mixin.py:190} INFO - [2025-03-27T07:39:34.393+0530] {override.py:1930} INFO - Created Permission View: can read on DAG Run:example_trigger_controller_dag
[2025-03-27T07:39:34.395+0530] {logging_mixin.py:190} INFO - [2025-03-27T07:39:34.395+0530] {override.py:1930} INFO - Created Permission View: can create on DAG Run:example_trigger_controller_dag
[2025-03-27T07:39:34.397+0530] {logging_mixin.py:190} INFO - [2025-03-27T07:39:34.397+0530] {override.py:1930} INFO - Created Permission View: menu access on DAG Run:example_trigger_controller_dag
[2025-03-27T07:39:34.397+0530] {logging_mixin.py:190} INFO - [2025-03-27T07:39:34.397+0530] {dag.py:3239} INFO - Sync 1 DAGs
[2025-03-27T07:39:34.402+0530] {logging_mixin.py:190} INFO - [2025-03-27T07:39:34.402+0530] {dag.py:3262} INFO - Creating ORM DAG for example_trigger_controller_dag
[2025-03-27T07:39:34.404+0530] {logging_mixin.py:190} INFO - [2025-03-27T07:39:34.404+0530] {dag.py:4180} INFO - Setting next_dagrun for example_trigger_controller_dag to 2021-01-01 00:00:00+00:00, run_after=2021-01-01 00:00:00+00:00
[2025-03-27T07:39:34.410+0530] {processor.py:208} INFO - Processing /Users/uk/miniforge3/lib/python3.10/site-packages/airflow/example_dags/example_trigger_controller_dag.py took 0.109 seconds
[2025-03-27T07:41:21.323+0530] {processor.py:186} INFO - Started process (PID=17504) to work on /Users/uk/miniforge3/lib/python3.10/site-packages/airflow/example_dags/example_trigger_controller_dag.py
[2025-03-27T07:41:21.323+0530] {processor.py:914} INFO - Processing file /Users/uk/miniforge3/lib/python3.10/site-packages/airflow/example_dags/example_trigger_controller_dag.py for tasks to queue
[2025-03-27T07:41:21.324+0530] {logging_mixin.py:190} INFO - [2025-03-27T07:41:21.324+0530] {dagbag.py:588} INFO - Filling up the DagBag from /Users/uk/miniforge3/lib/python3.10/site-packages/airflow/example_dags/example_trigger_controller_dag.py
[2025-03-27T07:41:21.328+0530] {processor.py:925} INFO - DAG(s) 'example_trigger_controller_dag' retrieved from /Users/uk/miniforge3/lib/python3.10/site-packages/airflow/example_dags/example_trigger_controller_dag.py
[2025-03-27T07:41:21.364+0530] {logging_mixin.py:190} INFO - [2025-03-27T07:41:21.364+0530] {dag.py:3239} INFO - Sync 1 DAGs
[2025-03-27T07:41:21.370+0530] {logging_mixin.py:190} INFO - [2025-03-27T07:41:21.370+0530] {dag.py:4180} INFO - Setting next_dagrun for example_trigger_controller_dag to 2021-01-01 00:00:00+00:00, run_after=2021-01-01 00:00:00+00:00
[2025-03-27T07:41:21.377+0530] {processor.py:208} INFO - Processing /Users/uk/miniforge3/lib/python3.10/site-packages/airflow/example_dags/example_trigger_controller_dag.py took 0.055 seconds
[2025-03-27T07:42:38.276+0530] {processor.py:186} INFO - Started process (PID=17666) to work on /Users/uk/miniforge3/lib/python3.10/site-packages/airflow/example_dags/example_trigger_controller_dag.py
[2025-03-27T07:42:38.277+0530] {processor.py:914} INFO - Processing file /Users/uk/miniforge3/lib/python3.10/site-packages/airflow/example_dags/example_trigger_controller_dag.py for tasks to queue
[2025-03-27T07:42:38.278+0530] {logging_mixin.py:190} INFO - [2025-03-27T07:42:38.278+0530] {dagbag.py:588} INFO - Filling up the DagBag from /Users/uk/miniforge3/lib/python3.10/site-packages/airflow/example_dags/example_trigger_controller_dag.py
[2025-03-27T07:42:38.283+0530] {processor.py:925} INFO - DAG(s) 'example_trigger_controller_dag' retrieved from /Users/uk/miniforge3/lib/python3.10/site-packages/airflow/example_dags/example_trigger_controller_dag.py
[2025-03-27T07:42:38.322+0530] {logging_mixin.py:190} INFO - [2025-03-27T07:42:38.322+0530] {dag.py:3239} INFO - Sync 1 DAGs
[2025-03-27T07:42:38.330+0530] {logging_mixin.py:190} INFO - [2025-03-27T07:42:38.330+0530] {dag.py:4180} INFO - Setting next_dagrun for example_trigger_controller_dag to 2021-01-01 00:00:00+00:00, run_after=2021-01-01 00:00:00+00:00
[2025-03-27T07:42:38.337+0530] {processor.py:208} INFO - Processing /Users/uk/miniforge3/lib/python3.10/site-packages/airflow/example_dags/example_trigger_controller_dag.py took 0.062 seconds
[2025-03-27T07:43:53.030+0530] {processor.py:186} INFO - Started process (PID=17844) to work on /Users/uk/miniforge3/lib/python3.10/site-packages/airflow/example_dags/example_trigger_controller_dag.py
[2025-03-27T07:43:53.031+0530] {processor.py:914} INFO - Processing file /Users/uk/miniforge3/lib/python3.10/site-packages/airflow/example_dags/example_trigger_controller_dag.py for tasks to queue
[2025-03-27T07:43:53.032+0530] {logging_mixin.py:190} INFO - [2025-03-27T07:43:53.032+0530] {dagbag.py:588} INFO - Filling up the DagBag from /Users/uk/miniforge3/lib/python3.10/site-packages/airflow/example_dags/example_trigger_controller_dag.py
[2025-03-27T07:43:53.037+0530] {processor.py:925} INFO - DAG(s) 'example_trigger_controller_dag' retrieved from /Users/uk/miniforge3/lib/python3.10/site-packages/airflow/example_dags/example_trigger_controller_dag.py
[2025-03-27T07:43:53.074+0530] {logging_mixin.py:190} INFO - [2025-03-27T07:43:53.074+0530] {dag.py:3239} INFO - Sync 1 DAGs
[2025-03-27T07:43:53.081+0530] {logging_mixin.py:190} INFO - [2025-03-27T07:43:53.081+0530] {dag.py:4180} INFO - Setting next_dagrun for example_trigger_controller_dag to 2021-01-01 00:00:00+00:00, run_after=2021-01-01 00:00:00+00:00
[2025-03-27T07:43:53.088+0530] {processor.py:208} INFO - Processing /Users/uk/miniforge3/lib/python3.10/site-packages/airflow/example_dags/example_trigger_controller_dag.py took 0.059 seconds
[2025-03-27T07:45:06.418+0530] {processor.py:186} INFO - Started process (PID=18066) to work on /Users/uk/miniforge3/lib/python3.10/site-packages/airflow/example_dags/example_trigger_controller_dag.py
[2025-03-27T07:45:06.419+0530] {processor.py:914} INFO - Processing file /Users/uk/miniforge3/lib/python3.10/site-packages/airflow/example_dags/example_trigger_controller_dag.py for tasks to queue
[2025-03-27T07:45:06.419+0530] {logging_mixin.py:190} INFO - [2025-03-27T07:45:06.419+0530] {dagbag.py:588} INFO - Filling up the DagBag from /Users/uk/miniforge3/lib/python3.10/site-packages/airflow/example_dags/example_trigger_controller_dag.py
[2025-03-27T07:45:06.424+0530] {processor.py:925} INFO - DAG(s) 'example_trigger_controller_dag' retrieved from /Users/uk/miniforge3/lib/python3.10/site-packages/airflow/example_dags/example_trigger_controller_dag.py
[2025-03-27T07:45:06.463+0530] {logging_mixin.py:190} INFO - [2025-03-27T07:45:06.463+0530] {dag.py:3239} INFO - Sync 1 DAGs
[2025-03-27T07:45:06.470+0530] {logging_mixin.py:190} INFO - [2025-03-27T07:45:06.470+0530] {dag.py:4180} INFO - Setting next_dagrun for example_trigger_controller_dag to 2021-01-01 00:00:00+00:00, run_after=2021-01-01 00:00:00+00:00
[2025-03-27T07:45:06.477+0530] {processor.py:208} INFO - Processing /Users/uk/miniforge3/lib/python3.10/site-packages/airflow/example_dags/example_trigger_controller_dag.py took 0.060 seconds
[2025-03-27T07:46:18.231+0530] {processor.py:186} INFO - Started process (PID=18243) to work on /Users/uk/miniforge3/lib/python3.10/site-packages/airflow/example_dags/example_trigger_controller_dag.py
[2025-03-27T07:46:18.232+0530] {processor.py:914} INFO - Processing file /Users/uk/miniforge3/lib/python3.10/site-packages/airflow/example_dags/example_trigger_controller_dag.py for tasks to queue
[2025-03-27T07:46:18.233+0530] {logging_mixin.py:190} INFO - [2025-03-27T07:46:18.233+0530] {dagbag.py:588} INFO - Filling up the DagBag from /Users/uk/miniforge3/lib/python3.10/site-packages/airflow/example_dags/example_trigger_controller_dag.py
[2025-03-27T07:46:18.237+0530] {processor.py:925} INFO - DAG(s) 'example_trigger_controller_dag' retrieved from /Users/uk/miniforge3/lib/python3.10/site-packages/airflow/example_dags/example_trigger_controller_dag.py
[2025-03-27T07:46:18.273+0530] {logging_mixin.py:190} INFO - [2025-03-27T07:46:18.273+0530] {dag.py:3239} INFO - Sync 1 DAGs
[2025-03-27T07:46:18.280+0530] {logging_mixin.py:190} INFO - [2025-03-27T07:46:18.280+0530] {dag.py:4180} INFO - Setting next_dagrun for example_trigger_controller_dag to 2021-01-01 00:00:00+00:00, run_after=2021-01-01 00:00:00+00:00
[2025-03-27T07:46:18.286+0530] {processor.py:208} INFO - Processing /Users/uk/miniforge3/lib/python3.10/site-packages/airflow/example_dags/example_trigger_controller_dag.py took 0.057 seconds
[2025-03-27T07:48:05.675+0530] {processor.py:186} INFO - Started process (PID=18435) to work on /Users/uk/miniforge3/lib/python3.10/site-packages/airflow/example_dags/example_trigger_controller_dag.py
[2025-03-27T07:48:05.676+0530] {processor.py:914} INFO - Processing file /Users/uk/miniforge3/lib/python3.10/site-packages/airflow/example_dags/example_trigger_controller_dag.py for tasks to queue
[2025-03-27T07:48:05.677+0530] {logging_mixin.py:190} INFO - [2025-03-27T07:48:05.677+0530] {dagbag.py:588} INFO - Filling up the DagBag from /Users/uk/miniforge3/lib/python3.10/site-packages/airflow/example_dags/example_trigger_controller_dag.py
[2025-03-27T07:48:05.681+0530] {processor.py:925} INFO - DAG(s) 'example_trigger_controller_dag' retrieved from /Users/uk/miniforge3/lib/python3.10/site-packages/airflow/example_dags/example_trigger_controller_dag.py
[2025-03-27T07:48:05.718+0530] {logging_mixin.py:190} INFO - [2025-03-27T07:48:05.717+0530] {dag.py:3239} INFO - Sync 1 DAGs
[2025-03-27T07:48:05.724+0530] {logging_mixin.py:190} INFO - [2025-03-27T07:48:05.724+0530] {dag.py:4180} INFO - Setting next_dagrun for example_trigger_controller_dag to 2021-01-01 00:00:00+00:00, run_after=2021-01-01 00:00:00+00:00
[2025-03-27T07:48:05.730+0530] {processor.py:208} INFO - Processing /Users/uk/miniforge3/lib/python3.10/site-packages/airflow/example_dags/example_trigger_controller_dag.py took 0.056 seconds
[2025-03-27T07:49:25.789+0530] {processor.py:186} INFO - Started process (PID=18577) to work on /Users/uk/miniforge3/lib/python3.10/site-packages/airflow/example_dags/example_trigger_controller_dag.py
[2025-03-27T07:49:25.790+0530] {processor.py:914} INFO - Processing file /Users/uk/miniforge3/lib/python3.10/site-packages/airflow/example_dags/example_trigger_controller_dag.py for tasks to queue
[2025-03-27T07:49:25.790+0530] {logging_mixin.py:190} INFO - [2025-03-27T07:49:25.790+0530] {dagbag.py:588} INFO - Filling up the DagBag from /Users/uk/miniforge3/lib/python3.10/site-packages/airflow/example_dags/example_trigger_controller_dag.py
[2025-03-27T07:49:25.794+0530] {processor.py:925} INFO - DAG(s) 'example_trigger_controller_dag' retrieved from /Users/uk/miniforge3/lib/python3.10/site-packages/airflow/example_dags/example_trigger_controller_dag.py
[2025-03-27T07:49:25.831+0530] {logging_mixin.py:190} INFO - [2025-03-27T07:49:25.830+0530] {dag.py:3239} INFO - Sync 1 DAGs
[2025-03-27T07:49:25.837+0530] {logging_mixin.py:190} INFO - [2025-03-27T07:49:25.837+0530] {dag.py:4180} INFO - Setting next_dagrun for example_trigger_controller_dag to 2021-01-01 00:00:00+00:00, run_after=2021-01-01 00:00:00+00:00
[2025-03-27T07:49:25.844+0530] {processor.py:208} INFO - Processing /Users/uk/miniforge3/lib/python3.10/site-packages/airflow/example_dags/example_trigger_controller_dag.py took 0.056 seconds
[2025-03-27T07:50:43.489+0530] {processor.py:186} INFO - Started process (PID=19049) to work on /Users/uk/miniforge3/lib/python3.10/site-packages/airflow/example_dags/example_trigger_controller_dag.py
[2025-03-27T07:50:43.489+0530] {processor.py:914} INFO - Processing file /Users/uk/miniforge3/lib/python3.10/site-packages/airflow/example_dags/example_trigger_controller_dag.py for tasks to queue
[2025-03-27T07:50:43.490+0530] {logging_mixin.py:190} INFO - [2025-03-27T07:50:43.490+0530] {dagbag.py:588} INFO - Filling up the DagBag from /Users/uk/miniforge3/lib/python3.10/site-packages/airflow/example_dags/example_trigger_controller_dag.py
[2025-03-27T07:50:43.494+0530] {processor.py:925} INFO - DAG(s) 'example_trigger_controller_dag' retrieved from /Users/uk/miniforge3/lib/python3.10/site-packages/airflow/example_dags/example_trigger_controller_dag.py
[2025-03-27T07:50:43.530+0530] {logging_mixin.py:190} INFO - [2025-03-27T07:50:43.530+0530] {dag.py:3239} INFO - Sync 1 DAGs
[2025-03-27T07:50:43.537+0530] {logging_mixin.py:190} INFO - [2025-03-27T07:50:43.537+0530] {dag.py:4180} INFO - Setting next_dagrun for example_trigger_controller_dag to 2021-01-01 00:00:00+00:00, run_after=2021-01-01 00:00:00+00:00
[2025-03-27T07:50:43.543+0530] {processor.py:208} INFO - Processing /Users/uk/miniforge3/lib/python3.10/site-packages/airflow/example_dags/example_trigger_controller_dag.py took 0.056 seconds
[2025-03-27T07:51:57.882+0530] {processor.py:186} INFO - Started process (PID=19178) to work on /Users/uk/miniforge3/lib/python3.10/site-packages/airflow/example_dags/example_trigger_controller_dag.py
[2025-03-27T07:51:57.882+0530] {processor.py:914} INFO - Processing file /Users/uk/miniforge3/lib/python3.10/site-packages/airflow/example_dags/example_trigger_controller_dag.py for tasks to queue
[2025-03-27T07:51:57.883+0530] {logging_mixin.py:190} INFO - [2025-03-27T07:51:57.883+0530] {dagbag.py:588} INFO - Filling up the DagBag from /Users/uk/miniforge3/lib/python3.10/site-packages/airflow/example_dags/example_trigger_controller_dag.py
[2025-03-27T07:51:57.888+0530] {processor.py:925} INFO - DAG(s) 'example_trigger_controller_dag' retrieved from /Users/uk/miniforge3/lib/python3.10/site-packages/airflow/example_dags/example_trigger_controller_dag.py
[2025-03-27T07:51:57.927+0530] {logging_mixin.py:190} INFO - [2025-03-27T07:51:57.927+0530] {dag.py:3239} INFO - Sync 1 DAGs
[2025-03-27T07:51:57.934+0530] {logging_mixin.py:190} INFO - [2025-03-27T07:51:57.934+0530] {dag.py:4180} INFO - Setting next_dagrun for example_trigger_controller_dag to 2021-01-01 00:00:00+00:00, run_after=2021-01-01 00:00:00+00:00
[2025-03-27T07:51:57.941+0530] {processor.py:208} INFO - Processing /Users/uk/miniforge3/lib/python3.10/site-packages/airflow/example_dags/example_trigger_controller_dag.py took 0.061 seconds
[2025-03-27T07:53:27.703+0530] {processor.py:186} INFO - Started process (PID=19366) to work on /Users/uk/miniforge3/lib/python3.10/site-packages/airflow/example_dags/example_trigger_controller_dag.py
[2025-03-27T07:53:27.703+0530] {processor.py:914} INFO - Processing file /Users/uk/miniforge3/lib/python3.10/site-packages/airflow/example_dags/example_trigger_controller_dag.py for tasks to queue
[2025-03-27T07:53:27.704+0530] {logging_mixin.py:190} INFO - [2025-03-27T07:53:27.704+0530] {dagbag.py:588} INFO - Filling up the DagBag from /Users/uk/miniforge3/lib/python3.10/site-packages/airflow/example_dags/example_trigger_controller_dag.py
[2025-03-27T07:53:27.708+0530] {processor.py:925} INFO - DAG(s) 'example_trigger_controller_dag' retrieved from /Users/uk/miniforge3/lib/python3.10/site-packages/airflow/example_dags/example_trigger_controller_dag.py
[2025-03-27T07:53:27.745+0530] {logging_mixin.py:190} INFO - [2025-03-27T07:53:27.745+0530] {dag.py:3239} INFO - Sync 1 DAGs
[2025-03-27T07:53:27.751+0530] {logging_mixin.py:190} INFO - [2025-03-27T07:53:27.751+0530] {dag.py:4180} INFO - Setting next_dagrun for example_trigger_controller_dag to 2021-01-01 00:00:00+00:00, run_after=2021-01-01 00:00:00+00:00
[2025-03-27T07:53:27.758+0530] {processor.py:208} INFO - Processing /Users/uk/miniforge3/lib/python3.10/site-packages/airflow/example_dags/example_trigger_controller_dag.py took 0.056 seconds
[2025-03-27T07:54:41.728+0530] {processor.py:186} INFO - Started process (PID=19979) to work on /Users/uk/miniforge3/lib/python3.10/site-packages/airflow/example_dags/example_trigger_controller_dag.py
[2025-03-27T07:54:41.729+0530] {processor.py:914} INFO - Processing file /Users/uk/miniforge3/lib/python3.10/site-packages/airflow/example_dags/example_trigger_controller_dag.py for tasks to queue
[2025-03-27T07:54:41.729+0530] {logging_mixin.py:190} INFO - [2025-03-27T07:54:41.729+0530] {dagbag.py:588} INFO - Filling up the DagBag from /Users/uk/miniforge3/lib/python3.10/site-packages/airflow/example_dags/example_trigger_controller_dag.py
[2025-03-27T07:54:41.733+0530] {processor.py:925} INFO - DAG(s) 'example_trigger_controller_dag' retrieved from /Users/uk/miniforge3/lib/python3.10/site-packages/airflow/example_dags/example_trigger_controller_dag.py
[2025-03-27T07:54:41.770+0530] {logging_mixin.py:190} INFO - [2025-03-27T07:54:41.770+0530] {dag.py:3239} INFO - Sync 1 DAGs
[2025-03-27T07:54:41.777+0530] {logging_mixin.py:190} INFO - [2025-03-27T07:54:41.776+0530] {dag.py:4180} INFO - Setting next_dagrun for example_trigger_controller_dag to 2021-01-01 00:00:00+00:00, run_after=2021-01-01 00:00:00+00:00
[2025-03-27T07:54:41.784+0530] {processor.py:208} INFO - Processing /Users/uk/miniforge3/lib/python3.10/site-packages/airflow/example_dags/example_trigger_controller_dag.py took 0.057 seconds
[2025-03-27T07:56:27.231+0530] {processor.py:186} INFO - Started process (PID=20454) to work on /Users/uk/miniforge3/lib/python3.10/site-packages/airflow/example_dags/example_trigger_controller_dag.py
[2025-03-27T07:56:27.231+0530] {processor.py:914} INFO - Processing file /Users/uk/miniforge3/lib/python3.10/site-packages/airflow/example_dags/example_trigger_controller_dag.py for tasks to queue
[2025-03-27T07:56:27.232+0530] {logging_mixin.py:190} INFO - [2025-03-27T07:56:27.232+0530] {dagbag.py:588} INFO - Filling up the DagBag from /Users/uk/miniforge3/lib/python3.10/site-packages/airflow/example_dags/example_trigger_controller_dag.py
[2025-03-27T07:56:27.236+0530] {processor.py:925} INFO - DAG(s) 'example_trigger_controller_dag' retrieved from /Users/uk/miniforge3/lib/python3.10/site-packages/airflow/example_dags/example_trigger_controller_dag.py
[2025-03-27T07:56:27.274+0530] {logging_mixin.py:190} INFO - [2025-03-27T07:56:27.274+0530] {dag.py:3239} INFO - Sync 1 DAGs
[2025-03-27T07:56:27.280+0530] {logging_mixin.py:190} INFO - [2025-03-27T07:56:27.280+0530] {dag.py:4180} INFO - Setting next_dagrun for example_trigger_controller_dag to 2021-01-01 00:00:00+00:00, run_after=2021-01-01 00:00:00+00:00
[2025-03-27T07:56:27.288+0530] {processor.py:208} INFO - Processing /Users/uk/miniforge3/lib/python3.10/site-packages/airflow/example_dags/example_trigger_controller_dag.py took 0.058 seconds
[2025-03-27T07:57:41.350+0530] {processor.py:186} INFO - Started process (PID=20588) to work on /Users/uk/miniforge3/lib/python3.10/site-packages/airflow/example_dags/example_trigger_controller_dag.py
[2025-03-27T07:57:41.351+0530] {processor.py:914} INFO - Processing file /Users/uk/miniforge3/lib/python3.10/site-packages/airflow/example_dags/example_trigger_controller_dag.py for tasks to queue
[2025-03-27T07:57:41.351+0530] {logging_mixin.py:190} INFO - [2025-03-27T07:57:41.351+0530] {dagbag.py:588} INFO - Filling up the DagBag from /Users/uk/miniforge3/lib/python3.10/site-packages/airflow/example_dags/example_trigger_controller_dag.py
[2025-03-27T07:57:41.355+0530] {processor.py:925} INFO - DAG(s) 'example_trigger_controller_dag' retrieved from /Users/uk/miniforge3/lib/python3.10/site-packages/airflow/example_dags/example_trigger_controller_dag.py
[2025-03-27T07:57:41.392+0530] {logging_mixin.py:190} INFO - [2025-03-27T07:57:41.392+0530] {dag.py:3239} INFO - Sync 1 DAGs
[2025-03-27T07:57:41.399+0530] {logging_mixin.py:190} INFO - [2025-03-27T07:57:41.399+0530] {dag.py:4180} INFO - Setting next_dagrun for example_trigger_controller_dag to 2021-01-01 00:00:00+00:00, run_after=2021-01-01 00:00:00+00:00
[2025-03-27T07:57:41.406+0530] {processor.py:208} INFO - Processing /Users/uk/miniforge3/lib/python3.10/site-packages/airflow/example_dags/example_trigger_controller_dag.py took 0.056 seconds
[2025-03-27T07:59:01.159+0530] {processor.py:186} INFO - Started process (PID=20741) to work on /Users/uk/miniforge3/lib/python3.10/site-packages/airflow/example_dags/example_trigger_controller_dag.py
[2025-03-27T07:59:01.160+0530] {processor.py:914} INFO - Processing file /Users/uk/miniforge3/lib/python3.10/site-packages/airflow/example_dags/example_trigger_controller_dag.py for tasks to queue
[2025-03-27T07:59:01.160+0530] {logging_mixin.py:190} INFO - [2025-03-27T07:59:01.160+0530] {dagbag.py:588} INFO - Filling up the DagBag from /Users/uk/miniforge3/lib/python3.10/site-packages/airflow/example_dags/example_trigger_controller_dag.py
[2025-03-27T07:59:01.166+0530] {processor.py:925} INFO - DAG(s) 'example_trigger_controller_dag' retrieved from /Users/uk/miniforge3/lib/python3.10/site-packages/airflow/example_dags/example_trigger_controller_dag.py
[2025-03-27T07:59:01.207+0530] {logging_mixin.py:190} INFO - [2025-03-27T07:59:01.207+0530] {dag.py:3239} INFO - Sync 1 DAGs
[2025-03-27T07:59:01.214+0530] {logging_mixin.py:190} INFO - [2025-03-27T07:59:01.214+0530] {dag.py:4180} INFO - Setting next_dagrun for example_trigger_controller_dag to 2021-01-01 00:00:00+00:00, run_after=2021-01-01 00:00:00+00:00
[2025-03-27T07:59:01.220+0530] {processor.py:208} INFO - Processing /Users/uk/miniforge3/lib/python3.10/site-packages/airflow/example_dags/example_trigger_controller_dag.py took 0.063 seconds
[2025-03-27T08:00:15.438+0530] {processor.py:186} INFO - Started process (PID=20902) to work on /Users/uk/miniforge3/lib/python3.10/site-packages/airflow/example_dags/example_trigger_controller_dag.py
[2025-03-27T08:00:15.439+0530] {processor.py:914} INFO - Processing file /Users/uk/miniforge3/lib/python3.10/site-packages/airflow/example_dags/example_trigger_controller_dag.py for tasks to queue
[2025-03-27T08:00:15.440+0530] {logging_mixin.py:190} INFO - [2025-03-27T08:00:15.440+0530] {dagbag.py:588} INFO - Filling up the DagBag from /Users/uk/miniforge3/lib/python3.10/site-packages/airflow/example_dags/example_trigger_controller_dag.py
[2025-03-27T08:00:15.444+0530] {processor.py:925} INFO - DAG(s) 'example_trigger_controller_dag' retrieved from /Users/uk/miniforge3/lib/python3.10/site-packages/airflow/example_dags/example_trigger_controller_dag.py
[2025-03-27T08:00:15.481+0530] {logging_mixin.py:190} INFO - [2025-03-27T08:00:15.481+0530] {dag.py:3239} INFO - Sync 1 DAGs
[2025-03-27T08:00:15.487+0530] {logging_mixin.py:190} INFO - [2025-03-27T08:00:15.487+0530] {dag.py:4180} INFO - Setting next_dagrun for example_trigger_controller_dag to 2021-01-01 00:00:00+00:00, run_after=2021-01-01 00:00:00+00:00
[2025-03-27T08:00:15.493+0530] {processor.py:208} INFO - Processing /Users/uk/miniforge3/lib/python3.10/site-packages/airflow/example_dags/example_trigger_controller_dag.py took 0.057 seconds
[2025-03-27T08:01:32.608+0530] {processor.py:186} INFO - Started process (PID=21033) to work on /Users/uk/miniforge3/lib/python3.10/site-packages/airflow/example_dags/example_trigger_controller_dag.py
[2025-03-27T08:01:32.609+0530] {processor.py:914} INFO - Processing file /Users/uk/miniforge3/lib/python3.10/site-packages/airflow/example_dags/example_trigger_controller_dag.py for tasks to queue
[2025-03-27T08:01:32.610+0530] {logging_mixin.py:190} INFO - [2025-03-27T08:01:32.610+0530] {dagbag.py:588} INFO - Filling up the DagBag from /Users/uk/miniforge3/lib/python3.10/site-packages/airflow/example_dags/example_trigger_controller_dag.py
[2025-03-27T08:01:32.615+0530] {processor.py:925} INFO - DAG(s) 'example_trigger_controller_dag' retrieved from /Users/uk/miniforge3/lib/python3.10/site-packages/airflow/example_dags/example_trigger_controller_dag.py
[2025-03-27T08:01:32.652+0530] {logging_mixin.py:190} INFO - [2025-03-27T08:01:32.652+0530] {dag.py:3239} INFO - Sync 1 DAGs
[2025-03-27T08:01:32.659+0530] {logging_mixin.py:190} INFO - [2025-03-27T08:01:32.658+0530] {dag.py:4180} INFO - Setting next_dagrun for example_trigger_controller_dag to 2021-01-01 00:00:00+00:00, run_after=2021-01-01 00:00:00+00:00
[2025-03-27T08:01:32.666+0530] {processor.py:208} INFO - Processing /Users/uk/miniforge3/lib/python3.10/site-packages/airflow/example_dags/example_trigger_controller_dag.py took 0.059 seconds
[2025-03-27T08:02:49.014+0530] {processor.py:186} INFO - Started process (PID=21209) to work on /Users/uk/miniforge3/lib/python3.10/site-packages/airflow/example_dags/example_trigger_controller_dag.py
[2025-03-27T08:02:49.015+0530] {processor.py:914} INFO - Processing file /Users/uk/miniforge3/lib/python3.10/site-packages/airflow/example_dags/example_trigger_controller_dag.py for tasks to queue
[2025-03-27T08:02:49.015+0530] {logging_mixin.py:190} INFO - [2025-03-27T08:02:49.015+0530] {dagbag.py:588} INFO - Filling up the DagBag from /Users/uk/miniforge3/lib/python3.10/site-packages/airflow/example_dags/example_trigger_controller_dag.py
[2025-03-27T08:02:49.019+0530] {processor.py:925} INFO - DAG(s) 'example_trigger_controller_dag' retrieved from /Users/uk/miniforge3/lib/python3.10/site-packages/airflow/example_dags/example_trigger_controller_dag.py
[2025-03-27T08:02:49.056+0530] {logging_mixin.py:190} INFO - [2025-03-27T08:02:49.056+0530] {dag.py:3239} INFO - Sync 1 DAGs
[2025-03-27T08:02:49.063+0530] {logging_mixin.py:190} INFO - [2025-03-27T08:02:49.063+0530] {dag.py:4180} INFO - Setting next_dagrun for example_trigger_controller_dag to 2021-01-01 00:00:00+00:00, run_after=2021-01-01 00:00:00+00:00
[2025-03-27T08:02:49.069+0530] {processor.py:208} INFO - Processing /Users/uk/miniforge3/lib/python3.10/site-packages/airflow/example_dags/example_trigger_controller_dag.py took 0.056 seconds
[2025-03-27T08:04:05.548+0530] {processor.py:186} INFO - Started process (PID=21347) to work on /Users/uk/miniforge3/lib/python3.10/site-packages/airflow/example_dags/example_trigger_controller_dag.py
[2025-03-27T08:04:05.550+0530] {processor.py:914} INFO - Processing file /Users/uk/miniforge3/lib/python3.10/site-packages/airflow/example_dags/example_trigger_controller_dag.py for tasks to queue
[2025-03-27T08:04:05.550+0530] {logging_mixin.py:190} INFO - [2025-03-27T08:04:05.550+0530] {dagbag.py:588} INFO - Filling up the DagBag from /Users/uk/miniforge3/lib/python3.10/site-packages/airflow/example_dags/example_trigger_controller_dag.py
[2025-03-27T08:04:05.554+0530] {processor.py:925} INFO - DAG(s) 'example_trigger_controller_dag' retrieved from /Users/uk/miniforge3/lib/python3.10/site-packages/airflow/example_dags/example_trigger_controller_dag.py
[2025-03-27T08:04:05.590+0530] {logging_mixin.py:190} INFO - [2025-03-27T08:04:05.590+0530] {dag.py:3239} INFO - Sync 1 DAGs
[2025-03-27T08:04:05.597+0530] {logging_mixin.py:190} INFO - [2025-03-27T08:04:05.597+0530] {dag.py:4180} INFO - Setting next_dagrun for example_trigger_controller_dag to 2021-01-01 00:00:00+00:00, run_after=2021-01-01 00:00:00+00:00
[2025-03-27T08:04:05.603+0530] {processor.py:208} INFO - Processing /Users/uk/miniforge3/lib/python3.10/site-packages/airflow/example_dags/example_trigger_controller_dag.py took 0.056 seconds
[2025-03-27T08:05:17.137+0530] {processor.py:186} INFO - Started process (PID=21467) to work on /Users/uk/miniforge3/lib/python3.10/site-packages/airflow/example_dags/example_trigger_controller_dag.py
[2025-03-27T08:05:17.138+0530] {processor.py:914} INFO - Processing file /Users/uk/miniforge3/lib/python3.10/site-packages/airflow/example_dags/example_trigger_controller_dag.py for tasks to queue
[2025-03-27T08:05:17.139+0530] {logging_mixin.py:190} INFO - [2025-03-27T08:05:17.138+0530] {dagbag.py:588} INFO - Filling up the DagBag from /Users/uk/miniforge3/lib/python3.10/site-packages/airflow/example_dags/example_trigger_controller_dag.py
[2025-03-27T08:05:17.143+0530] {processor.py:925} INFO - DAG(s) 'example_trigger_controller_dag' retrieved from /Users/uk/miniforge3/lib/python3.10/site-packages/airflow/example_dags/example_trigger_controller_dag.py
[2025-03-27T08:05:17.182+0530] {logging_mixin.py:190} INFO - [2025-03-27T08:05:17.182+0530] {dag.py:3239} INFO - Sync 1 DAGs
[2025-03-27T08:05:17.189+0530] {logging_mixin.py:190} INFO - [2025-03-27T08:05:17.189+0530] {dag.py:4180} INFO - Setting next_dagrun for example_trigger_controller_dag to 2021-01-01 00:00:00+00:00, run_after=2021-01-01 00:00:00+00:00
[2025-03-27T08:05:17.196+0530] {processor.py:208} INFO - Processing /Users/uk/miniforge3/lib/python3.10/site-packages/airflow/example_dags/example_trigger_controller_dag.py took 0.060 seconds
[2025-03-27T08:06:33.053+0530] {processor.py:186} INFO - Started process (PID=21601) to work on /Users/uk/miniforge3/lib/python3.10/site-packages/airflow/example_dags/example_trigger_controller_dag.py
[2025-03-27T08:06:33.055+0530] {processor.py:914} INFO - Processing file /Users/uk/miniforge3/lib/python3.10/site-packages/airflow/example_dags/example_trigger_controller_dag.py for tasks to queue
[2025-03-27T08:06:33.055+0530] {logging_mixin.py:190} INFO - [2025-03-27T08:06:33.055+0530] {dagbag.py:588} INFO - Filling up the DagBag from /Users/uk/miniforge3/lib/python3.10/site-packages/airflow/example_dags/example_trigger_controller_dag.py
[2025-03-27T08:06:33.060+0530] {processor.py:925} INFO - DAG(s) 'example_trigger_controller_dag' retrieved from /Users/uk/miniforge3/lib/python3.10/site-packages/airflow/example_dags/example_trigger_controller_dag.py
[2025-03-27T08:06:33.099+0530] {logging_mixin.py:190} INFO - [2025-03-27T08:06:33.099+0530] {dag.py:3239} INFO - Sync 1 DAGs
[2025-03-27T08:06:33.106+0530] {logging_mixin.py:190} INFO - [2025-03-27T08:06:33.106+0530] {dag.py:4180} INFO - Setting next_dagrun for example_trigger_controller_dag to 2021-01-01 00:00:00+00:00, run_after=2021-01-01 00:00:00+00:00
[2025-03-27T08:06:33.114+0530] {processor.py:208} INFO - Processing /Users/uk/miniforge3/lib/python3.10/site-packages/airflow/example_dags/example_trigger_controller_dag.py took 0.062 seconds
[2025-03-27T08:07:57.557+0530] {processor.py:186} INFO - Started process (PID=21801) to work on /Users/uk/miniforge3/lib/python3.10/site-packages/airflow/example_dags/example_trigger_controller_dag.py
[2025-03-27T08:07:57.557+0530] {processor.py:914} INFO - Processing file /Users/uk/miniforge3/lib/python3.10/site-packages/airflow/example_dags/example_trigger_controller_dag.py for tasks to queue
[2025-03-27T08:07:57.558+0530] {logging_mixin.py:190} INFO - [2025-03-27T08:07:57.558+0530] {dagbag.py:588} INFO - Filling up the DagBag from /Users/uk/miniforge3/lib/python3.10/site-packages/airflow/example_dags/example_trigger_controller_dag.py
[2025-03-27T08:07:57.562+0530] {processor.py:925} INFO - DAG(s) 'example_trigger_controller_dag' retrieved from /Users/uk/miniforge3/lib/python3.10/site-packages/airflow/example_dags/example_trigger_controller_dag.py
[2025-03-27T08:07:57.600+0530] {logging_mixin.py:190} INFO - [2025-03-27T08:07:57.600+0530] {dag.py:3239} INFO - Sync 1 DAGs
[2025-03-27T08:07:57.606+0530] {logging_mixin.py:190} INFO - [2025-03-27T08:07:57.606+0530] {dag.py:4180} INFO - Setting next_dagrun for example_trigger_controller_dag to 2021-01-01 00:00:00+00:00, run_after=2021-01-01 00:00:00+00:00
[2025-03-27T08:07:57.612+0530] {processor.py:208} INFO - Processing /Users/uk/miniforge3/lib/python3.10/site-packages/airflow/example_dags/example_trigger_controller_dag.py took 0.057 seconds
[2025-03-27T08:09:15.396+0530] {processor.py:186} INFO - Started process (PID=21931) to work on /Users/uk/miniforge3/lib/python3.10/site-packages/airflow/example_dags/example_trigger_controller_dag.py
[2025-03-27T08:09:15.397+0530] {processor.py:914} INFO - Processing file /Users/uk/miniforge3/lib/python3.10/site-packages/airflow/example_dags/example_trigger_controller_dag.py for tasks to queue
[2025-03-27T08:09:15.397+0530] {logging_mixin.py:190} INFO - [2025-03-27T08:09:15.397+0530] {dagbag.py:588} INFO - Filling up the DagBag from /Users/uk/miniforge3/lib/python3.10/site-packages/airflow/example_dags/example_trigger_controller_dag.py
[2025-03-27T08:09:15.403+0530] {processor.py:925} INFO - DAG(s) 'example_trigger_controller_dag' retrieved from /Users/uk/miniforge3/lib/python3.10/site-packages/airflow/example_dags/example_trigger_controller_dag.py
[2025-03-27T08:09:15.447+0530] {logging_mixin.py:190} INFO - [2025-03-27T08:09:15.447+0530] {dag.py:3239} INFO - Sync 1 DAGs
[2025-03-27T08:09:15.456+0530] {logging_mixin.py:190} INFO - [2025-03-27T08:09:15.456+0530] {dag.py:4180} INFO - Setting next_dagrun for example_trigger_controller_dag to 2021-01-01 00:00:00+00:00, run_after=2021-01-01 00:00:00+00:00
[2025-03-27T08:09:15.463+0530] {processor.py:208} INFO - Processing /Users/uk/miniforge3/lib/python3.10/site-packages/airflow/example_dags/example_trigger_controller_dag.py took 0.069 seconds
[2025-03-27T08:10:30.860+0530] {processor.py:186} INFO - Started process (PID=22052) to work on /Users/uk/miniforge3/lib/python3.10/site-packages/airflow/example_dags/example_trigger_controller_dag.py
[2025-03-27T08:10:30.861+0530] {processor.py:914} INFO - Processing file /Users/uk/miniforge3/lib/python3.10/site-packages/airflow/example_dags/example_trigger_controller_dag.py for tasks to queue
[2025-03-27T08:10:30.861+0530] {logging_mixin.py:190} INFO - [2025-03-27T08:10:30.861+0530] {dagbag.py:588} INFO - Filling up the DagBag from /Users/uk/miniforge3/lib/python3.10/site-packages/airflow/example_dags/example_trigger_controller_dag.py
[2025-03-27T08:10:30.866+0530] {processor.py:925} INFO - DAG(s) 'example_trigger_controller_dag' retrieved from /Users/uk/miniforge3/lib/python3.10/site-packages/airflow/example_dags/example_trigger_controller_dag.py
[2025-03-27T08:10:30.905+0530] {logging_mixin.py:190} INFO - [2025-03-27T08:10:30.905+0530] {dag.py:3239} INFO - Sync 1 DAGs
[2025-03-27T08:10:30.912+0530] {logging_mixin.py:190} INFO - [2025-03-27T08:10:30.912+0530] {dag.py:4180} INFO - Setting next_dagrun for example_trigger_controller_dag to 2021-01-01 00:00:00+00:00, run_after=2021-01-01 00:00:00+00:00
[2025-03-27T08:10:30.919+0530] {processor.py:208} INFO - Processing /Users/uk/miniforge3/lib/python3.10/site-packages/airflow/example_dags/example_trigger_controller_dag.py took 0.060 seconds
