[2025-03-27T07:05:50.575+0530] {processor.py:186} INFO - Started process (PID=13069) to work on /Users/uk/miniforge3/lib/python3.10/site-packages/airflow/example_dags/example_branch_day_of_week_operator.py
[2025-03-27T07:05:50.576+0530] {processor.py:914} INFO - Processing file /Users/uk/miniforge3/lib/python3.10/site-packages/airflow/example_dags/example_branch_day_of_week_operator.py for tasks to queue
[2025-03-27T07:05:50.576+0530] {logging_mixin.py:190} INFO - [2025-03-27T07:05:50.576+0530] {dagbag.py:588} INFO - Filling up the DagBag from /Users/uk/miniforge3/lib/python3.10/site-packages/airflow/example_dags/example_branch_day_of_week_operator.py
[2025-03-27T07:05:50.580+0530] {processor.py:925} INFO - DAG(s) 'example_weekday_branch_operator' retrieved from /Users/uk/miniforge3/lib/python3.10/site-packages/airflow/example_dags/example_branch_day_of_week_operator.py
[2025-03-27T07:05:50.619+0530] {logging_mixin.py:190} INFO - [2025-03-27T07:05:50.619+0530] {dag.py:3239} INFO - Sync 1 DAGs
[2025-03-27T07:05:50.627+0530] {logging_mixin.py:190} INFO - [2025-03-27T07:05:50.627+0530] {dag.py:4180} INFO - Setting next_dagrun for example_weekday_branch_operator to 2025-03-26 00:00:00+00:00, run_after=2025-03-27 00:00:00+00:00
[2025-03-27T07:05:50.633+0530] {processor.py:208} INFO - Processing /Users/uk/miniforge3/lib/python3.10/site-packages/airflow/example_dags/example_branch_day_of_week_operator.py took 0.059 seconds
[2025-03-27T07:08:42.784+0530] {processor.py:186} INFO - Started process (PID=13546) to work on /Users/uk/miniforge3/lib/python3.10/site-packages/airflow/example_dags/example_branch_day_of_week_operator.py
[2025-03-27T07:08:42.785+0530] {processor.py:914} INFO - Processing file /Users/uk/miniforge3/lib/python3.10/site-packages/airflow/example_dags/example_branch_day_of_week_operator.py for tasks to queue
[2025-03-27T07:08:42.785+0530] {logging_mixin.py:190} INFO - [2025-03-27T07:08:42.785+0530] {dagbag.py:588} INFO - Filling up the DagBag from /Users/uk/miniforge3/lib/python3.10/site-packages/airflow/example_dags/example_branch_day_of_week_operator.py
[2025-03-27T07:08:42.789+0530] {processor.py:925} INFO - DAG(s) 'example_weekday_branch_operator' retrieved from /Users/uk/miniforge3/lib/python3.10/site-packages/airflow/example_dags/example_branch_day_of_week_operator.py
[2025-03-27T07:08:42.835+0530] {logging_mixin.py:190} INFO - [2025-03-27T07:08:42.835+0530] {dag.py:3239} INFO - Sync 1 DAGs
[2025-03-27T07:08:42.844+0530] {logging_mixin.py:190} INFO - [2025-03-27T07:08:42.844+0530] {dag.py:4180} INFO - Setting next_dagrun for example_weekday_branch_operator to 2025-03-26 00:00:00+00:00, run_after=2025-03-27 00:00:00+00:00
[2025-03-27T07:08:42.852+0530] {processor.py:208} INFO - Processing /Users/uk/miniforge3/lib/python3.10/site-packages/airflow/example_dags/example_branch_day_of_week_operator.py took 0.069 seconds
[2025-03-27T07:11:36.253+0530] {processor.py:186} INFO - Started process (PID=13857) to work on /Users/uk/miniforge3/lib/python3.10/site-packages/airflow/example_dags/example_branch_day_of_week_operator.py
[2025-03-27T07:11:36.253+0530] {processor.py:914} INFO - Processing file /Users/uk/miniforge3/lib/python3.10/site-packages/airflow/example_dags/example_branch_day_of_week_operator.py for tasks to queue
[2025-03-27T07:11:36.254+0530] {logging_mixin.py:190} INFO - [2025-03-27T07:11:36.254+0530] {dagbag.py:588} INFO - Filling up the DagBag from /Users/uk/miniforge3/lib/python3.10/site-packages/airflow/example_dags/example_branch_day_of_week_operator.py
[2025-03-27T07:11:36.258+0530] {processor.py:925} INFO - DAG(s) 'example_weekday_branch_operator' retrieved from /Users/uk/miniforge3/lib/python3.10/site-packages/airflow/example_dags/example_branch_day_of_week_operator.py
[2025-03-27T07:11:36.298+0530] {logging_mixin.py:190} INFO - [2025-03-27T07:11:36.298+0530] {dag.py:3239} INFO - Sync 1 DAGs
[2025-03-27T07:11:36.306+0530] {logging_mixin.py:190} INFO - [2025-03-27T07:11:36.306+0530] {dag.py:4180} INFO - Setting next_dagrun for example_weekday_branch_operator to 2025-03-26 00:00:00+00:00, run_after=2025-03-27 00:00:00+00:00
[2025-03-27T07:11:36.314+0530] {processor.py:208} INFO - Processing /Users/uk/miniforge3/lib/python3.10/site-packages/airflow/example_dags/example_branch_day_of_week_operator.py took 0.062 seconds
[2025-03-27T07:14:07.973+0530] {processor.py:186} INFO - Started process (PID=14120) to work on /Users/uk/miniforge3/lib/python3.10/site-packages/airflow/example_dags/example_branch_day_of_week_operator.py
[2025-03-27T07:14:07.973+0530] {processor.py:914} INFO - Processing file /Users/uk/miniforge3/lib/python3.10/site-packages/airflow/example_dags/example_branch_day_of_week_operator.py for tasks to queue
[2025-03-27T07:14:07.974+0530] {logging_mixin.py:190} INFO - [2025-03-27T07:14:07.974+0530] {dagbag.py:588} INFO - Filling up the DagBag from /Users/uk/miniforge3/lib/python3.10/site-packages/airflow/example_dags/example_branch_day_of_week_operator.py
[2025-03-27T07:14:07.978+0530] {processor.py:925} INFO - DAG(s) 'example_weekday_branch_operator' retrieved from /Users/uk/miniforge3/lib/python3.10/site-packages/airflow/example_dags/example_branch_day_of_week_operator.py
[2025-03-27T07:14:08.017+0530] {logging_mixin.py:190} INFO - [2025-03-27T07:14:08.017+0530] {dag.py:3239} INFO - Sync 1 DAGs
[2025-03-27T07:14:08.024+0530] {logging_mixin.py:190} INFO - [2025-03-27T07:14:08.024+0530] {dag.py:4180} INFO - Setting next_dagrun for example_weekday_branch_operator to 2025-03-26 00:00:00+00:00, run_after=2025-03-27 00:00:00+00:00
[2025-03-27T07:14:08.030+0530] {processor.py:208} INFO - Processing /Users/uk/miniforge3/lib/python3.10/site-packages/airflow/example_dags/example_branch_day_of_week_operator.py took 0.058 seconds
[2025-03-27T07:16:39.659+0530] {processor.py:186} INFO - Started process (PID=14366) to work on /Users/uk/miniforge3/lib/python3.10/site-packages/airflow/example_dags/example_branch_day_of_week_operator.py
[2025-03-27T07:16:39.659+0530] {processor.py:914} INFO - Processing file /Users/uk/miniforge3/lib/python3.10/site-packages/airflow/example_dags/example_branch_day_of_week_operator.py for tasks to queue
[2025-03-27T07:16:39.660+0530] {logging_mixin.py:190} INFO - [2025-03-27T07:16:39.660+0530] {dagbag.py:588} INFO - Filling up the DagBag from /Users/uk/miniforge3/lib/python3.10/site-packages/airflow/example_dags/example_branch_day_of_week_operator.py
[2025-03-27T07:16:39.664+0530] {processor.py:925} INFO - DAG(s) 'example_weekday_branch_operator' retrieved from /Users/uk/miniforge3/lib/python3.10/site-packages/airflow/example_dags/example_branch_day_of_week_operator.py
[2025-03-27T07:16:39.704+0530] {logging_mixin.py:190} INFO - [2025-03-27T07:16:39.703+0530] {dag.py:3239} INFO - Sync 1 DAGs
[2025-03-27T07:16:39.711+0530] {logging_mixin.py:190} INFO - [2025-03-27T07:16:39.711+0530] {dag.py:4180} INFO - Setting next_dagrun for example_weekday_branch_operator to 2025-03-26 00:00:00+00:00, run_after=2025-03-27 00:00:00+00:00
[2025-03-27T07:16:39.717+0530] {processor.py:208} INFO - Processing /Users/uk/miniforge3/lib/python3.10/site-packages/airflow/example_dags/example_branch_day_of_week_operator.py took 0.060 seconds
[2025-03-27T07:19:04.306+0530] {processor.py:186} INFO - Started process (PID=14615) to work on /Users/uk/miniforge3/lib/python3.10/site-packages/airflow/example_dags/example_branch_day_of_week_operator.py
[2025-03-27T07:19:04.307+0530] {processor.py:914} INFO - Processing file /Users/uk/miniforge3/lib/python3.10/site-packages/airflow/example_dags/example_branch_day_of_week_operator.py for tasks to queue
[2025-03-27T07:19:04.308+0530] {logging_mixin.py:190} INFO - [2025-03-27T07:19:04.308+0530] {dagbag.py:588} INFO - Filling up the DagBag from /Users/uk/miniforge3/lib/python3.10/site-packages/airflow/example_dags/example_branch_day_of_week_operator.py
[2025-03-27T07:19:04.313+0530] {processor.py:925} INFO - DAG(s) 'example_weekday_branch_operator' retrieved from /Users/uk/miniforge3/lib/python3.10/site-packages/airflow/example_dags/example_branch_day_of_week_operator.py
[2025-03-27T07:19:04.353+0530] {logging_mixin.py:190} INFO - [2025-03-27T07:19:04.353+0530] {dag.py:3239} INFO - Sync 1 DAGs
[2025-03-27T07:19:04.361+0530] {logging_mixin.py:190} INFO - [2025-03-27T07:19:04.361+0530] {dag.py:4180} INFO - Setting next_dagrun for example_weekday_branch_operator to 2025-03-26 00:00:00+00:00, run_after=2025-03-27 00:00:00+00:00
[2025-03-27T07:19:04.369+0530] {processor.py:208} INFO - Processing /Users/uk/miniforge3/lib/python3.10/site-packages/airflow/example_dags/example_branch_day_of_week_operator.py took 0.064 seconds
[2025-03-27T07:21:29.933+0530] {processor.py:186} INFO - Started process (PID=15136) to work on /Users/uk/miniforge3/lib/python3.10/site-packages/airflow/example_dags/example_branch_day_of_week_operator.py
[2025-03-27T07:21:29.934+0530] {processor.py:914} INFO - Processing file /Users/uk/miniforge3/lib/python3.10/site-packages/airflow/example_dags/example_branch_day_of_week_operator.py for tasks to queue
[2025-03-27T07:21:29.935+0530] {logging_mixin.py:190} INFO - [2025-03-27T07:21:29.935+0530] {dagbag.py:588} INFO - Filling up the DagBag from /Users/uk/miniforge3/lib/python3.10/site-packages/airflow/example_dags/example_branch_day_of_week_operator.py
[2025-03-27T07:21:29.939+0530] {processor.py:925} INFO - DAG(s) 'example_weekday_branch_operator' retrieved from /Users/uk/miniforge3/lib/python3.10/site-packages/airflow/example_dags/example_branch_day_of_week_operator.py
[2025-03-27T07:21:29.978+0530] {logging_mixin.py:190} INFO - [2025-03-27T07:21:29.978+0530] {dag.py:3239} INFO - Sync 1 DAGs
[2025-03-27T07:21:29.986+0530] {logging_mixin.py:190} INFO - [2025-03-27T07:21:29.986+0530] {dag.py:4180} INFO - Setting next_dagrun for example_weekday_branch_operator to 2025-03-26 00:00:00+00:00, run_after=2025-03-27 00:00:00+00:00
[2025-03-27T07:21:29.992+0530] {processor.py:208} INFO - Processing /Users/uk/miniforge3/lib/python3.10/site-packages/airflow/example_dags/example_branch_day_of_week_operator.py took 0.060 seconds
[2025-03-27T07:23:51.636+0530] {processor.py:186} INFO - Started process (PID=15412) to work on /Users/uk/miniforge3/lib/python3.10/site-packages/airflow/example_dags/example_branch_day_of_week_operator.py
[2025-03-27T07:23:51.637+0530] {processor.py:914} INFO - Processing file /Users/uk/miniforge3/lib/python3.10/site-packages/airflow/example_dags/example_branch_day_of_week_operator.py for tasks to queue
[2025-03-27T07:23:51.637+0530] {logging_mixin.py:190} INFO - [2025-03-27T07:23:51.637+0530] {dagbag.py:588} INFO - Filling up the DagBag from /Users/uk/miniforge3/lib/python3.10/site-packages/airflow/example_dags/example_branch_day_of_week_operator.py
[2025-03-27T07:23:51.642+0530] {processor.py:925} INFO - DAG(s) 'example_weekday_branch_operator' retrieved from /Users/uk/miniforge3/lib/python3.10/site-packages/airflow/example_dags/example_branch_day_of_week_operator.py
[2025-03-27T07:23:51.680+0530] {logging_mixin.py:190} INFO - [2025-03-27T07:23:51.680+0530] {dag.py:3239} INFO - Sync 1 DAGs
[2025-03-27T07:23:51.687+0530] {logging_mixin.py:190} INFO - [2025-03-27T07:23:51.687+0530] {dag.py:4180} INFO - Setting next_dagrun for example_weekday_branch_operator to 2025-03-26 00:00:00+00:00, run_after=2025-03-27 00:00:00+00:00
[2025-03-27T07:23:51.693+0530] {processor.py:208} INFO - Processing /Users/uk/miniforge3/lib/python3.10/site-packages/airflow/example_dags/example_branch_day_of_week_operator.py took 0.058 seconds
[2025-03-27T07:26:14.994+0530] {processor.py:186} INFO - Started process (PID=15670) to work on /Users/uk/miniforge3/lib/python3.10/site-packages/airflow/example_dags/example_branch_day_of_week_operator.py
[2025-03-27T07:26:14.995+0530] {processor.py:914} INFO - Processing file /Users/uk/miniforge3/lib/python3.10/site-packages/airflow/example_dags/example_branch_day_of_week_operator.py for tasks to queue
[2025-03-27T07:26:14.996+0530] {logging_mixin.py:190} INFO - [2025-03-27T07:26:14.996+0530] {dagbag.py:588} INFO - Filling up the DagBag from /Users/uk/miniforge3/lib/python3.10/site-packages/airflow/example_dags/example_branch_day_of_week_operator.py
[2025-03-27T07:26:15.000+0530] {processor.py:925} INFO - DAG(s) 'example_weekday_branch_operator' retrieved from /Users/uk/miniforge3/lib/python3.10/site-packages/airflow/example_dags/example_branch_day_of_week_operator.py
[2025-03-27T07:26:15.039+0530] {logging_mixin.py:190} INFO - [2025-03-27T07:26:15.039+0530] {dag.py:3239} INFO - Sync 1 DAGs
[2025-03-27T07:26:15.046+0530] {logging_mixin.py:190} INFO - [2025-03-27T07:26:15.046+0530] {dag.py:4180} INFO - Setting next_dagrun for example_weekday_branch_operator to 2025-03-26 00:00:00+00:00, run_after=2025-03-27 00:00:00+00:00
[2025-03-27T07:26:15.052+0530] {processor.py:208} INFO - Processing /Users/uk/miniforge3/lib/python3.10/site-packages/airflow/example_dags/example_branch_day_of_week_operator.py took 0.059 seconds
[2025-03-27T07:28:42.891+0530] {processor.py:186} INFO - Started process (PID=15914) to work on /Users/uk/miniforge3/lib/python3.10/site-packages/airflow/example_dags/example_branch_day_of_week_operator.py
[2025-03-27T07:28:42.892+0530] {processor.py:914} INFO - Processing file /Users/uk/miniforge3/lib/python3.10/site-packages/airflow/example_dags/example_branch_day_of_week_operator.py for tasks to queue
[2025-03-27T07:28:42.892+0530] {logging_mixin.py:190} INFO - [2025-03-27T07:28:42.892+0530] {dagbag.py:588} INFO - Filling up the DagBag from /Users/uk/miniforge3/lib/python3.10/site-packages/airflow/example_dags/example_branch_day_of_week_operator.py
[2025-03-27T07:28:42.897+0530] {processor.py:925} INFO - DAG(s) 'example_weekday_branch_operator' retrieved from /Users/uk/miniforge3/lib/python3.10/site-packages/airflow/example_dags/example_branch_day_of_week_operator.py
[2025-03-27T07:28:42.936+0530] {logging_mixin.py:190} INFO - [2025-03-27T07:28:42.936+0530] {dag.py:3239} INFO - Sync 1 DAGs
[2025-03-27T07:28:42.943+0530] {logging_mixin.py:190} INFO - [2025-03-27T07:28:42.943+0530] {dag.py:4180} INFO - Setting next_dagrun for example_weekday_branch_operator to 2025-03-26 00:00:00+00:00, run_after=2025-03-27 00:00:00+00:00
[2025-03-27T07:28:42.949+0530] {processor.py:208} INFO - Processing /Users/uk/miniforge3/lib/python3.10/site-packages/airflow/example_dags/example_branch_day_of_week_operator.py took 0.058 seconds
[2025-03-27T07:31:12.825+0530] {processor.py:186} INFO - Started process (PID=16213) to work on /Users/uk/miniforge3/lib/python3.10/site-packages/airflow/example_dags/example_branch_day_of_week_operator.py
[2025-03-27T07:31:12.825+0530] {processor.py:914} INFO - Processing file /Users/uk/miniforge3/lib/python3.10/site-packages/airflow/example_dags/example_branch_day_of_week_operator.py for tasks to queue
[2025-03-27T07:31:12.826+0530] {logging_mixin.py:190} INFO - [2025-03-27T07:31:12.825+0530] {dagbag.py:588} INFO - Filling up the DagBag from /Users/uk/miniforge3/lib/python3.10/site-packages/airflow/example_dags/example_branch_day_of_week_operator.py
[2025-03-27T07:31:12.830+0530] {processor.py:925} INFO - DAG(s) 'example_weekday_branch_operator' retrieved from /Users/uk/miniforge3/lib/python3.10/site-packages/airflow/example_dags/example_branch_day_of_week_operator.py
[2025-03-27T07:31:12.868+0530] {logging_mixin.py:190} INFO - [2025-03-27T07:31:12.868+0530] {dag.py:3239} INFO - Sync 1 DAGs
[2025-03-27T07:31:12.875+0530] {logging_mixin.py:190} INFO - [2025-03-27T07:31:12.875+0530] {dag.py:4180} INFO - Setting next_dagrun for example_weekday_branch_operator to 2025-03-26 00:00:00+00:00, run_after=2025-03-27 00:00:00+00:00
[2025-03-27T07:31:12.882+0530] {processor.py:208} INFO - Processing /Users/uk/miniforge3/lib/python3.10/site-packages/airflow/example_dags/example_branch_day_of_week_operator.py took 0.058 seconds
[2025-03-27T07:33:41.140+0530] {processor.py:186} INFO - Started process (PID=16518) to work on /Users/uk/miniforge3/lib/python3.10/site-packages/airflow/example_dags/example_branch_day_of_week_operator.py
[2025-03-27T07:33:41.141+0530] {processor.py:914} INFO - Processing file /Users/uk/miniforge3/lib/python3.10/site-packages/airflow/example_dags/example_branch_day_of_week_operator.py for tasks to queue
[2025-03-27T07:33:41.142+0530] {logging_mixin.py:190} INFO - [2025-03-27T07:33:41.142+0530] {dagbag.py:588} INFO - Filling up the DagBag from /Users/uk/miniforge3/lib/python3.10/site-packages/airflow/example_dags/example_branch_day_of_week_operator.py
[2025-03-27T07:33:41.146+0530] {processor.py:925} INFO - DAG(s) 'example_weekday_branch_operator' retrieved from /Users/uk/miniforge3/lib/python3.10/site-packages/airflow/example_dags/example_branch_day_of_week_operator.py
[2025-03-27T07:33:41.185+0530] {logging_mixin.py:190} INFO - [2025-03-27T07:33:41.185+0530] {dag.py:3239} INFO - Sync 1 DAGs
[2025-03-27T07:33:41.192+0530] {logging_mixin.py:190} INFO - [2025-03-27T07:33:41.192+0530] {dag.py:4180} INFO - Setting next_dagrun for example_weekday_branch_operator to 2025-03-26 00:00:00+00:00, run_after=2025-03-27 00:00:00+00:00
[2025-03-27T07:33:41.198+0530] {processor.py:208} INFO - Processing /Users/uk/miniforge3/lib/python3.10/site-packages/airflow/example_dags/example_branch_day_of_week_operator.py took 0.059 seconds
[2025-03-27T07:36:11.195+0530] {processor.py:186} INFO - Started process (PID=16797) to work on /Users/uk/miniforge3/lib/python3.10/site-packages/airflow/example_dags/example_branch_day_of_week_operator.py
[2025-03-27T07:36:11.202+0530] {processor.py:914} INFO - Processing file /Users/uk/miniforge3/lib/python3.10/site-packages/airflow/example_dags/example_branch_day_of_week_operator.py for tasks to queue
[2025-03-27T07:36:11.202+0530] {logging_mixin.py:190} INFO - [2025-03-27T07:36:11.202+0530] {dagbag.py:588} INFO - Filling up the DagBag from /Users/uk/miniforge3/lib/python3.10/site-packages/airflow/example_dags/example_branch_day_of_week_operator.py
[2025-03-27T07:36:11.215+0530] {processor.py:925} INFO - DAG(s) 'example_weekday_branch_operator' retrieved from /Users/uk/miniforge3/lib/python3.10/site-packages/airflow/example_dags/example_branch_day_of_week_operator.py
[2025-03-27T07:36:11.259+0530] {logging_mixin.py:190} INFO - [2025-03-27T07:36:11.259+0530] {dag.py:3239} INFO - Sync 1 DAGs
[2025-03-27T07:36:11.268+0530] {logging_mixin.py:190} INFO - [2025-03-27T07:36:11.267+0530] {dag.py:4180} INFO - Setting next_dagrun for example_weekday_branch_operator to 2025-03-26 00:00:00+00:00, run_after=2025-03-27 00:00:00+00:00
[2025-03-27T07:36:11.274+0530] {processor.py:208} INFO - Processing /Users/uk/miniforge3/lib/python3.10/site-packages/airflow/example_dags/example_branch_day_of_week_operator.py took 0.081 seconds
[2025-03-27T07:40:44.638+0530] {processor.py:186} INFO - Started process (PID=17424) to work on /Users/uk/miniforge3/lib/python3.10/site-packages/airflow/example_dags/example_branch_day_of_week_operator.py
[2025-03-27T07:40:44.639+0530] {processor.py:914} INFO - Processing file /Users/uk/miniforge3/lib/python3.10/site-packages/airflow/example_dags/example_branch_day_of_week_operator.py for tasks to queue
[2025-03-27T07:40:44.640+0530] {logging_mixin.py:190} INFO - [2025-03-27T07:40:44.640+0530] {dagbag.py:588} INFO - Filling up the DagBag from /Users/uk/miniforge3/lib/python3.10/site-packages/airflow/example_dags/example_branch_day_of_week_operator.py
[2025-03-27T07:40:44.644+0530] {processor.py:925} INFO - DAG(s) 'example_weekday_branch_operator' retrieved from /Users/uk/miniforge3/lib/python3.10/site-packages/airflow/example_dags/example_branch_day_of_week_operator.py
[2025-03-27T07:40:44.716+0530] {logging_mixin.py:190} INFO - [2025-03-27T07:40:44.716+0530] {override.py:1930} INFO - Created Permission View: can read on DAG:example_weekday_branch_operator
[2025-03-27T07:40:44.720+0530] {logging_mixin.py:190} INFO - [2025-03-27T07:40:44.720+0530] {override.py:1930} INFO - Created Permission View: can delete on DAG:example_weekday_branch_operator
[2025-03-27T07:40:44.722+0530] {logging_mixin.py:190} INFO - [2025-03-27T07:40:44.722+0530] {override.py:1930} INFO - Created Permission View: can edit on DAG:example_weekday_branch_operator
[2025-03-27T07:40:44.725+0530] {logging_mixin.py:190} INFO - [2025-03-27T07:40:44.725+0530] {override.py:1930} INFO - Created Permission View: can create on DAG Run:example_weekday_branch_operator
[2025-03-27T07:40:44.727+0530] {logging_mixin.py:190} INFO - [2025-03-27T07:40:44.727+0530] {override.py:1930} INFO - Created Permission View: can read on DAG Run:example_weekday_branch_operator
[2025-03-27T07:40:44.729+0530] {logging_mixin.py:190} INFO - [2025-03-27T07:40:44.729+0530] {override.py:1930} INFO - Created Permission View: can delete on DAG Run:example_weekday_branch_operator
[2025-03-27T07:40:44.731+0530] {logging_mixin.py:190} INFO - [2025-03-27T07:40:44.731+0530] {override.py:1930} INFO - Created Permission View: menu access on DAG Run:example_weekday_branch_operator
[2025-03-27T07:40:44.731+0530] {logging_mixin.py:190} INFO - [2025-03-27T07:40:44.731+0530] {dag.py:3239} INFO - Sync 1 DAGs
[2025-03-27T07:40:44.736+0530] {logging_mixin.py:190} INFO - [2025-03-27T07:40:44.736+0530] {dag.py:3262} INFO - Creating ORM DAG for example_weekday_branch_operator
[2025-03-27T07:40:44.739+0530] {logging_mixin.py:190} INFO - [2025-03-27T07:40:44.739+0530] {dag.py:4180} INFO - Setting next_dagrun for example_weekday_branch_operator to 2025-03-26 00:00:00+00:00, run_after=2025-03-27 00:00:00+00:00
[2025-03-27T07:40:44.745+0530] {processor.py:208} INFO - Processing /Users/uk/miniforge3/lib/python3.10/site-packages/airflow/example_dags/example_branch_day_of_week_operator.py took 0.108 seconds
[2025-03-27T07:43:17.234+0530] {processor.py:186} INFO - Started process (PID=17765) to work on /Users/uk/miniforge3/lib/python3.10/site-packages/airflow/example_dags/example_branch_day_of_week_operator.py
[2025-03-27T07:43:17.237+0530] {processor.py:914} INFO - Processing file /Users/uk/miniforge3/lib/python3.10/site-packages/airflow/example_dags/example_branch_day_of_week_operator.py for tasks to queue
[2025-03-27T07:43:17.238+0530] {logging_mixin.py:190} INFO - [2025-03-27T07:43:17.238+0530] {dagbag.py:588} INFO - Filling up the DagBag from /Users/uk/miniforge3/lib/python3.10/site-packages/airflow/example_dags/example_branch_day_of_week_operator.py
[2025-03-27T07:43:17.242+0530] {processor.py:925} INFO - DAG(s) 'example_weekday_branch_operator' retrieved from /Users/uk/miniforge3/lib/python3.10/site-packages/airflow/example_dags/example_branch_day_of_week_operator.py
[2025-03-27T07:43:17.281+0530] {logging_mixin.py:190} INFO - [2025-03-27T07:43:17.281+0530] {dag.py:3239} INFO - Sync 1 DAGs
[2025-03-27T07:43:17.289+0530] {logging_mixin.py:190} INFO - [2025-03-27T07:43:17.289+0530] {dag.py:4180} INFO - Setting next_dagrun for example_weekday_branch_operator to 2025-03-26 00:00:00+00:00, run_after=2025-03-27 00:00:00+00:00
[2025-03-27T07:43:17.295+0530] {processor.py:208} INFO - Processing /Users/uk/miniforge3/lib/python3.10/site-packages/airflow/example_dags/example_branch_day_of_week_operator.py took 0.062 seconds
[2025-03-27T07:45:44.947+0530] {processor.py:186} INFO - Started process (PID=18135) to work on /Users/uk/miniforge3/lib/python3.10/site-packages/airflow/example_dags/example_branch_day_of_week_operator.py
[2025-03-27T07:45:44.947+0530] {processor.py:914} INFO - Processing file /Users/uk/miniforge3/lib/python3.10/site-packages/airflow/example_dags/example_branch_day_of_week_operator.py for tasks to queue
[2025-03-27T07:45:44.948+0530] {logging_mixin.py:190} INFO - [2025-03-27T07:45:44.947+0530] {dagbag.py:588} INFO - Filling up the DagBag from /Users/uk/miniforge3/lib/python3.10/site-packages/airflow/example_dags/example_branch_day_of_week_operator.py
[2025-03-27T07:45:44.952+0530] {processor.py:925} INFO - DAG(s) 'example_weekday_branch_operator' retrieved from /Users/uk/miniforge3/lib/python3.10/site-packages/airflow/example_dags/example_branch_day_of_week_operator.py
[2025-03-27T07:45:44.990+0530] {logging_mixin.py:190} INFO - [2025-03-27T07:45:44.990+0530] {dag.py:3239} INFO - Sync 1 DAGs
[2025-03-27T07:45:44.997+0530] {logging_mixin.py:190} INFO - [2025-03-27T07:45:44.997+0530] {dag.py:4180} INFO - Setting next_dagrun for example_weekday_branch_operator to 2025-03-26 00:00:00+00:00, run_after=2025-03-27 00:00:00+00:00
[2025-03-27T07:45:45.004+0530] {processor.py:208} INFO - Processing /Users/uk/miniforge3/lib/python3.10/site-packages/airflow/example_dags/example_branch_day_of_week_operator.py took 0.058 seconds
[2025-03-27T07:47:31.863+0530] {processor.py:186} INFO - Started process (PID=18375) to work on /Users/uk/miniforge3/lib/python3.10/site-packages/airflow/example_dags/example_branch_day_of_week_operator.py
[2025-03-27T07:47:31.865+0530] {processor.py:914} INFO - Processing file /Users/uk/miniforge3/lib/python3.10/site-packages/airflow/example_dags/example_branch_day_of_week_operator.py for tasks to queue
[2025-03-27T07:47:31.866+0530] {logging_mixin.py:190} INFO - [2025-03-27T07:47:31.866+0530] {dagbag.py:588} INFO - Filling up the DagBag from /Users/uk/miniforge3/lib/python3.10/site-packages/airflow/example_dags/example_branch_day_of_week_operator.py
[2025-03-27T07:47:31.882+0530] {processor.py:925} INFO - DAG(s) 'example_weekday_branch_operator' retrieved from /Users/uk/miniforge3/lib/python3.10/site-packages/airflow/example_dags/example_branch_day_of_week_operator.py
[2025-03-27T07:47:31.933+0530] {logging_mixin.py:190} INFO - [2025-03-27T07:47:31.932+0530] {dag.py:3239} INFO - Sync 1 DAGs
[2025-03-27T07:47:31.940+0530] {logging_mixin.py:190} INFO - [2025-03-27T07:47:31.940+0530] {dag.py:4180} INFO - Setting next_dagrun for example_weekday_branch_operator to 2025-03-26 00:00:00+00:00, run_after=2025-03-27 00:00:00+00:00
[2025-03-27T07:47:31.948+0530] {processor.py:208} INFO - Processing /Users/uk/miniforge3/lib/python3.10/site-packages/airflow/example_dags/example_branch_day_of_week_operator.py took 0.086 seconds
[2025-03-27T07:50:07.234+0530] {processor.py:186} INFO - Started process (PID=18641) to work on /Users/uk/miniforge3/lib/python3.10/site-packages/airflow/example_dags/example_branch_day_of_week_operator.py
[2025-03-27T07:50:07.234+0530] {processor.py:914} INFO - Processing file /Users/uk/miniforge3/lib/python3.10/site-packages/airflow/example_dags/example_branch_day_of_week_operator.py for tasks to queue
[2025-03-27T07:50:07.235+0530] {logging_mixin.py:190} INFO - [2025-03-27T07:50:07.234+0530] {dagbag.py:588} INFO - Filling up the DagBag from /Users/uk/miniforge3/lib/python3.10/site-packages/airflow/example_dags/example_branch_day_of_week_operator.py
[2025-03-27T07:50:07.239+0530] {processor.py:925} INFO - DAG(s) 'example_weekday_branch_operator' retrieved from /Users/uk/miniforge3/lib/python3.10/site-packages/airflow/example_dags/example_branch_day_of_week_operator.py
[2025-03-27T07:50:07.277+0530] {logging_mixin.py:190} INFO - [2025-03-27T07:50:07.277+0530] {dag.py:3239} INFO - Sync 1 DAGs
[2025-03-27T07:50:07.284+0530] {logging_mixin.py:190} INFO - [2025-03-27T07:50:07.284+0530] {dag.py:4180} INFO - Setting next_dagrun for example_weekday_branch_operator to 2025-03-26 00:00:00+00:00, run_after=2025-03-27 00:00:00+00:00
[2025-03-27T07:50:07.290+0530] {processor.py:208} INFO - Processing /Users/uk/miniforge3/lib/python3.10/site-packages/airflow/example_dags/example_branch_day_of_week_operator.py took 0.058 seconds
[2025-03-27T07:55:50.864+0530] {processor.py:186} INFO - Started process (PID=20373) to work on /Users/uk/miniforge3/lib/python3.10/site-packages/airflow/example_dags/example_branch_day_of_week_operator.py
[2025-03-27T07:55:50.865+0530] {processor.py:914} INFO - Processing file /Users/uk/miniforge3/lib/python3.10/site-packages/airflow/example_dags/example_branch_day_of_week_operator.py for tasks to queue
[2025-03-27T07:55:50.865+0530] {logging_mixin.py:190} INFO - [2025-03-27T07:55:50.865+0530] {dagbag.py:588} INFO - Filling up the DagBag from /Users/uk/miniforge3/lib/python3.10/site-packages/airflow/example_dags/example_branch_day_of_week_operator.py
[2025-03-27T07:55:50.870+0530] {processor.py:925} INFO - DAG(s) 'example_weekday_branch_operator' retrieved from /Users/uk/miniforge3/lib/python3.10/site-packages/airflow/example_dags/example_branch_day_of_week_operator.py
[2025-03-27T07:55:50.908+0530] {logging_mixin.py:190} INFO - [2025-03-27T07:55:50.908+0530] {dag.py:3239} INFO - Sync 1 DAGs
[2025-03-27T07:55:50.916+0530] {logging_mixin.py:190} INFO - [2025-03-27T07:55:50.916+0530] {dag.py:4180} INFO - Setting next_dagrun for example_weekday_branch_operator to 2025-03-26 00:00:00+00:00, run_after=2025-03-27 00:00:00+00:00
[2025-03-27T07:55:50.922+0530] {processor.py:208} INFO - Processing /Users/uk/miniforge3/lib/python3.10/site-packages/airflow/example_dags/example_branch_day_of_week_operator.py took 0.060 seconds
[2025-03-27T07:58:24.749+0530] {processor.py:186} INFO - Started process (PID=20679) to work on /Users/uk/miniforge3/lib/python3.10/site-packages/airflow/example_dags/example_branch_day_of_week_operator.py
[2025-03-27T07:58:24.749+0530] {processor.py:914} INFO - Processing file /Users/uk/miniforge3/lib/python3.10/site-packages/airflow/example_dags/example_branch_day_of_week_operator.py for tasks to queue
[2025-03-27T07:58:24.750+0530] {logging_mixin.py:190} INFO - [2025-03-27T07:58:24.750+0530] {dagbag.py:588} INFO - Filling up the DagBag from /Users/uk/miniforge3/lib/python3.10/site-packages/airflow/example_dags/example_branch_day_of_week_operator.py
[2025-03-27T07:58:24.754+0530] {processor.py:925} INFO - DAG(s) 'example_weekday_branch_operator' retrieved from /Users/uk/miniforge3/lib/python3.10/site-packages/airflow/example_dags/example_branch_day_of_week_operator.py
[2025-03-27T07:58:24.793+0530] {logging_mixin.py:190} INFO - [2025-03-27T07:58:24.793+0530] {dag.py:3239} INFO - Sync 1 DAGs
[2025-03-27T07:58:24.800+0530] {logging_mixin.py:190} INFO - [2025-03-27T07:58:24.799+0530] {dag.py:4180} INFO - Setting next_dagrun for example_weekday_branch_operator to 2025-03-26 00:00:00+00:00, run_after=2025-03-27 00:00:00+00:00
[2025-03-27T07:58:24.806+0530] {processor.py:208} INFO - Processing /Users/uk/miniforge3/lib/python3.10/site-packages/airflow/example_dags/example_branch_day_of_week_operator.py took 0.058 seconds
[2025-03-27T08:00:55.986+0530] {processor.py:186} INFO - Started process (PID=20964) to work on /Users/uk/miniforge3/lib/python3.10/site-packages/airflow/example_dags/example_branch_day_of_week_operator.py
[2025-03-27T08:00:55.987+0530] {processor.py:914} INFO - Processing file /Users/uk/miniforge3/lib/python3.10/site-packages/airflow/example_dags/example_branch_day_of_week_operator.py for tasks to queue
[2025-03-27T08:00:55.988+0530] {logging_mixin.py:190} INFO - [2025-03-27T08:00:55.988+0530] {dagbag.py:588} INFO - Filling up the DagBag from /Users/uk/miniforge3/lib/python3.10/site-packages/airflow/example_dags/example_branch_day_of_week_operator.py
[2025-03-27T08:00:55.992+0530] {processor.py:925} INFO - DAG(s) 'example_weekday_branch_operator' retrieved from /Users/uk/miniforge3/lib/python3.10/site-packages/airflow/example_dags/example_branch_day_of_week_operator.py
[2025-03-27T08:00:56.031+0530] {logging_mixin.py:190} INFO - [2025-03-27T08:00:56.031+0530] {dag.py:3239} INFO - Sync 1 DAGs
[2025-03-27T08:00:56.038+0530] {logging_mixin.py:190} INFO - [2025-03-27T08:00:56.038+0530] {dag.py:4180} INFO - Setting next_dagrun for example_weekday_branch_operator to 2025-03-26 00:00:00+00:00, run_after=2025-03-27 00:00:00+00:00
[2025-03-27T08:00:56.044+0530] {processor.py:208} INFO - Processing /Users/uk/miniforge3/lib/python3.10/site-packages/airflow/example_dags/example_branch_day_of_week_operator.py took 0.059 seconds
[2025-03-27T08:03:29.337+0530] {processor.py:186} INFO - Started process (PID=21280) to work on /Users/uk/miniforge3/lib/python3.10/site-packages/airflow/example_dags/example_branch_day_of_week_operator.py
[2025-03-27T08:03:29.338+0530] {processor.py:914} INFO - Processing file /Users/uk/miniforge3/lib/python3.10/site-packages/airflow/example_dags/example_branch_day_of_week_operator.py for tasks to queue
[2025-03-27T08:03:29.339+0530] {logging_mixin.py:190} INFO - [2025-03-27T08:03:29.339+0530] {dagbag.py:588} INFO - Filling up the DagBag from /Users/uk/miniforge3/lib/python3.10/site-packages/airflow/example_dags/example_branch_day_of_week_operator.py
[2025-03-27T08:03:29.343+0530] {processor.py:925} INFO - DAG(s) 'example_weekday_branch_operator' retrieved from /Users/uk/miniforge3/lib/python3.10/site-packages/airflow/example_dags/example_branch_day_of_week_operator.py
[2025-03-27T08:03:29.382+0530] {logging_mixin.py:190} INFO - [2025-03-27T08:03:29.382+0530] {dag.py:3239} INFO - Sync 1 DAGs
[2025-03-27T08:03:29.389+0530] {logging_mixin.py:190} INFO - [2025-03-27T08:03:29.389+0530] {dag.py:4180} INFO - Setting next_dagrun for example_weekday_branch_operator to 2025-03-26 00:00:00+00:00, run_after=2025-03-27 00:00:00+00:00
[2025-03-27T08:03:29.396+0530] {processor.py:208} INFO - Processing /Users/uk/miniforge3/lib/python3.10/site-packages/airflow/example_dags/example_branch_day_of_week_operator.py took 0.060 seconds
[2025-03-27T08:05:58.153+0530] {processor.py:186} INFO - Started process (PID=21543) to work on /Users/uk/miniforge3/lib/python3.10/site-packages/airflow/example_dags/example_branch_day_of_week_operator.py
[2025-03-27T08:05:58.154+0530] {processor.py:914} INFO - Processing file /Users/uk/miniforge3/lib/python3.10/site-packages/airflow/example_dags/example_branch_day_of_week_operator.py for tasks to queue
[2025-03-27T08:05:58.155+0530] {logging_mixin.py:190} INFO - [2025-03-27T08:05:58.155+0530] {dagbag.py:588} INFO - Filling up the DagBag from /Users/uk/miniforge3/lib/python3.10/site-packages/airflow/example_dags/example_branch_day_of_week_operator.py
[2025-03-27T08:05:58.161+0530] {processor.py:925} INFO - DAG(s) 'example_weekday_branch_operator' retrieved from /Users/uk/miniforge3/lib/python3.10/site-packages/airflow/example_dags/example_branch_day_of_week_operator.py
[2025-03-27T08:05:58.203+0530] {logging_mixin.py:190} INFO - [2025-03-27T08:05:58.203+0530] {dag.py:3239} INFO - Sync 1 DAGs
[2025-03-27T08:05:58.210+0530] {logging_mixin.py:190} INFO - [2025-03-27T08:05:58.210+0530] {dag.py:4180} INFO - Setting next_dagrun for example_weekday_branch_operator to 2025-03-26 00:00:00+00:00, run_after=2025-03-27 00:00:00+00:00
[2025-03-27T08:05:58.217+0530] {processor.py:208} INFO - Processing /Users/uk/miniforge3/lib/python3.10/site-packages/airflow/example_dags/example_branch_day_of_week_operator.py took 0.065 seconds
[2025-03-27T08:08:37.996+0530] {processor.py:186} INFO - Started process (PID=21870) to work on /Users/uk/miniforge3/lib/python3.10/site-packages/airflow/example_dags/example_branch_day_of_week_operator.py
[2025-03-27T08:08:37.998+0530] {processor.py:914} INFO - Processing file /Users/uk/miniforge3/lib/python3.10/site-packages/airflow/example_dags/example_branch_day_of_week_operator.py for tasks to queue
[2025-03-27T08:08:37.999+0530] {logging_mixin.py:190} INFO - [2025-03-27T08:08:37.999+0530] {dagbag.py:588} INFO - Filling up the DagBag from /Users/uk/miniforge3/lib/python3.10/site-packages/airflow/example_dags/example_branch_day_of_week_operator.py
[2025-03-27T08:08:38.008+0530] {processor.py:925} INFO - DAG(s) 'example_weekday_branch_operator' retrieved from /Users/uk/miniforge3/lib/python3.10/site-packages/airflow/example_dags/example_branch_day_of_week_operator.py
[2025-03-27T08:08:38.060+0530] {logging_mixin.py:190} INFO - [2025-03-27T08:08:38.060+0530] {dag.py:3239} INFO - Sync 1 DAGs
[2025-03-27T08:08:38.070+0530] {logging_mixin.py:190} INFO - [2025-03-27T08:08:38.070+0530] {dag.py:4180} INFO - Setting next_dagrun for example_weekday_branch_operator to 2025-03-26 00:00:00+00:00, run_after=2025-03-27 00:00:00+00:00
[2025-03-27T08:08:38.078+0530] {processor.py:208} INFO - Processing /Users/uk/miniforge3/lib/python3.10/site-packages/airflow/example_dags/example_branch_day_of_week_operator.py took 0.084 seconds
[2025-03-27T08:11:11.521+0530] {processor.py:186} INFO - Started process (PID=22141) to work on /Users/uk/miniforge3/lib/python3.10/site-packages/airflow/example_dags/example_branch_day_of_week_operator.py
[2025-03-27T08:11:11.521+0530] {processor.py:914} INFO - Processing file /Users/uk/miniforge3/lib/python3.10/site-packages/airflow/example_dags/example_branch_day_of_week_operator.py for tasks to queue
[2025-03-27T08:11:11.522+0530] {logging_mixin.py:190} INFO - [2025-03-27T08:11:11.522+0530] {dagbag.py:588} INFO - Filling up the DagBag from /Users/uk/miniforge3/lib/python3.10/site-packages/airflow/example_dags/example_branch_day_of_week_operator.py
[2025-03-27T08:11:11.526+0530] {processor.py:925} INFO - DAG(s) 'example_weekday_branch_operator' retrieved from /Users/uk/miniforge3/lib/python3.10/site-packages/airflow/example_dags/example_branch_day_of_week_operator.py
[2025-03-27T08:11:11.565+0530] {logging_mixin.py:190} INFO - [2025-03-27T08:11:11.565+0530] {dag.py:3239} INFO - Sync 1 DAGs
[2025-03-27T08:11:11.572+0530] {logging_mixin.py:190} INFO - [2025-03-27T08:11:11.572+0530] {dag.py:4180} INFO - Setting next_dagrun for example_weekday_branch_operator to 2025-03-26 00:00:00+00:00, run_after=2025-03-27 00:00:00+00:00
[2025-03-27T08:11:11.579+0530] {processor.py:208} INFO - Processing /Users/uk/miniforge3/lib/python3.10/site-packages/airflow/example_dags/example_branch_day_of_week_operator.py took 0.059 seconds
