[2025-03-27T07:05:39.534+0530] {processor.py:186} INFO - Started process (PID=13052) to work on /Users/uk/miniforge3/lib/python3.10/site-packages/airflow/example_dags/example_dataset_alias.py
[2025-03-27T07:05:39.535+0530] {processor.py:914} INFO - Processing file /Users/uk/miniforge3/lib/python3.10/site-packages/airflow/example_dags/example_dataset_alias.py for tasks to queue
[2025-03-27T07:05:39.535+0530] {logging_mixin.py:190} INFO - [2025-03-27T07:05:39.535+0530] {dagbag.py:588} INFO - Filling up the DagBag from /Users/uk/miniforge3/lib/python3.10/site-packages/airflow/example_dags/example_dataset_alias.py
[2025-03-27T07:05:39.596+0530] {processor.py:925} INFO - DAG(s) 'dataset_s3_bucket_producer', 'dataset_alias_example_alias_producer', 'dataset_alias_example_alias_consumer', 'dataset_s3_bucket_consumer' retrieved from /Users/uk/miniforge3/lib/python3.10/site-packages/airflow/example_dags/example_dataset_alias.py
[2025-03-27T07:05:39.605+0530] {logging_mixin.py:190} INFO - [2025-03-27T07:05:39.605+0530] {dag.py:3239} INFO - Sync 4 DAGs
[2025-03-27T07:05:39.612+0530] {logging_mixin.py:190} INFO - [2025-03-27T07:05:39.611+0530] {dag.py:4180} INFO - Setting next_dagrun for dataset_alias_example_alias_consumer to None, run_after=None
[2025-03-27T07:05:39.612+0530] {logging_mixin.py:190} INFO - [2025-03-27T07:05:39.612+0530] {dag.py:4180} INFO - Setting next_dagrun for dataset_alias_example_alias_producer to None, run_after=None
[2025-03-27T07:05:39.613+0530] {logging_mixin.py:190} INFO - [2025-03-27T07:05:39.613+0530] {dag.py:4180} INFO - Setting next_dagrun for dataset_s3_bucket_consumer to None, run_after=None
[2025-03-27T07:05:39.613+0530] {logging_mixin.py:190} INFO - [2025-03-27T07:05:39.613+0530] {dag.py:4180} INFO - Setting next_dagrun for dataset_s3_bucket_producer to None, run_after=None
[2025-03-27T07:05:39.620+0530] {processor.py:208} INFO - Processing /Users/uk/miniforge3/lib/python3.10/site-packages/airflow/example_dags/example_dataset_alias.py took 0.086 seconds
[2025-03-27T07:08:30.698+0530] {processor.py:186} INFO - Started process (PID=13522) to work on /Users/uk/miniforge3/lib/python3.10/site-packages/airflow/example_dags/example_dataset_alias.py
[2025-03-27T07:08:30.699+0530] {processor.py:914} INFO - Processing file /Users/uk/miniforge3/lib/python3.10/site-packages/airflow/example_dags/example_dataset_alias.py for tasks to queue
[2025-03-27T07:08:30.699+0530] {logging_mixin.py:190} INFO - [2025-03-27T07:08:30.699+0530] {dagbag.py:588} INFO - Filling up the DagBag from /Users/uk/miniforge3/lib/python3.10/site-packages/airflow/example_dags/example_dataset_alias.py
[2025-03-27T07:08:30.767+0530] {processor.py:925} INFO - DAG(s) 'dataset_alias_example_alias_producer', 'dataset_s3_bucket_producer', 'dataset_alias_example_alias_consumer', 'dataset_s3_bucket_consumer' retrieved from /Users/uk/miniforge3/lib/python3.10/site-packages/airflow/example_dags/example_dataset_alias.py
[2025-03-27T07:08:30.787+0530] {logging_mixin.py:190} INFO - [2025-03-27T07:08:30.787+0530] {dag.py:3239} INFO - Sync 4 DAGs
[2025-03-27T07:08:30.795+0530] {logging_mixin.py:190} INFO - [2025-03-27T07:08:30.795+0530] {dag.py:4180} INFO - Setting next_dagrun for dataset_alias_example_alias_consumer to None, run_after=None
[2025-03-27T07:08:30.796+0530] {logging_mixin.py:190} INFO - [2025-03-27T07:08:30.796+0530] {dag.py:4180} INFO - Setting next_dagrun for dataset_alias_example_alias_producer to None, run_after=None
[2025-03-27T07:08:30.797+0530] {logging_mixin.py:190} INFO - [2025-03-27T07:08:30.797+0530] {dag.py:4180} INFO - Setting next_dagrun for dataset_s3_bucket_consumer to None, run_after=None
[2025-03-27T07:08:30.797+0530] {logging_mixin.py:190} INFO - [2025-03-27T07:08:30.797+0530] {dag.py:4180} INFO - Setting next_dagrun for dataset_s3_bucket_producer to None, run_after=None
[2025-03-27T07:08:30.806+0530] {processor.py:208} INFO - Processing /Users/uk/miniforge3/lib/python3.10/site-packages/airflow/example_dags/example_dataset_alias.py took 0.109 seconds
[2025-03-27T07:11:25.509+0530] {processor.py:186} INFO - Started process (PID=13839) to work on /Users/uk/miniforge3/lib/python3.10/site-packages/airflow/example_dags/example_dataset_alias.py
[2025-03-27T07:11:25.509+0530] {processor.py:914} INFO - Processing file /Users/uk/miniforge3/lib/python3.10/site-packages/airflow/example_dags/example_dataset_alias.py for tasks to queue
[2025-03-27T07:11:25.510+0530] {logging_mixin.py:190} INFO - [2025-03-27T07:11:25.510+0530] {dagbag.py:588} INFO - Filling up the DagBag from /Users/uk/miniforge3/lib/python3.10/site-packages/airflow/example_dags/example_dataset_alias.py
[2025-03-27T07:11:25.572+0530] {processor.py:925} INFO - DAG(s) 'dataset_alias_example_alias_producer', 'dataset_s3_bucket_consumer', 'dataset_s3_bucket_producer', 'dataset_alias_example_alias_consumer' retrieved from /Users/uk/miniforge3/lib/python3.10/site-packages/airflow/example_dags/example_dataset_alias.py
[2025-03-27T07:11:25.581+0530] {logging_mixin.py:190} INFO - [2025-03-27T07:11:25.581+0530] {dag.py:3239} INFO - Sync 4 DAGs
[2025-03-27T07:11:25.587+0530] {logging_mixin.py:190} INFO - [2025-03-27T07:11:25.587+0530] {dag.py:4180} INFO - Setting next_dagrun for dataset_alias_example_alias_consumer to None, run_after=None
[2025-03-27T07:11:25.588+0530] {logging_mixin.py:190} INFO - [2025-03-27T07:11:25.588+0530] {dag.py:4180} INFO - Setting next_dagrun for dataset_alias_example_alias_producer to None, run_after=None
[2025-03-27T07:11:25.589+0530] {logging_mixin.py:190} INFO - [2025-03-27T07:11:25.588+0530] {dag.py:4180} INFO - Setting next_dagrun for dataset_s3_bucket_consumer to None, run_after=None
[2025-03-27T07:11:25.589+0530] {logging_mixin.py:190} INFO - [2025-03-27T07:11:25.589+0530] {dag.py:4180} INFO - Setting next_dagrun for dataset_s3_bucket_producer to None, run_after=None
[2025-03-27T07:11:25.596+0530] {processor.py:208} INFO - Processing /Users/uk/miniforge3/lib/python3.10/site-packages/airflow/example_dags/example_dataset_alias.py took 0.088 seconds
[2025-03-27T07:13:55.987+0530] {processor.py:186} INFO - Started process (PID=14102) to work on /Users/uk/miniforge3/lib/python3.10/site-packages/airflow/example_dags/example_dataset_alias.py
[2025-03-27T07:13:55.988+0530] {processor.py:914} INFO - Processing file /Users/uk/miniforge3/lib/python3.10/site-packages/airflow/example_dags/example_dataset_alias.py for tasks to queue
[2025-03-27T07:13:55.988+0530] {logging_mixin.py:190} INFO - [2025-03-27T07:13:55.988+0530] {dagbag.py:588} INFO - Filling up the DagBag from /Users/uk/miniforge3/lib/python3.10/site-packages/airflow/example_dags/example_dataset_alias.py
[2025-03-27T07:13:56.052+0530] {processor.py:925} INFO - DAG(s) 'dataset_alias_example_alias_producer', 'dataset_alias_example_alias_consumer', 'dataset_s3_bucket_consumer', 'dataset_s3_bucket_producer' retrieved from /Users/uk/miniforge3/lib/python3.10/site-packages/airflow/example_dags/example_dataset_alias.py
[2025-03-27T07:13:56.062+0530] {logging_mixin.py:190} INFO - [2025-03-27T07:13:56.062+0530] {dag.py:3239} INFO - Sync 4 DAGs
[2025-03-27T07:13:56.070+0530] {logging_mixin.py:190} INFO - [2025-03-27T07:13:56.070+0530] {dag.py:4180} INFO - Setting next_dagrun for dataset_alias_example_alias_consumer to None, run_after=None
[2025-03-27T07:13:56.071+0530] {logging_mixin.py:190} INFO - [2025-03-27T07:13:56.071+0530] {dag.py:4180} INFO - Setting next_dagrun for dataset_alias_example_alias_producer to None, run_after=None
[2025-03-27T07:13:56.071+0530] {logging_mixin.py:190} INFO - [2025-03-27T07:13:56.071+0530] {dag.py:4180} INFO - Setting next_dagrun for dataset_s3_bucket_consumer to None, run_after=None
[2025-03-27T07:13:56.071+0530] {logging_mixin.py:190} INFO - [2025-03-27T07:13:56.071+0530] {dag.py:4180} INFO - Setting next_dagrun for dataset_s3_bucket_producer to None, run_after=None
[2025-03-27T07:13:56.079+0530] {processor.py:208} INFO - Processing /Users/uk/miniforge3/lib/python3.10/site-packages/airflow/example_dags/example_dataset_alias.py took 0.093 seconds
[2025-03-27T07:16:27.552+0530] {processor.py:186} INFO - Started process (PID=14347) to work on /Users/uk/miniforge3/lib/python3.10/site-packages/airflow/example_dags/example_dataset_alias.py
[2025-03-27T07:16:27.553+0530] {processor.py:914} INFO - Processing file /Users/uk/miniforge3/lib/python3.10/site-packages/airflow/example_dags/example_dataset_alias.py for tasks to queue
[2025-03-27T07:16:27.554+0530] {logging_mixin.py:190} INFO - [2025-03-27T07:16:27.554+0530] {dagbag.py:588} INFO - Filling up the DagBag from /Users/uk/miniforge3/lib/python3.10/site-packages/airflow/example_dags/example_dataset_alias.py
[2025-03-27T07:16:27.615+0530] {processor.py:925} INFO - DAG(s) 'dataset_s3_bucket_consumer', 'dataset_alias_example_alias_consumer', 'dataset_alias_example_alias_producer', 'dataset_s3_bucket_producer' retrieved from /Users/uk/miniforge3/lib/python3.10/site-packages/airflow/example_dags/example_dataset_alias.py
[2025-03-27T07:16:27.625+0530] {logging_mixin.py:190} INFO - [2025-03-27T07:16:27.625+0530] {dag.py:3239} INFO - Sync 4 DAGs
[2025-03-27T07:16:27.632+0530] {logging_mixin.py:190} INFO - [2025-03-27T07:16:27.632+0530] {dag.py:4180} INFO - Setting next_dagrun for dataset_alias_example_alias_consumer to None, run_after=None
[2025-03-27T07:16:27.632+0530] {logging_mixin.py:190} INFO - [2025-03-27T07:16:27.632+0530] {dag.py:4180} INFO - Setting next_dagrun for dataset_alias_example_alias_producer to None, run_after=None
[2025-03-27T07:16:27.633+0530] {logging_mixin.py:190} INFO - [2025-03-27T07:16:27.633+0530] {dag.py:4180} INFO - Setting next_dagrun for dataset_s3_bucket_consumer to None, run_after=None
[2025-03-27T07:16:27.633+0530] {logging_mixin.py:190} INFO - [2025-03-27T07:16:27.633+0530] {dag.py:4180} INFO - Setting next_dagrun for dataset_s3_bucket_producer to None, run_after=None
[2025-03-27T07:16:27.640+0530] {processor.py:208} INFO - Processing /Users/uk/miniforge3/lib/python3.10/site-packages/airflow/example_dags/example_dataset_alias.py took 0.089 seconds
[2025-03-27T07:18:51.285+0530] {processor.py:186} INFO - Started process (PID=14594) to work on /Users/uk/miniforge3/lib/python3.10/site-packages/airflow/example_dags/example_dataset_alias.py
[2025-03-27T07:18:51.286+0530] {processor.py:914} INFO - Processing file /Users/uk/miniforge3/lib/python3.10/site-packages/airflow/example_dags/example_dataset_alias.py for tasks to queue
[2025-03-27T07:18:51.287+0530] {logging_mixin.py:190} INFO - [2025-03-27T07:18:51.286+0530] {dagbag.py:588} INFO - Filling up the DagBag from /Users/uk/miniforge3/lib/python3.10/site-packages/airflow/example_dags/example_dataset_alias.py
[2025-03-27T07:18:51.349+0530] {processor.py:925} INFO - DAG(s) 'dataset_s3_bucket_producer', 'dataset_s3_bucket_consumer', 'dataset_alias_example_alias_consumer', 'dataset_alias_example_alias_producer' retrieved from /Users/uk/miniforge3/lib/python3.10/site-packages/airflow/example_dags/example_dataset_alias.py
[2025-03-27T07:18:51.357+0530] {logging_mixin.py:190} INFO - [2025-03-27T07:18:51.357+0530] {dag.py:3239} INFO - Sync 4 DAGs
[2025-03-27T07:18:51.364+0530] {logging_mixin.py:190} INFO - [2025-03-27T07:18:51.364+0530] {dag.py:4180} INFO - Setting next_dagrun for dataset_alias_example_alias_consumer to None, run_after=None
[2025-03-27T07:18:51.365+0530] {logging_mixin.py:190} INFO - [2025-03-27T07:18:51.365+0530] {dag.py:4180} INFO - Setting next_dagrun for dataset_alias_example_alias_producer to None, run_after=None
[2025-03-27T07:18:51.365+0530] {logging_mixin.py:190} INFO - [2025-03-27T07:18:51.365+0530] {dag.py:4180} INFO - Setting next_dagrun for dataset_s3_bucket_consumer to None, run_after=None
[2025-03-27T07:18:51.365+0530] {logging_mixin.py:190} INFO - [2025-03-27T07:18:51.365+0530] {dag.py:4180} INFO - Setting next_dagrun for dataset_s3_bucket_producer to None, run_after=None
[2025-03-27T07:18:51.372+0530] {processor.py:208} INFO - Processing /Users/uk/miniforge3/lib/python3.10/site-packages/airflow/example_dags/example_dataset_alias.py took 0.088 seconds
[2025-03-27T07:21:17.059+0530] {processor.py:186} INFO - Started process (PID=15117) to work on /Users/uk/miniforge3/lib/python3.10/site-packages/airflow/example_dags/example_dataset_alias.py
[2025-03-27T07:21:17.059+0530] {processor.py:914} INFO - Processing file /Users/uk/miniforge3/lib/python3.10/site-packages/airflow/example_dags/example_dataset_alias.py for tasks to queue
[2025-03-27T07:21:17.060+0530] {logging_mixin.py:190} INFO - [2025-03-27T07:21:17.060+0530] {dagbag.py:588} INFO - Filling up the DagBag from /Users/uk/miniforge3/lib/python3.10/site-packages/airflow/example_dags/example_dataset_alias.py
[2025-03-27T07:21:17.122+0530] {processor.py:925} INFO - DAG(s) 'dataset_s3_bucket_producer', 'dataset_s3_bucket_consumer', 'dataset_alias_example_alias_producer', 'dataset_alias_example_alias_consumer' retrieved from /Users/uk/miniforge3/lib/python3.10/site-packages/airflow/example_dags/example_dataset_alias.py
[2025-03-27T07:21:17.130+0530] {logging_mixin.py:190} INFO - [2025-03-27T07:21:17.130+0530] {dag.py:3239} INFO - Sync 4 DAGs
[2025-03-27T07:21:17.137+0530] {logging_mixin.py:190} INFO - [2025-03-27T07:21:17.137+0530] {dag.py:4180} INFO - Setting next_dagrun for dataset_alias_example_alias_consumer to None, run_after=None
[2025-03-27T07:21:17.138+0530] {logging_mixin.py:190} INFO - [2025-03-27T07:21:17.138+0530] {dag.py:4180} INFO - Setting next_dagrun for dataset_alias_example_alias_producer to None, run_after=None
[2025-03-27T07:21:17.138+0530] {logging_mixin.py:190} INFO - [2025-03-27T07:21:17.138+0530] {dag.py:4180} INFO - Setting next_dagrun for dataset_s3_bucket_consumer to None, run_after=None
[2025-03-27T07:21:17.138+0530] {logging_mixin.py:190} INFO - [2025-03-27T07:21:17.138+0530] {dag.py:4180} INFO - Setting next_dagrun for dataset_s3_bucket_producer to None, run_after=None
[2025-03-27T07:21:17.145+0530] {processor.py:208} INFO - Processing /Users/uk/miniforge3/lib/python3.10/site-packages/airflow/example_dags/example_dataset_alias.py took 0.088 seconds
[2025-03-27T07:23:38.902+0530] {processor.py:186} INFO - Started process (PID=15385) to work on /Users/uk/miniforge3/lib/python3.10/site-packages/airflow/example_dags/example_dataset_alias.py
[2025-03-27T07:23:38.904+0530] {processor.py:914} INFO - Processing file /Users/uk/miniforge3/lib/python3.10/site-packages/airflow/example_dags/example_dataset_alias.py for tasks to queue
[2025-03-27T07:23:38.904+0530] {logging_mixin.py:190} INFO - [2025-03-27T07:23:38.904+0530] {dagbag.py:588} INFO - Filling up the DagBag from /Users/uk/miniforge3/lib/python3.10/site-packages/airflow/example_dags/example_dataset_alias.py
[2025-03-27T07:23:38.966+0530] {processor.py:925} INFO - DAG(s) 'dataset_s3_bucket_producer', 'dataset_alias_example_alias_consumer', 'dataset_s3_bucket_consumer', 'dataset_alias_example_alias_producer' retrieved from /Users/uk/miniforge3/lib/python3.10/site-packages/airflow/example_dags/example_dataset_alias.py
[2025-03-27T07:23:38.975+0530] {logging_mixin.py:190} INFO - [2025-03-27T07:23:38.975+0530] {dag.py:3239} INFO - Sync 4 DAGs
[2025-03-27T07:23:38.982+0530] {logging_mixin.py:190} INFO - [2025-03-27T07:23:38.982+0530] {dag.py:4180} INFO - Setting next_dagrun for dataset_alias_example_alias_consumer to None, run_after=None
[2025-03-27T07:23:38.983+0530] {logging_mixin.py:190} INFO - [2025-03-27T07:23:38.983+0530] {dag.py:4180} INFO - Setting next_dagrun for dataset_alias_example_alias_producer to None, run_after=None
[2025-03-27T07:23:38.983+0530] {logging_mixin.py:190} INFO - [2025-03-27T07:23:38.983+0530] {dag.py:4180} INFO - Setting next_dagrun for dataset_s3_bucket_consumer to None, run_after=None
[2025-03-27T07:23:38.983+0530] {logging_mixin.py:190} INFO - [2025-03-27T07:23:38.983+0530] {dag.py:4180} INFO - Setting next_dagrun for dataset_s3_bucket_producer to None, run_after=None
[2025-03-27T07:23:38.990+0530] {processor.py:208} INFO - Processing /Users/uk/miniforge3/lib/python3.10/site-packages/airflow/example_dags/example_dataset_alias.py took 0.089 seconds
[2025-03-27T07:26:03.341+0530] {processor.py:186} INFO - Started process (PID=15652) to work on /Users/uk/miniforge3/lib/python3.10/site-packages/airflow/example_dags/example_dataset_alias.py
[2025-03-27T07:26:03.341+0530] {processor.py:914} INFO - Processing file /Users/uk/miniforge3/lib/python3.10/site-packages/airflow/example_dags/example_dataset_alias.py for tasks to queue
[2025-03-27T07:26:03.342+0530] {logging_mixin.py:190} INFO - [2025-03-27T07:26:03.342+0530] {dagbag.py:588} INFO - Filling up the DagBag from /Users/uk/miniforge3/lib/python3.10/site-packages/airflow/example_dags/example_dataset_alias.py
[2025-03-27T07:26:03.403+0530] {processor.py:925} INFO - DAG(s) 'dataset_alias_example_alias_producer', 'dataset_s3_bucket_consumer', 'dataset_s3_bucket_producer', 'dataset_alias_example_alias_consumer' retrieved from /Users/uk/miniforge3/lib/python3.10/site-packages/airflow/example_dags/example_dataset_alias.py
[2025-03-27T07:26:03.411+0530] {logging_mixin.py:190} INFO - [2025-03-27T07:26:03.411+0530] {dag.py:3239} INFO - Sync 4 DAGs
[2025-03-27T07:26:03.418+0530] {logging_mixin.py:190} INFO - [2025-03-27T07:26:03.418+0530] {dag.py:4180} INFO - Setting next_dagrun for dataset_alias_example_alias_consumer to None, run_after=None
[2025-03-27T07:26:03.418+0530] {logging_mixin.py:190} INFO - [2025-03-27T07:26:03.418+0530] {dag.py:4180} INFO - Setting next_dagrun for dataset_alias_example_alias_producer to None, run_after=None
[2025-03-27T07:26:03.419+0530] {logging_mixin.py:190} INFO - [2025-03-27T07:26:03.419+0530] {dag.py:4180} INFO - Setting next_dagrun for dataset_s3_bucket_consumer to None, run_after=None
[2025-03-27T07:26:03.419+0530] {logging_mixin.py:190} INFO - [2025-03-27T07:26:03.419+0530] {dag.py:4180} INFO - Setting next_dagrun for dataset_s3_bucket_producer to None, run_after=None
[2025-03-27T07:26:03.426+0530] {processor.py:208} INFO - Processing /Users/uk/miniforge3/lib/python3.10/site-packages/airflow/example_dags/example_dataset_alias.py took 0.086 seconds
[2025-03-27T07:28:30.894+0530] {processor.py:186} INFO - Started process (PID=15890) to work on /Users/uk/miniforge3/lib/python3.10/site-packages/airflow/example_dags/example_dataset_alias.py
[2025-03-27T07:28:30.895+0530] {processor.py:914} INFO - Processing file /Users/uk/miniforge3/lib/python3.10/site-packages/airflow/example_dags/example_dataset_alias.py for tasks to queue
[2025-03-27T07:28:30.895+0530] {logging_mixin.py:190} INFO - [2025-03-27T07:28:30.895+0530] {dagbag.py:588} INFO - Filling up the DagBag from /Users/uk/miniforge3/lib/python3.10/site-packages/airflow/example_dags/example_dataset_alias.py
[2025-03-27T07:28:30.961+0530] {processor.py:925} INFO - DAG(s) 'dataset_s3_bucket_producer', 'dataset_alias_example_alias_producer', 'dataset_s3_bucket_consumer', 'dataset_alias_example_alias_consumer' retrieved from /Users/uk/miniforge3/lib/python3.10/site-packages/airflow/example_dags/example_dataset_alias.py
[2025-03-27T07:28:30.974+0530] {logging_mixin.py:190} INFO - [2025-03-27T07:28:30.974+0530] {dag.py:3239} INFO - Sync 4 DAGs
[2025-03-27T07:28:30.981+0530] {logging_mixin.py:190} INFO - [2025-03-27T07:28:30.981+0530] {dag.py:4180} INFO - Setting next_dagrun for dataset_alias_example_alias_consumer to None, run_after=None
[2025-03-27T07:28:30.982+0530] {logging_mixin.py:190} INFO - [2025-03-27T07:28:30.982+0530] {dag.py:4180} INFO - Setting next_dagrun for dataset_alias_example_alias_producer to None, run_after=None
[2025-03-27T07:28:30.982+0530] {logging_mixin.py:190} INFO - [2025-03-27T07:28:30.982+0530] {dag.py:4180} INFO - Setting next_dagrun for dataset_s3_bucket_consumer to None, run_after=None
[2025-03-27T07:28:30.982+0530] {logging_mixin.py:190} INFO - [2025-03-27T07:28:30.982+0530] {dag.py:4180} INFO - Setting next_dagrun for dataset_s3_bucket_producer to None, run_after=None
[2025-03-27T07:28:30.989+0530] {processor.py:208} INFO - Processing /Users/uk/miniforge3/lib/python3.10/site-packages/airflow/example_dags/example_dataset_alias.py took 0.096 seconds
[2025-03-27T07:30:59.945+0530] {processor.py:186} INFO - Started process (PID=16177) to work on /Users/uk/miniforge3/lib/python3.10/site-packages/airflow/example_dags/example_dataset_alias.py
[2025-03-27T07:30:59.946+0530] {processor.py:914} INFO - Processing file /Users/uk/miniforge3/lib/python3.10/site-packages/airflow/example_dags/example_dataset_alias.py for tasks to queue
[2025-03-27T07:30:59.947+0530] {logging_mixin.py:190} INFO - [2025-03-27T07:30:59.947+0530] {dagbag.py:588} INFO - Filling up the DagBag from /Users/uk/miniforge3/lib/python3.10/site-packages/airflow/example_dags/example_dataset_alias.py
[2025-03-27T07:31:00.047+0530] {processor.py:925} INFO - DAG(s) 'dataset_alias_example_alias_consumer', 'dataset_s3_bucket_producer', 'dataset_s3_bucket_consumer', 'dataset_alias_example_alias_producer' retrieved from /Users/uk/miniforge3/lib/python3.10/site-packages/airflow/example_dags/example_dataset_alias.py
[2025-03-27T07:31:00.057+0530] {logging_mixin.py:190} INFO - [2025-03-27T07:31:00.057+0530] {dag.py:3239} INFO - Sync 4 DAGs
[2025-03-27T07:31:00.065+0530] {logging_mixin.py:190} INFO - [2025-03-27T07:31:00.065+0530] {dag.py:4180} INFO - Setting next_dagrun for dataset_alias_example_alias_consumer to None, run_after=None
[2025-03-27T07:31:00.066+0530] {logging_mixin.py:190} INFO - [2025-03-27T07:31:00.066+0530] {dag.py:4180} INFO - Setting next_dagrun for dataset_alias_example_alias_producer to None, run_after=None
[2025-03-27T07:31:00.066+0530] {logging_mixin.py:190} INFO - [2025-03-27T07:31:00.066+0530] {dag.py:4180} INFO - Setting next_dagrun for dataset_s3_bucket_consumer to None, run_after=None
[2025-03-27T07:31:00.067+0530] {logging_mixin.py:190} INFO - [2025-03-27T07:31:00.066+0530] {dag.py:4180} INFO - Setting next_dagrun for dataset_s3_bucket_producer to None, run_after=None
[2025-03-27T07:31:00.074+0530] {processor.py:208} INFO - Processing /Users/uk/miniforge3/lib/python3.10/site-packages/airflow/example_dags/example_dataset_alias.py took 0.130 seconds
[2025-03-27T07:33:29.302+0530] {processor.py:186} INFO - Started process (PID=16480) to work on /Users/uk/miniforge3/lib/python3.10/site-packages/airflow/example_dags/example_dataset_alias.py
[2025-03-27T07:33:29.303+0530] {processor.py:914} INFO - Processing file /Users/uk/miniforge3/lib/python3.10/site-packages/airflow/example_dags/example_dataset_alias.py for tasks to queue
[2025-03-27T07:33:29.303+0530] {logging_mixin.py:190} INFO - [2025-03-27T07:33:29.303+0530] {dagbag.py:588} INFO - Filling up the DagBag from /Users/uk/miniforge3/lib/python3.10/site-packages/airflow/example_dags/example_dataset_alias.py
[2025-03-27T07:33:29.364+0530] {processor.py:925} INFO - DAG(s) 'dataset_s3_bucket_producer', 'dataset_alias_example_alias_consumer', 'dataset_s3_bucket_consumer', 'dataset_alias_example_alias_producer' retrieved from /Users/uk/miniforge3/lib/python3.10/site-packages/airflow/example_dags/example_dataset_alias.py
[2025-03-27T07:33:29.373+0530] {logging_mixin.py:190} INFO - [2025-03-27T07:33:29.373+0530] {dag.py:3239} INFO - Sync 4 DAGs
[2025-03-27T07:33:29.380+0530] {logging_mixin.py:190} INFO - [2025-03-27T07:33:29.379+0530] {dag.py:4180} INFO - Setting next_dagrun for dataset_alias_example_alias_consumer to None, run_after=None
[2025-03-27T07:33:29.380+0530] {logging_mixin.py:190} INFO - [2025-03-27T07:33:29.380+0530] {dag.py:4180} INFO - Setting next_dagrun for dataset_alias_example_alias_producer to None, run_after=None
[2025-03-27T07:33:29.381+0530] {logging_mixin.py:190} INFO - [2025-03-27T07:33:29.381+0530] {dag.py:4180} INFO - Setting next_dagrun for dataset_s3_bucket_consumer to None, run_after=None
[2025-03-27T07:33:29.381+0530] {logging_mixin.py:190} INFO - [2025-03-27T07:33:29.381+0530] {dag.py:4180} INFO - Setting next_dagrun for dataset_s3_bucket_producer to None, run_after=None
[2025-03-27T07:33:29.388+0530] {processor.py:208} INFO - Processing /Users/uk/miniforge3/lib/python3.10/site-packages/airflow/example_dags/example_dataset_alias.py took 0.087 seconds
[2025-03-27T07:36:00.061+0530] {processor.py:186} INFO - Started process (PID=16779) to work on /Users/uk/miniforge3/lib/python3.10/site-packages/airflow/example_dags/example_dataset_alias.py
[2025-03-27T07:36:00.061+0530] {processor.py:914} INFO - Processing file /Users/uk/miniforge3/lib/python3.10/site-packages/airflow/example_dags/example_dataset_alias.py for tasks to queue
[2025-03-27T07:36:00.062+0530] {logging_mixin.py:190} INFO - [2025-03-27T07:36:00.062+0530] {dagbag.py:588} INFO - Filling up the DagBag from /Users/uk/miniforge3/lib/python3.10/site-packages/airflow/example_dags/example_dataset_alias.py
[2025-03-27T07:36:00.126+0530] {processor.py:925} INFO - DAG(s) 'dataset_s3_bucket_producer', 'dataset_s3_bucket_consumer', 'dataset_alias_example_alias_consumer', 'dataset_alias_example_alias_producer' retrieved from /Users/uk/miniforge3/lib/python3.10/site-packages/airflow/example_dags/example_dataset_alias.py
[2025-03-27T07:36:00.134+0530] {logging_mixin.py:190} INFO - [2025-03-27T07:36:00.134+0530] {dag.py:3239} INFO - Sync 4 DAGs
[2025-03-27T07:36:00.140+0530] {logging_mixin.py:190} INFO - [2025-03-27T07:36:00.140+0530] {dag.py:4180} INFO - Setting next_dagrun for dataset_alias_example_alias_consumer to None, run_after=None
[2025-03-27T07:36:00.141+0530] {logging_mixin.py:190} INFO - [2025-03-27T07:36:00.141+0530] {dag.py:4180} INFO - Setting next_dagrun for dataset_alias_example_alias_producer to None, run_after=None
[2025-03-27T07:36:00.141+0530] {logging_mixin.py:190} INFO - [2025-03-27T07:36:00.141+0530] {dag.py:4180} INFO - Setting next_dagrun for dataset_s3_bucket_consumer to None, run_after=None
[2025-03-27T07:36:00.142+0530] {logging_mixin.py:190} INFO - [2025-03-27T07:36:00.142+0530] {dag.py:4180} INFO - Setting next_dagrun for dataset_s3_bucket_producer to None, run_after=None
[2025-03-27T07:36:00.149+0530] {processor.py:208} INFO - Processing /Users/uk/miniforge3/lib/python3.10/site-packages/airflow/example_dags/example_dataset_alias.py took 0.089 seconds
[2025-03-27T07:40:31.654+0530] {processor.py:186} INFO - Started process (PID=17395) to work on /Users/uk/miniforge3/lib/python3.10/site-packages/airflow/example_dags/example_dataset_alias.py
[2025-03-27T07:40:31.655+0530] {processor.py:914} INFO - Processing file /Users/uk/miniforge3/lib/python3.10/site-packages/airflow/example_dags/example_dataset_alias.py for tasks to queue
[2025-03-27T07:40:31.656+0530] {logging_mixin.py:190} INFO - [2025-03-27T07:40:31.656+0530] {dagbag.py:588} INFO - Filling up the DagBag from /Users/uk/miniforge3/lib/python3.10/site-packages/airflow/example_dags/example_dataset_alias.py
[2025-03-27T07:40:31.723+0530] {processor.py:925} INFO - DAG(s) 'dataset_s3_bucket_producer', 'dataset_alias_example_alias_producer', 'dataset_alias_example_alias_consumer', 'dataset_s3_bucket_consumer' retrieved from /Users/uk/miniforge3/lib/python3.10/site-packages/airflow/example_dags/example_dataset_alias.py
[2025-03-27T07:40:31.763+0530] {logging_mixin.py:190} INFO - [2025-03-27T07:40:31.763+0530] {override.py:1930} INFO - Created Permission View: can read on DAG:dataset_s3_bucket_producer
[2025-03-27T07:40:31.766+0530] {logging_mixin.py:190} INFO - [2025-03-27T07:40:31.766+0530] {override.py:1930} INFO - Created Permission View: can delete on DAG:dataset_s3_bucket_producer
[2025-03-27T07:40:31.768+0530] {logging_mixin.py:190} INFO - [2025-03-27T07:40:31.768+0530] {override.py:1930} INFO - Created Permission View: can edit on DAG:dataset_s3_bucket_producer
[2025-03-27T07:40:31.771+0530] {logging_mixin.py:190} INFO - [2025-03-27T07:40:31.771+0530] {override.py:1930} INFO - Created Permission View: can read on DAG Run:dataset_s3_bucket_producer
[2025-03-27T07:40:31.774+0530] {logging_mixin.py:190} INFO - [2025-03-27T07:40:31.774+0530] {override.py:1930} INFO - Created Permission View: can delete on DAG Run:dataset_s3_bucket_producer
[2025-03-27T07:40:31.776+0530] {logging_mixin.py:190} INFO - [2025-03-27T07:40:31.776+0530] {override.py:1930} INFO - Created Permission View: can create on DAG Run:dataset_s3_bucket_producer
[2025-03-27T07:40:31.778+0530] {logging_mixin.py:190} INFO - [2025-03-27T07:40:31.778+0530] {override.py:1930} INFO - Created Permission View: menu access on DAG Run:dataset_s3_bucket_producer
[2025-03-27T07:40:31.783+0530] {logging_mixin.py:190} INFO - [2025-03-27T07:40:31.783+0530] {override.py:1930} INFO - Created Permission View: can read on DAG:dataset_alias_example_alias_producer
[2025-03-27T07:40:31.785+0530] {logging_mixin.py:190} INFO - [2025-03-27T07:40:31.785+0530] {override.py:1930} INFO - Created Permission View: can delete on DAG:dataset_alias_example_alias_producer
[2025-03-27T07:40:31.788+0530] {logging_mixin.py:190} INFO - [2025-03-27T07:40:31.787+0530] {override.py:1930} INFO - Created Permission View: can edit on DAG:dataset_alias_example_alias_producer
[2025-03-27T07:40:31.792+0530] {logging_mixin.py:190} INFO - [2025-03-27T07:40:31.791+0530] {override.py:1930} INFO - Created Permission View: can read on DAG Run:dataset_alias_example_alias_producer
[2025-03-27T07:40:31.794+0530] {logging_mixin.py:190} INFO - [2025-03-27T07:40:31.794+0530] {override.py:1930} INFO - Created Permission View: can delete on DAG Run:dataset_alias_example_alias_producer
[2025-03-27T07:40:31.796+0530] {logging_mixin.py:190} INFO - [2025-03-27T07:40:31.796+0530] {override.py:1930} INFO - Created Permission View: can create on DAG Run:dataset_alias_example_alias_producer
[2025-03-27T07:40:31.799+0530] {logging_mixin.py:190} INFO - [2025-03-27T07:40:31.798+0530] {override.py:1930} INFO - Created Permission View: menu access on DAG Run:dataset_alias_example_alias_producer
[2025-03-27T07:40:31.803+0530] {logging_mixin.py:190} INFO - [2025-03-27T07:40:31.803+0530] {override.py:1930} INFO - Created Permission View: can read on DAG:dataset_alias_example_alias_consumer
[2025-03-27T07:40:31.805+0530] {logging_mixin.py:190} INFO - [2025-03-27T07:40:31.805+0530] {override.py:1930} INFO - Created Permission View: can delete on DAG:dataset_alias_example_alias_consumer
[2025-03-27T07:40:31.808+0530] {logging_mixin.py:190} INFO - [2025-03-27T07:40:31.808+0530] {override.py:1930} INFO - Created Permission View: can edit on DAG:dataset_alias_example_alias_consumer
[2025-03-27T07:40:31.811+0530] {logging_mixin.py:190} INFO - [2025-03-27T07:40:31.810+0530] {override.py:1930} INFO - Created Permission View: can read on DAG Run:dataset_alias_example_alias_consumer
[2025-03-27T07:40:31.813+0530] {logging_mixin.py:190} INFO - [2025-03-27T07:40:31.813+0530] {override.py:1930} INFO - Created Permission View: can delete on DAG Run:dataset_alias_example_alias_consumer
[2025-03-27T07:40:31.816+0530] {logging_mixin.py:190} INFO - [2025-03-27T07:40:31.816+0530] {override.py:1930} INFO - Created Permission View: can create on DAG Run:dataset_alias_example_alias_consumer
[2025-03-27T07:40:31.819+0530] {logging_mixin.py:190} INFO - [2025-03-27T07:40:31.818+0530] {override.py:1930} INFO - Created Permission View: menu access on DAG Run:dataset_alias_example_alias_consumer
[2025-03-27T07:40:31.827+0530] {logging_mixin.py:190} INFO - [2025-03-27T07:40:31.827+0530] {override.py:1930} INFO - Created Permission View: can read on DAG:dataset_s3_bucket_consumer
[2025-03-27T07:40:31.830+0530] {logging_mixin.py:190} INFO - [2025-03-27T07:40:31.829+0530] {override.py:1930} INFO - Created Permission View: can delete on DAG:dataset_s3_bucket_consumer
[2025-03-27T07:40:31.832+0530] {logging_mixin.py:190} INFO - [2025-03-27T07:40:31.832+0530] {override.py:1930} INFO - Created Permission View: can edit on DAG:dataset_s3_bucket_consumer
[2025-03-27T07:40:31.834+0530] {logging_mixin.py:190} INFO - [2025-03-27T07:40:31.834+0530] {override.py:1930} INFO - Created Permission View: can read on DAG Run:dataset_s3_bucket_consumer
[2025-03-27T07:40:31.837+0530] {logging_mixin.py:190} INFO - [2025-03-27T07:40:31.837+0530] {override.py:1930} INFO - Created Permission View: can delete on DAG Run:dataset_s3_bucket_consumer
[2025-03-27T07:40:31.839+0530] {logging_mixin.py:190} INFO - [2025-03-27T07:40:31.839+0530] {override.py:1930} INFO - Created Permission View: can create on DAG Run:dataset_s3_bucket_consumer
[2025-03-27T07:40:31.841+0530] {logging_mixin.py:190} INFO - [2025-03-27T07:40:31.841+0530] {override.py:1930} INFO - Created Permission View: menu access on DAG Run:dataset_s3_bucket_consumer
[2025-03-27T07:40:31.841+0530] {logging_mixin.py:190} INFO - [2025-03-27T07:40:31.841+0530] {dag.py:3239} INFO - Sync 4 DAGs
[2025-03-27T07:40:31.846+0530] {logging_mixin.py:190} INFO - [2025-03-27T07:40:31.846+0530] {dag.py:3262} INFO - Creating ORM DAG for dataset_alias_example_alias_producer
[2025-03-27T07:40:31.846+0530] {logging_mixin.py:190} INFO - [2025-03-27T07:40:31.846+0530] {dag.py:3262} INFO - Creating ORM DAG for dataset_alias_example_alias_consumer
[2025-03-27T07:40:31.846+0530] {logging_mixin.py:190} INFO - [2025-03-27T07:40:31.846+0530] {dag.py:3262} INFO - Creating ORM DAG for dataset_s3_bucket_consumer
[2025-03-27T07:40:31.847+0530] {logging_mixin.py:190} INFO - [2025-03-27T07:40:31.847+0530] {dag.py:3262} INFO - Creating ORM DAG for dataset_s3_bucket_producer
[2025-03-27T07:40:31.849+0530] {logging_mixin.py:190} INFO - [2025-03-27T07:40:31.849+0530] {dag.py:4180} INFO - Setting next_dagrun for dataset_alias_example_alias_consumer to None, run_after=None
[2025-03-27T07:40:31.850+0530] {logging_mixin.py:190} INFO - [2025-03-27T07:40:31.850+0530] {dag.py:4180} INFO - Setting next_dagrun for dataset_alias_example_alias_producer to None, run_after=None
[2025-03-27T07:40:31.850+0530] {logging_mixin.py:190} INFO - [2025-03-27T07:40:31.850+0530] {dag.py:4180} INFO - Setting next_dagrun for dataset_s3_bucket_consumer to None, run_after=None
[2025-03-27T07:40:31.850+0530] {logging_mixin.py:190} INFO - [2025-03-27T07:40:31.850+0530] {dag.py:4180} INFO - Setting next_dagrun for dataset_s3_bucket_producer to None, run_after=None
[2025-03-27T07:40:32.061+0530] {processor.py:208} INFO - Processing /Users/uk/miniforge3/lib/python3.10/site-packages/airflow/example_dags/example_dataset_alias.py took 0.408 seconds
[2025-03-27T07:43:04.400+0530] {processor.py:186} INFO - Started process (PID=17738) to work on /Users/uk/miniforge3/lib/python3.10/site-packages/airflow/example_dags/example_dataset_alias.py
[2025-03-27T07:43:04.401+0530] {processor.py:914} INFO - Processing file /Users/uk/miniforge3/lib/python3.10/site-packages/airflow/example_dags/example_dataset_alias.py for tasks to queue
[2025-03-27T07:43:04.402+0530] {logging_mixin.py:190} INFO - [2025-03-27T07:43:04.401+0530] {dagbag.py:588} INFO - Filling up the DagBag from /Users/uk/miniforge3/lib/python3.10/site-packages/airflow/example_dags/example_dataset_alias.py
[2025-03-27T07:43:04.462+0530] {processor.py:925} INFO - DAG(s) 'dataset_s3_bucket_producer', 'dataset_alias_example_alias_consumer', 'dataset_alias_example_alias_producer', 'dataset_s3_bucket_consumer' retrieved from /Users/uk/miniforge3/lib/python3.10/site-packages/airflow/example_dags/example_dataset_alias.py
[2025-03-27T07:43:04.470+0530] {logging_mixin.py:190} INFO - [2025-03-27T07:43:04.470+0530] {dag.py:3239} INFO - Sync 4 DAGs
[2025-03-27T07:43:04.478+0530] {logging_mixin.py:190} INFO - [2025-03-27T07:43:04.477+0530] {dag.py:4180} INFO - Setting next_dagrun for dataset_alias_example_alias_consumer to None, run_after=None
[2025-03-27T07:43:04.478+0530] {logging_mixin.py:190} INFO - [2025-03-27T07:43:04.478+0530] {dag.py:4180} INFO - Setting next_dagrun for dataset_alias_example_alias_producer to None, run_after=None
[2025-03-27T07:43:04.479+0530] {logging_mixin.py:190} INFO - [2025-03-27T07:43:04.479+0530] {dag.py:4180} INFO - Setting next_dagrun for dataset_s3_bucket_consumer to None, run_after=None
[2025-03-27T07:43:04.479+0530] {logging_mixin.py:190} INFO - [2025-03-27T07:43:04.479+0530] {dag.py:4180} INFO - Setting next_dagrun for dataset_s3_bucket_producer to None, run_after=None
[2025-03-27T07:43:04.486+0530] {processor.py:208} INFO - Processing /Users/uk/miniforge3/lib/python3.10/site-packages/airflow/example_dags/example_dataset_alias.py took 0.088 seconds
[2025-03-27T07:45:31.997+0530] {processor.py:186} INFO - Started process (PID=18109) to work on /Users/uk/miniforge3/lib/python3.10/site-packages/airflow/example_dags/example_dataset_alias.py
[2025-03-27T07:45:31.998+0530] {processor.py:914} INFO - Processing file /Users/uk/miniforge3/lib/python3.10/site-packages/airflow/example_dags/example_dataset_alias.py for tasks to queue
[2025-03-27T07:45:31.998+0530] {logging_mixin.py:190} INFO - [2025-03-27T07:45:31.998+0530] {dagbag.py:588} INFO - Filling up the DagBag from /Users/uk/miniforge3/lib/python3.10/site-packages/airflow/example_dags/example_dataset_alias.py
[2025-03-27T07:45:32.059+0530] {processor.py:925} INFO - DAG(s) 'dataset_alias_example_alias_producer', 'dataset_s3_bucket_producer', 'dataset_alias_example_alias_consumer', 'dataset_s3_bucket_consumer' retrieved from /Users/uk/miniforge3/lib/python3.10/site-packages/airflow/example_dags/example_dataset_alias.py
[2025-03-27T07:45:32.068+0530] {logging_mixin.py:190} INFO - [2025-03-27T07:45:32.067+0530] {dag.py:3239} INFO - Sync 4 DAGs
[2025-03-27T07:45:32.074+0530] {logging_mixin.py:190} INFO - [2025-03-27T07:45:32.074+0530] {dag.py:4180} INFO - Setting next_dagrun for dataset_alias_example_alias_consumer to None, run_after=None
[2025-03-27T07:45:32.076+0530] {logging_mixin.py:190} INFO - [2025-03-27T07:45:32.076+0530] {dag.py:4180} INFO - Setting next_dagrun for dataset_alias_example_alias_producer to None, run_after=None
[2025-03-27T07:45:32.076+0530] {logging_mixin.py:190} INFO - [2025-03-27T07:45:32.076+0530] {dag.py:4180} INFO - Setting next_dagrun for dataset_s3_bucket_consumer to None, run_after=None
[2025-03-27T07:45:32.077+0530] {logging_mixin.py:190} INFO - [2025-03-27T07:45:32.077+0530] {dag.py:4180} INFO - Setting next_dagrun for dataset_s3_bucket_producer to None, run_after=None
[2025-03-27T07:45:32.084+0530] {processor.py:208} INFO - Processing /Users/uk/miniforge3/lib/python3.10/site-packages/airflow/example_dags/example_dataset_alias.py took 0.088 seconds
[2025-03-27T07:47:17.995+0530] {processor.py:186} INFO - Started process (PID=18346) to work on /Users/uk/miniforge3/lib/python3.10/site-packages/airflow/example_dags/example_dataset_alias.py
[2025-03-27T07:47:17.995+0530] {processor.py:914} INFO - Processing file /Users/uk/miniforge3/lib/python3.10/site-packages/airflow/example_dags/example_dataset_alias.py for tasks to queue
[2025-03-27T07:47:17.996+0530] {logging_mixin.py:190} INFO - [2025-03-27T07:47:17.996+0530] {dagbag.py:588} INFO - Filling up the DagBag from /Users/uk/miniforge3/lib/python3.10/site-packages/airflow/example_dags/example_dataset_alias.py
[2025-03-27T07:47:18.061+0530] {processor.py:925} INFO - DAG(s) 'dataset_s3_bucket_producer', 'dataset_alias_example_alias_consumer', 'dataset_s3_bucket_consumer', 'dataset_alias_example_alias_producer' retrieved from /Users/uk/miniforge3/lib/python3.10/site-packages/airflow/example_dags/example_dataset_alias.py
[2025-03-27T07:47:18.070+0530] {logging_mixin.py:190} INFO - [2025-03-27T07:47:18.070+0530] {dag.py:3239} INFO - Sync 4 DAGs
[2025-03-27T07:47:18.077+0530] {logging_mixin.py:190} INFO - [2025-03-27T07:47:18.077+0530] {dag.py:4180} INFO - Setting next_dagrun for dataset_alias_example_alias_consumer to None, run_after=None
[2025-03-27T07:47:18.077+0530] {logging_mixin.py:190} INFO - [2025-03-27T07:47:18.077+0530] {dag.py:4180} INFO - Setting next_dagrun for dataset_alias_example_alias_producer to None, run_after=None
[2025-03-27T07:47:18.078+0530] {logging_mixin.py:190} INFO - [2025-03-27T07:47:18.078+0530] {dag.py:4180} INFO - Setting next_dagrun for dataset_s3_bucket_consumer to None, run_after=None
[2025-03-27T07:47:18.078+0530] {logging_mixin.py:190} INFO - [2025-03-27T07:47:18.078+0530] {dag.py:4180} INFO - Setting next_dagrun for dataset_s3_bucket_producer to None, run_after=None
[2025-03-27T07:47:18.085+0530] {processor.py:208} INFO - Processing /Users/uk/miniforge3/lib/python3.10/site-packages/airflow/example_dags/example_dataset_alias.py took 0.092 seconds
[2025-03-27T07:49:54.402+0530] {processor.py:186} INFO - Started process (PID=18624) to work on /Users/uk/miniforge3/lib/python3.10/site-packages/airflow/example_dags/example_dataset_alias.py
[2025-03-27T07:49:54.404+0530] {processor.py:914} INFO - Processing file /Users/uk/miniforge3/lib/python3.10/site-packages/airflow/example_dags/example_dataset_alias.py for tasks to queue
[2025-03-27T07:49:54.404+0530] {logging_mixin.py:190} INFO - [2025-03-27T07:49:54.404+0530] {dagbag.py:588} INFO - Filling up the DagBag from /Users/uk/miniforge3/lib/python3.10/site-packages/airflow/example_dags/example_dataset_alias.py
[2025-03-27T07:49:54.466+0530] {processor.py:925} INFO - DAG(s) 'dataset_s3_bucket_producer', 'dataset_alias_example_alias_producer', 'dataset_alias_example_alias_consumer', 'dataset_s3_bucket_consumer' retrieved from /Users/uk/miniforge3/lib/python3.10/site-packages/airflow/example_dags/example_dataset_alias.py
[2025-03-27T07:49:54.474+0530] {logging_mixin.py:190} INFO - [2025-03-27T07:49:54.474+0530] {dag.py:3239} INFO - Sync 4 DAGs
[2025-03-27T07:49:54.481+0530] {logging_mixin.py:190} INFO - [2025-03-27T07:49:54.481+0530] {dag.py:4180} INFO - Setting next_dagrun for dataset_alias_example_alias_consumer to None, run_after=None
[2025-03-27T07:49:54.482+0530] {logging_mixin.py:190} INFO - [2025-03-27T07:49:54.482+0530] {dag.py:4180} INFO - Setting next_dagrun for dataset_alias_example_alias_producer to None, run_after=None
[2025-03-27T07:49:54.482+0530] {logging_mixin.py:190} INFO - [2025-03-27T07:49:54.482+0530] {dag.py:4180} INFO - Setting next_dagrun for dataset_s3_bucket_consumer to None, run_after=None
[2025-03-27T07:49:54.483+0530] {logging_mixin.py:190} INFO - [2025-03-27T07:49:54.483+0530] {dag.py:4180} INFO - Setting next_dagrun for dataset_s3_bucket_producer to None, run_after=None
[2025-03-27T07:49:54.491+0530] {processor.py:208} INFO - Processing /Users/uk/miniforge3/lib/python3.10/site-packages/airflow/example_dags/example_dataset_alias.py took 0.090 seconds
[2025-03-27T07:55:39.361+0530] {processor.py:186} INFO - Started process (PID=20346) to work on /Users/uk/miniforge3/lib/python3.10/site-packages/airflow/example_dags/example_dataset_alias.py
[2025-03-27T07:55:39.362+0530] {processor.py:914} INFO - Processing file /Users/uk/miniforge3/lib/python3.10/site-packages/airflow/example_dags/example_dataset_alias.py for tasks to queue
[2025-03-27T07:55:39.362+0530] {logging_mixin.py:190} INFO - [2025-03-27T07:55:39.362+0530] {dagbag.py:588} INFO - Filling up the DagBag from /Users/uk/miniforge3/lib/python3.10/site-packages/airflow/example_dags/example_dataset_alias.py
[2025-03-27T07:55:39.425+0530] {processor.py:925} INFO - DAG(s) 'dataset_alias_example_alias_producer', 'dataset_s3_bucket_producer', 'dataset_alias_example_alias_consumer', 'dataset_s3_bucket_consumer' retrieved from /Users/uk/miniforge3/lib/python3.10/site-packages/airflow/example_dags/example_dataset_alias.py
[2025-03-27T07:55:39.433+0530] {logging_mixin.py:190} INFO - [2025-03-27T07:55:39.433+0530] {dag.py:3239} INFO - Sync 4 DAGs
[2025-03-27T07:55:39.440+0530] {logging_mixin.py:190} INFO - [2025-03-27T07:55:39.440+0530] {dag.py:4180} INFO - Setting next_dagrun for dataset_alias_example_alias_consumer to None, run_after=None
[2025-03-27T07:55:39.441+0530] {logging_mixin.py:190} INFO - [2025-03-27T07:55:39.441+0530] {dag.py:4180} INFO - Setting next_dagrun for dataset_alias_example_alias_producer to None, run_after=None
[2025-03-27T07:55:39.441+0530] {logging_mixin.py:190} INFO - [2025-03-27T07:55:39.441+0530] {dag.py:4180} INFO - Setting next_dagrun for dataset_s3_bucket_consumer to None, run_after=None
[2025-03-27T07:55:39.441+0530] {logging_mixin.py:190} INFO - [2025-03-27T07:55:39.441+0530] {dag.py:4180} INFO - Setting next_dagrun for dataset_s3_bucket_producer to None, run_after=None
[2025-03-27T07:55:39.451+0530] {processor.py:208} INFO - Processing /Users/uk/miniforge3/lib/python3.10/site-packages/airflow/example_dags/example_dataset_alias.py took 0.090 seconds
[2025-03-27T07:58:11.309+0530] {processor.py:186} INFO - Started process (PID=20658) to work on /Users/uk/miniforge3/lib/python3.10/site-packages/airflow/example_dags/example_dataset_alias.py
[2025-03-27T07:58:11.310+0530] {processor.py:914} INFO - Processing file /Users/uk/miniforge3/lib/python3.10/site-packages/airflow/example_dags/example_dataset_alias.py for tasks to queue
[2025-03-27T07:58:11.310+0530] {logging_mixin.py:190} INFO - [2025-03-27T07:58:11.310+0530] {dagbag.py:588} INFO - Filling up the DagBag from /Users/uk/miniforge3/lib/python3.10/site-packages/airflow/example_dags/example_dataset_alias.py
[2025-03-27T07:58:11.396+0530] {processor.py:925} INFO - DAG(s) 'dataset_alias_example_alias_producer', 'dataset_s3_bucket_producer', 'dataset_s3_bucket_consumer', 'dataset_alias_example_alias_consumer' retrieved from /Users/uk/miniforge3/lib/python3.10/site-packages/airflow/example_dags/example_dataset_alias.py
[2025-03-27T07:58:11.405+0530] {logging_mixin.py:190} INFO - [2025-03-27T07:58:11.405+0530] {dag.py:3239} INFO - Sync 4 DAGs
[2025-03-27T07:58:11.414+0530] {logging_mixin.py:190} INFO - [2025-03-27T07:58:11.414+0530] {dag.py:4180} INFO - Setting next_dagrun for dataset_alias_example_alias_consumer to None, run_after=None
[2025-03-27T07:58:11.415+0530] {logging_mixin.py:190} INFO - [2025-03-27T07:58:11.415+0530] {dag.py:4180} INFO - Setting next_dagrun for dataset_alias_example_alias_producer to None, run_after=None
[2025-03-27T07:58:11.415+0530] {logging_mixin.py:190} INFO - [2025-03-27T07:58:11.415+0530] {dag.py:4180} INFO - Setting next_dagrun for dataset_s3_bucket_consumer to None, run_after=None
[2025-03-27T07:58:11.415+0530] {logging_mixin.py:190} INFO - [2025-03-27T07:58:11.415+0530] {dag.py:4180} INFO - Setting next_dagrun for dataset_s3_bucket_producer to None, run_after=None
[2025-03-27T07:58:11.424+0530] {processor.py:208} INFO - Processing /Users/uk/miniforge3/lib/python3.10/site-packages/airflow/example_dags/example_dataset_alias.py took 0.117 seconds
[2025-03-27T08:00:43.054+0530] {processor.py:186} INFO - Started process (PID=20944) to work on /Users/uk/miniforge3/lib/python3.10/site-packages/airflow/example_dags/example_dataset_alias.py
[2025-03-27T08:00:43.055+0530] {processor.py:914} INFO - Processing file /Users/uk/miniforge3/lib/python3.10/site-packages/airflow/example_dags/example_dataset_alias.py for tasks to queue
[2025-03-27T08:00:43.055+0530] {logging_mixin.py:190} INFO - [2025-03-27T08:00:43.055+0530] {dagbag.py:588} INFO - Filling up the DagBag from /Users/uk/miniforge3/lib/python3.10/site-packages/airflow/example_dags/example_dataset_alias.py
[2025-03-27T08:00:43.117+0530] {processor.py:925} INFO - DAG(s) 'dataset_s3_bucket_producer', 'dataset_s3_bucket_consumer', 'dataset_alias_example_alias_producer', 'dataset_alias_example_alias_consumer' retrieved from /Users/uk/miniforge3/lib/python3.10/site-packages/airflow/example_dags/example_dataset_alias.py
[2025-03-27T08:00:43.125+0530] {logging_mixin.py:190} INFO - [2025-03-27T08:00:43.125+0530] {dag.py:3239} INFO - Sync 4 DAGs
[2025-03-27T08:00:43.132+0530] {logging_mixin.py:190} INFO - [2025-03-27T08:00:43.131+0530] {dag.py:4180} INFO - Setting next_dagrun for dataset_alias_example_alias_consumer to None, run_after=None
[2025-03-27T08:00:43.132+0530] {logging_mixin.py:190} INFO - [2025-03-27T08:00:43.132+0530] {dag.py:4180} INFO - Setting next_dagrun for dataset_alias_example_alias_producer to None, run_after=None
[2025-03-27T08:00:43.133+0530] {logging_mixin.py:190} INFO - [2025-03-27T08:00:43.133+0530] {dag.py:4180} INFO - Setting next_dagrun for dataset_s3_bucket_consumer to None, run_after=None
[2025-03-27T08:00:43.133+0530] {logging_mixin.py:190} INFO - [2025-03-27T08:00:43.133+0530] {dag.py:4180} INFO - Setting next_dagrun for dataset_s3_bucket_producer to None, run_after=None
[2025-03-27T08:00:43.140+0530] {processor.py:208} INFO - Processing /Users/uk/miniforge3/lib/python3.10/site-packages/airflow/example_dags/example_dataset_alias.py took 0.088 seconds
[2025-03-27T08:03:17.214+0530] {processor.py:186} INFO - Started process (PID=21254) to work on /Users/uk/miniforge3/lib/python3.10/site-packages/airflow/example_dags/example_dataset_alias.py
[2025-03-27T08:03:17.215+0530] {processor.py:914} INFO - Processing file /Users/uk/miniforge3/lib/python3.10/site-packages/airflow/example_dags/example_dataset_alias.py for tasks to queue
[2025-03-27T08:03:17.216+0530] {logging_mixin.py:190} INFO - [2025-03-27T08:03:17.216+0530] {dagbag.py:588} INFO - Filling up the DagBag from /Users/uk/miniforge3/lib/python3.10/site-packages/airflow/example_dags/example_dataset_alias.py
[2025-03-27T08:03:17.277+0530] {processor.py:925} INFO - DAG(s) 'dataset_alias_example_alias_consumer', 'dataset_alias_example_alias_producer', 'dataset_s3_bucket_producer', 'dataset_s3_bucket_consumer' retrieved from /Users/uk/miniforge3/lib/python3.10/site-packages/airflow/example_dags/example_dataset_alias.py
[2025-03-27T08:03:17.285+0530] {logging_mixin.py:190} INFO - [2025-03-27T08:03:17.285+0530] {dag.py:3239} INFO - Sync 4 DAGs
[2025-03-27T08:03:17.292+0530] {logging_mixin.py:190} INFO - [2025-03-27T08:03:17.292+0530] {dag.py:4180} INFO - Setting next_dagrun for dataset_alias_example_alias_consumer to None, run_after=None
[2025-03-27T08:03:17.293+0530] {logging_mixin.py:190} INFO - [2025-03-27T08:03:17.293+0530] {dag.py:4180} INFO - Setting next_dagrun for dataset_alias_example_alias_producer to None, run_after=None
[2025-03-27T08:03:17.293+0530] {logging_mixin.py:190} INFO - [2025-03-27T08:03:17.293+0530] {dag.py:4180} INFO - Setting next_dagrun for dataset_s3_bucket_consumer to None, run_after=None
[2025-03-27T08:03:17.293+0530] {logging_mixin.py:190} INFO - [2025-03-27T08:03:17.293+0530] {dag.py:4180} INFO - Setting next_dagrun for dataset_s3_bucket_producer to None, run_after=None
[2025-03-27T08:03:17.301+0530] {processor.py:208} INFO - Processing /Users/uk/miniforge3/lib/python3.10/site-packages/airflow/example_dags/example_dataset_alias.py took 0.089 seconds
[2025-03-27T08:05:44.251+0530] {processor.py:186} INFO - Started process (PID=21519) to work on /Users/uk/miniforge3/lib/python3.10/site-packages/airflow/example_dags/example_dataset_alias.py
[2025-03-27T08:05:44.252+0530] {processor.py:914} INFO - Processing file /Users/uk/miniforge3/lib/python3.10/site-packages/airflow/example_dags/example_dataset_alias.py for tasks to queue
[2025-03-27T08:05:44.253+0530] {logging_mixin.py:190} INFO - [2025-03-27T08:05:44.252+0530] {dagbag.py:588} INFO - Filling up the DagBag from /Users/uk/miniforge3/lib/python3.10/site-packages/airflow/example_dags/example_dataset_alias.py
[2025-03-27T08:05:44.317+0530] {processor.py:925} INFO - DAG(s) 'dataset_s3_bucket_producer', 'dataset_s3_bucket_consumer', 'dataset_alias_example_alias_consumer', 'dataset_alias_example_alias_producer' retrieved from /Users/uk/miniforge3/lib/python3.10/site-packages/airflow/example_dags/example_dataset_alias.py
[2025-03-27T08:05:44.329+0530] {logging_mixin.py:190} INFO - [2025-03-27T08:05:44.329+0530] {dag.py:3239} INFO - Sync 4 DAGs
[2025-03-27T08:05:44.340+0530] {logging_mixin.py:190} INFO - [2025-03-27T08:05:44.340+0530] {dag.py:4180} INFO - Setting next_dagrun for dataset_alias_example_alias_consumer to None, run_after=None
[2025-03-27T08:05:44.342+0530] {logging_mixin.py:190} INFO - [2025-03-27T08:05:44.342+0530] {dag.py:4180} INFO - Setting next_dagrun for dataset_alias_example_alias_producer to None, run_after=None
[2025-03-27T08:05:44.343+0530] {logging_mixin.py:190} INFO - [2025-03-27T08:05:44.343+0530] {dag.py:4180} INFO - Setting next_dagrun for dataset_s3_bucket_consumer to None, run_after=None
[2025-03-27T08:05:44.344+0530] {logging_mixin.py:190} INFO - [2025-03-27T08:05:44.344+0530] {dag.py:4180} INFO - Setting next_dagrun for dataset_s3_bucket_producer to None, run_after=None
[2025-03-27T08:05:44.358+0530] {processor.py:208} INFO - Processing /Users/uk/miniforge3/lib/python3.10/site-packages/airflow/example_dags/example_dataset_alias.py took 0.107 seconds
[2025-03-27T08:08:25.469+0530] {processor.py:186} INFO - Started process (PID=21846) to work on /Users/uk/miniforge3/lib/python3.10/site-packages/airflow/example_dags/example_dataset_alias.py
[2025-03-27T08:08:25.470+0530] {processor.py:914} INFO - Processing file /Users/uk/miniforge3/lib/python3.10/site-packages/airflow/example_dags/example_dataset_alias.py for tasks to queue
[2025-03-27T08:08:25.470+0530] {logging_mixin.py:190} INFO - [2025-03-27T08:08:25.470+0530] {dagbag.py:588} INFO - Filling up the DagBag from /Users/uk/miniforge3/lib/python3.10/site-packages/airflow/example_dags/example_dataset_alias.py
[2025-03-27T08:08:25.536+0530] {processor.py:925} INFO - DAG(s) 'dataset_s3_bucket_consumer', 'dataset_s3_bucket_producer', 'dataset_alias_example_alias_consumer', 'dataset_alias_example_alias_producer' retrieved from /Users/uk/miniforge3/lib/python3.10/site-packages/airflow/example_dags/example_dataset_alias.py
[2025-03-27T08:08:25.544+0530] {logging_mixin.py:190} INFO - [2025-03-27T08:08:25.544+0530] {dag.py:3239} INFO - Sync 4 DAGs
[2025-03-27T08:08:25.551+0530] {logging_mixin.py:190} INFO - [2025-03-27T08:08:25.551+0530] {dag.py:4180} INFO - Setting next_dagrun for dataset_alias_example_alias_consumer to None, run_after=None
[2025-03-27T08:08:25.552+0530] {logging_mixin.py:190} INFO - [2025-03-27T08:08:25.552+0530] {dag.py:4180} INFO - Setting next_dagrun for dataset_alias_example_alias_producer to None, run_after=None
[2025-03-27T08:08:25.552+0530] {logging_mixin.py:190} INFO - [2025-03-27T08:08:25.552+0530] {dag.py:4180} INFO - Setting next_dagrun for dataset_s3_bucket_consumer to None, run_after=None
[2025-03-27T08:08:25.552+0530] {logging_mixin.py:190} INFO - [2025-03-27T08:08:25.552+0530] {dag.py:4180} INFO - Setting next_dagrun for dataset_s3_bucket_producer to None, run_after=None
[2025-03-27T08:08:25.561+0530] {processor.py:208} INFO - Processing /Users/uk/miniforge3/lib/python3.10/site-packages/airflow/example_dags/example_dataset_alias.py took 0.093 seconds
[2025-03-27T08:10:59.772+0530] {processor.py:186} INFO - Started process (PID=22107) to work on /Users/uk/miniforge3/lib/python3.10/site-packages/airflow/example_dags/example_dataset_alias.py
[2025-03-27T08:10:59.772+0530] {processor.py:914} INFO - Processing file /Users/uk/miniforge3/lib/python3.10/site-packages/airflow/example_dags/example_dataset_alias.py for tasks to queue
[2025-03-27T08:10:59.773+0530] {logging_mixin.py:190} INFO - [2025-03-27T08:10:59.773+0530] {dagbag.py:588} INFO - Filling up the DagBag from /Users/uk/miniforge3/lib/python3.10/site-packages/airflow/example_dags/example_dataset_alias.py
[2025-03-27T08:10:59.835+0530] {processor.py:925} INFO - DAG(s) 'dataset_s3_bucket_producer', 'dataset_s3_bucket_consumer', 'dataset_alias_example_alias_consumer', 'dataset_alias_example_alias_producer' retrieved from /Users/uk/miniforge3/lib/python3.10/site-packages/airflow/example_dags/example_dataset_alias.py
[2025-03-27T08:10:59.843+0530] {logging_mixin.py:190} INFO - [2025-03-27T08:10:59.843+0530] {dag.py:3239} INFO - Sync 4 DAGs
[2025-03-27T08:10:59.850+0530] {logging_mixin.py:190} INFO - [2025-03-27T08:10:59.850+0530] {dag.py:4180} INFO - Setting next_dagrun for dataset_alias_example_alias_consumer to None, run_after=None
[2025-03-27T08:10:59.852+0530] {logging_mixin.py:190} INFO - [2025-03-27T08:10:59.852+0530] {dag.py:4180} INFO - Setting next_dagrun for dataset_alias_example_alias_producer to None, run_after=None
[2025-03-27T08:10:59.852+0530] {logging_mixin.py:190} INFO - [2025-03-27T08:10:59.852+0530] {dag.py:4180} INFO - Setting next_dagrun for dataset_s3_bucket_consumer to None, run_after=None
[2025-03-27T08:10:59.852+0530] {logging_mixin.py:190} INFO - [2025-03-27T08:10:59.852+0530] {dag.py:4180} INFO - Setting next_dagrun for dataset_s3_bucket_producer to None, run_after=None
[2025-03-27T08:10:59.859+0530] {processor.py:208} INFO - Processing /Users/uk/miniforge3/lib/python3.10/site-packages/airflow/example_dags/example_dataset_alias.py took 0.089 seconds
