[2025-03-27T07:06:32.013+0530] {processor.py:186} INFO - Started process (PID=13173) to work on /Users/uk/miniforge3/lib/python3.10/site-packages/airflow/example_dags/example_time_delta_sensor_async.py
[2025-03-27T07:06:32.013+0530] {processor.py:914} INFO - Processing file /Users/uk/miniforge3/lib/python3.10/site-packages/airflow/example_dags/example_time_delta_sensor_async.py for tasks to queue
[2025-03-27T07:06:32.014+0530] {logging_mixin.py:190} INFO - [2025-03-27T07:06:32.014+0530] {dagbag.py:588} INFO - Filling up the DagBag from /Users/uk/miniforge3/lib/python3.10/site-packages/airflow/example_dags/example_time_delta_sensor_async.py
[2025-03-27T07:06:32.021+0530] {processor.py:925} INFO - DAG(s) 'example_time_delta_sensor_async' retrieved from /Users/uk/miniforge3/lib/python3.10/site-packages/airflow/example_dags/example_time_delta_sensor_async.py
[2025-03-27T07:06:32.787+0530] {logging_mixin.py:190} INFO - [2025-03-27T07:06:32.787+0530] {dag.py:3239} INFO - Sync 1 DAGs
[2025-03-27T07:06:32.793+0530] {logging_mixin.py:190} INFO - [2025-03-27T07:06:32.793+0530] {dag.py:4180} INFO - Setting next_dagrun for example_time_delta_sensor_async to None, run_after=None
[2025-03-27T07:06:32.801+0530] {processor.py:208} INFO - Processing /Users/uk/miniforge3/lib/python3.10/site-packages/airflow/example_dags/example_time_delta_sensor_async.py took 0.792 seconds
[2025-03-27T07:08:03.622+0530] {processor.py:186} INFO - Started process (PID=13480) to work on /Users/uk/miniforge3/lib/python3.10/site-packages/airflow/example_dags/example_time_delta_sensor_async.py
[2025-03-27T07:08:03.623+0530] {processor.py:914} INFO - Processing file /Users/uk/miniforge3/lib/python3.10/site-packages/airflow/example_dags/example_time_delta_sensor_async.py for tasks to queue
[2025-03-27T07:08:03.623+0530] {logging_mixin.py:190} INFO - [2025-03-27T07:08:03.623+0530] {dagbag.py:588} INFO - Filling up the DagBag from /Users/uk/miniforge3/lib/python3.10/site-packages/airflow/example_dags/example_time_delta_sensor_async.py
[2025-03-27T07:08:03.627+0530] {processor.py:925} INFO - DAG(s) 'example_time_delta_sensor_async' retrieved from /Users/uk/miniforge3/lib/python3.10/site-packages/airflow/example_dags/example_time_delta_sensor_async.py
[2025-03-27T07:08:04.099+0530] {logging_mixin.py:190} INFO - [2025-03-27T07:08:04.099+0530] {dag.py:3239} INFO - Sync 1 DAGs
[2025-03-27T07:08:04.103+0530] {logging_mixin.py:190} INFO - [2025-03-27T07:08:04.103+0530] {dag.py:4180} INFO - Setting next_dagrun for example_time_delta_sensor_async to None, run_after=None
[2025-03-27T07:08:04.111+0530] {processor.py:208} INFO - Processing /Users/uk/miniforge3/lib/python3.10/site-packages/airflow/example_dags/example_time_delta_sensor_async.py took 0.490 seconds
[2025-03-27T07:09:21.517+0530] {processor.py:186} INFO - Started process (PID=13614) to work on /Users/uk/miniforge3/lib/python3.10/site-packages/airflow/example_dags/example_time_delta_sensor_async.py
[2025-03-27T07:09:21.518+0530] {processor.py:914} INFO - Processing file /Users/uk/miniforge3/lib/python3.10/site-packages/airflow/example_dags/example_time_delta_sensor_async.py for tasks to queue
[2025-03-27T07:09:21.518+0530] {logging_mixin.py:190} INFO - [2025-03-27T07:09:21.518+0530] {dagbag.py:588} INFO - Filling up the DagBag from /Users/uk/miniforge3/lib/python3.10/site-packages/airflow/example_dags/example_time_delta_sensor_async.py
[2025-03-27T07:09:21.522+0530] {processor.py:925} INFO - DAG(s) 'example_time_delta_sensor_async' retrieved from /Users/uk/miniforge3/lib/python3.10/site-packages/airflow/example_dags/example_time_delta_sensor_async.py
[2025-03-27T07:09:21.910+0530] {logging_mixin.py:190} INFO - [2025-03-27T07:09:21.910+0530] {dag.py:3239} INFO - Sync 1 DAGs
[2025-03-27T07:09:21.914+0530] {logging_mixin.py:190} INFO - [2025-03-27T07:09:21.914+0530] {dag.py:4180} INFO - Setting next_dagrun for example_time_delta_sensor_async to None, run_after=None
[2025-03-27T07:09:21.921+0530] {processor.py:208} INFO - Processing /Users/uk/miniforge3/lib/python3.10/site-packages/airflow/example_dags/example_time_delta_sensor_async.py took 0.405 seconds
[2025-03-27T07:10:54.027+0530] {processor.py:186} INFO - Started process (PID=13785) to work on /Users/uk/miniforge3/lib/python3.10/site-packages/airflow/example_dags/example_time_delta_sensor_async.py
[2025-03-27T07:10:54.028+0530] {processor.py:914} INFO - Processing file /Users/uk/miniforge3/lib/python3.10/site-packages/airflow/example_dags/example_time_delta_sensor_async.py for tasks to queue
[2025-03-27T07:10:54.028+0530] {logging_mixin.py:190} INFO - [2025-03-27T07:10:54.028+0530] {dagbag.py:588} INFO - Filling up the DagBag from /Users/uk/miniforge3/lib/python3.10/site-packages/airflow/example_dags/example_time_delta_sensor_async.py
[2025-03-27T07:10:54.032+0530] {processor.py:925} INFO - DAG(s) 'example_time_delta_sensor_async' retrieved from /Users/uk/miniforge3/lib/python3.10/site-packages/airflow/example_dags/example_time_delta_sensor_async.py
[2025-03-27T07:10:54.399+0530] {logging_mixin.py:190} INFO - [2025-03-27T07:10:54.397+0530] {dag.py:3239} INFO - Sync 1 DAGs
[2025-03-27T07:10:54.411+0530] {logging_mixin.py:190} INFO - [2025-03-27T07:10:54.410+0530] {dag.py:4180} INFO - Setting next_dagrun for example_time_delta_sensor_async to None, run_after=None
[2025-03-27T07:10:54.429+0530] {processor.py:208} INFO - Processing /Users/uk/miniforge3/lib/python3.10/site-packages/airflow/example_dags/example_time_delta_sensor_async.py took 0.403 seconds
[2025-03-27T07:12:16.084+0530] {processor.py:186} INFO - Started process (PID=13916) to work on /Users/uk/miniforge3/lib/python3.10/site-packages/airflow/example_dags/example_time_delta_sensor_async.py
[2025-03-27T07:12:16.085+0530] {processor.py:914} INFO - Processing file /Users/uk/miniforge3/lib/python3.10/site-packages/airflow/example_dags/example_time_delta_sensor_async.py for tasks to queue
[2025-03-27T07:12:16.085+0530] {logging_mixin.py:190} INFO - [2025-03-27T07:12:16.085+0530] {dagbag.py:588} INFO - Filling up the DagBag from /Users/uk/miniforge3/lib/python3.10/site-packages/airflow/example_dags/example_time_delta_sensor_async.py
[2025-03-27T07:12:16.089+0530] {processor.py:925} INFO - DAG(s) 'example_time_delta_sensor_async' retrieved from /Users/uk/miniforge3/lib/python3.10/site-packages/airflow/example_dags/example_time_delta_sensor_async.py
[2025-03-27T07:12:16.391+0530] {logging_mixin.py:190} INFO - [2025-03-27T07:12:16.391+0530] {dag.py:3239} INFO - Sync 1 DAGs
[2025-03-27T07:12:16.395+0530] {logging_mixin.py:190} INFO - [2025-03-27T07:12:16.395+0530] {dag.py:4180} INFO - Setting next_dagrun for example_time_delta_sensor_async to None, run_after=None
[2025-03-27T07:12:16.402+0530] {processor.py:208} INFO - Processing /Users/uk/miniforge3/lib/python3.10/site-packages/airflow/example_dags/example_time_delta_sensor_async.py took 0.319 seconds
[2025-03-27T07:13:29.636+0530] {processor.py:186} INFO - Started process (PID=14044) to work on /Users/uk/miniforge3/lib/python3.10/site-packages/airflow/example_dags/example_time_delta_sensor_async.py
[2025-03-27T07:13:29.637+0530] {processor.py:914} INFO - Processing file /Users/uk/miniforge3/lib/python3.10/site-packages/airflow/example_dags/example_time_delta_sensor_async.py for tasks to queue
[2025-03-27T07:13:29.638+0530] {logging_mixin.py:190} INFO - [2025-03-27T07:13:29.638+0530] {dagbag.py:588} INFO - Filling up the DagBag from /Users/uk/miniforge3/lib/python3.10/site-packages/airflow/example_dags/example_time_delta_sensor_async.py
[2025-03-27T07:13:29.641+0530] {processor.py:925} INFO - DAG(s) 'example_time_delta_sensor_async' retrieved from /Users/uk/miniforge3/lib/python3.10/site-packages/airflow/example_dags/example_time_delta_sensor_async.py
[2025-03-27T07:13:29.955+0530] {logging_mixin.py:190} INFO - [2025-03-27T07:13:29.955+0530] {dag.py:3239} INFO - Sync 1 DAGs
[2025-03-27T07:13:29.960+0530] {logging_mixin.py:190} INFO - [2025-03-27T07:13:29.960+0530] {dag.py:4180} INFO - Setting next_dagrun for example_time_delta_sensor_async to None, run_after=None
[2025-03-27T07:13:29.967+0530] {processor.py:208} INFO - Processing /Users/uk/miniforge3/lib/python3.10/site-packages/airflow/example_dags/example_time_delta_sensor_async.py took 0.332 seconds
[2025-03-27T07:14:46.035+0530] {processor.py:186} INFO - Started process (PID=14177) to work on /Users/uk/miniforge3/lib/python3.10/site-packages/airflow/example_dags/example_time_delta_sensor_async.py
[2025-03-27T07:14:46.035+0530] {processor.py:914} INFO - Processing file /Users/uk/miniforge3/lib/python3.10/site-packages/airflow/example_dags/example_time_delta_sensor_async.py for tasks to queue
[2025-03-27T07:14:46.036+0530] {logging_mixin.py:190} INFO - [2025-03-27T07:14:46.036+0530] {dagbag.py:588} INFO - Filling up the DagBag from /Users/uk/miniforge3/lib/python3.10/site-packages/airflow/example_dags/example_time_delta_sensor_async.py
[2025-03-27T07:14:46.039+0530] {processor.py:925} INFO - DAG(s) 'example_time_delta_sensor_async' retrieved from /Users/uk/miniforge3/lib/python3.10/site-packages/airflow/example_dags/example_time_delta_sensor_async.py
[2025-03-27T07:14:46.341+0530] {logging_mixin.py:190} INFO - [2025-03-27T07:14:46.340+0530] {dag.py:3239} INFO - Sync 1 DAGs
[2025-03-27T07:14:46.345+0530] {logging_mixin.py:190} INFO - [2025-03-27T07:14:46.345+0530] {dag.py:4180} INFO - Setting next_dagrun for example_time_delta_sensor_async to None, run_after=None
[2025-03-27T07:14:46.351+0530] {processor.py:208} INFO - Processing /Users/uk/miniforge3/lib/python3.10/site-packages/airflow/example_dags/example_time_delta_sensor_async.py took 0.317 seconds
[2025-03-27T07:16:03.896+0530] {processor.py:186} INFO - Started process (PID=14311) to work on /Users/uk/miniforge3/lib/python3.10/site-packages/airflow/example_dags/example_time_delta_sensor_async.py
[2025-03-27T07:16:03.897+0530] {processor.py:914} INFO - Processing file /Users/uk/miniforge3/lib/python3.10/site-packages/airflow/example_dags/example_time_delta_sensor_async.py for tasks to queue
[2025-03-27T07:16:03.897+0530] {logging_mixin.py:190} INFO - [2025-03-27T07:16:03.897+0530] {dagbag.py:588} INFO - Filling up the DagBag from /Users/uk/miniforge3/lib/python3.10/site-packages/airflow/example_dags/example_time_delta_sensor_async.py
[2025-03-27T07:16:03.901+0530] {processor.py:925} INFO - DAG(s) 'example_time_delta_sensor_async' retrieved from /Users/uk/miniforge3/lib/python3.10/site-packages/airflow/example_dags/example_time_delta_sensor_async.py
[2025-03-27T07:16:04.186+0530] {logging_mixin.py:190} INFO - [2025-03-27T07:16:04.185+0530] {dag.py:3239} INFO - Sync 1 DAGs
[2025-03-27T07:16:04.190+0530] {logging_mixin.py:190} INFO - [2025-03-27T07:16:04.190+0530] {dag.py:4180} INFO - Setting next_dagrun for example_time_delta_sensor_async to None, run_after=None
[2025-03-27T07:16:04.196+0530] {processor.py:208} INFO - Processing /Users/uk/miniforge3/lib/python3.10/site-packages/airflow/example_dags/example_time_delta_sensor_async.py took 0.301 seconds
[2025-03-27T07:17:15.868+0530] {processor.py:186} INFO - Started process (PID=14428) to work on /Users/uk/miniforge3/lib/python3.10/site-packages/airflow/example_dags/example_time_delta_sensor_async.py
[2025-03-27T07:17:15.868+0530] {processor.py:914} INFO - Processing file /Users/uk/miniforge3/lib/python3.10/site-packages/airflow/example_dags/example_time_delta_sensor_async.py for tasks to queue
[2025-03-27T07:17:15.869+0530] {logging_mixin.py:190} INFO - [2025-03-27T07:17:15.869+0530] {dagbag.py:588} INFO - Filling up the DagBag from /Users/uk/miniforge3/lib/python3.10/site-packages/airflow/example_dags/example_time_delta_sensor_async.py
[2025-03-27T07:17:15.872+0530] {processor.py:925} INFO - DAG(s) 'example_time_delta_sensor_async' retrieved from /Users/uk/miniforge3/lib/python3.10/site-packages/airflow/example_dags/example_time_delta_sensor_async.py
[2025-03-27T07:17:16.122+0530] {logging_mixin.py:190} INFO - [2025-03-27T07:17:16.122+0530] {dag.py:3239} INFO - Sync 1 DAGs
[2025-03-27T07:17:16.126+0530] {logging_mixin.py:190} INFO - [2025-03-27T07:17:16.126+0530] {dag.py:4180} INFO - Setting next_dagrun for example_time_delta_sensor_async to None, run_after=None
[2025-03-27T07:17:16.132+0530] {processor.py:208} INFO - Processing /Users/uk/miniforge3/lib/python3.10/site-packages/airflow/example_dags/example_time_delta_sensor_async.py took 0.266 seconds
[2025-03-27T07:18:29.587+0530] {processor.py:186} INFO - Started process (PID=14555) to work on /Users/uk/miniforge3/lib/python3.10/site-packages/airflow/example_dags/example_time_delta_sensor_async.py
[2025-03-27T07:18:29.589+0530] {processor.py:914} INFO - Processing file /Users/uk/miniforge3/lib/python3.10/site-packages/airflow/example_dags/example_time_delta_sensor_async.py for tasks to queue
[2025-03-27T07:18:29.589+0530] {logging_mixin.py:190} INFO - [2025-03-27T07:18:29.589+0530] {dagbag.py:588} INFO - Filling up the DagBag from /Users/uk/miniforge3/lib/python3.10/site-packages/airflow/example_dags/example_time_delta_sensor_async.py
[2025-03-27T07:18:29.592+0530] {processor.py:925} INFO - DAG(s) 'example_time_delta_sensor_async' retrieved from /Users/uk/miniforge3/lib/python3.10/site-packages/airflow/example_dags/example_time_delta_sensor_async.py
[2025-03-27T07:18:29.852+0530] {logging_mixin.py:190} INFO - [2025-03-27T07:18:29.852+0530] {dag.py:3239} INFO - Sync 1 DAGs
[2025-03-27T07:18:29.857+0530] {logging_mixin.py:190} INFO - [2025-03-27T07:18:29.857+0530] {dag.py:4180} INFO - Setting next_dagrun for example_time_delta_sensor_async to None, run_after=None
[2025-03-27T07:18:29.863+0530] {processor.py:208} INFO - Processing /Users/uk/miniforge3/lib/python3.10/site-packages/airflow/example_dags/example_time_delta_sensor_async.py took 0.277 seconds
[2025-03-27T07:19:41.695+0530] {processor.py:186} INFO - Started process (PID=14925) to work on /Users/uk/miniforge3/lib/python3.10/site-packages/airflow/example_dags/example_time_delta_sensor_async.py
[2025-03-27T07:19:41.696+0530] {processor.py:914} INFO - Processing file /Users/uk/miniforge3/lib/python3.10/site-packages/airflow/example_dags/example_time_delta_sensor_async.py for tasks to queue
[2025-03-27T07:19:41.697+0530] {logging_mixin.py:190} INFO - [2025-03-27T07:19:41.696+0530] {dagbag.py:588} INFO - Filling up the DagBag from /Users/uk/miniforge3/lib/python3.10/site-packages/airflow/example_dags/example_time_delta_sensor_async.py
[2025-03-27T07:19:41.700+0530] {processor.py:925} INFO - DAG(s) 'example_time_delta_sensor_async' retrieved from /Users/uk/miniforge3/lib/python3.10/site-packages/airflow/example_dags/example_time_delta_sensor_async.py
[2025-03-27T07:19:41.986+0530] {logging_mixin.py:190} INFO - [2025-03-27T07:19:41.986+0530] {dag.py:3239} INFO - Sync 1 DAGs
[2025-03-27T07:19:41.990+0530] {logging_mixin.py:190} INFO - [2025-03-27T07:19:41.990+0530] {dag.py:4180} INFO - Setting next_dagrun for example_time_delta_sensor_async to None, run_after=None
[2025-03-27T07:19:41.996+0530] {processor.py:208} INFO - Processing /Users/uk/miniforge3/lib/python3.10/site-packages/airflow/example_dags/example_time_delta_sensor_async.py took 0.302 seconds
[2025-03-27T07:20:53.251+0530] {processor.py:186} INFO - Started process (PID=15080) to work on /Users/uk/miniforge3/lib/python3.10/site-packages/airflow/example_dags/example_time_delta_sensor_async.py
[2025-03-27T07:20:53.252+0530] {processor.py:914} INFO - Processing file /Users/uk/miniforge3/lib/python3.10/site-packages/airflow/example_dags/example_time_delta_sensor_async.py for tasks to queue
[2025-03-27T07:20:53.253+0530] {logging_mixin.py:190} INFO - [2025-03-27T07:20:53.253+0530] {dagbag.py:588} INFO - Filling up the DagBag from /Users/uk/miniforge3/lib/python3.10/site-packages/airflow/example_dags/example_time_delta_sensor_async.py
[2025-03-27T07:20:53.256+0530] {processor.py:925} INFO - DAG(s) 'example_time_delta_sensor_async' retrieved from /Users/uk/miniforge3/lib/python3.10/site-packages/airflow/example_dags/example_time_delta_sensor_async.py
[2025-03-27T07:20:53.496+0530] {logging_mixin.py:190} INFO - [2025-03-27T07:20:53.496+0530] {dag.py:3239} INFO - Sync 1 DAGs
[2025-03-27T07:20:53.500+0530] {logging_mixin.py:190} INFO - [2025-03-27T07:20:53.500+0530] {dag.py:4180} INFO - Setting next_dagrun for example_time_delta_sensor_async to None, run_after=None
[2025-03-27T07:20:53.507+0530] {processor.py:208} INFO - Processing /Users/uk/miniforge3/lib/python3.10/site-packages/airflow/example_dags/example_time_delta_sensor_async.py took 0.257 seconds
[2025-03-27T07:22:08.365+0530] {processor.py:186} INFO - Started process (PID=15208) to work on /Users/uk/miniforge3/lib/python3.10/site-packages/airflow/example_dags/example_time_delta_sensor_async.py
[2025-03-27T07:22:08.366+0530] {processor.py:914} INFO - Processing file /Users/uk/miniforge3/lib/python3.10/site-packages/airflow/example_dags/example_time_delta_sensor_async.py for tasks to queue
[2025-03-27T07:22:08.366+0530] {logging_mixin.py:190} INFO - [2025-03-27T07:22:08.366+0530] {dagbag.py:588} INFO - Filling up the DagBag from /Users/uk/miniforge3/lib/python3.10/site-packages/airflow/example_dags/example_time_delta_sensor_async.py
[2025-03-27T07:22:08.370+0530] {processor.py:925} INFO - DAG(s) 'example_time_delta_sensor_async' retrieved from /Users/uk/miniforge3/lib/python3.10/site-packages/airflow/example_dags/example_time_delta_sensor_async.py
[2025-03-27T07:22:08.669+0530] {logging_mixin.py:190} INFO - [2025-03-27T07:22:08.669+0530] {dag.py:3239} INFO - Sync 1 DAGs
[2025-03-27T07:22:08.673+0530] {logging_mixin.py:190} INFO - [2025-03-27T07:22:08.673+0530] {dag.py:4180} INFO - Setting next_dagrun for example_time_delta_sensor_async to None, run_after=None
[2025-03-27T07:22:08.679+0530] {processor.py:208} INFO - Processing /Users/uk/miniforge3/lib/python3.10/site-packages/airflow/example_dags/example_time_delta_sensor_async.py took 0.316 seconds
[2025-03-27T07:23:14.837+0530] {processor.py:186} INFO - Started process (PID=15344) to work on /Users/uk/miniforge3/lib/python3.10/site-packages/airflow/example_dags/example_time_delta_sensor_async.py
[2025-03-27T07:23:14.837+0530] {processor.py:914} INFO - Processing file /Users/uk/miniforge3/lib/python3.10/site-packages/airflow/example_dags/example_time_delta_sensor_async.py for tasks to queue
[2025-03-27T07:23:14.838+0530] {logging_mixin.py:190} INFO - [2025-03-27T07:23:14.838+0530] {dagbag.py:588} INFO - Filling up the DagBag from /Users/uk/miniforge3/lib/python3.10/site-packages/airflow/example_dags/example_time_delta_sensor_async.py
[2025-03-27T07:23:14.841+0530] {processor.py:925} INFO - DAG(s) 'example_time_delta_sensor_async' retrieved from /Users/uk/miniforge3/lib/python3.10/site-packages/airflow/example_dags/example_time_delta_sensor_async.py
[2025-03-27T07:23:15.084+0530] {logging_mixin.py:190} INFO - [2025-03-27T07:23:15.084+0530] {dag.py:3239} INFO - Sync 1 DAGs
[2025-03-27T07:23:15.089+0530] {logging_mixin.py:190} INFO - [2025-03-27T07:23:15.088+0530] {dag.py:4180} INFO - Setting next_dagrun for example_time_delta_sensor_async to None, run_after=None
[2025-03-27T07:23:15.095+0530] {processor.py:208} INFO - Processing /Users/uk/miniforge3/lib/python3.10/site-packages/airflow/example_dags/example_time_delta_sensor_async.py took 0.259 seconds
[2025-03-27T07:24:27.520+0530] {processor.py:186} INFO - Started process (PID=15487) to work on /Users/uk/miniforge3/lib/python3.10/site-packages/airflow/example_dags/example_time_delta_sensor_async.py
[2025-03-27T07:24:27.520+0530] {processor.py:914} INFO - Processing file /Users/uk/miniforge3/lib/python3.10/site-packages/airflow/example_dags/example_time_delta_sensor_async.py for tasks to queue
[2025-03-27T07:24:27.521+0530] {logging_mixin.py:190} INFO - [2025-03-27T07:24:27.521+0530] {dagbag.py:588} INFO - Filling up the DagBag from /Users/uk/miniforge3/lib/python3.10/site-packages/airflow/example_dags/example_time_delta_sensor_async.py
[2025-03-27T07:24:27.524+0530] {processor.py:925} INFO - DAG(s) 'example_time_delta_sensor_async' retrieved from /Users/uk/miniforge3/lib/python3.10/site-packages/airflow/example_dags/example_time_delta_sensor_async.py
[2025-03-27T07:24:27.997+0530] {logging_mixin.py:190} INFO - [2025-03-27T07:24:27.997+0530] {dag.py:3239} INFO - Sync 1 DAGs
[2025-03-27T07:24:28.002+0530] {logging_mixin.py:190} INFO - [2025-03-27T07:24:28.002+0530] {dag.py:4180} INFO - Setting next_dagrun for example_time_delta_sensor_async to None, run_after=None
[2025-03-27T07:24:28.009+0530] {processor.py:208} INFO - Processing /Users/uk/miniforge3/lib/python3.10/site-packages/airflow/example_dags/example_time_delta_sensor_async.py took 0.491 seconds
[2025-03-27T07:25:39.685+0530] {processor.py:186} INFO - Started process (PID=15610) to work on /Users/uk/miniforge3/lib/python3.10/site-packages/airflow/example_dags/example_time_delta_sensor_async.py
[2025-03-27T07:25:39.686+0530] {processor.py:914} INFO - Processing file /Users/uk/miniforge3/lib/python3.10/site-packages/airflow/example_dags/example_time_delta_sensor_async.py for tasks to queue
[2025-03-27T07:25:39.686+0530] {logging_mixin.py:190} INFO - [2025-03-27T07:25:39.686+0530] {dagbag.py:588} INFO - Filling up the DagBag from /Users/uk/miniforge3/lib/python3.10/site-packages/airflow/example_dags/example_time_delta_sensor_async.py
[2025-03-27T07:25:39.689+0530] {processor.py:925} INFO - DAG(s) 'example_time_delta_sensor_async' retrieved from /Users/uk/miniforge3/lib/python3.10/site-packages/airflow/example_dags/example_time_delta_sensor_async.py
[2025-03-27T07:25:39.929+0530] {logging_mixin.py:190} INFO - [2025-03-27T07:25:39.929+0530] {dag.py:3239} INFO - Sync 1 DAGs
[2025-03-27T07:25:39.934+0530] {logging_mixin.py:190} INFO - [2025-03-27T07:25:39.934+0530] {dag.py:4180} INFO - Setting next_dagrun for example_time_delta_sensor_async to None, run_after=None
[2025-03-27T07:25:39.940+0530] {processor.py:208} INFO - Processing /Users/uk/miniforge3/lib/python3.10/site-packages/airflow/example_dags/example_time_delta_sensor_async.py took 0.257 seconds
[2025-03-27T07:26:52.525+0530] {processor.py:186} INFO - Started process (PID=15730) to work on /Users/uk/miniforge3/lib/python3.10/site-packages/airflow/example_dags/example_time_delta_sensor_async.py
[2025-03-27T07:26:52.525+0530] {processor.py:914} INFO - Processing file /Users/uk/miniforge3/lib/python3.10/site-packages/airflow/example_dags/example_time_delta_sensor_async.py for tasks to queue
[2025-03-27T07:26:52.526+0530] {logging_mixin.py:190} INFO - [2025-03-27T07:26:52.526+0530] {dagbag.py:588} INFO - Filling up the DagBag from /Users/uk/miniforge3/lib/python3.10/site-packages/airflow/example_dags/example_time_delta_sensor_async.py
[2025-03-27T07:26:52.529+0530] {processor.py:925} INFO - DAG(s) 'example_time_delta_sensor_async' retrieved from /Users/uk/miniforge3/lib/python3.10/site-packages/airflow/example_dags/example_time_delta_sensor_async.py
[2025-03-27T07:26:52.831+0530] {logging_mixin.py:190} INFO - [2025-03-27T07:26:52.831+0530] {dag.py:3239} INFO - Sync 1 DAGs
[2025-03-27T07:26:52.835+0530] {logging_mixin.py:190} INFO - [2025-03-27T07:26:52.835+0530] {dag.py:4180} INFO - Setting next_dagrun for example_time_delta_sensor_async to None, run_after=None
[2025-03-27T07:26:52.841+0530] {processor.py:208} INFO - Processing /Users/uk/miniforge3/lib/python3.10/site-packages/airflow/example_dags/example_time_delta_sensor_async.py took 0.318 seconds
[2025-03-27T07:28:05.748+0530] {processor.py:186} INFO - Started process (PID=15842) to work on /Users/uk/miniforge3/lib/python3.10/site-packages/airflow/example_dags/example_time_delta_sensor_async.py
[2025-03-27T07:28:05.749+0530] {processor.py:914} INFO - Processing file /Users/uk/miniforge3/lib/python3.10/site-packages/airflow/example_dags/example_time_delta_sensor_async.py for tasks to queue
[2025-03-27T07:28:05.749+0530] {logging_mixin.py:190} INFO - [2025-03-27T07:28:05.749+0530] {dagbag.py:588} INFO - Filling up the DagBag from /Users/uk/miniforge3/lib/python3.10/site-packages/airflow/example_dags/example_time_delta_sensor_async.py
[2025-03-27T07:28:05.754+0530] {processor.py:925} INFO - DAG(s) 'example_time_delta_sensor_async' retrieved from /Users/uk/miniforge3/lib/python3.10/site-packages/airflow/example_dags/example_time_delta_sensor_async.py
[2025-03-27T07:28:06.010+0530] {logging_mixin.py:190} INFO - [2025-03-27T07:28:06.010+0530] {dag.py:3239} INFO - Sync 1 DAGs
[2025-03-27T07:28:06.014+0530] {logging_mixin.py:190} INFO - [2025-03-27T07:28:06.014+0530] {dag.py:4180} INFO - Setting next_dagrun for example_time_delta_sensor_async to None, run_after=None
[2025-03-27T07:28:06.020+0530] {processor.py:208} INFO - Processing /Users/uk/miniforge3/lib/python3.10/site-packages/airflow/example_dags/example_time_delta_sensor_async.py took 0.274 seconds
[2025-03-27T07:29:20.398+0530] {processor.py:186} INFO - Started process (PID=15980) to work on /Users/uk/miniforge3/lib/python3.10/site-packages/airflow/example_dags/example_time_delta_sensor_async.py
[2025-03-27T07:29:20.399+0530] {processor.py:914} INFO - Processing file /Users/uk/miniforge3/lib/python3.10/site-packages/airflow/example_dags/example_time_delta_sensor_async.py for tasks to queue
[2025-03-27T07:29:20.400+0530] {logging_mixin.py:190} INFO - [2025-03-27T07:29:20.400+0530] {dagbag.py:588} INFO - Filling up the DagBag from /Users/uk/miniforge3/lib/python3.10/site-packages/airflow/example_dags/example_time_delta_sensor_async.py
[2025-03-27T07:29:20.403+0530] {processor.py:925} INFO - DAG(s) 'example_time_delta_sensor_async' retrieved from /Users/uk/miniforge3/lib/python3.10/site-packages/airflow/example_dags/example_time_delta_sensor_async.py
[2025-03-27T07:29:20.703+0530] {logging_mixin.py:190} INFO - [2025-03-27T07:29:20.703+0530] {dag.py:3239} INFO - Sync 1 DAGs
[2025-03-27T07:29:20.707+0530] {logging_mixin.py:190} INFO - [2025-03-27T07:29:20.707+0530] {dag.py:4180} INFO - Setting next_dagrun for example_time_delta_sensor_async to None, run_after=None
[2025-03-27T07:29:20.713+0530] {processor.py:208} INFO - Processing /Users/uk/miniforge3/lib/python3.10/site-packages/airflow/example_dags/example_time_delta_sensor_async.py took 0.316 seconds
[2025-03-27T07:30:35.096+0530] {processor.py:186} INFO - Started process (PID=16133) to work on /Users/uk/miniforge3/lib/python3.10/site-packages/airflow/example_dags/example_time_delta_sensor_async.py
[2025-03-27T07:30:35.097+0530] {processor.py:914} INFO - Processing file /Users/uk/miniforge3/lib/python3.10/site-packages/airflow/example_dags/example_time_delta_sensor_async.py for tasks to queue
[2025-03-27T07:30:35.098+0530] {logging_mixin.py:190} INFO - [2025-03-27T07:30:35.098+0530] {dagbag.py:588} INFO - Filling up the DagBag from /Users/uk/miniforge3/lib/python3.10/site-packages/airflow/example_dags/example_time_delta_sensor_async.py
[2025-03-27T07:30:35.105+0530] {processor.py:925} INFO - DAG(s) 'example_time_delta_sensor_async' retrieved from /Users/uk/miniforge3/lib/python3.10/site-packages/airflow/example_dags/example_time_delta_sensor_async.py
[2025-03-27T07:30:35.392+0530] {logging_mixin.py:190} INFO - [2025-03-27T07:30:35.392+0530] {dag.py:3239} INFO - Sync 1 DAGs
[2025-03-27T07:30:35.396+0530] {logging_mixin.py:190} INFO - [2025-03-27T07:30:35.396+0530] {dag.py:4180} INFO - Setting next_dagrun for example_time_delta_sensor_async to None, run_after=None
[2025-03-27T07:30:35.402+0530] {processor.py:208} INFO - Processing /Users/uk/miniforge3/lib/python3.10/site-packages/airflow/example_dags/example_time_delta_sensor_async.py took 0.308 seconds
[2025-03-27T07:31:49.934+0530] {processor.py:186} INFO - Started process (PID=16274) to work on /Users/uk/miniforge3/lib/python3.10/site-packages/airflow/example_dags/example_time_delta_sensor_async.py
[2025-03-27T07:31:49.935+0530] {processor.py:914} INFO - Processing file /Users/uk/miniforge3/lib/python3.10/site-packages/airflow/example_dags/example_time_delta_sensor_async.py for tasks to queue
[2025-03-27T07:31:49.936+0530] {logging_mixin.py:190} INFO - [2025-03-27T07:31:49.936+0530] {dagbag.py:588} INFO - Filling up the DagBag from /Users/uk/miniforge3/lib/python3.10/site-packages/airflow/example_dags/example_time_delta_sensor_async.py
[2025-03-27T07:31:49.939+0530] {processor.py:925} INFO - DAG(s) 'example_time_delta_sensor_async' retrieved from /Users/uk/miniforge3/lib/python3.10/site-packages/airflow/example_dags/example_time_delta_sensor_async.py
[2025-03-27T07:31:50.240+0530] {logging_mixin.py:190} INFO - [2025-03-27T07:31:50.240+0530] {dag.py:3239} INFO - Sync 1 DAGs
[2025-03-27T07:31:50.245+0530] {logging_mixin.py:190} INFO - [2025-03-27T07:31:50.245+0530] {dag.py:4180} INFO - Setting next_dagrun for example_time_delta_sensor_async to None, run_after=None
[2025-03-27T07:31:50.253+0530] {processor.py:208} INFO - Processing /Users/uk/miniforge3/lib/python3.10/site-packages/airflow/example_dags/example_time_delta_sensor_async.py took 0.320 seconds
[2025-03-27T07:33:05.274+0530] {processor.py:186} INFO - Started process (PID=16435) to work on /Users/uk/miniforge3/lib/python3.10/site-packages/airflow/example_dags/example_time_delta_sensor_async.py
[2025-03-27T07:33:05.274+0530] {processor.py:914} INFO - Processing file /Users/uk/miniforge3/lib/python3.10/site-packages/airflow/example_dags/example_time_delta_sensor_async.py for tasks to queue
[2025-03-27T07:33:05.275+0530] {logging_mixin.py:190} INFO - [2025-03-27T07:33:05.275+0530] {dagbag.py:588} INFO - Filling up the DagBag from /Users/uk/miniforge3/lib/python3.10/site-packages/airflow/example_dags/example_time_delta_sensor_async.py
[2025-03-27T07:33:05.278+0530] {processor.py:925} INFO - DAG(s) 'example_time_delta_sensor_async' retrieved from /Users/uk/miniforge3/lib/python3.10/site-packages/airflow/example_dags/example_time_delta_sensor_async.py
[2025-03-27T07:33:05.565+0530] {logging_mixin.py:190} INFO - [2025-03-27T07:33:05.565+0530] {dag.py:3239} INFO - Sync 1 DAGs
[2025-03-27T07:33:05.570+0530] {logging_mixin.py:190} INFO - [2025-03-27T07:33:05.569+0530] {dag.py:4180} INFO - Setting next_dagrun for example_time_delta_sensor_async to None, run_after=None
[2025-03-27T07:33:05.576+0530] {processor.py:208} INFO - Processing /Users/uk/miniforge3/lib/python3.10/site-packages/airflow/example_dags/example_time_delta_sensor_async.py took 0.304 seconds
[2025-03-27T07:34:20.308+0530] {processor.py:186} INFO - Started process (PID=16598) to work on /Users/uk/miniforge3/lib/python3.10/site-packages/airflow/example_dags/example_time_delta_sensor_async.py
[2025-03-27T07:34:20.308+0530] {processor.py:914} INFO - Processing file /Users/uk/miniforge3/lib/python3.10/site-packages/airflow/example_dags/example_time_delta_sensor_async.py for tasks to queue
[2025-03-27T07:34:20.309+0530] {logging_mixin.py:190} INFO - [2025-03-27T07:34:20.309+0530] {dagbag.py:588} INFO - Filling up the DagBag from /Users/uk/miniforge3/lib/python3.10/site-packages/airflow/example_dags/example_time_delta_sensor_async.py
[2025-03-27T07:34:20.312+0530] {processor.py:925} INFO - DAG(s) 'example_time_delta_sensor_async' retrieved from /Users/uk/miniforge3/lib/python3.10/site-packages/airflow/example_dags/example_time_delta_sensor_async.py
[2025-03-27T07:34:20.603+0530] {logging_mixin.py:190} INFO - [2025-03-27T07:34:20.603+0530] {dag.py:3239} INFO - Sync 1 DAGs
[2025-03-27T07:34:20.608+0530] {logging_mixin.py:190} INFO - [2025-03-27T07:34:20.607+0530] {dag.py:4180} INFO - Setting next_dagrun for example_time_delta_sensor_async to None, run_after=None
[2025-03-27T07:34:20.614+0530] {processor.py:208} INFO - Processing /Users/uk/miniforge3/lib/python3.10/site-packages/airflow/example_dags/example_time_delta_sensor_async.py took 0.308 seconds
[2025-03-27T07:35:36.150+0530] {processor.py:186} INFO - Started process (PID=16731) to work on /Users/uk/miniforge3/lib/python3.10/site-packages/airflow/example_dags/example_time_delta_sensor_async.py
[2025-03-27T07:35:36.151+0530] {processor.py:914} INFO - Processing file /Users/uk/miniforge3/lib/python3.10/site-packages/airflow/example_dags/example_time_delta_sensor_async.py for tasks to queue
[2025-03-27T07:35:36.151+0530] {logging_mixin.py:190} INFO - [2025-03-27T07:35:36.151+0530] {dagbag.py:588} INFO - Filling up the DagBag from /Users/uk/miniforge3/lib/python3.10/site-packages/airflow/example_dags/example_time_delta_sensor_async.py
[2025-03-27T07:35:36.155+0530] {processor.py:925} INFO - DAG(s) 'example_time_delta_sensor_async' retrieved from /Users/uk/miniforge3/lib/python3.10/site-packages/airflow/example_dags/example_time_delta_sensor_async.py
[2025-03-27T07:35:36.402+0530] {logging_mixin.py:190} INFO - [2025-03-27T07:35:36.402+0530] {dag.py:3239} INFO - Sync 1 DAGs
[2025-03-27T07:35:36.406+0530] {logging_mixin.py:190} INFO - [2025-03-27T07:35:36.406+0530] {dag.py:4180} INFO - Setting next_dagrun for example_time_delta_sensor_async to None, run_after=None
[2025-03-27T07:35:36.413+0530] {processor.py:208} INFO - Processing /Users/uk/miniforge3/lib/python3.10/site-packages/airflow/example_dags/example_time_delta_sensor_async.py took 0.264 seconds
[2025-03-27T07:36:49.021+0530] {processor.py:186} INFO - Started process (PID=16861) to work on /Users/uk/miniforge3/lib/python3.10/site-packages/airflow/example_dags/example_time_delta_sensor_async.py
[2025-03-27T07:36:49.022+0530] {processor.py:914} INFO - Processing file /Users/uk/miniforge3/lib/python3.10/site-packages/airflow/example_dags/example_time_delta_sensor_async.py for tasks to queue
[2025-03-27T07:36:49.022+0530] {logging_mixin.py:190} INFO - [2025-03-27T07:36:49.022+0530] {dagbag.py:588} INFO - Filling up the DagBag from /Users/uk/miniforge3/lib/python3.10/site-packages/airflow/example_dags/example_time_delta_sensor_async.py
[2025-03-27T07:36:49.026+0530] {processor.py:925} INFO - DAG(s) 'example_time_delta_sensor_async' retrieved from /Users/uk/miniforge3/lib/python3.10/site-packages/airflow/example_dags/example_time_delta_sensor_async.py
[2025-03-27T07:36:49.321+0530] {logging_mixin.py:190} INFO - [2025-03-27T07:36:49.321+0530] {dag.py:3239} INFO - Sync 1 DAGs
[2025-03-27T07:36:49.325+0530] {logging_mixin.py:190} INFO - [2025-03-27T07:36:49.325+0530] {dag.py:4180} INFO - Setting next_dagrun for example_time_delta_sensor_async to None, run_after=None
[2025-03-27T07:36:49.332+0530] {processor.py:208} INFO - Processing /Users/uk/miniforge3/lib/python3.10/site-packages/airflow/example_dags/example_time_delta_sensor_async.py took 0.313 seconds
[2025-03-27T07:39:36.188+0530] {processor.py:186} INFO - Started process (PID=17306) to work on /Users/uk/miniforge3/lib/python3.10/site-packages/airflow/example_dags/example_time_delta_sensor_async.py
[2025-03-27T07:39:36.189+0530] {processor.py:914} INFO - Processing file /Users/uk/miniforge3/lib/python3.10/site-packages/airflow/example_dags/example_time_delta_sensor_async.py for tasks to queue
[2025-03-27T07:39:36.189+0530] {logging_mixin.py:190} INFO - [2025-03-27T07:39:36.189+0530] {dagbag.py:588} INFO - Filling up the DagBag from /Users/uk/miniforge3/lib/python3.10/site-packages/airflow/example_dags/example_time_delta_sensor_async.py
[2025-03-27T07:39:36.192+0530] {processor.py:925} INFO - DAG(s) 'example_time_delta_sensor_async' retrieved from /Users/uk/miniforge3/lib/python3.10/site-packages/airflow/example_dags/example_time_delta_sensor_async.py
[2025-03-27T07:39:36.463+0530] {logging_mixin.py:190} INFO - [2025-03-27T07:39:36.462+0530] {override.py:1930} INFO - Created Permission View: can read on DAG:example_time_delta_sensor_async
[2025-03-27T07:39:36.466+0530] {logging_mixin.py:190} INFO - [2025-03-27T07:39:36.466+0530] {override.py:1930} INFO - Created Permission View: can edit on DAG:example_time_delta_sensor_async
[2025-03-27T07:39:36.468+0530] {logging_mixin.py:190} INFO - [2025-03-27T07:39:36.468+0530] {override.py:1930} INFO - Created Permission View: can delete on DAG:example_time_delta_sensor_async
[2025-03-27T07:39:36.471+0530] {logging_mixin.py:190} INFO - [2025-03-27T07:39:36.471+0530] {override.py:1930} INFO - Created Permission View: can create on DAG Run:example_time_delta_sensor_async
[2025-03-27T07:39:36.473+0530] {logging_mixin.py:190} INFO - [2025-03-27T07:39:36.473+0530] {override.py:1930} INFO - Created Permission View: can read on DAG Run:example_time_delta_sensor_async
[2025-03-27T07:39:36.476+0530] {logging_mixin.py:190} INFO - [2025-03-27T07:39:36.475+0530] {override.py:1930} INFO - Created Permission View: menu access on DAG Run:example_time_delta_sensor_async
[2025-03-27T07:39:36.478+0530] {logging_mixin.py:190} INFO - [2025-03-27T07:39:36.478+0530] {override.py:1930} INFO - Created Permission View: can delete on DAG Run:example_time_delta_sensor_async
[2025-03-27T07:39:36.478+0530] {logging_mixin.py:190} INFO - [2025-03-27T07:39:36.478+0530] {dag.py:3239} INFO - Sync 1 DAGs
[2025-03-27T07:39:36.483+0530] {logging_mixin.py:190} INFO - [2025-03-27T07:39:36.483+0530] {dag.py:3262} INFO - Creating ORM DAG for example_time_delta_sensor_async
[2025-03-27T07:39:36.483+0530] {logging_mixin.py:190} INFO - [2025-03-27T07:39:36.483+0530] {dag.py:4180} INFO - Setting next_dagrun for example_time_delta_sensor_async to None, run_after=None
[2025-03-27T07:39:36.489+0530] {processor.py:208} INFO - Processing /Users/uk/miniforge3/lib/python3.10/site-packages/airflow/example_dags/example_time_delta_sensor_async.py took 0.302 seconds
[2025-03-27T07:41:22.299+0530] {processor.py:186} INFO - Started process (PID=17509) to work on /Users/uk/miniforge3/lib/python3.10/site-packages/airflow/example_dags/example_time_delta_sensor_async.py
[2025-03-27T07:41:22.299+0530] {processor.py:914} INFO - Processing file /Users/uk/miniforge3/lib/python3.10/site-packages/airflow/example_dags/example_time_delta_sensor_async.py for tasks to queue
[2025-03-27T07:41:22.300+0530] {logging_mixin.py:190} INFO - [2025-03-27T07:41:22.300+0530] {dagbag.py:588} INFO - Filling up the DagBag from /Users/uk/miniforge3/lib/python3.10/site-packages/airflow/example_dags/example_time_delta_sensor_async.py
[2025-03-27T07:41:22.303+0530] {processor.py:925} INFO - DAG(s) 'example_time_delta_sensor_async' retrieved from /Users/uk/miniforge3/lib/python3.10/site-packages/airflow/example_dags/example_time_delta_sensor_async.py
[2025-03-27T07:41:22.558+0530] {logging_mixin.py:190} INFO - [2025-03-27T07:41:22.558+0530] {dag.py:3239} INFO - Sync 1 DAGs
[2025-03-27T07:41:22.562+0530] {logging_mixin.py:190} INFO - [2025-03-27T07:41:22.562+0530] {dag.py:4180} INFO - Setting next_dagrun for example_time_delta_sensor_async to None, run_after=None
[2025-03-27T07:41:22.569+0530] {processor.py:208} INFO - Processing /Users/uk/miniforge3/lib/python3.10/site-packages/airflow/example_dags/example_time_delta_sensor_async.py took 0.271 seconds
[2025-03-27T07:42:40.118+0530] {processor.py:186} INFO - Started process (PID=17668) to work on /Users/uk/miniforge3/lib/python3.10/site-packages/airflow/example_dags/example_time_delta_sensor_async.py
[2025-03-27T07:42:40.118+0530] {processor.py:914} INFO - Processing file /Users/uk/miniforge3/lib/python3.10/site-packages/airflow/example_dags/example_time_delta_sensor_async.py for tasks to queue
[2025-03-27T07:42:40.119+0530] {logging_mixin.py:190} INFO - [2025-03-27T07:42:40.119+0530] {dagbag.py:588} INFO - Filling up the DagBag from /Users/uk/miniforge3/lib/python3.10/site-packages/airflow/example_dags/example_time_delta_sensor_async.py
[2025-03-27T07:42:40.122+0530] {processor.py:925} INFO - DAG(s) 'example_time_delta_sensor_async' retrieved from /Users/uk/miniforge3/lib/python3.10/site-packages/airflow/example_dags/example_time_delta_sensor_async.py
[2025-03-27T07:42:40.396+0530] {logging_mixin.py:190} INFO - [2025-03-27T07:42:40.396+0530] {dag.py:3239} INFO - Sync 1 DAGs
[2025-03-27T07:42:40.400+0530] {logging_mixin.py:190} INFO - [2025-03-27T07:42:40.400+0530] {dag.py:4180} INFO - Setting next_dagrun for example_time_delta_sensor_async to None, run_after=None
[2025-03-27T07:42:40.407+0530] {processor.py:208} INFO - Processing /Users/uk/miniforge3/lib/python3.10/site-packages/airflow/example_dags/example_time_delta_sensor_async.py took 0.290 seconds
[2025-03-27T07:43:54.921+0530] {processor.py:186} INFO - Started process (PID=17848) to work on /Users/uk/miniforge3/lib/python3.10/site-packages/airflow/example_dags/example_time_delta_sensor_async.py
[2025-03-27T07:43:54.922+0530] {processor.py:914} INFO - Processing file /Users/uk/miniforge3/lib/python3.10/site-packages/airflow/example_dags/example_time_delta_sensor_async.py for tasks to queue
[2025-03-27T07:43:54.922+0530] {logging_mixin.py:190} INFO - [2025-03-27T07:43:54.922+0530] {dagbag.py:588} INFO - Filling up the DagBag from /Users/uk/miniforge3/lib/python3.10/site-packages/airflow/example_dags/example_time_delta_sensor_async.py
[2025-03-27T07:43:54.925+0530] {processor.py:925} INFO - DAG(s) 'example_time_delta_sensor_async' retrieved from /Users/uk/miniforge3/lib/python3.10/site-packages/airflow/example_dags/example_time_delta_sensor_async.py
[2025-03-27T07:43:55.198+0530] {logging_mixin.py:190} INFO - [2025-03-27T07:43:55.197+0530] {dag.py:3239} INFO - Sync 1 DAGs
[2025-03-27T07:43:55.202+0530] {logging_mixin.py:190} INFO - [2025-03-27T07:43:55.202+0530] {dag.py:4180} INFO - Setting next_dagrun for example_time_delta_sensor_async to None, run_after=None
[2025-03-27T07:43:55.208+0530] {processor.py:208} INFO - Processing /Users/uk/miniforge3/lib/python3.10/site-packages/airflow/example_dags/example_time_delta_sensor_async.py took 0.288 seconds
[2025-03-27T07:45:08.033+0530] {processor.py:186} INFO - Started process (PID=18068) to work on /Users/uk/miniforge3/lib/python3.10/site-packages/airflow/example_dags/example_time_delta_sensor_async.py
[2025-03-27T07:45:08.034+0530] {processor.py:914} INFO - Processing file /Users/uk/miniforge3/lib/python3.10/site-packages/airflow/example_dags/example_time_delta_sensor_async.py for tasks to queue
[2025-03-27T07:45:08.034+0530] {logging_mixin.py:190} INFO - [2025-03-27T07:45:08.034+0530] {dagbag.py:588} INFO - Filling up the DagBag from /Users/uk/miniforge3/lib/python3.10/site-packages/airflow/example_dags/example_time_delta_sensor_async.py
[2025-03-27T07:45:08.038+0530] {processor.py:925} INFO - DAG(s) 'example_time_delta_sensor_async' retrieved from /Users/uk/miniforge3/lib/python3.10/site-packages/airflow/example_dags/example_time_delta_sensor_async.py
[2025-03-27T07:45:08.321+0530] {logging_mixin.py:190} INFO - [2025-03-27T07:45:08.321+0530] {dag.py:3239} INFO - Sync 1 DAGs
[2025-03-27T07:45:08.325+0530] {logging_mixin.py:190} INFO - [2025-03-27T07:45:08.325+0530] {dag.py:4180} INFO - Setting next_dagrun for example_time_delta_sensor_async to None, run_after=None
[2025-03-27T07:45:08.332+0530] {processor.py:208} INFO - Processing /Users/uk/miniforge3/lib/python3.10/site-packages/airflow/example_dags/example_time_delta_sensor_async.py took 0.300 seconds
[2025-03-27T07:46:20.130+0530] {processor.py:186} INFO - Started process (PID=18246) to work on /Users/uk/miniforge3/lib/python3.10/site-packages/airflow/example_dags/example_time_delta_sensor_async.py
[2025-03-27T07:46:20.131+0530] {processor.py:914} INFO - Processing file /Users/uk/miniforge3/lib/python3.10/site-packages/airflow/example_dags/example_time_delta_sensor_async.py for tasks to queue
[2025-03-27T07:46:20.131+0530] {logging_mixin.py:190} INFO - [2025-03-27T07:46:20.131+0530] {dagbag.py:588} INFO - Filling up the DagBag from /Users/uk/miniforge3/lib/python3.10/site-packages/airflow/example_dags/example_time_delta_sensor_async.py
[2025-03-27T07:46:20.134+0530] {processor.py:925} INFO - DAG(s) 'example_time_delta_sensor_async' retrieved from /Users/uk/miniforge3/lib/python3.10/site-packages/airflow/example_dags/example_time_delta_sensor_async.py
[2025-03-27T07:46:20.443+0530] {logging_mixin.py:190} INFO - [2025-03-27T07:46:20.443+0530] {dag.py:3239} INFO - Sync 1 DAGs
[2025-03-27T07:46:20.447+0530] {logging_mixin.py:190} INFO - [2025-03-27T07:46:20.447+0530] {dag.py:4180} INFO - Setting next_dagrun for example_time_delta_sensor_async to None, run_after=None
[2025-03-27T07:46:20.454+0530] {processor.py:208} INFO - Processing /Users/uk/miniforge3/lib/python3.10/site-packages/airflow/example_dags/example_time_delta_sensor_async.py took 0.325 seconds
[2025-03-27T07:48:07.536+0530] {processor.py:186} INFO - Started process (PID=18437) to work on /Users/uk/miniforge3/lib/python3.10/site-packages/airflow/example_dags/example_time_delta_sensor_async.py
[2025-03-27T07:48:07.537+0530] {processor.py:914} INFO - Processing file /Users/uk/miniforge3/lib/python3.10/site-packages/airflow/example_dags/example_time_delta_sensor_async.py for tasks to queue
[2025-03-27T07:48:07.537+0530] {logging_mixin.py:190} INFO - [2025-03-27T07:48:07.537+0530] {dagbag.py:588} INFO - Filling up the DagBag from /Users/uk/miniforge3/lib/python3.10/site-packages/airflow/example_dags/example_time_delta_sensor_async.py
[2025-03-27T07:48:07.540+0530] {processor.py:925} INFO - DAG(s) 'example_time_delta_sensor_async' retrieved from /Users/uk/miniforge3/lib/python3.10/site-packages/airflow/example_dags/example_time_delta_sensor_async.py
[2025-03-27T07:48:07.835+0530] {logging_mixin.py:190} INFO - [2025-03-27T07:48:07.834+0530] {dag.py:3239} INFO - Sync 1 DAGs
[2025-03-27T07:48:07.839+0530] {logging_mixin.py:190} INFO - [2025-03-27T07:48:07.839+0530] {dag.py:4180} INFO - Setting next_dagrun for example_time_delta_sensor_async to None, run_after=None
[2025-03-27T07:48:07.845+0530] {processor.py:208} INFO - Processing /Users/uk/miniforge3/lib/python3.10/site-packages/airflow/example_dags/example_time_delta_sensor_async.py took 0.311 seconds
[2025-03-27T07:49:27.637+0530] {processor.py:186} INFO - Started process (PID=18580) to work on /Users/uk/miniforge3/lib/python3.10/site-packages/airflow/example_dags/example_time_delta_sensor_async.py
[2025-03-27T07:49:27.638+0530] {processor.py:914} INFO - Processing file /Users/uk/miniforge3/lib/python3.10/site-packages/airflow/example_dags/example_time_delta_sensor_async.py for tasks to queue
[2025-03-27T07:49:27.639+0530] {logging_mixin.py:190} INFO - [2025-03-27T07:49:27.638+0530] {dagbag.py:588} INFO - Filling up the DagBag from /Users/uk/miniforge3/lib/python3.10/site-packages/airflow/example_dags/example_time_delta_sensor_async.py
[2025-03-27T07:49:27.642+0530] {processor.py:925} INFO - DAG(s) 'example_time_delta_sensor_async' retrieved from /Users/uk/miniforge3/lib/python3.10/site-packages/airflow/example_dags/example_time_delta_sensor_async.py
[2025-03-27T07:49:27.950+0530] {logging_mixin.py:190} INFO - [2025-03-27T07:49:27.950+0530] {dag.py:3239} INFO - Sync 1 DAGs
[2025-03-27T07:49:27.954+0530] {logging_mixin.py:190} INFO - [2025-03-27T07:49:27.954+0530] {dag.py:4180} INFO - Setting next_dagrun for example_time_delta_sensor_async to None, run_after=None
[2025-03-27T07:49:27.961+0530] {processor.py:208} INFO - Processing /Users/uk/miniforge3/lib/python3.10/site-packages/airflow/example_dags/example_time_delta_sensor_async.py took 0.325 seconds
[2025-03-27T07:50:44.765+0530] {processor.py:186} INFO - Started process (PID=19051) to work on /Users/uk/miniforge3/lib/python3.10/site-packages/airflow/example_dags/example_time_delta_sensor_async.py
[2025-03-27T07:50:44.766+0530] {processor.py:914} INFO - Processing file /Users/uk/miniforge3/lib/python3.10/site-packages/airflow/example_dags/example_time_delta_sensor_async.py for tasks to queue
[2025-03-27T07:50:44.766+0530] {logging_mixin.py:190} INFO - [2025-03-27T07:50:44.766+0530] {dagbag.py:588} INFO - Filling up the DagBag from /Users/uk/miniforge3/lib/python3.10/site-packages/airflow/example_dags/example_time_delta_sensor_async.py
[2025-03-27T07:50:44.770+0530] {processor.py:925} INFO - DAG(s) 'example_time_delta_sensor_async' retrieved from /Users/uk/miniforge3/lib/python3.10/site-packages/airflow/example_dags/example_time_delta_sensor_async.py
[2025-03-27T07:50:45.068+0530] {logging_mixin.py:190} INFO - [2025-03-27T07:50:45.068+0530] {dag.py:3239} INFO - Sync 1 DAGs
[2025-03-27T07:50:45.072+0530] {logging_mixin.py:190} INFO - [2025-03-27T07:50:45.072+0530] {dag.py:4180} INFO - Setting next_dagrun for example_time_delta_sensor_async to None, run_after=None
[2025-03-27T07:50:45.079+0530] {processor.py:208} INFO - Processing /Users/uk/miniforge3/lib/python3.10/site-packages/airflow/example_dags/example_time_delta_sensor_async.py took 0.314 seconds
[2025-03-27T07:51:59.607+0530] {processor.py:186} INFO - Started process (PID=19180) to work on /Users/uk/miniforge3/lib/python3.10/site-packages/airflow/example_dags/example_time_delta_sensor_async.py
[2025-03-27T07:51:59.608+0530] {processor.py:914} INFO - Processing file /Users/uk/miniforge3/lib/python3.10/site-packages/airflow/example_dags/example_time_delta_sensor_async.py for tasks to queue
[2025-03-27T07:51:59.608+0530] {logging_mixin.py:190} INFO - [2025-03-27T07:51:59.608+0530] {dagbag.py:588} INFO - Filling up the DagBag from /Users/uk/miniforge3/lib/python3.10/site-packages/airflow/example_dags/example_time_delta_sensor_async.py
[2025-03-27T07:51:59.611+0530] {processor.py:925} INFO - DAG(s) 'example_time_delta_sensor_async' retrieved from /Users/uk/miniforge3/lib/python3.10/site-packages/airflow/example_dags/example_time_delta_sensor_async.py
[2025-03-27T07:51:59.921+0530] {logging_mixin.py:190} INFO - [2025-03-27T07:51:59.921+0530] {dag.py:3239} INFO - Sync 1 DAGs
[2025-03-27T07:51:59.925+0530] {logging_mixin.py:190} INFO - [2025-03-27T07:51:59.925+0530] {dag.py:4180} INFO - Setting next_dagrun for example_time_delta_sensor_async to None, run_after=None
[2025-03-27T07:51:59.932+0530] {processor.py:208} INFO - Processing /Users/uk/miniforge3/lib/python3.10/site-packages/airflow/example_dags/example_time_delta_sensor_async.py took 0.326 seconds
[2025-03-27T07:53:28.892+0530] {processor.py:186} INFO - Started process (PID=19368) to work on /Users/uk/miniforge3/lib/python3.10/site-packages/airflow/example_dags/example_time_delta_sensor_async.py
[2025-03-27T07:53:28.892+0530] {processor.py:914} INFO - Processing file /Users/uk/miniforge3/lib/python3.10/site-packages/airflow/example_dags/example_time_delta_sensor_async.py for tasks to queue
[2025-03-27T07:53:28.893+0530] {logging_mixin.py:190} INFO - [2025-03-27T07:53:28.893+0530] {dagbag.py:588} INFO - Filling up the DagBag from /Users/uk/miniforge3/lib/python3.10/site-packages/airflow/example_dags/example_time_delta_sensor_async.py
[2025-03-27T07:53:28.896+0530] {processor.py:925} INFO - DAG(s) 'example_time_delta_sensor_async' retrieved from /Users/uk/miniforge3/lib/python3.10/site-packages/airflow/example_dags/example_time_delta_sensor_async.py
[2025-03-27T07:53:29.148+0530] {logging_mixin.py:190} INFO - [2025-03-27T07:53:29.148+0530] {dag.py:3239} INFO - Sync 1 DAGs
[2025-03-27T07:53:29.152+0530] {logging_mixin.py:190} INFO - [2025-03-27T07:53:29.152+0530] {dag.py:4180} INFO - Setting next_dagrun for example_time_delta_sensor_async to None, run_after=None
[2025-03-27T07:53:29.159+0530] {processor.py:208} INFO - Processing /Users/uk/miniforge3/lib/python3.10/site-packages/airflow/example_dags/example_time_delta_sensor_async.py took 0.268 seconds
[2025-03-27T07:54:43.626+0530] {processor.py:186} INFO - Started process (PID=19981) to work on /Users/uk/miniforge3/lib/python3.10/site-packages/airflow/example_dags/example_time_delta_sensor_async.py
[2025-03-27T07:54:43.626+0530] {processor.py:914} INFO - Processing file /Users/uk/miniforge3/lib/python3.10/site-packages/airflow/example_dags/example_time_delta_sensor_async.py for tasks to queue
[2025-03-27T07:54:43.627+0530] {logging_mixin.py:190} INFO - [2025-03-27T07:54:43.626+0530] {dagbag.py:588} INFO - Filling up the DagBag from /Users/uk/miniforge3/lib/python3.10/site-packages/airflow/example_dags/example_time_delta_sensor_async.py
[2025-03-27T07:54:43.629+0530] {processor.py:925} INFO - DAG(s) 'example_time_delta_sensor_async' retrieved from /Users/uk/miniforge3/lib/python3.10/site-packages/airflow/example_dags/example_time_delta_sensor_async.py
[2025-03-27T07:54:43.884+0530] {logging_mixin.py:190} INFO - [2025-03-27T07:54:43.884+0530] {dag.py:3239} INFO - Sync 1 DAGs
[2025-03-27T07:54:43.888+0530] {logging_mixin.py:190} INFO - [2025-03-27T07:54:43.888+0530] {dag.py:4180} INFO - Setting next_dagrun for example_time_delta_sensor_async to None, run_after=None
[2025-03-27T07:54:43.895+0530] {processor.py:208} INFO - Processing /Users/uk/miniforge3/lib/python3.10/site-packages/airflow/example_dags/example_time_delta_sensor_async.py took 0.271 seconds
[2025-03-27T07:56:28.357+0530] {processor.py:186} INFO - Started process (PID=20456) to work on /Users/uk/miniforge3/lib/python3.10/site-packages/airflow/example_dags/example_time_delta_sensor_async.py
[2025-03-27T07:56:28.357+0530] {processor.py:914} INFO - Processing file /Users/uk/miniforge3/lib/python3.10/site-packages/airflow/example_dags/example_time_delta_sensor_async.py for tasks to queue
[2025-03-27T07:56:28.358+0530] {logging_mixin.py:190} INFO - [2025-03-27T07:56:28.358+0530] {dagbag.py:588} INFO - Filling up the DagBag from /Users/uk/miniforge3/lib/python3.10/site-packages/airflow/example_dags/example_time_delta_sensor_async.py
[2025-03-27T07:56:28.361+0530] {processor.py:925} INFO - DAG(s) 'example_time_delta_sensor_async' retrieved from /Users/uk/miniforge3/lib/python3.10/site-packages/airflow/example_dags/example_time_delta_sensor_async.py
[2025-03-27T07:56:28.598+0530] {logging_mixin.py:190} INFO - [2025-03-27T07:56:28.597+0530] {dag.py:3239} INFO - Sync 1 DAGs
[2025-03-27T07:56:28.603+0530] {logging_mixin.py:190} INFO - [2025-03-27T07:56:28.603+0530] {dag.py:4180} INFO - Setting next_dagrun for example_time_delta_sensor_async to None, run_after=None
[2025-03-27T07:56:28.610+0530] {processor.py:208} INFO - Processing /Users/uk/miniforge3/lib/python3.10/site-packages/airflow/example_dags/example_time_delta_sensor_async.py took 0.255 seconds
[2025-03-27T07:57:43.258+0530] {processor.py:186} INFO - Started process (PID=20593) to work on /Users/uk/miniforge3/lib/python3.10/site-packages/airflow/example_dags/example_time_delta_sensor_async.py
[2025-03-27T07:57:43.259+0530] {processor.py:914} INFO - Processing file /Users/uk/miniforge3/lib/python3.10/site-packages/airflow/example_dags/example_time_delta_sensor_async.py for tasks to queue
[2025-03-27T07:57:43.259+0530] {logging_mixin.py:190} INFO - [2025-03-27T07:57:43.259+0530] {dagbag.py:588} INFO - Filling up the DagBag from /Users/uk/miniforge3/lib/python3.10/site-packages/airflow/example_dags/example_time_delta_sensor_async.py
[2025-03-27T07:57:43.263+0530] {processor.py:925} INFO - DAG(s) 'example_time_delta_sensor_async' retrieved from /Users/uk/miniforge3/lib/python3.10/site-packages/airflow/example_dags/example_time_delta_sensor_async.py
[2025-03-27T07:57:43.554+0530] {logging_mixin.py:190} INFO - [2025-03-27T07:57:43.554+0530] {dag.py:3239} INFO - Sync 1 DAGs
[2025-03-27T07:57:43.558+0530] {logging_mixin.py:190} INFO - [2025-03-27T07:57:43.558+0530] {dag.py:4180} INFO - Setting next_dagrun for example_time_delta_sensor_async to None, run_after=None
[2025-03-27T07:57:43.565+0530] {processor.py:208} INFO - Processing /Users/uk/miniforge3/lib/python3.10/site-packages/airflow/example_dags/example_time_delta_sensor_async.py took 0.308 seconds
[2025-03-27T07:59:03.044+0530] {processor.py:186} INFO - Started process (PID=20746) to work on /Users/uk/miniforge3/lib/python3.10/site-packages/airflow/example_dags/example_time_delta_sensor_async.py
[2025-03-27T07:59:03.045+0530] {processor.py:914} INFO - Processing file /Users/uk/miniforge3/lib/python3.10/site-packages/airflow/example_dags/example_time_delta_sensor_async.py for tasks to queue
[2025-03-27T07:59:03.045+0530] {logging_mixin.py:190} INFO - [2025-03-27T07:59:03.045+0530] {dagbag.py:588} INFO - Filling up the DagBag from /Users/uk/miniforge3/lib/python3.10/site-packages/airflow/example_dags/example_time_delta_sensor_async.py
[2025-03-27T07:59:03.049+0530] {processor.py:925} INFO - DAG(s) 'example_time_delta_sensor_async' retrieved from /Users/uk/miniforge3/lib/python3.10/site-packages/airflow/example_dags/example_time_delta_sensor_async.py
[2025-03-27T07:59:03.347+0530] {logging_mixin.py:190} INFO - [2025-03-27T07:59:03.347+0530] {dag.py:3239} INFO - Sync 1 DAGs
[2025-03-27T07:59:03.351+0530] {logging_mixin.py:190} INFO - [2025-03-27T07:59:03.351+0530] {dag.py:4180} INFO - Setting next_dagrun for example_time_delta_sensor_async to None, run_after=None
[2025-03-27T07:59:03.357+0530] {processor.py:208} INFO - Processing /Users/uk/miniforge3/lib/python3.10/site-packages/airflow/example_dags/example_time_delta_sensor_async.py took 0.314 seconds
[2025-03-27T08:00:17.291+0530] {processor.py:186} INFO - Started process (PID=20904) to work on /Users/uk/miniforge3/lib/python3.10/site-packages/airflow/example_dags/example_time_delta_sensor_async.py
[2025-03-27T08:00:17.291+0530] {processor.py:914} INFO - Processing file /Users/uk/miniforge3/lib/python3.10/site-packages/airflow/example_dags/example_time_delta_sensor_async.py for tasks to queue
[2025-03-27T08:00:17.292+0530] {logging_mixin.py:190} INFO - [2025-03-27T08:00:17.292+0530] {dagbag.py:588} INFO - Filling up the DagBag from /Users/uk/miniforge3/lib/python3.10/site-packages/airflow/example_dags/example_time_delta_sensor_async.py
[2025-03-27T08:00:17.295+0530] {processor.py:925} INFO - DAG(s) 'example_time_delta_sensor_async' retrieved from /Users/uk/miniforge3/lib/python3.10/site-packages/airflow/example_dags/example_time_delta_sensor_async.py
[2025-03-27T08:00:17.531+0530] {logging_mixin.py:190} INFO - [2025-03-27T08:00:17.531+0530] {dag.py:3239} INFO - Sync 1 DAGs
[2025-03-27T08:00:17.535+0530] {logging_mixin.py:190} INFO - [2025-03-27T08:00:17.535+0530] {dag.py:4180} INFO - Setting next_dagrun for example_time_delta_sensor_async to None, run_after=None
[2025-03-27T08:00:17.542+0530] {processor.py:208} INFO - Processing /Users/uk/miniforge3/lib/python3.10/site-packages/airflow/example_dags/example_time_delta_sensor_async.py took 0.252 seconds
[2025-03-27T08:01:34.502+0530] {processor.py:186} INFO - Started process (PID=21038) to work on /Users/uk/miniforge3/lib/python3.10/site-packages/airflow/example_dags/example_time_delta_sensor_async.py
[2025-03-27T08:01:34.504+0530] {processor.py:914} INFO - Processing file /Users/uk/miniforge3/lib/python3.10/site-packages/airflow/example_dags/example_time_delta_sensor_async.py for tasks to queue
[2025-03-27T08:01:34.504+0530] {logging_mixin.py:190} INFO - [2025-03-27T08:01:34.504+0530] {dagbag.py:588} INFO - Filling up the DagBag from /Users/uk/miniforge3/lib/python3.10/site-packages/airflow/example_dags/example_time_delta_sensor_async.py
[2025-03-27T08:01:34.507+0530] {processor.py:925} INFO - DAG(s) 'example_time_delta_sensor_async' retrieved from /Users/uk/miniforge3/lib/python3.10/site-packages/airflow/example_dags/example_time_delta_sensor_async.py
[2025-03-27T08:01:34.811+0530] {logging_mixin.py:190} INFO - [2025-03-27T08:01:34.811+0530] {dag.py:3239} INFO - Sync 1 DAGs
[2025-03-27T08:01:34.815+0530] {logging_mixin.py:190} INFO - [2025-03-27T08:01:34.815+0530] {dag.py:4180} INFO - Setting next_dagrun for example_time_delta_sensor_async to None, run_after=None
[2025-03-27T08:01:34.822+0530] {processor.py:208} INFO - Processing /Users/uk/miniforge3/lib/python3.10/site-packages/airflow/example_dags/example_time_delta_sensor_async.py took 0.321 seconds
[2025-03-27T08:02:50.879+0530] {processor.py:186} INFO - Started process (PID=21211) to work on /Users/uk/miniforge3/lib/python3.10/site-packages/airflow/example_dags/example_time_delta_sensor_async.py
[2025-03-27T08:02:50.881+0530] {processor.py:914} INFO - Processing file /Users/uk/miniforge3/lib/python3.10/site-packages/airflow/example_dags/example_time_delta_sensor_async.py for tasks to queue
[2025-03-27T08:02:50.881+0530] {logging_mixin.py:190} INFO - [2025-03-27T08:02:50.881+0530] {dagbag.py:588} INFO - Filling up the DagBag from /Users/uk/miniforge3/lib/python3.10/site-packages/airflow/example_dags/example_time_delta_sensor_async.py
[2025-03-27T08:02:50.885+0530] {processor.py:925} INFO - DAG(s) 'example_time_delta_sensor_async' retrieved from /Users/uk/miniforge3/lib/python3.10/site-packages/airflow/example_dags/example_time_delta_sensor_async.py
[2025-03-27T08:02:51.177+0530] {logging_mixin.py:190} INFO - [2025-03-27T08:02:51.176+0530] {dag.py:3239} INFO - Sync 1 DAGs
[2025-03-27T08:02:51.181+0530] {logging_mixin.py:190} INFO - [2025-03-27T08:02:51.181+0530] {dag.py:4180} INFO - Setting next_dagrun for example_time_delta_sensor_async to None, run_after=None
[2025-03-27T08:02:51.189+0530] {processor.py:208} INFO - Processing /Users/uk/miniforge3/lib/python3.10/site-packages/airflow/example_dags/example_time_delta_sensor_async.py took 0.311 seconds
[2025-03-27T08:04:07.397+0530] {processor.py:186} INFO - Started process (PID=21350) to work on /Users/uk/miniforge3/lib/python3.10/site-packages/airflow/example_dags/example_time_delta_sensor_async.py
[2025-03-27T08:04:07.399+0530] {processor.py:914} INFO - Processing file /Users/uk/miniforge3/lib/python3.10/site-packages/airflow/example_dags/example_time_delta_sensor_async.py for tasks to queue
[2025-03-27T08:04:07.399+0530] {logging_mixin.py:190} INFO - [2025-03-27T08:04:07.399+0530] {dagbag.py:588} INFO - Filling up the DagBag from /Users/uk/miniforge3/lib/python3.10/site-packages/airflow/example_dags/example_time_delta_sensor_async.py
[2025-03-27T08:04:07.403+0530] {processor.py:925} INFO - DAG(s) 'example_time_delta_sensor_async' retrieved from /Users/uk/miniforge3/lib/python3.10/site-packages/airflow/example_dags/example_time_delta_sensor_async.py
[2025-03-27T08:04:07.695+0530] {logging_mixin.py:190} INFO - [2025-03-27T08:04:07.694+0530] {dag.py:3239} INFO - Sync 1 DAGs
[2025-03-27T08:04:07.699+0530] {logging_mixin.py:190} INFO - [2025-03-27T08:04:07.699+0530] {dag.py:4180} INFO - Setting next_dagrun for example_time_delta_sensor_async to None, run_after=None
[2025-03-27T08:04:07.705+0530] {processor.py:208} INFO - Processing /Users/uk/miniforge3/lib/python3.10/site-packages/airflow/example_dags/example_time_delta_sensor_async.py took 0.309 seconds
[2025-03-27T08:05:19.060+0530] {processor.py:186} INFO - Started process (PID=21469) to work on /Users/uk/miniforge3/lib/python3.10/site-packages/airflow/example_dags/example_time_delta_sensor_async.py
[2025-03-27T08:05:19.061+0530] {processor.py:914} INFO - Processing file /Users/uk/miniforge3/lib/python3.10/site-packages/airflow/example_dags/example_time_delta_sensor_async.py for tasks to queue
[2025-03-27T08:05:19.062+0530] {logging_mixin.py:190} INFO - [2025-03-27T08:05:19.062+0530] {dagbag.py:588} INFO - Filling up the DagBag from /Users/uk/miniforge3/lib/python3.10/site-packages/airflow/example_dags/example_time_delta_sensor_async.py
[2025-03-27T08:05:19.065+0530] {processor.py:925} INFO - DAG(s) 'example_time_delta_sensor_async' retrieved from /Users/uk/miniforge3/lib/python3.10/site-packages/airflow/example_dags/example_time_delta_sensor_async.py
[2025-03-27T08:05:19.411+0530] {logging_mixin.py:190} INFO - [2025-03-27T08:05:19.410+0530] {dag.py:3239} INFO - Sync 1 DAGs
[2025-03-27T08:05:19.415+0530] {logging_mixin.py:190} INFO - [2025-03-27T08:05:19.415+0530] {dag.py:4180} INFO - Setting next_dagrun for example_time_delta_sensor_async to None, run_after=None
[2025-03-27T08:05:19.424+0530] {processor.py:208} INFO - Processing /Users/uk/miniforge3/lib/python3.10/site-packages/airflow/example_dags/example_time_delta_sensor_async.py took 0.366 seconds
[2025-03-27T08:06:34.994+0530] {processor.py:186} INFO - Started process (PID=21604) to work on /Users/uk/miniforge3/lib/python3.10/site-packages/airflow/example_dags/example_time_delta_sensor_async.py
[2025-03-27T08:06:34.996+0530] {processor.py:914} INFO - Processing file /Users/uk/miniforge3/lib/python3.10/site-packages/airflow/example_dags/example_time_delta_sensor_async.py for tasks to queue
[2025-03-27T08:06:34.996+0530] {logging_mixin.py:190} INFO - [2025-03-27T08:06:34.996+0530] {dagbag.py:588} INFO - Filling up the DagBag from /Users/uk/miniforge3/lib/python3.10/site-packages/airflow/example_dags/example_time_delta_sensor_async.py
[2025-03-27T08:06:35.000+0530] {processor.py:925} INFO - DAG(s) 'example_time_delta_sensor_async' retrieved from /Users/uk/miniforge3/lib/python3.10/site-packages/airflow/example_dags/example_time_delta_sensor_async.py
[2025-03-27T08:06:35.245+0530] {logging_mixin.py:190} INFO - [2025-03-27T08:06:35.245+0530] {dag.py:3239} INFO - Sync 1 DAGs
[2025-03-27T08:06:35.249+0530] {logging_mixin.py:190} INFO - [2025-03-27T08:06:35.249+0530] {dag.py:4180} INFO - Setting next_dagrun for example_time_delta_sensor_async to None, run_after=None
[2025-03-27T08:06:35.256+0530] {processor.py:208} INFO - Processing /Users/uk/miniforge3/lib/python3.10/site-packages/airflow/example_dags/example_time_delta_sensor_async.py took 0.263 seconds
[2025-03-27T08:07:59.493+0530] {processor.py:186} INFO - Started process (PID=21803) to work on /Users/uk/miniforge3/lib/python3.10/site-packages/airflow/example_dags/example_time_delta_sensor_async.py
[2025-03-27T08:07:59.495+0530] {processor.py:914} INFO - Processing file /Users/uk/miniforge3/lib/python3.10/site-packages/airflow/example_dags/example_time_delta_sensor_async.py for tasks to queue
[2025-03-27T08:07:59.495+0530] {logging_mixin.py:190} INFO - [2025-03-27T08:07:59.495+0530] {dagbag.py:588} INFO - Filling up the DagBag from /Users/uk/miniforge3/lib/python3.10/site-packages/airflow/example_dags/example_time_delta_sensor_async.py
[2025-03-27T08:07:59.498+0530] {processor.py:925} INFO - DAG(s) 'example_time_delta_sensor_async' retrieved from /Users/uk/miniforge3/lib/python3.10/site-packages/airflow/example_dags/example_time_delta_sensor_async.py
[2025-03-27T08:07:59.743+0530] {logging_mixin.py:190} INFO - [2025-03-27T08:07:59.743+0530] {dag.py:3239} INFO - Sync 1 DAGs
[2025-03-27T08:07:59.747+0530] {logging_mixin.py:190} INFO - [2025-03-27T08:07:59.747+0530] {dag.py:4180} INFO - Setting next_dagrun for example_time_delta_sensor_async to None, run_after=None
[2025-03-27T08:07:59.754+0530] {processor.py:208} INFO - Processing /Users/uk/miniforge3/lib/python3.10/site-packages/airflow/example_dags/example_time_delta_sensor_async.py took 0.262 seconds
[2025-03-27T08:09:17.346+0530] {processor.py:186} INFO - Started process (PID=21934) to work on /Users/uk/miniforge3/lib/python3.10/site-packages/airflow/example_dags/example_time_delta_sensor_async.py
[2025-03-27T08:09:17.346+0530] {processor.py:914} INFO - Processing file /Users/uk/miniforge3/lib/python3.10/site-packages/airflow/example_dags/example_time_delta_sensor_async.py for tasks to queue
[2025-03-27T08:09:17.347+0530] {logging_mixin.py:190} INFO - [2025-03-27T08:09:17.347+0530] {dagbag.py:588} INFO - Filling up the DagBag from /Users/uk/miniforge3/lib/python3.10/site-packages/airflow/example_dags/example_time_delta_sensor_async.py
[2025-03-27T08:09:17.350+0530] {processor.py:925} INFO - DAG(s) 'example_time_delta_sensor_async' retrieved from /Users/uk/miniforge3/lib/python3.10/site-packages/airflow/example_dags/example_time_delta_sensor_async.py
[2025-03-27T08:09:17.645+0530] {logging_mixin.py:190} INFO - [2025-03-27T08:09:17.645+0530] {dag.py:3239} INFO - Sync 1 DAGs
[2025-03-27T08:09:17.649+0530] {logging_mixin.py:190} INFO - [2025-03-27T08:09:17.649+0530] {dag.py:4180} INFO - Setting next_dagrun for example_time_delta_sensor_async to None, run_after=None
[2025-03-27T08:09:17.656+0530] {processor.py:208} INFO - Processing /Users/uk/miniforge3/lib/python3.10/site-packages/airflow/example_dags/example_time_delta_sensor_async.py took 0.312 seconds
[2025-03-27T08:10:32.843+0530] {processor.py:186} INFO - Started process (PID=22057) to work on /Users/uk/miniforge3/lib/python3.10/site-packages/airflow/example_dags/example_time_delta_sensor_async.py
[2025-03-27T08:10:32.844+0530] {processor.py:914} INFO - Processing file /Users/uk/miniforge3/lib/python3.10/site-packages/airflow/example_dags/example_time_delta_sensor_async.py for tasks to queue
[2025-03-27T08:10:32.845+0530] {logging_mixin.py:190} INFO - [2025-03-27T08:10:32.845+0530] {dagbag.py:588} INFO - Filling up the DagBag from /Users/uk/miniforge3/lib/python3.10/site-packages/airflow/example_dags/example_time_delta_sensor_async.py
[2025-03-27T08:10:32.850+0530] {processor.py:925} INFO - DAG(s) 'example_time_delta_sensor_async' retrieved from /Users/uk/miniforge3/lib/python3.10/site-packages/airflow/example_dags/example_time_delta_sensor_async.py
[2025-03-27T08:10:33.160+0530] {logging_mixin.py:190} INFO - [2025-03-27T08:10:33.159+0530] {dag.py:3239} INFO - Sync 1 DAGs
[2025-03-27T08:10:33.164+0530] {logging_mixin.py:190} INFO - [2025-03-27T08:10:33.164+0530] {dag.py:4180} INFO - Setting next_dagrun for example_time_delta_sensor_async to None, run_after=None
[2025-03-27T08:10:33.172+0530] {processor.py:208} INFO - Processing /Users/uk/miniforge3/lib/python3.10/site-packages/airflow/example_dags/example_time_delta_sensor_async.py took 0.330 seconds
