[2025-03-27T07:05:46.585+0530] {processor.py:186} INFO - Started process (PID=13063) to work on /Users/uk/miniforge3/lib/python3.10/site-packages/airflow/example_dags/example_branch_operator_decorator.py
[2025-03-27T07:05:46.585+0530] {processor.py:914} INFO - Processing file /Users/uk/miniforge3/lib/python3.10/site-packages/airflow/example_dags/example_branch_operator_decorator.py for tasks to queue
[2025-03-27T07:05:46.585+0530] {logging_mixin.py:190} INFO - [2025-03-27T07:05:46.585+0530] {dagbag.py:588} INFO - Filling up the DagBag from /Users/uk/miniforge3/lib/python3.10/site-packages/airflow/example_dags/example_branch_operator_decorator.py
[2025-03-27T07:05:46.604+0530] {processor.py:925} INFO - DAG(s) 'example_branch_python_operator_decorator' retrieved from /Users/uk/miniforge3/lib/python3.10/site-packages/airflow/example_dags/example_branch_operator_decorator.py
[2025-03-27T07:05:46.678+0530] {logging_mixin.py:190} INFO - [2025-03-27T07:05:46.678+0530] {dag.py:3239} INFO - Sync 1 DAGs
[2025-03-27T07:05:46.684+0530] {logging_mixin.py:190} INFO - [2025-03-27T07:05:46.684+0530] {dag.py:4180} INFO - Setting next_dagrun for example_branch_python_operator_decorator to 2025-03-26 00:00:00+00:00, run_after=2025-03-27 00:00:00+00:00
[2025-03-27T07:05:46.691+0530] {processor.py:208} INFO - Processing /Users/uk/miniforge3/lib/python3.10/site-packages/airflow/example_dags/example_branch_operator_decorator.py took 0.107 seconds
[2025-03-27T07:08:37.783+0530] {processor.py:186} INFO - Started process (PID=13537) to work on /Users/uk/miniforge3/lib/python3.10/site-packages/airflow/example_dags/example_branch_operator_decorator.py
[2025-03-27T07:08:37.784+0530] {processor.py:914} INFO - Processing file /Users/uk/miniforge3/lib/python3.10/site-packages/airflow/example_dags/example_branch_operator_decorator.py for tasks to queue
[2025-03-27T07:08:37.784+0530] {logging_mixin.py:190} INFO - [2025-03-27T07:08:37.784+0530] {dagbag.py:588} INFO - Filling up the DagBag from /Users/uk/miniforge3/lib/python3.10/site-packages/airflow/example_dags/example_branch_operator_decorator.py
[2025-03-27T07:08:37.806+0530] {processor.py:925} INFO - DAG(s) 'example_branch_python_operator_decorator' retrieved from /Users/uk/miniforge3/lib/python3.10/site-packages/airflow/example_dags/example_branch_operator_decorator.py
[2025-03-27T07:08:37.905+0530] {logging_mixin.py:190} INFO - [2025-03-27T07:08:37.905+0530] {dag.py:3239} INFO - Sync 1 DAGs
[2025-03-27T07:08:37.912+0530] {logging_mixin.py:190} INFO - [2025-03-27T07:08:37.912+0530] {dag.py:4180} INFO - Setting next_dagrun for example_branch_python_operator_decorator to 2025-03-26 00:00:00+00:00, run_after=2025-03-27 00:00:00+00:00
[2025-03-27T07:08:37.919+0530] {processor.py:208} INFO - Processing /Users/uk/miniforge3/lib/python3.10/site-packages/airflow/example_dags/example_branch_operator_decorator.py took 0.137 seconds
[2025-03-27T07:11:31.503+0530] {processor.py:186} INFO - Started process (PID=13850) to work on /Users/uk/miniforge3/lib/python3.10/site-packages/airflow/example_dags/example_branch_operator_decorator.py
[2025-03-27T07:11:31.504+0530] {processor.py:914} INFO - Processing file /Users/uk/miniforge3/lib/python3.10/site-packages/airflow/example_dags/example_branch_operator_decorator.py for tasks to queue
[2025-03-27T07:11:31.505+0530] {logging_mixin.py:190} INFO - [2025-03-27T07:11:31.504+0530] {dagbag.py:588} INFO - Filling up the DagBag from /Users/uk/miniforge3/lib/python3.10/site-packages/airflow/example_dags/example_branch_operator_decorator.py
[2025-03-27T07:11:31.526+0530] {processor.py:925} INFO - DAG(s) 'example_branch_python_operator_decorator' retrieved from /Users/uk/miniforge3/lib/python3.10/site-packages/airflow/example_dags/example_branch_operator_decorator.py
[2025-03-27T07:11:31.600+0530] {logging_mixin.py:190} INFO - [2025-03-27T07:11:31.600+0530] {dag.py:3239} INFO - Sync 1 DAGs
[2025-03-27T07:11:31.607+0530] {logging_mixin.py:190} INFO - [2025-03-27T07:11:31.607+0530] {dag.py:4180} INFO - Setting next_dagrun for example_branch_python_operator_decorator to 2025-03-26 00:00:00+00:00, run_after=2025-03-27 00:00:00+00:00
[2025-03-27T07:11:31.614+0530] {processor.py:208} INFO - Processing /Users/uk/miniforge3/lib/python3.10/site-packages/airflow/example_dags/example_branch_operator_decorator.py took 0.112 seconds
[2025-03-27T07:14:02.493+0530] {processor.py:186} INFO - Started process (PID=14114) to work on /Users/uk/miniforge3/lib/python3.10/site-packages/airflow/example_dags/example_branch_operator_decorator.py
[2025-03-27T07:14:02.493+0530] {processor.py:914} INFO - Processing file /Users/uk/miniforge3/lib/python3.10/site-packages/airflow/example_dags/example_branch_operator_decorator.py for tasks to queue
[2025-03-27T07:14:02.494+0530] {logging_mixin.py:190} INFO - [2025-03-27T07:14:02.494+0530] {dagbag.py:588} INFO - Filling up the DagBag from /Users/uk/miniforge3/lib/python3.10/site-packages/airflow/example_dags/example_branch_operator_decorator.py
[2025-03-27T07:14:02.512+0530] {processor.py:925} INFO - DAG(s) 'example_branch_python_operator_decorator' retrieved from /Users/uk/miniforge3/lib/python3.10/site-packages/airflow/example_dags/example_branch_operator_decorator.py
[2025-03-27T07:14:02.586+0530] {logging_mixin.py:190} INFO - [2025-03-27T07:14:02.586+0530] {dag.py:3239} INFO - Sync 1 DAGs
[2025-03-27T07:14:02.593+0530] {logging_mixin.py:190} INFO - [2025-03-27T07:14:02.593+0530] {dag.py:4180} INFO - Setting next_dagrun for example_branch_python_operator_decorator to 2025-03-26 00:00:00+00:00, run_after=2025-03-27 00:00:00+00:00
[2025-03-27T07:14:02.599+0530] {processor.py:208} INFO - Processing /Users/uk/miniforge3/lib/python3.10/site-packages/airflow/example_dags/example_branch_operator_decorator.py took 0.107 seconds
[2025-03-27T07:16:34.697+0530] {processor.py:186} INFO - Started process (PID=14360) to work on /Users/uk/miniforge3/lib/python3.10/site-packages/airflow/example_dags/example_branch_operator_decorator.py
[2025-03-27T07:16:34.699+0530] {processor.py:914} INFO - Processing file /Users/uk/miniforge3/lib/python3.10/site-packages/airflow/example_dags/example_branch_operator_decorator.py for tasks to queue
[2025-03-27T07:16:34.699+0530] {logging_mixin.py:190} INFO - [2025-03-27T07:16:34.699+0530] {dagbag.py:588} INFO - Filling up the DagBag from /Users/uk/miniforge3/lib/python3.10/site-packages/airflow/example_dags/example_branch_operator_decorator.py
[2025-03-27T07:16:34.717+0530] {processor.py:925} INFO - DAG(s) 'example_branch_python_operator_decorator' retrieved from /Users/uk/miniforge3/lib/python3.10/site-packages/airflow/example_dags/example_branch_operator_decorator.py
[2025-03-27T07:16:34.807+0530] {logging_mixin.py:190} INFO - [2025-03-27T07:16:34.806+0530] {dag.py:3239} INFO - Sync 1 DAGs
[2025-03-27T07:16:34.813+0530] {logging_mixin.py:190} INFO - [2025-03-27T07:16:34.813+0530] {dag.py:4180} INFO - Setting next_dagrun for example_branch_python_operator_decorator to 2025-03-26 00:00:00+00:00, run_after=2025-03-27 00:00:00+00:00
[2025-03-27T07:16:34.819+0530] {processor.py:208} INFO - Processing /Users/uk/miniforge3/lib/python3.10/site-packages/airflow/example_dags/example_branch_operator_decorator.py took 0.123 seconds
[2025-03-27T07:18:58.287+0530] {processor.py:186} INFO - Started process (PID=14605) to work on /Users/uk/miniforge3/lib/python3.10/site-packages/airflow/example_dags/example_branch_operator_decorator.py
[2025-03-27T07:18:58.287+0530] {processor.py:914} INFO - Processing file /Users/uk/miniforge3/lib/python3.10/site-packages/airflow/example_dags/example_branch_operator_decorator.py for tasks to queue
[2025-03-27T07:18:58.288+0530] {logging_mixin.py:190} INFO - [2025-03-27T07:18:58.288+0530] {dagbag.py:588} INFO - Filling up the DagBag from /Users/uk/miniforge3/lib/python3.10/site-packages/airflow/example_dags/example_branch_operator_decorator.py
[2025-03-27T07:18:58.308+0530] {processor.py:925} INFO - DAG(s) 'example_branch_python_operator_decorator' retrieved from /Users/uk/miniforge3/lib/python3.10/site-packages/airflow/example_dags/example_branch_operator_decorator.py
[2025-03-27T07:18:58.385+0530] {logging_mixin.py:190} INFO - [2025-03-27T07:18:58.385+0530] {dag.py:3239} INFO - Sync 1 DAGs
[2025-03-27T07:18:58.391+0530] {logging_mixin.py:190} INFO - [2025-03-27T07:18:58.391+0530] {dag.py:4180} INFO - Setting next_dagrun for example_branch_python_operator_decorator to 2025-03-26 00:00:00+00:00, run_after=2025-03-27 00:00:00+00:00
[2025-03-27T07:18:58.398+0530] {processor.py:208} INFO - Processing /Users/uk/miniforge3/lib/python3.10/site-packages/airflow/example_dags/example_branch_operator_decorator.py took 0.112 seconds
[2025-03-27T07:21:25.021+0530] {processor.py:186} INFO - Started process (PID=15129) to work on /Users/uk/miniforge3/lib/python3.10/site-packages/airflow/example_dags/example_branch_operator_decorator.py
[2025-03-27T07:21:25.022+0530] {processor.py:914} INFO - Processing file /Users/uk/miniforge3/lib/python3.10/site-packages/airflow/example_dags/example_branch_operator_decorator.py for tasks to queue
[2025-03-27T07:21:25.022+0530] {logging_mixin.py:190} INFO - [2025-03-27T07:21:25.022+0530] {dagbag.py:588} INFO - Filling up the DagBag from /Users/uk/miniforge3/lib/python3.10/site-packages/airflow/example_dags/example_branch_operator_decorator.py
[2025-03-27T07:21:25.041+0530] {processor.py:925} INFO - DAG(s) 'example_branch_python_operator_decorator' retrieved from /Users/uk/miniforge3/lib/python3.10/site-packages/airflow/example_dags/example_branch_operator_decorator.py
[2025-03-27T07:21:25.114+0530] {logging_mixin.py:190} INFO - [2025-03-27T07:21:25.114+0530] {dag.py:3239} INFO - Sync 1 DAGs
[2025-03-27T07:21:25.121+0530] {logging_mixin.py:190} INFO - [2025-03-27T07:21:25.121+0530] {dag.py:4180} INFO - Setting next_dagrun for example_branch_python_operator_decorator to 2025-03-26 00:00:00+00:00, run_after=2025-03-27 00:00:00+00:00
[2025-03-27T07:21:25.127+0530] {processor.py:208} INFO - Processing /Users/uk/miniforge3/lib/python3.10/site-packages/airflow/example_dags/example_branch_operator_decorator.py took 0.107 seconds
[2025-03-27T07:23:46.605+0530] {processor.py:186} INFO - Started process (PID=15396) to work on /Users/uk/miniforge3/lib/python3.10/site-packages/airflow/example_dags/example_branch_operator_decorator.py
[2025-03-27T07:23:46.605+0530] {processor.py:914} INFO - Processing file /Users/uk/miniforge3/lib/python3.10/site-packages/airflow/example_dags/example_branch_operator_decorator.py for tasks to queue
[2025-03-27T07:23:46.606+0530] {logging_mixin.py:190} INFO - [2025-03-27T07:23:46.606+0530] {dagbag.py:588} INFO - Filling up the DagBag from /Users/uk/miniforge3/lib/python3.10/site-packages/airflow/example_dags/example_branch_operator_decorator.py
[2025-03-27T07:23:46.625+0530] {processor.py:925} INFO - DAG(s) 'example_branch_python_operator_decorator' retrieved from /Users/uk/miniforge3/lib/python3.10/site-packages/airflow/example_dags/example_branch_operator_decorator.py
[2025-03-27T07:23:46.698+0530] {logging_mixin.py:190} INFO - [2025-03-27T07:23:46.698+0530] {dag.py:3239} INFO - Sync 1 DAGs
[2025-03-27T07:23:46.704+0530] {logging_mixin.py:190} INFO - [2025-03-27T07:23:46.704+0530] {dag.py:4180} INFO - Setting next_dagrun for example_branch_python_operator_decorator to 2025-03-26 00:00:00+00:00, run_after=2025-03-27 00:00:00+00:00
[2025-03-27T07:23:46.711+0530] {processor.py:208} INFO - Processing /Users/uk/miniforge3/lib/python3.10/site-packages/airflow/example_dags/example_branch_operator_decorator.py took 0.107 seconds
[2025-03-27T07:26:10.093+0530] {processor.py:186} INFO - Started process (PID=15660) to work on /Users/uk/miniforge3/lib/python3.10/site-packages/airflow/example_dags/example_branch_operator_decorator.py
[2025-03-27T07:26:10.094+0530] {processor.py:914} INFO - Processing file /Users/uk/miniforge3/lib/python3.10/site-packages/airflow/example_dags/example_branch_operator_decorator.py for tasks to queue
[2025-03-27T07:26:10.094+0530] {logging_mixin.py:190} INFO - [2025-03-27T07:26:10.094+0530] {dagbag.py:588} INFO - Filling up the DagBag from /Users/uk/miniforge3/lib/python3.10/site-packages/airflow/example_dags/example_branch_operator_decorator.py
[2025-03-27T07:26:10.112+0530] {processor.py:925} INFO - DAG(s) 'example_branch_python_operator_decorator' retrieved from /Users/uk/miniforge3/lib/python3.10/site-packages/airflow/example_dags/example_branch_operator_decorator.py
[2025-03-27T07:26:10.185+0530] {logging_mixin.py:190} INFO - [2025-03-27T07:26:10.185+0530] {dag.py:3239} INFO - Sync 1 DAGs
[2025-03-27T07:26:10.191+0530] {logging_mixin.py:190} INFO - [2025-03-27T07:26:10.191+0530] {dag.py:4180} INFO - Setting next_dagrun for example_branch_python_operator_decorator to 2025-03-26 00:00:00+00:00, run_after=2025-03-27 00:00:00+00:00
[2025-03-27T07:26:10.198+0530] {processor.py:208} INFO - Processing /Users/uk/miniforge3/lib/python3.10/site-packages/airflow/example_dags/example_branch_operator_decorator.py took 0.106 seconds
[2025-03-27T07:28:37.979+0530] {processor.py:186} INFO - Started process (PID=15905) to work on /Users/uk/miniforge3/lib/python3.10/site-packages/airflow/example_dags/example_branch_operator_decorator.py
[2025-03-27T07:28:37.980+0530] {processor.py:914} INFO - Processing file /Users/uk/miniforge3/lib/python3.10/site-packages/airflow/example_dags/example_branch_operator_decorator.py for tasks to queue
[2025-03-27T07:28:37.980+0530] {logging_mixin.py:190} INFO - [2025-03-27T07:28:37.980+0530] {dagbag.py:588} INFO - Filling up the DagBag from /Users/uk/miniforge3/lib/python3.10/site-packages/airflow/example_dags/example_branch_operator_decorator.py
[2025-03-27T07:28:38.000+0530] {processor.py:925} INFO - DAG(s) 'example_branch_python_operator_decorator' retrieved from /Users/uk/miniforge3/lib/python3.10/site-packages/airflow/example_dags/example_branch_operator_decorator.py
[2025-03-27T07:28:38.088+0530] {logging_mixin.py:190} INFO - [2025-03-27T07:28:38.087+0530] {dag.py:3239} INFO - Sync 1 DAGs
[2025-03-27T07:28:38.094+0530] {logging_mixin.py:190} INFO - [2025-03-27T07:28:38.094+0530] {dag.py:4180} INFO - Setting next_dagrun for example_branch_python_operator_decorator to 2025-03-26 00:00:00+00:00, run_after=2025-03-27 00:00:00+00:00
[2025-03-27T07:28:38.101+0530] {processor.py:208} INFO - Processing /Users/uk/miniforge3/lib/python3.10/site-packages/airflow/example_dags/example_branch_operator_decorator.py took 0.123 seconds
[2025-03-27T07:31:07.678+0530] {processor.py:186} INFO - Started process (PID=16199) to work on /Users/uk/miniforge3/lib/python3.10/site-packages/airflow/example_dags/example_branch_operator_decorator.py
[2025-03-27T07:31:07.679+0530] {processor.py:914} INFO - Processing file /Users/uk/miniforge3/lib/python3.10/site-packages/airflow/example_dags/example_branch_operator_decorator.py for tasks to queue
[2025-03-27T07:31:07.679+0530] {logging_mixin.py:190} INFO - [2025-03-27T07:31:07.679+0530] {dagbag.py:588} INFO - Filling up the DagBag from /Users/uk/miniforge3/lib/python3.10/site-packages/airflow/example_dags/example_branch_operator_decorator.py
[2025-03-27T07:31:07.698+0530] {processor.py:925} INFO - DAG(s) 'example_branch_python_operator_decorator' retrieved from /Users/uk/miniforge3/lib/python3.10/site-packages/airflow/example_dags/example_branch_operator_decorator.py
[2025-03-27T07:31:07.772+0530] {logging_mixin.py:190} INFO - [2025-03-27T07:31:07.772+0530] {dag.py:3239} INFO - Sync 1 DAGs
[2025-03-27T07:31:07.779+0530] {logging_mixin.py:190} INFO - [2025-03-27T07:31:07.779+0530] {dag.py:4180} INFO - Setting next_dagrun for example_branch_python_operator_decorator to 2025-03-26 00:00:00+00:00, run_after=2025-03-27 00:00:00+00:00
[2025-03-27T07:31:07.785+0530] {processor.py:208} INFO - Processing /Users/uk/miniforge3/lib/python3.10/site-packages/airflow/example_dags/example_branch_operator_decorator.py took 0.108 seconds
[2025-03-27T07:33:37.131+0530] {processor.py:186} INFO - Started process (PID=16500) to work on /Users/uk/miniforge3/lib/python3.10/site-packages/airflow/example_dags/example_branch_operator_decorator.py
[2025-03-27T07:33:37.132+0530] {processor.py:914} INFO - Processing file /Users/uk/miniforge3/lib/python3.10/site-packages/airflow/example_dags/example_branch_operator_decorator.py for tasks to queue
[2025-03-27T07:33:37.132+0530] {logging_mixin.py:190} INFO - [2025-03-27T07:33:37.132+0530] {dagbag.py:588} INFO - Filling up the DagBag from /Users/uk/miniforge3/lib/python3.10/site-packages/airflow/example_dags/example_branch_operator_decorator.py
[2025-03-27T07:33:37.150+0530] {processor.py:925} INFO - DAG(s) 'example_branch_python_operator_decorator' retrieved from /Users/uk/miniforge3/lib/python3.10/site-packages/airflow/example_dags/example_branch_operator_decorator.py
[2025-03-27T07:33:37.235+0530] {logging_mixin.py:190} INFO - [2025-03-27T07:33:37.235+0530] {dag.py:3239} INFO - Sync 1 DAGs
[2025-03-27T07:33:37.242+0530] {logging_mixin.py:190} INFO - [2025-03-27T07:33:37.242+0530] {dag.py:4180} INFO - Setting next_dagrun for example_branch_python_operator_decorator to 2025-03-26 00:00:00+00:00, run_after=2025-03-27 00:00:00+00:00
[2025-03-27T07:33:37.248+0530] {processor.py:208} INFO - Processing /Users/uk/miniforge3/lib/python3.10/site-packages/airflow/example_dags/example_branch_operator_decorator.py took 0.118 seconds
[2025-03-27T07:36:06.764+0530] {processor.py:186} INFO - Started process (PID=16791) to work on /Users/uk/miniforge3/lib/python3.10/site-packages/airflow/example_dags/example_branch_operator_decorator.py
[2025-03-27T07:36:06.765+0530] {processor.py:914} INFO - Processing file /Users/uk/miniforge3/lib/python3.10/site-packages/airflow/example_dags/example_branch_operator_decorator.py for tasks to queue
[2025-03-27T07:36:06.765+0530] {logging_mixin.py:190} INFO - [2025-03-27T07:36:06.765+0530] {dagbag.py:588} INFO - Filling up the DagBag from /Users/uk/miniforge3/lib/python3.10/site-packages/airflow/example_dags/example_branch_operator_decorator.py
[2025-03-27T07:36:06.783+0530] {processor.py:925} INFO - DAG(s) 'example_branch_python_operator_decorator' retrieved from /Users/uk/miniforge3/lib/python3.10/site-packages/airflow/example_dags/example_branch_operator_decorator.py
[2025-03-27T07:36:06.859+0530] {logging_mixin.py:190} INFO - [2025-03-27T07:36:06.859+0530] {dag.py:3239} INFO - Sync 1 DAGs
[2025-03-27T07:36:06.866+0530] {logging_mixin.py:190} INFO - [2025-03-27T07:36:06.866+0530] {dag.py:4180} INFO - Setting next_dagrun for example_branch_python_operator_decorator to 2025-03-26 00:00:00+00:00, run_after=2025-03-27 00:00:00+00:00
[2025-03-27T07:36:06.872+0530] {processor.py:208} INFO - Processing /Users/uk/miniforge3/lib/python3.10/site-packages/airflow/example_dags/example_branch_operator_decorator.py took 0.110 seconds
[2025-03-27T07:40:38.761+0530] {processor.py:186} INFO - Started process (PID=17413) to work on /Users/uk/miniforge3/lib/python3.10/site-packages/airflow/example_dags/example_branch_operator_decorator.py
[2025-03-27T07:40:38.762+0530] {processor.py:914} INFO - Processing file /Users/uk/miniforge3/lib/python3.10/site-packages/airflow/example_dags/example_branch_operator_decorator.py for tasks to queue
[2025-03-27T07:40:38.762+0530] {logging_mixin.py:190} INFO - [2025-03-27T07:40:38.762+0530] {dagbag.py:588} INFO - Filling up the DagBag from /Users/uk/miniforge3/lib/python3.10/site-packages/airflow/example_dags/example_branch_operator_decorator.py
[2025-03-27T07:40:38.781+0530] {processor.py:925} INFO - DAG(s) 'example_branch_python_operator_decorator' retrieved from /Users/uk/miniforge3/lib/python3.10/site-packages/airflow/example_dags/example_branch_operator_decorator.py
[2025-03-27T07:40:38.854+0530] {logging_mixin.py:190} INFO - [2025-03-27T07:40:38.854+0530] {override.py:1930} INFO - Created Permission View: can delete on DAG:example_branch_python_operator_decorator
[2025-03-27T07:40:38.858+0530] {logging_mixin.py:190} INFO - [2025-03-27T07:40:38.858+0530] {override.py:1930} INFO - Created Permission View: can edit on DAG:example_branch_python_operator_decorator
[2025-03-27T07:40:38.860+0530] {logging_mixin.py:190} INFO - [2025-03-27T07:40:38.860+0530] {override.py:1930} INFO - Created Permission View: can read on DAG:example_branch_python_operator_decorator
[2025-03-27T07:40:38.863+0530] {logging_mixin.py:190} INFO - [2025-03-27T07:40:38.863+0530] {override.py:1930} INFO - Created Permission View: menu access on DAG Run:example_branch_python_operator_decorator
[2025-03-27T07:40:38.866+0530] {logging_mixin.py:190} INFO - [2025-03-27T07:40:38.865+0530] {override.py:1930} INFO - Created Permission View: can delete on DAG Run:example_branch_python_operator_decorator
[2025-03-27T07:40:38.867+0530] {logging_mixin.py:190} INFO - [2025-03-27T07:40:38.867+0530] {override.py:1930} INFO - Created Permission View: can create on DAG Run:example_branch_python_operator_decorator
[2025-03-27T07:40:38.869+0530] {logging_mixin.py:190} INFO - [2025-03-27T07:40:38.869+0530] {override.py:1930} INFO - Created Permission View: can read on DAG Run:example_branch_python_operator_decorator
[2025-03-27T07:40:38.870+0530] {logging_mixin.py:190} INFO - [2025-03-27T07:40:38.870+0530] {dag.py:3239} INFO - Sync 1 DAGs
[2025-03-27T07:40:38.874+0530] {logging_mixin.py:190} INFO - [2025-03-27T07:40:38.874+0530] {dag.py:3262} INFO - Creating ORM DAG for example_branch_python_operator_decorator
[2025-03-27T07:40:38.877+0530] {logging_mixin.py:190} INFO - [2025-03-27T07:40:38.877+0530] {dag.py:4180} INFO - Setting next_dagrun for example_branch_python_operator_decorator to 2025-03-26 00:00:00+00:00, run_after=2025-03-27 00:00:00+00:00
[2025-03-27T07:40:38.883+0530] {processor.py:208} INFO - Processing /Users/uk/miniforge3/lib/python3.10/site-packages/airflow/example_dags/example_branch_operator_decorator.py took 0.123 seconds
[2025-03-27T07:43:11.851+0530] {processor.py:186} INFO - Started process (PID=17758) to work on /Users/uk/miniforge3/lib/python3.10/site-packages/airflow/example_dags/example_branch_operator_decorator.py
[2025-03-27T07:43:11.852+0530] {processor.py:914} INFO - Processing file /Users/uk/miniforge3/lib/python3.10/site-packages/airflow/example_dags/example_branch_operator_decorator.py for tasks to queue
[2025-03-27T07:43:11.853+0530] {logging_mixin.py:190} INFO - [2025-03-27T07:43:11.853+0530] {dagbag.py:588} INFO - Filling up the DagBag from /Users/uk/miniforge3/lib/python3.10/site-packages/airflow/example_dags/example_branch_operator_decorator.py
[2025-03-27T07:43:11.881+0530] {processor.py:925} INFO - DAG(s) 'example_branch_python_operator_decorator' retrieved from /Users/uk/miniforge3/lib/python3.10/site-packages/airflow/example_dags/example_branch_operator_decorator.py
[2025-03-27T07:43:11.978+0530] {logging_mixin.py:190} INFO - [2025-03-27T07:43:11.977+0530] {dag.py:3239} INFO - Sync 1 DAGs
[2025-03-27T07:43:11.984+0530] {logging_mixin.py:190} INFO - [2025-03-27T07:43:11.984+0530] {dag.py:4180} INFO - Setting next_dagrun for example_branch_python_operator_decorator to 2025-03-26 00:00:00+00:00, run_after=2025-03-27 00:00:00+00:00
[2025-03-27T07:43:11.991+0530] {processor.py:208} INFO - Processing /Users/uk/miniforge3/lib/python3.10/site-packages/airflow/example_dags/example_branch_operator_decorator.py took 0.142 seconds
[2025-03-27T07:45:39.673+0530] {processor.py:186} INFO - Started process (PID=18126) to work on /Users/uk/miniforge3/lib/python3.10/site-packages/airflow/example_dags/example_branch_operator_decorator.py
[2025-03-27T07:45:39.674+0530] {processor.py:914} INFO - Processing file /Users/uk/miniforge3/lib/python3.10/site-packages/airflow/example_dags/example_branch_operator_decorator.py for tasks to queue
[2025-03-27T07:45:39.674+0530] {logging_mixin.py:190} INFO - [2025-03-27T07:45:39.674+0530] {dagbag.py:588} INFO - Filling up the DagBag from /Users/uk/miniforge3/lib/python3.10/site-packages/airflow/example_dags/example_branch_operator_decorator.py
[2025-03-27T07:45:39.694+0530] {processor.py:925} INFO - DAG(s) 'example_branch_python_operator_decorator' retrieved from /Users/uk/miniforge3/lib/python3.10/site-packages/airflow/example_dags/example_branch_operator_decorator.py
[2025-03-27T07:45:39.786+0530] {logging_mixin.py:190} INFO - [2025-03-27T07:45:39.786+0530] {dag.py:3239} INFO - Sync 1 DAGs
[2025-03-27T07:45:39.794+0530] {logging_mixin.py:190} INFO - [2025-03-27T07:45:39.794+0530] {dag.py:4180} INFO - Setting next_dagrun for example_branch_python_operator_decorator to 2025-03-26 00:00:00+00:00, run_after=2025-03-27 00:00:00+00:00
[2025-03-27T07:45:39.801+0530] {processor.py:208} INFO - Processing /Users/uk/miniforge3/lib/python3.10/site-packages/airflow/example_dags/example_branch_operator_decorator.py took 0.129 seconds
[2025-03-27T07:47:25.750+0530] {processor.py:186} INFO - Started process (PID=18358) to work on /Users/uk/miniforge3/lib/python3.10/site-packages/airflow/example_dags/example_branch_operator_decorator.py
[2025-03-27T07:47:25.751+0530] {processor.py:914} INFO - Processing file /Users/uk/miniforge3/lib/python3.10/site-packages/airflow/example_dags/example_branch_operator_decorator.py for tasks to queue
[2025-03-27T07:47:25.751+0530] {logging_mixin.py:190} INFO - [2025-03-27T07:47:25.751+0530] {dagbag.py:588} INFO - Filling up the DagBag from /Users/uk/miniforge3/lib/python3.10/site-packages/airflow/example_dags/example_branch_operator_decorator.py
[2025-03-27T07:47:25.769+0530] {processor.py:925} INFO - DAG(s) 'example_branch_python_operator_decorator' retrieved from /Users/uk/miniforge3/lib/python3.10/site-packages/airflow/example_dags/example_branch_operator_decorator.py
[2025-03-27T07:47:25.855+0530] {logging_mixin.py:190} INFO - [2025-03-27T07:47:25.855+0530] {dag.py:3239} INFO - Sync 1 DAGs
[2025-03-27T07:47:25.861+0530] {logging_mixin.py:190} INFO - [2025-03-27T07:47:25.861+0530] {dag.py:4180} INFO - Setting next_dagrun for example_branch_python_operator_decorator to 2025-03-26 00:00:00+00:00, run_after=2025-03-27 00:00:00+00:00
[2025-03-27T07:47:25.868+0530] {processor.py:208} INFO - Processing /Users/uk/miniforge3/lib/python3.10/site-packages/airflow/example_dags/example_branch_operator_decorator.py took 0.120 seconds
[2025-03-27T07:50:01.496+0530] {processor.py:186} INFO - Started process (PID=18632) to work on /Users/uk/miniforge3/lib/python3.10/site-packages/airflow/example_dags/example_branch_operator_decorator.py
[2025-03-27T07:50:01.497+0530] {processor.py:914} INFO - Processing file /Users/uk/miniforge3/lib/python3.10/site-packages/airflow/example_dags/example_branch_operator_decorator.py for tasks to queue
[2025-03-27T07:50:01.497+0530] {logging_mixin.py:190} INFO - [2025-03-27T07:50:01.497+0530] {dagbag.py:588} INFO - Filling up the DagBag from /Users/uk/miniforge3/lib/python3.10/site-packages/airflow/example_dags/example_branch_operator_decorator.py
[2025-03-27T07:50:01.517+0530] {processor.py:925} INFO - DAG(s) 'example_branch_python_operator_decorator' retrieved from /Users/uk/miniforge3/lib/python3.10/site-packages/airflow/example_dags/example_branch_operator_decorator.py
[2025-03-27T07:50:01.596+0530] {logging_mixin.py:190} INFO - [2025-03-27T07:50:01.596+0530] {dag.py:3239} INFO - Sync 1 DAGs
[2025-03-27T07:50:01.602+0530] {logging_mixin.py:190} INFO - [2025-03-27T07:50:01.602+0530] {dag.py:4180} INFO - Setting next_dagrun for example_branch_python_operator_decorator to 2025-03-26 00:00:00+00:00, run_after=2025-03-27 00:00:00+00:00
[2025-03-27T07:50:01.609+0530] {processor.py:208} INFO - Processing /Users/uk/miniforge3/lib/python3.10/site-packages/airflow/example_dags/example_branch_operator_decorator.py took 0.115 seconds
[2025-03-27T07:55:46.044+0530] {processor.py:186} INFO - Started process (PID=20364) to work on /Users/uk/miniforge3/lib/python3.10/site-packages/airflow/example_dags/example_branch_operator_decorator.py
[2025-03-27T07:55:46.045+0530] {processor.py:914} INFO - Processing file /Users/uk/miniforge3/lib/python3.10/site-packages/airflow/example_dags/example_branch_operator_decorator.py for tasks to queue
[2025-03-27T07:55:46.046+0530] {logging_mixin.py:190} INFO - [2025-03-27T07:55:46.046+0530] {dagbag.py:588} INFO - Filling up the DagBag from /Users/uk/miniforge3/lib/python3.10/site-packages/airflow/example_dags/example_branch_operator_decorator.py
[2025-03-27T07:55:46.064+0530] {processor.py:925} INFO - DAG(s) 'example_branch_python_operator_decorator' retrieved from /Users/uk/miniforge3/lib/python3.10/site-packages/airflow/example_dags/example_branch_operator_decorator.py
[2025-03-27T07:55:46.139+0530] {logging_mixin.py:190} INFO - [2025-03-27T07:55:46.138+0530] {dag.py:3239} INFO - Sync 1 DAGs
[2025-03-27T07:55:46.145+0530] {logging_mixin.py:190} INFO - [2025-03-27T07:55:46.145+0530] {dag.py:4180} INFO - Setting next_dagrun for example_branch_python_operator_decorator to 2025-03-26 00:00:00+00:00, run_after=2025-03-27 00:00:00+00:00
[2025-03-27T07:55:46.153+0530] {processor.py:208} INFO - Processing /Users/uk/miniforge3/lib/python3.10/site-packages/airflow/example_dags/example_branch_operator_decorator.py took 0.110 seconds
[2025-03-27T07:58:19.006+0530] {processor.py:186} INFO - Started process (PID=20670) to work on /Users/uk/miniforge3/lib/python3.10/site-packages/airflow/example_dags/example_branch_operator_decorator.py
[2025-03-27T07:58:19.006+0530] {processor.py:914} INFO - Processing file /Users/uk/miniforge3/lib/python3.10/site-packages/airflow/example_dags/example_branch_operator_decorator.py for tasks to queue
[2025-03-27T07:58:19.007+0530] {logging_mixin.py:190} INFO - [2025-03-27T07:58:19.007+0530] {dagbag.py:588} INFO - Filling up the DagBag from /Users/uk/miniforge3/lib/python3.10/site-packages/airflow/example_dags/example_branch_operator_decorator.py
[2025-03-27T07:58:19.028+0530] {processor.py:925} INFO - DAG(s) 'example_branch_python_operator_decorator' retrieved from /Users/uk/miniforge3/lib/python3.10/site-packages/airflow/example_dags/example_branch_operator_decorator.py
[2025-03-27T07:58:19.115+0530] {logging_mixin.py:190} INFO - [2025-03-27T07:58:19.114+0530] {dag.py:3239} INFO - Sync 1 DAGs
[2025-03-27T07:58:19.121+0530] {logging_mixin.py:190} INFO - [2025-03-27T07:58:19.121+0530] {dag.py:4180} INFO - Setting next_dagrun for example_branch_python_operator_decorator to 2025-03-26 00:00:00+00:00, run_after=2025-03-27 00:00:00+00:00
[2025-03-27T07:58:19.128+0530] {processor.py:208} INFO - Processing /Users/uk/miniforge3/lib/python3.10/site-packages/airflow/example_dags/example_branch_operator_decorator.py took 0.123 seconds
[2025-03-27T08:00:50.068+0530] {processor.py:186} INFO - Started process (PID=20952) to work on /Users/uk/miniforge3/lib/python3.10/site-packages/airflow/example_dags/example_branch_operator_decorator.py
[2025-03-27T08:00:50.068+0530] {processor.py:914} INFO - Processing file /Users/uk/miniforge3/lib/python3.10/site-packages/airflow/example_dags/example_branch_operator_decorator.py for tasks to queue
[2025-03-27T08:00:50.069+0530] {logging_mixin.py:190} INFO - [2025-03-27T08:00:50.069+0530] {dagbag.py:588} INFO - Filling up the DagBag from /Users/uk/miniforge3/lib/python3.10/site-packages/airflow/example_dags/example_branch_operator_decorator.py
[2025-03-27T08:00:50.088+0530] {processor.py:925} INFO - DAG(s) 'example_branch_python_operator_decorator' retrieved from /Users/uk/miniforge3/lib/python3.10/site-packages/airflow/example_dags/example_branch_operator_decorator.py
[2025-03-27T08:00:50.167+0530] {logging_mixin.py:190} INFO - [2025-03-27T08:00:50.167+0530] {dag.py:3239} INFO - Sync 1 DAGs
[2025-03-27T08:00:50.174+0530] {logging_mixin.py:190} INFO - [2025-03-27T08:00:50.174+0530] {dag.py:4180} INFO - Setting next_dagrun for example_branch_python_operator_decorator to 2025-03-26 00:00:00+00:00, run_after=2025-03-27 00:00:00+00:00
[2025-03-27T08:00:50.181+0530] {processor.py:208} INFO - Processing /Users/uk/miniforge3/lib/python3.10/site-packages/airflow/example_dags/example_branch_operator_decorator.py took 0.114 seconds
[2025-03-27T08:03:24.104+0530] {processor.py:186} INFO - Started process (PID=21268) to work on /Users/uk/miniforge3/lib/python3.10/site-packages/airflow/example_dags/example_branch_operator_decorator.py
[2025-03-27T08:03:24.105+0530] {processor.py:914} INFO - Processing file /Users/uk/miniforge3/lib/python3.10/site-packages/airflow/example_dags/example_branch_operator_decorator.py for tasks to queue
[2025-03-27T08:03:24.106+0530] {logging_mixin.py:190} INFO - [2025-03-27T08:03:24.106+0530] {dagbag.py:588} INFO - Filling up the DagBag from /Users/uk/miniforge3/lib/python3.10/site-packages/airflow/example_dags/example_branch_operator_decorator.py
[2025-03-27T08:03:24.124+0530] {processor.py:925} INFO - DAG(s) 'example_branch_python_operator_decorator' retrieved from /Users/uk/miniforge3/lib/python3.10/site-packages/airflow/example_dags/example_branch_operator_decorator.py
[2025-03-27T08:03:24.197+0530] {logging_mixin.py:190} INFO - [2025-03-27T08:03:24.196+0530] {dag.py:3239} INFO - Sync 1 DAGs
[2025-03-27T08:03:24.203+0530] {logging_mixin.py:190} INFO - [2025-03-27T08:03:24.203+0530] {dag.py:4180} INFO - Setting next_dagrun for example_branch_python_operator_decorator to 2025-03-26 00:00:00+00:00, run_after=2025-03-27 00:00:00+00:00
[2025-03-27T08:03:24.210+0530] {processor.py:208} INFO - Processing /Users/uk/miniforge3/lib/python3.10/site-packages/airflow/example_dags/example_branch_operator_decorator.py took 0.108 seconds
[2025-03-27T08:05:52.165+0530] {processor.py:186} INFO - Started process (PID=21532) to work on /Users/uk/miniforge3/lib/python3.10/site-packages/airflow/example_dags/example_branch_operator_decorator.py
[2025-03-27T08:05:52.166+0530] {processor.py:914} INFO - Processing file /Users/uk/miniforge3/lib/python3.10/site-packages/airflow/example_dags/example_branch_operator_decorator.py for tasks to queue
[2025-03-27T08:05:52.166+0530] {logging_mixin.py:190} INFO - [2025-03-27T08:05:52.166+0530] {dagbag.py:588} INFO - Filling up the DagBag from /Users/uk/miniforge3/lib/python3.10/site-packages/airflow/example_dags/example_branch_operator_decorator.py
[2025-03-27T08:05:52.188+0530] {processor.py:925} INFO - DAG(s) 'example_branch_python_operator_decorator' retrieved from /Users/uk/miniforge3/lib/python3.10/site-packages/airflow/example_dags/example_branch_operator_decorator.py
[2025-03-27T08:05:52.279+0530] {logging_mixin.py:190} INFO - [2025-03-27T08:05:52.278+0530] {dag.py:3239} INFO - Sync 1 DAGs
[2025-03-27T08:05:52.285+0530] {logging_mixin.py:190} INFO - [2025-03-27T08:05:52.285+0530] {dag.py:4180} INFO - Setting next_dagrun for example_branch_python_operator_decorator to 2025-03-26 00:00:00+00:00, run_after=2025-03-27 00:00:00+00:00
[2025-03-27T08:05:52.292+0530] {processor.py:208} INFO - Processing /Users/uk/miniforge3/lib/python3.10/site-packages/airflow/example_dags/example_branch_operator_decorator.py took 0.129 seconds
[2025-03-27T08:08:31.555+0530] {processor.py:186} INFO - Started process (PID=21858) to work on /Users/uk/miniforge3/lib/python3.10/site-packages/airflow/example_dags/example_branch_operator_decorator.py
[2025-03-27T08:08:31.555+0530] {processor.py:914} INFO - Processing file /Users/uk/miniforge3/lib/python3.10/site-packages/airflow/example_dags/example_branch_operator_decorator.py for tasks to queue
[2025-03-27T08:08:31.556+0530] {logging_mixin.py:190} INFO - [2025-03-27T08:08:31.555+0530] {dagbag.py:588} INFO - Filling up the DagBag from /Users/uk/miniforge3/lib/python3.10/site-packages/airflow/example_dags/example_branch_operator_decorator.py
[2025-03-27T08:08:31.574+0530] {processor.py:925} INFO - DAG(s) 'example_branch_python_operator_decorator' retrieved from /Users/uk/miniforge3/lib/python3.10/site-packages/airflow/example_dags/example_branch_operator_decorator.py
[2025-03-27T08:08:31.665+0530] {logging_mixin.py:190} INFO - [2025-03-27T08:08:31.665+0530] {dag.py:3239} INFO - Sync 1 DAGs
[2025-03-27T08:08:31.674+0530] {logging_mixin.py:190} INFO - [2025-03-27T08:08:31.674+0530] {dag.py:4180} INFO - Setting next_dagrun for example_branch_python_operator_decorator to 2025-03-26 00:00:00+00:00, run_after=2025-03-27 00:00:00+00:00
[2025-03-27T08:08:31.682+0530] {processor.py:208} INFO - Processing /Users/uk/miniforge3/lib/python3.10/site-packages/airflow/example_dags/example_branch_operator_decorator.py took 0.128 seconds
[2025-03-27T08:11:05.777+0530] {processor.py:186} INFO - Started process (PID=22120) to work on /Users/uk/miniforge3/lib/python3.10/site-packages/airflow/example_dags/example_branch_operator_decorator.py
[2025-03-27T08:11:05.779+0530] {processor.py:914} INFO - Processing file /Users/uk/miniforge3/lib/python3.10/site-packages/airflow/example_dags/example_branch_operator_decorator.py for tasks to queue
[2025-03-27T08:11:05.780+0530] {logging_mixin.py:190} INFO - [2025-03-27T08:11:05.779+0530] {dagbag.py:588} INFO - Filling up the DagBag from /Users/uk/miniforge3/lib/python3.10/site-packages/airflow/example_dags/example_branch_operator_decorator.py
[2025-03-27T08:11:05.803+0530] {processor.py:925} INFO - DAG(s) 'example_branch_python_operator_decorator' retrieved from /Users/uk/miniforge3/lib/python3.10/site-packages/airflow/example_dags/example_branch_operator_decorator.py
[2025-03-27T08:11:05.885+0530] {logging_mixin.py:190} INFO - [2025-03-27T08:11:05.885+0530] {dag.py:3239} INFO - Sync 1 DAGs
[2025-03-27T08:11:05.892+0530] {logging_mixin.py:190} INFO - [2025-03-27T08:11:05.892+0530] {dag.py:4180} INFO - Setting next_dagrun for example_branch_python_operator_decorator to 2025-03-26 00:00:00+00:00, run_after=2025-03-27 00:00:00+00:00
[2025-03-27T08:11:05.900+0530] {processor.py:208} INFO - Processing /Users/uk/miniforge3/lib/python3.10/site-packages/airflow/example_dags/example_branch_operator_decorator.py took 0.125 seconds
