[2025-03-27T06:26:11.866+0530] {processor.py:186} INFO - Started process (PID=12901) to work on /Users/uk/miniforge3/lib/python3.10/site-packages/airflow/example_dags/example_python_operator.py
[2025-03-27T06:26:11.866+0530] {processor.py:914} INFO - Processing file /Users/uk/miniforge3/lib/python3.10/site-packages/airflow/example_dags/example_python_operator.py for tasks to queue
[2025-03-27T06:26:11.867+0530] {logging_mixin.py:190} INFO - [2025-03-27T06:26:11.867+0530] {dagbag.py:588} INFO - Filling up the DagBag from /Users/uk/miniforge3/lib/python3.10/site-packages/airflow/example_dags/example_python_operator.py
[2025-03-27T06:26:11.877+0530] {processor.py:925} INFO - DAG(s) 'example_python_operator' retrieved from /Users/uk/miniforge3/lib/python3.10/site-packages/airflow/example_dags/example_python_operator.py
[2025-03-27T06:26:11.964+0530] {logging_mixin.py:190} INFO - [2025-03-27T06:26:11.964+0530] {dag.py:3239} INFO - Sync 1 DAGs
[2025-03-27T06:26:11.969+0530] {logging_mixin.py:190} INFO - [2025-03-27T06:26:11.969+0530] {dag.py:4180} INFO - Setting next_dagrun for example_python_operator to None, run_after=None
[2025-03-27T06:26:11.975+0530] {processor.py:208} INFO - Processing /Users/uk/miniforge3/lib/python3.10/site-packages/airflow/example_dags/example_python_operator.py took 0.110 seconds
[2025-03-27T07:06:56.826+0530] {processor.py:186} INFO - Started process (PID=13266) to work on /Users/uk/miniforge3/lib/python3.10/site-packages/airflow/example_dags/example_python_operator.py
[2025-03-27T07:06:56.829+0530] {processor.py:914} INFO - Processing file /Users/uk/miniforge3/lib/python3.10/site-packages/airflow/example_dags/example_python_operator.py for tasks to queue
[2025-03-27T07:06:56.829+0530] {logging_mixin.py:190} INFO - [2025-03-27T07:06:56.829+0530] {dagbag.py:588} INFO - Filling up the DagBag from /Users/uk/miniforge3/lib/python3.10/site-packages/airflow/example_dags/example_python_operator.py
[2025-03-27T07:06:56.845+0530] {processor.py:925} INFO - DAG(s) 'example_python_operator' retrieved from /Users/uk/miniforge3/lib/python3.10/site-packages/airflow/example_dags/example_python_operator.py
[2025-03-27T07:06:56.937+0530] {logging_mixin.py:190} INFO - [2025-03-27T07:06:56.937+0530] {dag.py:3239} INFO - Sync 1 DAGs
[2025-03-27T07:06:56.941+0530] {logging_mixin.py:190} INFO - [2025-03-27T07:06:56.941+0530] {dag.py:4180} INFO - Setting next_dagrun for example_python_operator to None, run_after=None
[2025-03-27T07:06:56.949+0530] {processor.py:208} INFO - Processing /Users/uk/miniforge3/lib/python3.10/site-packages/airflow/example_dags/example_python_operator.py took 0.124 seconds
[2025-03-27T07:09:42.383+0530] {processor.py:186} INFO - Started process (PID=13643) to work on /Users/uk/miniforge3/lib/python3.10/site-packages/airflow/example_dags/example_python_operator.py
[2025-03-27T07:09:42.383+0530] {processor.py:914} INFO - Processing file /Users/uk/miniforge3/lib/python3.10/site-packages/airflow/example_dags/example_python_operator.py for tasks to queue
[2025-03-27T07:09:42.384+0530] {logging_mixin.py:190} INFO - [2025-03-27T07:09:42.384+0530] {dagbag.py:588} INFO - Filling up the DagBag from /Users/uk/miniforge3/lib/python3.10/site-packages/airflow/example_dags/example_python_operator.py
[2025-03-27T07:09:42.397+0530] {processor.py:925} INFO - DAG(s) 'example_python_operator' retrieved from /Users/uk/miniforge3/lib/python3.10/site-packages/airflow/example_dags/example_python_operator.py
[2025-03-27T07:09:42.524+0530] {logging_mixin.py:190} INFO - [2025-03-27T07:09:42.524+0530] {dag.py:3239} INFO - Sync 1 DAGs
[2025-03-27T07:09:42.529+0530] {logging_mixin.py:190} INFO - [2025-03-27T07:09:42.529+0530] {dag.py:4180} INFO - Setting next_dagrun for example_python_operator to None, run_after=None
[2025-03-27T07:09:42.536+0530] {processor.py:208} INFO - Processing /Users/uk/miniforge3/lib/python3.10/site-packages/airflow/example_dags/example_python_operator.py took 0.154 seconds
[2025-03-27T07:11:17.514+0530] {processor.py:186} INFO - Started process (PID=13825) to work on /Users/uk/miniforge3/lib/python3.10/site-packages/airflow/example_dags/example_python_operator.py
[2025-03-27T07:11:17.515+0530] {processor.py:914} INFO - Processing file /Users/uk/miniforge3/lib/python3.10/site-packages/airflow/example_dags/example_python_operator.py for tasks to queue
[2025-03-27T07:11:17.515+0530] {logging_mixin.py:190} INFO - [2025-03-27T07:11:17.515+0530] {dagbag.py:588} INFO - Filling up the DagBag from /Users/uk/miniforge3/lib/python3.10/site-packages/airflow/example_dags/example_python_operator.py
[2025-03-27T07:11:17.526+0530] {processor.py:925} INFO - DAG(s) 'example_python_operator' retrieved from /Users/uk/miniforge3/lib/python3.10/site-packages/airflow/example_dags/example_python_operator.py
[2025-03-27T07:11:17.619+0530] {logging_mixin.py:190} INFO - [2025-03-27T07:11:17.619+0530] {dag.py:3239} INFO - Sync 1 DAGs
[2025-03-27T07:11:17.623+0530] {logging_mixin.py:190} INFO - [2025-03-27T07:11:17.623+0530] {dag.py:4180} INFO - Setting next_dagrun for example_python_operator to None, run_after=None
[2025-03-27T07:11:17.629+0530] {processor.py:208} INFO - Processing /Users/uk/miniforge3/lib/python3.10/site-packages/airflow/example_dags/example_python_operator.py took 0.117 seconds
[2025-03-27T07:13:47.014+0530] {processor.py:186} INFO - Started process (PID=14083) to work on /Users/uk/miniforge3/lib/python3.10/site-packages/airflow/example_dags/example_python_operator.py
[2025-03-27T07:13:47.015+0530] {processor.py:914} INFO - Processing file /Users/uk/miniforge3/lib/python3.10/site-packages/airflow/example_dags/example_python_operator.py for tasks to queue
[2025-03-27T07:13:47.016+0530] {logging_mixin.py:190} INFO - [2025-03-27T07:13:47.016+0530] {dagbag.py:588} INFO - Filling up the DagBag from /Users/uk/miniforge3/lib/python3.10/site-packages/airflow/example_dags/example_python_operator.py
[2025-03-27T07:13:47.027+0530] {processor.py:925} INFO - DAG(s) 'example_python_operator' retrieved from /Users/uk/miniforge3/lib/python3.10/site-packages/airflow/example_dags/example_python_operator.py
[2025-03-27T07:13:47.115+0530] {logging_mixin.py:190} INFO - [2025-03-27T07:13:47.115+0530] {dag.py:3239} INFO - Sync 1 DAGs
[2025-03-27T07:13:47.119+0530] {logging_mixin.py:190} INFO - [2025-03-27T07:13:47.119+0530] {dag.py:4180} INFO - Setting next_dagrun for example_python_operator to None, run_after=None
[2025-03-27T07:13:47.125+0530] {processor.py:208} INFO - Processing /Users/uk/miniforge3/lib/python3.10/site-packages/airflow/example_dags/example_python_operator.py took 0.112 seconds
[2025-03-27T07:16:17.994+0530] {processor.py:186} INFO - Started process (PID=14333) to work on /Users/uk/miniforge3/lib/python3.10/site-packages/airflow/example_dags/example_python_operator.py
[2025-03-27T07:16:17.995+0530] {processor.py:914} INFO - Processing file /Users/uk/miniforge3/lib/python3.10/site-packages/airflow/example_dags/example_python_operator.py for tasks to queue
[2025-03-27T07:16:17.995+0530] {logging_mixin.py:190} INFO - [2025-03-27T07:16:17.995+0530] {dagbag.py:588} INFO - Filling up the DagBag from /Users/uk/miniforge3/lib/python3.10/site-packages/airflow/example_dags/example_python_operator.py
[2025-03-27T07:16:18.006+0530] {processor.py:925} INFO - DAG(s) 'example_python_operator' retrieved from /Users/uk/miniforge3/lib/python3.10/site-packages/airflow/example_dags/example_python_operator.py
[2025-03-27T07:16:18.095+0530] {logging_mixin.py:190} INFO - [2025-03-27T07:16:18.095+0530] {dag.py:3239} INFO - Sync 1 DAGs
[2025-03-27T07:16:18.099+0530] {logging_mixin.py:190} INFO - [2025-03-27T07:16:18.099+0530] {dag.py:4180} INFO - Setting next_dagrun for example_python_operator to None, run_after=None
[2025-03-27T07:16:18.105+0530] {processor.py:208} INFO - Processing /Users/uk/miniforge3/lib/python3.10/site-packages/airflow/example_dags/example_python_operator.py took 0.113 seconds
[2025-03-27T07:18:43.569+0530] {processor.py:186} INFO - Started process (PID=14581) to work on /Users/uk/miniforge3/lib/python3.10/site-packages/airflow/example_dags/example_python_operator.py
[2025-03-27T07:18:43.570+0530] {processor.py:914} INFO - Processing file /Users/uk/miniforge3/lib/python3.10/site-packages/airflow/example_dags/example_python_operator.py for tasks to queue
[2025-03-27T07:18:43.571+0530] {logging_mixin.py:190} INFO - [2025-03-27T07:18:43.571+0530] {dagbag.py:588} INFO - Filling up the DagBag from /Users/uk/miniforge3/lib/python3.10/site-packages/airflow/example_dags/example_python_operator.py
[2025-03-27T07:18:43.582+0530] {processor.py:925} INFO - DAG(s) 'example_python_operator' retrieved from /Users/uk/miniforge3/lib/python3.10/site-packages/airflow/example_dags/example_python_operator.py
[2025-03-27T07:18:43.666+0530] {logging_mixin.py:190} INFO - [2025-03-27T07:18:43.665+0530] {dag.py:3239} INFO - Sync 1 DAGs
[2025-03-27T07:18:43.670+0530] {logging_mixin.py:190} INFO - [2025-03-27T07:18:43.670+0530] {dag.py:4180} INFO - Setting next_dagrun for example_python_operator to None, run_after=None
[2025-03-27T07:18:43.676+0530] {processor.py:208} INFO - Processing /Users/uk/miniforge3/lib/python3.10/site-packages/airflow/example_dags/example_python_operator.py took 0.108 seconds
[2025-03-27T07:21:09.215+0530] {processor.py:186} INFO - Started process (PID=15102) to work on /Users/uk/miniforge3/lib/python3.10/site-packages/airflow/example_dags/example_python_operator.py
[2025-03-27T07:21:09.217+0530] {processor.py:914} INFO - Processing file /Users/uk/miniforge3/lib/python3.10/site-packages/airflow/example_dags/example_python_operator.py for tasks to queue
[2025-03-27T07:21:09.217+0530] {logging_mixin.py:190} INFO - [2025-03-27T07:21:09.217+0530] {dagbag.py:588} INFO - Filling up the DagBag from /Users/uk/miniforge3/lib/python3.10/site-packages/airflow/example_dags/example_python_operator.py
[2025-03-27T07:21:09.228+0530] {processor.py:925} INFO - DAG(s) 'example_python_operator' retrieved from /Users/uk/miniforge3/lib/python3.10/site-packages/airflow/example_dags/example_python_operator.py
[2025-03-27T07:21:09.317+0530] {logging_mixin.py:190} INFO - [2025-03-27T07:21:09.317+0530] {dag.py:3239} INFO - Sync 1 DAGs
[2025-03-27T07:21:09.322+0530] {logging_mixin.py:190} INFO - [2025-03-27T07:21:09.322+0530] {dag.py:4180} INFO - Setting next_dagrun for example_python_operator to None, run_after=None
[2025-03-27T07:21:09.331+0530] {processor.py:208} INFO - Processing /Users/uk/miniforge3/lib/python3.10/site-packages/airflow/example_dags/example_python_operator.py took 0.117 seconds
[2025-03-27T07:23:29.620+0530] {processor.py:186} INFO - Started process (PID=15371) to work on /Users/uk/miniforge3/lib/python3.10/site-packages/airflow/example_dags/example_python_operator.py
[2025-03-27T07:23:29.621+0530] {processor.py:914} INFO - Processing file /Users/uk/miniforge3/lib/python3.10/site-packages/airflow/example_dags/example_python_operator.py for tasks to queue
[2025-03-27T07:23:29.622+0530] {logging_mixin.py:190} INFO - [2025-03-27T07:23:29.622+0530] {dagbag.py:588} INFO - Filling up the DagBag from /Users/uk/miniforge3/lib/python3.10/site-packages/airflow/example_dags/example_python_operator.py
[2025-03-27T07:23:29.634+0530] {processor.py:925} INFO - DAG(s) 'example_python_operator' retrieved from /Users/uk/miniforge3/lib/python3.10/site-packages/airflow/example_dags/example_python_operator.py
[2025-03-27T07:23:29.722+0530] {logging_mixin.py:190} INFO - [2025-03-27T07:23:29.722+0530] {dag.py:3239} INFO - Sync 1 DAGs
[2025-03-27T07:23:29.726+0530] {logging_mixin.py:190} INFO - [2025-03-27T07:23:29.726+0530] {dag.py:4180} INFO - Setting next_dagrun for example_python_operator to None, run_after=None
[2025-03-27T07:23:29.732+0530] {processor.py:208} INFO - Processing /Users/uk/miniforge3/lib/python3.10/site-packages/airflow/example_dags/example_python_operator.py took 0.113 seconds
[2025-03-27T07:25:53.620+0530] {processor.py:186} INFO - Started process (PID=15638) to work on /Users/uk/miniforge3/lib/python3.10/site-packages/airflow/example_dags/example_python_operator.py
[2025-03-27T07:25:53.621+0530] {processor.py:914} INFO - Processing file /Users/uk/miniforge3/lib/python3.10/site-packages/airflow/example_dags/example_python_operator.py for tasks to queue
[2025-03-27T07:25:53.621+0530] {logging_mixin.py:190} INFO - [2025-03-27T07:25:53.621+0530] {dagbag.py:588} INFO - Filling up the DagBag from /Users/uk/miniforge3/lib/python3.10/site-packages/airflow/example_dags/example_python_operator.py
[2025-03-27T07:25:53.632+0530] {processor.py:925} INFO - DAG(s) 'example_python_operator' retrieved from /Users/uk/miniforge3/lib/python3.10/site-packages/airflow/example_dags/example_python_operator.py
[2025-03-27T07:25:53.723+0530] {logging_mixin.py:190} INFO - [2025-03-27T07:25:53.723+0530] {dag.py:3239} INFO - Sync 1 DAGs
[2025-03-27T07:25:53.728+0530] {logging_mixin.py:190} INFO - [2025-03-27T07:25:53.728+0530] {dag.py:4180} INFO - Setting next_dagrun for example_python_operator to None, run_after=None
[2025-03-27T07:25:53.735+0530] {processor.py:208} INFO - Processing /Users/uk/miniforge3/lib/python3.10/site-packages/airflow/example_dags/example_python_operator.py took 0.116 seconds
[2025-03-27T07:28:21.029+0530] {processor.py:186} INFO - Started process (PID=15862) to work on /Users/uk/miniforge3/lib/python3.10/site-packages/airflow/example_dags/example_python_operator.py
[2025-03-27T07:28:21.030+0530] {processor.py:914} INFO - Processing file /Users/uk/miniforge3/lib/python3.10/site-packages/airflow/example_dags/example_python_operator.py for tasks to queue
[2025-03-27T07:28:21.030+0530] {logging_mixin.py:190} INFO - [2025-03-27T07:28:21.030+0530] {dagbag.py:588} INFO - Filling up the DagBag from /Users/uk/miniforge3/lib/python3.10/site-packages/airflow/example_dags/example_python_operator.py
[2025-03-27T07:28:21.041+0530] {processor.py:925} INFO - DAG(s) 'example_python_operator' retrieved from /Users/uk/miniforge3/lib/python3.10/site-packages/airflow/example_dags/example_python_operator.py
[2025-03-27T07:28:21.131+0530] {logging_mixin.py:190} INFO - [2025-03-27T07:28:21.131+0530] {dag.py:3239} INFO - Sync 1 DAGs
[2025-03-27T07:28:21.135+0530] {logging_mixin.py:190} INFO - [2025-03-27T07:28:21.135+0530] {dag.py:4180} INFO - Setting next_dagrun for example_python_operator to None, run_after=None
[2025-03-27T07:28:21.142+0530] {processor.py:208} INFO - Processing /Users/uk/miniforge3/lib/python3.10/site-packages/airflow/example_dags/example_python_operator.py took 0.114 seconds
[2025-03-27T07:30:50.793+0530] {processor.py:186} INFO - Started process (PID=16159) to work on /Users/uk/miniforge3/lib/python3.10/site-packages/airflow/example_dags/example_python_operator.py
[2025-03-27T07:30:50.793+0530] {processor.py:914} INFO - Processing file /Users/uk/miniforge3/lib/python3.10/site-packages/airflow/example_dags/example_python_operator.py for tasks to queue
[2025-03-27T07:30:50.794+0530] {logging_mixin.py:190} INFO - [2025-03-27T07:30:50.794+0530] {dagbag.py:588} INFO - Filling up the DagBag from /Users/uk/miniforge3/lib/python3.10/site-packages/airflow/example_dags/example_python_operator.py
[2025-03-27T07:30:50.805+0530] {processor.py:925} INFO - DAG(s) 'example_python_operator' retrieved from /Users/uk/miniforge3/lib/python3.10/site-packages/airflow/example_dags/example_python_operator.py
[2025-03-27T07:30:50.891+0530] {logging_mixin.py:190} INFO - [2025-03-27T07:30:50.891+0530] {dag.py:3239} INFO - Sync 1 DAGs
[2025-03-27T07:30:50.896+0530] {logging_mixin.py:190} INFO - [2025-03-27T07:30:50.896+0530] {dag.py:4180} INFO - Setting next_dagrun for example_python_operator to None, run_after=None
[2025-03-27T07:30:50.902+0530] {processor.py:208} INFO - Processing /Users/uk/miniforge3/lib/python3.10/site-packages/airflow/example_dags/example_python_operator.py took 0.111 seconds
[2025-03-27T07:33:19.593+0530] {processor.py:186} INFO - Started process (PID=16455) to work on /Users/uk/miniforge3/lib/python3.10/site-packages/airflow/example_dags/example_python_operator.py
[2025-03-27T07:33:19.594+0530] {processor.py:914} INFO - Processing file /Users/uk/miniforge3/lib/python3.10/site-packages/airflow/example_dags/example_python_operator.py for tasks to queue
[2025-03-27T07:33:19.595+0530] {logging_mixin.py:190} INFO - [2025-03-27T07:33:19.594+0530] {dagbag.py:588} INFO - Filling up the DagBag from /Users/uk/miniforge3/lib/python3.10/site-packages/airflow/example_dags/example_python_operator.py
[2025-03-27T07:33:19.607+0530] {processor.py:925} INFO - DAG(s) 'example_python_operator' retrieved from /Users/uk/miniforge3/lib/python3.10/site-packages/airflow/example_dags/example_python_operator.py
[2025-03-27T07:33:19.699+0530] {logging_mixin.py:190} INFO - [2025-03-27T07:33:19.699+0530] {dag.py:3239} INFO - Sync 1 DAGs
[2025-03-27T07:33:19.703+0530] {logging_mixin.py:190} INFO - [2025-03-27T07:33:19.703+0530] {dag.py:4180} INFO - Setting next_dagrun for example_python_operator to None, run_after=None
[2025-03-27T07:33:19.709+0530] {processor.py:208} INFO - Processing /Users/uk/miniforge3/lib/python3.10/site-packages/airflow/example_dags/example_python_operator.py took 0.118 seconds
[2025-03-27T07:35:50.916+0530] {processor.py:186} INFO - Started process (PID=16750) to work on /Users/uk/miniforge3/lib/python3.10/site-packages/airflow/example_dags/example_python_operator.py
[2025-03-27T07:35:50.917+0530] {processor.py:914} INFO - Processing file /Users/uk/miniforge3/lib/python3.10/site-packages/airflow/example_dags/example_python_operator.py for tasks to queue
[2025-03-27T07:35:50.917+0530] {logging_mixin.py:190} INFO - [2025-03-27T07:35:50.917+0530] {dagbag.py:588} INFO - Filling up the DagBag from /Users/uk/miniforge3/lib/python3.10/site-packages/airflow/example_dags/example_python_operator.py
[2025-03-27T07:35:50.929+0530] {processor.py:925} INFO - DAG(s) 'example_python_operator' retrieved from /Users/uk/miniforge3/lib/python3.10/site-packages/airflow/example_dags/example_python_operator.py
[2025-03-27T07:35:51.015+0530] {logging_mixin.py:190} INFO - [2025-03-27T07:35:51.014+0530] {dag.py:3239} INFO - Sync 1 DAGs
[2025-03-27T07:35:51.019+0530] {logging_mixin.py:190} INFO - [2025-03-27T07:35:51.019+0530] {dag.py:4180} INFO - Setting next_dagrun for example_python_operator to None, run_after=None
[2025-03-27T07:35:51.025+0530] {processor.py:208} INFO - Processing /Users/uk/miniforge3/lib/python3.10/site-packages/airflow/example_dags/example_python_operator.py took 0.110 seconds
[2025-03-27T07:39:58.230+0530] {processor.py:186} INFO - Started process (PID=17344) to work on /Users/uk/miniforge3/lib/python3.10/site-packages/airflow/example_dags/example_python_operator.py
[2025-03-27T07:39:58.231+0530] {processor.py:914} INFO - Processing file /Users/uk/miniforge3/lib/python3.10/site-packages/airflow/example_dags/example_python_operator.py for tasks to queue
[2025-03-27T07:39:58.231+0530] {logging_mixin.py:190} INFO - [2025-03-27T07:39:58.231+0530] {dagbag.py:588} INFO - Filling up the DagBag from /Users/uk/miniforge3/lib/python3.10/site-packages/airflow/example_dags/example_python_operator.py
[2025-03-27T07:39:58.243+0530] {processor.py:925} INFO - DAG(s) 'example_python_operator' retrieved from /Users/uk/miniforge3/lib/python3.10/site-packages/airflow/example_dags/example_python_operator.py
[2025-03-27T07:39:58.312+0530] {logging_mixin.py:190} INFO - [2025-03-27T07:39:58.312+0530] {override.py:1930} INFO - Created Permission View: can read on DAG:example_python_operator
[2025-03-27T07:39:58.316+0530] {logging_mixin.py:190} INFO - [2025-03-27T07:39:58.315+0530] {override.py:1930} INFO - Created Permission View: can edit on DAG:example_python_operator
[2025-03-27T07:39:58.318+0530] {logging_mixin.py:190} INFO - [2025-03-27T07:39:58.318+0530] {override.py:1930} INFO - Created Permission View: can delete on DAG:example_python_operator
[2025-03-27T07:39:58.321+0530] {logging_mixin.py:190} INFO - [2025-03-27T07:39:58.321+0530] {override.py:1930} INFO - Created Permission View: menu access on DAG Run:example_python_operator
[2025-03-27T07:39:58.323+0530] {logging_mixin.py:190} INFO - [2025-03-27T07:39:58.323+0530] {override.py:1930} INFO - Created Permission View: can create on DAG Run:example_python_operator
[2025-03-27T07:39:58.328+0530] {logging_mixin.py:190} INFO - [2025-03-27T07:39:58.328+0530] {override.py:1930} INFO - Created Permission View: can read on DAG Run:example_python_operator
[2025-03-27T07:39:58.330+0530] {logging_mixin.py:190} INFO - [2025-03-27T07:39:58.330+0530] {override.py:1930} INFO - Created Permission View: can delete on DAG Run:example_python_operator
[2025-03-27T07:39:58.331+0530] {logging_mixin.py:190} INFO - [2025-03-27T07:39:58.330+0530] {dag.py:3239} INFO - Sync 1 DAGs
[2025-03-27T07:39:58.336+0530] {logging_mixin.py:190} INFO - [2025-03-27T07:39:58.336+0530] {dag.py:3262} INFO - Creating ORM DAG for example_python_operator
[2025-03-27T07:39:58.336+0530] {logging_mixin.py:190} INFO - [2025-03-27T07:39:58.336+0530] {dag.py:4180} INFO - Setting next_dagrun for example_python_operator to None, run_after=None
[2025-03-27T07:39:58.343+0530] {processor.py:208} INFO - Processing /Users/uk/miniforge3/lib/python3.10/site-packages/airflow/example_dags/example_python_operator.py took 0.114 seconds
[2025-03-27T07:41:44.215+0530] {processor.py:186} INFO - Started process (PID=17542) to work on /Users/uk/miniforge3/lib/python3.10/site-packages/airflow/example_dags/example_python_operator.py
[2025-03-27T07:41:44.216+0530] {processor.py:914} INFO - Processing file /Users/uk/miniforge3/lib/python3.10/site-packages/airflow/example_dags/example_python_operator.py for tasks to queue
[2025-03-27T07:41:44.216+0530] {logging_mixin.py:190} INFO - [2025-03-27T07:41:44.216+0530] {dagbag.py:588} INFO - Filling up the DagBag from /Users/uk/miniforge3/lib/python3.10/site-packages/airflow/example_dags/example_python_operator.py
[2025-03-27T07:41:44.229+0530] {processor.py:925} INFO - DAG(s) 'example_python_operator' retrieved from /Users/uk/miniforge3/lib/python3.10/site-packages/airflow/example_dags/example_python_operator.py
[2025-03-27T07:41:44.329+0530] {logging_mixin.py:190} INFO - [2025-03-27T07:41:44.329+0530] {dag.py:3239} INFO - Sync 1 DAGs
[2025-03-27T07:41:44.334+0530] {logging_mixin.py:190} INFO - [2025-03-27T07:41:44.334+0530] {dag.py:4180} INFO - Setting next_dagrun for example_python_operator to None, run_after=None
[2025-03-27T07:41:44.341+0530] {processor.py:208} INFO - Processing /Users/uk/miniforge3/lib/python3.10/site-packages/airflow/example_dags/example_python_operator.py took 0.127 seconds
[2025-03-27T07:44:14.795+0530] {processor.py:186} INFO - Started process (PID=17939) to work on /Users/uk/miniforge3/lib/python3.10/site-packages/airflow/example_dags/example_python_operator.py
[2025-03-27T07:44:14.795+0530] {processor.py:914} INFO - Processing file /Users/uk/miniforge3/lib/python3.10/site-packages/airflow/example_dags/example_python_operator.py for tasks to queue
[2025-03-27T07:44:14.796+0530] {logging_mixin.py:190} INFO - [2025-03-27T07:44:14.796+0530] {dagbag.py:588} INFO - Filling up the DagBag from /Users/uk/miniforge3/lib/python3.10/site-packages/airflow/example_dags/example_python_operator.py
[2025-03-27T07:44:14.807+0530] {processor.py:925} INFO - DAG(s) 'example_python_operator' retrieved from /Users/uk/miniforge3/lib/python3.10/site-packages/airflow/example_dags/example_python_operator.py
[2025-03-27T07:44:14.900+0530] {logging_mixin.py:190} INFO - [2025-03-27T07:44:14.900+0530] {dag.py:3239} INFO - Sync 1 DAGs
[2025-03-27T07:44:14.904+0530] {logging_mixin.py:190} INFO - [2025-03-27T07:44:14.904+0530] {dag.py:4180} INFO - Setting next_dagrun for example_python_operator to None, run_after=None
[2025-03-27T07:44:14.911+0530] {processor.py:208} INFO - Processing /Users/uk/miniforge3/lib/python3.10/site-packages/airflow/example_dags/example_python_operator.py took 0.117 seconds
[2025-03-27T07:46:43.678+0530] {processor.py:186} INFO - Started process (PID=18293) to work on /Users/uk/miniforge3/lib/python3.10/site-packages/airflow/example_dags/example_python_operator.py
[2025-03-27T07:46:43.679+0530] {processor.py:914} INFO - Processing file /Users/uk/miniforge3/lib/python3.10/site-packages/airflow/example_dags/example_python_operator.py for tasks to queue
[2025-03-27T07:46:43.680+0530] {logging_mixin.py:190} INFO - [2025-03-27T07:46:43.679+0530] {dagbag.py:588} INFO - Filling up the DagBag from /Users/uk/miniforge3/lib/python3.10/site-packages/airflow/example_dags/example_python_operator.py
[2025-03-27T07:46:43.691+0530] {processor.py:925} INFO - DAG(s) 'example_python_operator' retrieved from /Users/uk/miniforge3/lib/python3.10/site-packages/airflow/example_dags/example_python_operator.py
[2025-03-27T07:46:43.786+0530] {logging_mixin.py:190} INFO - [2025-03-27T07:46:43.786+0530] {dag.py:3239} INFO - Sync 1 DAGs
[2025-03-27T07:46:43.790+0530] {logging_mixin.py:190} INFO - [2025-03-27T07:46:43.790+0530] {dag.py:4180} INFO - Setting next_dagrun for example_python_operator to None, run_after=None
[2025-03-27T07:46:43.797+0530] {processor.py:208} INFO - Processing /Users/uk/miniforge3/lib/python3.10/site-packages/airflow/example_dags/example_python_operator.py took 0.120 seconds
[2025-03-27T07:48:31.241+0530] {processor.py:186} INFO - Started process (PID=18478) to work on /Users/uk/miniforge3/lib/python3.10/site-packages/airflow/example_dags/example_python_operator.py
[2025-03-27T07:48:31.242+0530] {processor.py:914} INFO - Processing file /Users/uk/miniforge3/lib/python3.10/site-packages/airflow/example_dags/example_python_operator.py for tasks to queue
[2025-03-27T07:48:31.242+0530] {logging_mixin.py:190} INFO - [2025-03-27T07:48:31.242+0530] {dagbag.py:588} INFO - Filling up the DagBag from /Users/uk/miniforge3/lib/python3.10/site-packages/airflow/example_dags/example_python_operator.py
[2025-03-27T07:48:31.256+0530] {processor.py:925} INFO - DAG(s) 'example_python_operator' retrieved from /Users/uk/miniforge3/lib/python3.10/site-packages/airflow/example_dags/example_python_operator.py
[2025-03-27T07:48:31.362+0530] {logging_mixin.py:190} INFO - [2025-03-27T07:48:31.361+0530] {dag.py:3239} INFO - Sync 1 DAGs
[2025-03-27T07:48:31.366+0530] {logging_mixin.py:190} INFO - [2025-03-27T07:48:31.366+0530] {dag.py:4180} INFO - Setting next_dagrun for example_python_operator to None, run_after=None
[2025-03-27T07:48:31.373+0530] {processor.py:208} INFO - Processing /Users/uk/miniforge3/lib/python3.10/site-packages/airflow/example_dags/example_python_operator.py took 0.134 seconds
[2025-03-27T07:51:04.197+0530] {processor.py:186} INFO - Started process (PID=19093) to work on /Users/uk/miniforge3/lib/python3.10/site-packages/airflow/example_dags/example_python_operator.py
[2025-03-27T07:51:04.197+0530] {processor.py:914} INFO - Processing file /Users/uk/miniforge3/lib/python3.10/site-packages/airflow/example_dags/example_python_operator.py for tasks to queue
[2025-03-27T07:51:04.198+0530] {logging_mixin.py:190} INFO - [2025-03-27T07:51:04.198+0530] {dagbag.py:588} INFO - Filling up the DagBag from /Users/uk/miniforge3/lib/python3.10/site-packages/airflow/example_dags/example_python_operator.py
[2025-03-27T07:51:04.209+0530] {processor.py:925} INFO - DAG(s) 'example_python_operator' retrieved from /Users/uk/miniforge3/lib/python3.10/site-packages/airflow/example_dags/example_python_operator.py
[2025-03-27T07:51:04.298+0530] {logging_mixin.py:190} INFO - [2025-03-27T07:51:04.298+0530] {dag.py:3239} INFO - Sync 1 DAGs
[2025-03-27T07:51:04.302+0530] {logging_mixin.py:190} INFO - [2025-03-27T07:51:04.302+0530] {dag.py:4180} INFO - Setting next_dagrun for example_python_operator to None, run_after=None
[2025-03-27T07:51:04.309+0530] {processor.py:208} INFO - Processing /Users/uk/miniforge3/lib/python3.10/site-packages/airflow/example_dags/example_python_operator.py took 0.114 seconds
[2025-03-27T07:55:06.917+0530] {processor.py:186} INFO - Started process (PID=20271) to work on /Users/uk/miniforge3/lib/python3.10/site-packages/airflow/example_dags/example_python_operator.py
[2025-03-27T07:55:06.918+0530] {processor.py:914} INFO - Processing file /Users/uk/miniforge3/lib/python3.10/site-packages/airflow/example_dags/example_python_operator.py for tasks to queue
[2025-03-27T07:55:06.918+0530] {logging_mixin.py:190} INFO - [2025-03-27T07:55:06.918+0530] {dagbag.py:588} INFO - Filling up the DagBag from /Users/uk/miniforge3/lib/python3.10/site-packages/airflow/example_dags/example_python_operator.py
[2025-03-27T07:55:06.929+0530] {processor.py:925} INFO - DAG(s) 'example_python_operator' retrieved from /Users/uk/miniforge3/lib/python3.10/site-packages/airflow/example_dags/example_python_operator.py
[2025-03-27T07:55:07.018+0530] {logging_mixin.py:190} INFO - [2025-03-27T07:55:07.018+0530] {dag.py:3239} INFO - Sync 1 DAGs
[2025-03-27T07:55:07.022+0530] {logging_mixin.py:190} INFO - [2025-03-27T07:55:07.022+0530] {dag.py:4180} INFO - Setting next_dagrun for example_python_operator to None, run_after=None
[2025-03-27T07:55:07.029+0530] {processor.py:208} INFO - Processing /Users/uk/miniforge3/lib/python3.10/site-packages/airflow/example_dags/example_python_operator.py took 0.113 seconds
[2025-03-27T07:56:50.856+0530] {processor.py:186} INFO - Started process (PID=20491) to work on /Users/uk/miniforge3/lib/python3.10/site-packages/airflow/example_dags/example_python_operator.py
[2025-03-27T07:56:50.856+0530] {processor.py:914} INFO - Processing file /Users/uk/miniforge3/lib/python3.10/site-packages/airflow/example_dags/example_python_operator.py for tasks to queue
[2025-03-27T07:56:50.857+0530] {logging_mixin.py:190} INFO - [2025-03-27T07:56:50.857+0530] {dagbag.py:588} INFO - Filling up the DagBag from /Users/uk/miniforge3/lib/python3.10/site-packages/airflow/example_dags/example_python_operator.py
[2025-03-27T07:56:50.868+0530] {processor.py:925} INFO - DAG(s) 'example_python_operator' retrieved from /Users/uk/miniforge3/lib/python3.10/site-packages/airflow/example_dags/example_python_operator.py
[2025-03-27T07:56:50.959+0530] {logging_mixin.py:190} INFO - [2025-03-27T07:56:50.958+0530] {dag.py:3239} INFO - Sync 1 DAGs
[2025-03-27T07:56:50.963+0530] {logging_mixin.py:190} INFO - [2025-03-27T07:56:50.963+0530] {dag.py:4180} INFO - Setting next_dagrun for example_python_operator to None, run_after=None
[2025-03-27T07:56:50.969+0530] {processor.py:208} INFO - Processing /Users/uk/miniforge3/lib/python3.10/site-packages/airflow/example_dags/example_python_operator.py took 0.115 seconds
[2025-03-27T07:59:25.314+0530] {processor.py:186} INFO - Started process (PID=20803) to work on /Users/uk/miniforge3/lib/python3.10/site-packages/airflow/example_dags/example_python_operator.py
[2025-03-27T07:59:25.315+0530] {processor.py:914} INFO - Processing file /Users/uk/miniforge3/lib/python3.10/site-packages/airflow/example_dags/example_python_operator.py for tasks to queue
[2025-03-27T07:59:25.315+0530] {logging_mixin.py:190} INFO - [2025-03-27T07:59:25.315+0530] {dagbag.py:588} INFO - Filling up the DagBag from /Users/uk/miniforge3/lib/python3.10/site-packages/airflow/example_dags/example_python_operator.py
[2025-03-27T07:59:25.327+0530] {processor.py:925} INFO - DAG(s) 'example_python_operator' retrieved from /Users/uk/miniforge3/lib/python3.10/site-packages/airflow/example_dags/example_python_operator.py
[2025-03-27T07:59:25.417+0530] {logging_mixin.py:190} INFO - [2025-03-27T07:59:25.417+0530] {dag.py:3239} INFO - Sync 1 DAGs
[2025-03-27T07:59:25.421+0530] {logging_mixin.py:190} INFO - [2025-03-27T07:59:25.421+0530] {dag.py:4180} INFO - Setting next_dagrun for example_python_operator to None, run_after=None
[2025-03-27T07:59:25.428+0530] {processor.py:208} INFO - Processing /Users/uk/miniforge3/lib/python3.10/site-packages/airflow/example_dags/example_python_operator.py took 0.115 seconds
[2025-03-27T08:01:56.200+0530] {processor.py:186} INFO - Started process (PID=21097) to work on /Users/uk/miniforge3/lib/python3.10/site-packages/airflow/example_dags/example_python_operator.py
[2025-03-27T08:01:56.201+0530] {processor.py:914} INFO - Processing file /Users/uk/miniforge3/lib/python3.10/site-packages/airflow/example_dags/example_python_operator.py for tasks to queue
[2025-03-27T08:01:56.201+0530] {logging_mixin.py:190} INFO - [2025-03-27T08:01:56.201+0530] {dagbag.py:588} INFO - Filling up the DagBag from /Users/uk/miniforge3/lib/python3.10/site-packages/airflow/example_dags/example_python_operator.py
[2025-03-27T08:01:56.214+0530] {processor.py:925} INFO - DAG(s) 'example_python_operator' retrieved from /Users/uk/miniforge3/lib/python3.10/site-packages/airflow/example_dags/example_python_operator.py
[2025-03-27T08:01:56.306+0530] {logging_mixin.py:190} INFO - [2025-03-27T08:01:56.306+0530] {dag.py:3239} INFO - Sync 1 DAGs
[2025-03-27T08:01:56.317+0530] {logging_mixin.py:190} INFO - [2025-03-27T08:01:56.317+0530] {dag.py:4180} INFO - Setting next_dagrun for example_python_operator to None, run_after=None
[2025-03-27T08:01:56.326+0530] {processor.py:208} INFO - Processing /Users/uk/miniforge3/lib/python3.10/site-packages/airflow/example_dags/example_python_operator.py took 0.127 seconds
[2025-03-27T08:04:28.199+0530] {processor.py:186} INFO - Started process (PID=21387) to work on /Users/uk/miniforge3/lib/python3.10/site-packages/airflow/example_dags/example_python_operator.py
[2025-03-27T08:04:28.200+0530] {processor.py:914} INFO - Processing file /Users/uk/miniforge3/lib/python3.10/site-packages/airflow/example_dags/example_python_operator.py for tasks to queue
[2025-03-27T08:04:28.200+0530] {logging_mixin.py:190} INFO - [2025-03-27T08:04:28.200+0530] {dagbag.py:588} INFO - Filling up the DagBag from /Users/uk/miniforge3/lib/python3.10/site-packages/airflow/example_dags/example_python_operator.py
[2025-03-27T08:04:28.211+0530] {processor.py:925} INFO - DAG(s) 'example_python_operator' retrieved from /Users/uk/miniforge3/lib/python3.10/site-packages/airflow/example_dags/example_python_operator.py
[2025-03-27T08:04:28.303+0530] {logging_mixin.py:190} INFO - [2025-03-27T08:04:28.303+0530] {dag.py:3239} INFO - Sync 1 DAGs
[2025-03-27T08:04:28.307+0530] {logging_mixin.py:190} INFO - [2025-03-27T08:04:28.307+0530] {dag.py:4180} INFO - Setting next_dagrun for example_python_operator to None, run_after=None
[2025-03-27T08:04:28.314+0530] {processor.py:208} INFO - Processing /Users/uk/miniforge3/lib/python3.10/site-packages/airflow/example_dags/example_python_operator.py took 0.116 seconds
[2025-03-27T08:06:57.039+0530] {processor.py:186} INFO - Started process (PID=21638) to work on /Users/uk/miniforge3/lib/python3.10/site-packages/airflow/example_dags/example_python_operator.py
[2025-03-27T08:06:57.042+0530] {processor.py:914} INFO - Processing file /Users/uk/miniforge3/lib/python3.10/site-packages/airflow/example_dags/example_python_operator.py for tasks to queue
[2025-03-27T08:06:57.043+0530] {logging_mixin.py:190} INFO - [2025-03-27T08:06:57.043+0530] {dagbag.py:588} INFO - Filling up the DagBag from /Users/uk/miniforge3/lib/python3.10/site-packages/airflow/example_dags/example_python_operator.py
[2025-03-27T08:06:57.055+0530] {processor.py:925} INFO - DAG(s) 'example_python_operator' retrieved from /Users/uk/miniforge3/lib/python3.10/site-packages/airflow/example_dags/example_python_operator.py
[2025-03-27T08:06:57.150+0530] {logging_mixin.py:190} INFO - [2025-03-27T08:06:57.150+0530] {dag.py:3239} INFO - Sync 1 DAGs
[2025-03-27T08:06:57.155+0530] {logging_mixin.py:190} INFO - [2025-03-27T08:06:57.155+0530] {dag.py:4180} INFO - Setting next_dagrun for example_python_operator to None, run_after=None
[2025-03-27T08:06:57.163+0530] {processor.py:208} INFO - Processing /Users/uk/miniforge3/lib/python3.10/site-packages/airflow/example_dags/example_python_operator.py took 0.125 seconds
[2025-03-27T08:09:38.758+0530] {processor.py:186} INFO - Started process (PID=21966) to work on /Users/uk/miniforge3/lib/python3.10/site-packages/airflow/example_dags/example_python_operator.py
[2025-03-27T08:09:38.758+0530] {processor.py:914} INFO - Processing file /Users/uk/miniforge3/lib/python3.10/site-packages/airflow/example_dags/example_python_operator.py for tasks to queue
[2025-03-27T08:09:38.759+0530] {logging_mixin.py:190} INFO - [2025-03-27T08:09:38.759+0530] {dagbag.py:588} INFO - Filling up the DagBag from /Users/uk/miniforge3/lib/python3.10/site-packages/airflow/example_dags/example_python_operator.py
[2025-03-27T08:09:38.770+0530] {processor.py:925} INFO - DAG(s) 'example_python_operator' retrieved from /Users/uk/miniforge3/lib/python3.10/site-packages/airflow/example_dags/example_python_operator.py
[2025-03-27T08:09:38.861+0530] {logging_mixin.py:190} INFO - [2025-03-27T08:09:38.861+0530] {dag.py:3239} INFO - Sync 1 DAGs
[2025-03-27T08:09:38.865+0530] {logging_mixin.py:190} INFO - [2025-03-27T08:09:38.865+0530] {dag.py:4180} INFO - Setting next_dagrun for example_python_operator to None, run_after=None
[2025-03-27T08:09:38.873+0530] {processor.py:208} INFO - Processing /Users/uk/miniforge3/lib/python3.10/site-packages/airflow/example_dags/example_python_operator.py took 0.117 seconds
