[2025-03-27T07:07:07.576+0530] {processor.py:186} INFO - Started process (PID=13347) to work on /Users/uk/miniforge3/lib/python3.10/site-packages/airflow/example_dags/example_outlet_event_extra.py
[2025-03-27T07:07:07.577+0530] {processor.py:914} INFO - Processing file /Users/uk/miniforge3/lib/python3.10/site-packages/airflow/example_dags/example_outlet_event_extra.py for tasks to queue
[2025-03-27T07:07:07.577+0530] {logging_mixin.py:190} INFO - [2025-03-27T07:07:07.577+0530] {dagbag.py:588} INFO - Filling up the DagBag from /Users/uk/miniforge3/lib/python3.10/site-packages/airflow/example_dags/example_outlet_event_extra.py
[2025-03-27T07:07:07.631+0530] {processor.py:925} INFO - DAG(s) 'dataset_with_extra_from_classic_operator', 'dataset_with_extra_by_yield', 'dataset_with_extra_by_context' retrieved from /Users/uk/miniforge3/lib/python3.10/site-packages/airflow/example_dags/example_outlet_event_extra.py
[2025-03-27T07:07:07.675+0530] {logging_mixin.py:190} INFO - [2025-03-27T07:07:07.675+0530] {dag.py:3239} INFO - Sync 3 DAGs
[2025-03-27T07:07:07.683+0530] {logging_mixin.py:190} INFO - [2025-03-27T07:07:07.683+0530] {dag.py:4180} INFO - Setting next_dagrun for dataset_with_extra_by_context to 2025-03-26 00:00:00+00:00, run_after=2025-03-27 00:00:00+00:00
[2025-03-27T07:07:07.685+0530] {logging_mixin.py:190} INFO - [2025-03-27T07:07:07.685+0530] {dag.py:4180} INFO - Setting next_dagrun for dataset_with_extra_by_yield to 2025-03-26 00:00:00+00:00, run_after=2025-03-27 00:00:00+00:00
[2025-03-27T07:07:07.686+0530] {logging_mixin.py:190} INFO - [2025-03-27T07:07:07.686+0530] {dag.py:4180} INFO - Setting next_dagrun for dataset_with_extra_from_classic_operator to 2025-03-26 00:00:00+00:00, run_after=2025-03-27 00:00:00+00:00
[2025-03-27T07:07:07.694+0530] {processor.py:208} INFO - Processing /Users/uk/miniforge3/lib/python3.10/site-packages/airflow/example_dags/example_outlet_event_extra.py took 0.119 seconds
[2025-03-27T07:09:51.295+0530] {processor.py:186} INFO - Started process (PID=13656) to work on /Users/uk/miniforge3/lib/python3.10/site-packages/airflow/example_dags/example_outlet_event_extra.py
[2025-03-27T07:09:51.296+0530] {processor.py:914} INFO - Processing file /Users/uk/miniforge3/lib/python3.10/site-packages/airflow/example_dags/example_outlet_event_extra.py for tasks to queue
[2025-03-27T07:09:51.297+0530] {logging_mixin.py:190} INFO - [2025-03-27T07:09:51.296+0530] {dagbag.py:588} INFO - Filling up the DagBag from /Users/uk/miniforge3/lib/python3.10/site-packages/airflow/example_dags/example_outlet_event_extra.py
[2025-03-27T07:09:51.345+0530] {processor.py:925} INFO - DAG(s) 'dataset_with_extra_by_context', 'dataset_with_extra_from_classic_operator', 'dataset_with_extra_by_yield' retrieved from /Users/uk/miniforge3/lib/python3.10/site-packages/airflow/example_dags/example_outlet_event_extra.py
[2025-03-27T07:09:51.389+0530] {logging_mixin.py:190} INFO - [2025-03-27T07:09:51.389+0530] {dag.py:3239} INFO - Sync 3 DAGs
[2025-03-27T07:09:51.398+0530] {logging_mixin.py:190} INFO - [2025-03-27T07:09:51.398+0530] {dag.py:4180} INFO - Setting next_dagrun for dataset_with_extra_by_context to 2025-03-26 00:00:00+00:00, run_after=2025-03-27 00:00:00+00:00
[2025-03-27T07:09:51.401+0530] {logging_mixin.py:190} INFO - [2025-03-27T07:09:51.401+0530] {dag.py:4180} INFO - Setting next_dagrun for dataset_with_extra_by_yield to 2025-03-26 00:00:00+00:00, run_after=2025-03-27 00:00:00+00:00
[2025-03-27T07:09:51.402+0530] {logging_mixin.py:190} INFO - [2025-03-27T07:09:51.402+0530] {dag.py:4180} INFO - Setting next_dagrun for dataset_with_extra_from_classic_operator to 2025-03-26 00:00:00+00:00, run_after=2025-03-27 00:00:00+00:00
[2025-03-27T07:09:51.413+0530] {processor.py:208} INFO - Processing /Users/uk/miniforge3/lib/python3.10/site-packages/airflow/example_dags/example_outlet_event_extra.py took 0.119 seconds
[2025-03-27T07:12:38.940+0530] {processor.py:186} INFO - Started process (PID=13948) to work on /Users/uk/miniforge3/lib/python3.10/site-packages/airflow/example_dags/example_outlet_event_extra.py
[2025-03-27T07:12:38.941+0530] {processor.py:914} INFO - Processing file /Users/uk/miniforge3/lib/python3.10/site-packages/airflow/example_dags/example_outlet_event_extra.py for tasks to queue
[2025-03-27T07:12:38.941+0530] {logging_mixin.py:190} INFO - [2025-03-27T07:12:38.941+0530] {dagbag.py:588} INFO - Filling up the DagBag from /Users/uk/miniforge3/lib/python3.10/site-packages/airflow/example_dags/example_outlet_event_extra.py
[2025-03-27T07:12:38.987+0530] {processor.py:925} INFO - DAG(s) 'dataset_with_extra_by_context', 'dataset_with_extra_from_classic_operator', 'dataset_with_extra_by_yield' retrieved from /Users/uk/miniforge3/lib/python3.10/site-packages/airflow/example_dags/example_outlet_event_extra.py
[2025-03-27T07:12:39.026+0530] {logging_mixin.py:190} INFO - [2025-03-27T07:12:39.026+0530] {dag.py:3239} INFO - Sync 3 DAGs
[2025-03-27T07:12:39.032+0530] {logging_mixin.py:190} INFO - [2025-03-27T07:12:39.032+0530] {dag.py:4180} INFO - Setting next_dagrun for dataset_with_extra_by_context to 2025-03-26 00:00:00+00:00, run_after=2025-03-27 00:00:00+00:00
[2025-03-27T07:12:39.035+0530] {logging_mixin.py:190} INFO - [2025-03-27T07:12:39.035+0530] {dag.py:4180} INFO - Setting next_dagrun for dataset_with_extra_by_yield to 2025-03-26 00:00:00+00:00, run_after=2025-03-27 00:00:00+00:00
[2025-03-27T07:12:39.036+0530] {logging_mixin.py:190} INFO - [2025-03-27T07:12:39.035+0530] {dag.py:4180} INFO - Setting next_dagrun for dataset_with_extra_from_classic_operator to 2025-03-26 00:00:00+00:00, run_after=2025-03-27 00:00:00+00:00
[2025-03-27T07:12:39.042+0530] {processor.py:208} INFO - Processing /Users/uk/miniforge3/lib/python3.10/site-packages/airflow/example_dags/example_outlet_event_extra.py took 0.103 seconds
[2025-03-27T07:15:13.858+0530] {processor.py:186} INFO - Started process (PID=14226) to work on /Users/uk/miniforge3/lib/python3.10/site-packages/airflow/example_dags/example_outlet_event_extra.py
[2025-03-27T07:15:13.859+0530] {processor.py:914} INFO - Processing file /Users/uk/miniforge3/lib/python3.10/site-packages/airflow/example_dags/example_outlet_event_extra.py for tasks to queue
[2025-03-27T07:15:13.859+0530] {logging_mixin.py:190} INFO - [2025-03-27T07:15:13.859+0530] {dagbag.py:588} INFO - Filling up the DagBag from /Users/uk/miniforge3/lib/python3.10/site-packages/airflow/example_dags/example_outlet_event_extra.py
[2025-03-27T07:15:13.899+0530] {processor.py:925} INFO - DAG(s) 'dataset_with_extra_by_context', 'dataset_with_extra_from_classic_operator', 'dataset_with_extra_by_yield' retrieved from /Users/uk/miniforge3/lib/python3.10/site-packages/airflow/example_dags/example_outlet_event_extra.py
[2025-03-27T07:15:13.942+0530] {logging_mixin.py:190} INFO - [2025-03-27T07:15:13.942+0530] {dag.py:3239} INFO - Sync 3 DAGs
[2025-03-27T07:15:13.949+0530] {logging_mixin.py:190} INFO - [2025-03-27T07:15:13.949+0530] {dag.py:4180} INFO - Setting next_dagrun for dataset_with_extra_by_context to 2025-03-26 00:00:00+00:00, run_after=2025-03-27 00:00:00+00:00
[2025-03-27T07:15:13.951+0530] {logging_mixin.py:190} INFO - [2025-03-27T07:15:13.951+0530] {dag.py:4180} INFO - Setting next_dagrun for dataset_with_extra_by_yield to 2025-03-26 00:00:00+00:00, run_after=2025-03-27 00:00:00+00:00
[2025-03-27T07:15:13.952+0530] {logging_mixin.py:190} INFO - [2025-03-27T07:15:13.952+0530] {dag.py:4180} INFO - Setting next_dagrun for dataset_with_extra_from_classic_operator to 2025-03-26 00:00:00+00:00, run_after=2025-03-27 00:00:00+00:00
[2025-03-27T07:15:13.959+0530] {processor.py:208} INFO - Processing /Users/uk/miniforge3/lib/python3.10/site-packages/airflow/example_dags/example_outlet_event_extra.py took 0.102 seconds
[2025-03-27T07:17:39.839+0530] {processor.py:186} INFO - Started process (PID=14466) to work on /Users/uk/miniforge3/lib/python3.10/site-packages/airflow/example_dags/example_outlet_event_extra.py
[2025-03-27T07:17:39.840+0530] {processor.py:914} INFO - Processing file /Users/uk/miniforge3/lib/python3.10/site-packages/airflow/example_dags/example_outlet_event_extra.py for tasks to queue
[2025-03-27T07:17:39.840+0530] {logging_mixin.py:190} INFO - [2025-03-27T07:17:39.840+0530] {dagbag.py:588} INFO - Filling up the DagBag from /Users/uk/miniforge3/lib/python3.10/site-packages/airflow/example_dags/example_outlet_event_extra.py
[2025-03-27T07:17:39.891+0530] {processor.py:925} INFO - DAG(s) 'dataset_with_extra_from_classic_operator', 'dataset_with_extra_by_context', 'dataset_with_extra_by_yield' retrieved from /Users/uk/miniforge3/lib/python3.10/site-packages/airflow/example_dags/example_outlet_event_extra.py
[2025-03-27T07:17:39.933+0530] {logging_mixin.py:190} INFO - [2025-03-27T07:17:39.933+0530] {dag.py:3239} INFO - Sync 3 DAGs
[2025-03-27T07:17:39.940+0530] {logging_mixin.py:190} INFO - [2025-03-27T07:17:39.940+0530] {dag.py:4180} INFO - Setting next_dagrun for dataset_with_extra_by_context to 2025-03-26 00:00:00+00:00, run_after=2025-03-27 00:00:00+00:00
[2025-03-27T07:17:39.942+0530] {logging_mixin.py:190} INFO - [2025-03-27T07:17:39.942+0530] {dag.py:4180} INFO - Setting next_dagrun for dataset_with_extra_by_yield to 2025-03-26 00:00:00+00:00, run_after=2025-03-27 00:00:00+00:00
[2025-03-27T07:17:39.943+0530] {logging_mixin.py:190} INFO - [2025-03-27T07:17:39.943+0530] {dag.py:4180} INFO - Setting next_dagrun for dataset_with_extra_from_classic_operator to 2025-03-26 00:00:00+00:00, run_after=2025-03-27 00:00:00+00:00
[2025-03-27T07:17:39.952+0530] {processor.py:208} INFO - Processing /Users/uk/miniforge3/lib/python3.10/site-packages/airflow/example_dags/example_outlet_event_extra.py took 0.114 seconds
[2025-03-27T07:20:05.861+0530] {processor.py:186} INFO - Started process (PID=14981) to work on /Users/uk/miniforge3/lib/python3.10/site-packages/airflow/example_dags/example_outlet_event_extra.py
[2025-03-27T07:20:05.862+0530] {processor.py:914} INFO - Processing file /Users/uk/miniforge3/lib/python3.10/site-packages/airflow/example_dags/example_outlet_event_extra.py for tasks to queue
[2025-03-27T07:20:05.863+0530] {logging_mixin.py:190} INFO - [2025-03-27T07:20:05.863+0530] {dagbag.py:588} INFO - Filling up the DagBag from /Users/uk/miniforge3/lib/python3.10/site-packages/airflow/example_dags/example_outlet_event_extra.py
[2025-03-27T07:20:05.893+0530] {processor.py:925} INFO - DAG(s) 'dataset_with_extra_from_classic_operator', 'dataset_with_extra_by_yield', 'dataset_with_extra_by_context' retrieved from /Users/uk/miniforge3/lib/python3.10/site-packages/airflow/example_dags/example_outlet_event_extra.py
[2025-03-27T07:20:05.932+0530] {logging_mixin.py:190} INFO - [2025-03-27T07:20:05.932+0530] {dag.py:3239} INFO - Sync 3 DAGs
[2025-03-27T07:20:05.939+0530] {logging_mixin.py:190} INFO - [2025-03-27T07:20:05.939+0530] {dag.py:4180} INFO - Setting next_dagrun for dataset_with_extra_by_context to 2025-03-26 00:00:00+00:00, run_after=2025-03-27 00:00:00+00:00
[2025-03-27T07:20:05.942+0530] {logging_mixin.py:190} INFO - [2025-03-27T07:20:05.942+0530] {dag.py:4180} INFO - Setting next_dagrun for dataset_with_extra_by_yield to 2025-03-26 00:00:00+00:00, run_after=2025-03-27 00:00:00+00:00
[2025-03-27T07:20:05.943+0530] {logging_mixin.py:190} INFO - [2025-03-27T07:20:05.942+0530] {dag.py:4180} INFO - Setting next_dagrun for dataset_with_extra_from_classic_operator to 2025-03-26 00:00:00+00:00, run_after=2025-03-27 00:00:00+00:00
[2025-03-27T07:20:05.954+0530] {processor.py:208} INFO - Processing /Users/uk/miniforge3/lib/python3.10/site-packages/airflow/example_dags/example_outlet_event_extra.py took 0.094 seconds
[2025-03-27T07:22:29.518+0530] {processor.py:186} INFO - Started process (PID=15252) to work on /Users/uk/miniforge3/lib/python3.10/site-packages/airflow/example_dags/example_outlet_event_extra.py
[2025-03-27T07:22:29.518+0530] {processor.py:914} INFO - Processing file /Users/uk/miniforge3/lib/python3.10/site-packages/airflow/example_dags/example_outlet_event_extra.py for tasks to queue
[2025-03-27T07:22:29.519+0530] {logging_mixin.py:190} INFO - [2025-03-27T07:22:29.519+0530] {dagbag.py:588} INFO - Filling up the DagBag from /Users/uk/miniforge3/lib/python3.10/site-packages/airflow/example_dags/example_outlet_event_extra.py
[2025-03-27T07:22:29.565+0530] {processor.py:925} INFO - DAG(s) 'dataset_with_extra_from_classic_operator', 'dataset_with_extra_by_yield', 'dataset_with_extra_by_context' retrieved from /Users/uk/miniforge3/lib/python3.10/site-packages/airflow/example_dags/example_outlet_event_extra.py
[2025-03-27T07:22:29.604+0530] {logging_mixin.py:190} INFO - [2025-03-27T07:22:29.604+0530] {dag.py:3239} INFO - Sync 3 DAGs
[2025-03-27T07:22:29.611+0530] {logging_mixin.py:190} INFO - [2025-03-27T07:22:29.611+0530] {dag.py:4180} INFO - Setting next_dagrun for dataset_with_extra_by_context to 2025-03-26 00:00:00+00:00, run_after=2025-03-27 00:00:00+00:00
[2025-03-27T07:22:29.614+0530] {logging_mixin.py:190} INFO - [2025-03-27T07:22:29.614+0530] {dag.py:4180} INFO - Setting next_dagrun for dataset_with_extra_by_yield to 2025-03-26 00:00:00+00:00, run_after=2025-03-27 00:00:00+00:00
[2025-03-27T07:22:29.615+0530] {logging_mixin.py:190} INFO - [2025-03-27T07:22:29.615+0530] {dag.py:4180} INFO - Setting next_dagrun for dataset_with_extra_from_classic_operator to 2025-03-26 00:00:00+00:00, run_after=2025-03-27 00:00:00+00:00
[2025-03-27T07:22:29.622+0530] {processor.py:208} INFO - Processing /Users/uk/miniforge3/lib/python3.10/site-packages/airflow/example_dags/example_outlet_event_extra.py took 0.105 seconds
[2025-03-27T07:24:51.341+0530] {processor.py:186} INFO - Started process (PID=15526) to work on /Users/uk/miniforge3/lib/python3.10/site-packages/airflow/example_dags/example_outlet_event_extra.py
[2025-03-27T07:24:51.342+0530] {processor.py:914} INFO - Processing file /Users/uk/miniforge3/lib/python3.10/site-packages/airflow/example_dags/example_outlet_event_extra.py for tasks to queue
[2025-03-27T07:24:51.342+0530] {logging_mixin.py:190} INFO - [2025-03-27T07:24:51.342+0530] {dagbag.py:588} INFO - Filling up the DagBag from /Users/uk/miniforge3/lib/python3.10/site-packages/airflow/example_dags/example_outlet_event_extra.py
[2025-03-27T07:24:51.387+0530] {processor.py:925} INFO - DAG(s) 'dataset_with_extra_from_classic_operator', 'dataset_with_extra_by_context', 'dataset_with_extra_by_yield' retrieved from /Users/uk/miniforge3/lib/python3.10/site-packages/airflow/example_dags/example_outlet_event_extra.py
[2025-03-27T07:24:51.425+0530] {logging_mixin.py:190} INFO - [2025-03-27T07:24:51.425+0530] {dag.py:3239} INFO - Sync 3 DAGs
[2025-03-27T07:24:51.432+0530] {logging_mixin.py:190} INFO - [2025-03-27T07:24:51.432+0530] {dag.py:4180} INFO - Setting next_dagrun for dataset_with_extra_by_context to 2025-03-26 00:00:00+00:00, run_after=2025-03-27 00:00:00+00:00
[2025-03-27T07:24:51.434+0530] {logging_mixin.py:190} INFO - [2025-03-27T07:24:51.434+0530] {dag.py:4180} INFO - Setting next_dagrun for dataset_with_extra_by_yield to 2025-03-26 00:00:00+00:00, run_after=2025-03-27 00:00:00+00:00
[2025-03-27T07:24:51.435+0530] {logging_mixin.py:190} INFO - [2025-03-27T07:24:51.435+0530] {dag.py:4180} INFO - Setting next_dagrun for dataset_with_extra_from_classic_operator to 2025-03-26 00:00:00+00:00, run_after=2025-03-27 00:00:00+00:00
[2025-03-27T07:24:51.442+0530] {processor.py:208} INFO - Processing /Users/uk/miniforge3/lib/python3.10/site-packages/airflow/example_dags/example_outlet_event_extra.py took 0.103 seconds
[2025-03-27T07:27:15.422+0530] {processor.py:186} INFO - Started process (PID=15764) to work on /Users/uk/miniforge3/lib/python3.10/site-packages/airflow/example_dags/example_outlet_event_extra.py
[2025-03-27T07:27:15.423+0530] {processor.py:914} INFO - Processing file /Users/uk/miniforge3/lib/python3.10/site-packages/airflow/example_dags/example_outlet_event_extra.py for tasks to queue
[2025-03-27T07:27:15.423+0530] {logging_mixin.py:190} INFO - [2025-03-27T07:27:15.423+0530] {dagbag.py:588} INFO - Filling up the DagBag from /Users/uk/miniforge3/lib/python3.10/site-packages/airflow/example_dags/example_outlet_event_extra.py
[2025-03-27T07:27:15.471+0530] {processor.py:925} INFO - DAG(s) 'dataset_with_extra_from_classic_operator', 'dataset_with_extra_by_context', 'dataset_with_extra_by_yield' retrieved from /Users/uk/miniforge3/lib/python3.10/site-packages/airflow/example_dags/example_outlet_event_extra.py
[2025-03-27T07:27:15.510+0530] {logging_mixin.py:190} INFO - [2025-03-27T07:27:15.510+0530] {dag.py:3239} INFO - Sync 3 DAGs
[2025-03-27T07:27:15.518+0530] {logging_mixin.py:190} INFO - [2025-03-27T07:27:15.518+0530] {dag.py:4180} INFO - Setting next_dagrun for dataset_with_extra_by_context to 2025-03-26 00:00:00+00:00, run_after=2025-03-27 00:00:00+00:00
[2025-03-27T07:27:15.519+0530] {logging_mixin.py:190} INFO - [2025-03-27T07:27:15.519+0530] {dag.py:4180} INFO - Setting next_dagrun for dataset_with_extra_by_yield to 2025-03-26 00:00:00+00:00, run_after=2025-03-27 00:00:00+00:00
[2025-03-27T07:27:15.520+0530] {logging_mixin.py:190} INFO - [2025-03-27T07:27:15.520+0530] {dag.py:4180} INFO - Setting next_dagrun for dataset_with_extra_from_classic_operator to 2025-03-26 00:00:00+00:00, run_after=2025-03-27 00:00:00+00:00
[2025-03-27T07:27:15.527+0530] {processor.py:208} INFO - Processing /Users/uk/miniforge3/lib/python3.10/site-packages/airflow/example_dags/example_outlet_event_extra.py took 0.106 seconds
[2025-03-27T07:29:43.354+0530] {processor.py:186} INFO - Started process (PID=16030) to work on /Users/uk/miniforge3/lib/python3.10/site-packages/airflow/example_dags/example_outlet_event_extra.py
[2025-03-27T07:29:43.355+0530] {processor.py:914} INFO - Processing file /Users/uk/miniforge3/lib/python3.10/site-packages/airflow/example_dags/example_outlet_event_extra.py for tasks to queue
[2025-03-27T07:29:43.356+0530] {logging_mixin.py:190} INFO - [2025-03-27T07:29:43.356+0530] {dagbag.py:588} INFO - Filling up the DagBag from /Users/uk/miniforge3/lib/python3.10/site-packages/airflow/example_dags/example_outlet_event_extra.py
[2025-03-27T07:29:43.404+0530] {processor.py:925} INFO - DAG(s) 'dataset_with_extra_from_classic_operator', 'dataset_with_extra_by_context', 'dataset_with_extra_by_yield' retrieved from /Users/uk/miniforge3/lib/python3.10/site-packages/airflow/example_dags/example_outlet_event_extra.py
[2025-03-27T07:29:43.447+0530] {logging_mixin.py:190} INFO - [2025-03-27T07:29:43.447+0530] {dag.py:3239} INFO - Sync 3 DAGs
[2025-03-27T07:29:43.455+0530] {logging_mixin.py:190} INFO - [2025-03-27T07:29:43.455+0530] {dag.py:4180} INFO - Setting next_dagrun for dataset_with_extra_by_context to 2025-03-26 00:00:00+00:00, run_after=2025-03-27 00:00:00+00:00
[2025-03-27T07:29:43.457+0530] {logging_mixin.py:190} INFO - [2025-03-27T07:29:43.457+0530] {dag.py:4180} INFO - Setting next_dagrun for dataset_with_extra_by_yield to 2025-03-26 00:00:00+00:00, run_after=2025-03-27 00:00:00+00:00
[2025-03-27T07:29:43.458+0530] {logging_mixin.py:190} INFO - [2025-03-27T07:29:43.458+0530] {dag.py:4180} INFO - Setting next_dagrun for dataset_with_extra_from_classic_operator to 2025-03-26 00:00:00+00:00, run_after=2025-03-27 00:00:00+00:00
[2025-03-27T07:29:43.465+0530] {processor.py:208} INFO - Processing /Users/uk/miniforge3/lib/python3.10/site-packages/airflow/example_dags/example_outlet_event_extra.py took 0.113 seconds
[2025-03-27T07:32:17.025+0530] {processor.py:186} INFO - Started process (PID=16346) to work on /Users/uk/miniforge3/lib/python3.10/site-packages/airflow/example_dags/example_outlet_event_extra.py
[2025-03-27T07:32:17.026+0530] {processor.py:914} INFO - Processing file /Users/uk/miniforge3/lib/python3.10/site-packages/airflow/example_dags/example_outlet_event_extra.py for tasks to queue
[2025-03-27T07:32:17.026+0530] {logging_mixin.py:190} INFO - [2025-03-27T07:32:17.026+0530] {dagbag.py:588} INFO - Filling up the DagBag from /Users/uk/miniforge3/lib/python3.10/site-packages/airflow/example_dags/example_outlet_event_extra.py
[2025-03-27T07:32:17.071+0530] {processor.py:925} INFO - DAG(s) 'dataset_with_extra_by_yield', 'dataset_with_extra_by_context', 'dataset_with_extra_from_classic_operator' retrieved from /Users/uk/miniforge3/lib/python3.10/site-packages/airflow/example_dags/example_outlet_event_extra.py
[2025-03-27T07:32:17.112+0530] {logging_mixin.py:190} INFO - [2025-03-27T07:32:17.111+0530] {dag.py:3239} INFO - Sync 3 DAGs
[2025-03-27T07:32:17.119+0530] {logging_mixin.py:190} INFO - [2025-03-27T07:32:17.119+0530] {dag.py:4180} INFO - Setting next_dagrun for dataset_with_extra_by_context to 2025-03-26 00:00:00+00:00, run_after=2025-03-27 00:00:00+00:00
[2025-03-27T07:32:17.120+0530] {logging_mixin.py:190} INFO - [2025-03-27T07:32:17.120+0530] {dag.py:4180} INFO - Setting next_dagrun for dataset_with_extra_by_yield to 2025-03-26 00:00:00+00:00, run_after=2025-03-27 00:00:00+00:00
[2025-03-27T07:32:17.121+0530] {logging_mixin.py:190} INFO - [2025-03-27T07:32:17.121+0530] {dag.py:4180} INFO - Setting next_dagrun for dataset_with_extra_from_classic_operator to 2025-03-26 00:00:00+00:00, run_after=2025-03-27 00:00:00+00:00
[2025-03-27T07:32:17.129+0530] {processor.py:208} INFO - Processing /Users/uk/miniforge3/lib/python3.10/site-packages/airflow/example_dags/example_outlet_event_extra.py took 0.105 seconds
[2025-03-27T07:34:46.194+0530] {processor.py:186} INFO - Started process (PID=16640) to work on /Users/uk/miniforge3/lib/python3.10/site-packages/airflow/example_dags/example_outlet_event_extra.py
[2025-03-27T07:34:46.195+0530] {processor.py:914} INFO - Processing file /Users/uk/miniforge3/lib/python3.10/site-packages/airflow/example_dags/example_outlet_event_extra.py for tasks to queue
[2025-03-27T07:34:46.196+0530] {logging_mixin.py:190} INFO - [2025-03-27T07:34:46.195+0530] {dagbag.py:588} INFO - Filling up the DagBag from /Users/uk/miniforge3/lib/python3.10/site-packages/airflow/example_dags/example_outlet_event_extra.py
[2025-03-27T07:34:46.241+0530] {processor.py:925} INFO - DAG(s) 'dataset_with_extra_by_yield', 'dataset_with_extra_by_context', 'dataset_with_extra_from_classic_operator' retrieved from /Users/uk/miniforge3/lib/python3.10/site-packages/airflow/example_dags/example_outlet_event_extra.py
[2025-03-27T07:34:46.280+0530] {logging_mixin.py:190} INFO - [2025-03-27T07:34:46.280+0530] {dag.py:3239} INFO - Sync 3 DAGs
[2025-03-27T07:34:46.288+0530] {logging_mixin.py:190} INFO - [2025-03-27T07:34:46.287+0530] {dag.py:4180} INFO - Setting next_dagrun for dataset_with_extra_by_context to 2025-03-26 00:00:00+00:00, run_after=2025-03-27 00:00:00+00:00
[2025-03-27T07:34:46.289+0530] {logging_mixin.py:190} INFO - [2025-03-27T07:34:46.289+0530] {dag.py:4180} INFO - Setting next_dagrun for dataset_with_extra_by_yield to 2025-03-26 00:00:00+00:00, run_after=2025-03-27 00:00:00+00:00
[2025-03-27T07:34:46.290+0530] {logging_mixin.py:190} INFO - [2025-03-27T07:34:46.290+0530] {dag.py:4180} INFO - Setting next_dagrun for dataset_with_extra_from_classic_operator to 2025-03-26 00:00:00+00:00, run_after=2025-03-27 00:00:00+00:00
[2025-03-27T07:34:46.297+0530] {processor.py:208} INFO - Processing /Users/uk/miniforge3/lib/python3.10/site-packages/airflow/example_dags/example_outlet_event_extra.py took 0.104 seconds
[2025-03-27T07:40:06.029+0530] {processor.py:186} INFO - Started process (PID=17357) to work on /Users/uk/miniforge3/lib/python3.10/site-packages/airflow/example_dags/example_outlet_event_extra.py
[2025-03-27T07:40:06.029+0530] {processor.py:914} INFO - Processing file /Users/uk/miniforge3/lib/python3.10/site-packages/airflow/example_dags/example_outlet_event_extra.py for tasks to queue
[2025-03-27T07:40:06.030+0530] {logging_mixin.py:190} INFO - [2025-03-27T07:40:06.030+0530] {dagbag.py:588} INFO - Filling up the DagBag from /Users/uk/miniforge3/lib/python3.10/site-packages/airflow/example_dags/example_outlet_event_extra.py
[2025-03-27T07:40:06.070+0530] {processor.py:925} INFO - DAG(s) 'dataset_with_extra_from_classic_operator', 'dataset_with_extra_by_yield', 'dataset_with_extra_by_context' retrieved from /Users/uk/miniforge3/lib/python3.10/site-packages/airflow/example_dags/example_outlet_event_extra.py
[2025-03-27T07:40:06.140+0530] {logging_mixin.py:190} INFO - [2025-03-27T07:40:06.139+0530] {override.py:1930} INFO - Created Permission View: can read on DAG:dataset_with_extra_from_classic_operator
[2025-03-27T07:40:06.143+0530] {logging_mixin.py:190} INFO - [2025-03-27T07:40:06.143+0530] {override.py:1930} INFO - Created Permission View: can edit on DAG:dataset_with_extra_from_classic_operator
[2025-03-27T07:40:06.145+0530] {logging_mixin.py:190} INFO - [2025-03-27T07:40:06.145+0530] {override.py:1930} INFO - Created Permission View: can delete on DAG:dataset_with_extra_from_classic_operator
[2025-03-27T07:40:06.148+0530] {logging_mixin.py:190} INFO - [2025-03-27T07:40:06.148+0530] {override.py:1930} INFO - Created Permission View: can read on DAG Run:dataset_with_extra_from_classic_operator
[2025-03-27T07:40:06.150+0530] {logging_mixin.py:190} INFO - [2025-03-27T07:40:06.150+0530] {override.py:1930} INFO - Created Permission View: can delete on DAG Run:dataset_with_extra_from_classic_operator
[2025-03-27T07:40:06.152+0530] {logging_mixin.py:190} INFO - [2025-03-27T07:40:06.152+0530] {override.py:1930} INFO - Created Permission View: menu access on DAG Run:dataset_with_extra_from_classic_operator
[2025-03-27T07:40:06.154+0530] {logging_mixin.py:190} INFO - [2025-03-27T07:40:06.154+0530] {override.py:1930} INFO - Created Permission View: can create on DAG Run:dataset_with_extra_from_classic_operator
[2025-03-27T07:40:06.158+0530] {logging_mixin.py:190} INFO - [2025-03-27T07:40:06.158+0530] {override.py:1930} INFO - Created Permission View: can read on DAG:dataset_with_extra_by_yield
[2025-03-27T07:40:06.160+0530] {logging_mixin.py:190} INFO - [2025-03-27T07:40:06.160+0530] {override.py:1930} INFO - Created Permission View: can edit on DAG:dataset_with_extra_by_yield
[2025-03-27T07:40:06.162+0530] {logging_mixin.py:190} INFO - [2025-03-27T07:40:06.162+0530] {override.py:1930} INFO - Created Permission View: can delete on DAG:dataset_with_extra_by_yield
[2025-03-27T07:40:06.164+0530] {logging_mixin.py:190} INFO - [2025-03-27T07:40:06.164+0530] {override.py:1930} INFO - Created Permission View: can read on DAG Run:dataset_with_extra_by_yield
[2025-03-27T07:40:06.166+0530] {logging_mixin.py:190} INFO - [2025-03-27T07:40:06.166+0530] {override.py:1930} INFO - Created Permission View: can delete on DAG Run:dataset_with_extra_by_yield
[2025-03-27T07:40:06.168+0530] {logging_mixin.py:190} INFO - [2025-03-27T07:40:06.168+0530] {override.py:1930} INFO - Created Permission View: menu access on DAG Run:dataset_with_extra_by_yield
[2025-03-27T07:40:06.171+0530] {logging_mixin.py:190} INFO - [2025-03-27T07:40:06.170+0530] {override.py:1930} INFO - Created Permission View: can create on DAG Run:dataset_with_extra_by_yield
[2025-03-27T07:40:06.174+0530] {logging_mixin.py:190} INFO - [2025-03-27T07:40:06.174+0530] {override.py:1930} INFO - Created Permission View: can read on DAG:dataset_with_extra_by_context
[2025-03-27T07:40:06.176+0530] {logging_mixin.py:190} INFO - [2025-03-27T07:40:06.176+0530] {override.py:1930} INFO - Created Permission View: can edit on DAG:dataset_with_extra_by_context
[2025-03-27T07:40:06.178+0530] {logging_mixin.py:190} INFO - [2025-03-27T07:40:06.178+0530] {override.py:1930} INFO - Created Permission View: can delete on DAG:dataset_with_extra_by_context
[2025-03-27T07:40:06.181+0530] {logging_mixin.py:190} INFO - [2025-03-27T07:40:06.181+0530] {override.py:1930} INFO - Created Permission View: can read on DAG Run:dataset_with_extra_by_context
[2025-03-27T07:40:06.183+0530] {logging_mixin.py:190} INFO - [2025-03-27T07:40:06.183+0530] {override.py:1930} INFO - Created Permission View: can delete on DAG Run:dataset_with_extra_by_context
[2025-03-27T07:40:06.185+0530] {logging_mixin.py:190} INFO - [2025-03-27T07:40:06.185+0530] {override.py:1930} INFO - Created Permission View: menu access on DAG Run:dataset_with_extra_by_context
[2025-03-27T07:40:06.187+0530] {logging_mixin.py:190} INFO - [2025-03-27T07:40:06.187+0530] {override.py:1930} INFO - Created Permission View: can create on DAG Run:dataset_with_extra_by_context
[2025-03-27T07:40:06.187+0530] {logging_mixin.py:190} INFO - [2025-03-27T07:40:06.187+0530] {dag.py:3239} INFO - Sync 3 DAGs
[2025-03-27T07:40:06.191+0530] {logging_mixin.py:190} INFO - [2025-03-27T07:40:06.191+0530] {dag.py:3262} INFO - Creating ORM DAG for dataset_with_extra_from_classic_operator
[2025-03-27T07:40:06.192+0530] {logging_mixin.py:190} INFO - [2025-03-27T07:40:06.192+0530] {dag.py:3262} INFO - Creating ORM DAG for dataset_with_extra_by_context
[2025-03-27T07:40:06.192+0530] {logging_mixin.py:190} INFO - [2025-03-27T07:40:06.192+0530] {dag.py:3262} INFO - Creating ORM DAG for dataset_with_extra_by_yield
[2025-03-27T07:40:06.195+0530] {logging_mixin.py:190} INFO - [2025-03-27T07:40:06.195+0530] {dag.py:4180} INFO - Setting next_dagrun for dataset_with_extra_by_context to 2025-03-26 00:00:00+00:00, run_after=2025-03-27 00:00:00+00:00
[2025-03-27T07:40:06.196+0530] {logging_mixin.py:190} INFO - [2025-03-27T07:40:06.196+0530] {dag.py:4180} INFO - Setting next_dagrun for dataset_with_extra_by_yield to 2025-03-26 00:00:00+00:00, run_after=2025-03-27 00:00:00+00:00
[2025-03-27T07:40:06.196+0530] {logging_mixin.py:190} INFO - [2025-03-27T07:40:06.196+0530] {dag.py:4180} INFO - Setting next_dagrun for dataset_with_extra_from_classic_operator to 2025-03-26 00:00:00+00:00, run_after=2025-03-27 00:00:00+00:00
[2025-03-27T07:40:06.471+0530] {processor.py:208} INFO - Processing /Users/uk/miniforge3/lib/python3.10/site-packages/airflow/example_dags/example_outlet_event_extra.py took 0.443 seconds
[2025-03-27T07:41:53.834+0530] {processor.py:186} INFO - Started process (PID=17558) to work on /Users/uk/miniforge3/lib/python3.10/site-packages/airflow/example_dags/example_outlet_event_extra.py
[2025-03-27T07:41:53.835+0530] {processor.py:914} INFO - Processing file /Users/uk/miniforge3/lib/python3.10/site-packages/airflow/example_dags/example_outlet_event_extra.py for tasks to queue
[2025-03-27T07:41:53.836+0530] {logging_mixin.py:190} INFO - [2025-03-27T07:41:53.836+0530] {dagbag.py:588} INFO - Filling up the DagBag from /Users/uk/miniforge3/lib/python3.10/site-packages/airflow/example_dags/example_outlet_event_extra.py
[2025-03-27T07:41:53.881+0530] {processor.py:925} INFO - DAG(s) 'dataset_with_extra_from_classic_operator', 'dataset_with_extra_by_context', 'dataset_with_extra_by_yield' retrieved from /Users/uk/miniforge3/lib/python3.10/site-packages/airflow/example_dags/example_outlet_event_extra.py
[2025-03-27T07:41:53.920+0530] {logging_mixin.py:190} INFO - [2025-03-27T07:41:53.920+0530] {dag.py:3239} INFO - Sync 3 DAGs
[2025-03-27T07:41:53.928+0530] {logging_mixin.py:190} INFO - [2025-03-27T07:41:53.928+0530] {dag.py:4180} INFO - Setting next_dagrun for dataset_with_extra_by_context to 2025-03-26 00:00:00+00:00, run_after=2025-03-27 00:00:00+00:00
[2025-03-27T07:41:53.932+0530] {logging_mixin.py:190} INFO - [2025-03-27T07:41:53.932+0530] {dag.py:4180} INFO - Setting next_dagrun for dataset_with_extra_by_yield to 2025-03-26 00:00:00+00:00, run_after=2025-03-27 00:00:00+00:00
[2025-03-27T07:41:53.933+0530] {logging_mixin.py:190} INFO - [2025-03-27T07:41:53.933+0530] {dag.py:4180} INFO - Setting next_dagrun for dataset_with_extra_from_classic_operator to 2025-03-26 00:00:00+00:00, run_after=2025-03-27 00:00:00+00:00
[2025-03-27T07:41:53.941+0530] {processor.py:208} INFO - Processing /Users/uk/miniforge3/lib/python3.10/site-packages/airflow/example_dags/example_outlet_event_extra.py took 0.108 seconds
[2025-03-27T07:44:24.247+0530] {processor.py:186} INFO - Started process (PID=17975) to work on /Users/uk/miniforge3/lib/python3.10/site-packages/airflow/example_dags/example_outlet_event_extra.py
[2025-03-27T07:44:24.247+0530] {processor.py:914} INFO - Processing file /Users/uk/miniforge3/lib/python3.10/site-packages/airflow/example_dags/example_outlet_event_extra.py for tasks to queue
[2025-03-27T07:44:24.248+0530] {logging_mixin.py:190} INFO - [2025-03-27T07:44:24.248+0530] {dagbag.py:588} INFO - Filling up the DagBag from /Users/uk/miniforge3/lib/python3.10/site-packages/airflow/example_dags/example_outlet_event_extra.py
[2025-03-27T07:44:24.293+0530] {processor.py:925} INFO - DAG(s) 'dataset_with_extra_by_context', 'dataset_with_extra_by_yield', 'dataset_with_extra_from_classic_operator' retrieved from /Users/uk/miniforge3/lib/python3.10/site-packages/airflow/example_dags/example_outlet_event_extra.py
[2025-03-27T07:44:24.333+0530] {logging_mixin.py:190} INFO - [2025-03-27T07:44:24.333+0530] {dag.py:3239} INFO - Sync 3 DAGs
[2025-03-27T07:44:24.340+0530] {logging_mixin.py:190} INFO - [2025-03-27T07:44:24.340+0530] {dag.py:4180} INFO - Setting next_dagrun for dataset_with_extra_by_context to 2025-03-26 00:00:00+00:00, run_after=2025-03-27 00:00:00+00:00
[2025-03-27T07:44:24.341+0530] {logging_mixin.py:190} INFO - [2025-03-27T07:44:24.341+0530] {dag.py:4180} INFO - Setting next_dagrun for dataset_with_extra_by_yield to 2025-03-26 00:00:00+00:00, run_after=2025-03-27 00:00:00+00:00
[2025-03-27T07:44:24.342+0530] {logging_mixin.py:190} INFO - [2025-03-27T07:44:24.342+0530] {dag.py:4180} INFO - Setting next_dagrun for dataset_with_extra_from_classic_operator to 2025-03-26 00:00:00+00:00, run_after=2025-03-27 00:00:00+00:00
[2025-03-27T07:44:24.350+0530] {processor.py:208} INFO - Processing /Users/uk/miniforge3/lib/python3.10/site-packages/airflow/example_dags/example_outlet_event_extra.py took 0.105 seconds
[2025-03-27T07:46:52.735+0530] {processor.py:186} INFO - Started process (PID=18309) to work on /Users/uk/miniforge3/lib/python3.10/site-packages/airflow/example_dags/example_outlet_event_extra.py
[2025-03-27T07:46:52.735+0530] {processor.py:914} INFO - Processing file /Users/uk/miniforge3/lib/python3.10/site-packages/airflow/example_dags/example_outlet_event_extra.py for tasks to queue
[2025-03-27T07:46:52.736+0530] {logging_mixin.py:190} INFO - [2025-03-27T07:46:52.735+0530] {dagbag.py:588} INFO - Filling up the DagBag from /Users/uk/miniforge3/lib/python3.10/site-packages/airflow/example_dags/example_outlet_event_extra.py
[2025-03-27T07:46:52.780+0530] {processor.py:925} INFO - DAG(s) 'dataset_with_extra_by_context', 'dataset_with_extra_by_yield', 'dataset_with_extra_from_classic_operator' retrieved from /Users/uk/miniforge3/lib/python3.10/site-packages/airflow/example_dags/example_outlet_event_extra.py
[2025-03-27T07:46:52.821+0530] {logging_mixin.py:190} INFO - [2025-03-27T07:46:52.821+0530] {dag.py:3239} INFO - Sync 3 DAGs
[2025-03-27T07:46:52.828+0530] {logging_mixin.py:190} INFO - [2025-03-27T07:46:52.828+0530] {dag.py:4180} INFO - Setting next_dagrun for dataset_with_extra_by_context to 2025-03-26 00:00:00+00:00, run_after=2025-03-27 00:00:00+00:00
[2025-03-27T07:46:52.830+0530] {logging_mixin.py:190} INFO - [2025-03-27T07:46:52.830+0530] {dag.py:4180} INFO - Setting next_dagrun for dataset_with_extra_by_yield to 2025-03-26 00:00:00+00:00, run_after=2025-03-27 00:00:00+00:00
[2025-03-27T07:46:52.831+0530] {logging_mixin.py:190} INFO - [2025-03-27T07:46:52.831+0530] {dag.py:4180} INFO - Setting next_dagrun for dataset_with_extra_from_classic_operator to 2025-03-26 00:00:00+00:00, run_after=2025-03-27 00:00:00+00:00
[2025-03-27T07:46:52.838+0530] {processor.py:208} INFO - Processing /Users/uk/miniforge3/lib/python3.10/site-packages/airflow/example_dags/example_outlet_event_extra.py took 0.104 seconds
[2025-03-27T07:48:41.100+0530] {processor.py:186} INFO - Started process (PID=18494) to work on /Users/uk/miniforge3/lib/python3.10/site-packages/airflow/example_dags/example_outlet_event_extra.py
[2025-03-27T07:48:41.100+0530] {processor.py:914} INFO - Processing file /Users/uk/miniforge3/lib/python3.10/site-packages/airflow/example_dags/example_outlet_event_extra.py for tasks to queue
[2025-03-27T07:48:41.101+0530] {logging_mixin.py:190} INFO - [2025-03-27T07:48:41.101+0530] {dagbag.py:588} INFO - Filling up the DagBag from /Users/uk/miniforge3/lib/python3.10/site-packages/airflow/example_dags/example_outlet_event_extra.py
[2025-03-27T07:48:41.188+0530] {processor.py:925} INFO - DAG(s) 'dataset_with_extra_from_classic_operator', 'dataset_with_extra_by_context', 'dataset_with_extra_by_yield' retrieved from /Users/uk/miniforge3/lib/python3.10/site-packages/airflow/example_dags/example_outlet_event_extra.py
[2025-03-27T07:48:41.241+0530] {logging_mixin.py:190} INFO - [2025-03-27T07:48:41.241+0530] {dag.py:3239} INFO - Sync 3 DAGs
[2025-03-27T07:48:41.251+0530] {logging_mixin.py:190} INFO - [2025-03-27T07:48:41.251+0530] {dag.py:4180} INFO - Setting next_dagrun for dataset_with_extra_by_context to 2025-03-26 00:00:00+00:00, run_after=2025-03-27 00:00:00+00:00
[2025-03-27T07:48:41.253+0530] {logging_mixin.py:190} INFO - [2025-03-27T07:48:41.253+0530] {dag.py:4180} INFO - Setting next_dagrun for dataset_with_extra_by_yield to 2025-03-26 00:00:00+00:00, run_after=2025-03-27 00:00:00+00:00
[2025-03-27T07:48:41.254+0530] {logging_mixin.py:190} INFO - [2025-03-27T07:48:41.253+0530] {dag.py:4180} INFO - Setting next_dagrun for dataset_with_extra_from_classic_operator to 2025-03-26 00:00:00+00:00, run_after=2025-03-27 00:00:00+00:00
[2025-03-27T07:48:41.263+0530] {processor.py:208} INFO - Processing /Users/uk/miniforge3/lib/python3.10/site-packages/airflow/example_dags/example_outlet_event_extra.py took 0.165 seconds
[2025-03-27T07:51:13.769+0530] {processor.py:186} INFO - Started process (PID=19107) to work on /Users/uk/miniforge3/lib/python3.10/site-packages/airflow/example_dags/example_outlet_event_extra.py
[2025-03-27T07:51:13.769+0530] {processor.py:914} INFO - Processing file /Users/uk/miniforge3/lib/python3.10/site-packages/airflow/example_dags/example_outlet_event_extra.py for tasks to queue
[2025-03-27T07:51:13.770+0530] {logging_mixin.py:190} INFO - [2025-03-27T07:51:13.770+0530] {dagbag.py:588} INFO - Filling up the DagBag from /Users/uk/miniforge3/lib/python3.10/site-packages/airflow/example_dags/example_outlet_event_extra.py
[2025-03-27T07:51:13.814+0530] {processor.py:925} INFO - DAG(s) 'dataset_with_extra_by_context', 'dataset_with_extra_from_classic_operator', 'dataset_with_extra_by_yield' retrieved from /Users/uk/miniforge3/lib/python3.10/site-packages/airflow/example_dags/example_outlet_event_extra.py
[2025-03-27T07:51:13.853+0530] {logging_mixin.py:190} INFO - [2025-03-27T07:51:13.853+0530] {dag.py:3239} INFO - Sync 3 DAGs
[2025-03-27T07:51:13.860+0530] {logging_mixin.py:190} INFO - [2025-03-27T07:51:13.860+0530] {dag.py:4180} INFO - Setting next_dagrun for dataset_with_extra_by_context to 2025-03-26 00:00:00+00:00, run_after=2025-03-27 00:00:00+00:00
[2025-03-27T07:51:13.862+0530] {logging_mixin.py:190} INFO - [2025-03-27T07:51:13.862+0530] {dag.py:4180} INFO - Setting next_dagrun for dataset_with_extra_by_yield to 2025-03-26 00:00:00+00:00, run_after=2025-03-27 00:00:00+00:00
[2025-03-27T07:51:13.863+0530] {logging_mixin.py:190} INFO - [2025-03-27T07:51:13.863+0530] {dag.py:4180} INFO - Setting next_dagrun for dataset_with_extra_from_classic_operator to 2025-03-26 00:00:00+00:00, run_after=2025-03-27 00:00:00+00:00
[2025-03-27T07:51:13.870+0530] {processor.py:208} INFO - Processing /Users/uk/miniforge3/lib/python3.10/site-packages/airflow/example_dags/example_outlet_event_extra.py took 0.102 seconds
[2025-03-27T07:55:15.475+0530] {processor.py:186} INFO - Started process (PID=20285) to work on /Users/uk/miniforge3/lib/python3.10/site-packages/airflow/example_dags/example_outlet_event_extra.py
[2025-03-27T07:55:15.475+0530] {processor.py:914} INFO - Processing file /Users/uk/miniforge3/lib/python3.10/site-packages/airflow/example_dags/example_outlet_event_extra.py for tasks to queue
[2025-03-27T07:55:15.476+0530] {logging_mixin.py:190} INFO - [2025-03-27T07:55:15.476+0530] {dagbag.py:588} INFO - Filling up the DagBag from /Users/uk/miniforge3/lib/python3.10/site-packages/airflow/example_dags/example_outlet_event_extra.py
[2025-03-27T07:55:15.519+0530] {processor.py:925} INFO - DAG(s) 'dataset_with_extra_from_classic_operator', 'dataset_with_extra_by_context', 'dataset_with_extra_by_yield' retrieved from /Users/uk/miniforge3/lib/python3.10/site-packages/airflow/example_dags/example_outlet_event_extra.py
[2025-03-27T07:55:15.558+0530] {logging_mixin.py:190} INFO - [2025-03-27T07:55:15.557+0530] {dag.py:3239} INFO - Sync 3 DAGs
[2025-03-27T07:55:15.565+0530] {logging_mixin.py:190} INFO - [2025-03-27T07:55:15.565+0530] {dag.py:4180} INFO - Setting next_dagrun for dataset_with_extra_by_context to 2025-03-26 00:00:00+00:00, run_after=2025-03-27 00:00:00+00:00
[2025-03-27T07:55:15.567+0530] {logging_mixin.py:190} INFO - [2025-03-27T07:55:15.567+0530] {dag.py:4180} INFO - Setting next_dagrun for dataset_with_extra_by_yield to 2025-03-26 00:00:00+00:00, run_after=2025-03-27 00:00:00+00:00
[2025-03-27T07:55:15.567+0530] {logging_mixin.py:190} INFO - [2025-03-27T07:55:15.567+0530] {dag.py:4180} INFO - Setting next_dagrun for dataset_with_extra_from_classic_operator to 2025-03-26 00:00:00+00:00, run_after=2025-03-27 00:00:00+00:00
[2025-03-27T07:55:15.574+0530] {processor.py:208} INFO - Processing /Users/uk/miniforge3/lib/python3.10/site-packages/airflow/example_dags/example_outlet_event_extra.py took 0.101 seconds
[2025-03-27T07:57:00.209+0530] {processor.py:186} INFO - Started process (PID=20515) to work on /Users/uk/miniforge3/lib/python3.10/site-packages/airflow/example_dags/example_outlet_event_extra.py
[2025-03-27T07:57:00.210+0530] {processor.py:914} INFO - Processing file /Users/uk/miniforge3/lib/python3.10/site-packages/airflow/example_dags/example_outlet_event_extra.py for tasks to queue
[2025-03-27T07:57:00.210+0530] {logging_mixin.py:190} INFO - [2025-03-27T07:57:00.210+0530] {dagbag.py:588} INFO - Filling up the DagBag from /Users/uk/miniforge3/lib/python3.10/site-packages/airflow/example_dags/example_outlet_event_extra.py
[2025-03-27T07:57:00.255+0530] {processor.py:925} INFO - DAG(s) 'dataset_with_extra_from_classic_operator', 'dataset_with_extra_by_context', 'dataset_with_extra_by_yield' retrieved from /Users/uk/miniforge3/lib/python3.10/site-packages/airflow/example_dags/example_outlet_event_extra.py
[2025-03-27T07:57:00.295+0530] {logging_mixin.py:190} INFO - [2025-03-27T07:57:00.294+0530] {dag.py:3239} INFO - Sync 3 DAGs
[2025-03-27T07:57:00.301+0530] {logging_mixin.py:190} INFO - [2025-03-27T07:57:00.301+0530] {dag.py:4180} INFO - Setting next_dagrun for dataset_with_extra_by_context to 2025-03-26 00:00:00+00:00, run_after=2025-03-27 00:00:00+00:00
[2025-03-27T07:57:00.303+0530] {logging_mixin.py:190} INFO - [2025-03-27T07:57:00.303+0530] {dag.py:4180} INFO - Setting next_dagrun for dataset_with_extra_by_yield to 2025-03-26 00:00:00+00:00, run_after=2025-03-27 00:00:00+00:00
[2025-03-27T07:57:00.304+0530] {logging_mixin.py:190} INFO - [2025-03-27T07:57:00.304+0530] {dag.py:4180} INFO - Setting next_dagrun for dataset_with_extra_from_classic_operator to 2025-03-26 00:00:00+00:00, run_after=2025-03-27 00:00:00+00:00
[2025-03-27T07:57:00.324+0530] {processor.py:208} INFO - Processing /Users/uk/miniforge3/lib/python3.10/site-packages/airflow/example_dags/example_outlet_event_extra.py took 0.116 seconds
[2025-03-27T07:59:34.703+0530] {processor.py:186} INFO - Started process (PID=20831) to work on /Users/uk/miniforge3/lib/python3.10/site-packages/airflow/example_dags/example_outlet_event_extra.py
[2025-03-27T07:59:34.704+0530] {processor.py:914} INFO - Processing file /Users/uk/miniforge3/lib/python3.10/site-packages/airflow/example_dags/example_outlet_event_extra.py for tasks to queue
[2025-03-27T07:59:34.704+0530] {logging_mixin.py:190} INFO - [2025-03-27T07:59:34.704+0530] {dagbag.py:588} INFO - Filling up the DagBag from /Users/uk/miniforge3/lib/python3.10/site-packages/airflow/example_dags/example_outlet_event_extra.py
[2025-03-27T07:59:34.750+0530] {processor.py:925} INFO - DAG(s) 'dataset_with_extra_by_context', 'dataset_with_extra_by_yield', 'dataset_with_extra_from_classic_operator' retrieved from /Users/uk/miniforge3/lib/python3.10/site-packages/airflow/example_dags/example_outlet_event_extra.py
[2025-03-27T07:59:34.791+0530] {logging_mixin.py:190} INFO - [2025-03-27T07:59:34.791+0530] {dag.py:3239} INFO - Sync 3 DAGs
[2025-03-27T07:59:34.799+0530] {logging_mixin.py:190} INFO - [2025-03-27T07:59:34.799+0530] {dag.py:4180} INFO - Setting next_dagrun for dataset_with_extra_by_context to 2025-03-26 00:00:00+00:00, run_after=2025-03-27 00:00:00+00:00
[2025-03-27T07:59:34.801+0530] {logging_mixin.py:190} INFO - [2025-03-27T07:59:34.801+0530] {dag.py:4180} INFO - Setting next_dagrun for dataset_with_extra_by_yield to 2025-03-26 00:00:00+00:00, run_after=2025-03-27 00:00:00+00:00
[2025-03-27T07:59:34.801+0530] {logging_mixin.py:190} INFO - [2025-03-27T07:59:34.801+0530] {dag.py:4180} INFO - Setting next_dagrun for dataset_with_extra_from_classic_operator to 2025-03-26 00:00:00+00:00, run_after=2025-03-27 00:00:00+00:00
[2025-03-27T07:59:34.808+0530] {processor.py:208} INFO - Processing /Users/uk/miniforge3/lib/python3.10/site-packages/airflow/example_dags/example_outlet_event_extra.py took 0.106 seconds
[2025-03-27T08:02:05.915+0530] {processor.py:186} INFO - Started process (PID=21119) to work on /Users/uk/miniforge3/lib/python3.10/site-packages/airflow/example_dags/example_outlet_event_extra.py
[2025-03-27T08:02:05.916+0530] {processor.py:914} INFO - Processing file /Users/uk/miniforge3/lib/python3.10/site-packages/airflow/example_dags/example_outlet_event_extra.py for tasks to queue
[2025-03-27T08:02:05.917+0530] {logging_mixin.py:190} INFO - [2025-03-27T08:02:05.917+0530] {dagbag.py:588} INFO - Filling up the DagBag from /Users/uk/miniforge3/lib/python3.10/site-packages/airflow/example_dags/example_outlet_event_extra.py
[2025-03-27T08:02:05.962+0530] {processor.py:925} INFO - DAG(s) 'dataset_with_extra_from_classic_operator', 'dataset_with_extra_by_yield', 'dataset_with_extra_by_context' retrieved from /Users/uk/miniforge3/lib/python3.10/site-packages/airflow/example_dags/example_outlet_event_extra.py
[2025-03-27T08:02:06.001+0530] {logging_mixin.py:190} INFO - [2025-03-27T08:02:06.001+0530] {dag.py:3239} INFO - Sync 3 DAGs
[2025-03-27T08:02:06.010+0530] {logging_mixin.py:190} INFO - [2025-03-27T08:02:06.010+0530] {dag.py:4180} INFO - Setting next_dagrun for dataset_with_extra_by_context to 2025-03-26 00:00:00+00:00, run_after=2025-03-27 00:00:00+00:00
[2025-03-27T08:02:06.012+0530] {logging_mixin.py:190} INFO - [2025-03-27T08:02:06.012+0530] {dag.py:4180} INFO - Setting next_dagrun for dataset_with_extra_by_yield to 2025-03-26 00:00:00+00:00, run_after=2025-03-27 00:00:00+00:00
[2025-03-27T08:02:06.012+0530] {logging_mixin.py:190} INFO - [2025-03-27T08:02:06.012+0530] {dag.py:4180} INFO - Setting next_dagrun for dataset_with_extra_from_classic_operator to 2025-03-26 00:00:00+00:00, run_after=2025-03-27 00:00:00+00:00
[2025-03-27T08:02:06.021+0530] {processor.py:208} INFO - Processing /Users/uk/miniforge3/lib/python3.10/site-packages/airflow/example_dags/example_outlet_event_extra.py took 0.107 seconds
[2025-03-27T08:04:35.955+0530] {processor.py:186} INFO - Started process (PID=21401) to work on /Users/uk/miniforge3/lib/python3.10/site-packages/airflow/example_dags/example_outlet_event_extra.py
[2025-03-27T08:04:35.956+0530] {processor.py:914} INFO - Processing file /Users/uk/miniforge3/lib/python3.10/site-packages/airflow/example_dags/example_outlet_event_extra.py for tasks to queue
[2025-03-27T08:04:35.956+0530] {logging_mixin.py:190} INFO - [2025-03-27T08:04:35.956+0530] {dagbag.py:588} INFO - Filling up the DagBag from /Users/uk/miniforge3/lib/python3.10/site-packages/airflow/example_dags/example_outlet_event_extra.py
[2025-03-27T08:04:36.001+0530] {processor.py:925} INFO - DAG(s) 'dataset_with_extra_by_context', 'dataset_with_extra_by_yield', 'dataset_with_extra_from_classic_operator' retrieved from /Users/uk/miniforge3/lib/python3.10/site-packages/airflow/example_dags/example_outlet_event_extra.py
[2025-03-27T08:04:36.041+0530] {logging_mixin.py:190} INFO - [2025-03-27T08:04:36.041+0530] {dag.py:3239} INFO - Sync 3 DAGs
[2025-03-27T08:04:36.048+0530] {logging_mixin.py:190} INFO - [2025-03-27T08:04:36.048+0530] {dag.py:4180} INFO - Setting next_dagrun for dataset_with_extra_by_context to 2025-03-26 00:00:00+00:00, run_after=2025-03-27 00:00:00+00:00
[2025-03-27T08:04:36.050+0530] {logging_mixin.py:190} INFO - [2025-03-27T08:04:36.049+0530] {dag.py:4180} INFO - Setting next_dagrun for dataset_with_extra_by_yield to 2025-03-26 00:00:00+00:00, run_after=2025-03-27 00:00:00+00:00
[2025-03-27T08:04:36.050+0530] {logging_mixin.py:190} INFO - [2025-03-27T08:04:36.050+0530] {dag.py:4180} INFO - Setting next_dagrun for dataset_with_extra_from_classic_operator to 2025-03-26 00:00:00+00:00, run_after=2025-03-27 00:00:00+00:00
[2025-03-27T08:04:36.057+0530] {processor.py:208} INFO - Processing /Users/uk/miniforge3/lib/python3.10/site-packages/airflow/example_dags/example_outlet_event_extra.py took 0.104 seconds
[2025-03-27T08:07:05.057+0530] {processor.py:186} INFO - Started process (PID=21652) to work on /Users/uk/miniforge3/lib/python3.10/site-packages/airflow/example_dags/example_outlet_event_extra.py
[2025-03-27T08:07:05.058+0530] {processor.py:914} INFO - Processing file /Users/uk/miniforge3/lib/python3.10/site-packages/airflow/example_dags/example_outlet_event_extra.py for tasks to queue
[2025-03-27T08:07:05.058+0530] {logging_mixin.py:190} INFO - [2025-03-27T08:07:05.058+0530] {dagbag.py:588} INFO - Filling up the DagBag from /Users/uk/miniforge3/lib/python3.10/site-packages/airflow/example_dags/example_outlet_event_extra.py
[2025-03-27T08:07:05.128+0530] {processor.py:925} INFO - DAG(s) 'dataset_with_extra_by_yield', 'dataset_with_extra_by_context', 'dataset_with_extra_from_classic_operator' retrieved from /Users/uk/miniforge3/lib/python3.10/site-packages/airflow/example_dags/example_outlet_event_extra.py
[2025-03-27T08:07:05.177+0530] {logging_mixin.py:190} INFO - [2025-03-27T08:07:05.177+0530] {dag.py:3239} INFO - Sync 3 DAGs
[2025-03-27T08:07:05.186+0530] {logging_mixin.py:190} INFO - [2025-03-27T08:07:05.186+0530] {dag.py:4180} INFO - Setting next_dagrun for dataset_with_extra_by_context to 2025-03-26 00:00:00+00:00, run_after=2025-03-27 00:00:00+00:00
[2025-03-27T08:07:05.188+0530] {logging_mixin.py:190} INFO - [2025-03-27T08:07:05.188+0530] {dag.py:4180} INFO - Setting next_dagrun for dataset_with_extra_by_yield to 2025-03-26 00:00:00+00:00, run_after=2025-03-27 00:00:00+00:00
[2025-03-27T08:07:05.189+0530] {logging_mixin.py:190} INFO - [2025-03-27T08:07:05.188+0530] {dag.py:4180} INFO - Setting next_dagrun for dataset_with_extra_from_classic_operator to 2025-03-26 00:00:00+00:00, run_after=2025-03-27 00:00:00+00:00
[2025-03-27T08:07:05.196+0530] {processor.py:208} INFO - Processing /Users/uk/miniforge3/lib/python3.10/site-packages/airflow/example_dags/example_outlet_event_extra.py took 0.141 seconds
[2025-03-27T08:09:47.829+0530] {processor.py:186} INFO - Started process (PID=21979) to work on /Users/uk/miniforge3/lib/python3.10/site-packages/airflow/example_dags/example_outlet_event_extra.py
[2025-03-27T08:09:47.830+0530] {processor.py:914} INFO - Processing file /Users/uk/miniforge3/lib/python3.10/site-packages/airflow/example_dags/example_outlet_event_extra.py for tasks to queue
[2025-03-27T08:09:47.830+0530] {logging_mixin.py:190} INFO - [2025-03-27T08:09:47.830+0530] {dagbag.py:588} INFO - Filling up the DagBag from /Users/uk/miniforge3/lib/python3.10/site-packages/airflow/example_dags/example_outlet_event_extra.py
[2025-03-27T08:09:47.875+0530] {processor.py:925} INFO - DAG(s) 'dataset_with_extra_by_context', 'dataset_with_extra_by_yield', 'dataset_with_extra_from_classic_operator' retrieved from /Users/uk/miniforge3/lib/python3.10/site-packages/airflow/example_dags/example_outlet_event_extra.py
[2025-03-27T08:09:47.914+0530] {logging_mixin.py:190} INFO - [2025-03-27T08:09:47.914+0530] {dag.py:3239} INFO - Sync 3 DAGs
[2025-03-27T08:09:47.922+0530] {logging_mixin.py:190} INFO - [2025-03-27T08:09:47.922+0530] {dag.py:4180} INFO - Setting next_dagrun for dataset_with_extra_by_context to 2025-03-26 00:00:00+00:00, run_after=2025-03-27 00:00:00+00:00
[2025-03-27T08:09:47.923+0530] {logging_mixin.py:190} INFO - [2025-03-27T08:09:47.923+0530] {dag.py:4180} INFO - Setting next_dagrun for dataset_with_extra_by_yield to 2025-03-26 00:00:00+00:00, run_after=2025-03-27 00:00:00+00:00
[2025-03-27T08:09:47.924+0530] {logging_mixin.py:190} INFO - [2025-03-27T08:09:47.924+0530] {dag.py:4180} INFO - Setting next_dagrun for dataset_with_extra_from_classic_operator to 2025-03-26 00:00:00+00:00, run_after=2025-03-27 00:00:00+00:00
[2025-03-27T08:09:47.931+0530] {processor.py:208} INFO - Processing /Users/uk/miniforge3/lib/python3.10/site-packages/airflow/example_dags/example_outlet_event_extra.py took 0.103 seconds
