[2025-03-27T07:06:42.672+0530] {processor.py:186} INFO - Started process (PID=13201) to work on /Users/uk/miniforge3/lib/python3.10/site-packages/airflow/example_dags/example_skip_dag.py
[2025-03-27T07:06:42.672+0530] {processor.py:914} INFO - Processing file /Users/uk/miniforge3/lib/python3.10/site-packages/airflow/example_dags/example_skip_dag.py for tasks to queue
[2025-03-27T07:06:42.673+0530] {logging_mixin.py:190} INFO - [2025-03-27T07:06:42.672+0530] {dagbag.py:588} INFO - Filling up the DagBag from /Users/uk/miniforge3/lib/python3.10/site-packages/airflow/example_dags/example_skip_dag.py
[2025-03-27T07:06:42.675+0530] {processor.py:925} INFO - DAG(s) 'example_skip_dag' retrieved from /Users/uk/miniforge3/lib/python3.10/site-packages/airflow/example_dags/example_skip_dag.py
[2025-03-27T07:06:42.714+0530] {logging_mixin.py:190} INFO - [2025-03-27T07:06:42.714+0530] {dag.py:3239} INFO - Sync 1 DAGs
[2025-03-27T07:06:42.722+0530] {logging_mixin.py:190} INFO - [2025-03-27T07:06:42.721+0530] {dag.py:4180} INFO - Setting next_dagrun for example_skip_dag to 2025-03-26 00:00:00+00:00, run_after=2025-03-27 00:00:00+00:00
[2025-03-27T07:06:42.727+0530] {processor.py:208} INFO - Processing /Users/uk/miniforge3/lib/python3.10/site-packages/airflow/example_dags/example_skip_dag.py took 0.057 seconds
[2025-03-27T07:08:13.349+0530] {processor.py:186} INFO - Started process (PID=13500) to work on /Users/uk/miniforge3/lib/python3.10/site-packages/airflow/example_dags/example_skip_dag.py
[2025-03-27T07:08:13.350+0530] {processor.py:914} INFO - Processing file /Users/uk/miniforge3/lib/python3.10/site-packages/airflow/example_dags/example_skip_dag.py for tasks to queue
[2025-03-27T07:08:13.350+0530] {logging_mixin.py:190} INFO - [2025-03-27T07:08:13.350+0530] {dagbag.py:588} INFO - Filling up the DagBag from /Users/uk/miniforge3/lib/python3.10/site-packages/airflow/example_dags/example_skip_dag.py
[2025-03-27T07:08:13.353+0530] {processor.py:925} INFO - DAG(s) 'example_skip_dag' retrieved from /Users/uk/miniforge3/lib/python3.10/site-packages/airflow/example_dags/example_skip_dag.py
[2025-03-27T07:08:13.392+0530] {logging_mixin.py:190} INFO - [2025-03-27T07:08:13.392+0530] {dag.py:3239} INFO - Sync 1 DAGs
[2025-03-27T07:08:13.399+0530] {logging_mixin.py:190} INFO - [2025-03-27T07:08:13.399+0530] {dag.py:4180} INFO - Setting next_dagrun for example_skip_dag to 2025-03-26 00:00:00+00:00, run_after=2025-03-27 00:00:00+00:00
[2025-03-27T07:08:13.404+0530] {processor.py:208} INFO - Processing /Users/uk/miniforge3/lib/python3.10/site-packages/airflow/example_dags/example_skip_dag.py took 0.057 seconds
[2025-03-27T07:09:34.608+0530] {processor.py:186} INFO - Started process (PID=13632) to work on /Users/uk/miniforge3/lib/python3.10/site-packages/airflow/example_dags/example_skip_dag.py
[2025-03-27T07:09:34.608+0530] {processor.py:914} INFO - Processing file /Users/uk/miniforge3/lib/python3.10/site-packages/airflow/example_dags/example_skip_dag.py for tasks to queue
[2025-03-27T07:09:34.609+0530] {logging_mixin.py:190} INFO - [2025-03-27T07:09:34.609+0530] {dagbag.py:588} INFO - Filling up the DagBag from /Users/uk/miniforge3/lib/python3.10/site-packages/airflow/example_dags/example_skip_dag.py
[2025-03-27T07:09:34.612+0530] {processor.py:925} INFO - DAG(s) 'example_skip_dag' retrieved from /Users/uk/miniforge3/lib/python3.10/site-packages/airflow/example_dags/example_skip_dag.py
[2025-03-27T07:09:34.651+0530] {logging_mixin.py:190} INFO - [2025-03-27T07:09:34.651+0530] {dag.py:3239} INFO - Sync 1 DAGs
[2025-03-27T07:09:34.658+0530] {logging_mixin.py:190} INFO - [2025-03-27T07:09:34.658+0530] {dag.py:4180} INFO - Setting next_dagrun for example_skip_dag to 2025-03-26 00:00:00+00:00, run_after=2025-03-27 00:00:00+00:00
[2025-03-27T07:09:34.664+0530] {processor.py:208} INFO - Processing /Users/uk/miniforge3/lib/python3.10/site-packages/airflow/example_dags/example_skip_dag.py took 0.057 seconds
[2025-03-27T07:11:04.346+0530] {processor.py:186} INFO - Started process (PID=13800) to work on /Users/uk/miniforge3/lib/python3.10/site-packages/airflow/example_dags/example_skip_dag.py
[2025-03-27T07:11:04.347+0530] {processor.py:914} INFO - Processing file /Users/uk/miniforge3/lib/python3.10/site-packages/airflow/example_dags/example_skip_dag.py for tasks to queue
[2025-03-27T07:11:04.348+0530] {logging_mixin.py:190} INFO - [2025-03-27T07:11:04.348+0530] {dagbag.py:588} INFO - Filling up the DagBag from /Users/uk/miniforge3/lib/python3.10/site-packages/airflow/example_dags/example_skip_dag.py
[2025-03-27T07:11:04.351+0530] {processor.py:925} INFO - DAG(s) 'example_skip_dag' retrieved from /Users/uk/miniforge3/lib/python3.10/site-packages/airflow/example_dags/example_skip_dag.py
[2025-03-27T07:11:04.399+0530] {logging_mixin.py:190} INFO - [2025-03-27T07:11:04.399+0530] {dag.py:3239} INFO - Sync 1 DAGs
[2025-03-27T07:11:04.408+0530] {logging_mixin.py:190} INFO - [2025-03-27T07:11:04.408+0530] {dag.py:4180} INFO - Setting next_dagrun for example_skip_dag to 2025-03-26 00:00:00+00:00, run_after=2025-03-27 00:00:00+00:00
[2025-03-27T07:11:04.416+0530] {processor.py:208} INFO - Processing /Users/uk/miniforge3/lib/python3.10/site-packages/airflow/example_dags/example_skip_dag.py took 0.071 seconds
[2025-03-27T07:12:26.067+0530] {processor.py:186} INFO - Started process (PID=13930) to work on /Users/uk/miniforge3/lib/python3.10/site-packages/airflow/example_dags/example_skip_dag.py
[2025-03-27T07:12:26.068+0530] {processor.py:914} INFO - Processing file /Users/uk/miniforge3/lib/python3.10/site-packages/airflow/example_dags/example_skip_dag.py for tasks to queue
[2025-03-27T07:12:26.068+0530] {logging_mixin.py:190} INFO - [2025-03-27T07:12:26.068+0530] {dagbag.py:588} INFO - Filling up the DagBag from /Users/uk/miniforge3/lib/python3.10/site-packages/airflow/example_dags/example_skip_dag.py
[2025-03-27T07:12:26.071+0530] {processor.py:925} INFO - DAG(s) 'example_skip_dag' retrieved from /Users/uk/miniforge3/lib/python3.10/site-packages/airflow/example_dags/example_skip_dag.py
[2025-03-27T07:12:26.114+0530] {logging_mixin.py:190} INFO - [2025-03-27T07:12:26.113+0530] {dag.py:3239} INFO - Sync 1 DAGs
[2025-03-27T07:12:26.121+0530] {logging_mixin.py:190} INFO - [2025-03-27T07:12:26.121+0530] {dag.py:4180} INFO - Setting next_dagrun for example_skip_dag to 2025-03-26 00:00:00+00:00, run_after=2025-03-27 00:00:00+00:00
[2025-03-27T07:12:26.128+0530] {processor.py:208} INFO - Processing /Users/uk/miniforge3/lib/python3.10/site-packages/airflow/example_dags/example_skip_dag.py took 0.062 seconds
[2025-03-27T07:13:39.262+0530] {processor.py:186} INFO - Started process (PID=14070) to work on /Users/uk/miniforge3/lib/python3.10/site-packages/airflow/example_dags/example_skip_dag.py
[2025-03-27T07:13:39.263+0530] {processor.py:914} INFO - Processing file /Users/uk/miniforge3/lib/python3.10/site-packages/airflow/example_dags/example_skip_dag.py for tasks to queue
[2025-03-27T07:13:39.263+0530] {logging_mixin.py:190} INFO - [2025-03-27T07:13:39.263+0530] {dagbag.py:588} INFO - Filling up the DagBag from /Users/uk/miniforge3/lib/python3.10/site-packages/airflow/example_dags/example_skip_dag.py
[2025-03-27T07:13:39.266+0530] {processor.py:925} INFO - DAG(s) 'example_skip_dag' retrieved from /Users/uk/miniforge3/lib/python3.10/site-packages/airflow/example_dags/example_skip_dag.py
[2025-03-27T07:13:39.306+0530] {logging_mixin.py:190} INFO - [2025-03-27T07:13:39.306+0530] {dag.py:3239} INFO - Sync 1 DAGs
[2025-03-27T07:13:39.313+0530] {logging_mixin.py:190} INFO - [2025-03-27T07:13:39.313+0530] {dag.py:4180} INFO - Setting next_dagrun for example_skip_dag to 2025-03-26 00:00:00+00:00, run_after=2025-03-27 00:00:00+00:00
[2025-03-27T07:13:39.319+0530] {processor.py:208} INFO - Processing /Users/uk/miniforge3/lib/python3.10/site-packages/airflow/example_dags/example_skip_dag.py took 0.058 seconds
[2025-03-27T07:14:55.898+0530] {processor.py:186} INFO - Started process (PID=14198) to work on /Users/uk/miniforge3/lib/python3.10/site-packages/airflow/example_dags/example_skip_dag.py
[2025-03-27T07:14:55.899+0530] {processor.py:914} INFO - Processing file /Users/uk/miniforge3/lib/python3.10/site-packages/airflow/example_dags/example_skip_dag.py for tasks to queue
[2025-03-27T07:14:55.899+0530] {logging_mixin.py:190} INFO - [2025-03-27T07:14:55.899+0530] {dagbag.py:588} INFO - Filling up the DagBag from /Users/uk/miniforge3/lib/python3.10/site-packages/airflow/example_dags/example_skip_dag.py
[2025-03-27T07:14:55.903+0530] {processor.py:925} INFO - DAG(s) 'example_skip_dag' retrieved from /Users/uk/miniforge3/lib/python3.10/site-packages/airflow/example_dags/example_skip_dag.py
[2025-03-27T07:14:55.944+0530] {logging_mixin.py:190} INFO - [2025-03-27T07:14:55.944+0530] {dag.py:3239} INFO - Sync 1 DAGs
[2025-03-27T07:14:55.952+0530] {logging_mixin.py:190} INFO - [2025-03-27T07:14:55.952+0530] {dag.py:4180} INFO - Setting next_dagrun for example_skip_dag to 2025-03-26 00:00:00+00:00, run_after=2025-03-27 00:00:00+00:00
[2025-03-27T07:14:55.959+0530] {processor.py:208} INFO - Processing /Users/uk/miniforge3/lib/python3.10/site-packages/airflow/example_dags/example_skip_dag.py took 0.062 seconds
[2025-03-27T07:16:11.001+0530] {processor.py:186} INFO - Started process (PID=14324) to work on /Users/uk/miniforge3/lib/python3.10/site-packages/airflow/example_dags/example_skip_dag.py
[2025-03-27T07:16:11.001+0530] {processor.py:914} INFO - Processing file /Users/uk/miniforge3/lib/python3.10/site-packages/airflow/example_dags/example_skip_dag.py for tasks to queue
[2025-03-27T07:16:11.002+0530] {logging_mixin.py:190} INFO - [2025-03-27T07:16:11.002+0530] {dagbag.py:588} INFO - Filling up the DagBag from /Users/uk/miniforge3/lib/python3.10/site-packages/airflow/example_dags/example_skip_dag.py
[2025-03-27T07:16:11.005+0530] {processor.py:925} INFO - DAG(s) 'example_skip_dag' retrieved from /Users/uk/miniforge3/lib/python3.10/site-packages/airflow/example_dags/example_skip_dag.py
[2025-03-27T07:16:11.044+0530] {logging_mixin.py:190} INFO - [2025-03-27T07:16:11.044+0530] {dag.py:3239} INFO - Sync 1 DAGs
[2025-03-27T07:16:11.051+0530] {logging_mixin.py:190} INFO - [2025-03-27T07:16:11.050+0530] {dag.py:4180} INFO - Setting next_dagrun for example_skip_dag to 2025-03-26 00:00:00+00:00, run_after=2025-03-27 00:00:00+00:00
[2025-03-27T07:16:11.056+0530] {processor.py:208} INFO - Processing /Users/uk/miniforge3/lib/python3.10/site-packages/airflow/example_dags/example_skip_dag.py took 0.057 seconds
[2025-03-27T07:17:25.027+0530] {processor.py:186} INFO - Started process (PID=14443) to work on /Users/uk/miniforge3/lib/python3.10/site-packages/airflow/example_dags/example_skip_dag.py
[2025-03-27T07:17:25.028+0530] {processor.py:914} INFO - Processing file /Users/uk/miniforge3/lib/python3.10/site-packages/airflow/example_dags/example_skip_dag.py for tasks to queue
[2025-03-27T07:17:25.028+0530] {logging_mixin.py:190} INFO - [2025-03-27T07:17:25.028+0530] {dagbag.py:588} INFO - Filling up the DagBag from /Users/uk/miniforge3/lib/python3.10/site-packages/airflow/example_dags/example_skip_dag.py
[2025-03-27T07:17:25.031+0530] {processor.py:925} INFO - DAG(s) 'example_skip_dag' retrieved from /Users/uk/miniforge3/lib/python3.10/site-packages/airflow/example_dags/example_skip_dag.py
[2025-03-27T07:17:25.070+0530] {logging_mixin.py:190} INFO - [2025-03-27T07:17:25.070+0530] {dag.py:3239} INFO - Sync 1 DAGs
[2025-03-27T07:17:25.077+0530] {logging_mixin.py:190} INFO - [2025-03-27T07:17:25.077+0530] {dag.py:4180} INFO - Setting next_dagrun for example_skip_dag to 2025-03-26 00:00:00+00:00, run_after=2025-03-27 00:00:00+00:00
[2025-03-27T07:17:25.083+0530] {processor.py:208} INFO - Processing /Users/uk/miniforge3/lib/python3.10/site-packages/airflow/example_dags/example_skip_dag.py took 0.057 seconds
[2025-03-27T07:18:37.664+0530] {processor.py:186} INFO - Started process (PID=14572) to work on /Users/uk/miniforge3/lib/python3.10/site-packages/airflow/example_dags/example_skip_dag.py
[2025-03-27T07:18:37.664+0530] {processor.py:914} INFO - Processing file /Users/uk/miniforge3/lib/python3.10/site-packages/airflow/example_dags/example_skip_dag.py for tasks to queue
[2025-03-27T07:18:37.665+0530] {logging_mixin.py:190} INFO - [2025-03-27T07:18:37.665+0530] {dagbag.py:588} INFO - Filling up the DagBag from /Users/uk/miniforge3/lib/python3.10/site-packages/airflow/example_dags/example_skip_dag.py
[2025-03-27T07:18:37.668+0530] {processor.py:925} INFO - DAG(s) 'example_skip_dag' retrieved from /Users/uk/miniforge3/lib/python3.10/site-packages/airflow/example_dags/example_skip_dag.py
[2025-03-27T07:18:37.706+0530] {logging_mixin.py:190} INFO - [2025-03-27T07:18:37.706+0530] {dag.py:3239} INFO - Sync 1 DAGs
[2025-03-27T07:18:37.714+0530] {logging_mixin.py:190} INFO - [2025-03-27T07:18:37.714+0530] {dag.py:4180} INFO - Setting next_dagrun for example_skip_dag to 2025-03-26 00:00:00+00:00, run_after=2025-03-27 00:00:00+00:00
[2025-03-27T07:18:37.720+0530] {processor.py:208} INFO - Processing /Users/uk/miniforge3/lib/python3.10/site-packages/airflow/example_dags/example_skip_dag.py took 0.058 seconds
[2025-03-27T07:19:50.580+0530] {processor.py:186} INFO - Started process (PID=14937) to work on /Users/uk/miniforge3/lib/python3.10/site-packages/airflow/example_dags/example_skip_dag.py
[2025-03-27T07:19:50.581+0530] {processor.py:914} INFO - Processing file /Users/uk/miniforge3/lib/python3.10/site-packages/airflow/example_dags/example_skip_dag.py for tasks to queue
[2025-03-27T07:19:50.582+0530] {logging_mixin.py:190} INFO - [2025-03-27T07:19:50.582+0530] {dagbag.py:588} INFO - Filling up the DagBag from /Users/uk/miniforge3/lib/python3.10/site-packages/airflow/example_dags/example_skip_dag.py
[2025-03-27T07:19:50.585+0530] {processor.py:925} INFO - DAG(s) 'example_skip_dag' retrieved from /Users/uk/miniforge3/lib/python3.10/site-packages/airflow/example_dags/example_skip_dag.py
[2025-03-27T07:19:50.623+0530] {logging_mixin.py:190} INFO - [2025-03-27T07:19:50.623+0530] {dag.py:3239} INFO - Sync 1 DAGs
[2025-03-27T07:19:50.630+0530] {logging_mixin.py:190} INFO - [2025-03-27T07:19:50.630+0530] {dag.py:4180} INFO - Setting next_dagrun for example_skip_dag to 2025-03-26 00:00:00+00:00, run_after=2025-03-27 00:00:00+00:00
[2025-03-27T07:19:50.636+0530] {processor.py:208} INFO - Processing /Users/uk/miniforge3/lib/python3.10/site-packages/airflow/example_dags/example_skip_dag.py took 0.057 seconds
[2025-03-27T07:21:03.175+0530] {processor.py:186} INFO - Started process (PID=15094) to work on /Users/uk/miniforge3/lib/python3.10/site-packages/airflow/example_dags/example_skip_dag.py
[2025-03-27T07:21:03.175+0530] {processor.py:914} INFO - Processing file /Users/uk/miniforge3/lib/python3.10/site-packages/airflow/example_dags/example_skip_dag.py for tasks to queue
[2025-03-27T07:21:03.176+0530] {logging_mixin.py:190} INFO - [2025-03-27T07:21:03.176+0530] {dagbag.py:588} INFO - Filling up the DagBag from /Users/uk/miniforge3/lib/python3.10/site-packages/airflow/example_dags/example_skip_dag.py
[2025-03-27T07:21:03.179+0530] {processor.py:925} INFO - DAG(s) 'example_skip_dag' retrieved from /Users/uk/miniforge3/lib/python3.10/site-packages/airflow/example_dags/example_skip_dag.py
[2025-03-27T07:21:03.218+0530] {logging_mixin.py:190} INFO - [2025-03-27T07:21:03.218+0530] {dag.py:3239} INFO - Sync 1 DAGs
[2025-03-27T07:21:03.225+0530] {logging_mixin.py:190} INFO - [2025-03-27T07:21:03.225+0530] {dag.py:4180} INFO - Setting next_dagrun for example_skip_dag to 2025-03-26 00:00:00+00:00, run_after=2025-03-27 00:00:00+00:00
[2025-03-27T07:21:03.231+0530] {processor.py:208} INFO - Processing /Users/uk/miniforge3/lib/python3.10/site-packages/airflow/example_dags/example_skip_dag.py took 0.058 seconds
[2025-03-27T07:22:16.361+0530] {processor.py:186} INFO - Started process (PID=15222) to work on /Users/uk/miniforge3/lib/python3.10/site-packages/airflow/example_dags/example_skip_dag.py
[2025-03-27T07:22:16.362+0530] {processor.py:914} INFO - Processing file /Users/uk/miniforge3/lib/python3.10/site-packages/airflow/example_dags/example_skip_dag.py for tasks to queue
[2025-03-27T07:22:16.363+0530] {logging_mixin.py:190} INFO - [2025-03-27T07:22:16.363+0530] {dagbag.py:588} INFO - Filling up the DagBag from /Users/uk/miniforge3/lib/python3.10/site-packages/airflow/example_dags/example_skip_dag.py
[2025-03-27T07:22:16.365+0530] {processor.py:925} INFO - DAG(s) 'example_skip_dag' retrieved from /Users/uk/miniforge3/lib/python3.10/site-packages/airflow/example_dags/example_skip_dag.py
[2025-03-27T07:22:16.404+0530] {logging_mixin.py:190} INFO - [2025-03-27T07:22:16.404+0530] {dag.py:3239} INFO - Sync 1 DAGs
[2025-03-27T07:22:16.411+0530] {logging_mixin.py:190} INFO - [2025-03-27T07:22:16.411+0530] {dag.py:4180} INFO - Setting next_dagrun for example_skip_dag to 2025-03-26 00:00:00+00:00, run_after=2025-03-27 00:00:00+00:00
[2025-03-27T07:22:16.417+0530] {processor.py:208} INFO - Processing /Users/uk/miniforge3/lib/python3.10/site-packages/airflow/example_dags/example_skip_dag.py took 0.057 seconds
[2025-03-27T07:23:24.245+0530] {processor.py:186} INFO - Started process (PID=15358) to work on /Users/uk/miniforge3/lib/python3.10/site-packages/airflow/example_dags/example_skip_dag.py
[2025-03-27T07:23:24.247+0530] {processor.py:914} INFO - Processing file /Users/uk/miniforge3/lib/python3.10/site-packages/airflow/example_dags/example_skip_dag.py for tasks to queue
[2025-03-27T07:23:24.247+0530] {logging_mixin.py:190} INFO - [2025-03-27T07:23:24.247+0530] {dagbag.py:588} INFO - Filling up the DagBag from /Users/uk/miniforge3/lib/python3.10/site-packages/airflow/example_dags/example_skip_dag.py
[2025-03-27T07:23:24.250+0530] {processor.py:925} INFO - DAG(s) 'example_skip_dag' retrieved from /Users/uk/miniforge3/lib/python3.10/site-packages/airflow/example_dags/example_skip_dag.py
[2025-03-27T07:23:24.289+0530] {logging_mixin.py:190} INFO - [2025-03-27T07:23:24.289+0530] {dag.py:3239} INFO - Sync 1 DAGs
[2025-03-27T07:23:24.296+0530] {logging_mixin.py:190} INFO - [2025-03-27T07:23:24.295+0530] {dag.py:4180} INFO - Setting next_dagrun for example_skip_dag to 2025-03-26 00:00:00+00:00, run_after=2025-03-27 00:00:00+00:00
[2025-03-27T07:23:24.302+0530] {processor.py:208} INFO - Processing /Users/uk/miniforge3/lib/python3.10/site-packages/airflow/example_dags/example_skip_dag.py took 0.057 seconds
[2025-03-27T07:24:35.798+0530] {processor.py:186} INFO - Started process (PID=15502) to work on /Users/uk/miniforge3/lib/python3.10/site-packages/airflow/example_dags/example_skip_dag.py
[2025-03-27T07:24:35.799+0530] {processor.py:914} INFO - Processing file /Users/uk/miniforge3/lib/python3.10/site-packages/airflow/example_dags/example_skip_dag.py for tasks to queue
[2025-03-27T07:24:35.800+0530] {logging_mixin.py:190} INFO - [2025-03-27T07:24:35.800+0530] {dagbag.py:588} INFO - Filling up the DagBag from /Users/uk/miniforge3/lib/python3.10/site-packages/airflow/example_dags/example_skip_dag.py
[2025-03-27T07:24:35.803+0530] {processor.py:925} INFO - DAG(s) 'example_skip_dag' retrieved from /Users/uk/miniforge3/lib/python3.10/site-packages/airflow/example_dags/example_skip_dag.py
[2025-03-27T07:24:35.845+0530] {logging_mixin.py:190} INFO - [2025-03-27T07:24:35.845+0530] {dag.py:3239} INFO - Sync 1 DAGs
[2025-03-27T07:24:35.853+0530] {logging_mixin.py:190} INFO - [2025-03-27T07:24:35.853+0530] {dag.py:4180} INFO - Setting next_dagrun for example_skip_dag to 2025-03-26 00:00:00+00:00, run_after=2025-03-27 00:00:00+00:00
[2025-03-27T07:24:35.860+0530] {processor.py:208} INFO - Processing /Users/uk/miniforge3/lib/python3.10/site-packages/airflow/example_dags/example_skip_dag.py took 0.063 seconds
[2025-03-27T07:25:47.802+0530] {processor.py:186} INFO - Started process (PID=15623) to work on /Users/uk/miniforge3/lib/python3.10/site-packages/airflow/example_dags/example_skip_dag.py
[2025-03-27T07:25:47.805+0530] {processor.py:914} INFO - Processing file /Users/uk/miniforge3/lib/python3.10/site-packages/airflow/example_dags/example_skip_dag.py for tasks to queue
[2025-03-27T07:25:47.805+0530] {logging_mixin.py:190} INFO - [2025-03-27T07:25:47.805+0530] {dagbag.py:588} INFO - Filling up the DagBag from /Users/uk/miniforge3/lib/python3.10/site-packages/airflow/example_dags/example_skip_dag.py
[2025-03-27T07:25:47.808+0530] {processor.py:925} INFO - DAG(s) 'example_skip_dag' retrieved from /Users/uk/miniforge3/lib/python3.10/site-packages/airflow/example_dags/example_skip_dag.py
[2025-03-27T07:25:47.848+0530] {logging_mixin.py:190} INFO - [2025-03-27T07:25:47.847+0530] {dag.py:3239} INFO - Sync 1 DAGs
[2025-03-27T07:25:47.854+0530] {logging_mixin.py:190} INFO - [2025-03-27T07:25:47.854+0530] {dag.py:4180} INFO - Setting next_dagrun for example_skip_dag to 2025-03-26 00:00:00+00:00, run_after=2025-03-27 00:00:00+00:00
[2025-03-27T07:25:47.860+0530] {processor.py:208} INFO - Processing /Users/uk/miniforge3/lib/python3.10/site-packages/airflow/example_dags/example_skip_dag.py took 0.060 seconds
[2025-03-27T07:27:00.769+0530] {processor.py:186} INFO - Started process (PID=15741) to work on /Users/uk/miniforge3/lib/python3.10/site-packages/airflow/example_dags/example_skip_dag.py
[2025-03-27T07:27:00.770+0530] {processor.py:914} INFO - Processing file /Users/uk/miniforge3/lib/python3.10/site-packages/airflow/example_dags/example_skip_dag.py for tasks to queue
[2025-03-27T07:27:00.771+0530] {logging_mixin.py:190} INFO - [2025-03-27T07:27:00.771+0530] {dagbag.py:588} INFO - Filling up the DagBag from /Users/uk/miniforge3/lib/python3.10/site-packages/airflow/example_dags/example_skip_dag.py
[2025-03-27T07:27:00.775+0530] {processor.py:925} INFO - DAG(s) 'example_skip_dag' retrieved from /Users/uk/miniforge3/lib/python3.10/site-packages/airflow/example_dags/example_skip_dag.py
[2025-03-27T07:27:00.818+0530] {logging_mixin.py:190} INFO - [2025-03-27T07:27:00.818+0530] {dag.py:3239} INFO - Sync 1 DAGs
[2025-03-27T07:27:00.826+0530] {logging_mixin.py:190} INFO - [2025-03-27T07:27:00.826+0530] {dag.py:4180} INFO - Setting next_dagrun for example_skip_dag to 2025-03-26 00:00:00+00:00, run_after=2025-03-27 00:00:00+00:00
[2025-03-27T07:27:00.833+0530] {processor.py:208} INFO - Processing /Users/uk/miniforge3/lib/python3.10/site-packages/airflow/example_dags/example_skip_dag.py took 0.065 seconds
[2025-03-27T07:28:15.571+0530] {processor.py:186} INFO - Started process (PID=15856) to work on /Users/uk/miniforge3/lib/python3.10/site-packages/airflow/example_dags/example_skip_dag.py
[2025-03-27T07:28:15.572+0530] {processor.py:914} INFO - Processing file /Users/uk/miniforge3/lib/python3.10/site-packages/airflow/example_dags/example_skip_dag.py for tasks to queue
[2025-03-27T07:28:15.572+0530] {logging_mixin.py:190} INFO - [2025-03-27T07:28:15.572+0530] {dagbag.py:588} INFO - Filling up the DagBag from /Users/uk/miniforge3/lib/python3.10/site-packages/airflow/example_dags/example_skip_dag.py
[2025-03-27T07:28:15.575+0530] {processor.py:925} INFO - DAG(s) 'example_skip_dag' retrieved from /Users/uk/miniforge3/lib/python3.10/site-packages/airflow/example_dags/example_skip_dag.py
[2025-03-27T07:28:15.614+0530] {logging_mixin.py:190} INFO - [2025-03-27T07:28:15.614+0530] {dag.py:3239} INFO - Sync 1 DAGs
[2025-03-27T07:28:15.621+0530] {logging_mixin.py:190} INFO - [2025-03-27T07:28:15.620+0530] {dag.py:4180} INFO - Setting next_dagrun for example_skip_dag to 2025-03-26 00:00:00+00:00, run_after=2025-03-27 00:00:00+00:00
[2025-03-27T07:28:15.627+0530] {processor.py:208} INFO - Processing /Users/uk/miniforge3/lib/python3.10/site-packages/airflow/example_dags/example_skip_dag.py took 0.057 seconds
[2025-03-27T07:29:29.659+0530] {processor.py:186} INFO - Started process (PID=15998) to work on /Users/uk/miniforge3/lib/python3.10/site-packages/airflow/example_dags/example_skip_dag.py
[2025-03-27T07:29:29.660+0530] {processor.py:914} INFO - Processing file /Users/uk/miniforge3/lib/python3.10/site-packages/airflow/example_dags/example_skip_dag.py for tasks to queue
[2025-03-27T07:29:29.661+0530] {logging_mixin.py:190} INFO - [2025-03-27T07:29:29.661+0530] {dagbag.py:588} INFO - Filling up the DagBag from /Users/uk/miniforge3/lib/python3.10/site-packages/airflow/example_dags/example_skip_dag.py
[2025-03-27T07:29:29.664+0530] {processor.py:925} INFO - DAG(s) 'example_skip_dag' retrieved from /Users/uk/miniforge3/lib/python3.10/site-packages/airflow/example_dags/example_skip_dag.py
[2025-03-27T07:29:29.703+0530] {logging_mixin.py:190} INFO - [2025-03-27T07:29:29.703+0530] {dag.py:3239} INFO - Sync 1 DAGs
[2025-03-27T07:29:29.710+0530] {logging_mixin.py:190} INFO - [2025-03-27T07:29:29.710+0530] {dag.py:4180} INFO - Setting next_dagrun for example_skip_dag to 2025-03-26 00:00:00+00:00, run_after=2025-03-27 00:00:00+00:00
[2025-03-27T07:29:29.717+0530] {processor.py:208} INFO - Processing /Users/uk/miniforge3/lib/python3.10/site-packages/airflow/example_dags/example_skip_dag.py took 0.059 seconds
[2025-03-27T07:30:43.405+0530] {processor.py:186} INFO - Started process (PID=16150) to work on /Users/uk/miniforge3/lib/python3.10/site-packages/airflow/example_dags/example_skip_dag.py
[2025-03-27T07:30:43.407+0530] {processor.py:914} INFO - Processing file /Users/uk/miniforge3/lib/python3.10/site-packages/airflow/example_dags/example_skip_dag.py for tasks to queue
[2025-03-27T07:30:43.407+0530] {logging_mixin.py:190} INFO - [2025-03-27T07:30:43.407+0530] {dagbag.py:588} INFO - Filling up the DagBag from /Users/uk/miniforge3/lib/python3.10/site-packages/airflow/example_dags/example_skip_dag.py
[2025-03-27T07:30:43.411+0530] {processor.py:925} INFO - DAG(s) 'example_skip_dag' retrieved from /Users/uk/miniforge3/lib/python3.10/site-packages/airflow/example_dags/example_skip_dag.py
[2025-03-27T07:30:43.455+0530] {logging_mixin.py:190} INFO - [2025-03-27T07:30:43.454+0530] {dag.py:3239} INFO - Sync 1 DAGs
[2025-03-27T07:30:43.462+0530] {logging_mixin.py:190} INFO - [2025-03-27T07:30:43.462+0530] {dag.py:4180} INFO - Setting next_dagrun for example_skip_dag to 2025-03-26 00:00:00+00:00, run_after=2025-03-27 00:00:00+00:00
[2025-03-27T07:30:43.469+0530] {processor.py:208} INFO - Processing /Users/uk/miniforge3/lib/python3.10/site-packages/airflow/example_dags/example_skip_dag.py took 0.065 seconds
[2025-03-27T07:32:00.112+0530] {processor.py:186} INFO - Started process (PID=16291) to work on /Users/uk/miniforge3/lib/python3.10/site-packages/airflow/example_dags/example_skip_dag.py
[2025-03-27T07:32:00.113+0530] {processor.py:914} INFO - Processing file /Users/uk/miniforge3/lib/python3.10/site-packages/airflow/example_dags/example_skip_dag.py for tasks to queue
[2025-03-27T07:32:00.113+0530] {logging_mixin.py:190} INFO - [2025-03-27T07:32:00.113+0530] {dagbag.py:588} INFO - Filling up the DagBag from /Users/uk/miniforge3/lib/python3.10/site-packages/airflow/example_dags/example_skip_dag.py
[2025-03-27T07:32:00.116+0530] {processor.py:925} INFO - DAG(s) 'example_skip_dag' retrieved from /Users/uk/miniforge3/lib/python3.10/site-packages/airflow/example_dags/example_skip_dag.py
[2025-03-27T07:32:00.155+0530] {logging_mixin.py:190} INFO - [2025-03-27T07:32:00.155+0530] {dag.py:3239} INFO - Sync 1 DAGs
[2025-03-27T07:32:00.162+0530] {logging_mixin.py:190} INFO - [2025-03-27T07:32:00.162+0530] {dag.py:4180} INFO - Setting next_dagrun for example_skip_dag to 2025-03-26 00:00:00+00:00, run_after=2025-03-27 00:00:00+00:00
[2025-03-27T07:32:00.168+0530] {processor.py:208} INFO - Processing /Users/uk/miniforge3/lib/python3.10/site-packages/airflow/example_dags/example_skip_dag.py took 0.057 seconds
[2025-03-27T07:33:15.439+0530] {processor.py:186} INFO - Started process (PID=16449) to work on /Users/uk/miniforge3/lib/python3.10/site-packages/airflow/example_dags/example_skip_dag.py
[2025-03-27T07:33:15.439+0530] {processor.py:914} INFO - Processing file /Users/uk/miniforge3/lib/python3.10/site-packages/airflow/example_dags/example_skip_dag.py for tasks to queue
[2025-03-27T07:33:15.440+0530] {logging_mixin.py:190} INFO - [2025-03-27T07:33:15.440+0530] {dagbag.py:588} INFO - Filling up the DagBag from /Users/uk/miniforge3/lib/python3.10/site-packages/airflow/example_dags/example_skip_dag.py
[2025-03-27T07:33:15.443+0530] {processor.py:925} INFO - DAG(s) 'example_skip_dag' retrieved from /Users/uk/miniforge3/lib/python3.10/site-packages/airflow/example_dags/example_skip_dag.py
[2025-03-27T07:33:15.485+0530] {logging_mixin.py:190} INFO - [2025-03-27T07:33:15.484+0530] {dag.py:3239} INFO - Sync 1 DAGs
[2025-03-27T07:33:15.492+0530] {logging_mixin.py:190} INFO - [2025-03-27T07:33:15.492+0530] {dag.py:4180} INFO - Setting next_dagrun for example_skip_dag to 2025-03-26 00:00:00+00:00, run_after=2025-03-27 00:00:00+00:00
[2025-03-27T07:33:15.499+0530] {processor.py:208} INFO - Processing /Users/uk/miniforge3/lib/python3.10/site-packages/airflow/example_dags/example_skip_dag.py took 0.061 seconds
[2025-03-27T07:34:30.236+0530] {processor.py:186} INFO - Started process (PID=16612) to work on /Users/uk/miniforge3/lib/python3.10/site-packages/airflow/example_dags/example_skip_dag.py
[2025-03-27T07:34:30.237+0530] {processor.py:914} INFO - Processing file /Users/uk/miniforge3/lib/python3.10/site-packages/airflow/example_dags/example_skip_dag.py for tasks to queue
[2025-03-27T07:34:30.237+0530] {logging_mixin.py:190} INFO - [2025-03-27T07:34:30.237+0530] {dagbag.py:588} INFO - Filling up the DagBag from /Users/uk/miniforge3/lib/python3.10/site-packages/airflow/example_dags/example_skip_dag.py
[2025-03-27T07:34:30.241+0530] {processor.py:925} INFO - DAG(s) 'example_skip_dag' retrieved from /Users/uk/miniforge3/lib/python3.10/site-packages/airflow/example_dags/example_skip_dag.py
[2025-03-27T07:34:30.319+0530] {logging_mixin.py:190} INFO - [2025-03-27T07:34:30.319+0530] {dag.py:3239} INFO - Sync 1 DAGs
[2025-03-27T07:34:30.336+0530] {logging_mixin.py:190} INFO - [2025-03-27T07:34:30.336+0530] {dag.py:4180} INFO - Setting next_dagrun for example_skip_dag to 2025-03-26 00:00:00+00:00, run_after=2025-03-27 00:00:00+00:00
[2025-03-27T07:34:30.349+0530] {processor.py:208} INFO - Processing /Users/uk/miniforge3/lib/python3.10/site-packages/airflow/example_dags/example_skip_dag.py took 0.115 seconds
[2025-03-27T07:35:45.891+0530] {processor.py:186} INFO - Started process (PID=16744) to work on /Users/uk/miniforge3/lib/python3.10/site-packages/airflow/example_dags/example_skip_dag.py
[2025-03-27T07:35:45.892+0530] {processor.py:914} INFO - Processing file /Users/uk/miniforge3/lib/python3.10/site-packages/airflow/example_dags/example_skip_dag.py for tasks to queue
[2025-03-27T07:35:45.892+0530] {logging_mixin.py:190} INFO - [2025-03-27T07:35:45.892+0530] {dagbag.py:588} INFO - Filling up the DagBag from /Users/uk/miniforge3/lib/python3.10/site-packages/airflow/example_dags/example_skip_dag.py
[2025-03-27T07:35:45.895+0530] {processor.py:925} INFO - DAG(s) 'example_skip_dag' retrieved from /Users/uk/miniforge3/lib/python3.10/site-packages/airflow/example_dags/example_skip_dag.py
[2025-03-27T07:35:45.934+0530] {logging_mixin.py:190} INFO - [2025-03-27T07:35:45.933+0530] {dag.py:3239} INFO - Sync 1 DAGs
[2025-03-27T07:35:45.940+0530] {logging_mixin.py:190} INFO - [2025-03-27T07:35:45.940+0530] {dag.py:4180} INFO - Setting next_dagrun for example_skip_dag to 2025-03-26 00:00:00+00:00, run_after=2025-03-27 00:00:00+00:00
[2025-03-27T07:35:45.946+0530] {processor.py:208} INFO - Processing /Users/uk/miniforge3/lib/python3.10/site-packages/airflow/example_dags/example_skip_dag.py took 0.057 seconds
[2025-03-27T07:36:58.833+0530] {processor.py:186} INFO - Started process (PID=16877) to work on /Users/uk/miniforge3/lib/python3.10/site-packages/airflow/example_dags/example_skip_dag.py
[2025-03-27T07:36:58.835+0530] {processor.py:914} INFO - Processing file /Users/uk/miniforge3/lib/python3.10/site-packages/airflow/example_dags/example_skip_dag.py for tasks to queue
[2025-03-27T07:36:58.835+0530] {logging_mixin.py:190} INFO - [2025-03-27T07:36:58.835+0530] {dagbag.py:588} INFO - Filling up the DagBag from /Users/uk/miniforge3/lib/python3.10/site-packages/airflow/example_dags/example_skip_dag.py
[2025-03-27T07:36:58.838+0530] {processor.py:925} INFO - DAG(s) 'example_skip_dag' retrieved from /Users/uk/miniforge3/lib/python3.10/site-packages/airflow/example_dags/example_skip_dag.py
[2025-03-27T07:36:58.877+0530] {logging_mixin.py:190} INFO - [2025-03-27T07:36:58.877+0530] {dag.py:3239} INFO - Sync 1 DAGs
[2025-03-27T07:36:58.884+0530] {logging_mixin.py:190} INFO - [2025-03-27T07:36:58.884+0530] {dag.py:4180} INFO - Setting next_dagrun for example_skip_dag to 2025-03-26 00:00:00+00:00, run_after=2025-03-27 00:00:00+00:00
[2025-03-27T07:36:58.890+0530] {processor.py:208} INFO - Processing /Users/uk/miniforge3/lib/python3.10/site-packages/airflow/example_dags/example_skip_dag.py took 0.058 seconds
[2025-03-27T07:39:45.157+0530] {processor.py:186} INFO - Started process (PID=17323) to work on /Users/uk/miniforge3/lib/python3.10/site-packages/airflow/example_dags/example_skip_dag.py
[2025-03-27T07:39:45.158+0530] {processor.py:914} INFO - Processing file /Users/uk/miniforge3/lib/python3.10/site-packages/airflow/example_dags/example_skip_dag.py for tasks to queue
[2025-03-27T07:39:45.159+0530] {logging_mixin.py:190} INFO - [2025-03-27T07:39:45.159+0530] {dagbag.py:588} INFO - Filling up the DagBag from /Users/uk/miniforge3/lib/python3.10/site-packages/airflow/example_dags/example_skip_dag.py
[2025-03-27T07:39:45.162+0530] {processor.py:925} INFO - DAG(s) 'example_skip_dag' retrieved from /Users/uk/miniforge3/lib/python3.10/site-packages/airflow/example_dags/example_skip_dag.py
[2025-03-27T07:39:45.231+0530] {logging_mixin.py:190} INFO - [2025-03-27T07:39:45.231+0530] {override.py:1930} INFO - Created Permission View: can read on DAG:example_skip_dag
[2025-03-27T07:39:45.234+0530] {logging_mixin.py:190} INFO - [2025-03-27T07:39:45.234+0530] {override.py:1930} INFO - Created Permission View: can delete on DAG:example_skip_dag
[2025-03-27T07:39:45.236+0530] {logging_mixin.py:190} INFO - [2025-03-27T07:39:45.236+0530] {override.py:1930} INFO - Created Permission View: can edit on DAG:example_skip_dag
[2025-03-27T07:39:45.239+0530] {logging_mixin.py:190} INFO - [2025-03-27T07:39:45.239+0530] {override.py:1930} INFO - Created Permission View: menu access on DAG Run:example_skip_dag
[2025-03-27T07:39:45.241+0530] {logging_mixin.py:190} INFO - [2025-03-27T07:39:45.241+0530] {override.py:1930} INFO - Created Permission View: can read on DAG Run:example_skip_dag
[2025-03-27T07:39:45.243+0530] {logging_mixin.py:190} INFO - [2025-03-27T07:39:45.243+0530] {override.py:1930} INFO - Created Permission View: can create on DAG Run:example_skip_dag
[2025-03-27T07:39:45.245+0530] {logging_mixin.py:190} INFO - [2025-03-27T07:39:45.245+0530] {override.py:1930} INFO - Created Permission View: can delete on DAG Run:example_skip_dag
[2025-03-27T07:39:45.245+0530] {logging_mixin.py:190} INFO - [2025-03-27T07:39:45.245+0530] {dag.py:3239} INFO - Sync 1 DAGs
[2025-03-27T07:39:45.249+0530] {logging_mixin.py:190} INFO - [2025-03-27T07:39:45.249+0530] {dag.py:3262} INFO - Creating ORM DAG for example_skip_dag
[2025-03-27T07:39:45.252+0530] {logging_mixin.py:190} INFO - [2025-03-27T07:39:45.252+0530] {dag.py:4180} INFO - Setting next_dagrun for example_skip_dag to 2025-03-26 00:00:00+00:00, run_after=2025-03-27 00:00:00+00:00
[2025-03-27T07:39:45.259+0530] {processor.py:208} INFO - Processing /Users/uk/miniforge3/lib/python3.10/site-packages/airflow/example_dags/example_skip_dag.py took 0.102 seconds
[2025-03-27T07:41:32.091+0530] {processor.py:186} INFO - Started process (PID=17523) to work on /Users/uk/miniforge3/lib/python3.10/site-packages/airflow/example_dags/example_skip_dag.py
[2025-03-27T07:41:32.092+0530] {processor.py:914} INFO - Processing file /Users/uk/miniforge3/lib/python3.10/site-packages/airflow/example_dags/example_skip_dag.py for tasks to queue
[2025-03-27T07:41:32.093+0530] {logging_mixin.py:190} INFO - [2025-03-27T07:41:32.092+0530] {dagbag.py:588} INFO - Filling up the DagBag from /Users/uk/miniforge3/lib/python3.10/site-packages/airflow/example_dags/example_skip_dag.py
[2025-03-27T07:41:32.096+0530] {processor.py:925} INFO - DAG(s) 'example_skip_dag' retrieved from /Users/uk/miniforge3/lib/python3.10/site-packages/airflow/example_dags/example_skip_dag.py
[2025-03-27T07:41:32.134+0530] {logging_mixin.py:190} INFO - [2025-03-27T07:41:32.134+0530] {dag.py:3239} INFO - Sync 1 DAGs
[2025-03-27T07:41:32.141+0530] {logging_mixin.py:190} INFO - [2025-03-27T07:41:32.141+0530] {dag.py:4180} INFO - Setting next_dagrun for example_skip_dag to 2025-03-26 00:00:00+00:00, run_after=2025-03-27 00:00:00+00:00
[2025-03-27T07:41:32.147+0530] {processor.py:208} INFO - Processing /Users/uk/miniforge3/lib/python3.10/site-packages/airflow/example_dags/example_skip_dag.py took 0.057 seconds
[2025-03-27T07:42:49.165+0530] {processor.py:186} INFO - Started process (PID=17691) to work on /Users/uk/miniforge3/lib/python3.10/site-packages/airflow/example_dags/example_skip_dag.py
[2025-03-27T07:42:49.165+0530] {processor.py:914} INFO - Processing file /Users/uk/miniforge3/lib/python3.10/site-packages/airflow/example_dags/example_skip_dag.py for tasks to queue
[2025-03-27T07:42:49.166+0530] {logging_mixin.py:190} INFO - [2025-03-27T07:42:49.166+0530] {dagbag.py:588} INFO - Filling up the DagBag from /Users/uk/miniforge3/lib/python3.10/site-packages/airflow/example_dags/example_skip_dag.py
[2025-03-27T07:42:49.169+0530] {processor.py:925} INFO - DAG(s) 'example_skip_dag' retrieved from /Users/uk/miniforge3/lib/python3.10/site-packages/airflow/example_dags/example_skip_dag.py
[2025-03-27T07:42:49.209+0530] {logging_mixin.py:190} INFO - [2025-03-27T07:42:49.209+0530] {dag.py:3239} INFO - Sync 1 DAGs
[2025-03-27T07:42:49.216+0530] {logging_mixin.py:190} INFO - [2025-03-27T07:42:49.216+0530] {dag.py:4180} INFO - Setting next_dagrun for example_skip_dag to 2025-03-26 00:00:00+00:00, run_after=2025-03-27 00:00:00+00:00
[2025-03-27T07:42:49.222+0530] {processor.py:208} INFO - Processing /Users/uk/miniforge3/lib/python3.10/site-packages/airflow/example_dags/example_skip_dag.py took 0.059 seconds
[2025-03-27T07:44:03.946+0530] {processor.py:186} INFO - Started process (PID=17885) to work on /Users/uk/miniforge3/lib/python3.10/site-packages/airflow/example_dags/example_skip_dag.py
[2025-03-27T07:44:03.946+0530] {processor.py:914} INFO - Processing file /Users/uk/miniforge3/lib/python3.10/site-packages/airflow/example_dags/example_skip_dag.py for tasks to queue
[2025-03-27T07:44:03.947+0530] {logging_mixin.py:190} INFO - [2025-03-27T07:44:03.947+0530] {dagbag.py:588} INFO - Filling up the DagBag from /Users/uk/miniforge3/lib/python3.10/site-packages/airflow/example_dags/example_skip_dag.py
[2025-03-27T07:44:03.950+0530] {processor.py:925} INFO - DAG(s) 'example_skip_dag' retrieved from /Users/uk/miniforge3/lib/python3.10/site-packages/airflow/example_dags/example_skip_dag.py
[2025-03-27T07:44:03.992+0530] {logging_mixin.py:190} INFO - [2025-03-27T07:44:03.992+0530] {dag.py:3239} INFO - Sync 1 DAGs
[2025-03-27T07:44:03.999+0530] {logging_mixin.py:190} INFO - [2025-03-27T07:44:03.999+0530] {dag.py:4180} INFO - Setting next_dagrun for example_skip_dag to 2025-03-26 00:00:00+00:00, run_after=2025-03-27 00:00:00+00:00
[2025-03-27T07:44:04.005+0530] {processor.py:208} INFO - Processing /Users/uk/miniforge3/lib/python3.10/site-packages/airflow/example_dags/example_skip_dag.py took 0.061 seconds
[2025-03-27T07:45:17.964+0530] {processor.py:186} INFO - Started process (PID=18082) to work on /Users/uk/miniforge3/lib/python3.10/site-packages/airflow/example_dags/example_skip_dag.py
[2025-03-27T07:45:17.965+0530] {processor.py:914} INFO - Processing file /Users/uk/miniforge3/lib/python3.10/site-packages/airflow/example_dags/example_skip_dag.py for tasks to queue
[2025-03-27T07:45:17.965+0530] {logging_mixin.py:190} INFO - [2025-03-27T07:45:17.965+0530] {dagbag.py:588} INFO - Filling up the DagBag from /Users/uk/miniforge3/lib/python3.10/site-packages/airflow/example_dags/example_skip_dag.py
[2025-03-27T07:45:17.968+0530] {processor.py:925} INFO - DAG(s) 'example_skip_dag' retrieved from /Users/uk/miniforge3/lib/python3.10/site-packages/airflow/example_dags/example_skip_dag.py
[2025-03-27T07:45:18.008+0530] {logging_mixin.py:190} INFO - [2025-03-27T07:45:18.008+0530] {dag.py:3239} INFO - Sync 1 DAGs
[2025-03-27T07:45:18.015+0530] {logging_mixin.py:190} INFO - [2025-03-27T07:45:18.015+0530] {dag.py:4180} INFO - Setting next_dagrun for example_skip_dag to 2025-03-26 00:00:00+00:00, run_after=2025-03-27 00:00:00+00:00
[2025-03-27T07:45:18.021+0530] {processor.py:208} INFO - Processing /Users/uk/miniforge3/lib/python3.10/site-packages/airflow/example_dags/example_skip_dag.py took 0.058 seconds
[2025-03-27T07:46:30.345+0530] {processor.py:186} INFO - Started process (PID=18266) to work on /Users/uk/miniforge3/lib/python3.10/site-packages/airflow/example_dags/example_skip_dag.py
[2025-03-27T07:46:30.346+0530] {processor.py:914} INFO - Processing file /Users/uk/miniforge3/lib/python3.10/site-packages/airflow/example_dags/example_skip_dag.py for tasks to queue
[2025-03-27T07:46:30.347+0530] {logging_mixin.py:190} INFO - [2025-03-27T07:46:30.346+0530] {dagbag.py:588} INFO - Filling up the DagBag from /Users/uk/miniforge3/lib/python3.10/site-packages/airflow/example_dags/example_skip_dag.py
[2025-03-27T07:46:30.351+0530] {processor.py:925} INFO - DAG(s) 'example_skip_dag' retrieved from /Users/uk/miniforge3/lib/python3.10/site-packages/airflow/example_dags/example_skip_dag.py
[2025-03-27T07:46:30.394+0530] {logging_mixin.py:190} INFO - [2025-03-27T07:46:30.394+0530] {dag.py:3239} INFO - Sync 1 DAGs
[2025-03-27T07:46:30.401+0530] {logging_mixin.py:190} INFO - [2025-03-27T07:46:30.401+0530] {dag.py:4180} INFO - Setting next_dagrun for example_skip_dag to 2025-03-26 00:00:00+00:00, run_after=2025-03-27 00:00:00+00:00
[2025-03-27T07:46:30.409+0530] {processor.py:208} INFO - Processing /Users/uk/miniforge3/lib/python3.10/site-packages/airflow/example_dags/example_skip_dag.py took 0.065 seconds
[2025-03-27T07:48:17.560+0530] {processor.py:186} INFO - Started process (PID=18458) to work on /Users/uk/miniforge3/lib/python3.10/site-packages/airflow/example_dags/example_skip_dag.py
[2025-03-27T07:48:17.561+0530] {processor.py:914} INFO - Processing file /Users/uk/miniforge3/lib/python3.10/site-packages/airflow/example_dags/example_skip_dag.py for tasks to queue
[2025-03-27T07:48:17.561+0530] {logging_mixin.py:190} INFO - [2025-03-27T07:48:17.561+0530] {dagbag.py:588} INFO - Filling up the DagBag from /Users/uk/miniforge3/lib/python3.10/site-packages/airflow/example_dags/example_skip_dag.py
[2025-03-27T07:48:17.564+0530] {processor.py:925} INFO - DAG(s) 'example_skip_dag' retrieved from /Users/uk/miniforge3/lib/python3.10/site-packages/airflow/example_dags/example_skip_dag.py
[2025-03-27T07:48:17.604+0530] {logging_mixin.py:190} INFO - [2025-03-27T07:48:17.604+0530] {dag.py:3239} INFO - Sync 1 DAGs
[2025-03-27T07:48:17.611+0530] {logging_mixin.py:190} INFO - [2025-03-27T07:48:17.611+0530] {dag.py:4180} INFO - Setting next_dagrun for example_skip_dag to 2025-03-26 00:00:00+00:00, run_after=2025-03-27 00:00:00+00:00
[2025-03-27T07:48:17.618+0530] {processor.py:208} INFO - Processing /Users/uk/miniforge3/lib/python3.10/site-packages/airflow/example_dags/example_skip_dag.py took 0.058 seconds
[2025-03-27T07:49:36.760+0530] {processor.py:186} INFO - Started process (PID=18594) to work on /Users/uk/miniforge3/lib/python3.10/site-packages/airflow/example_dags/example_skip_dag.py
[2025-03-27T07:49:36.761+0530] {processor.py:914} INFO - Processing file /Users/uk/miniforge3/lib/python3.10/site-packages/airflow/example_dags/example_skip_dag.py for tasks to queue
[2025-03-27T07:49:36.761+0530] {logging_mixin.py:190} INFO - [2025-03-27T07:49:36.761+0530] {dagbag.py:588} INFO - Filling up the DagBag from /Users/uk/miniforge3/lib/python3.10/site-packages/airflow/example_dags/example_skip_dag.py
[2025-03-27T07:49:36.764+0530] {processor.py:925} INFO - DAG(s) 'example_skip_dag' retrieved from /Users/uk/miniforge3/lib/python3.10/site-packages/airflow/example_dags/example_skip_dag.py
[2025-03-27T07:49:36.803+0530] {logging_mixin.py:190} INFO - [2025-03-27T07:49:36.803+0530] {dag.py:3239} INFO - Sync 1 DAGs
[2025-03-27T07:49:36.810+0530] {logging_mixin.py:190} INFO - [2025-03-27T07:49:36.810+0530] {dag.py:4180} INFO - Setting next_dagrun for example_skip_dag to 2025-03-26 00:00:00+00:00, run_after=2025-03-27 00:00:00+00:00
[2025-03-27T07:49:36.816+0530] {processor.py:208} INFO - Processing /Users/uk/miniforge3/lib/python3.10/site-packages/airflow/example_dags/example_skip_dag.py took 0.057 seconds
[2025-03-27T07:50:54.364+0530] {processor.py:186} INFO - Started process (PID=19078) to work on /Users/uk/miniforge3/lib/python3.10/site-packages/airflow/example_dags/example_skip_dag.py
[2025-03-27T07:50:54.365+0530] {processor.py:914} INFO - Processing file /Users/uk/miniforge3/lib/python3.10/site-packages/airflow/example_dags/example_skip_dag.py for tasks to queue
[2025-03-27T07:50:54.365+0530] {logging_mixin.py:190} INFO - [2025-03-27T07:50:54.365+0530] {dagbag.py:588} INFO - Filling up the DagBag from /Users/uk/miniforge3/lib/python3.10/site-packages/airflow/example_dags/example_skip_dag.py
[2025-03-27T07:50:54.368+0530] {processor.py:925} INFO - DAG(s) 'example_skip_dag' retrieved from /Users/uk/miniforge3/lib/python3.10/site-packages/airflow/example_dags/example_skip_dag.py
[2025-03-27T07:50:54.407+0530] {logging_mixin.py:190} INFO - [2025-03-27T07:50:54.407+0530] {dag.py:3239} INFO - Sync 1 DAGs
[2025-03-27T07:50:54.414+0530] {logging_mixin.py:190} INFO - [2025-03-27T07:50:54.414+0530] {dag.py:4180} INFO - Setting next_dagrun for example_skip_dag to 2025-03-26 00:00:00+00:00, run_after=2025-03-27 00:00:00+00:00
[2025-03-27T07:50:54.420+0530] {processor.py:208} INFO - Processing /Users/uk/miniforge3/lib/python3.10/site-packages/airflow/example_dags/example_skip_dag.py took 0.057 seconds
[2025-03-27T07:52:07.614+0530] {processor.py:186} INFO - Started process (PID=19193) to work on /Users/uk/miniforge3/lib/python3.10/site-packages/airflow/example_dags/example_skip_dag.py
[2025-03-27T07:52:07.615+0530] {processor.py:914} INFO - Processing file /Users/uk/miniforge3/lib/python3.10/site-packages/airflow/example_dags/example_skip_dag.py for tasks to queue
[2025-03-27T07:52:07.615+0530] {logging_mixin.py:190} INFO - [2025-03-27T07:52:07.615+0530] {dagbag.py:588} INFO - Filling up the DagBag from /Users/uk/miniforge3/lib/python3.10/site-packages/airflow/example_dags/example_skip_dag.py
[2025-03-27T07:52:07.619+0530] {processor.py:925} INFO - DAG(s) 'example_skip_dag' retrieved from /Users/uk/miniforge3/lib/python3.10/site-packages/airflow/example_dags/example_skip_dag.py
[2025-03-27T07:52:07.660+0530] {logging_mixin.py:190} INFO - [2025-03-27T07:52:07.659+0530] {dag.py:3239} INFO - Sync 1 DAGs
[2025-03-27T07:52:07.668+0530] {logging_mixin.py:190} INFO - [2025-03-27T07:52:07.668+0530] {dag.py:4180} INFO - Setting next_dagrun for example_skip_dag to 2025-03-26 00:00:00+00:00, run_after=2025-03-27 00:00:00+00:00
[2025-03-27T07:52:07.676+0530] {processor.py:208} INFO - Processing /Users/uk/miniforge3/lib/python3.10/site-packages/airflow/example_dags/example_skip_dag.py took 0.063 seconds
[2025-03-27T07:54:53.723+0530] {processor.py:186} INFO - Started process (PID=20003) to work on /Users/uk/miniforge3/lib/python3.10/site-packages/airflow/example_dags/example_skip_dag.py
[2025-03-27T07:54:53.724+0530] {processor.py:914} INFO - Processing file /Users/uk/miniforge3/lib/python3.10/site-packages/airflow/example_dags/example_skip_dag.py for tasks to queue
[2025-03-27T07:54:53.724+0530] {logging_mixin.py:190} INFO - [2025-03-27T07:54:53.724+0530] {dagbag.py:588} INFO - Filling up the DagBag from /Users/uk/miniforge3/lib/python3.10/site-packages/airflow/example_dags/example_skip_dag.py
[2025-03-27T07:54:53.728+0530] {processor.py:925} INFO - DAG(s) 'example_skip_dag' retrieved from /Users/uk/miniforge3/lib/python3.10/site-packages/airflow/example_dags/example_skip_dag.py
[2025-03-27T07:54:53.770+0530] {logging_mixin.py:190} INFO - [2025-03-27T07:54:53.770+0530] {dag.py:3239} INFO - Sync 1 DAGs
[2025-03-27T07:54:53.777+0530] {logging_mixin.py:190} INFO - [2025-03-27T07:54:53.777+0530] {dag.py:4180} INFO - Setting next_dagrun for example_skip_dag to 2025-03-26 00:00:00+00:00, run_after=2025-03-27 00:00:00+00:00
[2025-03-27T07:54:53.784+0530] {processor.py:208} INFO - Processing /Users/uk/miniforge3/lib/python3.10/site-packages/airflow/example_dags/example_skip_dag.py took 0.062 seconds
[2025-03-27T07:56:37.273+0530] {processor.py:186} INFO - Started process (PID=20470) to work on /Users/uk/miniforge3/lib/python3.10/site-packages/airflow/example_dags/example_skip_dag.py
[2025-03-27T07:56:37.274+0530] {processor.py:914} INFO - Processing file /Users/uk/miniforge3/lib/python3.10/site-packages/airflow/example_dags/example_skip_dag.py for tasks to queue
[2025-03-27T07:56:37.274+0530] {logging_mixin.py:190} INFO - [2025-03-27T07:56:37.274+0530] {dagbag.py:588} INFO - Filling up the DagBag from /Users/uk/miniforge3/lib/python3.10/site-packages/airflow/example_dags/example_skip_dag.py
[2025-03-27T07:56:37.277+0530] {processor.py:925} INFO - DAG(s) 'example_skip_dag' retrieved from /Users/uk/miniforge3/lib/python3.10/site-packages/airflow/example_dags/example_skip_dag.py
[2025-03-27T07:56:37.317+0530] {logging_mixin.py:190} INFO - [2025-03-27T07:56:37.317+0530] {dag.py:3239} INFO - Sync 1 DAGs
[2025-03-27T07:56:37.324+0530] {logging_mixin.py:190} INFO - [2025-03-27T07:56:37.324+0530] {dag.py:4180} INFO - Setting next_dagrun for example_skip_dag to 2025-03-26 00:00:00+00:00, run_after=2025-03-27 00:00:00+00:00
[2025-03-27T07:56:37.331+0530] {processor.py:208} INFO - Processing /Users/uk/miniforge3/lib/python3.10/site-packages/airflow/example_dags/example_skip_dag.py took 0.059 seconds
[2025-03-27T07:57:53.902+0530] {processor.py:186} INFO - Started process (PID=20613) to work on /Users/uk/miniforge3/lib/python3.10/site-packages/airflow/example_dags/example_skip_dag.py
[2025-03-27T07:57:53.904+0530] {processor.py:914} INFO - Processing file /Users/uk/miniforge3/lib/python3.10/site-packages/airflow/example_dags/example_skip_dag.py for tasks to queue
[2025-03-27T07:57:53.904+0530] {logging_mixin.py:190} INFO - [2025-03-27T07:57:53.904+0530] {dagbag.py:588} INFO - Filling up the DagBag from /Users/uk/miniforge3/lib/python3.10/site-packages/airflow/example_dags/example_skip_dag.py
[2025-03-27T07:57:53.911+0530] {processor.py:925} INFO - DAG(s) 'example_skip_dag' retrieved from /Users/uk/miniforge3/lib/python3.10/site-packages/airflow/example_dags/example_skip_dag.py
[2025-03-27T07:57:53.962+0530] {logging_mixin.py:190} INFO - [2025-03-27T07:57:53.962+0530] {dag.py:3239} INFO - Sync 1 DAGs
[2025-03-27T07:57:53.969+0530] {logging_mixin.py:190} INFO - [2025-03-27T07:57:53.969+0530] {dag.py:4180} INFO - Setting next_dagrun for example_skip_dag to 2025-03-26 00:00:00+00:00, run_after=2025-03-27 00:00:00+00:00
[2025-03-27T07:57:53.976+0530] {processor.py:208} INFO - Processing /Users/uk/miniforge3/lib/python3.10/site-packages/airflow/example_dags/example_skip_dag.py took 0.075 seconds
[2025-03-27T07:59:12.956+0530] {processor.py:186} INFO - Started process (PID=20768) to work on /Users/uk/miniforge3/lib/python3.10/site-packages/airflow/example_dags/example_skip_dag.py
[2025-03-27T07:59:12.957+0530] {processor.py:914} INFO - Processing file /Users/uk/miniforge3/lib/python3.10/site-packages/airflow/example_dags/example_skip_dag.py for tasks to queue
[2025-03-27T07:59:12.957+0530] {logging_mixin.py:190} INFO - [2025-03-27T07:59:12.957+0530] {dagbag.py:588} INFO - Filling up the DagBag from /Users/uk/miniforge3/lib/python3.10/site-packages/airflow/example_dags/example_skip_dag.py
[2025-03-27T07:59:12.960+0530] {processor.py:925} INFO - DAG(s) 'example_skip_dag' retrieved from /Users/uk/miniforge3/lib/python3.10/site-packages/airflow/example_dags/example_skip_dag.py
[2025-03-27T07:59:13.000+0530] {logging_mixin.py:190} INFO - [2025-03-27T07:59:12.999+0530] {dag.py:3239} INFO - Sync 1 DAGs
[2025-03-27T07:59:13.006+0530] {logging_mixin.py:190} INFO - [2025-03-27T07:59:13.006+0530] {dag.py:4180} INFO - Setting next_dagrun for example_skip_dag to 2025-03-26 00:00:00+00:00, run_after=2025-03-27 00:00:00+00:00
[2025-03-27T07:59:13.012+0530] {processor.py:208} INFO - Processing /Users/uk/miniforge3/lib/python3.10/site-packages/airflow/example_dags/example_skip_dag.py took 0.058 seconds
[2025-03-27T08:00:26.032+0530] {processor.py:186} INFO - Started process (PID=20917) to work on /Users/uk/miniforge3/lib/python3.10/site-packages/airflow/example_dags/example_skip_dag.py
[2025-03-27T08:00:26.033+0530] {processor.py:914} INFO - Processing file /Users/uk/miniforge3/lib/python3.10/site-packages/airflow/example_dags/example_skip_dag.py for tasks to queue
[2025-03-27T08:00:26.034+0530] {logging_mixin.py:190} INFO - [2025-03-27T08:00:26.033+0530] {dagbag.py:588} INFO - Filling up the DagBag from /Users/uk/miniforge3/lib/python3.10/site-packages/airflow/example_dags/example_skip_dag.py
[2025-03-27T08:00:26.037+0530] {processor.py:925} INFO - DAG(s) 'example_skip_dag' retrieved from /Users/uk/miniforge3/lib/python3.10/site-packages/airflow/example_dags/example_skip_dag.py
[2025-03-27T08:00:26.080+0530] {logging_mixin.py:190} INFO - [2025-03-27T08:00:26.080+0530] {dag.py:3239} INFO - Sync 1 DAGs
[2025-03-27T08:00:26.087+0530] {logging_mixin.py:190} INFO - [2025-03-27T08:00:26.087+0530] {dag.py:4180} INFO - Setting next_dagrun for example_skip_dag to 2025-03-26 00:00:00+00:00, run_after=2025-03-27 00:00:00+00:00
[2025-03-27T08:00:26.096+0530] {processor.py:208} INFO - Processing /Users/uk/miniforge3/lib/python3.10/site-packages/airflow/example_dags/example_skip_dag.py took 0.065 seconds
[2025-03-27T08:01:43.662+0530] {processor.py:186} INFO - Started process (PID=21059) to work on /Users/uk/miniforge3/lib/python3.10/site-packages/airflow/example_dags/example_skip_dag.py
[2025-03-27T08:01:43.662+0530] {processor.py:914} INFO - Processing file /Users/uk/miniforge3/lib/python3.10/site-packages/airflow/example_dags/example_skip_dag.py for tasks to queue
[2025-03-27T08:01:43.663+0530] {logging_mixin.py:190} INFO - [2025-03-27T08:01:43.663+0530] {dagbag.py:588} INFO - Filling up the DagBag from /Users/uk/miniforge3/lib/python3.10/site-packages/airflow/example_dags/example_skip_dag.py
[2025-03-27T08:01:43.666+0530] {processor.py:925} INFO - DAG(s) 'example_skip_dag' retrieved from /Users/uk/miniforge3/lib/python3.10/site-packages/airflow/example_dags/example_skip_dag.py
[2025-03-27T08:01:43.704+0530] {logging_mixin.py:190} INFO - [2025-03-27T08:01:43.704+0530] {dag.py:3239} INFO - Sync 1 DAGs
[2025-03-27T08:01:43.711+0530] {logging_mixin.py:190} INFO - [2025-03-27T08:01:43.711+0530] {dag.py:4180} INFO - Setting next_dagrun for example_skip_dag to 2025-03-26 00:00:00+00:00, run_after=2025-03-27 00:00:00+00:00
[2025-03-27T08:01:43.718+0530] {processor.py:208} INFO - Processing /Users/uk/miniforge3/lib/python3.10/site-packages/airflow/example_dags/example_skip_dag.py took 0.057 seconds
[2025-03-27T08:03:00.631+0530] {processor.py:186} INFO - Started process (PID=21227) to work on /Users/uk/miniforge3/lib/python3.10/site-packages/airflow/example_dags/example_skip_dag.py
[2025-03-27T08:03:00.632+0530] {processor.py:914} INFO - Processing file /Users/uk/miniforge3/lib/python3.10/site-packages/airflow/example_dags/example_skip_dag.py for tasks to queue
[2025-03-27T08:03:00.632+0530] {logging_mixin.py:190} INFO - [2025-03-27T08:03:00.632+0530] {dagbag.py:588} INFO - Filling up the DagBag from /Users/uk/miniforge3/lib/python3.10/site-packages/airflow/example_dags/example_skip_dag.py
[2025-03-27T08:03:00.636+0530] {processor.py:925} INFO - DAG(s) 'example_skip_dag' retrieved from /Users/uk/miniforge3/lib/python3.10/site-packages/airflow/example_dags/example_skip_dag.py
[2025-03-27T08:03:00.675+0530] {logging_mixin.py:190} INFO - [2025-03-27T08:03:00.675+0530] {dag.py:3239} INFO - Sync 1 DAGs
[2025-03-27T08:03:00.682+0530] {logging_mixin.py:190} INFO - [2025-03-27T08:03:00.681+0530] {dag.py:4180} INFO - Setting next_dagrun for example_skip_dag to 2025-03-26 00:00:00+00:00, run_after=2025-03-27 00:00:00+00:00
[2025-03-27T08:03:00.688+0530] {processor.py:208} INFO - Processing /Users/uk/miniforge3/lib/python3.10/site-packages/airflow/example_dags/example_skip_dag.py took 0.058 seconds
[2025-03-27T08:04:16.845+0530] {processor.py:186} INFO - Started process (PID=21369) to work on /Users/uk/miniforge3/lib/python3.10/site-packages/airflow/example_dags/example_skip_dag.py
[2025-03-27T08:04:16.846+0530] {processor.py:914} INFO - Processing file /Users/uk/miniforge3/lib/python3.10/site-packages/airflow/example_dags/example_skip_dag.py for tasks to queue
[2025-03-27T08:04:16.847+0530] {logging_mixin.py:190} INFO - [2025-03-27T08:04:16.847+0530] {dagbag.py:588} INFO - Filling up the DagBag from /Users/uk/miniforge3/lib/python3.10/site-packages/airflow/example_dags/example_skip_dag.py
[2025-03-27T08:04:16.850+0530] {processor.py:925} INFO - DAG(s) 'example_skip_dag' retrieved from /Users/uk/miniforge3/lib/python3.10/site-packages/airflow/example_dags/example_skip_dag.py
[2025-03-27T08:04:16.888+0530] {logging_mixin.py:190} INFO - [2025-03-27T08:04:16.888+0530] {dag.py:3239} INFO - Sync 1 DAGs
[2025-03-27T08:04:16.896+0530] {logging_mixin.py:190} INFO - [2025-03-27T08:04:16.896+0530] {dag.py:4180} INFO - Setting next_dagrun for example_skip_dag to 2025-03-26 00:00:00+00:00, run_after=2025-03-27 00:00:00+00:00
[2025-03-27T08:04:16.902+0530] {processor.py:208} INFO - Processing /Users/uk/miniforge3/lib/python3.10/site-packages/airflow/example_dags/example_skip_dag.py took 0.058 seconds
[2025-03-27T08:05:29.292+0530] {processor.py:186} INFO - Started process (PID=21484) to work on /Users/uk/miniforge3/lib/python3.10/site-packages/airflow/example_dags/example_skip_dag.py
[2025-03-27T08:05:29.294+0530] {processor.py:914} INFO - Processing file /Users/uk/miniforge3/lib/python3.10/site-packages/airflow/example_dags/example_skip_dag.py for tasks to queue
[2025-03-27T08:05:29.294+0530] {logging_mixin.py:190} INFO - [2025-03-27T08:05:29.294+0530] {dagbag.py:588} INFO - Filling up the DagBag from /Users/uk/miniforge3/lib/python3.10/site-packages/airflow/example_dags/example_skip_dag.py
[2025-03-27T08:05:29.297+0530] {processor.py:925} INFO - DAG(s) 'example_skip_dag' retrieved from /Users/uk/miniforge3/lib/python3.10/site-packages/airflow/example_dags/example_skip_dag.py
[2025-03-27T08:05:29.341+0530] {logging_mixin.py:190} INFO - [2025-03-27T08:05:29.340+0530] {dag.py:3239} INFO - Sync 1 DAGs
[2025-03-27T08:05:29.348+0530] {logging_mixin.py:190} INFO - [2025-03-27T08:05:29.348+0530] {dag.py:4180} INFO - Setting next_dagrun for example_skip_dag to 2025-03-26 00:00:00+00:00, run_after=2025-03-27 00:00:00+00:00
[2025-03-27T08:05:29.355+0530] {processor.py:208} INFO - Processing /Users/uk/miniforge3/lib/python3.10/site-packages/airflow/example_dags/example_skip_dag.py took 0.064 seconds
[2025-03-27T08:06:43.908+0530] {processor.py:186} INFO - Started process (PID=21617) to work on /Users/uk/miniforge3/lib/python3.10/site-packages/airflow/example_dags/example_skip_dag.py
[2025-03-27T08:06:43.909+0530] {processor.py:914} INFO - Processing file /Users/uk/miniforge3/lib/python3.10/site-packages/airflow/example_dags/example_skip_dag.py for tasks to queue
[2025-03-27T08:06:43.909+0530] {logging_mixin.py:190} INFO - [2025-03-27T08:06:43.909+0530] {dagbag.py:588} INFO - Filling up the DagBag from /Users/uk/miniforge3/lib/python3.10/site-packages/airflow/example_dags/example_skip_dag.py
[2025-03-27T08:06:43.913+0530] {processor.py:925} INFO - DAG(s) 'example_skip_dag' retrieved from /Users/uk/miniforge3/lib/python3.10/site-packages/airflow/example_dags/example_skip_dag.py
[2025-03-27T08:06:43.956+0530] {logging_mixin.py:190} INFO - [2025-03-27T08:06:43.956+0530] {dag.py:3239} INFO - Sync 1 DAGs
[2025-03-27T08:06:43.964+0530] {logging_mixin.py:190} INFO - [2025-03-27T08:06:43.963+0530] {dag.py:4180} INFO - Setting next_dagrun for example_skip_dag to 2025-03-26 00:00:00+00:00, run_after=2025-03-27 00:00:00+00:00
[2025-03-27T08:06:43.971+0530] {processor.py:208} INFO - Processing /Users/uk/miniforge3/lib/python3.10/site-packages/airflow/example_dags/example_skip_dag.py took 0.064 seconds
[2025-03-27T08:08:08.458+0530] {processor.py:186} INFO - Started process (PID=21821) to work on /Users/uk/miniforge3/lib/python3.10/site-packages/airflow/example_dags/example_skip_dag.py
[2025-03-27T08:08:08.459+0530] {processor.py:914} INFO - Processing file /Users/uk/miniforge3/lib/python3.10/site-packages/airflow/example_dags/example_skip_dag.py for tasks to queue
[2025-03-27T08:08:08.459+0530] {logging_mixin.py:190} INFO - [2025-03-27T08:08:08.459+0530] {dagbag.py:588} INFO - Filling up the DagBag from /Users/uk/miniforge3/lib/python3.10/site-packages/airflow/example_dags/example_skip_dag.py
[2025-03-27T08:08:08.463+0530] {processor.py:925} INFO - DAG(s) 'example_skip_dag' retrieved from /Users/uk/miniforge3/lib/python3.10/site-packages/airflow/example_dags/example_skip_dag.py
[2025-03-27T08:08:08.506+0530] {logging_mixin.py:190} INFO - [2025-03-27T08:08:08.506+0530] {dag.py:3239} INFO - Sync 1 DAGs
[2025-03-27T08:08:08.516+0530] {logging_mixin.py:190} INFO - [2025-03-27T08:08:08.516+0530] {dag.py:4180} INFO - Setting next_dagrun for example_skip_dag to 2025-03-26 00:00:00+00:00, run_after=2025-03-27 00:00:00+00:00
[2025-03-27T08:08:08.523+0530] {processor.py:208} INFO - Processing /Users/uk/miniforge3/lib/python3.10/site-packages/airflow/example_dags/example_skip_dag.py took 0.066 seconds
[2025-03-27T08:09:26.193+0530] {processor.py:186} INFO - Started process (PID=21947) to work on /Users/uk/miniforge3/lib/python3.10/site-packages/airflow/example_dags/example_skip_dag.py
[2025-03-27T08:09:26.194+0530] {processor.py:914} INFO - Processing file /Users/uk/miniforge3/lib/python3.10/site-packages/airflow/example_dags/example_skip_dag.py for tasks to queue
[2025-03-27T08:09:26.194+0530] {logging_mixin.py:190} INFO - [2025-03-27T08:09:26.194+0530] {dagbag.py:588} INFO - Filling up the DagBag from /Users/uk/miniforge3/lib/python3.10/site-packages/airflow/example_dags/example_skip_dag.py
[2025-03-27T08:09:26.197+0530] {processor.py:925} INFO - DAG(s) 'example_skip_dag' retrieved from /Users/uk/miniforge3/lib/python3.10/site-packages/airflow/example_dags/example_skip_dag.py
[2025-03-27T08:09:26.237+0530] {logging_mixin.py:190} INFO - [2025-03-27T08:09:26.237+0530] {dag.py:3239} INFO - Sync 1 DAGs
[2025-03-27T08:09:26.244+0530] {logging_mixin.py:190} INFO - [2025-03-27T08:09:26.244+0530] {dag.py:4180} INFO - Setting next_dagrun for example_skip_dag to 2025-03-26 00:00:00+00:00, run_after=2025-03-27 00:00:00+00:00
[2025-03-27T08:09:26.250+0530] {processor.py:208} INFO - Processing /Users/uk/miniforge3/lib/python3.10/site-packages/airflow/example_dags/example_skip_dag.py took 0.058 seconds
[2025-03-27T08:10:42.828+0530] {processor.py:186} INFO - Started process (PID=22075) to work on /Users/uk/miniforge3/lib/python3.10/site-packages/airflow/example_dags/example_skip_dag.py
[2025-03-27T08:10:42.829+0530] {processor.py:914} INFO - Processing file /Users/uk/miniforge3/lib/python3.10/site-packages/airflow/example_dags/example_skip_dag.py for tasks to queue
[2025-03-27T08:10:42.829+0530] {logging_mixin.py:190} INFO - [2025-03-27T08:10:42.829+0530] {dagbag.py:588} INFO - Filling up the DagBag from /Users/uk/miniforge3/lib/python3.10/site-packages/airflow/example_dags/example_skip_dag.py
[2025-03-27T08:10:42.832+0530] {processor.py:925} INFO - DAG(s) 'example_skip_dag' retrieved from /Users/uk/miniforge3/lib/python3.10/site-packages/airflow/example_dags/example_skip_dag.py
[2025-03-27T08:10:42.870+0530] {logging_mixin.py:190} INFO - [2025-03-27T08:10:42.870+0530] {dag.py:3239} INFO - Sync 1 DAGs
[2025-03-27T08:10:42.877+0530] {logging_mixin.py:190} INFO - [2025-03-27T08:10:42.877+0530] {dag.py:4180} INFO - Setting next_dagrun for example_skip_dag to 2025-03-26 00:00:00+00:00, run_after=2025-03-27 00:00:00+00:00
[2025-03-27T08:10:42.883+0530] {processor.py:208} INFO - Processing /Users/uk/miniforge3/lib/python3.10/site-packages/airflow/example_dags/example_skip_dag.py took 0.057 seconds
