[2025-03-27T07:07:22.428+0530] {processor.py:186} INFO - Started process (PID=13382) to work on /Users/uk/miniforge3/lib/python3.10/site-packages/airflow/example_dags/example_dynamic_task_mapping_with_no_taskflow_operators.py
[2025-03-27T07:07:22.429+0530] {processor.py:914} INFO - Processing file /Users/uk/miniforge3/lib/python3.10/site-packages/airflow/example_dags/example_dynamic_task_mapping_with_no_taskflow_operators.py for tasks to queue
[2025-03-27T07:07:22.430+0530] {logging_mixin.py:190} INFO - [2025-03-27T07:07:22.429+0530] {dagbag.py:588} INFO - Filling up the DagBag from /Users/uk/miniforge3/lib/python3.10/site-packages/airflow/example_dags/example_dynamic_task_mapping_with_no_taskflow_operators.py
[2025-03-27T07:07:22.434+0530] {processor.py:925} INFO - DAG(s) 'example_dynamic_task_mapping_with_no_taskflow_operators' retrieved from /Users/uk/miniforge3/lib/python3.10/site-packages/airflow/example_dags/example_dynamic_task_mapping_with_no_taskflow_operators.py
[2025-03-27T07:07:22.474+0530] {logging_mixin.py:190} INFO - [2025-03-27T07:07:22.474+0530] {dag.py:3239} INFO - Sync 1 DAGs
[2025-03-27T07:07:22.478+0530] {logging_mixin.py:190} INFO - [2025-03-27T07:07:22.478+0530] {dag.py:4180} INFO - Setting next_dagrun for example_dynamic_task_mapping_with_no_taskflow_operators to None, run_after=None
[2025-03-27T07:07:22.485+0530] {processor.py:208} INFO - Processing /Users/uk/miniforge3/lib/python3.10/site-packages/airflow/example_dags/example_dynamic_task_mapping_with_no_taskflow_operators.py took 0.058 seconds
[2025-03-27T07:10:09.693+0530] {processor.py:186} INFO - Started process (PID=13684) to work on /Users/uk/miniforge3/lib/python3.10/site-packages/airflow/example_dags/example_dynamic_task_mapping_with_no_taskflow_operators.py
[2025-03-27T07:10:09.694+0530] {processor.py:914} INFO - Processing file /Users/uk/miniforge3/lib/python3.10/site-packages/airflow/example_dags/example_dynamic_task_mapping_with_no_taskflow_operators.py for tasks to queue
[2025-03-27T07:10:09.694+0530] {logging_mixin.py:190} INFO - [2025-03-27T07:10:09.694+0530] {dagbag.py:588} INFO - Filling up the DagBag from /Users/uk/miniforge3/lib/python3.10/site-packages/airflow/example_dags/example_dynamic_task_mapping_with_no_taskflow_operators.py
[2025-03-27T07:10:09.697+0530] {processor.py:925} INFO - DAG(s) 'example_dynamic_task_mapping_with_no_taskflow_operators' retrieved from /Users/uk/miniforge3/lib/python3.10/site-packages/airflow/example_dags/example_dynamic_task_mapping_with_no_taskflow_operators.py
[2025-03-27T07:10:09.736+0530] {logging_mixin.py:190} INFO - [2025-03-27T07:10:09.736+0530] {dag.py:3239} INFO - Sync 1 DAGs
[2025-03-27T07:10:09.740+0530] {logging_mixin.py:190} INFO - [2025-03-27T07:10:09.740+0530] {dag.py:4180} INFO - Setting next_dagrun for example_dynamic_task_mapping_with_no_taskflow_operators to None, run_after=None
[2025-03-27T07:10:09.746+0530] {processor.py:208} INFO - Processing /Users/uk/miniforge3/lib/python3.10/site-packages/airflow/example_dags/example_dynamic_task_mapping_with_no_taskflow_operators.py took 0.054 seconds
[2025-03-27T07:12:52.455+0530] {processor.py:186} INFO - Started process (PID=13974) to work on /Users/uk/miniforge3/lib/python3.10/site-packages/airflow/example_dags/example_dynamic_task_mapping_with_no_taskflow_operators.py
[2025-03-27T07:12:52.456+0530] {processor.py:914} INFO - Processing file /Users/uk/miniforge3/lib/python3.10/site-packages/airflow/example_dags/example_dynamic_task_mapping_with_no_taskflow_operators.py for tasks to queue
[2025-03-27T07:12:52.457+0530] {logging_mixin.py:190} INFO - [2025-03-27T07:12:52.457+0530] {dagbag.py:588} INFO - Filling up the DagBag from /Users/uk/miniforge3/lib/python3.10/site-packages/airflow/example_dags/example_dynamic_task_mapping_with_no_taskflow_operators.py
[2025-03-27T07:12:52.461+0530] {processor.py:925} INFO - DAG(s) 'example_dynamic_task_mapping_with_no_taskflow_operators' retrieved from /Users/uk/miniforge3/lib/python3.10/site-packages/airflow/example_dags/example_dynamic_task_mapping_with_no_taskflow_operators.py
[2025-03-27T07:12:52.507+0530] {logging_mixin.py:190} INFO - [2025-03-27T07:12:52.506+0530] {dag.py:3239} INFO - Sync 1 DAGs
[2025-03-27T07:12:52.511+0530] {logging_mixin.py:190} INFO - [2025-03-27T07:12:52.511+0530] {dag.py:4180} INFO - Setting next_dagrun for example_dynamic_task_mapping_with_no_taskflow_operators to None, run_after=None
[2025-03-27T07:12:52.518+0530] {processor.py:208} INFO - Processing /Users/uk/miniforge3/lib/python3.10/site-packages/airflow/example_dags/example_dynamic_task_mapping_with_no_taskflow_operators.py took 0.066 seconds
[2025-03-27T07:15:27.113+0530] {processor.py:186} INFO - Started process (PID=14246) to work on /Users/uk/miniforge3/lib/python3.10/site-packages/airflow/example_dags/example_dynamic_task_mapping_with_no_taskflow_operators.py
[2025-03-27T07:15:27.114+0530] {processor.py:914} INFO - Processing file /Users/uk/miniforge3/lib/python3.10/site-packages/airflow/example_dags/example_dynamic_task_mapping_with_no_taskflow_operators.py for tasks to queue
[2025-03-27T07:15:27.114+0530] {logging_mixin.py:190} INFO - [2025-03-27T07:15:27.114+0530] {dagbag.py:588} INFO - Filling up the DagBag from /Users/uk/miniforge3/lib/python3.10/site-packages/airflow/example_dags/example_dynamic_task_mapping_with_no_taskflow_operators.py
[2025-03-27T07:15:27.117+0530] {processor.py:925} INFO - DAG(s) 'example_dynamic_task_mapping_with_no_taskflow_operators' retrieved from /Users/uk/miniforge3/lib/python3.10/site-packages/airflow/example_dags/example_dynamic_task_mapping_with_no_taskflow_operators.py
[2025-03-27T07:15:27.160+0530] {logging_mixin.py:190} INFO - [2025-03-27T07:15:27.159+0530] {dag.py:3239} INFO - Sync 1 DAGs
[2025-03-27T07:15:27.165+0530] {logging_mixin.py:190} INFO - [2025-03-27T07:15:27.165+0530] {dag.py:4180} INFO - Setting next_dagrun for example_dynamic_task_mapping_with_no_taskflow_operators to None, run_after=None
[2025-03-27T07:15:27.172+0530] {processor.py:208} INFO - Processing /Users/uk/miniforge3/lib/python3.10/site-packages/airflow/example_dags/example_dynamic_task_mapping_with_no_taskflow_operators.py took 0.060 seconds
[2025-03-27T07:17:53.973+0530] {processor.py:186} INFO - Started process (PID=14493) to work on /Users/uk/miniforge3/lib/python3.10/site-packages/airflow/example_dags/example_dynamic_task_mapping_with_no_taskflow_operators.py
[2025-03-27T07:17:53.974+0530] {processor.py:914} INFO - Processing file /Users/uk/miniforge3/lib/python3.10/site-packages/airflow/example_dags/example_dynamic_task_mapping_with_no_taskflow_operators.py for tasks to queue
[2025-03-27T07:17:53.974+0530] {logging_mixin.py:190} INFO - [2025-03-27T07:17:53.974+0530] {dagbag.py:588} INFO - Filling up the DagBag from /Users/uk/miniforge3/lib/python3.10/site-packages/airflow/example_dags/example_dynamic_task_mapping_with_no_taskflow_operators.py
[2025-03-27T07:17:53.977+0530] {processor.py:925} INFO - DAG(s) 'example_dynamic_task_mapping_with_no_taskflow_operators' retrieved from /Users/uk/miniforge3/lib/python3.10/site-packages/airflow/example_dags/example_dynamic_task_mapping_with_no_taskflow_operators.py
[2025-03-27T07:17:54.019+0530] {logging_mixin.py:190} INFO - [2025-03-27T07:17:54.019+0530] {dag.py:3239} INFO - Sync 1 DAGs
[2025-03-27T07:17:54.023+0530] {logging_mixin.py:190} INFO - [2025-03-27T07:17:54.023+0530] {dag.py:4180} INFO - Setting next_dagrun for example_dynamic_task_mapping_with_no_taskflow_operators to None, run_after=None
[2025-03-27T07:17:54.030+0530] {processor.py:208} INFO - Processing /Users/uk/miniforge3/lib/python3.10/site-packages/airflow/example_dags/example_dynamic_task_mapping_with_no_taskflow_operators.py took 0.058 seconds
[2025-03-27T07:20:20.131+0530] {processor.py:186} INFO - Started process (PID=15020) to work on /Users/uk/miniforge3/lib/python3.10/site-packages/airflow/example_dags/example_dynamic_task_mapping_with_no_taskflow_operators.py
[2025-03-27T07:20:20.131+0530] {processor.py:914} INFO - Processing file /Users/uk/miniforge3/lib/python3.10/site-packages/airflow/example_dags/example_dynamic_task_mapping_with_no_taskflow_operators.py for tasks to queue
[2025-03-27T07:20:20.132+0530] {logging_mixin.py:190} INFO - [2025-03-27T07:20:20.132+0530] {dagbag.py:588} INFO - Filling up the DagBag from /Users/uk/miniforge3/lib/python3.10/site-packages/airflow/example_dags/example_dynamic_task_mapping_with_no_taskflow_operators.py
[2025-03-27T07:20:20.135+0530] {processor.py:925} INFO - DAG(s) 'example_dynamic_task_mapping_with_no_taskflow_operators' retrieved from /Users/uk/miniforge3/lib/python3.10/site-packages/airflow/example_dags/example_dynamic_task_mapping_with_no_taskflow_operators.py
[2025-03-27T07:20:20.177+0530] {logging_mixin.py:190} INFO - [2025-03-27T07:20:20.177+0530] {dag.py:3239} INFO - Sync 1 DAGs
[2025-03-27T07:20:20.182+0530] {logging_mixin.py:190} INFO - [2025-03-27T07:20:20.181+0530] {dag.py:4180} INFO - Setting next_dagrun for example_dynamic_task_mapping_with_no_taskflow_operators to None, run_after=None
[2025-03-27T07:20:20.189+0530] {processor.py:208} INFO - Processing /Users/uk/miniforge3/lib/python3.10/site-packages/airflow/example_dags/example_dynamic_task_mapping_with_no_taskflow_operators.py took 0.059 seconds
[2025-03-27T07:22:43.991+0530] {processor.py:186} INFO - Started process (PID=15276) to work on /Users/uk/miniforge3/lib/python3.10/site-packages/airflow/example_dags/example_dynamic_task_mapping_with_no_taskflow_operators.py
[2025-03-27T07:22:43.991+0530] {processor.py:914} INFO - Processing file /Users/uk/miniforge3/lib/python3.10/site-packages/airflow/example_dags/example_dynamic_task_mapping_with_no_taskflow_operators.py for tasks to queue
[2025-03-27T07:22:43.992+0530] {logging_mixin.py:190} INFO - [2025-03-27T07:22:43.992+0530] {dagbag.py:588} INFO - Filling up the DagBag from /Users/uk/miniforge3/lib/python3.10/site-packages/airflow/example_dags/example_dynamic_task_mapping_with_no_taskflow_operators.py
[2025-03-27T07:22:43.995+0530] {processor.py:925} INFO - DAG(s) 'example_dynamic_task_mapping_with_no_taskflow_operators' retrieved from /Users/uk/miniforge3/lib/python3.10/site-packages/airflow/example_dags/example_dynamic_task_mapping_with_no_taskflow_operators.py
[2025-03-27T07:22:44.036+0530] {logging_mixin.py:190} INFO - [2025-03-27T07:22:44.036+0530] {dag.py:3239} INFO - Sync 1 DAGs
[2025-03-27T07:22:44.040+0530] {logging_mixin.py:190} INFO - [2025-03-27T07:22:44.040+0530] {dag.py:4180} INFO - Setting next_dagrun for example_dynamic_task_mapping_with_no_taskflow_operators to None, run_after=None
[2025-03-27T07:22:44.047+0530] {processor.py:208} INFO - Processing /Users/uk/miniforge3/lib/python3.10/site-packages/airflow/example_dags/example_dynamic_task_mapping_with_no_taskflow_operators.py took 0.057 seconds
[2025-03-27T07:25:05.020+0530] {processor.py:186} INFO - Started process (PID=15557) to work on /Users/uk/miniforge3/lib/python3.10/site-packages/airflow/example_dags/example_dynamic_task_mapping_with_no_taskflow_operators.py
[2025-03-27T07:25:05.021+0530] {processor.py:914} INFO - Processing file /Users/uk/miniforge3/lib/python3.10/site-packages/airflow/example_dags/example_dynamic_task_mapping_with_no_taskflow_operators.py for tasks to queue
[2025-03-27T07:25:05.022+0530] {logging_mixin.py:190} INFO - [2025-03-27T07:25:05.021+0530] {dagbag.py:588} INFO - Filling up the DagBag from /Users/uk/miniforge3/lib/python3.10/site-packages/airflow/example_dags/example_dynamic_task_mapping_with_no_taskflow_operators.py
[2025-03-27T07:25:05.024+0530] {processor.py:925} INFO - DAG(s) 'example_dynamic_task_mapping_with_no_taskflow_operators' retrieved from /Users/uk/miniforge3/lib/python3.10/site-packages/airflow/example_dags/example_dynamic_task_mapping_with_no_taskflow_operators.py
[2025-03-27T07:25:05.063+0530] {logging_mixin.py:190} INFO - [2025-03-27T07:25:05.063+0530] {dag.py:3239} INFO - Sync 1 DAGs
[2025-03-27T07:25:05.067+0530] {logging_mixin.py:190} INFO - [2025-03-27T07:25:05.067+0530] {dag.py:4180} INFO - Setting next_dagrun for example_dynamic_task_mapping_with_no_taskflow_operators to None, run_after=None
[2025-03-27T07:25:05.073+0530] {processor.py:208} INFO - Processing /Users/uk/miniforge3/lib/python3.10/site-packages/airflow/example_dags/example_dynamic_task_mapping_with_no_taskflow_operators.py took 0.054 seconds
[2025-03-27T07:27:29.896+0530] {processor.py:186} INFO - Started process (PID=15786) to work on /Users/uk/miniforge3/lib/python3.10/site-packages/airflow/example_dags/example_dynamic_task_mapping_with_no_taskflow_operators.py
[2025-03-27T07:27:29.897+0530] {processor.py:914} INFO - Processing file /Users/uk/miniforge3/lib/python3.10/site-packages/airflow/example_dags/example_dynamic_task_mapping_with_no_taskflow_operators.py for tasks to queue
[2025-03-27T07:27:29.897+0530] {logging_mixin.py:190} INFO - [2025-03-27T07:27:29.897+0530] {dagbag.py:588} INFO - Filling up the DagBag from /Users/uk/miniforge3/lib/python3.10/site-packages/airflow/example_dags/example_dynamic_task_mapping_with_no_taskflow_operators.py
[2025-03-27T07:27:29.900+0530] {processor.py:925} INFO - DAG(s) 'example_dynamic_task_mapping_with_no_taskflow_operators' retrieved from /Users/uk/miniforge3/lib/python3.10/site-packages/airflow/example_dags/example_dynamic_task_mapping_with_no_taskflow_operators.py
[2025-03-27T07:27:29.938+0530] {logging_mixin.py:190} INFO - [2025-03-27T07:27:29.938+0530] {dag.py:3239} INFO - Sync 1 DAGs
[2025-03-27T07:27:29.942+0530] {logging_mixin.py:190} INFO - [2025-03-27T07:27:29.942+0530] {dag.py:4180} INFO - Setting next_dagrun for example_dynamic_task_mapping_with_no_taskflow_operators to None, run_after=None
[2025-03-27T07:27:29.948+0530] {processor.py:208} INFO - Processing /Users/uk/miniforge3/lib/python3.10/site-packages/airflow/example_dags/example_dynamic_task_mapping_with_no_taskflow_operators.py took 0.053 seconds
[2025-03-27T07:29:58.402+0530] {processor.py:186} INFO - Started process (PID=16056) to work on /Users/uk/miniforge3/lib/python3.10/site-packages/airflow/example_dags/example_dynamic_task_mapping_with_no_taskflow_operators.py
[2025-03-27T07:29:58.403+0530] {processor.py:914} INFO - Processing file /Users/uk/miniforge3/lib/python3.10/site-packages/airflow/example_dags/example_dynamic_task_mapping_with_no_taskflow_operators.py for tasks to queue
[2025-03-27T07:29:58.404+0530] {logging_mixin.py:190} INFO - [2025-03-27T07:29:58.404+0530] {dagbag.py:588} INFO - Filling up the DagBag from /Users/uk/miniforge3/lib/python3.10/site-packages/airflow/example_dags/example_dynamic_task_mapping_with_no_taskflow_operators.py
[2025-03-27T07:29:58.408+0530] {processor.py:925} INFO - DAG(s) 'example_dynamic_task_mapping_with_no_taskflow_operators' retrieved from /Users/uk/miniforge3/lib/python3.10/site-packages/airflow/example_dags/example_dynamic_task_mapping_with_no_taskflow_operators.py
[2025-03-27T07:29:58.448+0530] {logging_mixin.py:190} INFO - [2025-03-27T07:29:58.448+0530] {dag.py:3239} INFO - Sync 1 DAGs
[2025-03-27T07:29:58.452+0530] {logging_mixin.py:190} INFO - [2025-03-27T07:29:58.452+0530] {dag.py:4180} INFO - Setting next_dagrun for example_dynamic_task_mapping_with_no_taskflow_operators to None, run_after=None
[2025-03-27T07:29:58.458+0530] {processor.py:208} INFO - Processing /Users/uk/miniforge3/lib/python3.10/site-packages/airflow/example_dags/example_dynamic_task_mapping_with_no_taskflow_operators.py took 0.057 seconds
[2025-03-27T07:32:30.678+0530] {processor.py:186} INFO - Started process (PID=16372) to work on /Users/uk/miniforge3/lib/python3.10/site-packages/airflow/example_dags/example_dynamic_task_mapping_with_no_taskflow_operators.py
[2025-03-27T07:32:30.679+0530] {processor.py:914} INFO - Processing file /Users/uk/miniforge3/lib/python3.10/site-packages/airflow/example_dags/example_dynamic_task_mapping_with_no_taskflow_operators.py for tasks to queue
[2025-03-27T07:32:30.680+0530] {logging_mixin.py:190} INFO - [2025-03-27T07:32:30.680+0530] {dagbag.py:588} INFO - Filling up the DagBag from /Users/uk/miniforge3/lib/python3.10/site-packages/airflow/example_dags/example_dynamic_task_mapping_with_no_taskflow_operators.py
[2025-03-27T07:32:30.683+0530] {processor.py:925} INFO - DAG(s) 'example_dynamic_task_mapping_with_no_taskflow_operators' retrieved from /Users/uk/miniforge3/lib/python3.10/site-packages/airflow/example_dags/example_dynamic_task_mapping_with_no_taskflow_operators.py
[2025-03-27T07:32:30.721+0530] {logging_mixin.py:190} INFO - [2025-03-27T07:32:30.721+0530] {dag.py:3239} INFO - Sync 1 DAGs
[2025-03-27T07:32:30.725+0530] {logging_mixin.py:190} INFO - [2025-03-27T07:32:30.725+0530] {dag.py:4180} INFO - Setting next_dagrun for example_dynamic_task_mapping_with_no_taskflow_operators to None, run_after=None
[2025-03-27T07:32:30.732+0530] {processor.py:208} INFO - Processing /Users/uk/miniforge3/lib/python3.10/site-packages/airflow/example_dags/example_dynamic_task_mapping_with_no_taskflow_operators.py took 0.054 seconds
[2025-03-27T07:35:00.458+0530] {processor.py:186} INFO - Started process (PID=16664) to work on /Users/uk/miniforge3/lib/python3.10/site-packages/airflow/example_dags/example_dynamic_task_mapping_with_no_taskflow_operators.py
[2025-03-27T07:35:00.459+0530] {processor.py:914} INFO - Processing file /Users/uk/miniforge3/lib/python3.10/site-packages/airflow/example_dags/example_dynamic_task_mapping_with_no_taskflow_operators.py for tasks to queue
[2025-03-27T07:35:00.460+0530] {logging_mixin.py:190} INFO - [2025-03-27T07:35:00.460+0530] {dagbag.py:588} INFO - Filling up the DagBag from /Users/uk/miniforge3/lib/python3.10/site-packages/airflow/example_dags/example_dynamic_task_mapping_with_no_taskflow_operators.py
[2025-03-27T07:35:00.463+0530] {processor.py:925} INFO - DAG(s) 'example_dynamic_task_mapping_with_no_taskflow_operators' retrieved from /Users/uk/miniforge3/lib/python3.10/site-packages/airflow/example_dags/example_dynamic_task_mapping_with_no_taskflow_operators.py
[2025-03-27T07:35:00.504+0530] {logging_mixin.py:190} INFO - [2025-03-27T07:35:00.504+0530] {dag.py:3239} INFO - Sync 1 DAGs
[2025-03-27T07:35:00.508+0530] {logging_mixin.py:190} INFO - [2025-03-27T07:35:00.508+0530] {dag.py:4180} INFO - Setting next_dagrun for example_dynamic_task_mapping_with_no_taskflow_operators to None, run_after=None
[2025-03-27T07:35:00.515+0530] {processor.py:208} INFO - Processing /Users/uk/miniforge3/lib/python3.10/site-packages/airflow/example_dags/example_dynamic_task_mapping_with_no_taskflow_operators.py took 0.059 seconds
[2025-03-27T07:40:21.506+0530] {processor.py:186} INFO - Started process (PID=17381) to work on /Users/uk/miniforge3/lib/python3.10/site-packages/airflow/example_dags/example_dynamic_task_mapping_with_no_taskflow_operators.py
[2025-03-27T07:40:21.507+0530] {processor.py:914} INFO - Processing file /Users/uk/miniforge3/lib/python3.10/site-packages/airflow/example_dags/example_dynamic_task_mapping_with_no_taskflow_operators.py for tasks to queue
[2025-03-27T07:40:21.507+0530] {logging_mixin.py:190} INFO - [2025-03-27T07:40:21.507+0530] {dagbag.py:588} INFO - Filling up the DagBag from /Users/uk/miniforge3/lib/python3.10/site-packages/airflow/example_dags/example_dynamic_task_mapping_with_no_taskflow_operators.py
[2025-03-27T07:40:21.510+0530] {processor.py:925} INFO - DAG(s) 'example_dynamic_task_mapping_with_no_taskflow_operators' retrieved from /Users/uk/miniforge3/lib/python3.10/site-packages/airflow/example_dags/example_dynamic_task_mapping_with_no_taskflow_operators.py
[2025-03-27T07:40:21.583+0530] {logging_mixin.py:190} INFO - [2025-03-27T07:40:21.583+0530] {override.py:1930} INFO - Created Permission View: can delete on DAG:example_dynamic_task_mapping_with_no_taskflow_operators
[2025-03-27T07:40:21.586+0530] {logging_mixin.py:190} INFO - [2025-03-27T07:40:21.586+0530] {override.py:1930} INFO - Created Permission View: can edit on DAG:example_dynamic_task_mapping_with_no_taskflow_operators
[2025-03-27T07:40:21.588+0530] {logging_mixin.py:190} INFO - [2025-03-27T07:40:21.588+0530] {override.py:1930} INFO - Created Permission View: can read on DAG:example_dynamic_task_mapping_with_no_taskflow_operators
[2025-03-27T07:40:21.591+0530] {logging_mixin.py:190} INFO - [2025-03-27T07:40:21.591+0530] {override.py:1930} INFO - Created Permission View: can create on DAG Run:example_dynamic_task_mapping_with_no_taskflow_operators
[2025-03-27T07:40:21.593+0530] {logging_mixin.py:190} INFO - [2025-03-27T07:40:21.593+0530] {override.py:1930} INFO - Created Permission View: can delete on DAG Run:example_dynamic_task_mapping_with_no_taskflow_operators
[2025-03-27T07:40:21.595+0530] {logging_mixin.py:190} INFO - [2025-03-27T07:40:21.595+0530] {override.py:1930} INFO - Created Permission View: can read on DAG Run:example_dynamic_task_mapping_with_no_taskflow_operators
[2025-03-27T07:40:21.597+0530] {logging_mixin.py:190} INFO - [2025-03-27T07:40:21.597+0530] {override.py:1930} INFO - Created Permission View: menu access on DAG Run:example_dynamic_task_mapping_with_no_taskflow_operators
[2025-03-27T07:40:21.597+0530] {logging_mixin.py:190} INFO - [2025-03-27T07:40:21.597+0530] {dag.py:3239} INFO - Sync 1 DAGs
[2025-03-27T07:40:21.601+0530] {logging_mixin.py:190} INFO - [2025-03-27T07:40:21.601+0530] {dag.py:3262} INFO - Creating ORM DAG for example_dynamic_task_mapping_with_no_taskflow_operators
[2025-03-27T07:40:21.602+0530] {logging_mixin.py:190} INFO - [2025-03-27T07:40:21.602+0530] {dag.py:4180} INFO - Setting next_dagrun for example_dynamic_task_mapping_with_no_taskflow_operators to None, run_after=None
[2025-03-27T07:40:21.607+0530] {processor.py:208} INFO - Processing /Users/uk/miniforge3/lib/python3.10/site-packages/airflow/example_dags/example_dynamic_task_mapping_with_no_taskflow_operators.py took 0.102 seconds
[2025-03-27T07:42:56.572+0530] {processor.py:186} INFO - Started process (PID=17718) to work on /Users/uk/miniforge3/lib/python3.10/site-packages/airflow/example_dags/example_dynamic_task_mapping_with_no_taskflow_operators.py
[2025-03-27T07:42:56.573+0530] {processor.py:914} INFO - Processing file /Users/uk/miniforge3/lib/python3.10/site-packages/airflow/example_dags/example_dynamic_task_mapping_with_no_taskflow_operators.py for tasks to queue
[2025-03-27T07:42:56.573+0530] {logging_mixin.py:190} INFO - [2025-03-27T07:42:56.573+0530] {dagbag.py:588} INFO - Filling up the DagBag from /Users/uk/miniforge3/lib/python3.10/site-packages/airflow/example_dags/example_dynamic_task_mapping_with_no_taskflow_operators.py
[2025-03-27T07:42:56.576+0530] {processor.py:925} INFO - DAG(s) 'example_dynamic_task_mapping_with_no_taskflow_operators' retrieved from /Users/uk/miniforge3/lib/python3.10/site-packages/airflow/example_dags/example_dynamic_task_mapping_with_no_taskflow_operators.py
[2025-03-27T07:42:56.617+0530] {logging_mixin.py:190} INFO - [2025-03-27T07:42:56.617+0530] {dag.py:3239} INFO - Sync 1 DAGs
[2025-03-27T07:42:56.621+0530] {logging_mixin.py:190} INFO - [2025-03-27T07:42:56.621+0530] {dag.py:4180} INFO - Setting next_dagrun for example_dynamic_task_mapping_with_no_taskflow_operators to None, run_after=None
[2025-03-27T07:42:56.628+0530] {processor.py:208} INFO - Processing /Users/uk/miniforge3/lib/python3.10/site-packages/airflow/example_dags/example_dynamic_task_mapping_with_no_taskflow_operators.py took 0.057 seconds
[2025-03-27T07:45:23.008+0530] {processor.py:186} INFO - Started process (PID=18091) to work on /Users/uk/miniforge3/lib/python3.10/site-packages/airflow/example_dags/example_dynamic_task_mapping_with_no_taskflow_operators.py
[2025-03-27T07:45:23.009+0530] {processor.py:914} INFO - Processing file /Users/uk/miniforge3/lib/python3.10/site-packages/airflow/example_dags/example_dynamic_task_mapping_with_no_taskflow_operators.py for tasks to queue
[2025-03-27T07:45:23.009+0530] {logging_mixin.py:190} INFO - [2025-03-27T07:45:23.009+0530] {dagbag.py:588} INFO - Filling up the DagBag from /Users/uk/miniforge3/lib/python3.10/site-packages/airflow/example_dags/example_dynamic_task_mapping_with_no_taskflow_operators.py
[2025-03-27T07:45:23.013+0530] {processor.py:925} INFO - DAG(s) 'example_dynamic_task_mapping_with_no_taskflow_operators' retrieved from /Users/uk/miniforge3/lib/python3.10/site-packages/airflow/example_dags/example_dynamic_task_mapping_with_no_taskflow_operators.py
[2025-03-27T07:45:23.052+0530] {logging_mixin.py:190} INFO - [2025-03-27T07:45:23.052+0530] {dag.py:3239} INFO - Sync 1 DAGs
[2025-03-27T07:45:23.056+0530] {logging_mixin.py:190} INFO - [2025-03-27T07:45:23.056+0530] {dag.py:4180} INFO - Setting next_dagrun for example_dynamic_task_mapping_with_no_taskflow_operators to None, run_after=None
[2025-03-27T07:45:23.063+0530] {processor.py:208} INFO - Processing /Users/uk/miniforge3/lib/python3.10/site-packages/airflow/example_dags/example_dynamic_task_mapping_with_no_taskflow_operators.py took 0.055 seconds
[2025-03-27T07:47:08.497+0530] {processor.py:186} INFO - Started process (PID=18332) to work on /Users/uk/miniforge3/lib/python3.10/site-packages/airflow/example_dags/example_dynamic_task_mapping_with_no_taskflow_operators.py
[2025-03-27T07:47:08.497+0530] {processor.py:914} INFO - Processing file /Users/uk/miniforge3/lib/python3.10/site-packages/airflow/example_dags/example_dynamic_task_mapping_with_no_taskflow_operators.py for tasks to queue
[2025-03-27T07:47:08.498+0530] {logging_mixin.py:190} INFO - [2025-03-27T07:47:08.497+0530] {dagbag.py:588} INFO - Filling up the DagBag from /Users/uk/miniforge3/lib/python3.10/site-packages/airflow/example_dags/example_dynamic_task_mapping_with_no_taskflow_operators.py
[2025-03-27T07:47:08.500+0530] {processor.py:925} INFO - DAG(s) 'example_dynamic_task_mapping_with_no_taskflow_operators' retrieved from /Users/uk/miniforge3/lib/python3.10/site-packages/airflow/example_dags/example_dynamic_task_mapping_with_no_taskflow_operators.py
[2025-03-27T07:47:08.538+0530] {logging_mixin.py:190} INFO - [2025-03-27T07:47:08.538+0530] {dag.py:3239} INFO - Sync 1 DAGs
[2025-03-27T07:47:08.543+0530] {logging_mixin.py:190} INFO - [2025-03-27T07:47:08.542+0530] {dag.py:4180} INFO - Setting next_dagrun for example_dynamic_task_mapping_with_no_taskflow_operators to None, run_after=None
[2025-03-27T07:47:08.549+0530] {processor.py:208} INFO - Processing /Users/uk/miniforge3/lib/python3.10/site-packages/airflow/example_dags/example_dynamic_task_mapping_with_no_taskflow_operators.py took 0.054 seconds
[2025-03-27T07:49:45.810+0530] {processor.py:186} INFO - Started process (PID=18608) to work on /Users/uk/miniforge3/lib/python3.10/site-packages/airflow/example_dags/example_dynamic_task_mapping_with_no_taskflow_operators.py
[2025-03-27T07:49:45.810+0530] {processor.py:914} INFO - Processing file /Users/uk/miniforge3/lib/python3.10/site-packages/airflow/example_dags/example_dynamic_task_mapping_with_no_taskflow_operators.py for tasks to queue
[2025-03-27T07:49:45.811+0530] {logging_mixin.py:190} INFO - [2025-03-27T07:49:45.811+0530] {dagbag.py:588} INFO - Filling up the DagBag from /Users/uk/miniforge3/lib/python3.10/site-packages/airflow/example_dags/example_dynamic_task_mapping_with_no_taskflow_operators.py
[2025-03-27T07:49:45.815+0530] {processor.py:925} INFO - DAG(s) 'example_dynamic_task_mapping_with_no_taskflow_operators' retrieved from /Users/uk/miniforge3/lib/python3.10/site-packages/airflow/example_dags/example_dynamic_task_mapping_with_no_taskflow_operators.py
[2025-03-27T07:49:45.858+0530] {logging_mixin.py:190} INFO - [2025-03-27T07:49:45.858+0530] {dag.py:3239} INFO - Sync 1 DAGs
[2025-03-27T07:49:45.862+0530] {logging_mixin.py:190} INFO - [2025-03-27T07:49:45.862+0530] {dag.py:4180} INFO - Setting next_dagrun for example_dynamic_task_mapping_with_no_taskflow_operators to None, run_after=None
[2025-03-27T07:49:45.870+0530] {processor.py:208} INFO - Processing /Users/uk/miniforge3/lib/python3.10/site-packages/airflow/example_dags/example_dynamic_task_mapping_with_no_taskflow_operators.py took 0.062 seconds
[2025-03-27T07:55:29.635+0530] {processor.py:186} INFO - Started process (PID=20328) to work on /Users/uk/miniforge3/lib/python3.10/site-packages/airflow/example_dags/example_dynamic_task_mapping_with_no_taskflow_operators.py
[2025-03-27T07:55:29.637+0530] {processor.py:914} INFO - Processing file /Users/uk/miniforge3/lib/python3.10/site-packages/airflow/example_dags/example_dynamic_task_mapping_with_no_taskflow_operators.py for tasks to queue
[2025-03-27T07:55:29.638+0530] {logging_mixin.py:190} INFO - [2025-03-27T07:55:29.638+0530] {dagbag.py:588} INFO - Filling up the DagBag from /Users/uk/miniforge3/lib/python3.10/site-packages/airflow/example_dags/example_dynamic_task_mapping_with_no_taskflow_operators.py
[2025-03-27T07:55:29.641+0530] {processor.py:925} INFO - DAG(s) 'example_dynamic_task_mapping_with_no_taskflow_operators' retrieved from /Users/uk/miniforge3/lib/python3.10/site-packages/airflow/example_dags/example_dynamic_task_mapping_with_no_taskflow_operators.py
[2025-03-27T07:55:29.684+0530] {logging_mixin.py:190} INFO - [2025-03-27T07:55:29.684+0530] {dag.py:3239} INFO - Sync 1 DAGs
[2025-03-27T07:55:29.688+0530] {logging_mixin.py:190} INFO - [2025-03-27T07:55:29.688+0530] {dag.py:4180} INFO - Setting next_dagrun for example_dynamic_task_mapping_with_no_taskflow_operators to None, run_after=None
[2025-03-27T07:55:29.696+0530] {processor.py:208} INFO - Processing /Users/uk/miniforge3/lib/python3.10/site-packages/airflow/example_dags/example_dynamic_task_mapping_with_no_taskflow_operators.py took 0.062 seconds
[2025-03-27T07:58:03.905+0530] {processor.py:186} INFO - Started process (PID=20635) to work on /Users/uk/miniforge3/lib/python3.10/site-packages/airflow/example_dags/example_dynamic_task_mapping_with_no_taskflow_operators.py
[2025-03-27T07:58:03.906+0530] {processor.py:914} INFO - Processing file /Users/uk/miniforge3/lib/python3.10/site-packages/airflow/example_dags/example_dynamic_task_mapping_with_no_taskflow_operators.py for tasks to queue
[2025-03-27T07:58:03.906+0530] {logging_mixin.py:190} INFO - [2025-03-27T07:58:03.906+0530] {dagbag.py:588} INFO - Filling up the DagBag from /Users/uk/miniforge3/lib/python3.10/site-packages/airflow/example_dags/example_dynamic_task_mapping_with_no_taskflow_operators.py
[2025-03-27T07:58:03.912+0530] {processor.py:925} INFO - DAG(s) 'example_dynamic_task_mapping_with_no_taskflow_operators' retrieved from /Users/uk/miniforge3/lib/python3.10/site-packages/airflow/example_dags/example_dynamic_task_mapping_with_no_taskflow_operators.py
[2025-03-27T07:58:03.956+0530] {logging_mixin.py:190} INFO - [2025-03-27T07:58:03.956+0530] {dag.py:3239} INFO - Sync 1 DAGs
[2025-03-27T07:58:03.960+0530] {logging_mixin.py:190} INFO - [2025-03-27T07:58:03.960+0530] {dag.py:4180} INFO - Setting next_dagrun for example_dynamic_task_mapping_with_no_taskflow_operators to None, run_after=None
[2025-03-27T07:58:03.969+0530] {processor.py:208} INFO - Processing /Users/uk/miniforge3/lib/python3.10/site-packages/airflow/example_dags/example_dynamic_task_mapping_with_no_taskflow_operators.py took 0.065 seconds
[2025-03-27T08:00:33.866+0530] {processor.py:186} INFO - Started process (PID=20931) to work on /Users/uk/miniforge3/lib/python3.10/site-packages/airflow/example_dags/example_dynamic_task_mapping_with_no_taskflow_operators.py
[2025-03-27T08:00:33.866+0530] {processor.py:914} INFO - Processing file /Users/uk/miniforge3/lib/python3.10/site-packages/airflow/example_dags/example_dynamic_task_mapping_with_no_taskflow_operators.py for tasks to queue
[2025-03-27T08:00:33.867+0530] {logging_mixin.py:190} INFO - [2025-03-27T08:00:33.867+0530] {dagbag.py:588} INFO - Filling up the DagBag from /Users/uk/miniforge3/lib/python3.10/site-packages/airflow/example_dags/example_dynamic_task_mapping_with_no_taskflow_operators.py
[2025-03-27T08:00:33.870+0530] {processor.py:925} INFO - DAG(s) 'example_dynamic_task_mapping_with_no_taskflow_operators' retrieved from /Users/uk/miniforge3/lib/python3.10/site-packages/airflow/example_dags/example_dynamic_task_mapping_with_no_taskflow_operators.py
[2025-03-27T08:00:33.909+0530] {logging_mixin.py:190} INFO - [2025-03-27T08:00:33.909+0530] {dag.py:3239} INFO - Sync 1 DAGs
[2025-03-27T08:00:33.913+0530] {logging_mixin.py:190} INFO - [2025-03-27T08:00:33.913+0530] {dag.py:4180} INFO - Setting next_dagrun for example_dynamic_task_mapping_with_no_taskflow_operators to None, run_after=None
[2025-03-27T08:00:33.920+0530] {processor.py:208} INFO - Processing /Users/uk/miniforge3/lib/python3.10/site-packages/airflow/example_dags/example_dynamic_task_mapping_with_no_taskflow_operators.py took 0.055 seconds
[2025-03-27T08:03:07.776+0530] {processor.py:186} INFO - Started process (PID=21239) to work on /Users/uk/miniforge3/lib/python3.10/site-packages/airflow/example_dags/example_dynamic_task_mapping_with_no_taskflow_operators.py
[2025-03-27T08:03:07.777+0530] {processor.py:914} INFO - Processing file /Users/uk/miniforge3/lib/python3.10/site-packages/airflow/example_dags/example_dynamic_task_mapping_with_no_taskflow_operators.py for tasks to queue
[2025-03-27T08:03:07.777+0530] {logging_mixin.py:190} INFO - [2025-03-27T08:03:07.777+0530] {dagbag.py:588} INFO - Filling up the DagBag from /Users/uk/miniforge3/lib/python3.10/site-packages/airflow/example_dags/example_dynamic_task_mapping_with_no_taskflow_operators.py
[2025-03-27T08:03:07.780+0530] {processor.py:925} INFO - DAG(s) 'example_dynamic_task_mapping_with_no_taskflow_operators' retrieved from /Users/uk/miniforge3/lib/python3.10/site-packages/airflow/example_dags/example_dynamic_task_mapping_with_no_taskflow_operators.py
[2025-03-27T08:03:07.818+0530] {logging_mixin.py:190} INFO - [2025-03-27T08:03:07.818+0530] {dag.py:3239} INFO - Sync 1 DAGs
[2025-03-27T08:03:07.822+0530] {logging_mixin.py:190} INFO - [2025-03-27T08:03:07.822+0530] {dag.py:4180} INFO - Setting next_dagrun for example_dynamic_task_mapping_with_no_taskflow_operators to None, run_after=None
[2025-03-27T08:03:07.828+0530] {processor.py:208} INFO - Processing /Users/uk/miniforge3/lib/python3.10/site-packages/airflow/example_dags/example_dynamic_task_mapping_with_no_taskflow_operators.py took 0.053 seconds
[2025-03-27T08:05:35.177+0530] {processor.py:186} INFO - Started process (PID=21497) to work on /Users/uk/miniforge3/lib/python3.10/site-packages/airflow/example_dags/example_dynamic_task_mapping_with_no_taskflow_operators.py
[2025-03-27T08:05:35.178+0530] {processor.py:914} INFO - Processing file /Users/uk/miniforge3/lib/python3.10/site-packages/airflow/example_dags/example_dynamic_task_mapping_with_no_taskflow_operators.py for tasks to queue
[2025-03-27T08:05:35.178+0530] {logging_mixin.py:190} INFO - [2025-03-27T08:05:35.178+0530] {dagbag.py:588} INFO - Filling up the DagBag from /Users/uk/miniforge3/lib/python3.10/site-packages/airflow/example_dags/example_dynamic_task_mapping_with_no_taskflow_operators.py
[2025-03-27T08:05:35.181+0530] {processor.py:925} INFO - DAG(s) 'example_dynamic_task_mapping_with_no_taskflow_operators' retrieved from /Users/uk/miniforge3/lib/python3.10/site-packages/airflow/example_dags/example_dynamic_task_mapping_with_no_taskflow_operators.py
[2025-03-27T08:05:35.223+0530] {logging_mixin.py:190} INFO - [2025-03-27T08:05:35.223+0530] {dag.py:3239} INFO - Sync 1 DAGs
[2025-03-27T08:05:35.227+0530] {logging_mixin.py:190} INFO - [2025-03-27T08:05:35.227+0530] {dag.py:4180} INFO - Setting next_dagrun for example_dynamic_task_mapping_with_no_taskflow_operators to None, run_after=None
[2025-03-27T08:05:35.235+0530] {processor.py:208} INFO - Processing /Users/uk/miniforge3/lib/python3.10/site-packages/airflow/example_dags/example_dynamic_task_mapping_with_no_taskflow_operators.py took 0.059 seconds
[2025-03-27T08:08:15.604+0530] {processor.py:186} INFO - Started process (PID=21833) to work on /Users/uk/miniforge3/lib/python3.10/site-packages/airflow/example_dags/example_dynamic_task_mapping_with_no_taskflow_operators.py
[2025-03-27T08:08:15.605+0530] {processor.py:914} INFO - Processing file /Users/uk/miniforge3/lib/python3.10/site-packages/airflow/example_dags/example_dynamic_task_mapping_with_no_taskflow_operators.py for tasks to queue
[2025-03-27T08:08:15.606+0530] {logging_mixin.py:190} INFO - [2025-03-27T08:08:15.605+0530] {dagbag.py:588} INFO - Filling up the DagBag from /Users/uk/miniforge3/lib/python3.10/site-packages/airflow/example_dags/example_dynamic_task_mapping_with_no_taskflow_operators.py
[2025-03-27T08:08:15.609+0530] {processor.py:925} INFO - DAG(s) 'example_dynamic_task_mapping_with_no_taskflow_operators' retrieved from /Users/uk/miniforge3/lib/python3.10/site-packages/airflow/example_dags/example_dynamic_task_mapping_with_no_taskflow_operators.py
[2025-03-27T08:08:15.649+0530] {logging_mixin.py:190} INFO - [2025-03-27T08:08:15.649+0530] {dag.py:3239} INFO - Sync 1 DAGs
[2025-03-27T08:08:15.655+0530] {logging_mixin.py:190} INFO - [2025-03-27T08:08:15.655+0530] {dag.py:4180} INFO - Setting next_dagrun for example_dynamic_task_mapping_with_no_taskflow_operators to None, run_after=None
[2025-03-27T08:08:15.662+0530] {processor.py:208} INFO - Processing /Users/uk/miniforge3/lib/python3.10/site-packages/airflow/example_dags/example_dynamic_task_mapping_with_no_taskflow_operators.py took 0.058 seconds
[2025-03-27T08:10:49.852+0530] {processor.py:186} INFO - Started process (PID=22087) to work on /Users/uk/miniforge3/lib/python3.10/site-packages/airflow/example_dags/example_dynamic_task_mapping_with_no_taskflow_operators.py
[2025-03-27T08:10:49.852+0530] {processor.py:914} INFO - Processing file /Users/uk/miniforge3/lib/python3.10/site-packages/airflow/example_dags/example_dynamic_task_mapping_with_no_taskflow_operators.py for tasks to queue
[2025-03-27T08:10:49.853+0530] {logging_mixin.py:190} INFO - [2025-03-27T08:10:49.853+0530] {dagbag.py:588} INFO - Filling up the DagBag from /Users/uk/miniforge3/lib/python3.10/site-packages/airflow/example_dags/example_dynamic_task_mapping_with_no_taskflow_operators.py
[2025-03-27T08:10:49.856+0530] {processor.py:925} INFO - DAG(s) 'example_dynamic_task_mapping_with_no_taskflow_operators' retrieved from /Users/uk/miniforge3/lib/python3.10/site-packages/airflow/example_dags/example_dynamic_task_mapping_with_no_taskflow_operators.py
[2025-03-27T08:10:49.895+0530] {logging_mixin.py:190} INFO - [2025-03-27T08:10:49.894+0530] {dag.py:3239} INFO - Sync 1 DAGs
[2025-03-27T08:10:49.898+0530] {logging_mixin.py:190} INFO - [2025-03-27T08:10:49.898+0530] {dag.py:4180} INFO - Setting next_dagrun for example_dynamic_task_mapping_with_no_taskflow_operators to None, run_after=None
[2025-03-27T08:10:49.905+0530] {processor.py:208} INFO - Processing /Users/uk/miniforge3/lib/python3.10/site-packages/airflow/example_dags/example_dynamic_task_mapping_with_no_taskflow_operators.py took 0.055 seconds
