[2025-03-27T07:06:09.694+0530] {processor.py:186} INFO - Started process (PID=13100) to work on /Users/uk/miniforge3/lib/python3.10/site-packages/airflow/example_dags/tutorial_taskflow_api_virtualenv.py
[2025-03-27T07:06:09.695+0530] {processor.py:914} INFO - Processing file /Users/uk/miniforge3/lib/python3.10/site-packages/airflow/example_dags/tutorial_taskflow_api_virtualenv.py for tasks to queue
[2025-03-27T07:06:09.695+0530] {logging_mixin.py:190} INFO - [2025-03-27T07:06:09.695+0530] {dagbag.py:588} INFO - Filling up the DagBag from /Users/uk/miniforge3/lib/python3.10/site-packages/airflow/example_dags/tutorial_taskflow_api_virtualenv.py
[2025-03-27T07:06:09.711+0530] {processor.py:925} INFO - DAG(s) 'tutorial_taskflow_api_virtualenv' retrieved from /Users/uk/miniforge3/lib/python3.10/site-packages/airflow/example_dags/tutorial_taskflow_api_virtualenv.py
[2025-03-27T07:06:09.798+0530] {logging_mixin.py:190} INFO - [2025-03-27T07:06:09.798+0530] {dag.py:3239} INFO - Sync 1 DAGs
[2025-03-27T07:06:09.802+0530] {logging_mixin.py:190} INFO - [2025-03-27T07:06:09.802+0530] {dag.py:4180} INFO - Setting next_dagrun for tutorial_taskflow_api_virtualenv to None, run_after=None
[2025-03-27T07:06:09.808+0530] {processor.py:208} INFO - Processing /Users/uk/miniforge3/lib/python3.10/site-packages/airflow/example_dags/tutorial_taskflow_api_virtualenv.py took 0.118 seconds
[2025-03-27T07:07:42.037+0530] {processor.py:186} INFO - Started process (PID=13427) to work on /Users/uk/miniforge3/lib/python3.10/site-packages/airflow/example_dags/tutorial_taskflow_api_virtualenv.py
[2025-03-27T07:07:42.038+0530] {processor.py:914} INFO - Processing file /Users/uk/miniforge3/lib/python3.10/site-packages/airflow/example_dags/tutorial_taskflow_api_virtualenv.py for tasks to queue
[2025-03-27T07:07:42.038+0530] {logging_mixin.py:190} INFO - [2025-03-27T07:07:42.038+0530] {dagbag.py:588} INFO - Filling up the DagBag from /Users/uk/miniforge3/lib/python3.10/site-packages/airflow/example_dags/tutorial_taskflow_api_virtualenv.py
[2025-03-27T07:07:42.063+0530] {processor.py:925} INFO - DAG(s) 'tutorial_taskflow_api_virtualenv' retrieved from /Users/uk/miniforge3/lib/python3.10/site-packages/airflow/example_dags/tutorial_taskflow_api_virtualenv.py
[2025-03-27T07:07:42.162+0530] {logging_mixin.py:190} INFO - [2025-03-27T07:07:42.162+0530] {dag.py:3239} INFO - Sync 1 DAGs
[2025-03-27T07:07:42.168+0530] {logging_mixin.py:190} INFO - [2025-03-27T07:07:42.167+0530] {dag.py:4180} INFO - Setting next_dagrun for tutorial_taskflow_api_virtualenv to None, run_after=None
[2025-03-27T07:07:42.176+0530] {processor.py:208} INFO - Processing /Users/uk/miniforge3/lib/python3.10/site-packages/airflow/example_dags/tutorial_taskflow_api_virtualenv.py took 0.140 seconds
[2025-03-27T07:09:03.135+0530] {processor.py:186} INFO - Started process (PID=13580) to work on /Users/uk/miniforge3/lib/python3.10/site-packages/airflow/example_dags/tutorial_taskflow_api_virtualenv.py
[2025-03-27T07:09:03.136+0530] {processor.py:914} INFO - Processing file /Users/uk/miniforge3/lib/python3.10/site-packages/airflow/example_dags/tutorial_taskflow_api_virtualenv.py for tasks to queue
[2025-03-27T07:09:03.136+0530] {logging_mixin.py:190} INFO - [2025-03-27T07:09:03.136+0530] {dagbag.py:588} INFO - Filling up the DagBag from /Users/uk/miniforge3/lib/python3.10/site-packages/airflow/example_dags/tutorial_taskflow_api_virtualenv.py
[2025-03-27T07:09:03.154+0530] {processor.py:925} INFO - DAG(s) 'tutorial_taskflow_api_virtualenv' retrieved from /Users/uk/miniforge3/lib/python3.10/site-packages/airflow/example_dags/tutorial_taskflow_api_virtualenv.py
[2025-03-27T07:09:03.247+0530] {logging_mixin.py:190} INFO - [2025-03-27T07:09:03.247+0530] {dag.py:3239} INFO - Sync 1 DAGs
[2025-03-27T07:09:03.252+0530] {logging_mixin.py:190} INFO - [2025-03-27T07:09:03.252+0530] {dag.py:4180} INFO - Setting next_dagrun for tutorial_taskflow_api_virtualenv to None, run_after=None
[2025-03-27T07:09:03.259+0530] {processor.py:208} INFO - Processing /Users/uk/miniforge3/lib/python3.10/site-packages/airflow/example_dags/tutorial_taskflow_api_virtualenv.py took 0.125 seconds
[2025-03-27T07:10:32.498+0530] {processor.py:186} INFO - Started process (PID=13736) to work on /Users/uk/miniforge3/lib/python3.10/site-packages/airflow/example_dags/tutorial_taskflow_api_virtualenv.py
[2025-03-27T07:10:32.498+0530] {processor.py:914} INFO - Processing file /Users/uk/miniforge3/lib/python3.10/site-packages/airflow/example_dags/tutorial_taskflow_api_virtualenv.py for tasks to queue
[2025-03-27T07:10:32.499+0530] {logging_mixin.py:190} INFO - [2025-03-27T07:10:32.499+0530] {dagbag.py:588} INFO - Filling up the DagBag from /Users/uk/miniforge3/lib/python3.10/site-packages/airflow/example_dags/tutorial_taskflow_api_virtualenv.py
[2025-03-27T07:10:32.514+0530] {processor.py:925} INFO - DAG(s) 'tutorial_taskflow_api_virtualenv' retrieved from /Users/uk/miniforge3/lib/python3.10/site-packages/airflow/example_dags/tutorial_taskflow_api_virtualenv.py
[2025-03-27T07:10:32.598+0530] {logging_mixin.py:190} INFO - [2025-03-27T07:10:32.598+0530] {dag.py:3239} INFO - Sync 1 DAGs
[2025-03-27T07:10:32.602+0530] {logging_mixin.py:190} INFO - [2025-03-27T07:10:32.602+0530] {dag.py:4180} INFO - Setting next_dagrun for tutorial_taskflow_api_virtualenv to None, run_after=None
[2025-03-27T07:10:32.608+0530] {processor.py:208} INFO - Processing /Users/uk/miniforge3/lib/python3.10/site-packages/airflow/example_dags/tutorial_taskflow_api_virtualenv.py took 0.112 seconds
[2025-03-27T07:11:57.697+0530] {processor.py:186} INFO - Started process (PID=13889) to work on /Users/uk/miniforge3/lib/python3.10/site-packages/airflow/example_dags/tutorial_taskflow_api_virtualenv.py
[2025-03-27T07:11:57.698+0530] {processor.py:914} INFO - Processing file /Users/uk/miniforge3/lib/python3.10/site-packages/airflow/example_dags/tutorial_taskflow_api_virtualenv.py for tasks to queue
[2025-03-27T07:11:57.698+0530] {logging_mixin.py:190} INFO - [2025-03-27T07:11:57.698+0530] {dagbag.py:588} INFO - Filling up the DagBag from /Users/uk/miniforge3/lib/python3.10/site-packages/airflow/example_dags/tutorial_taskflow_api_virtualenv.py
[2025-03-27T07:11:57.714+0530] {processor.py:925} INFO - DAG(s) 'tutorial_taskflow_api_virtualenv' retrieved from /Users/uk/miniforge3/lib/python3.10/site-packages/airflow/example_dags/tutorial_taskflow_api_virtualenv.py
[2025-03-27T07:11:57.811+0530] {logging_mixin.py:190} INFO - [2025-03-27T07:11:57.811+0530] {dag.py:3239} INFO - Sync 1 DAGs
[2025-03-27T07:11:57.816+0530] {logging_mixin.py:190} INFO - [2025-03-27T07:11:57.816+0530] {dag.py:4180} INFO - Setting next_dagrun for tutorial_taskflow_api_virtualenv to None, run_after=None
[2025-03-27T07:11:57.823+0530] {processor.py:208} INFO - Processing /Users/uk/miniforge3/lib/python3.10/site-packages/airflow/example_dags/tutorial_taskflow_api_virtualenv.py took 0.127 seconds
[2025-03-27T07:13:12.590+0530] {processor.py:186} INFO - Started process (PID=14018) to work on /Users/uk/miniforge3/lib/python3.10/site-packages/airflow/example_dags/tutorial_taskflow_api_virtualenv.py
[2025-03-27T07:13:12.590+0530] {processor.py:914} INFO - Processing file /Users/uk/miniforge3/lib/python3.10/site-packages/airflow/example_dags/tutorial_taskflow_api_virtualenv.py for tasks to queue
[2025-03-27T07:13:12.591+0530] {logging_mixin.py:190} INFO - [2025-03-27T07:13:12.590+0530] {dagbag.py:588} INFO - Filling up the DagBag from /Users/uk/miniforge3/lib/python3.10/site-packages/airflow/example_dags/tutorial_taskflow_api_virtualenv.py
[2025-03-27T07:13:12.605+0530] {processor.py:925} INFO - DAG(s) 'tutorial_taskflow_api_virtualenv' retrieved from /Users/uk/miniforge3/lib/python3.10/site-packages/airflow/example_dags/tutorial_taskflow_api_virtualenv.py
[2025-03-27T07:13:12.691+0530] {logging_mixin.py:190} INFO - [2025-03-27T07:13:12.690+0530] {dag.py:3239} INFO - Sync 1 DAGs
[2025-03-27T07:13:12.695+0530] {logging_mixin.py:190} INFO - [2025-03-27T07:13:12.695+0530] {dag.py:4180} INFO - Setting next_dagrun for tutorial_taskflow_api_virtualenv to None, run_after=None
[2025-03-27T07:13:12.701+0530] {processor.py:208} INFO - Processing /Users/uk/miniforge3/lib/python3.10/site-packages/airflow/example_dags/tutorial_taskflow_api_virtualenv.py took 0.113 seconds
[2025-03-27T07:14:26.910+0530] {processor.py:186} INFO - Started process (PID=14150) to work on /Users/uk/miniforge3/lib/python3.10/site-packages/airflow/example_dags/tutorial_taskflow_api_virtualenv.py
[2025-03-27T07:14:26.911+0530] {processor.py:914} INFO - Processing file /Users/uk/miniforge3/lib/python3.10/site-packages/airflow/example_dags/tutorial_taskflow_api_virtualenv.py for tasks to queue
[2025-03-27T07:14:26.911+0530] {logging_mixin.py:190} INFO - [2025-03-27T07:14:26.911+0530] {dagbag.py:588} INFO - Filling up the DagBag from /Users/uk/miniforge3/lib/python3.10/site-packages/airflow/example_dags/tutorial_taskflow_api_virtualenv.py
[2025-03-27T07:14:26.927+0530] {processor.py:925} INFO - DAG(s) 'tutorial_taskflow_api_virtualenv' retrieved from /Users/uk/miniforge3/lib/python3.10/site-packages/airflow/example_dags/tutorial_taskflow_api_virtualenv.py
[2025-03-27T07:14:27.015+0530] {logging_mixin.py:190} INFO - [2025-03-27T07:14:27.015+0530] {dag.py:3239} INFO - Sync 1 DAGs
[2025-03-27T07:14:27.019+0530] {logging_mixin.py:190} INFO - [2025-03-27T07:14:27.019+0530] {dag.py:4180} INFO - Setting next_dagrun for tutorial_taskflow_api_virtualenv to None, run_after=None
[2025-03-27T07:14:27.025+0530] {processor.py:208} INFO - Processing /Users/uk/miniforge3/lib/python3.10/site-packages/airflow/example_dags/tutorial_taskflow_api_virtualenv.py took 0.116 seconds
[2025-03-27T07:15:45.838+0530] {processor.py:186} INFO - Started process (PID=14282) to work on /Users/uk/miniforge3/lib/python3.10/site-packages/airflow/example_dags/tutorial_taskflow_api_virtualenv.py
[2025-03-27T07:15:45.838+0530] {processor.py:914} INFO - Processing file /Users/uk/miniforge3/lib/python3.10/site-packages/airflow/example_dags/tutorial_taskflow_api_virtualenv.py for tasks to queue
[2025-03-27T07:15:45.839+0530] {logging_mixin.py:190} INFO - [2025-03-27T07:15:45.839+0530] {dagbag.py:588} INFO - Filling up the DagBag from /Users/uk/miniforge3/lib/python3.10/site-packages/airflow/example_dags/tutorial_taskflow_api_virtualenv.py
[2025-03-27T07:15:45.853+0530] {processor.py:925} INFO - DAG(s) 'tutorial_taskflow_api_virtualenv' retrieved from /Users/uk/miniforge3/lib/python3.10/site-packages/airflow/example_dags/tutorial_taskflow_api_virtualenv.py
[2025-03-27T07:15:45.942+0530] {logging_mixin.py:190} INFO - [2025-03-27T07:15:45.942+0530] {dag.py:3239} INFO - Sync 1 DAGs
[2025-03-27T07:15:45.946+0530] {logging_mixin.py:190} INFO - [2025-03-27T07:15:45.946+0530] {dag.py:4180} INFO - Setting next_dagrun for tutorial_taskflow_api_virtualenv to None, run_after=None
[2025-03-27T07:15:45.952+0530] {processor.py:208} INFO - Processing /Users/uk/miniforge3/lib/python3.10/site-packages/airflow/example_dags/tutorial_taskflow_api_virtualenv.py took 0.116 seconds
[2025-03-27T07:16:57.530+0530] {processor.py:186} INFO - Started process (PID=14398) to work on /Users/uk/miniforge3/lib/python3.10/site-packages/airflow/example_dags/tutorial_taskflow_api_virtualenv.py
[2025-03-27T07:16:57.531+0530] {processor.py:914} INFO - Processing file /Users/uk/miniforge3/lib/python3.10/site-packages/airflow/example_dags/tutorial_taskflow_api_virtualenv.py for tasks to queue
[2025-03-27T07:16:57.532+0530] {logging_mixin.py:190} INFO - [2025-03-27T07:16:57.532+0530] {dagbag.py:588} INFO - Filling up the DagBag from /Users/uk/miniforge3/lib/python3.10/site-packages/airflow/example_dags/tutorial_taskflow_api_virtualenv.py
[2025-03-27T07:16:57.547+0530] {processor.py:925} INFO - DAG(s) 'tutorial_taskflow_api_virtualenv' retrieved from /Users/uk/miniforge3/lib/python3.10/site-packages/airflow/example_dags/tutorial_taskflow_api_virtualenv.py
[2025-03-27T07:16:57.636+0530] {logging_mixin.py:190} INFO - [2025-03-27T07:16:57.636+0530] {dag.py:3239} INFO - Sync 1 DAGs
[2025-03-27T07:16:57.640+0530] {logging_mixin.py:190} INFO - [2025-03-27T07:16:57.640+0530] {dag.py:4180} INFO - Setting next_dagrun for tutorial_taskflow_api_virtualenv to None, run_after=None
[2025-03-27T07:16:57.646+0530] {processor.py:208} INFO - Processing /Users/uk/miniforge3/lib/python3.10/site-packages/airflow/example_dags/tutorial_taskflow_api_virtualenv.py took 0.118 seconds
[2025-03-27T07:18:12.894+0530] {processor.py:186} INFO - Started process (PID=14531) to work on /Users/uk/miniforge3/lib/python3.10/site-packages/airflow/example_dags/tutorial_taskflow_api_virtualenv.py
[2025-03-27T07:18:12.894+0530] {processor.py:914} INFO - Processing file /Users/uk/miniforge3/lib/python3.10/site-packages/airflow/example_dags/tutorial_taskflow_api_virtualenv.py for tasks to queue
[2025-03-27T07:18:12.895+0530] {logging_mixin.py:190} INFO - [2025-03-27T07:18:12.895+0530] {dagbag.py:588} INFO - Filling up the DagBag from /Users/uk/miniforge3/lib/python3.10/site-packages/airflow/example_dags/tutorial_taskflow_api_virtualenv.py
[2025-03-27T07:18:12.909+0530] {processor.py:925} INFO - DAG(s) 'tutorial_taskflow_api_virtualenv' retrieved from /Users/uk/miniforge3/lib/python3.10/site-packages/airflow/example_dags/tutorial_taskflow_api_virtualenv.py
[2025-03-27T07:18:13.002+0530] {logging_mixin.py:190} INFO - [2025-03-27T07:18:13.002+0530] {dag.py:3239} INFO - Sync 1 DAGs
[2025-03-27T07:18:13.006+0530] {logging_mixin.py:190} INFO - [2025-03-27T07:18:13.006+0530] {dag.py:4180} INFO - Setting next_dagrun for tutorial_taskflow_api_virtualenv to None, run_after=None
[2025-03-27T07:18:13.013+0530] {processor.py:208} INFO - Processing /Users/uk/miniforge3/lib/python3.10/site-packages/airflow/example_dags/tutorial_taskflow_api_virtualenv.py took 0.121 seconds
[2025-03-27T07:19:23.655+0530] {processor.py:186} INFO - Started process (PID=14883) to work on /Users/uk/miniforge3/lib/python3.10/site-packages/airflow/example_dags/tutorial_taskflow_api_virtualenv.py
[2025-03-27T07:19:23.655+0530] {processor.py:914} INFO - Processing file /Users/uk/miniforge3/lib/python3.10/site-packages/airflow/example_dags/tutorial_taskflow_api_virtualenv.py for tasks to queue
[2025-03-27T07:19:23.656+0530] {logging_mixin.py:190} INFO - [2025-03-27T07:19:23.656+0530] {dagbag.py:588} INFO - Filling up the DagBag from /Users/uk/miniforge3/lib/python3.10/site-packages/airflow/example_dags/tutorial_taskflow_api_virtualenv.py
[2025-03-27T07:19:23.672+0530] {processor.py:925} INFO - DAG(s) 'tutorial_taskflow_api_virtualenv' retrieved from /Users/uk/miniforge3/lib/python3.10/site-packages/airflow/example_dags/tutorial_taskflow_api_virtualenv.py
[2025-03-27T07:19:23.761+0530] {logging_mixin.py:190} INFO - [2025-03-27T07:19:23.760+0530] {dag.py:3239} INFO - Sync 1 DAGs
[2025-03-27T07:19:23.765+0530] {logging_mixin.py:190} INFO - [2025-03-27T07:19:23.765+0530] {dag.py:4180} INFO - Setting next_dagrun for tutorial_taskflow_api_virtualenv to None, run_after=None
[2025-03-27T07:19:23.771+0530] {processor.py:208} INFO - Processing /Users/uk/miniforge3/lib/python3.10/site-packages/airflow/example_dags/tutorial_taskflow_api_virtualenv.py took 0.117 seconds
[2025-03-27T07:20:35.997+0530] {processor.py:186} INFO - Started process (PID=15051) to work on /Users/uk/miniforge3/lib/python3.10/site-packages/airflow/example_dags/tutorial_taskflow_api_virtualenv.py
[2025-03-27T07:20:35.999+0530] {processor.py:914} INFO - Processing file /Users/uk/miniforge3/lib/python3.10/site-packages/airflow/example_dags/tutorial_taskflow_api_virtualenv.py for tasks to queue
[2025-03-27T07:20:35.999+0530] {logging_mixin.py:190} INFO - [2025-03-27T07:20:35.999+0530] {dagbag.py:588} INFO - Filling up the DagBag from /Users/uk/miniforge3/lib/python3.10/site-packages/airflow/example_dags/tutorial_taskflow_api_virtualenv.py
[2025-03-27T07:20:36.014+0530] {processor.py:925} INFO - DAG(s) 'tutorial_taskflow_api_virtualenv' retrieved from /Users/uk/miniforge3/lib/python3.10/site-packages/airflow/example_dags/tutorial_taskflow_api_virtualenv.py
[2025-03-27T07:20:36.102+0530] {logging_mixin.py:190} INFO - [2025-03-27T07:20:36.101+0530] {dag.py:3239} INFO - Sync 1 DAGs
[2025-03-27T07:20:36.106+0530] {logging_mixin.py:190} INFO - [2025-03-27T07:20:36.106+0530] {dag.py:4180} INFO - Setting next_dagrun for tutorial_taskflow_api_virtualenv to None, run_after=None
[2025-03-27T07:20:36.112+0530] {processor.py:208} INFO - Processing /Users/uk/miniforge3/lib/python3.10/site-packages/airflow/example_dags/tutorial_taskflow_api_virtualenv.py took 0.117 seconds
[2025-03-27T07:21:49.756+0530] {processor.py:186} INFO - Started process (PID=15166) to work on /Users/uk/miniforge3/lib/python3.10/site-packages/airflow/example_dags/tutorial_taskflow_api_virtualenv.py
[2025-03-27T07:21:49.757+0530] {processor.py:914} INFO - Processing file /Users/uk/miniforge3/lib/python3.10/site-packages/airflow/example_dags/tutorial_taskflow_api_virtualenv.py for tasks to queue
[2025-03-27T07:21:49.757+0530] {logging_mixin.py:190} INFO - [2025-03-27T07:21:49.757+0530] {dagbag.py:588} INFO - Filling up the DagBag from /Users/uk/miniforge3/lib/python3.10/site-packages/airflow/example_dags/tutorial_taskflow_api_virtualenv.py
[2025-03-27T07:21:49.772+0530] {processor.py:925} INFO - DAG(s) 'tutorial_taskflow_api_virtualenv' retrieved from /Users/uk/miniforge3/lib/python3.10/site-packages/airflow/example_dags/tutorial_taskflow_api_virtualenv.py
[2025-03-27T07:21:49.861+0530] {logging_mixin.py:190} INFO - [2025-03-27T07:21:49.861+0530] {dag.py:3239} INFO - Sync 1 DAGs
[2025-03-27T07:21:49.865+0530] {logging_mixin.py:190} INFO - [2025-03-27T07:21:49.865+0530] {dag.py:4180} INFO - Setting next_dagrun for tutorial_taskflow_api_virtualenv to None, run_after=None
[2025-03-27T07:21:49.871+0530] {processor.py:208} INFO - Processing /Users/uk/miniforge3/lib/python3.10/site-packages/airflow/example_dags/tutorial_taskflow_api_virtualenv.py took 0.116 seconds
[2025-03-27T07:23:00.835+0530] {processor.py:186} INFO - Started process (PID=15314) to work on /Users/uk/miniforge3/lib/python3.10/site-packages/airflow/example_dags/tutorial_taskflow_api_virtualenv.py
[2025-03-27T07:23:00.835+0530] {processor.py:914} INFO - Processing file /Users/uk/miniforge3/lib/python3.10/site-packages/airflow/example_dags/tutorial_taskflow_api_virtualenv.py for tasks to queue
[2025-03-27T07:23:00.836+0530] {logging_mixin.py:190} INFO - [2025-03-27T07:23:00.836+0530] {dagbag.py:588} INFO - Filling up the DagBag from /Users/uk/miniforge3/lib/python3.10/site-packages/airflow/example_dags/tutorial_taskflow_api_virtualenv.py
[2025-03-27T07:23:00.850+0530] {processor.py:925} INFO - DAG(s) 'tutorial_taskflow_api_virtualenv' retrieved from /Users/uk/miniforge3/lib/python3.10/site-packages/airflow/example_dags/tutorial_taskflow_api_virtualenv.py
[2025-03-27T07:23:00.938+0530] {logging_mixin.py:190} INFO - [2025-03-27T07:23:00.938+0530] {dag.py:3239} INFO - Sync 1 DAGs
[2025-03-27T07:23:00.942+0530] {logging_mixin.py:190} INFO - [2025-03-27T07:23:00.942+0530] {dag.py:4180} INFO - Setting next_dagrun for tutorial_taskflow_api_virtualenv to None, run_after=None
[2025-03-27T07:23:00.948+0530] {processor.py:208} INFO - Processing /Users/uk/miniforge3/lib/python3.10/site-packages/airflow/example_dags/tutorial_taskflow_api_virtualenv.py took 0.114 seconds
[2025-03-27T07:24:11.425+0530] {processor.py:186} INFO - Started process (PID=15444) to work on /Users/uk/miniforge3/lib/python3.10/site-packages/airflow/example_dags/tutorial_taskflow_api_virtualenv.py
[2025-03-27T07:24:11.428+0530] {processor.py:914} INFO - Processing file /Users/uk/miniforge3/lib/python3.10/site-packages/airflow/example_dags/tutorial_taskflow_api_virtualenv.py for tasks to queue
[2025-03-27T07:24:11.428+0530] {logging_mixin.py:190} INFO - [2025-03-27T07:24:11.428+0530] {dagbag.py:588} INFO - Filling up the DagBag from /Users/uk/miniforge3/lib/python3.10/site-packages/airflow/example_dags/tutorial_taskflow_api_virtualenv.py
[2025-03-27T07:24:11.443+0530] {processor.py:925} INFO - DAG(s) 'tutorial_taskflow_api_virtualenv' retrieved from /Users/uk/miniforge3/lib/python3.10/site-packages/airflow/example_dags/tutorial_taskflow_api_virtualenv.py
[2025-03-27T07:24:11.533+0530] {logging_mixin.py:190} INFO - [2025-03-27T07:24:11.533+0530] {dag.py:3239} INFO - Sync 1 DAGs
[2025-03-27T07:24:11.537+0530] {logging_mixin.py:190} INFO - [2025-03-27T07:24:11.537+0530] {dag.py:4180} INFO - Setting next_dagrun for tutorial_taskflow_api_virtualenv to None, run_after=None
[2025-03-27T07:24:11.544+0530] {processor.py:208} INFO - Processing /Users/uk/miniforge3/lib/python3.10/site-packages/airflow/example_dags/tutorial_taskflow_api_virtualenv.py took 0.120 seconds
[2025-03-27T07:25:21.951+0530] {processor.py:186} INFO - Started process (PID=15585) to work on /Users/uk/miniforge3/lib/python3.10/site-packages/airflow/example_dags/tutorial_taskflow_api_virtualenv.py
[2025-03-27T07:25:21.952+0530] {processor.py:914} INFO - Processing file /Users/uk/miniforge3/lib/python3.10/site-packages/airflow/example_dags/tutorial_taskflow_api_virtualenv.py for tasks to queue
[2025-03-27T07:25:21.952+0530] {logging_mixin.py:190} INFO - [2025-03-27T07:25:21.952+0530] {dagbag.py:588} INFO - Filling up the DagBag from /Users/uk/miniforge3/lib/python3.10/site-packages/airflow/example_dags/tutorial_taskflow_api_virtualenv.py
[2025-03-27T07:25:21.967+0530] {processor.py:925} INFO - DAG(s) 'tutorial_taskflow_api_virtualenv' retrieved from /Users/uk/miniforge3/lib/python3.10/site-packages/airflow/example_dags/tutorial_taskflow_api_virtualenv.py
[2025-03-27T07:25:22.057+0530] {logging_mixin.py:190} INFO - [2025-03-27T07:25:22.057+0530] {dag.py:3239} INFO - Sync 1 DAGs
[2025-03-27T07:25:22.061+0530] {logging_mixin.py:190} INFO - [2025-03-27T07:25:22.061+0530] {dag.py:4180} INFO - Setting next_dagrun for tutorial_taskflow_api_virtualenv to None, run_after=None
[2025-03-27T07:25:22.067+0530] {processor.py:208} INFO - Processing /Users/uk/miniforge3/lib/python3.10/site-packages/airflow/example_dags/tutorial_taskflow_api_virtualenv.py took 0.117 seconds
[2025-03-27T07:26:34.063+0530] {processor.py:186} INFO - Started process (PID=15701) to work on /Users/uk/miniforge3/lib/python3.10/site-packages/airflow/example_dags/tutorial_taskflow_api_virtualenv.py
[2025-03-27T07:26:34.064+0530] {processor.py:914} INFO - Processing file /Users/uk/miniforge3/lib/python3.10/site-packages/airflow/example_dags/tutorial_taskflow_api_virtualenv.py for tasks to queue
[2025-03-27T07:26:34.064+0530] {logging_mixin.py:190} INFO - [2025-03-27T07:26:34.064+0530] {dagbag.py:588} INFO - Filling up the DagBag from /Users/uk/miniforge3/lib/python3.10/site-packages/airflow/example_dags/tutorial_taskflow_api_virtualenv.py
[2025-03-27T07:26:34.079+0530] {processor.py:925} INFO - DAG(s) 'tutorial_taskflow_api_virtualenv' retrieved from /Users/uk/miniforge3/lib/python3.10/site-packages/airflow/example_dags/tutorial_taskflow_api_virtualenv.py
[2025-03-27T07:26:34.167+0530] {logging_mixin.py:190} INFO - [2025-03-27T07:26:34.167+0530] {dag.py:3239} INFO - Sync 1 DAGs
[2025-03-27T07:26:34.172+0530] {logging_mixin.py:190} INFO - [2025-03-27T07:26:34.172+0530] {dag.py:4180} INFO - Setting next_dagrun for tutorial_taskflow_api_virtualenv to None, run_after=None
[2025-03-27T07:26:34.178+0530] {processor.py:208} INFO - Processing /Users/uk/miniforge3/lib/python3.10/site-packages/airflow/example_dags/tutorial_taskflow_api_virtualenv.py took 0.117 seconds
[2025-03-27T07:27:47.051+0530] {processor.py:186} INFO - Started process (PID=15813) to work on /Users/uk/miniforge3/lib/python3.10/site-packages/airflow/example_dags/tutorial_taskflow_api_virtualenv.py
[2025-03-27T07:27:47.052+0530] {processor.py:914} INFO - Processing file /Users/uk/miniforge3/lib/python3.10/site-packages/airflow/example_dags/tutorial_taskflow_api_virtualenv.py for tasks to queue
[2025-03-27T07:27:47.052+0530] {logging_mixin.py:190} INFO - [2025-03-27T07:27:47.052+0530] {dagbag.py:588} INFO - Filling up the DagBag from /Users/uk/miniforge3/lib/python3.10/site-packages/airflow/example_dags/tutorial_taskflow_api_virtualenv.py
[2025-03-27T07:27:47.067+0530] {processor.py:925} INFO - DAG(s) 'tutorial_taskflow_api_virtualenv' retrieved from /Users/uk/miniforge3/lib/python3.10/site-packages/airflow/example_dags/tutorial_taskflow_api_virtualenv.py
[2025-03-27T07:27:47.156+0530] {logging_mixin.py:190} INFO - [2025-03-27T07:27:47.156+0530] {dag.py:3239} INFO - Sync 1 DAGs
[2025-03-27T07:27:47.160+0530] {logging_mixin.py:190} INFO - [2025-03-27T07:27:47.160+0530] {dag.py:4180} INFO - Setting next_dagrun for tutorial_taskflow_api_virtualenv to None, run_after=None
[2025-03-27T07:27:47.166+0530] {processor.py:208} INFO - Processing /Users/uk/miniforge3/lib/python3.10/site-packages/airflow/example_dags/tutorial_taskflow_api_virtualenv.py took 0.116 seconds
[2025-03-27T07:29:01.937+0530] {processor.py:186} INFO - Started process (PID=15956) to work on /Users/uk/miniforge3/lib/python3.10/site-packages/airflow/example_dags/tutorial_taskflow_api_virtualenv.py
[2025-03-27T07:29:01.938+0530] {processor.py:914} INFO - Processing file /Users/uk/miniforge3/lib/python3.10/site-packages/airflow/example_dags/tutorial_taskflow_api_virtualenv.py for tasks to queue
[2025-03-27T07:29:01.938+0530] {logging_mixin.py:190} INFO - [2025-03-27T07:29:01.938+0530] {dagbag.py:588} INFO - Filling up the DagBag from /Users/uk/miniforge3/lib/python3.10/site-packages/airflow/example_dags/tutorial_taskflow_api_virtualenv.py
[2025-03-27T07:29:01.953+0530] {processor.py:925} INFO - DAG(s) 'tutorial_taskflow_api_virtualenv' retrieved from /Users/uk/miniforge3/lib/python3.10/site-packages/airflow/example_dags/tutorial_taskflow_api_virtualenv.py
[2025-03-27T07:29:02.041+0530] {logging_mixin.py:190} INFO - [2025-03-27T07:29:02.040+0530] {dag.py:3239} INFO - Sync 1 DAGs
[2025-03-27T07:29:02.045+0530] {logging_mixin.py:190} INFO - [2025-03-27T07:29:02.045+0530] {dag.py:4180} INFO - Setting next_dagrun for tutorial_taskflow_api_virtualenv to None, run_after=None
[2025-03-27T07:29:02.051+0530] {processor.py:208} INFO - Processing /Users/uk/miniforge3/lib/python3.10/site-packages/airflow/example_dags/tutorial_taskflow_api_virtualenv.py took 0.115 seconds
[2025-03-27T07:30:17.246+0530] {processor.py:186} INFO - Started process (PID=16092) to work on /Users/uk/miniforge3/lib/python3.10/site-packages/airflow/example_dags/tutorial_taskflow_api_virtualenv.py
[2025-03-27T07:30:17.247+0530] {processor.py:914} INFO - Processing file /Users/uk/miniforge3/lib/python3.10/site-packages/airflow/example_dags/tutorial_taskflow_api_virtualenv.py for tasks to queue
[2025-03-27T07:30:17.248+0530] {logging_mixin.py:190} INFO - [2025-03-27T07:30:17.248+0530] {dagbag.py:588} INFO - Filling up the DagBag from /Users/uk/miniforge3/lib/python3.10/site-packages/airflow/example_dags/tutorial_taskflow_api_virtualenv.py
[2025-03-27T07:30:17.263+0530] {processor.py:925} INFO - DAG(s) 'tutorial_taskflow_api_virtualenv' retrieved from /Users/uk/miniforge3/lib/python3.10/site-packages/airflow/example_dags/tutorial_taskflow_api_virtualenv.py
[2025-03-27T07:30:17.357+0530] {logging_mixin.py:190} INFO - [2025-03-27T07:30:17.356+0530] {dag.py:3239} INFO - Sync 1 DAGs
[2025-03-27T07:30:17.361+0530] {logging_mixin.py:190} INFO - [2025-03-27T07:30:17.361+0530] {dag.py:4180} INFO - Setting next_dagrun for tutorial_taskflow_api_virtualenv to None, run_after=None
[2025-03-27T07:30:17.367+0530] {processor.py:208} INFO - Processing /Users/uk/miniforge3/lib/python3.10/site-packages/airflow/example_dags/tutorial_taskflow_api_virtualenv.py took 0.122 seconds
[2025-03-27T07:31:32.813+0530] {processor.py:186} INFO - Started process (PID=16246) to work on /Users/uk/miniforge3/lib/python3.10/site-packages/airflow/example_dags/tutorial_taskflow_api_virtualenv.py
[2025-03-27T07:31:32.813+0530] {processor.py:914} INFO - Processing file /Users/uk/miniforge3/lib/python3.10/site-packages/airflow/example_dags/tutorial_taskflow_api_virtualenv.py for tasks to queue
[2025-03-27T07:31:32.814+0530] {logging_mixin.py:190} INFO - [2025-03-27T07:31:32.814+0530] {dagbag.py:588} INFO - Filling up the DagBag from /Users/uk/miniforge3/lib/python3.10/site-packages/airflow/example_dags/tutorial_taskflow_api_virtualenv.py
[2025-03-27T07:31:32.829+0530] {processor.py:925} INFO - DAG(s) 'tutorial_taskflow_api_virtualenv' retrieved from /Users/uk/miniforge3/lib/python3.10/site-packages/airflow/example_dags/tutorial_taskflow_api_virtualenv.py
[2025-03-27T07:31:32.914+0530] {logging_mixin.py:190} INFO - [2025-03-27T07:31:32.914+0530] {dag.py:3239} INFO - Sync 1 DAGs
[2025-03-27T07:31:32.918+0530] {logging_mixin.py:190} INFO - [2025-03-27T07:31:32.918+0530] {dag.py:4180} INFO - Setting next_dagrun for tutorial_taskflow_api_virtualenv to None, run_after=None
[2025-03-27T07:31:32.925+0530] {processor.py:208} INFO - Processing /Users/uk/miniforge3/lib/python3.10/site-packages/airflow/example_dags/tutorial_taskflow_api_virtualenv.py took 0.113 seconds
[2025-03-27T07:32:47.094+0530] {processor.py:186} INFO - Started process (PID=16401) to work on /Users/uk/miniforge3/lib/python3.10/site-packages/airflow/example_dags/tutorial_taskflow_api_virtualenv.py
[2025-03-27T07:32:47.095+0530] {processor.py:914} INFO - Processing file /Users/uk/miniforge3/lib/python3.10/site-packages/airflow/example_dags/tutorial_taskflow_api_virtualenv.py for tasks to queue
[2025-03-27T07:32:47.095+0530] {logging_mixin.py:190} INFO - [2025-03-27T07:32:47.095+0530] {dagbag.py:588} INFO - Filling up the DagBag from /Users/uk/miniforge3/lib/python3.10/site-packages/airflow/example_dags/tutorial_taskflow_api_virtualenv.py
[2025-03-27T07:32:47.110+0530] {processor.py:925} INFO - DAG(s) 'tutorial_taskflow_api_virtualenv' retrieved from /Users/uk/miniforge3/lib/python3.10/site-packages/airflow/example_dags/tutorial_taskflow_api_virtualenv.py
[2025-03-27T07:32:47.199+0530] {logging_mixin.py:190} INFO - [2025-03-27T07:32:47.199+0530] {dag.py:3239} INFO - Sync 1 DAGs
[2025-03-27T07:32:47.203+0530] {logging_mixin.py:190} INFO - [2025-03-27T07:32:47.203+0530] {dag.py:4180} INFO - Setting next_dagrun for tutorial_taskflow_api_virtualenv to None, run_after=None
[2025-03-27T07:32:47.209+0530] {processor.py:208} INFO - Processing /Users/uk/miniforge3/lib/python3.10/site-packages/airflow/example_dags/tutorial_taskflow_api_virtualenv.py took 0.116 seconds
[2025-03-27T07:34:01.847+0530] {processor.py:186} INFO - Started process (PID=16572) to work on /Users/uk/miniforge3/lib/python3.10/site-packages/airflow/example_dags/tutorial_taskflow_api_virtualenv.py
[2025-03-27T07:34:01.848+0530] {processor.py:914} INFO - Processing file /Users/uk/miniforge3/lib/python3.10/site-packages/airflow/example_dags/tutorial_taskflow_api_virtualenv.py for tasks to queue
[2025-03-27T07:34:01.848+0530] {logging_mixin.py:190} INFO - [2025-03-27T07:34:01.848+0530] {dagbag.py:588} INFO - Filling up the DagBag from /Users/uk/miniforge3/lib/python3.10/site-packages/airflow/example_dags/tutorial_taskflow_api_virtualenv.py
[2025-03-27T07:34:01.863+0530] {processor.py:925} INFO - DAG(s) 'tutorial_taskflow_api_virtualenv' retrieved from /Users/uk/miniforge3/lib/python3.10/site-packages/airflow/example_dags/tutorial_taskflow_api_virtualenv.py
[2025-03-27T07:34:01.952+0530] {logging_mixin.py:190} INFO - [2025-03-27T07:34:01.952+0530] {dag.py:3239} INFO - Sync 1 DAGs
[2025-03-27T07:34:01.956+0530] {logging_mixin.py:190} INFO - [2025-03-27T07:34:01.956+0530] {dag.py:4180} INFO - Setting next_dagrun for tutorial_taskflow_api_virtualenv to None, run_after=None
[2025-03-27T07:34:01.962+0530] {processor.py:208} INFO - Processing /Users/uk/miniforge3/lib/python3.10/site-packages/airflow/example_dags/tutorial_taskflow_api_virtualenv.py took 0.117 seconds
[2025-03-27T07:35:19.310+0530] {processor.py:186} INFO - Started process (PID=16697) to work on /Users/uk/miniforge3/lib/python3.10/site-packages/airflow/example_dags/tutorial_taskflow_api_virtualenv.py
[2025-03-27T07:35:19.310+0530] {processor.py:914} INFO - Processing file /Users/uk/miniforge3/lib/python3.10/site-packages/airflow/example_dags/tutorial_taskflow_api_virtualenv.py for tasks to queue
[2025-03-27T07:35:19.311+0530] {logging_mixin.py:190} INFO - [2025-03-27T07:35:19.311+0530] {dagbag.py:588} INFO - Filling up the DagBag from /Users/uk/miniforge3/lib/python3.10/site-packages/airflow/example_dags/tutorial_taskflow_api_virtualenv.py
[2025-03-27T07:35:19.328+0530] {processor.py:925} INFO - DAG(s) 'tutorial_taskflow_api_virtualenv' retrieved from /Users/uk/miniforge3/lib/python3.10/site-packages/airflow/example_dags/tutorial_taskflow_api_virtualenv.py
[2025-03-27T07:35:19.417+0530] {logging_mixin.py:190} INFO - [2025-03-27T07:35:19.417+0530] {dag.py:3239} INFO - Sync 1 DAGs
[2025-03-27T07:35:19.421+0530] {logging_mixin.py:190} INFO - [2025-03-27T07:35:19.421+0530] {dag.py:4180} INFO - Setting next_dagrun for tutorial_taskflow_api_virtualenv to None, run_after=None
[2025-03-27T07:35:19.427+0530] {processor.py:208} INFO - Processing /Users/uk/miniforge3/lib/python3.10/site-packages/airflow/example_dags/tutorial_taskflow_api_virtualenv.py took 0.119 seconds
[2025-03-27T07:36:30.191+0530] {processor.py:186} INFO - Started process (PID=16828) to work on /Users/uk/miniforge3/lib/python3.10/site-packages/airflow/example_dags/tutorial_taskflow_api_virtualenv.py
[2025-03-27T07:36:30.192+0530] {processor.py:914} INFO - Processing file /Users/uk/miniforge3/lib/python3.10/site-packages/airflow/example_dags/tutorial_taskflow_api_virtualenv.py for tasks to queue
[2025-03-27T07:36:30.192+0530] {logging_mixin.py:190} INFO - [2025-03-27T07:36:30.192+0530] {dagbag.py:588} INFO - Filling up the DagBag from /Users/uk/miniforge3/lib/python3.10/site-packages/airflow/example_dags/tutorial_taskflow_api_virtualenv.py
[2025-03-27T07:36:30.207+0530] {processor.py:925} INFO - DAG(s) 'tutorial_taskflow_api_virtualenv' retrieved from /Users/uk/miniforge3/lib/python3.10/site-packages/airflow/example_dags/tutorial_taskflow_api_virtualenv.py
[2025-03-27T07:36:30.296+0530] {logging_mixin.py:190} INFO - [2025-03-27T07:36:30.296+0530] {dag.py:3239} INFO - Sync 1 DAGs
[2025-03-27T07:36:30.300+0530] {logging_mixin.py:190} INFO - [2025-03-27T07:36:30.300+0530] {dag.py:4180} INFO - Setting next_dagrun for tutorial_taskflow_api_virtualenv to None, run_after=None
[2025-03-27T07:36:30.306+0530] {processor.py:208} INFO - Processing /Users/uk/miniforge3/lib/python3.10/site-packages/airflow/example_dags/tutorial_taskflow_api_virtualenv.py took 0.117 seconds
[2025-03-27T07:39:16.976+0530] {processor.py:186} INFO - Started process (PID=17042) to work on /Users/uk/miniforge3/lib/python3.10/site-packages/airflow/example_dags/tutorial_taskflow_api_virtualenv.py
[2025-03-27T07:39:16.976+0530] {processor.py:914} INFO - Processing file /Users/uk/miniforge3/lib/python3.10/site-packages/airflow/example_dags/tutorial_taskflow_api_virtualenv.py for tasks to queue
[2025-03-27T07:39:16.977+0530] {logging_mixin.py:190} INFO - [2025-03-27T07:39:16.977+0530] {dagbag.py:588} INFO - Filling up the DagBag from /Users/uk/miniforge3/lib/python3.10/site-packages/airflow/example_dags/tutorial_taskflow_api_virtualenv.py
[2025-03-27T07:39:16.992+0530] {processor.py:925} INFO - DAG(s) 'tutorial_taskflow_api_virtualenv' retrieved from /Users/uk/miniforge3/lib/python3.10/site-packages/airflow/example_dags/tutorial_taskflow_api_virtualenv.py
[2025-03-27T07:39:17.067+0530] {logging_mixin.py:190} INFO - [2025-03-27T07:39:17.066+0530] {override.py:1930} INFO - Created Permission View: can read on DAG:tutorial_taskflow_api_virtualenv
[2025-03-27T07:39:17.070+0530] {logging_mixin.py:190} INFO - [2025-03-27T07:39:17.070+0530] {override.py:1930} INFO - Created Permission View: can delete on DAG:tutorial_taskflow_api_virtualenv
[2025-03-27T07:39:17.073+0530] {logging_mixin.py:190} INFO - [2025-03-27T07:39:17.072+0530] {override.py:1930} INFO - Created Permission View: can edit on DAG:tutorial_taskflow_api_virtualenv
[2025-03-27T07:39:17.076+0530] {logging_mixin.py:190} INFO - [2025-03-27T07:39:17.076+0530] {override.py:1930} INFO - Created Permission View: can delete on DAG Run:tutorial_taskflow_api_virtualenv
[2025-03-27T07:39:17.078+0530] {logging_mixin.py:190} INFO - [2025-03-27T07:39:17.078+0530] {override.py:1930} INFO - Created Permission View: can read on DAG Run:tutorial_taskflow_api_virtualenv
[2025-03-27T07:39:17.081+0530] {logging_mixin.py:190} INFO - [2025-03-27T07:39:17.080+0530] {override.py:1930} INFO - Created Permission View: can create on DAG Run:tutorial_taskflow_api_virtualenv
[2025-03-27T07:39:17.083+0530] {logging_mixin.py:190} INFO - [2025-03-27T07:39:17.083+0530] {override.py:1930} INFO - Created Permission View: menu access on DAG Run:tutorial_taskflow_api_virtualenv
[2025-03-27T07:39:17.083+0530] {logging_mixin.py:190} INFO - [2025-03-27T07:39:17.083+0530] {dag.py:3239} INFO - Sync 1 DAGs
[2025-03-27T07:39:17.088+0530] {logging_mixin.py:190} INFO - [2025-03-27T07:39:17.088+0530] {dag.py:3262} INFO - Creating ORM DAG for tutorial_taskflow_api_virtualenv
[2025-03-27T07:39:17.088+0530] {logging_mixin.py:190} INFO - [2025-03-27T07:39:17.088+0530] {dag.py:4180} INFO - Setting next_dagrun for tutorial_taskflow_api_virtualenv to None, run_after=None
[2025-03-27T07:39:17.095+0530] {processor.py:208} INFO - Processing /Users/uk/miniforge3/lib/python3.10/site-packages/airflow/example_dags/tutorial_taskflow_api_virtualenv.py took 0.120 seconds
[2025-03-27T07:41:04.083+0530] {processor.py:186} INFO - Started process (PID=17458) to work on /Users/uk/miniforge3/lib/python3.10/site-packages/airflow/example_dags/tutorial_taskflow_api_virtualenv.py
[2025-03-27T07:41:04.084+0530] {processor.py:914} INFO - Processing file /Users/uk/miniforge3/lib/python3.10/site-packages/airflow/example_dags/tutorial_taskflow_api_virtualenv.py for tasks to queue
[2025-03-27T07:41:04.084+0530] {logging_mixin.py:190} INFO - [2025-03-27T07:41:04.084+0530] {dagbag.py:588} INFO - Filling up the DagBag from /Users/uk/miniforge3/lib/python3.10/site-packages/airflow/example_dags/tutorial_taskflow_api_virtualenv.py
[2025-03-27T07:41:04.099+0530] {processor.py:925} INFO - DAG(s) 'tutorial_taskflow_api_virtualenv' retrieved from /Users/uk/miniforge3/lib/python3.10/site-packages/airflow/example_dags/tutorial_taskflow_api_virtualenv.py
[2025-03-27T07:41:04.192+0530] {logging_mixin.py:190} INFO - [2025-03-27T07:41:04.192+0530] {dag.py:3239} INFO - Sync 1 DAGs
[2025-03-27T07:41:04.197+0530] {logging_mixin.py:190} INFO - [2025-03-27T07:41:04.197+0530] {dag.py:4180} INFO - Setting next_dagrun for tutorial_taskflow_api_virtualenv to None, run_after=None
[2025-03-27T07:41:04.204+0530] {processor.py:208} INFO - Processing /Users/uk/miniforge3/lib/python3.10/site-packages/airflow/example_dags/tutorial_taskflow_api_virtualenv.py took 0.121 seconds
[2025-03-27T07:42:22.166+0530] {processor.py:186} INFO - Started process (PID=17622) to work on /Users/uk/miniforge3/lib/python3.10/site-packages/airflow/example_dags/tutorial_taskflow_api_virtualenv.py
[2025-03-27T07:42:22.167+0530] {processor.py:914} INFO - Processing file /Users/uk/miniforge3/lib/python3.10/site-packages/airflow/example_dags/tutorial_taskflow_api_virtualenv.py for tasks to queue
[2025-03-27T07:42:22.168+0530] {logging_mixin.py:190} INFO - [2025-03-27T07:42:22.168+0530] {dagbag.py:588} INFO - Filling up the DagBag from /Users/uk/miniforge3/lib/python3.10/site-packages/airflow/example_dags/tutorial_taskflow_api_virtualenv.py
[2025-03-27T07:42:22.182+0530] {processor.py:925} INFO - DAG(s) 'tutorial_taskflow_api_virtualenv' retrieved from /Users/uk/miniforge3/lib/python3.10/site-packages/airflow/example_dags/tutorial_taskflow_api_virtualenv.py
[2025-03-27T07:42:22.271+0530] {logging_mixin.py:190} INFO - [2025-03-27T07:42:22.270+0530] {dag.py:3239} INFO - Sync 1 DAGs
[2025-03-27T07:42:22.275+0530] {logging_mixin.py:190} INFO - [2025-03-27T07:42:22.275+0530] {dag.py:4180} INFO - Setting next_dagrun for tutorial_taskflow_api_virtualenv to None, run_after=None
[2025-03-27T07:42:22.281+0530] {processor.py:208} INFO - Processing /Users/uk/miniforge3/lib/python3.10/site-packages/airflow/example_dags/tutorial_taskflow_api_virtualenv.py took 0.116 seconds
[2025-03-27T07:43:36.547+0530] {processor.py:186} INFO - Started process (PID=17803) to work on /Users/uk/miniforge3/lib/python3.10/site-packages/airflow/example_dags/tutorial_taskflow_api_virtualenv.py
[2025-03-27T07:43:36.548+0530] {processor.py:914} INFO - Processing file /Users/uk/miniforge3/lib/python3.10/site-packages/airflow/example_dags/tutorial_taskflow_api_virtualenv.py for tasks to queue
[2025-03-27T07:43:36.548+0530] {logging_mixin.py:190} INFO - [2025-03-27T07:43:36.548+0530] {dagbag.py:588} INFO - Filling up the DagBag from /Users/uk/miniforge3/lib/python3.10/site-packages/airflow/example_dags/tutorial_taskflow_api_virtualenv.py
[2025-03-27T07:43:36.563+0530] {processor.py:925} INFO - DAG(s) 'tutorial_taskflow_api_virtualenv' retrieved from /Users/uk/miniforge3/lib/python3.10/site-packages/airflow/example_dags/tutorial_taskflow_api_virtualenv.py
[2025-03-27T07:43:36.649+0530] {logging_mixin.py:190} INFO - [2025-03-27T07:43:36.649+0530] {dag.py:3239} INFO - Sync 1 DAGs
[2025-03-27T07:43:36.653+0530] {logging_mixin.py:190} INFO - [2025-03-27T07:43:36.653+0530] {dag.py:4180} INFO - Setting next_dagrun for tutorial_taskflow_api_virtualenv to None, run_after=None
[2025-03-27T07:43:36.659+0530] {processor.py:208} INFO - Processing /Users/uk/miniforge3/lib/python3.10/site-packages/airflow/example_dags/tutorial_taskflow_api_virtualenv.py took 0.114 seconds
[2025-03-27T07:44:49.289+0530] {processor.py:186} INFO - Started process (PID=18022) to work on /Users/uk/miniforge3/lib/python3.10/site-packages/airflow/example_dags/tutorial_taskflow_api_virtualenv.py
[2025-03-27T07:44:49.289+0530] {processor.py:914} INFO - Processing file /Users/uk/miniforge3/lib/python3.10/site-packages/airflow/example_dags/tutorial_taskflow_api_virtualenv.py for tasks to queue
[2025-03-27T07:44:49.290+0530] {logging_mixin.py:190} INFO - [2025-03-27T07:44:49.290+0530] {dagbag.py:588} INFO - Filling up the DagBag from /Users/uk/miniforge3/lib/python3.10/site-packages/airflow/example_dags/tutorial_taskflow_api_virtualenv.py
[2025-03-27T07:44:49.305+0530] {processor.py:925} INFO - DAG(s) 'tutorial_taskflow_api_virtualenv' retrieved from /Users/uk/miniforge3/lib/python3.10/site-packages/airflow/example_dags/tutorial_taskflow_api_virtualenv.py
[2025-03-27T07:44:49.403+0530] {logging_mixin.py:190} INFO - [2025-03-27T07:44:49.403+0530] {dag.py:3239} INFO - Sync 1 DAGs
[2025-03-27T07:44:49.407+0530] {logging_mixin.py:190} INFO - [2025-03-27T07:44:49.407+0530] {dag.py:4180} INFO - Setting next_dagrun for tutorial_taskflow_api_virtualenv to None, run_after=None
[2025-03-27T07:44:49.414+0530] {processor.py:208} INFO - Processing /Users/uk/miniforge3/lib/python3.10/site-packages/airflow/example_dags/tutorial_taskflow_api_virtualenv.py took 0.126 seconds
[2025-03-27T07:46:00.364+0530] {processor.py:186} INFO - Started process (PID=18205) to work on /Users/uk/miniforge3/lib/python3.10/site-packages/airflow/example_dags/tutorial_taskflow_api_virtualenv.py
[2025-03-27T07:46:00.365+0530] {processor.py:914} INFO - Processing file /Users/uk/miniforge3/lib/python3.10/site-packages/airflow/example_dags/tutorial_taskflow_api_virtualenv.py for tasks to queue
[2025-03-27T07:46:00.365+0530] {logging_mixin.py:190} INFO - [2025-03-27T07:46:00.365+0530] {dagbag.py:588} INFO - Filling up the DagBag from /Users/uk/miniforge3/lib/python3.10/site-packages/airflow/example_dags/tutorial_taskflow_api_virtualenv.py
[2025-03-27T07:46:00.380+0530] {processor.py:925} INFO - DAG(s) 'tutorial_taskflow_api_virtualenv' retrieved from /Users/uk/miniforge3/lib/python3.10/site-packages/airflow/example_dags/tutorial_taskflow_api_virtualenv.py
[2025-03-27T07:46:00.463+0530] {logging_mixin.py:190} INFO - [2025-03-27T07:46:00.463+0530] {dag.py:3239} INFO - Sync 1 DAGs
[2025-03-27T07:46:00.467+0530] {logging_mixin.py:190} INFO - [2025-03-27T07:46:00.467+0530] {dag.py:4180} INFO - Setting next_dagrun for tutorial_taskflow_api_virtualenv to None, run_after=None
[2025-03-27T07:46:00.473+0530] {processor.py:208} INFO - Processing /Users/uk/miniforge3/lib/python3.10/site-packages/airflow/example_dags/tutorial_taskflow_api_virtualenv.py took 0.111 seconds
[2025-03-27T07:47:49.732+0530] {processor.py:186} INFO - Started process (PID=18402) to work on /Users/uk/miniforge3/lib/python3.10/site-packages/airflow/example_dags/tutorial_taskflow_api_virtualenv.py
[2025-03-27T07:47:49.733+0530] {processor.py:914} INFO - Processing file /Users/uk/miniforge3/lib/python3.10/site-packages/airflow/example_dags/tutorial_taskflow_api_virtualenv.py for tasks to queue
[2025-03-27T07:47:49.733+0530] {logging_mixin.py:190} INFO - [2025-03-27T07:47:49.733+0530] {dagbag.py:588} INFO - Filling up the DagBag from /Users/uk/miniforge3/lib/python3.10/site-packages/airflow/example_dags/tutorial_taskflow_api_virtualenv.py
[2025-03-27T07:47:49.749+0530] {processor.py:925} INFO - DAG(s) 'tutorial_taskflow_api_virtualenv' retrieved from /Users/uk/miniforge3/lib/python3.10/site-packages/airflow/example_dags/tutorial_taskflow_api_virtualenv.py
[2025-03-27T07:47:49.839+0530] {logging_mixin.py:190} INFO - [2025-03-27T07:47:49.839+0530] {dag.py:3239} INFO - Sync 1 DAGs
[2025-03-27T07:47:49.843+0530] {logging_mixin.py:190} INFO - [2025-03-27T07:47:49.843+0530] {dag.py:4180} INFO - Setting next_dagrun for tutorial_taskflow_api_virtualenv to None, run_after=None
[2025-03-27T07:47:49.850+0530] {processor.py:208} INFO - Processing /Users/uk/miniforge3/lib/python3.10/site-packages/airflow/example_dags/tutorial_taskflow_api_virtualenv.py took 0.120 seconds
[2025-03-27T07:49:09.453+0530] {processor.py:186} INFO - Started process (PID=18551) to work on /Users/uk/miniforge3/lib/python3.10/site-packages/airflow/example_dags/tutorial_taskflow_api_virtualenv.py
[2025-03-27T07:49:09.454+0530] {processor.py:914} INFO - Processing file /Users/uk/miniforge3/lib/python3.10/site-packages/airflow/example_dags/tutorial_taskflow_api_virtualenv.py for tasks to queue
[2025-03-27T07:49:09.455+0530] {logging_mixin.py:190} INFO - [2025-03-27T07:49:09.454+0530] {dagbag.py:588} INFO - Filling up the DagBag from /Users/uk/miniforge3/lib/python3.10/site-packages/airflow/example_dags/tutorial_taskflow_api_virtualenv.py
[2025-03-27T07:49:09.469+0530] {processor.py:925} INFO - DAG(s) 'tutorial_taskflow_api_virtualenv' retrieved from /Users/uk/miniforge3/lib/python3.10/site-packages/airflow/example_dags/tutorial_taskflow_api_virtualenv.py
[2025-03-27T07:49:09.564+0530] {logging_mixin.py:190} INFO - [2025-03-27T07:49:09.564+0530] {dag.py:3239} INFO - Sync 1 DAGs
[2025-03-27T07:49:09.569+0530] {logging_mixin.py:190} INFO - [2025-03-27T07:49:09.569+0530] {dag.py:4180} INFO - Setting next_dagrun for tutorial_taskflow_api_virtualenv to None, run_after=None
[2025-03-27T07:49:09.576+0530] {processor.py:208} INFO - Processing /Users/uk/miniforge3/lib/python3.10/site-packages/airflow/example_dags/tutorial_taskflow_api_virtualenv.py took 0.124 seconds
[2025-03-27T07:50:27.411+0530] {processor.py:186} INFO - Started process (PID=18688) to work on /Users/uk/miniforge3/lib/python3.10/site-packages/airflow/example_dags/tutorial_taskflow_api_virtualenv.py
[2025-03-27T07:50:27.412+0530] {processor.py:914} INFO - Processing file /Users/uk/miniforge3/lib/python3.10/site-packages/airflow/example_dags/tutorial_taskflow_api_virtualenv.py for tasks to queue
[2025-03-27T07:50:27.412+0530] {logging_mixin.py:190} INFO - [2025-03-27T07:50:27.412+0530] {dagbag.py:588} INFO - Filling up the DagBag from /Users/uk/miniforge3/lib/python3.10/site-packages/airflow/example_dags/tutorial_taskflow_api_virtualenv.py
[2025-03-27T07:50:27.427+0530] {processor.py:925} INFO - DAG(s) 'tutorial_taskflow_api_virtualenv' retrieved from /Users/uk/miniforge3/lib/python3.10/site-packages/airflow/example_dags/tutorial_taskflow_api_virtualenv.py
[2025-03-27T07:50:27.519+0530] {logging_mixin.py:190} INFO - [2025-03-27T07:50:27.519+0530] {dag.py:3239} INFO - Sync 1 DAGs
[2025-03-27T07:50:27.524+0530] {logging_mixin.py:190} INFO - [2025-03-27T07:50:27.524+0530] {dag.py:4180} INFO - Setting next_dagrun for tutorial_taskflow_api_virtualenv to None, run_after=None
[2025-03-27T07:50:27.530+0530] {processor.py:208} INFO - Processing /Users/uk/miniforge3/lib/python3.10/site-packages/airflow/example_dags/tutorial_taskflow_api_virtualenv.py took 0.121 seconds
[2025-03-27T07:51:41.764+0530] {processor.py:186} INFO - Started process (PID=19152) to work on /Users/uk/miniforge3/lib/python3.10/site-packages/airflow/example_dags/tutorial_taskflow_api_virtualenv.py
[2025-03-27T07:51:41.764+0530] {processor.py:914} INFO - Processing file /Users/uk/miniforge3/lib/python3.10/site-packages/airflow/example_dags/tutorial_taskflow_api_virtualenv.py for tasks to queue
[2025-03-27T07:51:41.765+0530] {logging_mixin.py:190} INFO - [2025-03-27T07:51:41.765+0530] {dagbag.py:588} INFO - Filling up the DagBag from /Users/uk/miniforge3/lib/python3.10/site-packages/airflow/example_dags/tutorial_taskflow_api_virtualenv.py
[2025-03-27T07:51:41.779+0530] {processor.py:925} INFO - DAG(s) 'tutorial_taskflow_api_virtualenv' retrieved from /Users/uk/miniforge3/lib/python3.10/site-packages/airflow/example_dags/tutorial_taskflow_api_virtualenv.py
[2025-03-27T07:51:41.867+0530] {logging_mixin.py:190} INFO - [2025-03-27T07:51:41.866+0530] {dag.py:3239} INFO - Sync 1 DAGs
[2025-03-27T07:51:41.871+0530] {logging_mixin.py:190} INFO - [2025-03-27T07:51:41.871+0530] {dag.py:4180} INFO - Setting next_dagrun for tutorial_taskflow_api_virtualenv to None, run_after=None
[2025-03-27T07:51:41.877+0530] {processor.py:208} INFO - Processing /Users/uk/miniforge3/lib/python3.10/site-packages/airflow/example_dags/tutorial_taskflow_api_virtualenv.py took 0.115 seconds
[2025-03-27T07:52:32.805+0530] {processor.py:186} INFO - Started process (PID=19258) to work on /Users/uk/miniforge3/lib/python3.10/site-packages/airflow/example_dags/tutorial_taskflow_api_virtualenv.py
[2025-03-27T07:52:32.806+0530] {processor.py:914} INFO - Processing file /Users/uk/miniforge3/lib/python3.10/site-packages/airflow/example_dags/tutorial_taskflow_api_virtualenv.py for tasks to queue
[2025-03-27T07:52:32.806+0530] {logging_mixin.py:190} INFO - [2025-03-27T07:52:32.806+0530] {dagbag.py:588} INFO - Filling up the DagBag from /Users/uk/miniforge3/lib/python3.10/site-packages/airflow/example_dags/tutorial_taskflow_api_virtualenv.py
[2025-03-27T07:52:32.822+0530] {processor.py:925} INFO - DAG(s) 'tutorial_taskflow_api_virtualenv' retrieved from /Users/uk/miniforge3/lib/python3.10/site-packages/airflow/example_dags/tutorial_taskflow_api_virtualenv.py
[2025-03-27T07:52:32.904+0530] {logging_mixin.py:190} INFO - [2025-03-27T07:52:32.904+0530] {dag.py:3239} INFO - Sync 1 DAGs
[2025-03-27T07:52:32.908+0530] {logging_mixin.py:190} INFO - [2025-03-27T07:52:32.908+0530] {dag.py:4180} INFO - Setting next_dagrun for tutorial_taskflow_api_virtualenv to None, run_after=None
[2025-03-27T07:52:32.915+0530] {processor.py:208} INFO - Processing /Users/uk/miniforge3/lib/python3.10/site-packages/airflow/example_dags/tutorial_taskflow_api_virtualenv.py took 0.111 seconds
[2025-03-27T07:53:10.368+0530] {processor.py:186} INFO - Started process (PID=19340) to work on /Users/uk/miniforge3/lib/python3.10/site-packages/airflow/example_dags/tutorial_taskflow_api_virtualenv.py
[2025-03-27T07:53:10.368+0530] {processor.py:914} INFO - Processing file /Users/uk/miniforge3/lib/python3.10/site-packages/airflow/example_dags/tutorial_taskflow_api_virtualenv.py for tasks to queue
[2025-03-27T07:53:10.369+0530] {logging_mixin.py:190} INFO - [2025-03-27T07:53:10.369+0530] {dagbag.py:588} INFO - Filling up the DagBag from /Users/uk/miniforge3/lib/python3.10/site-packages/airflow/example_dags/tutorial_taskflow_api_virtualenv.py
[2025-03-27T07:53:10.384+0530] {processor.py:925} INFO - DAG(s) 'tutorial_taskflow_api_virtualenv' retrieved from /Users/uk/miniforge3/lib/python3.10/site-packages/airflow/example_dags/tutorial_taskflow_api_virtualenv.py
[2025-03-27T07:53:10.468+0530] {logging_mixin.py:190} INFO - [2025-03-27T07:53:10.468+0530] {dag.py:3239} INFO - Sync 1 DAGs
[2025-03-27T07:53:10.472+0530] {logging_mixin.py:190} INFO - [2025-03-27T07:53:10.472+0530] {dag.py:4180} INFO - Setting next_dagrun for tutorial_taskflow_api_virtualenv to None, run_after=None
[2025-03-27T07:53:10.479+0530] {processor.py:208} INFO - Processing /Users/uk/miniforge3/lib/python3.10/site-packages/airflow/example_dags/tutorial_taskflow_api_virtualenv.py took 0.112 seconds
[2025-03-27T07:54:24.697+0530] {processor.py:186} INFO - Started process (PID=19708) to work on /Users/uk/miniforge3/lib/python3.10/site-packages/airflow/example_dags/tutorial_taskflow_api_virtualenv.py
[2025-03-27T07:54:24.698+0530] {processor.py:914} INFO - Processing file /Users/uk/miniforge3/lib/python3.10/site-packages/airflow/example_dags/tutorial_taskflow_api_virtualenv.py for tasks to queue
[2025-03-27T07:54:24.698+0530] {logging_mixin.py:190} INFO - [2025-03-27T07:54:24.698+0530] {dagbag.py:588} INFO - Filling up the DagBag from /Users/uk/miniforge3/lib/python3.10/site-packages/airflow/example_dags/tutorial_taskflow_api_virtualenv.py
[2025-03-27T07:54:24.713+0530] {processor.py:925} INFO - DAG(s) 'tutorial_taskflow_api_virtualenv' retrieved from /Users/uk/miniforge3/lib/python3.10/site-packages/airflow/example_dags/tutorial_taskflow_api_virtualenv.py
[2025-03-27T07:54:24.797+0530] {logging_mixin.py:190} INFO - [2025-03-27T07:54:24.797+0530] {dag.py:3239} INFO - Sync 1 DAGs
[2025-03-27T07:54:24.801+0530] {logging_mixin.py:190} INFO - [2025-03-27T07:54:24.801+0530] {dag.py:4180} INFO - Setting next_dagrun for tutorial_taskflow_api_virtualenv to None, run_after=None
[2025-03-27T07:54:24.807+0530] {processor.py:208} INFO - Processing /Users/uk/miniforge3/lib/python3.10/site-packages/airflow/example_dags/tutorial_taskflow_api_virtualenv.py took 0.112 seconds
[2025-03-27T07:56:10.387+0530] {processor.py:186} INFO - Started process (PID=20408) to work on /Users/uk/miniforge3/lib/python3.10/site-packages/airflow/example_dags/tutorial_taskflow_api_virtualenv.py
[2025-03-27T07:56:10.388+0530] {processor.py:914} INFO - Processing file /Users/uk/miniforge3/lib/python3.10/site-packages/airflow/example_dags/tutorial_taskflow_api_virtualenv.py for tasks to queue
[2025-03-27T07:56:10.388+0530] {logging_mixin.py:190} INFO - [2025-03-27T07:56:10.388+0530] {dagbag.py:588} INFO - Filling up the DagBag from /Users/uk/miniforge3/lib/python3.10/site-packages/airflow/example_dags/tutorial_taskflow_api_virtualenv.py
[2025-03-27T07:56:10.404+0530] {processor.py:925} INFO - DAG(s) 'tutorial_taskflow_api_virtualenv' retrieved from /Users/uk/miniforge3/lib/python3.10/site-packages/airflow/example_dags/tutorial_taskflow_api_virtualenv.py
[2025-03-27T07:56:10.488+0530] {logging_mixin.py:190} INFO - [2025-03-27T07:56:10.488+0530] {dag.py:3239} INFO - Sync 1 DAGs
[2025-03-27T07:56:10.493+0530] {logging_mixin.py:190} INFO - [2025-03-27T07:56:10.492+0530] {dag.py:4180} INFO - Setting next_dagrun for tutorial_taskflow_api_virtualenv to None, run_after=None
[2025-03-27T07:56:10.499+0530] {processor.py:208} INFO - Processing /Users/uk/miniforge3/lib/python3.10/site-packages/airflow/example_dags/tutorial_taskflow_api_virtualenv.py took 0.113 seconds
[2025-03-27T07:57:25.583+0530] {processor.py:186} INFO - Started process (PID=20565) to work on /Users/uk/miniforge3/lib/python3.10/site-packages/airflow/example_dags/tutorial_taskflow_api_virtualenv.py
[2025-03-27T07:57:25.583+0530] {processor.py:914} INFO - Processing file /Users/uk/miniforge3/lib/python3.10/site-packages/airflow/example_dags/tutorial_taskflow_api_virtualenv.py for tasks to queue
[2025-03-27T07:57:25.584+0530] {logging_mixin.py:190} INFO - [2025-03-27T07:57:25.584+0530] {dagbag.py:588} INFO - Filling up the DagBag from /Users/uk/miniforge3/lib/python3.10/site-packages/airflow/example_dags/tutorial_taskflow_api_virtualenv.py
[2025-03-27T07:57:25.599+0530] {processor.py:925} INFO - DAG(s) 'tutorial_taskflow_api_virtualenv' retrieved from /Users/uk/miniforge3/lib/python3.10/site-packages/airflow/example_dags/tutorial_taskflow_api_virtualenv.py
[2025-03-27T07:57:25.685+0530] {logging_mixin.py:190} INFO - [2025-03-27T07:57:25.685+0530] {dag.py:3239} INFO - Sync 1 DAGs
[2025-03-27T07:57:25.690+0530] {logging_mixin.py:190} INFO - [2025-03-27T07:57:25.689+0530] {dag.py:4180} INFO - Setting next_dagrun for tutorial_taskflow_api_virtualenv to None, run_after=None
[2025-03-27T07:57:25.696+0530] {processor.py:208} INFO - Processing /Users/uk/miniforge3/lib/python3.10/site-packages/airflow/example_dags/tutorial_taskflow_api_virtualenv.py took 0.115 seconds
[2025-03-27T07:58:43.784+0530] {processor.py:186} INFO - Started process (PID=20715) to work on /Users/uk/miniforge3/lib/python3.10/site-packages/airflow/example_dags/tutorial_taskflow_api_virtualenv.py
[2025-03-27T07:58:43.785+0530] {processor.py:914} INFO - Processing file /Users/uk/miniforge3/lib/python3.10/site-packages/airflow/example_dags/tutorial_taskflow_api_virtualenv.py for tasks to queue
[2025-03-27T07:58:43.786+0530] {logging_mixin.py:190} INFO - [2025-03-27T07:58:43.786+0530] {dagbag.py:588} INFO - Filling up the DagBag from /Users/uk/miniforge3/lib/python3.10/site-packages/airflow/example_dags/tutorial_taskflow_api_virtualenv.py
[2025-03-27T07:58:43.807+0530] {processor.py:925} INFO - DAG(s) 'tutorial_taskflow_api_virtualenv' retrieved from /Users/uk/miniforge3/lib/python3.10/site-packages/airflow/example_dags/tutorial_taskflow_api_virtualenv.py
[2025-03-27T07:58:43.897+0530] {logging_mixin.py:190} INFO - [2025-03-27T07:58:43.896+0530] {dag.py:3239} INFO - Sync 1 DAGs
[2025-03-27T07:58:43.901+0530] {logging_mixin.py:190} INFO - [2025-03-27T07:58:43.901+0530] {dag.py:4180} INFO - Setting next_dagrun for tutorial_taskflow_api_virtualenv to None, run_after=None
[2025-03-27T07:58:43.908+0530] {processor.py:208} INFO - Processing /Users/uk/miniforge3/lib/python3.10/site-packages/airflow/example_dags/tutorial_taskflow_api_virtualenv.py took 0.125 seconds
[2025-03-27T08:00:01.780+0530] {processor.py:186} INFO - Started process (PID=20880) to work on /Users/uk/miniforge3/lib/python3.10/site-packages/airflow/example_dags/tutorial_taskflow_api_virtualenv.py
[2025-03-27T08:00:01.781+0530] {processor.py:914} INFO - Processing file /Users/uk/miniforge3/lib/python3.10/site-packages/airflow/example_dags/tutorial_taskflow_api_virtualenv.py for tasks to queue
[2025-03-27T08:00:01.781+0530] {logging_mixin.py:190} INFO - [2025-03-27T08:00:01.781+0530] {dagbag.py:588} INFO - Filling up the DagBag from /Users/uk/miniforge3/lib/python3.10/site-packages/airflow/example_dags/tutorial_taskflow_api_virtualenv.py
[2025-03-27T08:00:01.797+0530] {processor.py:925} INFO - DAG(s) 'tutorial_taskflow_api_virtualenv' retrieved from /Users/uk/miniforge3/lib/python3.10/site-packages/airflow/example_dags/tutorial_taskflow_api_virtualenv.py
[2025-03-27T08:00:01.886+0530] {logging_mixin.py:190} INFO - [2025-03-27T08:00:01.886+0530] {dag.py:3239} INFO - Sync 1 DAGs
[2025-03-27T08:00:01.890+0530] {logging_mixin.py:190} INFO - [2025-03-27T08:00:01.890+0530] {dag.py:4180} INFO - Setting next_dagrun for tutorial_taskflow_api_virtualenv to None, run_after=None
[2025-03-27T08:00:01.897+0530] {processor.py:208} INFO - Processing /Users/uk/miniforge3/lib/python3.10/site-packages/airflow/example_dags/tutorial_taskflow_api_virtualenv.py took 0.118 seconds
[2025-03-27T08:01:16.281+0530] {processor.py:186} INFO - Started process (PID=20996) to work on /Users/uk/miniforge3/lib/python3.10/site-packages/airflow/example_dags/tutorial_taskflow_api_virtualenv.py
[2025-03-27T08:01:16.281+0530] {processor.py:914} INFO - Processing file /Users/uk/miniforge3/lib/python3.10/site-packages/airflow/example_dags/tutorial_taskflow_api_virtualenv.py for tasks to queue
[2025-03-27T08:01:16.282+0530] {logging_mixin.py:190} INFO - [2025-03-27T08:01:16.282+0530] {dagbag.py:588} INFO - Filling up the DagBag from /Users/uk/miniforge3/lib/python3.10/site-packages/airflow/example_dags/tutorial_taskflow_api_virtualenv.py
[2025-03-27T08:01:16.298+0530] {processor.py:925} INFO - DAG(s) 'tutorial_taskflow_api_virtualenv' retrieved from /Users/uk/miniforge3/lib/python3.10/site-packages/airflow/example_dags/tutorial_taskflow_api_virtualenv.py
[2025-03-27T08:01:16.386+0530] {logging_mixin.py:190} INFO - [2025-03-27T08:01:16.385+0530] {dag.py:3239} INFO - Sync 1 DAGs
[2025-03-27T08:01:16.390+0530] {logging_mixin.py:190} INFO - [2025-03-27T08:01:16.390+0530] {dag.py:4180} INFO - Setting next_dagrun for tutorial_taskflow_api_virtualenv to None, run_after=None
[2025-03-27T08:01:16.397+0530] {processor.py:208} INFO - Processing /Users/uk/miniforge3/lib/python3.10/site-packages/airflow/example_dags/tutorial_taskflow_api_virtualenv.py took 0.117 seconds
[2025-03-27T08:02:33.209+0530] {processor.py:186} INFO - Started process (PID=21179) to work on /Users/uk/miniforge3/lib/python3.10/site-packages/airflow/example_dags/tutorial_taskflow_api_virtualenv.py
[2025-03-27T08:02:33.209+0530] {processor.py:914} INFO - Processing file /Users/uk/miniforge3/lib/python3.10/site-packages/airflow/example_dags/tutorial_taskflow_api_virtualenv.py for tasks to queue
[2025-03-27T08:02:33.210+0530] {logging_mixin.py:190} INFO - [2025-03-27T08:02:33.210+0530] {dagbag.py:588} INFO - Filling up the DagBag from /Users/uk/miniforge3/lib/python3.10/site-packages/airflow/example_dags/tutorial_taskflow_api_virtualenv.py
[2025-03-27T08:02:33.224+0530] {processor.py:925} INFO - DAG(s) 'tutorial_taskflow_api_virtualenv' retrieved from /Users/uk/miniforge3/lib/python3.10/site-packages/airflow/example_dags/tutorial_taskflow_api_virtualenv.py
[2025-03-27T08:02:33.313+0530] {logging_mixin.py:190} INFO - [2025-03-27T08:02:33.313+0530] {dag.py:3239} INFO - Sync 1 DAGs
[2025-03-27T08:02:33.318+0530] {logging_mixin.py:190} INFO - [2025-03-27T08:02:33.318+0530] {dag.py:4180} INFO - Setting next_dagrun for tutorial_taskflow_api_virtualenv to None, run_after=None
[2025-03-27T08:02:33.324+0530] {processor.py:208} INFO - Processing /Users/uk/miniforge3/lib/python3.10/site-packages/airflow/example_dags/tutorial_taskflow_api_virtualenv.py took 0.116 seconds
[2025-03-27T08:03:49.632+0530] {processor.py:186} INFO - Started process (PID=21320) to work on /Users/uk/miniforge3/lib/python3.10/site-packages/airflow/example_dags/tutorial_taskflow_api_virtualenv.py
[2025-03-27T08:03:49.632+0530] {processor.py:914} INFO - Processing file /Users/uk/miniforge3/lib/python3.10/site-packages/airflow/example_dags/tutorial_taskflow_api_virtualenv.py for tasks to queue
[2025-03-27T08:03:49.633+0530] {logging_mixin.py:190} INFO - [2025-03-27T08:03:49.633+0530] {dagbag.py:588} INFO - Filling up the DagBag from /Users/uk/miniforge3/lib/python3.10/site-packages/airflow/example_dags/tutorial_taskflow_api_virtualenv.py
[2025-03-27T08:03:49.648+0530] {processor.py:925} INFO - DAG(s) 'tutorial_taskflow_api_virtualenv' retrieved from /Users/uk/miniforge3/lib/python3.10/site-packages/airflow/example_dags/tutorial_taskflow_api_virtualenv.py
[2025-03-27T08:03:49.735+0530] {logging_mixin.py:190} INFO - [2025-03-27T08:03:49.735+0530] {dag.py:3239} INFO - Sync 1 DAGs
[2025-03-27T08:03:49.739+0530] {logging_mixin.py:190} INFO - [2025-03-27T08:03:49.739+0530] {dag.py:4180} INFO - Setting next_dagrun for tutorial_taskflow_api_virtualenv to None, run_after=None
[2025-03-27T08:03:49.746+0530] {processor.py:208} INFO - Processing /Users/uk/miniforge3/lib/python3.10/site-packages/airflow/example_dags/tutorial_taskflow_api_virtualenv.py took 0.115 seconds
[2025-03-27T08:05:02.511+0530] {processor.py:186} INFO - Started process (PID=21445) to work on /Users/uk/miniforge3/lib/python3.10/site-packages/airflow/example_dags/tutorial_taskflow_api_virtualenv.py
[2025-03-27T08:05:02.512+0530] {processor.py:914} INFO - Processing file /Users/uk/miniforge3/lib/python3.10/site-packages/airflow/example_dags/tutorial_taskflow_api_virtualenv.py for tasks to queue
[2025-03-27T08:05:02.512+0530] {logging_mixin.py:190} INFO - [2025-03-27T08:05:02.512+0530] {dagbag.py:588} INFO - Filling up the DagBag from /Users/uk/miniforge3/lib/python3.10/site-packages/airflow/example_dags/tutorial_taskflow_api_virtualenv.py
[2025-03-27T08:05:02.532+0530] {processor.py:925} INFO - DAG(s) 'tutorial_taskflow_api_virtualenv' retrieved from /Users/uk/miniforge3/lib/python3.10/site-packages/airflow/example_dags/tutorial_taskflow_api_virtualenv.py
[2025-03-27T08:05:02.619+0530] {logging_mixin.py:190} INFO - [2025-03-27T08:05:02.619+0530] {dag.py:3239} INFO - Sync 1 DAGs
[2025-03-27T08:05:02.623+0530] {logging_mixin.py:190} INFO - [2025-03-27T08:05:02.623+0530] {dag.py:4180} INFO - Setting next_dagrun for tutorial_taskflow_api_virtualenv to None, run_after=None
[2025-03-27T08:05:02.629+0530] {processor.py:208} INFO - Processing /Users/uk/miniforge3/lib/python3.10/site-packages/airflow/example_dags/tutorial_taskflow_api_virtualenv.py took 0.120 seconds
[2025-03-27T08:06:18.726+0530] {processor.py:186} INFO - Started process (PID=21573) to work on /Users/uk/miniforge3/lib/python3.10/site-packages/airflow/example_dags/tutorial_taskflow_api_virtualenv.py
[2025-03-27T08:06:18.726+0530] {processor.py:914} INFO - Processing file /Users/uk/miniforge3/lib/python3.10/site-packages/airflow/example_dags/tutorial_taskflow_api_virtualenv.py for tasks to queue
[2025-03-27T08:06:18.727+0530] {logging_mixin.py:190} INFO - [2025-03-27T08:06:18.727+0530] {dagbag.py:588} INFO - Filling up the DagBag from /Users/uk/miniforge3/lib/python3.10/site-packages/airflow/example_dags/tutorial_taskflow_api_virtualenv.py
[2025-03-27T08:06:18.742+0530] {processor.py:925} INFO - DAG(s) 'tutorial_taskflow_api_virtualenv' retrieved from /Users/uk/miniforge3/lib/python3.10/site-packages/airflow/example_dags/tutorial_taskflow_api_virtualenv.py
[2025-03-27T08:06:18.828+0530] {logging_mixin.py:190} INFO - [2025-03-27T08:06:18.828+0530] {dag.py:3239} INFO - Sync 1 DAGs
[2025-03-27T08:06:18.833+0530] {logging_mixin.py:190} INFO - [2025-03-27T08:06:18.832+0530] {dag.py:4180} INFO - Setting next_dagrun for tutorial_taskflow_api_virtualenv to None, run_after=None
[2025-03-27T08:06:18.839+0530] {processor.py:208} INFO - Processing /Users/uk/miniforge3/lib/python3.10/site-packages/airflow/example_dags/tutorial_taskflow_api_virtualenv.py took 0.114 seconds
[2025-03-27T08:07:34.787+0530] {processor.py:186} INFO - Started process (PID=21751) to work on /Users/uk/miniforge3/lib/python3.10/site-packages/airflow/example_dags/tutorial_taskflow_api_virtualenv.py
[2025-03-27T08:07:34.787+0530] {processor.py:914} INFO - Processing file /Users/uk/miniforge3/lib/python3.10/site-packages/airflow/example_dags/tutorial_taskflow_api_virtualenv.py for tasks to queue
[2025-03-27T08:07:34.788+0530] {logging_mixin.py:190} INFO - [2025-03-27T08:07:34.788+0530] {dagbag.py:588} INFO - Filling up the DagBag from /Users/uk/miniforge3/lib/python3.10/site-packages/airflow/example_dags/tutorial_taskflow_api_virtualenv.py
[2025-03-27T08:07:34.803+0530] {processor.py:925} INFO - DAG(s) 'tutorial_taskflow_api_virtualenv' retrieved from /Users/uk/miniforge3/lib/python3.10/site-packages/airflow/example_dags/tutorial_taskflow_api_virtualenv.py
[2025-03-27T08:07:34.893+0530] {logging_mixin.py:190} INFO - [2025-03-27T08:07:34.893+0530] {dag.py:3239} INFO - Sync 1 DAGs
[2025-03-27T08:07:34.897+0530] {logging_mixin.py:190} INFO - [2025-03-27T08:07:34.897+0530] {dag.py:4180} INFO - Setting next_dagrun for tutorial_taskflow_api_virtualenv to None, run_after=None
[2025-03-27T08:07:34.903+0530] {processor.py:208} INFO - Processing /Users/uk/miniforge3/lib/python3.10/site-packages/airflow/example_dags/tutorial_taskflow_api_virtualenv.py took 0.118 seconds
[2025-03-27T08:08:58.869+0530] {processor.py:186} INFO - Started process (PID=21904) to work on /Users/uk/miniforge3/lib/python3.10/site-packages/airflow/example_dags/tutorial_taskflow_api_virtualenv.py
[2025-03-27T08:08:58.869+0530] {processor.py:914} INFO - Processing file /Users/uk/miniforge3/lib/python3.10/site-packages/airflow/example_dags/tutorial_taskflow_api_virtualenv.py for tasks to queue
[2025-03-27T08:08:58.870+0530] {logging_mixin.py:190} INFO - [2025-03-27T08:08:58.870+0530] {dagbag.py:588} INFO - Filling up the DagBag from /Users/uk/miniforge3/lib/python3.10/site-packages/airflow/example_dags/tutorial_taskflow_api_virtualenv.py
[2025-03-27T08:08:58.884+0530] {processor.py:925} INFO - DAG(s) 'tutorial_taskflow_api_virtualenv' retrieved from /Users/uk/miniforge3/lib/python3.10/site-packages/airflow/example_dags/tutorial_taskflow_api_virtualenv.py
[2025-03-27T08:08:58.967+0530] {logging_mixin.py:190} INFO - [2025-03-27T08:08:58.966+0530] {dag.py:3239} INFO - Sync 1 DAGs
[2025-03-27T08:08:58.971+0530] {logging_mixin.py:190} INFO - [2025-03-27T08:08:58.971+0530] {dag.py:4180} INFO - Setting next_dagrun for tutorial_taskflow_api_virtualenv to None, run_after=None
[2025-03-27T08:08:58.977+0530] {processor.py:208} INFO - Processing /Users/uk/miniforge3/lib/python3.10/site-packages/airflow/example_dags/tutorial_taskflow_api_virtualenv.py took 0.110 seconds
[2025-03-27T08:10:16.457+0530] {processor.py:186} INFO - Started process (PID=22030) to work on /Users/uk/miniforge3/lib/python3.10/site-packages/airflow/example_dags/tutorial_taskflow_api_virtualenv.py
[2025-03-27T08:10:16.457+0530] {processor.py:914} INFO - Processing file /Users/uk/miniforge3/lib/python3.10/site-packages/airflow/example_dags/tutorial_taskflow_api_virtualenv.py for tasks to queue
[2025-03-27T08:10:16.458+0530] {logging_mixin.py:190} INFO - [2025-03-27T08:10:16.458+0530] {dagbag.py:588} INFO - Filling up the DagBag from /Users/uk/miniforge3/lib/python3.10/site-packages/airflow/example_dags/tutorial_taskflow_api_virtualenv.py
[2025-03-27T08:10:16.473+0530] {processor.py:925} INFO - DAG(s) 'tutorial_taskflow_api_virtualenv' retrieved from /Users/uk/miniforge3/lib/python3.10/site-packages/airflow/example_dags/tutorial_taskflow_api_virtualenv.py
[2025-03-27T08:10:16.555+0530] {logging_mixin.py:190} INFO - [2025-03-27T08:10:16.554+0530] {dag.py:3239} INFO - Sync 1 DAGs
[2025-03-27T08:10:16.559+0530] {logging_mixin.py:190} INFO - [2025-03-27T08:10:16.559+0530] {dag.py:4180} INFO - Setting next_dagrun for tutorial_taskflow_api_virtualenv to None, run_after=None
[2025-03-27T08:10:16.565+0530] {processor.py:208} INFO - Processing /Users/uk/miniforge3/lib/python3.10/site-packages/airflow/example_dags/tutorial_taskflow_api_virtualenv.py took 0.110 seconds
