[2025-03-23T13:47:45.556+0530] {local_task_job_runner.py:123} INFO - ::group::Pre task execution logs
[2025-03-23T13:47:45.560+0530] {taskinstance.py:2614} INFO - Dependencies all met for dep_context=non-requeueable deps ti=<TaskInstance: stock_etl_pipeline.run_etl scheduled__2025-03-23T08:10:00+00:00 [queued]>
[2025-03-23T13:47:45.562+0530] {taskinstance.py:2614} INFO - Dependencies all met for dep_context=requeueable deps ti=<TaskInstance: stock_etl_pipeline.run_etl scheduled__2025-03-23T08:10:00+00:00 [queued]>
[2025-03-23T13:47:45.562+0530] {taskinstance.py:2867} INFO - Starting attempt 1 of 2
[2025-03-23T13:47:45.566+0530] {taskinstance.py:2890} INFO - Executing <Task(PythonOperator): run_etl> on 2025-03-23 08:10:00+00:00
[2025-03-23T13:47:45.569+0530] {standard_task_runner.py:72} INFO - Started process 38026 to run task
[2025-03-23T13:47:45.572+0530] {standard_task_runner.py:104} INFO - Running: ['airflow', 'tasks', 'run', 'stock_etl_pipeline', 'run_etl', 'scheduled__2025-03-23T08:10:00+00:00', '--job-id', '7', '--raw', '--subdir', 'DAGS_FOLDER/stock_etl_dag.py', '--cfg-path', '/var/folders/85/tszsn_6n56zfd9b9p9l13r9c0000gn/T/tmpe219i5ue']
[2025-03-23T13:47:45.573+0530] {standard_task_runner.py:105} INFO - Job 7: Subtask run_etl
[2025-03-23T13:47:45.589+0530] {task_command.py:467} INFO - Running <TaskInstance: stock_etl_pipeline.run_etl scheduled__2025-03-23T08:10:00+00:00 [running]> on host utkarshs-macbook-air.local
[2025-03-23T13:47:45.607+0530] {taskinstance.py:3134} INFO - Exporting env vars: AIRFLOW_CTX_DAG_OWNER='airflow' AIRFLOW_CTX_DAG_ID='stock_etl_pipeline' AIRFLOW_CTX_TASK_ID='run_etl' AIRFLOW_CTX_EXECUTION_DATE='2025-03-23T08:10:00+00:00' AIRFLOW_CTX_TRY_NUMBER='1' AIRFLOW_CTX_DAG_RUN_ID='scheduled__2025-03-23T08:10:00+00:00'
[2025-03-23T13:47:45.608+0530] {logging_mixin.py:190} INFO - Task instance is in running state
[2025-03-23T13:47:45.608+0530] {logging_mixin.py:190} INFO -  Previous state of the Task instance: queued
[2025-03-23T13:47:45.608+0530] {logging_mixin.py:190} INFO - Current task name:run_etl state:running start_date:2025-03-23 08:17:45.560676+00:00
[2025-03-23T13:47:45.609+0530] {logging_mixin.py:190} INFO - Dag name:stock_etl_pipeline and current dag run status:running
[2025-03-23T13:47:45.609+0530] {taskinstance.py:732} INFO - ::endgroup::
[2025-03-23T13:47:46.875+0530] {python.py:240} INFO - Done. Returned value was: None
[2025-03-23T13:47:46.877+0530] {taskinstance.py:341} INFO - ::group::Post task execution logs
[2025-03-23T13:47:46.878+0530] {taskinstance.py:353} INFO - Marking task as SUCCESS. dag_id=stock_etl_pipeline, task_id=run_etl, run_id=scheduled__2025-03-23T08:10:00+00:00, execution_date=20250323T081000, start_date=20250323T081745, end_date=20250323T081746
[2025-03-23T13:47:46.882+0530] {logging_mixin.py:190} INFO - Task instance in success state
[2025-03-23T13:47:46.883+0530] {logging_mixin.py:190} INFO -  Previous state of the Task instance: running
[2025-03-23T13:47:46.883+0530] {logging_mixin.py:190} INFO - Dag name:stock_etl_pipeline queued_at:2025-03-23 08:17:41.682263+00:00
[2025-03-23T13:47:46.883+0530] {logging_mixin.py:190} INFO - Task hostname:utkarshs-macbook-air.local operator:PythonOperator
[2025-03-23T13:47:46.895+0530] {local_task_job_runner.py:266} INFO - Task exited with return code 0
[2025-03-23T13:47:46.900+0530] {taskinstance.py:3901} INFO - 0 downstream tasks scheduled from follow-on schedule check
[2025-03-23T13:47:46.901+0530] {local_task_job_runner.py:245} INFO - ::endgroup::
