[2025-03-26T22:07:47.976+0530] {local_task_job_runner.py:123} INFO - ::group::Pre task execution logs
[2025-03-26T22:07:47.980+0530] {taskinstance.py:2614} INFO - Dependencies all met for dep_context=non-requeueable deps ti=<TaskInstance: stock_etl_pipeline.run_etl manual__2025-03-24T13:00:21.908511+00:00 [queued]>
[2025-03-26T22:07:47.982+0530] {taskinstance.py:2614} INFO - Dependencies all met for dep_context=requeueable deps ti=<TaskInstance: stock_etl_pipeline.run_etl manual__2025-03-24T13:00:21.908511+00:00 [queued]>
[2025-03-26T22:07:47.982+0530] {taskinstance.py:2867} INFO - Starting attempt 1 of 2
[2025-03-26T22:07:47.987+0530] {taskinstance.py:2890} INFO - Executing <Task(PythonOperator): run_etl> on 2025-03-24 13:00:21.908511+00:00
[2025-03-26T22:07:47.991+0530] {standard_task_runner.py:72} INFO - Started process 6167 to run task
[2025-03-26T22:07:47.995+0530] {standard_task_runner.py:104} INFO - Running: ['airflow', 'tasks', 'run', 'stock_etl_pipeline', 'run_etl', 'manual__2025-03-24T13:00:21.908511+00:00', '--job-id', '86', '--raw', '--subdir', 'DAGS_FOLDER/stock_etl_dag.py', '--cfg-path', '/var/folders/85/tszsn_6n56zfd9b9p9l13r9c0000gn/T/tmpja_59iwy']
[2025-03-26T22:07:47.996+0530] {standard_task_runner.py:105} INFO - Job 86: Subtask run_etl
[2025-03-26T22:07:48.015+0530] {task_command.py:467} INFO - Running <TaskInstance: stock_etl_pipeline.run_etl manual__2025-03-24T13:00:21.908511+00:00 [running]> on host utkarshs-macbook-air.local
[2025-03-26T22:07:48.036+0530] {taskinstance.py:3134} INFO - Exporting env vars: AIRFLOW_CTX_DAG_OWNER='airflow' AIRFLOW_CTX_DAG_ID='stock_etl_pipeline' AIRFLOW_CTX_TASK_ID='run_etl' AIRFLOW_CTX_EXECUTION_DATE='2025-03-24T13:00:21.908511+00:00' AIRFLOW_CTX_TRY_NUMBER='1' AIRFLOW_CTX_DAG_RUN_ID='manual__2025-03-24T13:00:21.908511+00:00'
[2025-03-26T22:07:48.037+0530] {logging_mixin.py:190} INFO - Task instance is in running state
[2025-03-26T22:07:48.037+0530] {logging_mixin.py:190} INFO -  Previous state of the Task instance: queued
[2025-03-26T22:07:48.037+0530] {logging_mixin.py:190} INFO - Current task name:run_etl state:running start_date:2025-03-26 16:37:47.980796+00:00
[2025-03-26T22:07:48.037+0530] {logging_mixin.py:190} INFO - Dag name:stock_etl_pipeline and current dag run status:running
[2025-03-26T22:07:48.037+0530] {taskinstance.py:732} INFO - ::endgroup::
[2025-03-26T22:07:48.975+0530] {python.py:240} INFO - Done. Returned value was: None
[2025-03-26T22:07:48.977+0530] {taskinstance.py:341} INFO - ::group::Post task execution logs
[2025-03-26T22:07:48.977+0530] {taskinstance.py:353} INFO - Marking task as SUCCESS. dag_id=stock_etl_pipeline, task_id=run_etl, run_id=manual__2025-03-24T13:00:21.908511+00:00, execution_date=20250324T130021, start_date=20250326T163747, end_date=20250326T163748
[2025-03-26T22:07:48.982+0530] {logging_mixin.py:190} INFO - Task instance in success state
[2025-03-26T22:07:48.982+0530] {logging_mixin.py:190} INFO -  Previous state of the Task instance: running
[2025-03-26T22:07:48.982+0530] {logging_mixin.py:190} INFO - Dag name:stock_etl_pipeline queued_at:2025-03-24 13:00:21.934253+00:00
[2025-03-26T22:07:48.983+0530] {logging_mixin.py:190} INFO - Task hostname:utkarshs-macbook-air.local operator:PythonOperator
[2025-03-26T22:07:48.991+0530] {local_task_job_runner.py:266} INFO - Task exited with return code 0
[2025-03-26T22:07:48.997+0530] {taskinstance.py:3901} INFO - 0 downstream tasks scheduled from follow-on schedule check
[2025-03-26T22:07:48.997+0530] {local_task_job_runner.py:245} INFO - ::endgroup::
