[2025-03-24T05:21:56.887+0000] {processor.py:157} INFO - Started process (PID=162) to work on /opt/airflow/dags/stock_etl_dag.py
[2025-03-24T05:21:56.889+0000] {processor.py:826} INFO - Processing file /opt/airflow/dags/stock_etl_dag.py for tasks to queue
[2025-03-24T05:21:56.891+0000] {logging_mixin.py:150} INFO - [2025-03-24T05:21:56.890+0000] {dagbag.py:541} INFO - Filling up the DagBag from /opt/airflow/dags/stock_etl_dag.py
[2025-03-24T05:21:58.287+0000] {processor.py:836} INFO - DAG(s) dict_keys(['stock_etl_pipeline']) retrieved from /opt/airflow/dags/stock_etl_dag.py
[2025-03-24T05:21:58.429+0000] {logging_mixin.py:150} INFO - [2025-03-24T05:21:58.429+0000] {manager.py:504} INFO - Created Permission View: can read on DAG:stock_etl_pipeline
[2025-03-24T05:21:58.434+0000] {logging_mixin.py:150} INFO - [2025-03-24T05:21:58.434+0000] {manager.py:504} INFO - Created Permission View: can delete on DAG:stock_etl_pipeline
[2025-03-24T05:21:58.436+0000] {logging_mixin.py:150} INFO - [2025-03-24T05:21:58.436+0000] {manager.py:504} INFO - Created Permission View: can edit on DAG:stock_etl_pipeline
[2025-03-24T05:21:58.443+0000] {logging_mixin.py:150} INFO - [2025-03-24T05:21:58.443+0000] {dag.py:2742} INFO - Sync 1 DAGs
[2025-03-24T05:21:58.449+0000] {logging_mixin.py:150} INFO - [2025-03-24T05:21:58.449+0000] {dag.py:2763} INFO - Creating ORM DAG for stock_etl_pipeline
[2025-03-24T05:21:58.455+0000] {logging_mixin.py:150} INFO - [2025-03-24T05:21:58.455+0000] {dag.py:3508} INFO - Setting next_dagrun for stock_etl_pipeline to 2025-03-24T05:16:58.455087+00:00, run_after=2025-03-24T05:21:58.455087+00:00
[2025-03-24T05:21:58.464+0000] {processor.py:179} INFO - Processing /opt/airflow/dags/stock_etl_dag.py took 1.587 seconds
[2025-03-24T05:22:28.990+0000] {processor.py:157} INFO - Started process (PID=176) to work on /opt/airflow/dags/stock_etl_dag.py
[2025-03-24T05:22:28.993+0000] {processor.py:826} INFO - Processing file /opt/airflow/dags/stock_etl_dag.py for tasks to queue
[2025-03-24T05:22:28.994+0000] {logging_mixin.py:150} INFO - [2025-03-24T05:22:28.993+0000] {dagbag.py:541} INFO - Filling up the DagBag from /opt/airflow/dags/stock_etl_dag.py
[2025-03-24T05:22:29.411+0000] {processor.py:836} INFO - DAG(s) dict_keys(['stock_etl_pipeline']) retrieved from /opt/airflow/dags/stock_etl_dag.py
[2025-03-24T05:22:29.449+0000] {logging_mixin.py:150} INFO - [2025-03-24T05:22:29.449+0000] {dag.py:2742} INFO - Sync 1 DAGs
[2025-03-24T05:22:29.475+0000] {logging_mixin.py:150} INFO - [2025-03-24T05:22:29.474+0000] {dag.py:3508} INFO - Setting next_dagrun for stock_etl_pipeline to 2025-03-24T05:17:29.474780+00:00, run_after=2025-03-24T05:22:29.474780+00:00
[2025-03-24T05:22:29.487+0000] {processor.py:179} INFO - Processing /opt/airflow/dags/stock_etl_dag.py took 0.506 seconds
[2025-03-24T05:22:59.571+0000] {processor.py:157} INFO - Started process (PID=189) to work on /opt/airflow/dags/stock_etl_dag.py
[2025-03-24T05:22:59.573+0000] {processor.py:826} INFO - Processing file /opt/airflow/dags/stock_etl_dag.py for tasks to queue
[2025-03-24T05:22:59.575+0000] {logging_mixin.py:150} INFO - [2025-03-24T05:22:59.575+0000] {dagbag.py:541} INFO - Filling up the DagBag from /opt/airflow/dags/stock_etl_dag.py
[2025-03-24T05:22:59.952+0000] {processor.py:836} INFO - DAG(s) dict_keys(['stock_etl_pipeline']) retrieved from /opt/airflow/dags/stock_etl_dag.py
[2025-03-24T05:22:59.986+0000] {logging_mixin.py:150} INFO - [2025-03-24T05:22:59.985+0000] {dag.py:2742} INFO - Sync 1 DAGs
[2025-03-24T05:23:00.006+0000] {logging_mixin.py:150} INFO - [2025-03-24T05:23:00.006+0000] {dag.py:3508} INFO - Setting next_dagrun for stock_etl_pipeline to 2025-03-24T05:18:00.005497+00:00, run_after=2025-03-24T05:23:00.005497+00:00
[2025-03-24T05:23:00.017+0000] {processor.py:179} INFO - Processing /opt/airflow/dags/stock_etl_dag.py took 0.457 seconds
[2025-03-24T05:23:30.244+0000] {processor.py:157} INFO - Started process (PID=202) to work on /opt/airflow/dags/stock_etl_dag.py
[2025-03-24T05:23:30.245+0000] {processor.py:826} INFO - Processing file /opt/airflow/dags/stock_etl_dag.py for tasks to queue
[2025-03-24T05:23:30.246+0000] {logging_mixin.py:150} INFO - [2025-03-24T05:23:30.246+0000] {dagbag.py:541} INFO - Filling up the DagBag from /opt/airflow/dags/stock_etl_dag.py
[2025-03-24T05:23:30.514+0000] {processor.py:836} INFO - DAG(s) dict_keys(['stock_etl_pipeline']) retrieved from /opt/airflow/dags/stock_etl_dag.py
[2025-03-24T05:23:30.560+0000] {logging_mixin.py:150} INFO - [2025-03-24T05:23:30.560+0000] {dag.py:2742} INFO - Sync 1 DAGs
[2025-03-24T05:23:30.594+0000] {logging_mixin.py:150} INFO - [2025-03-24T05:23:30.594+0000] {dag.py:3508} INFO - Setting next_dagrun for stock_etl_pipeline to 2025-03-24T05:18:30.593768+00:00, run_after=2025-03-24T05:23:30.593768+00:00
[2025-03-24T05:23:30.610+0000] {processor.py:179} INFO - Processing /opt/airflow/dags/stock_etl_dag.py took 0.371 seconds
[2025-03-24T05:24:00.806+0000] {processor.py:157} INFO - Started process (PID=215) to work on /opt/airflow/dags/stock_etl_dag.py
[2025-03-24T05:24:00.809+0000] {processor.py:826} INFO - Processing file /opt/airflow/dags/stock_etl_dag.py for tasks to queue
[2025-03-24T05:24:00.810+0000] {logging_mixin.py:150} INFO - [2025-03-24T05:24:00.809+0000] {dagbag.py:541} INFO - Filling up the DagBag from /opt/airflow/dags/stock_etl_dag.py
[2025-03-24T05:24:01.161+0000] {processor.py:836} INFO - DAG(s) dict_keys(['stock_etl_pipeline']) retrieved from /opt/airflow/dags/stock_etl_dag.py
[2025-03-24T05:24:01.199+0000] {logging_mixin.py:150} INFO - [2025-03-24T05:24:01.199+0000] {dag.py:2742} INFO - Sync 1 DAGs
[2025-03-24T05:24:01.220+0000] {logging_mixin.py:150} INFO - [2025-03-24T05:24:01.220+0000] {dag.py:3508} INFO - Setting next_dagrun for stock_etl_pipeline to 2025-03-24T05:19:01.220056+00:00, run_after=2025-03-24T05:24:01.220056+00:00
[2025-03-24T05:24:01.233+0000] {processor.py:179} INFO - Processing /opt/airflow/dags/stock_etl_dag.py took 0.438 seconds
[2025-03-24T05:24:31.636+0000] {processor.py:157} INFO - Started process (PID=228) to work on /opt/airflow/dags/stock_etl_dag.py
[2025-03-24T05:24:31.638+0000] {processor.py:826} INFO - Processing file /opt/airflow/dags/stock_etl_dag.py for tasks to queue
[2025-03-24T05:24:31.639+0000] {logging_mixin.py:150} INFO - [2025-03-24T05:24:31.639+0000] {dagbag.py:541} INFO - Filling up the DagBag from /opt/airflow/dags/stock_etl_dag.py
[2025-03-24T05:24:31.903+0000] {processor.py:836} INFO - DAG(s) dict_keys(['stock_etl_pipeline']) retrieved from /opt/airflow/dags/stock_etl_dag.py
[2025-03-24T05:24:31.933+0000] {logging_mixin.py:150} INFO - [2025-03-24T05:24:31.933+0000] {dag.py:2742} INFO - Sync 1 DAGs
[2025-03-24T05:24:31.952+0000] {logging_mixin.py:150} INFO - [2025-03-24T05:24:31.952+0000] {dag.py:3508} INFO - Setting next_dagrun for stock_etl_pipeline to 2025-03-24T05:19:31.952563+00:00, run_after=2025-03-24T05:24:31.952563+00:00
[2025-03-24T05:24:31.977+0000] {processor.py:179} INFO - Processing /opt/airflow/dags/stock_etl_dag.py took 0.355 seconds
[2025-03-24T05:25:02.328+0000] {processor.py:157} INFO - Started process (PID=241) to work on /opt/airflow/dags/stock_etl_dag.py
[2025-03-24T05:25:02.331+0000] {processor.py:826} INFO - Processing file /opt/airflow/dags/stock_etl_dag.py for tasks to queue
[2025-03-24T05:25:02.333+0000] {logging_mixin.py:150} INFO - [2025-03-24T05:25:02.333+0000] {dagbag.py:541} INFO - Filling up the DagBag from /opt/airflow/dags/stock_etl_dag.py
[2025-03-24T05:25:02.611+0000] {processor.py:836} INFO - DAG(s) dict_keys(['stock_etl_pipeline']) retrieved from /opt/airflow/dags/stock_etl_dag.py
[2025-03-24T05:25:02.656+0000] {logging_mixin.py:150} INFO - [2025-03-24T05:25:02.655+0000] {dag.py:2742} INFO - Sync 1 DAGs
[2025-03-24T05:25:02.670+0000] {logging_mixin.py:150} INFO - [2025-03-24T05:25:02.670+0000] {dag.py:3508} INFO - Setting next_dagrun for stock_etl_pipeline to 2025-03-24T05:20:02.670457+00:00, run_after=2025-03-24T05:25:02.670457+00:00
[2025-03-24T05:25:02.679+0000] {processor.py:179} INFO - Processing /opt/airflow/dags/stock_etl_dag.py took 0.363 seconds
[2025-03-24T05:25:32.996+0000] {processor.py:157} INFO - Started process (PID=254) to work on /opt/airflow/dags/stock_etl_dag.py
[2025-03-24T05:25:32.999+0000] {processor.py:826} INFO - Processing file /opt/airflow/dags/stock_etl_dag.py for tasks to queue
[2025-03-24T05:25:33.002+0000] {logging_mixin.py:150} INFO - [2025-03-24T05:25:33.000+0000] {dagbag.py:541} INFO - Filling up the DagBag from /opt/airflow/dags/stock_etl_dag.py
[2025-03-24T05:25:33.293+0000] {processor.py:836} INFO - DAG(s) dict_keys(['stock_etl_pipeline']) retrieved from /opt/airflow/dags/stock_etl_dag.py
[2025-03-24T05:25:33.323+0000] {logging_mixin.py:150} INFO - [2025-03-24T05:25:33.322+0000] {dag.py:2742} INFO - Sync 1 DAGs
[2025-03-24T05:25:33.341+0000] {logging_mixin.py:150} INFO - [2025-03-24T05:25:33.341+0000] {dag.py:3508} INFO - Setting next_dagrun for stock_etl_pipeline to 2025-03-24T05:20:33.340856+00:00, run_after=2025-03-24T05:25:33.340856+00:00
[2025-03-24T05:25:33.351+0000] {processor.py:179} INFO - Processing /opt/airflow/dags/stock_etl_dag.py took 0.363 seconds
[2025-03-24T05:26:02.697+0000] {processor.py:157} INFO - Started process (PID=163) to work on /opt/airflow/dags/stock_etl_dag.py
[2025-03-24T05:26:02.701+0000] {processor.py:826} INFO - Processing file /opt/airflow/dags/stock_etl_dag.py for tasks to queue
[2025-03-24T05:26:02.702+0000] {logging_mixin.py:150} INFO - [2025-03-24T05:26:02.702+0000] {dagbag.py:541} INFO - Filling up the DagBag from /opt/airflow/dags/stock_etl_dag.py
[2025-03-24T05:26:03.415+0000] {processor.py:836} INFO - DAG(s) dict_keys(['stock_etl_pipeline']) retrieved from /opt/airflow/dags/stock_etl_dag.py
[2025-03-24T05:26:03.449+0000] {logging_mixin.py:150} INFO - [2025-03-24T05:26:03.449+0000] {dag.py:2742} INFO - Sync 1 DAGs
[2025-03-24T05:26:03.465+0000] {logging_mixin.py:150} INFO - [2025-03-24T05:26:03.465+0000] {dag.py:3508} INFO - Setting next_dagrun for stock_etl_pipeline to 2025-03-24T05:21:03.465118+00:00, run_after=2025-03-24T05:26:03.465118+00:00
[2025-03-24T05:26:03.475+0000] {processor.py:179} INFO - Processing /opt/airflow/dags/stock_etl_dag.py took 0.781 seconds
[2025-03-24T05:26:34.313+0000] {processor.py:157} INFO - Started process (PID=176) to work on /opt/airflow/dags/stock_etl_dag.py
[2025-03-24T05:26:34.326+0000] {processor.py:826} INFO - Processing file /opt/airflow/dags/stock_etl_dag.py for tasks to queue
[2025-03-24T05:26:34.336+0000] {logging_mixin.py:150} INFO - [2025-03-24T05:26:34.331+0000] {dagbag.py:541} INFO - Filling up the DagBag from /opt/airflow/dags/stock_etl_dag.py
[2025-03-24T05:26:35.297+0000] {processor.py:836} INFO - DAG(s) dict_keys(['stock_etl_pipeline']) retrieved from /opt/airflow/dags/stock_etl_dag.py
[2025-03-24T05:26:35.339+0000] {logging_mixin.py:150} INFO - [2025-03-24T05:26:35.338+0000] {dag.py:2742} INFO - Sync 1 DAGs
[2025-03-24T05:26:35.360+0000] {logging_mixin.py:150} INFO - [2025-03-24T05:26:35.360+0000] {dag.py:3508} INFO - Setting next_dagrun for stock_etl_pipeline to 2025-03-24T05:21:35.360121+00:00, run_after=2025-03-24T05:26:35.360121+00:00
[2025-03-24T05:26:35.375+0000] {processor.py:179} INFO - Processing /opt/airflow/dags/stock_etl_dag.py took 1.126 seconds
[2025-03-24T05:27:05.701+0000] {processor.py:157} INFO - Started process (PID=209) to work on /opt/airflow/dags/stock_etl_dag.py
[2025-03-24T05:27:05.703+0000] {processor.py:826} INFO - Processing file /opt/airflow/dags/stock_etl_dag.py for tasks to queue
[2025-03-24T05:27:05.704+0000] {logging_mixin.py:150} INFO - [2025-03-24T05:27:05.704+0000] {dagbag.py:541} INFO - Filling up the DagBag from /opt/airflow/dags/stock_etl_dag.py
[2025-03-24T05:27:05.971+0000] {processor.py:836} INFO - DAG(s) dict_keys(['stock_etl_pipeline']) retrieved from /opt/airflow/dags/stock_etl_dag.py
[2025-03-24T05:27:05.992+0000] {logging_mixin.py:150} INFO - [2025-03-24T05:27:05.992+0000] {dag.py:2742} INFO - Sync 1 DAGs
[2025-03-24T05:27:06.006+0000] {logging_mixin.py:150} INFO - [2025-03-24T05:27:06.006+0000] {dag.py:3508} INFO - Setting next_dagrun for stock_etl_pipeline to 2025-03-24T05:26:35.360121+00:00, run_after=2025-03-24T05:31:35.360121+00:00
[2025-03-24T05:27:06.015+0000] {processor.py:179} INFO - Processing /opt/airflow/dags/stock_etl_dag.py took 0.326 seconds
[2025-03-24T05:27:36.357+0000] {processor.py:157} INFO - Started process (PID=222) to work on /opt/airflow/dags/stock_etl_dag.py
[2025-03-24T05:27:36.359+0000] {processor.py:826} INFO - Processing file /opt/airflow/dags/stock_etl_dag.py for tasks to queue
[2025-03-24T05:27:36.360+0000] {logging_mixin.py:150} INFO - [2025-03-24T05:27:36.359+0000] {dagbag.py:541} INFO - Filling up the DagBag from /opt/airflow/dags/stock_etl_dag.py
[2025-03-24T05:27:36.582+0000] {processor.py:836} INFO - DAG(s) dict_keys(['stock_etl_pipeline']) retrieved from /opt/airflow/dags/stock_etl_dag.py
[2025-03-24T05:27:36.602+0000] {logging_mixin.py:150} INFO - [2025-03-24T05:27:36.602+0000] {dag.py:2742} INFO - Sync 1 DAGs
[2025-03-24T05:27:36.617+0000] {logging_mixin.py:150} INFO - [2025-03-24T05:27:36.616+0000] {dag.py:3508} INFO - Setting next_dagrun for stock_etl_pipeline to 2025-03-24T05:26:35.360121+00:00, run_after=2025-03-24T05:31:35.360121+00:00
[2025-03-24T05:27:36.627+0000] {processor.py:179} INFO - Processing /opt/airflow/dags/stock_etl_dag.py took 0.277 seconds
[2025-03-24T05:28:06.770+0000] {processor.py:157} INFO - Started process (PID=235) to work on /opt/airflow/dags/stock_etl_dag.py
[2025-03-24T05:28:06.774+0000] {processor.py:826} INFO - Processing file /opt/airflow/dags/stock_etl_dag.py for tasks to queue
[2025-03-24T05:28:06.775+0000] {logging_mixin.py:150} INFO - [2025-03-24T05:28:06.774+0000] {dagbag.py:541} INFO - Filling up the DagBag from /opt/airflow/dags/stock_etl_dag.py
[2025-03-24T05:28:07.088+0000] {processor.py:836} INFO - DAG(s) dict_keys(['stock_etl_pipeline']) retrieved from /opt/airflow/dags/stock_etl_dag.py
[2025-03-24T05:28:07.121+0000] {logging_mixin.py:150} INFO - [2025-03-24T05:28:07.121+0000] {dag.py:2742} INFO - Sync 1 DAGs
[2025-03-24T05:28:07.139+0000] {logging_mixin.py:150} INFO - [2025-03-24T05:28:07.138+0000] {dag.py:3508} INFO - Setting next_dagrun for stock_etl_pipeline to 2025-03-24T05:26:35.360121+00:00, run_after=2025-03-24T05:31:35.360121+00:00
[2025-03-24T05:28:07.148+0000] {processor.py:179} INFO - Processing /opt/airflow/dags/stock_etl_dag.py took 0.386 seconds
[2025-03-24T05:28:37.272+0000] {processor.py:157} INFO - Started process (PID=248) to work on /opt/airflow/dags/stock_etl_dag.py
[2025-03-24T05:28:37.274+0000] {processor.py:826} INFO - Processing file /opt/airflow/dags/stock_etl_dag.py for tasks to queue
[2025-03-24T05:28:37.276+0000] {logging_mixin.py:150} INFO - [2025-03-24T05:28:37.275+0000] {dagbag.py:541} INFO - Filling up the DagBag from /opt/airflow/dags/stock_etl_dag.py
[2025-03-24T05:28:37.565+0000] {processor.py:836} INFO - DAG(s) dict_keys(['stock_etl_pipeline']) retrieved from /opt/airflow/dags/stock_etl_dag.py
[2025-03-24T05:28:37.588+0000] {logging_mixin.py:150} INFO - [2025-03-24T05:28:37.587+0000] {dag.py:2742} INFO - Sync 1 DAGs
[2025-03-24T05:28:37.602+0000] {logging_mixin.py:150} INFO - [2025-03-24T05:28:37.602+0000] {dag.py:3508} INFO - Setting next_dagrun for stock_etl_pipeline to 2025-03-24T05:26:35.360121+00:00, run_after=2025-03-24T05:31:35.360121+00:00
[2025-03-24T05:28:37.611+0000] {processor.py:179} INFO - Processing /opt/airflow/dags/stock_etl_dag.py took 0.347 seconds
[2025-03-24T05:29:07.900+0000] {processor.py:157} INFO - Started process (PID=261) to work on /opt/airflow/dags/stock_etl_dag.py
[2025-03-24T05:29:07.904+0000] {processor.py:826} INFO - Processing file /opt/airflow/dags/stock_etl_dag.py for tasks to queue
[2025-03-24T05:29:07.905+0000] {logging_mixin.py:150} INFO - [2025-03-24T05:29:07.905+0000] {dagbag.py:541} INFO - Filling up the DagBag from /opt/airflow/dags/stock_etl_dag.py
[2025-03-24T05:29:08.171+0000] {processor.py:836} INFO - DAG(s) dict_keys(['stock_etl_pipeline']) retrieved from /opt/airflow/dags/stock_etl_dag.py
[2025-03-24T05:29:08.198+0000] {logging_mixin.py:150} INFO - [2025-03-24T05:29:08.197+0000] {dag.py:2742} INFO - Sync 1 DAGs
[2025-03-24T05:29:08.213+0000] {logging_mixin.py:150} INFO - [2025-03-24T05:29:08.213+0000] {dag.py:3508} INFO - Setting next_dagrun for stock_etl_pipeline to 2025-03-24T05:26:35.360121+00:00, run_after=2025-03-24T05:31:35.360121+00:00
[2025-03-24T05:29:08.224+0000] {processor.py:179} INFO - Processing /opt/airflow/dags/stock_etl_dag.py took 0.329 seconds
[2025-03-24T05:29:38.548+0000] {processor.py:157} INFO - Started process (PID=274) to work on /opt/airflow/dags/stock_etl_dag.py
[2025-03-24T05:29:38.549+0000] {processor.py:826} INFO - Processing file /opt/airflow/dags/stock_etl_dag.py for tasks to queue
[2025-03-24T05:29:38.550+0000] {logging_mixin.py:150} INFO - [2025-03-24T05:29:38.549+0000] {dagbag.py:541} INFO - Filling up the DagBag from /opt/airflow/dags/stock_etl_dag.py
[2025-03-24T05:29:38.849+0000] {processor.py:836} INFO - DAG(s) dict_keys(['stock_etl_pipeline']) retrieved from /opt/airflow/dags/stock_etl_dag.py
[2025-03-24T05:29:38.878+0000] {logging_mixin.py:150} INFO - [2025-03-24T05:29:38.877+0000] {dag.py:2742} INFO - Sync 1 DAGs
[2025-03-24T05:29:38.898+0000] {logging_mixin.py:150} INFO - [2025-03-24T05:29:38.898+0000] {dag.py:3508} INFO - Setting next_dagrun for stock_etl_pipeline to 2025-03-24T05:26:35.360121+00:00, run_after=2025-03-24T05:31:35.360121+00:00
[2025-03-24T05:29:38.908+0000] {processor.py:179} INFO - Processing /opt/airflow/dags/stock_etl_dag.py took 0.367 seconds
[2025-03-24T05:30:09.260+0000] {processor.py:157} INFO - Started process (PID=287) to work on /opt/airflow/dags/stock_etl_dag.py
[2025-03-24T05:30:09.261+0000] {processor.py:826} INFO - Processing file /opt/airflow/dags/stock_etl_dag.py for tasks to queue
[2025-03-24T05:30:09.262+0000] {logging_mixin.py:150} INFO - [2025-03-24T05:30:09.261+0000] {dagbag.py:541} INFO - Filling up the DagBag from /opt/airflow/dags/stock_etl_dag.py
[2025-03-24T05:30:09.518+0000] {processor.py:836} INFO - DAG(s) dict_keys(['stock_etl_pipeline']) retrieved from /opt/airflow/dags/stock_etl_dag.py
[2025-03-24T05:30:09.546+0000] {logging_mixin.py:150} INFO - [2025-03-24T05:30:09.546+0000] {dag.py:2742} INFO - Sync 1 DAGs
[2025-03-24T05:30:09.560+0000] {logging_mixin.py:150} INFO - [2025-03-24T05:30:09.560+0000] {dag.py:3508} INFO - Setting next_dagrun for stock_etl_pipeline to 2025-03-24T05:26:35.360121+00:00, run_after=2025-03-24T05:31:35.360121+00:00
[2025-03-24T05:30:09.569+0000] {processor.py:179} INFO - Processing /opt/airflow/dags/stock_etl_dag.py took 0.332 seconds
[2025-03-24T05:30:39.633+0000] {processor.py:157} INFO - Started process (PID=300) to work on /opt/airflow/dags/stock_etl_dag.py
[2025-03-24T05:30:39.634+0000] {processor.py:826} INFO - Processing file /opt/airflow/dags/stock_etl_dag.py for tasks to queue
[2025-03-24T05:30:39.636+0000] {logging_mixin.py:150} INFO - [2025-03-24T05:30:39.635+0000] {dagbag.py:541} INFO - Filling up the DagBag from /opt/airflow/dags/stock_etl_dag.py
[2025-03-24T05:30:39.886+0000] {processor.py:836} INFO - DAG(s) dict_keys(['stock_etl_pipeline']) retrieved from /opt/airflow/dags/stock_etl_dag.py
[2025-03-24T05:30:39.908+0000] {logging_mixin.py:150} INFO - [2025-03-24T05:30:39.908+0000] {dag.py:2742} INFO - Sync 1 DAGs
[2025-03-24T05:30:39.923+0000] {logging_mixin.py:150} INFO - [2025-03-24T05:30:39.923+0000] {dag.py:3508} INFO - Setting next_dagrun for stock_etl_pipeline to 2025-03-24T05:26:35.360121+00:00, run_after=2025-03-24T05:31:35.360121+00:00
[2025-03-24T05:30:39.933+0000] {processor.py:179} INFO - Processing /opt/airflow/dags/stock_etl_dag.py took 0.307 seconds
[2025-03-24T05:31:10.258+0000] {processor.py:157} INFO - Started process (PID=313) to work on /opt/airflow/dags/stock_etl_dag.py
[2025-03-24T05:31:10.259+0000] {processor.py:826} INFO - Processing file /opt/airflow/dags/stock_etl_dag.py for tasks to queue
[2025-03-24T05:31:10.260+0000] {logging_mixin.py:150} INFO - [2025-03-24T05:31:10.260+0000] {dagbag.py:541} INFO - Filling up the DagBag from /opt/airflow/dags/stock_etl_dag.py
[2025-03-24T05:31:10.527+0000] {processor.py:836} INFO - DAG(s) dict_keys(['stock_etl_pipeline']) retrieved from /opt/airflow/dags/stock_etl_dag.py
[2025-03-24T05:31:10.563+0000] {logging_mixin.py:150} INFO - [2025-03-24T05:31:10.563+0000] {dag.py:2742} INFO - Sync 1 DAGs
[2025-03-24T05:31:10.583+0000] {logging_mixin.py:150} INFO - [2025-03-24T05:31:10.583+0000] {dag.py:3508} INFO - Setting next_dagrun for stock_etl_pipeline to 2025-03-24T05:26:35.360121+00:00, run_after=2025-03-24T05:31:35.360121+00:00
[2025-03-24T05:31:10.593+0000] {processor.py:179} INFO - Processing /opt/airflow/dags/stock_etl_dag.py took 0.340 seconds
[2025-03-24T05:31:40.643+0000] {processor.py:157} INFO - Started process (PID=336) to work on /opt/airflow/dags/stock_etl_dag.py
[2025-03-24T05:31:40.645+0000] {processor.py:826} INFO - Processing file /opt/airflow/dags/stock_etl_dag.py for tasks to queue
[2025-03-24T05:31:40.646+0000] {logging_mixin.py:150} INFO - [2025-03-24T05:31:40.646+0000] {dagbag.py:541} INFO - Filling up the DagBag from /opt/airflow/dags/stock_etl_dag.py
[2025-03-24T05:31:40.889+0000] {processor.py:836} INFO - DAG(s) dict_keys(['stock_etl_pipeline']) retrieved from /opt/airflow/dags/stock_etl_dag.py
[2025-03-24T05:31:40.907+0000] {logging_mixin.py:150} INFO - [2025-03-24T05:31:40.907+0000] {dag.py:2742} INFO - Sync 1 DAGs
[2025-03-24T05:31:40.928+0000] {logging_mixin.py:150} INFO - [2025-03-24T05:31:40.928+0000] {dag.py:3508} INFO - Setting next_dagrun for stock_etl_pipeline to 2025-03-24T05:31:35.360121+00:00, run_after=2025-03-24T05:36:35.360121+00:00
[2025-03-24T05:31:40.936+0000] {processor.py:179} INFO - Processing /opt/airflow/dags/stock_etl_dag.py took 0.302 seconds
[2025-03-24T05:32:11.331+0000] {processor.py:157} INFO - Started process (PID=389) to work on /opt/airflow/dags/stock_etl_dag.py
[2025-03-24T05:32:11.333+0000] {processor.py:826} INFO - Processing file /opt/airflow/dags/stock_etl_dag.py for tasks to queue
[2025-03-24T05:32:11.334+0000] {logging_mixin.py:150} INFO - [2025-03-24T05:32:11.334+0000] {dagbag.py:541} INFO - Filling up the DagBag from /opt/airflow/dags/stock_etl_dag.py
[2025-03-24T05:32:11.606+0000] {processor.py:836} INFO - DAG(s) dict_keys(['stock_etl_pipeline']) retrieved from /opt/airflow/dags/stock_etl_dag.py
[2025-03-24T05:32:11.631+0000] {logging_mixin.py:150} INFO - [2025-03-24T05:32:11.631+0000] {dag.py:2742} INFO - Sync 1 DAGs
[2025-03-24T05:32:11.647+0000] {logging_mixin.py:150} INFO - [2025-03-24T05:32:11.647+0000] {dag.py:3508} INFO - Setting next_dagrun for stock_etl_pipeline to 2025-03-24T05:31:55.725897+00:00, run_after=2025-03-24T05:36:55.725897+00:00
[2025-03-24T05:32:11.656+0000] {processor.py:179} INFO - Processing /opt/airflow/dags/stock_etl_dag.py took 0.333 seconds
[2025-03-24T05:34:05.152+0000] {processor.py:157} INFO - Started process (PID=162) to work on /opt/airflow/dags/stock_etl_dag.py
[2025-03-24T05:34:05.153+0000] {processor.py:826} INFO - Processing file /opt/airflow/dags/stock_etl_dag.py for tasks to queue
[2025-03-24T05:34:05.154+0000] {logging_mixin.py:150} INFO - [2025-03-24T05:34:05.153+0000] {dagbag.py:541} INFO - Filling up the DagBag from /opt/airflow/dags/stock_etl_dag.py
[2025-03-24T05:34:06.132+0000] {processor.py:836} INFO - DAG(s) dict_keys(['stock_etl_pipeline']) retrieved from /opt/airflow/dags/stock_etl_dag.py
[2025-03-24T05:34:06.256+0000] {logging_mixin.py:150} INFO - [2025-03-24T05:34:06.256+0000] {manager.py:504} INFO - Created Permission View: can edit on DAG:stock_etl_pipeline
[2025-03-24T05:34:06.261+0000] {logging_mixin.py:150} INFO - [2025-03-24T05:34:06.261+0000] {manager.py:504} INFO - Created Permission View: can read on DAG:stock_etl_pipeline
[2025-03-24T05:34:06.264+0000] {logging_mixin.py:150} INFO - [2025-03-24T05:34:06.264+0000] {manager.py:504} INFO - Created Permission View: can delete on DAG:stock_etl_pipeline
[2025-03-24T05:34:06.274+0000] {logging_mixin.py:150} INFO - [2025-03-24T05:34:06.274+0000] {dag.py:2742} INFO - Sync 1 DAGs
[2025-03-24T05:34:06.282+0000] {logging_mixin.py:150} INFO - [2025-03-24T05:34:06.281+0000] {dag.py:2763} INFO - Creating ORM DAG for stock_etl_pipeline
[2025-03-24T05:34:06.290+0000] {logging_mixin.py:150} INFO - [2025-03-24T05:34:06.290+0000] {dag.py:3508} INFO - Setting next_dagrun for stock_etl_pipeline to 2025-03-24T05:29:06.289596+00:00, run_after=2025-03-24T05:34:06.289596+00:00
[2025-03-24T05:34:06.304+0000] {processor.py:179} INFO - Processing /opt/airflow/dags/stock_etl_dag.py took 1.154 seconds
[2025-03-24T05:34:36.742+0000] {processor.py:157} INFO - Started process (PID=176) to work on /opt/airflow/dags/stock_etl_dag.py
[2025-03-24T05:34:36.745+0000] {processor.py:826} INFO - Processing file /opt/airflow/dags/stock_etl_dag.py for tasks to queue
[2025-03-24T05:34:36.748+0000] {logging_mixin.py:150} INFO - [2025-03-24T05:34:36.747+0000] {dagbag.py:541} INFO - Filling up the DagBag from /opt/airflow/dags/stock_etl_dag.py
[2025-03-24T05:34:37.075+0000] {processor.py:836} INFO - DAG(s) dict_keys(['stock_etl_pipeline']) retrieved from /opt/airflow/dags/stock_etl_dag.py
[2025-03-24T05:34:37.107+0000] {logging_mixin.py:150} INFO - [2025-03-24T05:34:37.106+0000] {dag.py:2742} INFO - Sync 1 DAGs
[2025-03-24T05:34:37.123+0000] {logging_mixin.py:150} INFO - [2025-03-24T05:34:37.123+0000] {dag.py:3508} INFO - Setting next_dagrun for stock_etl_pipeline to 2025-03-24T05:29:37.123031+00:00, run_after=2025-03-24T05:34:37.123031+00:00
[2025-03-24T05:34:37.133+0000] {processor.py:179} INFO - Processing /opt/airflow/dags/stock_etl_dag.py took 0.401 seconds
[2025-03-24T05:35:07.530+0000] {processor.py:157} INFO - Started process (PID=189) to work on /opt/airflow/dags/stock_etl_dag.py
[2025-03-24T05:35:07.533+0000] {processor.py:826} INFO - Processing file /opt/airflow/dags/stock_etl_dag.py for tasks to queue
[2025-03-24T05:35:07.534+0000] {logging_mixin.py:150} INFO - [2025-03-24T05:35:07.533+0000] {dagbag.py:541} INFO - Filling up the DagBag from /opt/airflow/dags/stock_etl_dag.py
[2025-03-24T05:35:07.803+0000] {processor.py:836} INFO - DAG(s) dict_keys(['stock_etl_pipeline']) retrieved from /opt/airflow/dags/stock_etl_dag.py
[2025-03-24T05:35:07.836+0000] {logging_mixin.py:150} INFO - [2025-03-24T05:35:07.836+0000] {dag.py:2742} INFO - Sync 1 DAGs
[2025-03-24T05:35:07.851+0000] {logging_mixin.py:150} INFO - [2025-03-24T05:35:07.851+0000] {dag.py:3508} INFO - Setting next_dagrun for stock_etl_pipeline to 2025-03-24T05:30:07.851314+00:00, run_after=2025-03-24T05:35:07.851314+00:00
[2025-03-24T05:35:07.862+0000] {processor.py:179} INFO - Processing /opt/airflow/dags/stock_etl_dag.py took 0.340 seconds
[2025-03-24T05:35:38.176+0000] {processor.py:157} INFO - Started process (PID=202) to work on /opt/airflow/dags/stock_etl_dag.py
[2025-03-24T05:35:38.178+0000] {processor.py:826} INFO - Processing file /opt/airflow/dags/stock_etl_dag.py for tasks to queue
[2025-03-24T05:35:38.181+0000] {logging_mixin.py:150} INFO - [2025-03-24T05:35:38.179+0000] {dagbag.py:541} INFO - Filling up the DagBag from /opt/airflow/dags/stock_etl_dag.py
[2025-03-24T05:35:38.416+0000] {processor.py:836} INFO - DAG(s) dict_keys(['stock_etl_pipeline']) retrieved from /opt/airflow/dags/stock_etl_dag.py
[2025-03-24T05:35:38.449+0000] {logging_mixin.py:150} INFO - [2025-03-24T05:35:38.449+0000] {dag.py:2742} INFO - Sync 1 DAGs
[2025-03-24T05:35:38.475+0000] {logging_mixin.py:150} INFO - [2025-03-24T05:35:38.475+0000] {dag.py:3508} INFO - Setting next_dagrun for stock_etl_pipeline to 2025-03-24T05:30:38.475538+00:00, run_after=2025-03-24T05:35:38.475538+00:00
[2025-03-24T05:35:38.488+0000] {processor.py:179} INFO - Processing /opt/airflow/dags/stock_etl_dag.py took 0.316 seconds
[2025-03-24T05:36:08.861+0000] {processor.py:157} INFO - Started process (PID=215) to work on /opt/airflow/dags/stock_etl_dag.py
[2025-03-24T05:36:08.870+0000] {processor.py:826} INFO - Processing file /opt/airflow/dags/stock_etl_dag.py for tasks to queue
[2025-03-24T05:36:08.871+0000] {logging_mixin.py:150} INFO - [2025-03-24T05:36:08.871+0000] {dagbag.py:541} INFO - Filling up the DagBag from /opt/airflow/dags/stock_etl_dag.py
[2025-03-24T05:36:09.120+0000] {processor.py:836} INFO - DAG(s) dict_keys(['stock_etl_pipeline']) retrieved from /opt/airflow/dags/stock_etl_dag.py
[2025-03-24T05:36:09.150+0000] {logging_mixin.py:150} INFO - [2025-03-24T05:36:09.150+0000] {dag.py:2742} INFO - Sync 1 DAGs
[2025-03-24T05:36:09.164+0000] {logging_mixin.py:150} INFO - [2025-03-24T05:36:09.164+0000] {dag.py:3508} INFO - Setting next_dagrun for stock_etl_pipeline to 2025-03-24T05:31:09.164090+00:00, run_after=2025-03-24T05:36:09.164090+00:00
[2025-03-24T05:36:09.174+0000] {processor.py:179} INFO - Processing /opt/airflow/dags/stock_etl_dag.py took 0.320 seconds
[2025-03-24T05:36:39.549+0000] {processor.py:157} INFO - Started process (PID=228) to work on /opt/airflow/dags/stock_etl_dag.py
[2025-03-24T05:36:39.552+0000] {processor.py:826} INFO - Processing file /opt/airflow/dags/stock_etl_dag.py for tasks to queue
[2025-03-24T05:36:39.554+0000] {logging_mixin.py:150} INFO - [2025-03-24T05:36:39.553+0000] {dagbag.py:541} INFO - Filling up the DagBag from /opt/airflow/dags/stock_etl_dag.py
[2025-03-24T05:36:39.913+0000] {processor.py:836} INFO - DAG(s) dict_keys(['stock_etl_pipeline']) retrieved from /opt/airflow/dags/stock_etl_dag.py
[2025-03-24T05:36:39.944+0000] {logging_mixin.py:150} INFO - [2025-03-24T05:36:39.944+0000] {dag.py:2742} INFO - Sync 1 DAGs
[2025-03-24T05:36:39.967+0000] {logging_mixin.py:150} INFO - [2025-03-24T05:36:39.967+0000] {dag.py:3508} INFO - Setting next_dagrun for stock_etl_pipeline to 2025-03-24T05:31:39.967569+00:00, run_after=2025-03-24T05:36:39.967569+00:00
[2025-03-24T05:36:39.980+0000] {processor.py:179} INFO - Processing /opt/airflow/dags/stock_etl_dag.py took 0.442 seconds
[2025-03-24T05:37:10.244+0000] {processor.py:157} INFO - Started process (PID=241) to work on /opt/airflow/dags/stock_etl_dag.py
[2025-03-24T05:37:10.246+0000] {processor.py:826} INFO - Processing file /opt/airflow/dags/stock_etl_dag.py for tasks to queue
[2025-03-24T05:37:10.248+0000] {logging_mixin.py:150} INFO - [2025-03-24T05:37:10.247+0000] {dagbag.py:541} INFO - Filling up the DagBag from /opt/airflow/dags/stock_etl_dag.py
[2025-03-24T05:37:10.544+0000] {processor.py:836} INFO - DAG(s) dict_keys(['stock_etl_pipeline']) retrieved from /opt/airflow/dags/stock_etl_dag.py
[2025-03-24T05:37:10.564+0000] {logging_mixin.py:150} INFO - [2025-03-24T05:37:10.563+0000] {dag.py:2742} INFO - Sync 1 DAGs
[2025-03-24T05:37:10.578+0000] {logging_mixin.py:150} INFO - [2025-03-24T05:37:10.578+0000] {dag.py:3508} INFO - Setting next_dagrun for stock_etl_pipeline to 2025-03-24T05:32:10.578133+00:00, run_after=2025-03-24T05:37:10.578133+00:00
[2025-03-24T05:37:10.591+0000] {processor.py:179} INFO - Processing /opt/airflow/dags/stock_etl_dag.py took 0.357 seconds
[2025-03-24T05:37:41.011+0000] {processor.py:157} INFO - Started process (PID=254) to work on /opt/airflow/dags/stock_etl_dag.py
[2025-03-24T05:37:41.019+0000] {processor.py:826} INFO - Processing file /opt/airflow/dags/stock_etl_dag.py for tasks to queue
[2025-03-24T05:37:41.020+0000] {logging_mixin.py:150} INFO - [2025-03-24T05:37:41.020+0000] {dagbag.py:541} INFO - Filling up the DagBag from /opt/airflow/dags/stock_etl_dag.py
[2025-03-24T05:37:41.279+0000] {processor.py:836} INFO - DAG(s) dict_keys(['stock_etl_pipeline']) retrieved from /opt/airflow/dags/stock_etl_dag.py
[2025-03-24T05:37:41.304+0000] {logging_mixin.py:150} INFO - [2025-03-24T05:37:41.304+0000] {dag.py:2742} INFO - Sync 1 DAGs
[2025-03-24T05:37:41.320+0000] {logging_mixin.py:150} INFO - [2025-03-24T05:37:41.320+0000] {dag.py:3508} INFO - Setting next_dagrun for stock_etl_pipeline to 2025-03-24T05:32:41.320479+00:00, run_after=2025-03-24T05:37:41.320479+00:00
[2025-03-24T05:37:41.329+0000] {processor.py:179} INFO - Processing /opt/airflow/dags/stock_etl_dag.py took 0.327 seconds
[2025-03-24T05:38:11.411+0000] {processor.py:157} INFO - Started process (PID=267) to work on /opt/airflow/dags/stock_etl_dag.py
[2025-03-24T05:38:11.418+0000] {processor.py:826} INFO - Processing file /opt/airflow/dags/stock_etl_dag.py for tasks to queue
[2025-03-24T05:38:11.419+0000] {logging_mixin.py:150} INFO - [2025-03-24T05:38:11.419+0000] {dagbag.py:541} INFO - Filling up the DagBag from /opt/airflow/dags/stock_etl_dag.py
[2025-03-24T05:38:11.711+0000] {processor.py:836} INFO - DAG(s) dict_keys(['stock_etl_pipeline']) retrieved from /opt/airflow/dags/stock_etl_dag.py
[2025-03-24T05:38:11.741+0000] {logging_mixin.py:150} INFO - [2025-03-24T05:38:11.741+0000] {dag.py:2742} INFO - Sync 1 DAGs
[2025-03-24T05:38:11.759+0000] {logging_mixin.py:150} INFO - [2025-03-24T05:38:11.758+0000] {dag.py:3508} INFO - Setting next_dagrun for stock_etl_pipeline to 2025-03-24T05:33:11.758752+00:00, run_after=2025-03-24T05:38:11.758752+00:00
[2025-03-24T05:38:11.769+0000] {processor.py:179} INFO - Processing /opt/airflow/dags/stock_etl_dag.py took 0.366 seconds
[2025-03-24T05:38:42.155+0000] {processor.py:157} INFO - Started process (PID=280) to work on /opt/airflow/dags/stock_etl_dag.py
[2025-03-24T05:38:42.157+0000] {processor.py:826} INFO - Processing file /opt/airflow/dags/stock_etl_dag.py for tasks to queue
[2025-03-24T05:38:42.158+0000] {logging_mixin.py:150} INFO - [2025-03-24T05:38:42.158+0000] {dagbag.py:541} INFO - Filling up the DagBag from /opt/airflow/dags/stock_etl_dag.py
[2025-03-24T05:38:42.817+0000] {processor.py:836} INFO - DAG(s) dict_keys(['stock_etl_pipeline']) retrieved from /opt/airflow/dags/stock_etl_dag.py
[2025-03-24T05:38:42.843+0000] {logging_mixin.py:150} INFO - [2025-03-24T05:38:42.843+0000] {dag.py:2742} INFO - Sync 1 DAGs
[2025-03-24T05:38:42.858+0000] {logging_mixin.py:150} INFO - [2025-03-24T05:38:42.858+0000] {dag.py:3508} INFO - Setting next_dagrun for stock_etl_pipeline to 2025-03-24T05:33:42.858664+00:00, run_after=2025-03-24T05:38:42.858664+00:00
[2025-03-24T05:38:42.867+0000] {processor.py:179} INFO - Processing /opt/airflow/dags/stock_etl_dag.py took 0.721 seconds
[2025-03-24T05:39:13.360+0000] {processor.py:157} INFO - Started process (PID=293) to work on /opt/airflow/dags/stock_etl_dag.py
[2025-03-24T05:39:13.363+0000] {processor.py:826} INFO - Processing file /opt/airflow/dags/stock_etl_dag.py for tasks to queue
[2025-03-24T05:39:13.364+0000] {logging_mixin.py:150} INFO - [2025-03-24T05:39:13.363+0000] {dagbag.py:541} INFO - Filling up the DagBag from /opt/airflow/dags/stock_etl_dag.py
[2025-03-24T05:39:13.629+0000] {processor.py:836} INFO - DAG(s) dict_keys(['stock_etl_pipeline']) retrieved from /opt/airflow/dags/stock_etl_dag.py
[2025-03-24T05:39:13.662+0000] {logging_mixin.py:150} INFO - [2025-03-24T05:39:13.662+0000] {dag.py:2742} INFO - Sync 1 DAGs
[2025-03-24T05:39:13.677+0000] {logging_mixin.py:150} INFO - [2025-03-24T05:39:13.677+0000] {dag.py:3508} INFO - Setting next_dagrun for stock_etl_pipeline to 2025-03-24T05:34:13.677180+00:00, run_after=2025-03-24T05:39:13.677180+00:00
[2025-03-24T05:39:13.687+0000] {processor.py:179} INFO - Processing /opt/airflow/dags/stock_etl_dag.py took 0.345 seconds
[2025-03-24T05:39:43.841+0000] {processor.py:157} INFO - Started process (PID=306) to work on /opt/airflow/dags/stock_etl_dag.py
[2025-03-24T05:39:43.842+0000] {processor.py:826} INFO - Processing file /opt/airflow/dags/stock_etl_dag.py for tasks to queue
[2025-03-24T05:39:43.843+0000] {logging_mixin.py:150} INFO - [2025-03-24T05:39:43.843+0000] {dagbag.py:541} INFO - Filling up the DagBag from /opt/airflow/dags/stock_etl_dag.py
[2025-03-24T05:39:44.097+0000] {processor.py:836} INFO - DAG(s) dict_keys(['stock_etl_pipeline']) retrieved from /opt/airflow/dags/stock_etl_dag.py
[2025-03-24T05:39:44.126+0000] {logging_mixin.py:150} INFO - [2025-03-24T05:39:44.125+0000] {dag.py:2742} INFO - Sync 1 DAGs
[2025-03-24T05:39:44.140+0000] {logging_mixin.py:150} INFO - [2025-03-24T05:39:44.140+0000] {dag.py:3508} INFO - Setting next_dagrun for stock_etl_pipeline to 2025-03-24T05:34:44.140026+00:00, run_after=2025-03-24T05:39:44.140026+00:00
[2025-03-24T05:39:44.153+0000] {processor.py:179} INFO - Processing /opt/airflow/dags/stock_etl_dag.py took 0.320 seconds
[2025-03-24T05:40:14.316+0000] {processor.py:157} INFO - Started process (PID=319) to work on /opt/airflow/dags/stock_etl_dag.py
[2025-03-24T05:40:14.317+0000] {processor.py:826} INFO - Processing file /opt/airflow/dags/stock_etl_dag.py for tasks to queue
[2025-03-24T05:40:14.318+0000] {logging_mixin.py:150} INFO - [2025-03-24T05:40:14.318+0000] {dagbag.py:541} INFO - Filling up the DagBag from /opt/airflow/dags/stock_etl_dag.py
[2025-03-24T05:40:14.590+0000] {processor.py:836} INFO - DAG(s) dict_keys(['stock_etl_pipeline']) retrieved from /opt/airflow/dags/stock_etl_dag.py
[2025-03-24T05:40:14.622+0000] {logging_mixin.py:150} INFO - [2025-03-24T05:40:14.621+0000] {dag.py:2742} INFO - Sync 1 DAGs
[2025-03-24T05:40:14.638+0000] {logging_mixin.py:150} INFO - [2025-03-24T05:40:14.637+0000] {dag.py:3508} INFO - Setting next_dagrun for stock_etl_pipeline to 2025-03-24T05:35:14.637816+00:00, run_after=2025-03-24T05:40:14.637816+00:00
[2025-03-24T05:40:14.648+0000] {processor.py:179} INFO - Processing /opt/airflow/dags/stock_etl_dag.py took 0.338 seconds
[2025-03-24T05:40:44.825+0000] {processor.py:157} INFO - Started process (PID=332) to work on /opt/airflow/dags/stock_etl_dag.py
[2025-03-24T05:40:44.826+0000] {processor.py:826} INFO - Processing file /opt/airflow/dags/stock_etl_dag.py for tasks to queue
[2025-03-24T05:40:44.828+0000] {logging_mixin.py:150} INFO - [2025-03-24T05:40:44.827+0000] {dagbag.py:541} INFO - Filling up the DagBag from /opt/airflow/dags/stock_etl_dag.py
[2025-03-24T05:40:45.089+0000] {processor.py:836} INFO - DAG(s) dict_keys(['stock_etl_pipeline']) retrieved from /opt/airflow/dags/stock_etl_dag.py
[2025-03-24T05:40:45.119+0000] {logging_mixin.py:150} INFO - [2025-03-24T05:40:45.119+0000] {dag.py:2742} INFO - Sync 1 DAGs
[2025-03-24T05:40:45.135+0000] {logging_mixin.py:150} INFO - [2025-03-24T05:40:45.135+0000] {dag.py:3508} INFO - Setting next_dagrun for stock_etl_pipeline to 2025-03-24T05:35:45.135061+00:00, run_after=2025-03-24T05:40:45.135061+00:00
[2025-03-24T05:40:45.147+0000] {processor.py:179} INFO - Processing /opt/airflow/dags/stock_etl_dag.py took 0.331 seconds
[2025-03-24T05:41:15.371+0000] {processor.py:157} INFO - Started process (PID=345) to work on /opt/airflow/dags/stock_etl_dag.py
[2025-03-24T05:41:15.372+0000] {processor.py:826} INFO - Processing file /opt/airflow/dags/stock_etl_dag.py for tasks to queue
[2025-03-24T05:41:15.373+0000] {logging_mixin.py:150} INFO - [2025-03-24T05:41:15.373+0000] {dagbag.py:541} INFO - Filling up the DagBag from /opt/airflow/dags/stock_etl_dag.py
[2025-03-24T05:41:15.640+0000] {processor.py:836} INFO - DAG(s) dict_keys(['stock_etl_pipeline']) retrieved from /opt/airflow/dags/stock_etl_dag.py
[2025-03-24T05:41:15.665+0000] {logging_mixin.py:150} INFO - [2025-03-24T05:41:15.665+0000] {dag.py:2742} INFO - Sync 1 DAGs
[2025-03-24T05:41:15.681+0000] {logging_mixin.py:150} INFO - [2025-03-24T05:41:15.680+0000] {dag.py:3508} INFO - Setting next_dagrun for stock_etl_pipeline to 2025-03-24T05:36:15.680790+00:00, run_after=2025-03-24T05:41:15.680790+00:00
[2025-03-24T05:41:15.689+0000] {processor.py:179} INFO - Processing /opt/airflow/dags/stock_etl_dag.py took 0.325 seconds
[2025-03-24T05:41:45.801+0000] {processor.py:157} INFO - Started process (PID=358) to work on /opt/airflow/dags/stock_etl_dag.py
[2025-03-24T05:41:45.803+0000] {processor.py:826} INFO - Processing file /opt/airflow/dags/stock_etl_dag.py for tasks to queue
[2025-03-24T05:41:45.804+0000] {logging_mixin.py:150} INFO - [2025-03-24T05:41:45.803+0000] {dagbag.py:541} INFO - Filling up the DagBag from /opt/airflow/dags/stock_etl_dag.py
[2025-03-24T05:41:46.080+0000] {processor.py:836} INFO - DAG(s) dict_keys(['stock_etl_pipeline']) retrieved from /opt/airflow/dags/stock_etl_dag.py
[2025-03-24T05:41:46.106+0000] {logging_mixin.py:150} INFO - [2025-03-24T05:41:46.106+0000] {dag.py:2742} INFO - Sync 1 DAGs
[2025-03-24T05:41:46.122+0000] {logging_mixin.py:150} INFO - [2025-03-24T05:41:46.121+0000] {dag.py:3508} INFO - Setting next_dagrun for stock_etl_pipeline to 2025-03-24T05:36:46.121753+00:00, run_after=2025-03-24T05:41:46.121753+00:00
[2025-03-24T05:41:46.131+0000] {processor.py:179} INFO - Processing /opt/airflow/dags/stock_etl_dag.py took 0.337 seconds
[2025-03-24T05:42:16.426+0000] {processor.py:157} INFO - Started process (PID=371) to work on /opt/airflow/dags/stock_etl_dag.py
[2025-03-24T05:42:16.428+0000] {processor.py:826} INFO - Processing file /opt/airflow/dags/stock_etl_dag.py for tasks to queue
[2025-03-24T05:42:16.429+0000] {logging_mixin.py:150} INFO - [2025-03-24T05:42:16.428+0000] {dagbag.py:541} INFO - Filling up the DagBag from /opt/airflow/dags/stock_etl_dag.py
[2025-03-24T05:42:16.656+0000] {processor.py:836} INFO - DAG(s) dict_keys(['stock_etl_pipeline']) retrieved from /opt/airflow/dags/stock_etl_dag.py
[2025-03-24T05:42:16.681+0000] {logging_mixin.py:150} INFO - [2025-03-24T05:42:16.681+0000] {dag.py:2742} INFO - Sync 1 DAGs
[2025-03-24T05:42:16.699+0000] {logging_mixin.py:150} INFO - [2025-03-24T05:42:16.699+0000] {dag.py:3508} INFO - Setting next_dagrun for stock_etl_pipeline to 2025-03-24T05:37:16.699178+00:00, run_after=2025-03-24T05:42:16.699178+00:00
[2025-03-24T05:42:16.709+0000] {processor.py:179} INFO - Processing /opt/airflow/dags/stock_etl_dag.py took 0.289 seconds
[2025-03-24T05:42:46.803+0000] {processor.py:157} INFO - Started process (PID=384) to work on /opt/airflow/dags/stock_etl_dag.py
[2025-03-24T05:42:46.804+0000] {processor.py:826} INFO - Processing file /opt/airflow/dags/stock_etl_dag.py for tasks to queue
[2025-03-24T05:42:46.805+0000] {logging_mixin.py:150} INFO - [2025-03-24T05:42:46.805+0000] {dagbag.py:541} INFO - Filling up the DagBag from /opt/airflow/dags/stock_etl_dag.py
[2025-03-24T05:42:47.058+0000] {processor.py:836} INFO - DAG(s) dict_keys(['stock_etl_pipeline']) retrieved from /opt/airflow/dags/stock_etl_dag.py
[2025-03-24T05:42:47.087+0000] {logging_mixin.py:150} INFO - [2025-03-24T05:42:47.087+0000] {dag.py:2742} INFO - Sync 1 DAGs
[2025-03-24T05:42:47.108+0000] {logging_mixin.py:150} INFO - [2025-03-24T05:42:47.107+0000] {dag.py:3508} INFO - Setting next_dagrun for stock_etl_pipeline to 2025-03-24T05:37:47.107289+00:00, run_after=2025-03-24T05:42:47.107289+00:00
[2025-03-24T05:42:47.116+0000] {processor.py:179} INFO - Processing /opt/airflow/dags/stock_etl_dag.py took 0.319 seconds
[2025-03-24T05:43:17.387+0000] {processor.py:157} INFO - Started process (PID=397) to work on /opt/airflow/dags/stock_etl_dag.py
[2025-03-24T05:43:17.389+0000] {processor.py:826} INFO - Processing file /opt/airflow/dags/stock_etl_dag.py for tasks to queue
[2025-03-24T05:43:17.390+0000] {logging_mixin.py:150} INFO - [2025-03-24T05:43:17.390+0000] {dagbag.py:541} INFO - Filling up the DagBag from /opt/airflow/dags/stock_etl_dag.py
[2025-03-24T05:43:17.664+0000] {processor.py:836} INFO - DAG(s) dict_keys(['stock_etl_pipeline']) retrieved from /opt/airflow/dags/stock_etl_dag.py
[2025-03-24T05:43:17.698+0000] {logging_mixin.py:150} INFO - [2025-03-24T05:43:17.697+0000] {dag.py:2742} INFO - Sync 1 DAGs
[2025-03-24T05:43:17.716+0000] {logging_mixin.py:150} INFO - [2025-03-24T05:43:17.716+0000] {dag.py:3508} INFO - Setting next_dagrun for stock_etl_pipeline to 2025-03-24T05:38:17.716127+00:00, run_after=2025-03-24T05:43:17.716127+00:00
[2025-03-24T05:43:17.727+0000] {processor.py:179} INFO - Processing /opt/airflow/dags/stock_etl_dag.py took 0.347 seconds
[2025-03-24T05:43:47.824+0000] {processor.py:157} INFO - Started process (PID=410) to work on /opt/airflow/dags/stock_etl_dag.py
[2025-03-24T05:43:47.826+0000] {processor.py:826} INFO - Processing file /opt/airflow/dags/stock_etl_dag.py for tasks to queue
[2025-03-24T05:43:47.827+0000] {logging_mixin.py:150} INFO - [2025-03-24T05:43:47.827+0000] {dagbag.py:541} INFO - Filling up the DagBag from /opt/airflow/dags/stock_etl_dag.py
[2025-03-24T05:43:48.134+0000] {processor.py:836} INFO - DAG(s) dict_keys(['stock_etl_pipeline']) retrieved from /opt/airflow/dags/stock_etl_dag.py
[2025-03-24T05:43:48.160+0000] {logging_mixin.py:150} INFO - [2025-03-24T05:43:48.159+0000] {dag.py:2742} INFO - Sync 1 DAGs
[2025-03-24T05:43:48.178+0000] {logging_mixin.py:150} INFO - [2025-03-24T05:43:48.178+0000] {dag.py:3508} INFO - Setting next_dagrun for stock_etl_pipeline to 2025-03-24T05:38:48.178330+00:00, run_after=2025-03-24T05:43:48.178330+00:00
[2025-03-24T05:43:48.191+0000] {processor.py:179} INFO - Processing /opt/airflow/dags/stock_etl_dag.py took 0.389 seconds
[2025-03-24T05:44:18.446+0000] {processor.py:157} INFO - Started process (PID=423) to work on /opt/airflow/dags/stock_etl_dag.py
[2025-03-24T05:44:18.447+0000] {processor.py:826} INFO - Processing file /opt/airflow/dags/stock_etl_dag.py for tasks to queue
[2025-03-24T05:44:18.448+0000] {logging_mixin.py:150} INFO - [2025-03-24T05:44:18.448+0000] {dagbag.py:541} INFO - Filling up the DagBag from /opt/airflow/dags/stock_etl_dag.py
[2025-03-24T05:44:18.726+0000] {processor.py:836} INFO - DAG(s) dict_keys(['stock_etl_pipeline']) retrieved from /opt/airflow/dags/stock_etl_dag.py
[2025-03-24T05:44:18.759+0000] {logging_mixin.py:150} INFO - [2025-03-24T05:44:18.759+0000] {dag.py:2742} INFO - Sync 1 DAGs
[2025-03-24T05:44:18.775+0000] {logging_mixin.py:150} INFO - [2025-03-24T05:44:18.775+0000] {dag.py:3508} INFO - Setting next_dagrun for stock_etl_pipeline to 2025-03-24T05:39:18.775098+00:00, run_after=2025-03-24T05:44:18.775098+00:00
[2025-03-24T05:44:18.786+0000] {processor.py:179} INFO - Processing /opt/airflow/dags/stock_etl_dag.py took 0.347 seconds
[2025-03-24T05:44:48.869+0000] {processor.py:157} INFO - Started process (PID=436) to work on /opt/airflow/dags/stock_etl_dag.py
[2025-03-24T05:44:48.870+0000] {processor.py:826} INFO - Processing file /opt/airflow/dags/stock_etl_dag.py for tasks to queue
[2025-03-24T05:44:48.871+0000] {logging_mixin.py:150} INFO - [2025-03-24T05:44:48.871+0000] {dagbag.py:541} INFO - Filling up the DagBag from /opt/airflow/dags/stock_etl_dag.py
[2025-03-24T05:44:49.126+0000] {processor.py:836} INFO - DAG(s) dict_keys(['stock_etl_pipeline']) retrieved from /opt/airflow/dags/stock_etl_dag.py
[2025-03-24T05:44:49.150+0000] {logging_mixin.py:150} INFO - [2025-03-24T05:44:49.150+0000] {dag.py:2742} INFO - Sync 1 DAGs
[2025-03-24T05:44:49.164+0000] {logging_mixin.py:150} INFO - [2025-03-24T05:44:49.164+0000] {dag.py:3508} INFO - Setting next_dagrun for stock_etl_pipeline to 2025-03-24T05:39:49.164082+00:00, run_after=2025-03-24T05:44:49.164082+00:00
[2025-03-24T05:44:49.173+0000] {processor.py:179} INFO - Processing /opt/airflow/dags/stock_etl_dag.py took 0.309 seconds
[2025-03-24T05:45:19.438+0000] {processor.py:157} INFO - Started process (PID=449) to work on /opt/airflow/dags/stock_etl_dag.py
[2025-03-24T05:45:19.439+0000] {processor.py:826} INFO - Processing file /opt/airflow/dags/stock_etl_dag.py for tasks to queue
[2025-03-24T05:45:19.440+0000] {logging_mixin.py:150} INFO - [2025-03-24T05:45:19.440+0000] {dagbag.py:541} INFO - Filling up the DagBag from /opt/airflow/dags/stock_etl_dag.py
[2025-03-24T05:45:19.696+0000] {processor.py:836} INFO - DAG(s) dict_keys(['stock_etl_pipeline']) retrieved from /opt/airflow/dags/stock_etl_dag.py
[2025-03-24T05:45:19.717+0000] {logging_mixin.py:150} INFO - [2025-03-24T05:45:19.717+0000] {dag.py:2742} INFO - Sync 1 DAGs
[2025-03-24T05:45:19.731+0000] {logging_mixin.py:150} INFO - [2025-03-24T05:45:19.730+0000] {dag.py:3508} INFO - Setting next_dagrun for stock_etl_pipeline to 2025-03-24T05:40:19.730834+00:00, run_after=2025-03-24T05:45:19.730834+00:00
[2025-03-24T05:45:19.740+0000] {processor.py:179} INFO - Processing /opt/airflow/dags/stock_etl_dag.py took 0.308 seconds
[2025-03-24T05:45:50.143+0000] {processor.py:157} INFO - Started process (PID=462) to work on /opt/airflow/dags/stock_etl_dag.py
[2025-03-24T05:45:50.145+0000] {processor.py:826} INFO - Processing file /opt/airflow/dags/stock_etl_dag.py for tasks to queue
[2025-03-24T05:45:50.146+0000] {logging_mixin.py:150} INFO - [2025-03-24T05:45:50.145+0000] {dagbag.py:541} INFO - Filling up the DagBag from /opt/airflow/dags/stock_etl_dag.py
[2025-03-24T05:45:50.416+0000] {processor.py:836} INFO - DAG(s) dict_keys(['stock_etl_pipeline']) retrieved from /opt/airflow/dags/stock_etl_dag.py
[2025-03-24T05:45:50.444+0000] {logging_mixin.py:150} INFO - [2025-03-24T05:45:50.444+0000] {dag.py:2742} INFO - Sync 1 DAGs
[2025-03-24T05:45:50.458+0000] {logging_mixin.py:150} INFO - [2025-03-24T05:45:50.458+0000] {dag.py:3508} INFO - Setting next_dagrun for stock_etl_pipeline to 2025-03-24T05:40:50.458696+00:00, run_after=2025-03-24T05:45:50.458696+00:00
[2025-03-24T05:45:50.467+0000] {processor.py:179} INFO - Processing /opt/airflow/dags/stock_etl_dag.py took 0.343 seconds
[2025-03-24T05:46:20.544+0000] {processor.py:157} INFO - Started process (PID=475) to work on /opt/airflow/dags/stock_etl_dag.py
[2025-03-24T05:46:20.546+0000] {processor.py:826} INFO - Processing file /opt/airflow/dags/stock_etl_dag.py for tasks to queue
[2025-03-24T05:46:20.547+0000] {logging_mixin.py:150} INFO - [2025-03-24T05:46:20.546+0000] {dagbag.py:541} INFO - Filling up the DagBag from /opt/airflow/dags/stock_etl_dag.py
[2025-03-24T05:46:20.879+0000] {processor.py:836} INFO - DAG(s) dict_keys(['stock_etl_pipeline']) retrieved from /opt/airflow/dags/stock_etl_dag.py
[2025-03-24T05:46:20.907+0000] {logging_mixin.py:150} INFO - [2025-03-24T05:46:20.907+0000] {dag.py:2742} INFO - Sync 1 DAGs
[2025-03-24T05:46:20.922+0000] {logging_mixin.py:150} INFO - [2025-03-24T05:46:20.922+0000] {dag.py:3508} INFO - Setting next_dagrun for stock_etl_pipeline to 2025-03-24T05:41:20.922594+00:00, run_after=2025-03-24T05:46:20.922594+00:00
[2025-03-24T05:46:20.932+0000] {processor.py:179} INFO - Processing /opt/airflow/dags/stock_etl_dag.py took 0.401 seconds
[2025-03-24T12:59:19.907+0000] {processor.py:157} INFO - Started process (PID=163) to work on /opt/airflow/dags/stock_etl_dag.py
[2025-03-24T12:59:19.908+0000] {processor.py:826} INFO - Processing file /opt/airflow/dags/stock_etl_dag.py for tasks to queue
[2025-03-24T12:59:19.909+0000] {logging_mixin.py:150} INFO - [2025-03-24T12:59:19.909+0000] {dagbag.py:541} INFO - Filling up the DagBag from /opt/airflow/dags/stock_etl_dag.py
[2025-03-24T12:59:20.490+0000] {processor.py:836} INFO - DAG(s) dict_keys(['stock_etl_pipeline']) retrieved from /opt/airflow/dags/stock_etl_dag.py
[2025-03-24T12:59:20.509+0000] {logging_mixin.py:150} INFO - [2025-03-24T12:59:20.509+0000] {dag.py:2742} INFO - Sync 1 DAGs
[2025-03-24T12:59:20.523+0000] {logging_mixin.py:150} INFO - [2025-03-24T12:59:20.522+0000] {dag.py:3508} INFO - Setting next_dagrun for stock_etl_pipeline to 2025-03-24T12:54:20.522783+00:00, run_after=2025-03-24T12:59:20.522783+00:00
[2025-03-24T12:59:20.531+0000] {processor.py:179} INFO - Processing /opt/airflow/dags/stock_etl_dag.py took 0.626 seconds
[2025-03-24T12:59:50.922+0000] {processor.py:157} INFO - Started process (PID=176) to work on /opt/airflow/dags/stock_etl_dag.py
[2025-03-24T12:59:50.924+0000] {processor.py:826} INFO - Processing file /opt/airflow/dags/stock_etl_dag.py for tasks to queue
[2025-03-24T12:59:50.925+0000] {logging_mixin.py:150} INFO - [2025-03-24T12:59:50.925+0000] {dagbag.py:541} INFO - Filling up the DagBag from /opt/airflow/dags/stock_etl_dag.py
[2025-03-24T12:59:51.279+0000] {processor.py:836} INFO - DAG(s) dict_keys(['stock_etl_pipeline']) retrieved from /opt/airflow/dags/stock_etl_dag.py
[2025-03-24T12:59:51.298+0000] {logging_mixin.py:150} INFO - [2025-03-24T12:59:51.298+0000] {dag.py:2742} INFO - Sync 1 DAGs
[2025-03-24T12:59:51.310+0000] {logging_mixin.py:150} INFO - [2025-03-24T12:59:51.310+0000] {dag.py:3508} INFO - Setting next_dagrun for stock_etl_pipeline to 2025-03-24T12:54:51.310777+00:00, run_after=2025-03-24T12:59:51.310777+00:00
[2025-03-24T12:59:51.318+0000] {processor.py:179} INFO - Processing /opt/airflow/dags/stock_etl_dag.py took 0.401 seconds
[2025-03-24T13:00:21.655+0000] {processor.py:157} INFO - Started process (PID=189) to work on /opt/airflow/dags/stock_etl_dag.py
[2025-03-24T13:00:21.656+0000] {processor.py:826} INFO - Processing file /opt/airflow/dags/stock_etl_dag.py for tasks to queue
[2025-03-24T13:00:21.657+0000] {logging_mixin.py:150} INFO - [2025-03-24T13:00:21.657+0000] {dagbag.py:541} INFO - Filling up the DagBag from /opt/airflow/dags/stock_etl_dag.py
[2025-03-24T13:00:22.472+0000] {processor.py:836} INFO - DAG(s) dict_keys(['stock_etl_pipeline']) retrieved from /opt/airflow/dags/stock_etl_dag.py
[2025-03-24T13:00:22.510+0000] {logging_mixin.py:150} INFO - [2025-03-24T13:00:22.510+0000] {dag.py:2742} INFO - Sync 1 DAGs
[2025-03-24T13:00:22.530+0000] {logging_mixin.py:150} INFO - [2025-03-24T13:00:22.530+0000] {dag.py:3508} INFO - Setting next_dagrun for stock_etl_pipeline to 2025-03-24T12:55:22.529972+00:00, run_after=2025-03-24T13:00:22.529972+00:00
[2025-03-24T13:00:22.540+0000] {processor.py:179} INFO - Processing /opt/airflow/dags/stock_etl_dag.py took 0.889 seconds
[2025-03-24T13:00:52.929+0000] {processor.py:157} INFO - Started process (PID=202) to work on /opt/airflow/dags/stock_etl_dag.py
[2025-03-24T13:00:52.930+0000] {processor.py:826} INFO - Processing file /opt/airflow/dags/stock_etl_dag.py for tasks to queue
[2025-03-24T13:00:52.932+0000] {logging_mixin.py:150} INFO - [2025-03-24T13:00:52.931+0000] {dagbag.py:541} INFO - Filling up the DagBag from /opt/airflow/dags/stock_etl_dag.py
[2025-03-24T13:00:53.218+0000] {processor.py:836} INFO - DAG(s) dict_keys(['stock_etl_pipeline']) retrieved from /opt/airflow/dags/stock_etl_dag.py
[2025-03-24T13:00:53.232+0000] {logging_mixin.py:150} INFO - [2025-03-24T13:00:53.232+0000] {dag.py:2742} INFO - Sync 1 DAGs
[2025-03-24T13:00:53.243+0000] {logging_mixin.py:150} INFO - [2025-03-24T13:00:53.243+0000] {dag.py:3508} INFO - Setting next_dagrun for stock_etl_pipeline to 2025-03-24T12:55:53.243672+00:00, run_after=2025-03-24T13:00:53.243672+00:00
[2025-03-24T13:00:53.251+0000] {processor.py:179} INFO - Processing /opt/airflow/dags/stock_etl_dag.py took 0.330 seconds
[2025-03-24T13:01:23.602+0000] {processor.py:157} INFO - Started process (PID=215) to work on /opt/airflow/dags/stock_etl_dag.py
[2025-03-24T13:01:23.603+0000] {processor.py:826} INFO - Processing file /opt/airflow/dags/stock_etl_dag.py for tasks to queue
[2025-03-24T13:01:23.605+0000] {logging_mixin.py:150} INFO - [2025-03-24T13:01:23.604+0000] {dagbag.py:541} INFO - Filling up the DagBag from /opt/airflow/dags/stock_etl_dag.py
[2025-03-24T13:01:23.921+0000] {processor.py:836} INFO - DAG(s) dict_keys(['stock_etl_pipeline']) retrieved from /opt/airflow/dags/stock_etl_dag.py
[2025-03-24T13:01:23.940+0000] {logging_mixin.py:150} INFO - [2025-03-24T13:01:23.940+0000] {dag.py:2742} INFO - Sync 1 DAGs
[2025-03-24T13:01:23.955+0000] {logging_mixin.py:150} INFO - [2025-03-24T13:01:23.955+0000] {dag.py:3508} INFO - Setting next_dagrun for stock_etl_pipeline to 2025-03-24T12:56:23.954844+00:00, run_after=2025-03-24T13:01:23.954844+00:00
[2025-03-24T13:01:23.963+0000] {processor.py:179} INFO - Processing /opt/airflow/dags/stock_etl_dag.py took 0.374 seconds
[2025-03-24T13:01:54.356+0000] {processor.py:157} INFO - Started process (PID=228) to work on /opt/airflow/dags/stock_etl_dag.py
[2025-03-24T13:01:54.357+0000] {processor.py:826} INFO - Processing file /opt/airflow/dags/stock_etl_dag.py for tasks to queue
[2025-03-24T13:01:54.358+0000] {logging_mixin.py:150} INFO - [2025-03-24T13:01:54.358+0000] {dagbag.py:541} INFO - Filling up the DagBag from /opt/airflow/dags/stock_etl_dag.py
[2025-03-24T13:01:54.679+0000] {processor.py:836} INFO - DAG(s) dict_keys(['stock_etl_pipeline']) retrieved from /opt/airflow/dags/stock_etl_dag.py
[2025-03-24T13:01:54.694+0000] {logging_mixin.py:150} INFO - [2025-03-24T13:01:54.694+0000] {dag.py:2742} INFO - Sync 1 DAGs
[2025-03-24T13:01:54.706+0000] {logging_mixin.py:150} INFO - [2025-03-24T13:01:54.706+0000] {dag.py:3508} INFO - Setting next_dagrun for stock_etl_pipeline to 2025-03-24T12:56:54.706376+00:00, run_after=2025-03-24T13:01:54.706376+00:00
[2025-03-24T13:01:54.714+0000] {processor.py:179} INFO - Processing /opt/airflow/dags/stock_etl_dag.py took 0.363 seconds
[2025-03-24T13:02:25.012+0000] {processor.py:157} INFO - Started process (PID=241) to work on /opt/airflow/dags/stock_etl_dag.py
[2025-03-24T13:02:25.014+0000] {processor.py:826} INFO - Processing file /opt/airflow/dags/stock_etl_dag.py for tasks to queue
[2025-03-24T13:02:25.015+0000] {logging_mixin.py:150} INFO - [2025-03-24T13:02:25.015+0000] {dagbag.py:541} INFO - Filling up the DagBag from /opt/airflow/dags/stock_etl_dag.py
[2025-03-24T13:02:25.339+0000] {processor.py:836} INFO - DAG(s) dict_keys(['stock_etl_pipeline']) retrieved from /opt/airflow/dags/stock_etl_dag.py
[2025-03-24T13:02:25.361+0000] {logging_mixin.py:150} INFO - [2025-03-24T13:02:25.361+0000] {dag.py:2742} INFO - Sync 1 DAGs
[2025-03-24T13:02:25.375+0000] {logging_mixin.py:150} INFO - [2025-03-24T13:02:25.374+0000] {dag.py:3508} INFO - Setting next_dagrun for stock_etl_pipeline to 2025-03-24T12:57:25.374843+00:00, run_after=2025-03-24T13:02:25.374843+00:00
[2025-03-24T13:02:25.384+0000] {processor.py:179} INFO - Processing /opt/airflow/dags/stock_etl_dag.py took 0.380 seconds
[2025-03-24T13:02:55.720+0000] {processor.py:157} INFO - Started process (PID=254) to work on /opt/airflow/dags/stock_etl_dag.py
[2025-03-24T13:02:55.722+0000] {processor.py:826} INFO - Processing file /opt/airflow/dags/stock_etl_dag.py for tasks to queue
[2025-03-24T13:02:55.723+0000] {logging_mixin.py:150} INFO - [2025-03-24T13:02:55.723+0000] {dagbag.py:541} INFO - Filling up the DagBag from /opt/airflow/dags/stock_etl_dag.py
[2025-03-24T13:02:56.040+0000] {processor.py:836} INFO - DAG(s) dict_keys(['stock_etl_pipeline']) retrieved from /opt/airflow/dags/stock_etl_dag.py
[2025-03-24T13:02:56.054+0000] {logging_mixin.py:150} INFO - [2025-03-24T13:02:56.054+0000] {dag.py:2742} INFO - Sync 1 DAGs
[2025-03-24T13:02:56.066+0000] {logging_mixin.py:150} INFO - [2025-03-24T13:02:56.065+0000] {dag.py:3508} INFO - Setting next_dagrun for stock_etl_pipeline to 2025-03-24T12:57:56.065856+00:00, run_after=2025-03-24T13:02:56.065856+00:00
[2025-03-24T13:02:56.074+0000] {processor.py:179} INFO - Processing /opt/airflow/dags/stock_etl_dag.py took 0.367 seconds
[2025-03-24T13:03:26.439+0000] {processor.py:157} INFO - Started process (PID=267) to work on /opt/airflow/dags/stock_etl_dag.py
[2025-03-24T13:03:26.441+0000] {processor.py:826} INFO - Processing file /opt/airflow/dags/stock_etl_dag.py for tasks to queue
[2025-03-24T13:03:26.442+0000] {logging_mixin.py:150} INFO - [2025-03-24T13:03:26.441+0000] {dagbag.py:541} INFO - Filling up the DagBag from /opt/airflow/dags/stock_etl_dag.py
[2025-03-24T13:03:26.750+0000] {processor.py:836} INFO - DAG(s) dict_keys(['stock_etl_pipeline']) retrieved from /opt/airflow/dags/stock_etl_dag.py
[2025-03-24T13:03:26.768+0000] {logging_mixin.py:150} INFO - [2025-03-24T13:03:26.768+0000] {dag.py:2742} INFO - Sync 1 DAGs
[2025-03-24T13:03:26.780+0000] {logging_mixin.py:150} INFO - [2025-03-24T13:03:26.780+0000] {dag.py:3508} INFO - Setting next_dagrun for stock_etl_pipeline to 2025-03-24T12:58:26.779997+00:00, run_after=2025-03-24T13:03:26.779997+00:00
[2025-03-24T13:03:26.788+0000] {processor.py:179} INFO - Processing /opt/airflow/dags/stock_etl_dag.py took 0.371 seconds
[2025-03-24T13:03:57.115+0000] {processor.py:157} INFO - Started process (PID=280) to work on /opt/airflow/dags/stock_etl_dag.py
[2025-03-24T13:03:57.118+0000] {processor.py:826} INFO - Processing file /opt/airflow/dags/stock_etl_dag.py for tasks to queue
[2025-03-24T13:03:57.121+0000] {logging_mixin.py:150} INFO - [2025-03-24T13:03:57.120+0000] {dagbag.py:541} INFO - Filling up the DagBag from /opt/airflow/dags/stock_etl_dag.py
[2025-03-24T13:03:57.451+0000] {processor.py:836} INFO - DAG(s) dict_keys(['stock_etl_pipeline']) retrieved from /opt/airflow/dags/stock_etl_dag.py
[2025-03-24T13:03:57.467+0000] {logging_mixin.py:150} INFO - [2025-03-24T13:03:57.467+0000] {dag.py:2742} INFO - Sync 1 DAGs
[2025-03-24T13:03:57.478+0000] {logging_mixin.py:150} INFO - [2025-03-24T13:03:57.478+0000] {dag.py:3508} INFO - Setting next_dagrun for stock_etl_pipeline to 2025-03-24T12:58:57.478415+00:00, run_after=2025-03-24T13:03:57.478415+00:00
[2025-03-24T13:03:57.487+0000] {processor.py:179} INFO - Processing /opt/airflow/dags/stock_etl_dag.py took 0.380 seconds
[2025-03-24T13:04:27.841+0000] {processor.py:157} INFO - Started process (PID=293) to work on /opt/airflow/dags/stock_etl_dag.py
[2025-03-24T13:04:27.843+0000] {processor.py:826} INFO - Processing file /opt/airflow/dags/stock_etl_dag.py for tasks to queue
[2025-03-24T13:04:27.845+0000] {logging_mixin.py:150} INFO - [2025-03-24T13:04:27.844+0000] {dagbag.py:541} INFO - Filling up the DagBag from /opt/airflow/dags/stock_etl_dag.py
[2025-03-24T13:04:28.185+0000] {processor.py:836} INFO - DAG(s) dict_keys(['stock_etl_pipeline']) retrieved from /opt/airflow/dags/stock_etl_dag.py
[2025-03-24T13:04:28.209+0000] {logging_mixin.py:150} INFO - [2025-03-24T13:04:28.209+0000] {dag.py:2742} INFO - Sync 1 DAGs
[2025-03-24T13:04:28.222+0000] {logging_mixin.py:150} INFO - [2025-03-24T13:04:28.222+0000] {dag.py:3508} INFO - Setting next_dagrun for stock_etl_pipeline to 2025-03-24T12:59:28.222069+00:00, run_after=2025-03-24T13:04:28.222069+00:00
[2025-03-24T13:04:28.230+0000] {processor.py:179} INFO - Processing /opt/airflow/dags/stock_etl_dag.py took 0.396 seconds
[2025-03-24T13:04:58.598+0000] {processor.py:157} INFO - Started process (PID=306) to work on /opt/airflow/dags/stock_etl_dag.py
[2025-03-24T13:04:58.599+0000] {processor.py:826} INFO - Processing file /opt/airflow/dags/stock_etl_dag.py for tasks to queue
[2025-03-24T13:04:58.600+0000] {logging_mixin.py:150} INFO - [2025-03-24T13:04:58.600+0000] {dagbag.py:541} INFO - Filling up the DagBag from /opt/airflow/dags/stock_etl_dag.py
[2025-03-24T13:04:58.891+0000] {processor.py:836} INFO - DAG(s) dict_keys(['stock_etl_pipeline']) retrieved from /opt/airflow/dags/stock_etl_dag.py
[2025-03-24T13:04:58.907+0000] {logging_mixin.py:150} INFO - [2025-03-24T13:04:58.907+0000] {dag.py:2742} INFO - Sync 1 DAGs
[2025-03-24T13:04:58.919+0000] {logging_mixin.py:150} INFO - [2025-03-24T13:04:58.919+0000] {dag.py:3508} INFO - Setting next_dagrun for stock_etl_pipeline to 2025-03-24T12:59:58.919490+00:00, run_after=2025-03-24T13:04:58.919490+00:00
[2025-03-24T13:04:58.927+0000] {processor.py:179} INFO - Processing /opt/airflow/dags/stock_etl_dag.py took 0.335 seconds
[2025-03-24T13:05:29.069+0000] {processor.py:157} INFO - Started process (PID=319) to work on /opt/airflow/dags/stock_etl_dag.py
[2025-03-24T13:05:29.070+0000] {processor.py:826} INFO - Processing file /opt/airflow/dags/stock_etl_dag.py for tasks to queue
[2025-03-24T13:05:29.070+0000] {logging_mixin.py:150} INFO - [2025-03-24T13:05:29.070+0000] {dagbag.py:541} INFO - Filling up the DagBag from /opt/airflow/dags/stock_etl_dag.py
[2025-03-24T13:05:29.419+0000] {processor.py:836} INFO - DAG(s) dict_keys(['stock_etl_pipeline']) retrieved from /opt/airflow/dags/stock_etl_dag.py
[2025-03-24T13:05:29.435+0000] {logging_mixin.py:150} INFO - [2025-03-24T13:05:29.434+0000] {dag.py:2742} INFO - Sync 1 DAGs
[2025-03-24T13:05:29.449+0000] {logging_mixin.py:150} INFO - [2025-03-24T13:05:29.449+0000] {dag.py:3508} INFO - Setting next_dagrun for stock_etl_pipeline to 2025-03-24T13:00:29.449653+00:00, run_after=2025-03-24T13:05:29.449653+00:00
[2025-03-24T13:05:29.457+0000] {processor.py:179} INFO - Processing /opt/airflow/dags/stock_etl_dag.py took 0.392 seconds
[2025-03-24T13:05:59.692+0000] {processor.py:157} INFO - Started process (PID=332) to work on /opt/airflow/dags/stock_etl_dag.py
[2025-03-24T13:05:59.693+0000] {processor.py:826} INFO - Processing file /opt/airflow/dags/stock_etl_dag.py for tasks to queue
[2025-03-24T13:05:59.695+0000] {logging_mixin.py:150} INFO - [2025-03-24T13:05:59.694+0000] {dagbag.py:541} INFO - Filling up the DagBag from /opt/airflow/dags/stock_etl_dag.py
[2025-03-24T13:05:59.938+0000] {processor.py:836} INFO - DAG(s) dict_keys(['stock_etl_pipeline']) retrieved from /opt/airflow/dags/stock_etl_dag.py
[2025-03-24T13:05:59.956+0000] {logging_mixin.py:150} INFO - [2025-03-24T13:05:59.956+0000] {dag.py:2742} INFO - Sync 1 DAGs
[2025-03-24T13:05:59.975+0000] {logging_mixin.py:150} INFO - [2025-03-24T13:05:59.975+0000] {dag.py:3508} INFO - Setting next_dagrun for stock_etl_pipeline to 2025-03-24T13:00:59.975570+00:00, run_after=2025-03-24T13:05:59.975570+00:00
[2025-03-24T13:05:59.984+0000] {processor.py:179} INFO - Processing /opt/airflow/dags/stock_etl_dag.py took 0.296 seconds
[2025-03-24T13:06:30.064+0000] {processor.py:157} INFO - Started process (PID=345) to work on /opt/airflow/dags/stock_etl_dag.py
[2025-03-24T13:06:30.065+0000] {processor.py:826} INFO - Processing file /opt/airflow/dags/stock_etl_dag.py for tasks to queue
[2025-03-24T13:06:30.066+0000] {logging_mixin.py:150} INFO - [2025-03-24T13:06:30.066+0000] {dagbag.py:541} INFO - Filling up the DagBag from /opt/airflow/dags/stock_etl_dag.py
[2025-03-24T13:06:30.304+0000] {processor.py:836} INFO - DAG(s) dict_keys(['stock_etl_pipeline']) retrieved from /opt/airflow/dags/stock_etl_dag.py
[2025-03-24T13:06:30.325+0000] {logging_mixin.py:150} INFO - [2025-03-24T13:06:30.325+0000] {dag.py:2742} INFO - Sync 1 DAGs
[2025-03-24T13:06:30.339+0000] {logging_mixin.py:150} INFO - [2025-03-24T13:06:30.339+0000] {dag.py:3508} INFO - Setting next_dagrun for stock_etl_pipeline to 2025-03-24T13:01:30.339451+00:00, run_after=2025-03-24T13:06:30.339451+00:00
[2025-03-24T13:06:30.349+0000] {processor.py:179} INFO - Processing /opt/airflow/dags/stock_etl_dag.py took 0.290 seconds
[2025-03-24T13:07:06.468+0000] {processor.py:157} INFO - Started process (PID=163) to work on /opt/airflow/dags/stock_etl_dag.py
[2025-03-24T13:07:06.470+0000] {processor.py:826} INFO - Processing file /opt/airflow/dags/stock_etl_dag.py for tasks to queue
[2025-03-24T13:07:06.471+0000] {logging_mixin.py:150} INFO - [2025-03-24T13:07:06.471+0000] {dagbag.py:541} INFO - Filling up the DagBag from /opt/airflow/dags/stock_etl_dag.py
[2025-03-24T13:07:07.254+0000] {processor.py:836} INFO - DAG(s) dict_keys(['stock_etl_pipeline']) retrieved from /opt/airflow/dags/stock_etl_dag.py
[2025-03-24T13:07:07.286+0000] {logging_mixin.py:150} INFO - [2025-03-24T13:07:07.286+0000] {dag.py:2742} INFO - Sync 1 DAGs
[2025-03-24T13:07:07.308+0000] {logging_mixin.py:150} INFO - [2025-03-24T13:07:07.308+0000] {dag.py:3508} INFO - Setting next_dagrun for stock_etl_pipeline to 2025-03-24T13:02:07.308062+00:00, run_after=2025-03-24T13:07:07.308062+00:00
[2025-03-24T13:07:07.317+0000] {processor.py:179} INFO - Processing /opt/airflow/dags/stock_etl_dag.py took 0.852 seconds
[2025-03-24T13:07:37.902+0000] {processor.py:157} INFO - Started process (PID=176) to work on /opt/airflow/dags/stock_etl_dag.py
[2025-03-24T13:07:37.904+0000] {processor.py:826} INFO - Processing file /opt/airflow/dags/stock_etl_dag.py for tasks to queue
[2025-03-24T13:07:37.905+0000] {logging_mixin.py:150} INFO - [2025-03-24T13:07:37.905+0000] {dagbag.py:541} INFO - Filling up the DagBag from /opt/airflow/dags/stock_etl_dag.py
[2025-03-24T13:07:38.285+0000] {processor.py:836} INFO - DAG(s) dict_keys(['stock_etl_pipeline']) retrieved from /opt/airflow/dags/stock_etl_dag.py
[2025-03-24T13:07:38.318+0000] {logging_mixin.py:150} INFO - [2025-03-24T13:07:38.318+0000] {dag.py:2742} INFO - Sync 1 DAGs
[2025-03-24T13:07:38.344+0000] {logging_mixin.py:150} INFO - [2025-03-24T13:07:38.343+0000] {dag.py:3508} INFO - Setting next_dagrun for stock_etl_pipeline to 2025-03-24T13:02:38.343197+00:00, run_after=2025-03-24T13:07:38.343197+00:00
[2025-03-24T13:07:38.354+0000] {processor.py:179} INFO - Processing /opt/airflow/dags/stock_etl_dag.py took 0.460 seconds
[2025-03-24T13:08:08.770+0000] {processor.py:157} INFO - Started process (PID=189) to work on /opt/airflow/dags/stock_etl_dag.py
[2025-03-24T13:08:08.773+0000] {processor.py:826} INFO - Processing file /opt/airflow/dags/stock_etl_dag.py for tasks to queue
[2025-03-24T13:08:08.774+0000] {logging_mixin.py:150} INFO - [2025-03-24T13:08:08.773+0000] {dagbag.py:541} INFO - Filling up the DagBag from /opt/airflow/dags/stock_etl_dag.py
[2025-03-24T13:08:09.032+0000] {processor.py:836} INFO - DAG(s) dict_keys(['stock_etl_pipeline']) retrieved from /opt/airflow/dags/stock_etl_dag.py
[2025-03-24T13:08:09.054+0000] {logging_mixin.py:150} INFO - [2025-03-24T13:08:09.054+0000] {dag.py:2742} INFO - Sync 1 DAGs
[2025-03-24T13:08:09.068+0000] {logging_mixin.py:150} INFO - [2025-03-24T13:08:09.068+0000] {dag.py:3508} INFO - Setting next_dagrun for stock_etl_pipeline to 2025-03-24T13:03:09.068422+00:00, run_after=2025-03-24T13:08:09.068422+00:00
[2025-03-24T13:08:09.077+0000] {processor.py:179} INFO - Processing /opt/airflow/dags/stock_etl_dag.py took 0.314 seconds
[2025-03-24T13:08:39.371+0000] {processor.py:157} INFO - Started process (PID=202) to work on /opt/airflow/dags/stock_etl_dag.py
[2025-03-24T13:08:39.372+0000] {processor.py:826} INFO - Processing file /opt/airflow/dags/stock_etl_dag.py for tasks to queue
[2025-03-24T13:08:39.373+0000] {logging_mixin.py:150} INFO - [2025-03-24T13:08:39.373+0000] {dagbag.py:541} INFO - Filling up the DagBag from /opt/airflow/dags/stock_etl_dag.py
[2025-03-24T13:08:39.622+0000] {processor.py:836} INFO - DAG(s) dict_keys(['stock_etl_pipeline']) retrieved from /opt/airflow/dags/stock_etl_dag.py
[2025-03-24T13:08:39.651+0000] {logging_mixin.py:150} INFO - [2025-03-24T13:08:39.651+0000] {dag.py:2742} INFO - Sync 1 DAGs
[2025-03-24T13:08:39.666+0000] {logging_mixin.py:150} INFO - [2025-03-24T13:08:39.666+0000] {dag.py:3508} INFO - Setting next_dagrun for stock_etl_pipeline to 2025-03-24T13:03:39.665922+00:00, run_after=2025-03-24T13:08:39.665922+00:00
[2025-03-24T13:08:39.675+0000] {processor.py:179} INFO - Processing /opt/airflow/dags/stock_etl_dag.py took 0.307 seconds
[2025-03-24T13:09:10.053+0000] {processor.py:157} INFO - Started process (PID=215) to work on /opt/airflow/dags/stock_etl_dag.py
[2025-03-24T13:09:10.054+0000] {processor.py:826} INFO - Processing file /opt/airflow/dags/stock_etl_dag.py for tasks to queue
[2025-03-24T13:09:10.055+0000] {logging_mixin.py:150} INFO - [2025-03-24T13:09:10.055+0000] {dagbag.py:541} INFO - Filling up the DagBag from /opt/airflow/dags/stock_etl_dag.py
[2025-03-24T13:09:10.330+0000] {processor.py:836} INFO - DAG(s) dict_keys(['stock_etl_pipeline']) retrieved from /opt/airflow/dags/stock_etl_dag.py
[2025-03-24T13:09:10.357+0000] {logging_mixin.py:150} INFO - [2025-03-24T13:09:10.357+0000] {dag.py:2742} INFO - Sync 1 DAGs
[2025-03-24T13:09:10.373+0000] {logging_mixin.py:150} INFO - [2025-03-24T13:09:10.373+0000] {dag.py:3508} INFO - Setting next_dagrun for stock_etl_pipeline to 2025-03-24T13:04:10.372946+00:00, run_after=2025-03-24T13:09:10.372946+00:00
[2025-03-24T13:09:10.383+0000] {processor.py:179} INFO - Processing /opt/airflow/dags/stock_etl_dag.py took 0.336 seconds
[2025-03-24T13:09:40.444+0000] {processor.py:157} INFO - Started process (PID=228) to work on /opt/airflow/dags/stock_etl_dag.py
[2025-03-24T13:09:40.445+0000] {processor.py:826} INFO - Processing file /opt/airflow/dags/stock_etl_dag.py for tasks to queue
[2025-03-24T13:09:40.446+0000] {logging_mixin.py:150} INFO - [2025-03-24T13:09:40.446+0000] {dagbag.py:541} INFO - Filling up the DagBag from /opt/airflow/dags/stock_etl_dag.py
[2025-03-24T13:09:40.705+0000] {processor.py:836} INFO - DAG(s) dict_keys(['stock_etl_pipeline']) retrieved from /opt/airflow/dags/stock_etl_dag.py
[2025-03-24T13:09:40.729+0000] {logging_mixin.py:150} INFO - [2025-03-24T13:09:40.729+0000] {dag.py:2742} INFO - Sync 1 DAGs
[2025-03-24T13:09:40.747+0000] {logging_mixin.py:150} INFO - [2025-03-24T13:09:40.747+0000] {dag.py:3508} INFO - Setting next_dagrun for stock_etl_pipeline to 2025-03-24T13:04:40.746919+00:00, run_after=2025-03-24T13:09:40.746919+00:00
[2025-03-24T13:09:40.757+0000] {processor.py:179} INFO - Processing /opt/airflow/dags/stock_etl_dag.py took 0.318 seconds
[2025-03-24T13:10:11.075+0000] {processor.py:157} INFO - Started process (PID=241) to work on /opt/airflow/dags/stock_etl_dag.py
[2025-03-24T13:10:11.076+0000] {processor.py:826} INFO - Processing file /opt/airflow/dags/stock_etl_dag.py for tasks to queue
[2025-03-24T13:10:11.076+0000] {logging_mixin.py:150} INFO - [2025-03-24T13:10:11.076+0000] {dagbag.py:541} INFO - Filling up the DagBag from /opt/airflow/dags/stock_etl_dag.py
[2025-03-24T13:10:11.329+0000] {processor.py:836} INFO - DAG(s) dict_keys(['stock_etl_pipeline']) retrieved from /opt/airflow/dags/stock_etl_dag.py
[2025-03-24T13:10:11.352+0000] {logging_mixin.py:150} INFO - [2025-03-24T13:10:11.352+0000] {dag.py:2742} INFO - Sync 1 DAGs
[2025-03-24T13:10:11.369+0000] {logging_mixin.py:150} INFO - [2025-03-24T13:10:11.369+0000] {dag.py:3508} INFO - Setting next_dagrun for stock_etl_pipeline to 2025-03-24T13:05:11.368682+00:00, run_after=2025-03-24T13:10:11.368682+00:00
[2025-03-24T13:10:11.377+0000] {processor.py:179} INFO - Processing /opt/airflow/dags/stock_etl_dag.py took 0.311 seconds
[2025-03-24T13:10:41.490+0000] {processor.py:157} INFO - Started process (PID=254) to work on /opt/airflow/dags/stock_etl_dag.py
[2025-03-24T13:10:41.491+0000] {processor.py:826} INFO - Processing file /opt/airflow/dags/stock_etl_dag.py for tasks to queue
[2025-03-24T13:10:41.492+0000] {logging_mixin.py:150} INFO - [2025-03-24T13:10:41.491+0000] {dagbag.py:541} INFO - Filling up the DagBag from /opt/airflow/dags/stock_etl_dag.py
[2025-03-24T13:10:41.769+0000] {processor.py:836} INFO - DAG(s) dict_keys(['stock_etl_pipeline']) retrieved from /opt/airflow/dags/stock_etl_dag.py
[2025-03-24T13:10:41.800+0000] {logging_mixin.py:150} INFO - [2025-03-24T13:10:41.800+0000] {dag.py:2742} INFO - Sync 1 DAGs
[2025-03-24T13:10:41.815+0000] {logging_mixin.py:150} INFO - [2025-03-24T13:10:41.815+0000] {dag.py:3508} INFO - Setting next_dagrun for stock_etl_pipeline to 2025-03-24T13:05:41.815335+00:00, run_after=2025-03-24T13:10:41.815335+00:00
[2025-03-24T13:10:41.826+0000] {processor.py:179} INFO - Processing /opt/airflow/dags/stock_etl_dag.py took 0.342 seconds
[2025-03-24T13:11:12.056+0000] {processor.py:157} INFO - Started process (PID=267) to work on /opt/airflow/dags/stock_etl_dag.py
[2025-03-24T13:11:12.057+0000] {processor.py:826} INFO - Processing file /opt/airflow/dags/stock_etl_dag.py for tasks to queue
[2025-03-24T13:11:12.060+0000] {logging_mixin.py:150} INFO - [2025-03-24T13:11:12.058+0000] {dagbag.py:541} INFO - Filling up the DagBag from /opt/airflow/dags/stock_etl_dag.py
[2025-03-24T13:11:12.338+0000] {processor.py:836} INFO - DAG(s) dict_keys(['stock_etl_pipeline']) retrieved from /opt/airflow/dags/stock_etl_dag.py
[2025-03-24T13:11:12.364+0000] {logging_mixin.py:150} INFO - [2025-03-24T13:11:12.363+0000] {dag.py:2742} INFO - Sync 1 DAGs
[2025-03-24T13:11:12.378+0000] {logging_mixin.py:150} INFO - [2025-03-24T13:11:12.378+0000] {dag.py:3508} INFO - Setting next_dagrun for stock_etl_pipeline to 2025-03-24T13:06:12.377910+00:00, run_after=2025-03-24T13:11:12.377910+00:00
[2025-03-24T13:11:12.390+0000] {processor.py:179} INFO - Processing /opt/airflow/dags/stock_etl_dag.py took 0.338 seconds
[2025-03-24T13:11:42.443+0000] {processor.py:157} INFO - Started process (PID=280) to work on /opt/airflow/dags/stock_etl_dag.py
[2025-03-24T13:11:42.443+0000] {processor.py:826} INFO - Processing file /opt/airflow/dags/stock_etl_dag.py for tasks to queue
[2025-03-24T13:11:42.444+0000] {logging_mixin.py:150} INFO - [2025-03-24T13:11:42.444+0000] {dagbag.py:541} INFO - Filling up the DagBag from /opt/airflow/dags/stock_etl_dag.py
[2025-03-24T13:11:42.812+0000] {processor.py:836} INFO - DAG(s) dict_keys(['stock_etl_pipeline']) retrieved from /opt/airflow/dags/stock_etl_dag.py
[2025-03-24T13:11:42.843+0000] {logging_mixin.py:150} INFO - [2025-03-24T13:11:42.843+0000] {dag.py:2742} INFO - Sync 1 DAGs
[2025-03-24T13:11:42.861+0000] {logging_mixin.py:150} INFO - [2025-03-24T13:11:42.861+0000] {dag.py:3508} INFO - Setting next_dagrun for stock_etl_pipeline to 2025-03-24T13:06:42.860844+00:00, run_after=2025-03-24T13:11:42.860844+00:00
[2025-03-24T13:11:42.871+0000] {processor.py:179} INFO - Processing /opt/airflow/dags/stock_etl_dag.py took 0.447 seconds
[2025-03-24T13:12:13.101+0000] {processor.py:157} INFO - Started process (PID=293) to work on /opt/airflow/dags/stock_etl_dag.py
[2025-03-24T13:12:13.102+0000] {processor.py:826} INFO - Processing file /opt/airflow/dags/stock_etl_dag.py for tasks to queue
[2025-03-24T13:12:13.103+0000] {logging_mixin.py:150} INFO - [2025-03-24T13:12:13.102+0000] {dagbag.py:541} INFO - Filling up the DagBag from /opt/airflow/dags/stock_etl_dag.py
[2025-03-24T13:12:13.382+0000] {processor.py:836} INFO - DAG(s) dict_keys(['stock_etl_pipeline']) retrieved from /opt/airflow/dags/stock_etl_dag.py
[2025-03-24T13:12:13.408+0000] {logging_mixin.py:150} INFO - [2025-03-24T13:12:13.408+0000] {dag.py:2742} INFO - Sync 1 DAGs
[2025-03-24T13:12:13.431+0000] {logging_mixin.py:150} INFO - [2025-03-24T13:12:13.431+0000] {dag.py:3508} INFO - Setting next_dagrun for stock_etl_pipeline to 2025-03-24T13:07:13.431393+00:00, run_after=2025-03-24T13:12:13.431393+00:00
[2025-03-24T13:12:13.443+0000] {processor.py:179} INFO - Processing /opt/airflow/dags/stock_etl_dag.py took 0.347 seconds
[2025-03-24T13:12:43.497+0000] {processor.py:157} INFO - Started process (PID=306) to work on /opt/airflow/dags/stock_etl_dag.py
[2025-03-24T13:12:43.498+0000] {processor.py:826} INFO - Processing file /opt/airflow/dags/stock_etl_dag.py for tasks to queue
[2025-03-24T13:12:43.499+0000] {logging_mixin.py:150} INFO - [2025-03-24T13:12:43.499+0000] {dagbag.py:541} INFO - Filling up the DagBag from /opt/airflow/dags/stock_etl_dag.py
[2025-03-24T13:12:43.753+0000] {processor.py:836} INFO - DAG(s) dict_keys(['stock_etl_pipeline']) retrieved from /opt/airflow/dags/stock_etl_dag.py
[2025-03-24T13:12:43.777+0000] {logging_mixin.py:150} INFO - [2025-03-24T13:12:43.777+0000] {dag.py:2742} INFO - Sync 1 DAGs
[2025-03-24T13:12:43.796+0000] {logging_mixin.py:150} INFO - [2025-03-24T13:12:43.796+0000] {dag.py:3508} INFO - Setting next_dagrun for stock_etl_pipeline to 2025-03-24T13:07:43.796112+00:00, run_after=2025-03-24T13:12:43.796112+00:00
[2025-03-24T13:12:43.805+0000] {processor.py:179} INFO - Processing /opt/airflow/dags/stock_etl_dag.py took 0.313 seconds
[2025-03-24T13:13:14.081+0000] {processor.py:157} INFO - Started process (PID=319) to work on /opt/airflow/dags/stock_etl_dag.py
[2025-03-24T13:13:14.081+0000] {processor.py:826} INFO - Processing file /opt/airflow/dags/stock_etl_dag.py for tasks to queue
[2025-03-24T13:13:14.082+0000] {logging_mixin.py:150} INFO - [2025-03-24T13:13:14.082+0000] {dagbag.py:541} INFO - Filling up the DagBag from /opt/airflow/dags/stock_etl_dag.py
[2025-03-24T13:13:14.353+0000] {processor.py:836} INFO - DAG(s) dict_keys(['stock_etl_pipeline']) retrieved from /opt/airflow/dags/stock_etl_dag.py
[2025-03-24T13:13:14.380+0000] {logging_mixin.py:150} INFO - [2025-03-24T13:13:14.380+0000] {dag.py:2742} INFO - Sync 1 DAGs
[2025-03-24T13:13:14.399+0000] {logging_mixin.py:150} INFO - [2025-03-24T13:13:14.399+0000] {dag.py:3508} INFO - Setting next_dagrun for stock_etl_pipeline to 2025-03-24T13:08:14.399301+00:00, run_after=2025-03-24T13:13:14.399301+00:00
[2025-03-24T13:13:14.412+0000] {processor.py:179} INFO - Processing /opt/airflow/dags/stock_etl_dag.py took 0.335 seconds
[2025-03-24T13:13:47.141+0000] {processor.py:157} INFO - Started process (PID=162) to work on /opt/airflow/dags/stock_etl_dag.py
[2025-03-24T13:13:47.142+0000] {processor.py:826} INFO - Processing file /opt/airflow/dags/stock_etl_dag.py for tasks to queue
[2025-03-24T13:13:47.144+0000] {logging_mixin.py:150} INFO - [2025-03-24T13:13:47.144+0000] {dagbag.py:541} INFO - Filling up the DagBag from /opt/airflow/dags/stock_etl_dag.py
[2025-03-24T13:13:48.049+0000] {processor.py:836} INFO - DAG(s) dict_keys(['stock_etl_pipeline']) retrieved from /opt/airflow/dags/stock_etl_dag.py
[2025-03-24T13:13:48.085+0000] {logging_mixin.py:150} INFO - [2025-03-24T13:13:48.085+0000] {dag.py:2742} INFO - Sync 1 DAGs
[2025-03-24T13:13:48.100+0000] {logging_mixin.py:150} INFO - [2025-03-24T13:13:48.100+0000] {dag.py:3508} INFO - Setting next_dagrun for stock_etl_pipeline to 2025-03-24T13:08:48.099998+00:00, run_after=2025-03-24T13:13:48.099998+00:00
[2025-03-24T13:13:48.109+0000] {processor.py:179} INFO - Processing /opt/airflow/dags/stock_etl_dag.py took 0.971 seconds
[2025-03-24T13:14:18.348+0000] {processor.py:157} INFO - Started process (PID=176) to work on /opt/airflow/dags/stock_etl_dag.py
[2025-03-24T13:14:18.348+0000] {processor.py:826} INFO - Processing file /opt/airflow/dags/stock_etl_dag.py for tasks to queue
[2025-03-24T13:14:18.349+0000] {logging_mixin.py:150} INFO - [2025-03-24T13:14:18.349+0000] {dagbag.py:541} INFO - Filling up the DagBag from /opt/airflow/dags/stock_etl_dag.py
[2025-03-24T13:14:18.604+0000] {processor.py:836} INFO - DAG(s) dict_keys(['stock_etl_pipeline']) retrieved from /opt/airflow/dags/stock_etl_dag.py
[2025-03-24T13:14:18.624+0000] {logging_mixin.py:150} INFO - [2025-03-24T13:14:18.624+0000] {dag.py:2742} INFO - Sync 1 DAGs
[2025-03-24T13:14:18.643+0000] {logging_mixin.py:150} INFO - [2025-03-24T13:14:18.643+0000] {dag.py:3508} INFO - Setting next_dagrun for stock_etl_pipeline to 2025-03-24T13:09:18.643555+00:00, run_after=2025-03-24T13:14:18.643555+00:00
[2025-03-24T13:14:18.652+0000] {processor.py:179} INFO - Processing /opt/airflow/dags/stock_etl_dag.py took 0.307 seconds
[2025-03-24T13:14:48.773+0000] {processor.py:157} INFO - Started process (PID=189) to work on /opt/airflow/dags/stock_etl_dag.py
[2025-03-24T13:14:48.774+0000] {processor.py:826} INFO - Processing file /opt/airflow/dags/stock_etl_dag.py for tasks to queue
[2025-03-24T13:14:48.776+0000] {logging_mixin.py:150} INFO - [2025-03-24T13:14:48.775+0000] {dagbag.py:541} INFO - Filling up the DagBag from /opt/airflow/dags/stock_etl_dag.py
[2025-03-24T13:14:49.049+0000] {processor.py:836} INFO - DAG(s) dict_keys(['stock_etl_pipeline']) retrieved from /opt/airflow/dags/stock_etl_dag.py
[2025-03-24T13:14:49.068+0000] {logging_mixin.py:150} INFO - [2025-03-24T13:14:49.068+0000] {dag.py:2742} INFO - Sync 1 DAGs
[2025-03-24T13:14:49.088+0000] {logging_mixin.py:150} INFO - [2025-03-24T13:14:49.088+0000] {dag.py:3508} INFO - Setting next_dagrun for stock_etl_pipeline to 2025-03-24T13:09:49.087705+00:00, run_after=2025-03-24T13:14:49.087705+00:00
[2025-03-24T13:14:49.098+0000] {processor.py:179} INFO - Processing /opt/airflow/dags/stock_etl_dag.py took 0.332 seconds
[2025-03-24T13:15:19.446+0000] {processor.py:157} INFO - Started process (PID=202) to work on /opt/airflow/dags/stock_etl_dag.py
[2025-03-24T13:15:19.447+0000] {processor.py:826} INFO - Processing file /opt/airflow/dags/stock_etl_dag.py for tasks to queue
[2025-03-24T13:15:19.448+0000] {logging_mixin.py:150} INFO - [2025-03-24T13:15:19.448+0000] {dagbag.py:541} INFO - Filling up the DagBag from /opt/airflow/dags/stock_etl_dag.py
[2025-03-24T13:15:19.715+0000] {processor.py:836} INFO - DAG(s) dict_keys(['stock_etl_pipeline']) retrieved from /opt/airflow/dags/stock_etl_dag.py
[2025-03-24T13:15:19.738+0000] {logging_mixin.py:150} INFO - [2025-03-24T13:15:19.737+0000] {dag.py:2742} INFO - Sync 1 DAGs
[2025-03-24T13:15:19.752+0000] {logging_mixin.py:150} INFO - [2025-03-24T13:15:19.752+0000] {dag.py:3508} INFO - Setting next_dagrun for stock_etl_pipeline to 2025-03-24T13:10:19.752379+00:00, run_after=2025-03-24T13:15:19.752379+00:00
[2025-03-24T13:15:19.761+0000] {processor.py:179} INFO - Processing /opt/airflow/dags/stock_etl_dag.py took 0.326 seconds
[2025-03-24T13:15:49.832+0000] {processor.py:157} INFO - Started process (PID=215) to work on /opt/airflow/dags/stock_etl_dag.py
[2025-03-24T13:15:49.833+0000] {processor.py:826} INFO - Processing file /opt/airflow/dags/stock_etl_dag.py for tasks to queue
[2025-03-24T13:15:49.834+0000] {logging_mixin.py:150} INFO - [2025-03-24T13:15:49.834+0000] {dagbag.py:541} INFO - Filling up the DagBag from /opt/airflow/dags/stock_etl_dag.py
[2025-03-24T13:15:50.122+0000] {processor.py:836} INFO - DAG(s) dict_keys(['stock_etl_pipeline']) retrieved from /opt/airflow/dags/stock_etl_dag.py
[2025-03-24T13:15:50.149+0000] {logging_mixin.py:150} INFO - [2025-03-24T13:15:50.148+0000] {dag.py:2742} INFO - Sync 1 DAGs
[2025-03-24T13:15:50.163+0000] {logging_mixin.py:150} INFO - [2025-03-24T13:15:50.163+0000] {dag.py:3508} INFO - Setting next_dagrun for stock_etl_pipeline to 2025-03-24T13:10:50.163514+00:00, run_after=2025-03-24T13:15:50.163514+00:00
[2025-03-24T13:15:50.173+0000] {processor.py:179} INFO - Processing /opt/airflow/dags/stock_etl_dag.py took 0.346 seconds
[2025-03-24T13:16:20.539+0000] {processor.py:157} INFO - Started process (PID=228) to work on /opt/airflow/dags/stock_etl_dag.py
[2025-03-24T13:16:20.540+0000] {processor.py:826} INFO - Processing file /opt/airflow/dags/stock_etl_dag.py for tasks to queue
[2025-03-24T13:16:20.541+0000] {logging_mixin.py:150} INFO - [2025-03-24T13:16:20.541+0000] {dagbag.py:541} INFO - Filling up the DagBag from /opt/airflow/dags/stock_etl_dag.py
[2025-03-24T13:16:20.785+0000] {processor.py:836} INFO - DAG(s) dict_keys(['stock_etl_pipeline']) retrieved from /opt/airflow/dags/stock_etl_dag.py
[2025-03-24T13:16:20.809+0000] {logging_mixin.py:150} INFO - [2025-03-24T13:16:20.809+0000] {dag.py:2742} INFO - Sync 1 DAGs
[2025-03-24T13:16:20.825+0000] {logging_mixin.py:150} INFO - [2025-03-24T13:16:20.825+0000] {dag.py:3508} INFO - Setting next_dagrun for stock_etl_pipeline to 2025-03-24T13:11:20.825139+00:00, run_after=2025-03-24T13:16:20.825139+00:00
[2025-03-24T13:16:20.834+0000] {processor.py:179} INFO - Processing /opt/airflow/dags/stock_etl_dag.py took 0.299 seconds
[2025-03-24T13:16:50.914+0000] {processor.py:157} INFO - Started process (PID=241) to work on /opt/airflow/dags/stock_etl_dag.py
[2025-03-24T13:16:50.915+0000] {processor.py:826} INFO - Processing file /opt/airflow/dags/stock_etl_dag.py for tasks to queue
[2025-03-24T13:16:50.920+0000] {logging_mixin.py:150} INFO - [2025-03-24T13:16:50.919+0000] {dagbag.py:541} INFO - Filling up the DagBag from /opt/airflow/dags/stock_etl_dag.py
[2025-03-24T13:16:51.166+0000] {processor.py:836} INFO - DAG(s) dict_keys(['stock_etl_pipeline']) retrieved from /opt/airflow/dags/stock_etl_dag.py
[2025-03-24T13:16:51.188+0000] {logging_mixin.py:150} INFO - [2025-03-24T13:16:51.188+0000] {dag.py:2742} INFO - Sync 1 DAGs
[2025-03-24T13:16:51.203+0000] {logging_mixin.py:150} INFO - [2025-03-24T13:16:51.202+0000] {dag.py:3508} INFO - Setting next_dagrun for stock_etl_pipeline to 2025-03-24T13:11:51.202807+00:00, run_after=2025-03-24T13:16:51.202807+00:00
[2025-03-24T13:16:51.211+0000] {processor.py:179} INFO - Processing /opt/airflow/dags/stock_etl_dag.py took 0.303 seconds
[2025-03-24T13:17:21.554+0000] {processor.py:157} INFO - Started process (PID=254) to work on /opt/airflow/dags/stock_etl_dag.py
[2025-03-24T13:17:21.556+0000] {processor.py:826} INFO - Processing file /opt/airflow/dags/stock_etl_dag.py for tasks to queue
[2025-03-24T13:17:21.557+0000] {logging_mixin.py:150} INFO - [2025-03-24T13:17:21.557+0000] {dagbag.py:541} INFO - Filling up the DagBag from /opt/airflow/dags/stock_etl_dag.py
[2025-03-24T13:17:21.814+0000] {processor.py:836} INFO - DAG(s) dict_keys(['stock_etl_pipeline']) retrieved from /opt/airflow/dags/stock_etl_dag.py
[2025-03-24T13:17:21.853+0000] {logging_mixin.py:150} INFO - [2025-03-24T13:17:21.853+0000] {dag.py:2742} INFO - Sync 1 DAGs
[2025-03-24T13:17:21.870+0000] {logging_mixin.py:150} INFO - [2025-03-24T13:17:21.870+0000] {dag.py:3508} INFO - Setting next_dagrun for stock_etl_pipeline to 2025-03-24T13:12:21.870088+00:00, run_after=2025-03-24T13:17:21.870088+00:00
[2025-03-24T13:17:21.879+0000] {processor.py:179} INFO - Processing /opt/airflow/dags/stock_etl_dag.py took 0.331 seconds
