[2025-03-26T22:08:33.210+0530] {processor.py:186} INFO - Started process (PID=6258) to work on /Users/uk/miniforge3/lib/python3.10/site-packages/airflow/example_dags/example_task_group.py
[2025-03-26T22:08:33.210+0530] {processor.py:914} INFO - Processing file /Users/uk/miniforge3/lib/python3.10/site-packages/airflow/example_dags/example_task_group.py for tasks to queue
[2025-03-26T22:08:33.210+0530] {logging_mixin.py:190} INFO - [2025-03-26T22:08:33.210+0530] {dagbag.py:588} INFO - Filling up the DagBag from /Users/uk/miniforge3/lib/python3.10/site-packages/airflow/example_dags/example_task_group.py
[2025-03-26T22:08:33.214+0530] {processor.py:925} INFO - DAG(s) 'example_task_group' retrieved from /Users/uk/miniforge3/lib/python3.10/site-packages/airflow/example_dags/example_task_group.py
[2025-03-26T22:08:33.254+0530] {logging_mixin.py:190} INFO - [2025-03-26T22:08:33.254+0530] {dag.py:3239} INFO - Sync 1 DAGs
[2025-03-26T22:08:33.258+0530] {logging_mixin.py:190} INFO - [2025-03-26T22:08:33.258+0530] {dag.py:4180} INFO - Setting next_dagrun for example_task_group to None, run_after=None
[2025-03-26T22:08:33.264+0530] {processor.py:208} INFO - Processing /Users/uk/miniforge3/lib/python3.10/site-packages/airflow/example_dags/example_task_group.py took 0.056 seconds
[2025-03-26T22:10:17.620+0530] {processor.py:186} INFO - Started process (PID=6779) to work on /Users/uk/miniforge3/lib/python3.10/site-packages/airflow/example_dags/example_task_group.py
[2025-03-26T22:10:17.621+0530] {processor.py:914} INFO - Processing file /Users/uk/miniforge3/lib/python3.10/site-packages/airflow/example_dags/example_task_group.py for tasks to queue
[2025-03-26T22:10:17.622+0530] {logging_mixin.py:190} INFO - [2025-03-26T22:10:17.621+0530] {dagbag.py:588} INFO - Filling up the DagBag from /Users/uk/miniforge3/lib/python3.10/site-packages/airflow/example_dags/example_task_group.py
[2025-03-26T22:10:17.625+0530] {processor.py:925} INFO - DAG(s) 'example_task_group' retrieved from /Users/uk/miniforge3/lib/python3.10/site-packages/airflow/example_dags/example_task_group.py
[2025-03-26T22:10:17.664+0530] {logging_mixin.py:190} INFO - [2025-03-26T22:10:17.664+0530] {dag.py:3239} INFO - Sync 1 DAGs
[2025-03-26T22:10:17.668+0530] {logging_mixin.py:190} INFO - [2025-03-26T22:10:17.668+0530] {dag.py:4180} INFO - Setting next_dagrun for example_task_group to None, run_after=None
[2025-03-26T22:10:17.675+0530] {processor.py:208} INFO - Processing /Users/uk/miniforge3/lib/python3.10/site-packages/airflow/example_dags/example_task_group.py took 0.056 seconds
[2025-03-26T22:11:32.588+0530] {processor.py:186} INFO - Started process (PID=6901) to work on /Users/uk/miniforge3/lib/python3.10/site-packages/airflow/example_dags/example_task_group.py
[2025-03-26T22:11:32.589+0530] {processor.py:914} INFO - Processing file /Users/uk/miniforge3/lib/python3.10/site-packages/airflow/example_dags/example_task_group.py for tasks to queue
[2025-03-26T22:11:32.589+0530] {logging_mixin.py:190} INFO - [2025-03-26T22:11:32.589+0530] {dagbag.py:588} INFO - Filling up the DagBag from /Users/uk/miniforge3/lib/python3.10/site-packages/airflow/example_dags/example_task_group.py
[2025-03-26T22:11:32.593+0530] {processor.py:925} INFO - DAG(s) 'example_task_group' retrieved from /Users/uk/miniforge3/lib/python3.10/site-packages/airflow/example_dags/example_task_group.py
[2025-03-26T22:11:32.633+0530] {logging_mixin.py:190} INFO - [2025-03-26T22:11:32.633+0530] {dag.py:3239} INFO - Sync 1 DAGs
[2025-03-26T22:11:32.637+0530] {logging_mixin.py:190} INFO - [2025-03-26T22:11:32.637+0530] {dag.py:4180} INFO - Setting next_dagrun for example_task_group to None, run_after=None
[2025-03-26T22:11:32.643+0530] {processor.py:208} INFO - Processing /Users/uk/miniforge3/lib/python3.10/site-packages/airflow/example_dags/example_task_group.py took 0.057 seconds
[2025-03-26T22:13:00.610+0530] {processor.py:186} INFO - Started process (PID=7082) to work on /Users/uk/miniforge3/lib/python3.10/site-packages/airflow/example_dags/example_task_group.py
[2025-03-26T22:13:00.611+0530] {processor.py:914} INFO - Processing file /Users/uk/miniforge3/lib/python3.10/site-packages/airflow/example_dags/example_task_group.py for tasks to queue
[2025-03-26T22:13:00.611+0530] {logging_mixin.py:190} INFO - [2025-03-26T22:13:00.611+0530] {dagbag.py:588} INFO - Filling up the DagBag from /Users/uk/miniforge3/lib/python3.10/site-packages/airflow/example_dags/example_task_group.py
[2025-03-26T22:13:00.615+0530] {processor.py:925} INFO - DAG(s) 'example_task_group' retrieved from /Users/uk/miniforge3/lib/python3.10/site-packages/airflow/example_dags/example_task_group.py
[2025-03-26T22:13:00.654+0530] {logging_mixin.py:190} INFO - [2025-03-26T22:13:00.654+0530] {dag.py:3239} INFO - Sync 1 DAGs
[2025-03-26T22:13:00.657+0530] {logging_mixin.py:190} INFO - [2025-03-26T22:13:00.657+0530] {dag.py:4180} INFO - Setting next_dagrun for example_task_group to None, run_after=None
[2025-03-26T22:13:00.664+0530] {processor.py:208} INFO - Processing /Users/uk/miniforge3/lib/python3.10/site-packages/airflow/example_dags/example_task_group.py took 0.054 seconds
[2025-03-26T22:14:49.682+0530] {processor.py:186} INFO - Started process (PID=7592) to work on /Users/uk/miniforge3/lib/python3.10/site-packages/airflow/example_dags/example_task_group.py
[2025-03-26T22:14:49.683+0530] {processor.py:914} INFO - Processing file /Users/uk/miniforge3/lib/python3.10/site-packages/airflow/example_dags/example_task_group.py for tasks to queue
[2025-03-26T22:14:49.683+0530] {logging_mixin.py:190} INFO - [2025-03-26T22:14:49.683+0530] {dagbag.py:588} INFO - Filling up the DagBag from /Users/uk/miniforge3/lib/python3.10/site-packages/airflow/example_dags/example_task_group.py
[2025-03-26T22:14:49.687+0530] {processor.py:925} INFO - DAG(s) 'example_task_group' retrieved from /Users/uk/miniforge3/lib/python3.10/site-packages/airflow/example_dags/example_task_group.py
[2025-03-26T22:14:49.727+0530] {logging_mixin.py:190} INFO - [2025-03-26T22:14:49.727+0530] {dag.py:3239} INFO - Sync 1 DAGs
[2025-03-26T22:14:49.731+0530] {logging_mixin.py:190} INFO - [2025-03-26T22:14:49.731+0530] {dag.py:4180} INFO - Setting next_dagrun for example_task_group to None, run_after=None
[2025-03-26T22:14:49.738+0530] {processor.py:208} INFO - Processing /Users/uk/miniforge3/lib/python3.10/site-packages/airflow/example_dags/example_task_group.py took 0.057 seconds
[2025-03-26T22:16:10.792+0530] {processor.py:186} INFO - Started process (PID=7769) to work on /Users/uk/miniforge3/lib/python3.10/site-packages/airflow/example_dags/example_task_group.py
[2025-03-26T22:16:10.793+0530] {processor.py:914} INFO - Processing file /Users/uk/miniforge3/lib/python3.10/site-packages/airflow/example_dags/example_task_group.py for tasks to queue
[2025-03-26T22:16:10.793+0530] {logging_mixin.py:190} INFO - [2025-03-26T22:16:10.793+0530] {dagbag.py:588} INFO - Filling up the DagBag from /Users/uk/miniforge3/lib/python3.10/site-packages/airflow/example_dags/example_task_group.py
[2025-03-26T22:16:10.796+0530] {processor.py:925} INFO - DAG(s) 'example_task_group' retrieved from /Users/uk/miniforge3/lib/python3.10/site-packages/airflow/example_dags/example_task_group.py
[2025-03-26T22:16:10.836+0530] {logging_mixin.py:190} INFO - [2025-03-26T22:16:10.835+0530] {dag.py:3239} INFO - Sync 1 DAGs
[2025-03-26T22:16:10.839+0530] {logging_mixin.py:190} INFO - [2025-03-26T22:16:10.839+0530] {dag.py:4180} INFO - Setting next_dagrun for example_task_group to None, run_after=None
[2025-03-26T22:16:10.846+0530] {processor.py:208} INFO - Processing /Users/uk/miniforge3/lib/python3.10/site-packages/airflow/example_dags/example_task_group.py took 0.055 seconds
[2025-03-26T22:17:29.355+0530] {processor.py:186} INFO - Started process (PID=7915) to work on /Users/uk/miniforge3/lib/python3.10/site-packages/airflow/example_dags/example_task_group.py
[2025-03-26T22:17:29.355+0530] {processor.py:914} INFO - Processing file /Users/uk/miniforge3/lib/python3.10/site-packages/airflow/example_dags/example_task_group.py for tasks to queue
[2025-03-26T22:17:29.356+0530] {logging_mixin.py:190} INFO - [2025-03-26T22:17:29.356+0530] {dagbag.py:588} INFO - Filling up the DagBag from /Users/uk/miniforge3/lib/python3.10/site-packages/airflow/example_dags/example_task_group.py
[2025-03-26T22:17:29.359+0530] {processor.py:925} INFO - DAG(s) 'example_task_group' retrieved from /Users/uk/miniforge3/lib/python3.10/site-packages/airflow/example_dags/example_task_group.py
[2025-03-26T22:17:29.398+0530] {logging_mixin.py:190} INFO - [2025-03-26T22:17:29.398+0530] {dag.py:3239} INFO - Sync 1 DAGs
[2025-03-26T22:17:29.402+0530] {logging_mixin.py:190} INFO - [2025-03-26T22:17:29.402+0530] {dag.py:4180} INFO - Setting next_dagrun for example_task_group to None, run_after=None
[2025-03-26T22:17:29.409+0530] {processor.py:208} INFO - Processing /Users/uk/miniforge3/lib/python3.10/site-packages/airflow/example_dags/example_task_group.py took 0.055 seconds
[2025-03-26T22:18:47.910+0530] {processor.py:186} INFO - Started process (PID=8052) to work on /Users/uk/miniforge3/lib/python3.10/site-packages/airflow/example_dags/example_task_group.py
[2025-03-26T22:18:47.910+0530] {processor.py:914} INFO - Processing file /Users/uk/miniforge3/lib/python3.10/site-packages/airflow/example_dags/example_task_group.py for tasks to queue
[2025-03-26T22:18:47.911+0530] {logging_mixin.py:190} INFO - [2025-03-26T22:18:47.911+0530] {dagbag.py:588} INFO - Filling up the DagBag from /Users/uk/miniforge3/lib/python3.10/site-packages/airflow/example_dags/example_task_group.py
[2025-03-26T22:18:47.914+0530] {processor.py:925} INFO - DAG(s) 'example_task_group' retrieved from /Users/uk/miniforge3/lib/python3.10/site-packages/airflow/example_dags/example_task_group.py
[2025-03-26T22:18:47.954+0530] {logging_mixin.py:190} INFO - [2025-03-26T22:18:47.954+0530] {dag.py:3239} INFO - Sync 1 DAGs
[2025-03-26T22:18:47.958+0530] {logging_mixin.py:190} INFO - [2025-03-26T22:18:47.958+0530] {dag.py:4180} INFO - Setting next_dagrun for example_task_group to None, run_after=None
[2025-03-26T22:18:47.965+0530] {processor.py:208} INFO - Processing /Users/uk/miniforge3/lib/python3.10/site-packages/airflow/example_dags/example_task_group.py took 0.056 seconds
[2025-03-26T22:20:05.335+0530] {processor.py:186} INFO - Started process (PID=8179) to work on /Users/uk/miniforge3/lib/python3.10/site-packages/airflow/example_dags/example_task_group.py
[2025-03-26T22:20:05.335+0530] {processor.py:914} INFO - Processing file /Users/uk/miniforge3/lib/python3.10/site-packages/airflow/example_dags/example_task_group.py for tasks to queue
[2025-03-26T22:20:05.336+0530] {logging_mixin.py:190} INFO - [2025-03-26T22:20:05.336+0530] {dagbag.py:588} INFO - Filling up the DagBag from /Users/uk/miniforge3/lib/python3.10/site-packages/airflow/example_dags/example_task_group.py
[2025-03-26T22:20:05.339+0530] {processor.py:925} INFO - DAG(s) 'example_task_group' retrieved from /Users/uk/miniforge3/lib/python3.10/site-packages/airflow/example_dags/example_task_group.py
[2025-03-26T22:20:05.377+0530] {logging_mixin.py:190} INFO - [2025-03-26T22:20:05.377+0530] {dag.py:3239} INFO - Sync 1 DAGs
[2025-03-26T22:20:05.381+0530] {logging_mixin.py:190} INFO - [2025-03-26T22:20:05.381+0530] {dag.py:4180} INFO - Setting next_dagrun for example_task_group to None, run_after=None
[2025-03-26T22:20:05.387+0530] {processor.py:208} INFO - Processing /Users/uk/miniforge3/lib/python3.10/site-packages/airflow/example_dags/example_task_group.py took 0.054 seconds
[2025-03-26T22:21:21.808+0530] {processor.py:186} INFO - Started process (PID=8347) to work on /Users/uk/miniforge3/lib/python3.10/site-packages/airflow/example_dags/example_task_group.py
[2025-03-26T22:21:21.809+0530] {processor.py:914} INFO - Processing file /Users/uk/miniforge3/lib/python3.10/site-packages/airflow/example_dags/example_task_group.py for tasks to queue
[2025-03-26T22:21:21.809+0530] {logging_mixin.py:190} INFO - [2025-03-26T22:21:21.809+0530] {dagbag.py:588} INFO - Filling up the DagBag from /Users/uk/miniforge3/lib/python3.10/site-packages/airflow/example_dags/example_task_group.py
[2025-03-26T22:21:21.813+0530] {processor.py:925} INFO - DAG(s) 'example_task_group' retrieved from /Users/uk/miniforge3/lib/python3.10/site-packages/airflow/example_dags/example_task_group.py
[2025-03-26T22:21:21.855+0530] {logging_mixin.py:190} INFO - [2025-03-26T22:21:21.855+0530] {dag.py:3239} INFO - Sync 1 DAGs
[2025-03-26T22:21:21.859+0530] {logging_mixin.py:190} INFO - [2025-03-26T22:21:21.859+0530] {dag.py:4180} INFO - Setting next_dagrun for example_task_group to None, run_after=None
[2025-03-26T22:21:21.866+0530] {processor.py:208} INFO - Processing /Users/uk/miniforge3/lib/python3.10/site-packages/airflow/example_dags/example_task_group.py took 0.060 seconds
[2025-03-26T22:22:37.234+0530] {processor.py:186} INFO - Started process (PID=8484) to work on /Users/uk/miniforge3/lib/python3.10/site-packages/airflow/example_dags/example_task_group.py
[2025-03-26T22:22:37.234+0530] {processor.py:914} INFO - Processing file /Users/uk/miniforge3/lib/python3.10/site-packages/airflow/example_dags/example_task_group.py for tasks to queue
[2025-03-26T22:22:37.234+0530] {logging_mixin.py:190} INFO - [2025-03-26T22:22:37.234+0530] {dagbag.py:588} INFO - Filling up the DagBag from /Users/uk/miniforge3/lib/python3.10/site-packages/airflow/example_dags/example_task_group.py
[2025-03-26T22:22:37.238+0530] {processor.py:925} INFO - DAG(s) 'example_task_group' retrieved from /Users/uk/miniforge3/lib/python3.10/site-packages/airflow/example_dags/example_task_group.py
[2025-03-26T22:22:37.277+0530] {logging_mixin.py:190} INFO - [2025-03-26T22:22:37.277+0530] {dag.py:3239} INFO - Sync 1 DAGs
[2025-03-26T22:22:37.281+0530] {logging_mixin.py:190} INFO - [2025-03-26T22:22:37.281+0530] {dag.py:4180} INFO - Setting next_dagrun for example_task_group to None, run_after=None
[2025-03-26T22:22:37.287+0530] {processor.py:208} INFO - Processing /Users/uk/miniforge3/lib/python3.10/site-packages/airflow/example_dags/example_task_group.py took 0.055 seconds
[2025-03-26T22:23:51.974+0530] {processor.py:186} INFO - Started process (PID=8619) to work on /Users/uk/miniforge3/lib/python3.10/site-packages/airflow/example_dags/example_task_group.py
[2025-03-26T22:23:51.975+0530] {processor.py:914} INFO - Processing file /Users/uk/miniforge3/lib/python3.10/site-packages/airflow/example_dags/example_task_group.py for tasks to queue
[2025-03-26T22:23:51.975+0530] {logging_mixin.py:190} INFO - [2025-03-26T22:23:51.975+0530] {dagbag.py:588} INFO - Filling up the DagBag from /Users/uk/miniforge3/lib/python3.10/site-packages/airflow/example_dags/example_task_group.py
[2025-03-26T22:23:51.979+0530] {processor.py:925} INFO - DAG(s) 'example_task_group' retrieved from /Users/uk/miniforge3/lib/python3.10/site-packages/airflow/example_dags/example_task_group.py
[2025-03-26T22:23:52.021+0530] {logging_mixin.py:190} INFO - [2025-03-26T22:23:52.020+0530] {dag.py:3239} INFO - Sync 1 DAGs
[2025-03-26T22:23:52.025+0530] {logging_mixin.py:190} INFO - [2025-03-26T22:23:52.024+0530] {dag.py:4180} INFO - Setting next_dagrun for example_task_group to None, run_after=None
[2025-03-26T22:23:52.033+0530] {processor.py:208} INFO - Processing /Users/uk/miniforge3/lib/python3.10/site-packages/airflow/example_dags/example_task_group.py took 0.060 seconds
[2025-03-26T22:25:14.588+0530] {processor.py:186} INFO - Started process (PID=8759) to work on /Users/uk/miniforge3/lib/python3.10/site-packages/airflow/example_dags/example_task_group.py
[2025-03-26T22:25:14.589+0530] {processor.py:914} INFO - Processing file /Users/uk/miniforge3/lib/python3.10/site-packages/airflow/example_dags/example_task_group.py for tasks to queue
[2025-03-26T22:25:14.589+0530] {logging_mixin.py:190} INFO - [2025-03-26T22:25:14.589+0530] {dagbag.py:588} INFO - Filling up the DagBag from /Users/uk/miniforge3/lib/python3.10/site-packages/airflow/example_dags/example_task_group.py
[2025-03-26T22:25:14.593+0530] {processor.py:925} INFO - DAG(s) 'example_task_group' retrieved from /Users/uk/miniforge3/lib/python3.10/site-packages/airflow/example_dags/example_task_group.py
[2025-03-26T22:25:14.634+0530] {logging_mixin.py:190} INFO - [2025-03-26T22:25:14.634+0530] {dag.py:3239} INFO - Sync 1 DAGs
[2025-03-26T22:25:14.638+0530] {logging_mixin.py:190} INFO - [2025-03-26T22:25:14.638+0530] {dag.py:4180} INFO - Setting next_dagrun for example_task_group to None, run_after=None
[2025-03-26T22:25:14.645+0530] {processor.py:208} INFO - Processing /Users/uk/miniforge3/lib/python3.10/site-packages/airflow/example_dags/example_task_group.py took 0.057 seconds
[2025-03-26T22:26:32.659+0530] {processor.py:186} INFO - Started process (PID=8892) to work on /Users/uk/miniforge3/lib/python3.10/site-packages/airflow/example_dags/example_task_group.py
[2025-03-26T22:26:32.660+0530] {processor.py:914} INFO - Processing file /Users/uk/miniforge3/lib/python3.10/site-packages/airflow/example_dags/example_task_group.py for tasks to queue
[2025-03-26T22:26:32.660+0530] {logging_mixin.py:190} INFO - [2025-03-26T22:26:32.660+0530] {dagbag.py:588} INFO - Filling up the DagBag from /Users/uk/miniforge3/lib/python3.10/site-packages/airflow/example_dags/example_task_group.py
[2025-03-26T22:26:32.664+0530] {processor.py:925} INFO - DAG(s) 'example_task_group' retrieved from /Users/uk/miniforge3/lib/python3.10/site-packages/airflow/example_dags/example_task_group.py
[2025-03-26T22:26:32.703+0530] {logging_mixin.py:190} INFO - [2025-03-26T22:26:32.703+0530] {dag.py:3239} INFO - Sync 1 DAGs
[2025-03-26T22:26:32.706+0530] {logging_mixin.py:190} INFO - [2025-03-26T22:26:32.706+0530] {dag.py:4180} INFO - Setting next_dagrun for example_task_group to None, run_after=None
[2025-03-26T22:26:32.713+0530] {processor.py:208} INFO - Processing /Users/uk/miniforge3/lib/python3.10/site-packages/airflow/example_dags/example_task_group.py took 0.055 seconds
[2025-03-26T22:27:50.459+0530] {processor.py:186} INFO - Started process (PID=9036) to work on /Users/uk/miniforge3/lib/python3.10/site-packages/airflow/example_dags/example_task_group.py
[2025-03-26T22:27:50.460+0530] {processor.py:914} INFO - Processing file /Users/uk/miniforge3/lib/python3.10/site-packages/airflow/example_dags/example_task_group.py for tasks to queue
[2025-03-26T22:27:50.460+0530] {logging_mixin.py:190} INFO - [2025-03-26T22:27:50.460+0530] {dagbag.py:588} INFO - Filling up the DagBag from /Users/uk/miniforge3/lib/python3.10/site-packages/airflow/example_dags/example_task_group.py
[2025-03-26T22:27:50.464+0530] {processor.py:925} INFO - DAG(s) 'example_task_group' retrieved from /Users/uk/miniforge3/lib/python3.10/site-packages/airflow/example_dags/example_task_group.py
[2025-03-26T22:27:50.505+0530] {logging_mixin.py:190} INFO - [2025-03-26T22:27:50.505+0530] {dag.py:3239} INFO - Sync 1 DAGs
[2025-03-26T22:27:50.509+0530] {logging_mixin.py:190} INFO - [2025-03-26T22:27:50.509+0530] {dag.py:4180} INFO - Setting next_dagrun for example_task_group to None, run_after=None
[2025-03-26T22:27:50.517+0530] {processor.py:208} INFO - Processing /Users/uk/miniforge3/lib/python3.10/site-packages/airflow/example_dags/example_task_group.py took 0.059 seconds
[2025-03-26T22:29:14.051+0530] {processor.py:186} INFO - Started process (PID=9164) to work on /Users/uk/miniforge3/lib/python3.10/site-packages/airflow/example_dags/example_task_group.py
[2025-03-26T22:29:14.052+0530] {processor.py:914} INFO - Processing file /Users/uk/miniforge3/lib/python3.10/site-packages/airflow/example_dags/example_task_group.py for tasks to queue
[2025-03-26T22:29:14.053+0530] {logging_mixin.py:190} INFO - [2025-03-26T22:29:14.053+0530] {dagbag.py:588} INFO - Filling up the DagBag from /Users/uk/miniforge3/lib/python3.10/site-packages/airflow/example_dags/example_task_group.py
[2025-03-26T22:29:14.056+0530] {processor.py:925} INFO - DAG(s) 'example_task_group' retrieved from /Users/uk/miniforge3/lib/python3.10/site-packages/airflow/example_dags/example_task_group.py
[2025-03-26T22:29:14.096+0530] {logging_mixin.py:190} INFO - [2025-03-26T22:29:14.096+0530] {dag.py:3239} INFO - Sync 1 DAGs
[2025-03-26T22:29:14.100+0530] {logging_mixin.py:190} INFO - [2025-03-26T22:29:14.099+0530] {dag.py:4180} INFO - Setting next_dagrun for example_task_group to None, run_after=None
[2025-03-26T22:29:14.106+0530] {processor.py:208} INFO - Processing /Users/uk/miniforge3/lib/python3.10/site-packages/airflow/example_dags/example_task_group.py took 0.056 seconds
[2025-03-26T22:30:31.926+0530] {processor.py:186} INFO - Started process (PID=9307) to work on /Users/uk/miniforge3/lib/python3.10/site-packages/airflow/example_dags/example_task_group.py
[2025-03-26T22:30:31.927+0530] {processor.py:914} INFO - Processing file /Users/uk/miniforge3/lib/python3.10/site-packages/airflow/example_dags/example_task_group.py for tasks to queue
[2025-03-26T22:30:31.927+0530] {logging_mixin.py:190} INFO - [2025-03-26T22:30:31.927+0530] {dagbag.py:588} INFO - Filling up the DagBag from /Users/uk/miniforge3/lib/python3.10/site-packages/airflow/example_dags/example_task_group.py
[2025-03-26T22:30:31.931+0530] {processor.py:925} INFO - DAG(s) 'example_task_group' retrieved from /Users/uk/miniforge3/lib/python3.10/site-packages/airflow/example_dags/example_task_group.py
[2025-03-26T22:30:31.970+0530] {logging_mixin.py:190} INFO - [2025-03-26T22:30:31.970+0530] {dag.py:3239} INFO - Sync 1 DAGs
[2025-03-26T22:30:31.974+0530] {logging_mixin.py:190} INFO - [2025-03-26T22:30:31.974+0530] {dag.py:4180} INFO - Setting next_dagrun for example_task_group to None, run_after=None
[2025-03-26T22:30:31.980+0530] {processor.py:208} INFO - Processing /Users/uk/miniforge3/lib/python3.10/site-packages/airflow/example_dags/example_task_group.py took 0.056 seconds
[2025-03-26T22:31:41.687+0530] {processor.py:186} INFO - Started process (PID=9436) to work on /Users/uk/miniforge3/lib/python3.10/site-packages/airflow/example_dags/example_task_group.py
[2025-03-26T22:31:41.687+0530] {processor.py:914} INFO - Processing file /Users/uk/miniforge3/lib/python3.10/site-packages/airflow/example_dags/example_task_group.py for tasks to queue
[2025-03-26T22:31:41.688+0530] {logging_mixin.py:190} INFO - [2025-03-26T22:31:41.688+0530] {dagbag.py:588} INFO - Filling up the DagBag from /Users/uk/miniforge3/lib/python3.10/site-packages/airflow/example_dags/example_task_group.py
[2025-03-26T22:31:41.691+0530] {processor.py:925} INFO - DAG(s) 'example_task_group' retrieved from /Users/uk/miniforge3/lib/python3.10/site-packages/airflow/example_dags/example_task_group.py
[2025-03-26T22:31:41.731+0530] {logging_mixin.py:190} INFO - [2025-03-26T22:31:41.731+0530] {dag.py:3239} INFO - Sync 1 DAGs
[2025-03-26T22:31:41.735+0530] {logging_mixin.py:190} INFO - [2025-03-26T22:31:41.735+0530] {dag.py:4180} INFO - Setting next_dagrun for example_task_group to None, run_after=None
[2025-03-26T22:31:41.741+0530] {processor.py:208} INFO - Processing /Users/uk/miniforge3/lib/python3.10/site-packages/airflow/example_dags/example_task_group.py took 0.055 seconds
[2025-03-26T22:32:52.026+0530] {processor.py:186} INFO - Started process (PID=9547) to work on /Users/uk/miniforge3/lib/python3.10/site-packages/airflow/example_dags/example_task_group.py
[2025-03-26T22:32:52.027+0530] {processor.py:914} INFO - Processing file /Users/uk/miniforge3/lib/python3.10/site-packages/airflow/example_dags/example_task_group.py for tasks to queue
[2025-03-26T22:32:52.027+0530] {logging_mixin.py:190} INFO - [2025-03-26T22:32:52.027+0530] {dagbag.py:588} INFO - Filling up the DagBag from /Users/uk/miniforge3/lib/python3.10/site-packages/airflow/example_dags/example_task_group.py
[2025-03-26T22:32:52.031+0530] {processor.py:925} INFO - DAG(s) 'example_task_group' retrieved from /Users/uk/miniforge3/lib/python3.10/site-packages/airflow/example_dags/example_task_group.py
[2025-03-26T22:32:52.070+0530] {logging_mixin.py:190} INFO - [2025-03-26T22:32:52.070+0530] {dag.py:3239} INFO - Sync 1 DAGs
[2025-03-26T22:32:52.074+0530] {logging_mixin.py:190} INFO - [2025-03-26T22:32:52.074+0530] {dag.py:4180} INFO - Setting next_dagrun for example_task_group to None, run_after=None
[2025-03-26T22:32:52.081+0530] {processor.py:208} INFO - Processing /Users/uk/miniforge3/lib/python3.10/site-packages/airflow/example_dags/example_task_group.py took 0.056 seconds
[2025-03-26T22:34:06.308+0530] {processor.py:186} INFO - Started process (PID=9679) to work on /Users/uk/miniforge3/lib/python3.10/site-packages/airflow/example_dags/example_task_group.py
[2025-03-26T22:34:06.309+0530] {processor.py:914} INFO - Processing file /Users/uk/miniforge3/lib/python3.10/site-packages/airflow/example_dags/example_task_group.py for tasks to queue
[2025-03-26T22:34:06.309+0530] {logging_mixin.py:190} INFO - [2025-03-26T22:34:06.309+0530] {dagbag.py:588} INFO - Filling up the DagBag from /Users/uk/miniforge3/lib/python3.10/site-packages/airflow/example_dags/example_task_group.py
[2025-03-26T22:34:06.313+0530] {processor.py:925} INFO - DAG(s) 'example_task_group' retrieved from /Users/uk/miniforge3/lib/python3.10/site-packages/airflow/example_dags/example_task_group.py
[2025-03-26T22:34:06.351+0530] {logging_mixin.py:190} INFO - [2025-03-26T22:34:06.351+0530] {dag.py:3239} INFO - Sync 1 DAGs
[2025-03-26T22:34:06.355+0530] {logging_mixin.py:190} INFO - [2025-03-26T22:34:06.355+0530] {dag.py:4180} INFO - Setting next_dagrun for example_task_group to None, run_after=None
[2025-03-26T22:34:06.362+0530] {processor.py:208} INFO - Processing /Users/uk/miniforge3/lib/python3.10/site-packages/airflow/example_dags/example_task_group.py took 0.055 seconds
[2025-03-26T22:35:28.501+0530] {processor.py:186} INFO - Started process (PID=9878) to work on /Users/uk/miniforge3/lib/python3.10/site-packages/airflow/example_dags/example_task_group.py
[2025-03-26T22:35:28.503+0530] {processor.py:914} INFO - Processing file /Users/uk/miniforge3/lib/python3.10/site-packages/airflow/example_dags/example_task_group.py for tasks to queue
[2025-03-26T22:35:28.504+0530] {logging_mixin.py:190} INFO - [2025-03-26T22:35:28.504+0530] {dagbag.py:588} INFO - Filling up the DagBag from /Users/uk/miniforge3/lib/python3.10/site-packages/airflow/example_dags/example_task_group.py
[2025-03-26T22:35:28.509+0530] {processor.py:925} INFO - DAG(s) 'example_task_group' retrieved from /Users/uk/miniforge3/lib/python3.10/site-packages/airflow/example_dags/example_task_group.py
[2025-03-26T22:35:28.553+0530] {logging_mixin.py:190} INFO - [2025-03-26T22:35:28.553+0530] {dag.py:3239} INFO - Sync 1 DAGs
[2025-03-26T22:35:28.558+0530] {logging_mixin.py:190} INFO - [2025-03-26T22:35:28.558+0530] {dag.py:4180} INFO - Setting next_dagrun for example_task_group to None, run_after=None
[2025-03-26T22:35:28.565+0530] {processor.py:208} INFO - Processing /Users/uk/miniforge3/lib/python3.10/site-packages/airflow/example_dags/example_task_group.py took 0.066 seconds
[2025-03-26T22:36:47.184+0530] {processor.py:186} INFO - Started process (PID=10021) to work on /Users/uk/miniforge3/lib/python3.10/site-packages/airflow/example_dags/example_task_group.py
[2025-03-26T22:36:47.184+0530] {processor.py:914} INFO - Processing file /Users/uk/miniforge3/lib/python3.10/site-packages/airflow/example_dags/example_task_group.py for tasks to queue
[2025-03-26T22:36:47.185+0530] {logging_mixin.py:190} INFO - [2025-03-26T22:36:47.185+0530] {dagbag.py:588} INFO - Filling up the DagBag from /Users/uk/miniforge3/lib/python3.10/site-packages/airflow/example_dags/example_task_group.py
[2025-03-26T22:36:47.188+0530] {processor.py:925} INFO - DAG(s) 'example_task_group' retrieved from /Users/uk/miniforge3/lib/python3.10/site-packages/airflow/example_dags/example_task_group.py
[2025-03-26T22:36:47.227+0530] {logging_mixin.py:190} INFO - [2025-03-26T22:36:47.227+0530] {dag.py:3239} INFO - Sync 1 DAGs
[2025-03-26T22:36:47.231+0530] {logging_mixin.py:190} INFO - [2025-03-26T22:36:47.231+0530] {dag.py:4180} INFO - Setting next_dagrun for example_task_group to None, run_after=None
[2025-03-26T22:36:47.238+0530] {processor.py:208} INFO - Processing /Users/uk/miniforge3/lib/python3.10/site-packages/airflow/example_dags/example_task_group.py took 0.055 seconds
[2025-03-26T22:38:09.448+0530] {processor.py:186} INFO - Started process (PID=10164) to work on /Users/uk/miniforge3/lib/python3.10/site-packages/airflow/example_dags/example_task_group.py
[2025-03-26T22:38:09.449+0530] {processor.py:914} INFO - Processing file /Users/uk/miniforge3/lib/python3.10/site-packages/airflow/example_dags/example_task_group.py for tasks to queue
[2025-03-26T22:38:09.449+0530] {logging_mixin.py:190} INFO - [2025-03-26T22:38:09.449+0530] {dagbag.py:588} INFO - Filling up the DagBag from /Users/uk/miniforge3/lib/python3.10/site-packages/airflow/example_dags/example_task_group.py
[2025-03-26T22:38:09.455+0530] {processor.py:925} INFO - DAG(s) 'example_task_group' retrieved from /Users/uk/miniforge3/lib/python3.10/site-packages/airflow/example_dags/example_task_group.py
[2025-03-26T22:38:09.499+0530] {logging_mixin.py:190} INFO - [2025-03-26T22:38:09.498+0530] {dag.py:3239} INFO - Sync 1 DAGs
[2025-03-26T22:38:09.503+0530] {logging_mixin.py:190} INFO - [2025-03-26T22:38:09.503+0530] {dag.py:4180} INFO - Setting next_dagrun for example_task_group to None, run_after=None
[2025-03-26T22:38:09.513+0530] {processor.py:208} INFO - Processing /Users/uk/miniforge3/lib/python3.10/site-packages/airflow/example_dags/example_task_group.py took 0.066 seconds
[2025-03-26T22:39:25.914+0530] {processor.py:186} INFO - Started process (PID=10546) to work on /Users/uk/miniforge3/lib/python3.10/site-packages/airflow/example_dags/example_task_group.py
[2025-03-26T22:39:25.915+0530] {processor.py:914} INFO - Processing file /Users/uk/miniforge3/lib/python3.10/site-packages/airflow/example_dags/example_task_group.py for tasks to queue
[2025-03-26T22:39:25.915+0530] {logging_mixin.py:190} INFO - [2025-03-26T22:39:25.915+0530] {dagbag.py:588} INFO - Filling up the DagBag from /Users/uk/miniforge3/lib/python3.10/site-packages/airflow/example_dags/example_task_group.py
[2025-03-26T22:39:25.919+0530] {processor.py:925} INFO - DAG(s) 'example_task_group' retrieved from /Users/uk/miniforge3/lib/python3.10/site-packages/airflow/example_dags/example_task_group.py
[2025-03-26T22:39:25.958+0530] {logging_mixin.py:190} INFO - [2025-03-26T22:39:25.958+0530] {dag.py:3239} INFO - Sync 1 DAGs
[2025-03-26T22:39:25.961+0530] {logging_mixin.py:190} INFO - [2025-03-26T22:39:25.961+0530] {dag.py:4180} INFO - Setting next_dagrun for example_task_group to None, run_after=None
[2025-03-26T22:39:25.968+0530] {processor.py:208} INFO - Processing /Users/uk/miniforge3/lib/python3.10/site-packages/airflow/example_dags/example_task_group.py took 0.055 seconds
[2025-03-26T22:40:41.165+0530] {processor.py:186} INFO - Started process (PID=10733) to work on /Users/uk/miniforge3/lib/python3.10/site-packages/airflow/example_dags/example_task_group.py
[2025-03-26T22:40:41.166+0530] {processor.py:914} INFO - Processing file /Users/uk/miniforge3/lib/python3.10/site-packages/airflow/example_dags/example_task_group.py for tasks to queue
[2025-03-26T22:40:41.167+0530] {logging_mixin.py:190} INFO - [2025-03-26T22:40:41.167+0530] {dagbag.py:588} INFO - Filling up the DagBag from /Users/uk/miniforge3/lib/python3.10/site-packages/airflow/example_dags/example_task_group.py
[2025-03-26T22:40:41.171+0530] {processor.py:925} INFO - DAG(s) 'example_task_group' retrieved from /Users/uk/miniforge3/lib/python3.10/site-packages/airflow/example_dags/example_task_group.py
[2025-03-26T22:40:41.213+0530] {logging_mixin.py:190} INFO - [2025-03-26T22:40:41.213+0530] {dag.py:3239} INFO - Sync 1 DAGs
[2025-03-26T22:40:41.217+0530] {logging_mixin.py:190} INFO - [2025-03-26T22:40:41.217+0530] {dag.py:4180} INFO - Setting next_dagrun for example_task_group to None, run_after=None
[2025-03-26T22:40:41.225+0530] {processor.py:208} INFO - Processing /Users/uk/miniforge3/lib/python3.10/site-packages/airflow/example_dags/example_task_group.py took 0.061 seconds
[2025-03-26T22:42:02.147+0530] {processor.py:186} INFO - Started process (PID=10899) to work on /Users/uk/miniforge3/lib/python3.10/site-packages/airflow/example_dags/example_task_group.py
[2025-03-26T22:42:02.148+0530] {processor.py:914} INFO - Processing file /Users/uk/miniforge3/lib/python3.10/site-packages/airflow/example_dags/example_task_group.py for tasks to queue
[2025-03-26T22:42:02.149+0530] {logging_mixin.py:190} INFO - [2025-03-26T22:42:02.148+0530] {dagbag.py:588} INFO - Filling up the DagBag from /Users/uk/miniforge3/lib/python3.10/site-packages/airflow/example_dags/example_task_group.py
[2025-03-26T22:42:02.153+0530] {processor.py:925} INFO - DAG(s) 'example_task_group' retrieved from /Users/uk/miniforge3/lib/python3.10/site-packages/airflow/example_dags/example_task_group.py
[2025-03-26T22:42:02.200+0530] {logging_mixin.py:190} INFO - [2025-03-26T22:42:02.200+0530] {dag.py:3239} INFO - Sync 1 DAGs
[2025-03-26T22:42:02.206+0530] {logging_mixin.py:190} INFO - [2025-03-26T22:42:02.206+0530] {dag.py:4180} INFO - Setting next_dagrun for example_task_group to None, run_after=None
[2025-03-26T22:42:02.213+0530] {processor.py:208} INFO - Processing /Users/uk/miniforge3/lib/python3.10/site-packages/airflow/example_dags/example_task_group.py took 0.067 seconds
[2025-03-26T22:43:23.614+0530] {processor.py:186} INFO - Started process (PID=11054) to work on /Users/uk/miniforge3/lib/python3.10/site-packages/airflow/example_dags/example_task_group.py
[2025-03-26T22:43:23.615+0530] {processor.py:914} INFO - Processing file /Users/uk/miniforge3/lib/python3.10/site-packages/airflow/example_dags/example_task_group.py for tasks to queue
[2025-03-26T22:43:23.615+0530] {logging_mixin.py:190} INFO - [2025-03-26T22:43:23.615+0530] {dagbag.py:588} INFO - Filling up the DagBag from /Users/uk/miniforge3/lib/python3.10/site-packages/airflow/example_dags/example_task_group.py
[2025-03-26T22:43:23.619+0530] {processor.py:925} INFO - DAG(s) 'example_task_group' retrieved from /Users/uk/miniforge3/lib/python3.10/site-packages/airflow/example_dags/example_task_group.py
[2025-03-26T22:43:23.659+0530] {logging_mixin.py:190} INFO - [2025-03-26T22:43:23.658+0530] {dag.py:3239} INFO - Sync 1 DAGs
[2025-03-26T22:43:23.663+0530] {logging_mixin.py:190} INFO - [2025-03-26T22:43:23.663+0530] {dag.py:4180} INFO - Setting next_dagrun for example_task_group to None, run_after=None
[2025-03-26T22:43:23.670+0530] {processor.py:208} INFO - Processing /Users/uk/miniforge3/lib/python3.10/site-packages/airflow/example_dags/example_task_group.py took 0.057 seconds
[2025-03-26T22:44:37.225+0530] {processor.py:186} INFO - Started process (PID=11165) to work on /Users/uk/miniforge3/lib/python3.10/site-packages/airflow/example_dags/example_task_group.py
[2025-03-26T22:44:37.226+0530] {processor.py:914} INFO - Processing file /Users/uk/miniforge3/lib/python3.10/site-packages/airflow/example_dags/example_task_group.py for tasks to queue
[2025-03-26T22:44:37.227+0530] {logging_mixin.py:190} INFO - [2025-03-26T22:44:37.227+0530] {dagbag.py:588} INFO - Filling up the DagBag from /Users/uk/miniforge3/lib/python3.10/site-packages/airflow/example_dags/example_task_group.py
[2025-03-26T22:44:37.230+0530] {processor.py:925} INFO - DAG(s) 'example_task_group' retrieved from /Users/uk/miniforge3/lib/python3.10/site-packages/airflow/example_dags/example_task_group.py
[2025-03-26T22:44:37.269+0530] {logging_mixin.py:190} INFO - [2025-03-26T22:44:37.269+0530] {dag.py:3239} INFO - Sync 1 DAGs
[2025-03-26T22:44:37.273+0530] {logging_mixin.py:190} INFO - [2025-03-26T22:44:37.273+0530] {dag.py:4180} INFO - Setting next_dagrun for example_task_group to None, run_after=None
[2025-03-26T22:44:37.280+0530] {processor.py:208} INFO - Processing /Users/uk/miniforge3/lib/python3.10/site-packages/airflow/example_dags/example_task_group.py took 0.056 seconds
[2025-03-26T22:45:52.020+0530] {processor.py:186} INFO - Started process (PID=11285) to work on /Users/uk/miniforge3/lib/python3.10/site-packages/airflow/example_dags/example_task_group.py
[2025-03-26T22:45:52.021+0530] {processor.py:914} INFO - Processing file /Users/uk/miniforge3/lib/python3.10/site-packages/airflow/example_dags/example_task_group.py for tasks to queue
[2025-03-26T22:45:52.021+0530] {logging_mixin.py:190} INFO - [2025-03-26T22:45:52.021+0530] {dagbag.py:588} INFO - Filling up the DagBag from /Users/uk/miniforge3/lib/python3.10/site-packages/airflow/example_dags/example_task_group.py
[2025-03-26T22:45:52.025+0530] {processor.py:925} INFO - DAG(s) 'example_task_group' retrieved from /Users/uk/miniforge3/lib/python3.10/site-packages/airflow/example_dags/example_task_group.py
[2025-03-26T22:45:52.064+0530] {logging_mixin.py:190} INFO - [2025-03-26T22:45:52.064+0530] {dag.py:3239} INFO - Sync 1 DAGs
[2025-03-26T22:45:52.068+0530] {logging_mixin.py:190} INFO - [2025-03-26T22:45:52.068+0530] {dag.py:4180} INFO - Setting next_dagrun for example_task_group to None, run_after=None
[2025-03-26T22:45:52.074+0530] {processor.py:208} INFO - Processing /Users/uk/miniforge3/lib/python3.10/site-packages/airflow/example_dags/example_task_group.py took 0.055 seconds
[2025-03-26T22:47:09.005+0530] {processor.py:186} INFO - Started process (PID=11420) to work on /Users/uk/miniforge3/lib/python3.10/site-packages/airflow/example_dags/example_task_group.py
[2025-03-26T22:47:09.005+0530] {processor.py:914} INFO - Processing file /Users/uk/miniforge3/lib/python3.10/site-packages/airflow/example_dags/example_task_group.py for tasks to queue
[2025-03-26T22:47:09.006+0530] {logging_mixin.py:190} INFO - [2025-03-26T22:47:09.006+0530] {dagbag.py:588} INFO - Filling up the DagBag from /Users/uk/miniforge3/lib/python3.10/site-packages/airflow/example_dags/example_task_group.py
[2025-03-26T22:47:09.009+0530] {processor.py:925} INFO - DAG(s) 'example_task_group' retrieved from /Users/uk/miniforge3/lib/python3.10/site-packages/airflow/example_dags/example_task_group.py
[2025-03-26T22:47:09.048+0530] {logging_mixin.py:190} INFO - [2025-03-26T22:47:09.048+0530] {dag.py:3239} INFO - Sync 1 DAGs
[2025-03-26T22:47:09.052+0530] {logging_mixin.py:190} INFO - [2025-03-26T22:47:09.052+0530] {dag.py:4180} INFO - Setting next_dagrun for example_task_group to None, run_after=None
[2025-03-26T22:47:09.058+0530] {processor.py:208} INFO - Processing /Users/uk/miniforge3/lib/python3.10/site-packages/airflow/example_dags/example_task_group.py took 0.055 seconds
[2025-03-26T22:48:24.556+0530] {processor.py:186} INFO - Started process (PID=11564) to work on /Users/uk/miniforge3/lib/python3.10/site-packages/airflow/example_dags/example_task_group.py
[2025-03-26T22:48:24.557+0530] {processor.py:914} INFO - Processing file /Users/uk/miniforge3/lib/python3.10/site-packages/airflow/example_dags/example_task_group.py for tasks to queue
[2025-03-26T22:48:24.557+0530] {logging_mixin.py:190} INFO - [2025-03-26T22:48:24.557+0530] {dagbag.py:588} INFO - Filling up the DagBag from /Users/uk/miniforge3/lib/python3.10/site-packages/airflow/example_dags/example_task_group.py
[2025-03-26T22:48:24.561+0530] {processor.py:925} INFO - DAG(s) 'example_task_group' retrieved from /Users/uk/miniforge3/lib/python3.10/site-packages/airflow/example_dags/example_task_group.py
[2025-03-26T22:48:24.601+0530] {logging_mixin.py:190} INFO - [2025-03-26T22:48:24.601+0530] {dag.py:3239} INFO - Sync 1 DAGs
[2025-03-26T22:48:24.606+0530] {logging_mixin.py:190} INFO - [2025-03-26T22:48:24.606+0530] {dag.py:4180} INFO - Setting next_dagrun for example_task_group to None, run_after=None
[2025-03-26T22:48:24.612+0530] {processor.py:208} INFO - Processing /Users/uk/miniforge3/lib/python3.10/site-packages/airflow/example_dags/example_task_group.py took 0.057 seconds
[2025-03-26T22:49:35.298+0530] {processor.py:186} INFO - Started process (PID=11687) to work on /Users/uk/miniforge3/lib/python3.10/site-packages/airflow/example_dags/example_task_group.py
[2025-03-26T22:49:35.299+0530] {processor.py:914} INFO - Processing file /Users/uk/miniforge3/lib/python3.10/site-packages/airflow/example_dags/example_task_group.py for tasks to queue
[2025-03-26T22:49:35.299+0530] {logging_mixin.py:190} INFO - [2025-03-26T22:49:35.299+0530] {dagbag.py:588} INFO - Filling up the DagBag from /Users/uk/miniforge3/lib/python3.10/site-packages/airflow/example_dags/example_task_group.py
[2025-03-26T22:49:35.303+0530] {processor.py:925} INFO - DAG(s) 'example_task_group' retrieved from /Users/uk/miniforge3/lib/python3.10/site-packages/airflow/example_dags/example_task_group.py
[2025-03-26T22:49:35.344+0530] {logging_mixin.py:190} INFO - [2025-03-26T22:49:35.344+0530] {dag.py:3239} INFO - Sync 1 DAGs
[2025-03-26T22:49:35.348+0530] {logging_mixin.py:190} INFO - [2025-03-26T22:49:35.348+0530] {dag.py:4180} INFO - Setting next_dagrun for example_task_group to None, run_after=None
[2025-03-26T22:49:35.357+0530] {processor.py:208} INFO - Processing /Users/uk/miniforge3/lib/python3.10/site-packages/airflow/example_dags/example_task_group.py took 0.060 seconds
[2025-03-26T22:50:52.636+0530] {processor.py:186} INFO - Started process (PID=12168) to work on /Users/uk/miniforge3/lib/python3.10/site-packages/airflow/example_dags/example_task_group.py
[2025-03-26T22:50:52.637+0530] {processor.py:914} INFO - Processing file /Users/uk/miniforge3/lib/python3.10/site-packages/airflow/example_dags/example_task_group.py for tasks to queue
[2025-03-26T22:50:52.637+0530] {logging_mixin.py:190} INFO - [2025-03-26T22:50:52.637+0530] {dagbag.py:588} INFO - Filling up the DagBag from /Users/uk/miniforge3/lib/python3.10/site-packages/airflow/example_dags/example_task_group.py
[2025-03-26T22:50:52.641+0530] {processor.py:925} INFO - DAG(s) 'example_task_group' retrieved from /Users/uk/miniforge3/lib/python3.10/site-packages/airflow/example_dags/example_task_group.py
[2025-03-26T22:50:52.681+0530] {logging_mixin.py:190} INFO - [2025-03-26T22:50:52.681+0530] {dag.py:3239} INFO - Sync 1 DAGs
[2025-03-26T22:50:52.685+0530] {logging_mixin.py:190} INFO - [2025-03-26T22:50:52.685+0530] {dag.py:4180} INFO - Setting next_dagrun for example_task_group to None, run_after=None
[2025-03-26T22:50:52.692+0530] {processor.py:208} INFO - Processing /Users/uk/miniforge3/lib/python3.10/site-packages/airflow/example_dags/example_task_group.py took 0.056 seconds
[2025-03-27T00:33:36.535+0530] {processor.py:186} INFO - Started process (PID=12479) to work on /Users/uk/miniforge3/lib/python3.10/site-packages/airflow/example_dags/example_task_group.py
[2025-03-27T00:33:36.535+0530] {processor.py:914} INFO - Processing file /Users/uk/miniforge3/lib/python3.10/site-packages/airflow/example_dags/example_task_group.py for tasks to queue
[2025-03-27T00:33:36.536+0530] {logging_mixin.py:190} INFO - [2025-03-27T00:33:36.536+0530] {dagbag.py:588} INFO - Filling up the DagBag from /Users/uk/miniforge3/lib/python3.10/site-packages/airflow/example_dags/example_task_group.py
[2025-03-27T00:33:36.540+0530] {processor.py:925} INFO - DAG(s) 'example_task_group' retrieved from /Users/uk/miniforge3/lib/python3.10/site-packages/airflow/example_dags/example_task_group.py
[2025-03-27T00:50:09.477+0530] {logging_mixin.py:190} INFO - [2025-03-27T00:50:09.476+0530] {dag.py:3239} INFO - Sync 1 DAGs
[2025-03-27T00:50:09.484+0530] {logging_mixin.py:190} INFO - [2025-03-27T00:50:09.484+0530] {dag.py:4180} INFO - Setting next_dagrun for example_task_group to None, run_after=None
[2025-03-27T00:50:09.495+0530] {processor.py:208} INFO - Processing /Users/uk/miniforge3/lib/python3.10/site-packages/airflow/example_dags/example_task_group.py took 0.208 seconds
