[2025-03-26T22:09:04.938+0530] {processor.py:186} INFO - Started process (PID=6646) to work on /Users/uk/miniforge3/lib/python3.10/site-packages/airflow/example_dags/example_latest_only_with_trigger.py
[2025-03-26T22:09:04.938+0530] {processor.py:914} INFO - Processing file /Users/uk/miniforge3/lib/python3.10/site-packages/airflow/example_dags/example_latest_only_with_trigger.py for tasks to queue
[2025-03-26T22:09:04.939+0530] {logging_mixin.py:190} INFO - [2025-03-26T22:09:04.939+0530] {dagbag.py:588} INFO - Filling up the DagBag from /Users/uk/miniforge3/lib/python3.10/site-packages/airflow/example_dags/example_latest_only_with_trigger.py
[2025-03-26T22:09:04.942+0530] {processor.py:925} INFO - DAG(s) 'latest_only_with_trigger' retrieved from /Users/uk/miniforge3/lib/python3.10/site-packages/airflow/example_dags/example_latest_only_with_trigger.py
[2025-03-26T22:09:04.980+0530] {logging_mixin.py:190} INFO - [2025-03-26T22:09:04.980+0530] {dag.py:3239} INFO - Sync 1 DAGs
[2025-03-26T22:09:04.987+0530] {logging_mixin.py:190} INFO - [2025-03-26T22:09:04.987+0530] {dag.py:4180} INFO - Setting next_dagrun for latest_only_with_trigger to 2025-03-26 12:00:00+00:00, run_after=2025-03-26 16:00:00+00:00
[2025-03-26T22:09:04.993+0530] {processor.py:208} INFO - Processing /Users/uk/miniforge3/lib/python3.10/site-packages/airflow/example_dags/example_latest_only_with_trigger.py took 0.057 seconds
[2025-03-26T22:10:49.336+0530] {processor.py:186} INFO - Started process (PID=6828) to work on /Users/uk/miniforge3/lib/python3.10/site-packages/airflow/example_dags/example_latest_only_with_trigger.py
[2025-03-26T22:10:49.337+0530] {processor.py:914} INFO - Processing file /Users/uk/miniforge3/lib/python3.10/site-packages/airflow/example_dags/example_latest_only_with_trigger.py for tasks to queue
[2025-03-26T22:10:49.338+0530] {logging_mixin.py:190} INFO - [2025-03-26T22:10:49.338+0530] {dagbag.py:588} INFO - Filling up the DagBag from /Users/uk/miniforge3/lib/python3.10/site-packages/airflow/example_dags/example_latest_only_with_trigger.py
[2025-03-26T22:10:49.341+0530] {processor.py:925} INFO - DAG(s) 'latest_only_with_trigger' retrieved from /Users/uk/miniforge3/lib/python3.10/site-packages/airflow/example_dags/example_latest_only_with_trigger.py
[2025-03-26T22:10:49.380+0530] {logging_mixin.py:190} INFO - [2025-03-26T22:10:49.380+0530] {dag.py:3239} INFO - Sync 1 DAGs
[2025-03-26T22:10:49.387+0530] {logging_mixin.py:190} INFO - [2025-03-26T22:10:49.387+0530] {dag.py:4180} INFO - Setting next_dagrun for latest_only_with_trigger to 2025-03-26 12:00:00+00:00, run_after=2025-03-26 16:00:00+00:00
[2025-03-26T22:10:49.393+0530] {processor.py:208} INFO - Processing /Users/uk/miniforge3/lib/python3.10/site-packages/airflow/example_dags/example_latest_only_with_trigger.py took 0.058 seconds
[2025-03-26T22:13:34.523+0530] {processor.py:186} INFO - Started process (PID=7140) to work on /Users/uk/miniforge3/lib/python3.10/site-packages/airflow/example_dags/example_latest_only_with_trigger.py
[2025-03-26T22:13:34.523+0530] {processor.py:914} INFO - Processing file /Users/uk/miniforge3/lib/python3.10/site-packages/airflow/example_dags/example_latest_only_with_trigger.py for tasks to queue
[2025-03-26T22:13:34.524+0530] {logging_mixin.py:190} INFO - [2025-03-26T22:13:34.524+0530] {dagbag.py:588} INFO - Filling up the DagBag from /Users/uk/miniforge3/lib/python3.10/site-packages/airflow/example_dags/example_latest_only_with_trigger.py
[2025-03-26T22:13:34.530+0530] {processor.py:925} INFO - DAG(s) 'latest_only_with_trigger' retrieved from /Users/uk/miniforge3/lib/python3.10/site-packages/airflow/example_dags/example_latest_only_with_trigger.py
[2025-03-26T22:13:34.573+0530] {logging_mixin.py:190} INFO - [2025-03-26T22:13:34.572+0530] {dag.py:3239} INFO - Sync 1 DAGs
[2025-03-26T22:13:34.580+0530] {logging_mixin.py:190} INFO - [2025-03-26T22:13:34.580+0530] {dag.py:4180} INFO - Setting next_dagrun for latest_only_with_trigger to 2025-03-26 12:00:00+00:00, run_after=2025-03-26 16:00:00+00:00
[2025-03-26T22:13:34.589+0530] {processor.py:208} INFO - Processing /Users/uk/miniforge3/lib/python3.10/site-packages/airflow/example_dags/example_latest_only_with_trigger.py took 0.067 seconds
[2025-03-26T22:15:28.889+0530] {processor.py:186} INFO - Started process (PID=7675) to work on /Users/uk/miniforge3/lib/python3.10/site-packages/airflow/example_dags/example_latest_only_with_trigger.py
[2025-03-26T22:15:28.890+0530] {processor.py:914} INFO - Processing file /Users/uk/miniforge3/lib/python3.10/site-packages/airflow/example_dags/example_latest_only_with_trigger.py for tasks to queue
[2025-03-26T22:15:28.890+0530] {logging_mixin.py:190} INFO - [2025-03-26T22:15:28.890+0530] {dagbag.py:588} INFO - Filling up the DagBag from /Users/uk/miniforge3/lib/python3.10/site-packages/airflow/example_dags/example_latest_only_with_trigger.py
[2025-03-26T22:15:28.893+0530] {processor.py:925} INFO - DAG(s) 'latest_only_with_trigger' retrieved from /Users/uk/miniforge3/lib/python3.10/site-packages/airflow/example_dags/example_latest_only_with_trigger.py
[2025-03-26T22:15:28.932+0530] {logging_mixin.py:190} INFO - [2025-03-26T22:15:28.931+0530] {dag.py:3239} INFO - Sync 1 DAGs
[2025-03-26T22:15:28.939+0530] {logging_mixin.py:190} INFO - [2025-03-26T22:15:28.939+0530] {dag.py:4180} INFO - Setting next_dagrun for latest_only_with_trigger to 2025-03-26 12:00:00+00:00, run_after=2025-03-26 16:00:00+00:00
[2025-03-26T22:15:28.945+0530] {processor.py:208} INFO - Processing /Users/uk/miniforge3/lib/python3.10/site-packages/airflow/example_dags/example_latest_only_with_trigger.py took 0.057 seconds
[2025-03-26T22:18:02.733+0530] {processor.py:186} INFO - Started process (PID=7967) to work on /Users/uk/miniforge3/lib/python3.10/site-packages/airflow/example_dags/example_latest_only_with_trigger.py
[2025-03-26T22:18:02.734+0530] {processor.py:914} INFO - Processing file /Users/uk/miniforge3/lib/python3.10/site-packages/airflow/example_dags/example_latest_only_with_trigger.py for tasks to queue
[2025-03-26T22:18:02.735+0530] {logging_mixin.py:190} INFO - [2025-03-26T22:18:02.734+0530] {dagbag.py:588} INFO - Filling up the DagBag from /Users/uk/miniforge3/lib/python3.10/site-packages/airflow/example_dags/example_latest_only_with_trigger.py
[2025-03-26T22:18:02.738+0530] {processor.py:925} INFO - DAG(s) 'latest_only_with_trigger' retrieved from /Users/uk/miniforge3/lib/python3.10/site-packages/airflow/example_dags/example_latest_only_with_trigger.py
[2025-03-26T22:18:02.780+0530] {logging_mixin.py:190} INFO - [2025-03-26T22:18:02.780+0530] {dag.py:3239} INFO - Sync 1 DAGs
[2025-03-26T22:18:02.787+0530] {logging_mixin.py:190} INFO - [2025-03-26T22:18:02.787+0530] {dag.py:4180} INFO - Setting next_dagrun for latest_only_with_trigger to 2025-03-26 12:00:00+00:00, run_after=2025-03-26 16:00:00+00:00
[2025-03-26T22:18:02.794+0530] {processor.py:208} INFO - Processing /Users/uk/miniforge3/lib/python3.10/site-packages/airflow/example_dags/example_latest_only_with_trigger.py took 0.061 seconds
[2025-03-26T22:20:37.326+0530] {processor.py:186} INFO - Started process (PID=8239) to work on /Users/uk/miniforge3/lib/python3.10/site-packages/airflow/example_dags/example_latest_only_with_trigger.py
[2025-03-26T22:20:37.327+0530] {processor.py:914} INFO - Processing file /Users/uk/miniforge3/lib/python3.10/site-packages/airflow/example_dags/example_latest_only_with_trigger.py for tasks to queue
[2025-03-26T22:20:37.327+0530] {logging_mixin.py:190} INFO - [2025-03-26T22:20:37.327+0530] {dagbag.py:588} INFO - Filling up the DagBag from /Users/uk/miniforge3/lib/python3.10/site-packages/airflow/example_dags/example_latest_only_with_trigger.py
[2025-03-26T22:20:37.330+0530] {processor.py:925} INFO - DAG(s) 'latest_only_with_trigger' retrieved from /Users/uk/miniforge3/lib/python3.10/site-packages/airflow/example_dags/example_latest_only_with_trigger.py
[2025-03-26T22:20:37.369+0530] {logging_mixin.py:190} INFO - [2025-03-26T22:20:37.369+0530] {dag.py:3239} INFO - Sync 1 DAGs
[2025-03-26T22:20:37.376+0530] {logging_mixin.py:190} INFO - [2025-03-26T22:20:37.375+0530] {dag.py:4180} INFO - Setting next_dagrun for latest_only_with_trigger to 2025-03-26 12:00:00+00:00, run_after=2025-03-26 16:00:00+00:00
[2025-03-26T22:20:37.382+0530] {processor.py:208} INFO - Processing /Users/uk/miniforge3/lib/python3.10/site-packages/airflow/example_dags/example_latest_only_with_trigger.py took 0.057 seconds
[2025-03-26T22:23:08.131+0530] {processor.py:186} INFO - Started process (PID=8534) to work on /Users/uk/miniforge3/lib/python3.10/site-packages/airflow/example_dags/example_latest_only_with_trigger.py
[2025-03-26T22:23:08.132+0530] {processor.py:914} INFO - Processing file /Users/uk/miniforge3/lib/python3.10/site-packages/airflow/example_dags/example_latest_only_with_trigger.py for tasks to queue
[2025-03-26T22:23:08.132+0530] {logging_mixin.py:190} INFO - [2025-03-26T22:23:08.132+0530] {dagbag.py:588} INFO - Filling up the DagBag from /Users/uk/miniforge3/lib/python3.10/site-packages/airflow/example_dags/example_latest_only_with_trigger.py
[2025-03-26T22:23:08.136+0530] {processor.py:925} INFO - DAG(s) 'latest_only_with_trigger' retrieved from /Users/uk/miniforge3/lib/python3.10/site-packages/airflow/example_dags/example_latest_only_with_trigger.py
[2025-03-26T22:23:08.179+0530] {logging_mixin.py:190} INFO - [2025-03-26T22:23:08.178+0530] {dag.py:3239} INFO - Sync 1 DAGs
[2025-03-26T22:23:08.187+0530] {logging_mixin.py:190} INFO - [2025-03-26T22:23:08.187+0530] {dag.py:4180} INFO - Setting next_dagrun for latest_only_with_trigger to 2025-03-26 12:00:00+00:00, run_after=2025-03-26 16:00:00+00:00
[2025-03-26T22:23:08.194+0530] {processor.py:208} INFO - Processing /Users/uk/miniforge3/lib/python3.10/site-packages/airflow/example_dags/example_latest_only_with_trigger.py took 0.065 seconds
[2025-03-26T22:25:48.670+0530] {processor.py:186} INFO - Started process (PID=8827) to work on /Users/uk/miniforge3/lib/python3.10/site-packages/airflow/example_dags/example_latest_only_with_trigger.py
[2025-03-26T22:25:48.671+0530] {processor.py:914} INFO - Processing file /Users/uk/miniforge3/lib/python3.10/site-packages/airflow/example_dags/example_latest_only_with_trigger.py for tasks to queue
[2025-03-26T22:25:48.671+0530] {logging_mixin.py:190} INFO - [2025-03-26T22:25:48.671+0530] {dagbag.py:588} INFO - Filling up the DagBag from /Users/uk/miniforge3/lib/python3.10/site-packages/airflow/example_dags/example_latest_only_with_trigger.py
[2025-03-26T22:25:48.674+0530] {processor.py:925} INFO - DAG(s) 'latest_only_with_trigger' retrieved from /Users/uk/miniforge3/lib/python3.10/site-packages/airflow/example_dags/example_latest_only_with_trigger.py
[2025-03-26T22:25:48.712+0530] {logging_mixin.py:190} INFO - [2025-03-26T22:25:48.712+0530] {dag.py:3239} INFO - Sync 1 DAGs
[2025-03-26T22:25:48.719+0530] {logging_mixin.py:190} INFO - [2025-03-26T22:25:48.719+0530] {dag.py:4180} INFO - Setting next_dagrun for latest_only_with_trigger to 2025-03-26 12:00:00+00:00, run_after=2025-03-26 16:00:00+00:00
[2025-03-26T22:25:48.725+0530] {processor.py:208} INFO - Processing /Users/uk/miniforge3/lib/python3.10/site-packages/airflow/example_dags/example_latest_only_with_trigger.py took 0.057 seconds
[2025-03-26T22:28:21.546+0530] {processor.py:186} INFO - Started process (PID=9087) to work on /Users/uk/miniforge3/lib/python3.10/site-packages/airflow/example_dags/example_latest_only_with_trigger.py
[2025-03-26T22:28:21.547+0530] {processor.py:914} INFO - Processing file /Users/uk/miniforge3/lib/python3.10/site-packages/airflow/example_dags/example_latest_only_with_trigger.py for tasks to queue
[2025-03-26T22:28:21.547+0530] {logging_mixin.py:190} INFO - [2025-03-26T22:28:21.547+0530] {dagbag.py:588} INFO - Filling up the DagBag from /Users/uk/miniforge3/lib/python3.10/site-packages/airflow/example_dags/example_latest_only_with_trigger.py
[2025-03-26T22:28:21.550+0530] {processor.py:925} INFO - DAG(s) 'latest_only_with_trigger' retrieved from /Users/uk/miniforge3/lib/python3.10/site-packages/airflow/example_dags/example_latest_only_with_trigger.py
[2025-03-26T22:28:21.588+0530] {logging_mixin.py:190} INFO - [2025-03-26T22:28:21.588+0530] {dag.py:3239} INFO - Sync 1 DAGs
[2025-03-26T22:28:21.595+0530] {logging_mixin.py:190} INFO - [2025-03-26T22:28:21.595+0530] {dag.py:4180} INFO - Setting next_dagrun for latest_only_with_trigger to 2025-03-26 12:00:00+00:00, run_after=2025-03-26 16:00:00+00:00
[2025-03-26T22:28:21.601+0530] {processor.py:208} INFO - Processing /Users/uk/miniforge3/lib/python3.10/site-packages/airflow/example_dags/example_latest_only_with_trigger.py took 0.057 seconds
[2025-03-26T22:31:01.110+0530] {processor.py:186} INFO - Started process (PID=9355) to work on /Users/uk/miniforge3/lib/python3.10/site-packages/airflow/example_dags/example_latest_only_with_trigger.py
[2025-03-26T22:31:01.110+0530] {processor.py:914} INFO - Processing file /Users/uk/miniforge3/lib/python3.10/site-packages/airflow/example_dags/example_latest_only_with_trigger.py for tasks to queue
[2025-03-26T22:31:01.111+0530] {logging_mixin.py:190} INFO - [2025-03-26T22:31:01.111+0530] {dagbag.py:588} INFO - Filling up the DagBag from /Users/uk/miniforge3/lib/python3.10/site-packages/airflow/example_dags/example_latest_only_with_trigger.py
[2025-03-26T22:31:01.114+0530] {processor.py:925} INFO - DAG(s) 'latest_only_with_trigger' retrieved from /Users/uk/miniforge3/lib/python3.10/site-packages/airflow/example_dags/example_latest_only_with_trigger.py
[2025-03-26T22:31:01.152+0530] {logging_mixin.py:190} INFO - [2025-03-26T22:31:01.152+0530] {dag.py:3239} INFO - Sync 1 DAGs
[2025-03-26T22:31:01.159+0530] {logging_mixin.py:190} INFO - [2025-03-26T22:31:01.159+0530] {dag.py:4180} INFO - Setting next_dagrun for latest_only_with_trigger to 2025-03-26 12:00:00+00:00, run_after=2025-03-26 16:00:00+00:00
[2025-03-26T22:31:01.166+0530] {processor.py:208} INFO - Processing /Users/uk/miniforge3/lib/python3.10/site-packages/airflow/example_dags/example_latest_only_with_trigger.py took 0.057 seconds
[2025-03-26T22:33:22.577+0530] {processor.py:186} INFO - Started process (PID=9606) to work on /Users/uk/miniforge3/lib/python3.10/site-packages/airflow/example_dags/example_latest_only_with_trigger.py
[2025-03-26T22:33:22.579+0530] {processor.py:914} INFO - Processing file /Users/uk/miniforge3/lib/python3.10/site-packages/airflow/example_dags/example_latest_only_with_trigger.py for tasks to queue
[2025-03-26T22:33:22.579+0530] {logging_mixin.py:190} INFO - [2025-03-26T22:33:22.579+0530] {dagbag.py:588} INFO - Filling up the DagBag from /Users/uk/miniforge3/lib/python3.10/site-packages/airflow/example_dags/example_latest_only_with_trigger.py
[2025-03-26T22:33:22.584+0530] {processor.py:925} INFO - DAG(s) 'latest_only_with_trigger' retrieved from /Users/uk/miniforge3/lib/python3.10/site-packages/airflow/example_dags/example_latest_only_with_trigger.py
[2025-03-26T22:33:22.626+0530] {logging_mixin.py:190} INFO - [2025-03-26T22:33:22.626+0530] {dag.py:3239} INFO - Sync 1 DAGs
[2025-03-26T22:33:22.633+0530] {logging_mixin.py:190} INFO - [2025-03-26T22:33:22.633+0530] {dag.py:4180} INFO - Setting next_dagrun for latest_only_with_trigger to 2025-03-26 12:00:00+00:00, run_after=2025-03-26 16:00:00+00:00
[2025-03-26T22:33:22.640+0530] {processor.py:208} INFO - Processing /Users/uk/miniforge3/lib/python3.10/site-packages/airflow/example_dags/example_latest_only_with_trigger.py took 0.064 seconds
[2025-03-26T22:36:00.085+0530] {processor.py:186} INFO - Started process (PID=9927) to work on /Users/uk/miniforge3/lib/python3.10/site-packages/airflow/example_dags/example_latest_only_with_trigger.py
[2025-03-26T22:36:00.086+0530] {processor.py:914} INFO - Processing file /Users/uk/miniforge3/lib/python3.10/site-packages/airflow/example_dags/example_latest_only_with_trigger.py for tasks to queue
[2025-03-26T22:36:00.086+0530] {logging_mixin.py:190} INFO - [2025-03-26T22:36:00.086+0530] {dagbag.py:588} INFO - Filling up the DagBag from /Users/uk/miniforge3/lib/python3.10/site-packages/airflow/example_dags/example_latest_only_with_trigger.py
[2025-03-26T22:36:00.090+0530] {processor.py:925} INFO - DAG(s) 'latest_only_with_trigger' retrieved from /Users/uk/miniforge3/lib/python3.10/site-packages/airflow/example_dags/example_latest_only_with_trigger.py
[2025-03-26T22:36:00.134+0530] {logging_mixin.py:190} INFO - [2025-03-26T22:36:00.134+0530] {dag.py:3239} INFO - Sync 1 DAGs
[2025-03-26T22:36:00.142+0530] {logging_mixin.py:190} INFO - [2025-03-26T22:36:00.142+0530] {dag.py:4180} INFO - Setting next_dagrun for latest_only_with_trigger to 2025-03-26 12:00:00+00:00, run_after=2025-03-26 16:00:00+00:00
[2025-03-26T22:36:00.150+0530] {processor.py:208} INFO - Processing /Users/uk/miniforge3/lib/python3.10/site-packages/airflow/example_dags/example_latest_only_with_trigger.py took 0.066 seconds
[2025-03-26T22:38:41.140+0530] {processor.py:186} INFO - Started process (PID=10214) to work on /Users/uk/miniforge3/lib/python3.10/site-packages/airflow/example_dags/example_latest_only_with_trigger.py
[2025-03-26T22:38:41.141+0530] {processor.py:914} INFO - Processing file /Users/uk/miniforge3/lib/python3.10/site-packages/airflow/example_dags/example_latest_only_with_trigger.py for tasks to queue
[2025-03-26T22:38:41.142+0530] {logging_mixin.py:190} INFO - [2025-03-26T22:38:41.141+0530] {dagbag.py:588} INFO - Filling up the DagBag from /Users/uk/miniforge3/lib/python3.10/site-packages/airflow/example_dags/example_latest_only_with_trigger.py
[2025-03-26T22:38:41.145+0530] {processor.py:925} INFO - DAG(s) 'latest_only_with_trigger' retrieved from /Users/uk/miniforge3/lib/python3.10/site-packages/airflow/example_dags/example_latest_only_with_trigger.py
[2025-03-26T22:38:41.192+0530] {logging_mixin.py:190} INFO - [2025-03-26T22:38:41.191+0530] {dag.py:3239} INFO - Sync 1 DAGs
[2025-03-26T22:38:41.200+0530] {logging_mixin.py:190} INFO - [2025-03-26T22:38:41.200+0530] {dag.py:4180} INFO - Setting next_dagrun for latest_only_with_trigger to 2025-03-26 12:00:00+00:00, run_after=2025-03-26 16:00:00+00:00
[2025-03-26T22:38:41.207+0530] {processor.py:208} INFO - Processing /Users/uk/miniforge3/lib/python3.10/site-packages/airflow/example_dags/example_latest_only_with_trigger.py took 0.068 seconds
[2025-03-26T22:41:13.992+0530] {processor.py:186} INFO - Started process (PID=10788) to work on /Users/uk/miniforge3/lib/python3.10/site-packages/airflow/example_dags/example_latest_only_with_trigger.py
[2025-03-26T22:41:13.993+0530] {processor.py:914} INFO - Processing file /Users/uk/miniforge3/lib/python3.10/site-packages/airflow/example_dags/example_latest_only_with_trigger.py for tasks to queue
[2025-03-26T22:41:13.994+0530] {logging_mixin.py:190} INFO - [2025-03-26T22:41:13.994+0530] {dagbag.py:588} INFO - Filling up the DagBag from /Users/uk/miniforge3/lib/python3.10/site-packages/airflow/example_dags/example_latest_only_with_trigger.py
[2025-03-26T22:41:13.998+0530] {processor.py:925} INFO - DAG(s) 'latest_only_with_trigger' retrieved from /Users/uk/miniforge3/lib/python3.10/site-packages/airflow/example_dags/example_latest_only_with_trigger.py
[2025-03-26T22:41:14.041+0530] {logging_mixin.py:190} INFO - [2025-03-26T22:41:14.041+0530] {dag.py:3239} INFO - Sync 1 DAGs
[2025-03-26T22:41:14.049+0530] {logging_mixin.py:190} INFO - [2025-03-26T22:41:14.049+0530] {dag.py:4180} INFO - Setting next_dagrun for latest_only_with_trigger to 2025-03-26 12:00:00+00:00, run_after=2025-03-26 16:00:00+00:00
[2025-03-26T22:41:14.055+0530] {processor.py:208} INFO - Processing /Users/uk/miniforge3/lib/python3.10/site-packages/airflow/example_dags/example_latest_only_with_trigger.py took 0.065 seconds
[2025-03-26T22:43:52.254+0530] {processor.py:186} INFO - Started process (PID=11097) to work on /Users/uk/miniforge3/lib/python3.10/site-packages/airflow/example_dags/example_latest_only_with_trigger.py
[2025-03-26T22:43:52.254+0530] {processor.py:914} INFO - Processing file /Users/uk/miniforge3/lib/python3.10/site-packages/airflow/example_dags/example_latest_only_with_trigger.py for tasks to queue
[2025-03-26T22:43:52.255+0530] {logging_mixin.py:190} INFO - [2025-03-26T22:43:52.255+0530] {dagbag.py:588} INFO - Filling up the DagBag from /Users/uk/miniforge3/lib/python3.10/site-packages/airflow/example_dags/example_latest_only_with_trigger.py
[2025-03-26T22:43:52.258+0530] {processor.py:925} INFO - DAG(s) 'latest_only_with_trigger' retrieved from /Users/uk/miniforge3/lib/python3.10/site-packages/airflow/example_dags/example_latest_only_with_trigger.py
[2025-03-26T22:43:52.297+0530] {logging_mixin.py:190} INFO - [2025-03-26T22:43:52.297+0530] {dag.py:3239} INFO - Sync 1 DAGs
[2025-03-26T22:43:52.304+0530] {logging_mixin.py:190} INFO - [2025-03-26T22:43:52.304+0530] {dag.py:4180} INFO - Setting next_dagrun for latest_only_with_trigger to 2025-03-26 12:00:00+00:00, run_after=2025-03-26 16:00:00+00:00
[2025-03-26T22:43:52.311+0530] {processor.py:208} INFO - Processing /Users/uk/miniforge3/lib/python3.10/site-packages/airflow/example_dags/example_latest_only_with_trigger.py took 0.058 seconds
[2025-03-26T22:46:24.559+0530] {processor.py:186} INFO - Started process (PID=11349) to work on /Users/uk/miniforge3/lib/python3.10/site-packages/airflow/example_dags/example_latest_only_with_trigger.py
[2025-03-26T22:46:24.559+0530] {processor.py:914} INFO - Processing file /Users/uk/miniforge3/lib/python3.10/site-packages/airflow/example_dags/example_latest_only_with_trigger.py for tasks to queue
[2025-03-26T22:46:24.560+0530] {logging_mixin.py:190} INFO - [2025-03-26T22:46:24.560+0530] {dagbag.py:588} INFO - Filling up the DagBag from /Users/uk/miniforge3/lib/python3.10/site-packages/airflow/example_dags/example_latest_only_with_trigger.py
[2025-03-26T22:46:24.563+0530] {processor.py:925} INFO - DAG(s) 'latest_only_with_trigger' retrieved from /Users/uk/miniforge3/lib/python3.10/site-packages/airflow/example_dags/example_latest_only_with_trigger.py
[2025-03-26T22:46:24.602+0530] {logging_mixin.py:190} INFO - [2025-03-26T22:46:24.601+0530] {dag.py:3239} INFO - Sync 1 DAGs
[2025-03-26T22:46:24.609+0530] {logging_mixin.py:190} INFO - [2025-03-26T22:46:24.609+0530] {dag.py:4180} INFO - Setting next_dagrun for latest_only_with_trigger to 2025-03-26 12:00:00+00:00, run_after=2025-03-26 16:00:00+00:00
[2025-03-26T22:46:24.615+0530] {processor.py:208} INFO - Processing /Users/uk/miniforge3/lib/python3.10/site-packages/airflow/example_dags/example_latest_only_with_trigger.py took 0.057 seconds
[2025-03-26T22:48:49.634+0530] {processor.py:186} INFO - Started process (PID=11607) to work on /Users/uk/miniforge3/lib/python3.10/site-packages/airflow/example_dags/example_latest_only_with_trigger.py
[2025-03-26T22:48:49.635+0530] {processor.py:914} INFO - Processing file /Users/uk/miniforge3/lib/python3.10/site-packages/airflow/example_dags/example_latest_only_with_trigger.py for tasks to queue
[2025-03-26T22:48:49.635+0530] {logging_mixin.py:190} INFO - [2025-03-26T22:48:49.635+0530] {dagbag.py:588} INFO - Filling up the DagBag from /Users/uk/miniforge3/lib/python3.10/site-packages/airflow/example_dags/example_latest_only_with_trigger.py
[2025-03-26T22:48:49.638+0530] {processor.py:925} INFO - DAG(s) 'latest_only_with_trigger' retrieved from /Users/uk/miniforge3/lib/python3.10/site-packages/airflow/example_dags/example_latest_only_with_trigger.py
[2025-03-26T22:48:49.677+0530] {logging_mixin.py:190} INFO - [2025-03-26T22:48:49.677+0530] {dag.py:3239} INFO - Sync 1 DAGs
[2025-03-26T22:48:49.684+0530] {logging_mixin.py:190} INFO - [2025-03-26T22:48:49.684+0530] {dag.py:4180} INFO - Setting next_dagrun for latest_only_with_trigger to 2025-03-26 12:00:00+00:00, run_after=2025-03-26 16:00:00+00:00
[2025-03-26T22:48:49.690+0530] {processor.py:208} INFO - Processing /Users/uk/miniforge3/lib/python3.10/site-packages/airflow/example_dags/example_latest_only_with_trigger.py took 0.057 seconds
[2025-03-26T22:51:31.846+0530] {processor.py:186} INFO - Started process (PID=12226) to work on /Users/uk/miniforge3/lib/python3.10/site-packages/airflow/example_dags/example_latest_only_with_trigger.py
[2025-03-26T22:51:31.846+0530] {processor.py:914} INFO - Processing file /Users/uk/miniforge3/lib/python3.10/site-packages/airflow/example_dags/example_latest_only_with_trigger.py for tasks to queue
[2025-03-26T22:51:31.847+0530] {logging_mixin.py:190} INFO - [2025-03-26T22:51:31.847+0530] {dagbag.py:588} INFO - Filling up the DagBag from /Users/uk/miniforge3/lib/python3.10/site-packages/airflow/example_dags/example_latest_only_with_trigger.py
[2025-03-26T22:51:31.850+0530] {processor.py:925} INFO - DAG(s) 'latest_only_with_trigger' retrieved from /Users/uk/miniforge3/lib/python3.10/site-packages/airflow/example_dags/example_latest_only_with_trigger.py
[2025-03-26T22:51:31.888+0530] {logging_mixin.py:190} INFO - [2025-03-26T22:51:31.888+0530] {dag.py:3239} INFO - Sync 1 DAGs
[2025-03-26T22:51:31.895+0530] {logging_mixin.py:190} INFO - [2025-03-26T22:51:31.895+0530] {dag.py:4180} INFO - Setting next_dagrun for latest_only_with_trigger to 2025-03-26 12:00:00+00:00, run_after=2025-03-26 16:00:00+00:00
[2025-03-26T22:51:31.901+0530] {processor.py:208} INFO - Processing /Users/uk/miniforge3/lib/python3.10/site-packages/airflow/example_dags/example_latest_only_with_trigger.py took 0.056 seconds
