[2025-03-26T22:09:22.206+0530] {processor.py:186} INFO - Started process (PID=6674) to work on /Users/uk/miniforge3/lib/python3.10/site-packages/airflow/example_dags/example_dataset_alias.py
[2025-03-26T22:09:22.206+0530] {processor.py:914} INFO - Processing file /Users/uk/miniforge3/lib/python3.10/site-packages/airflow/example_dags/example_dataset_alias.py for tasks to queue
[2025-03-26T22:09:22.207+0530] {logging_mixin.py:190} INFO - [2025-03-26T22:09:22.207+0530] {dagbag.py:588} INFO - Filling up the DagBag from /Users/uk/miniforge3/lib/python3.10/site-packages/airflow/example_dags/example_dataset_alias.py
[2025-03-26T22:09:22.278+0530] {processor.py:925} INFO - DAG(s) 'dataset_s3_bucket_producer', 'dataset_alias_example_alias_producer', 'dataset_s3_bucket_consumer', 'dataset_alias_example_alias_consumer' retrieved from /Users/uk/miniforge3/lib/python3.10/site-packages/airflow/example_dags/example_dataset_alias.py
[2025-03-26T22:09:22.287+0530] {logging_mixin.py:190} INFO - [2025-03-26T22:09:22.287+0530] {dag.py:3239} INFO - Sync 4 DAGs
[2025-03-26T22:09:22.294+0530] {logging_mixin.py:190} INFO - [2025-03-26T22:09:22.294+0530] {dag.py:4180} INFO - Setting next_dagrun for dataset_alias_example_alias_consumer to None, run_after=None
[2025-03-26T22:09:22.295+0530] {logging_mixin.py:190} INFO - [2025-03-26T22:09:22.295+0530] {dag.py:4180} INFO - Setting next_dagrun for dataset_alias_example_alias_producer to None, run_after=None
[2025-03-26T22:09:22.296+0530] {logging_mixin.py:190} INFO - [2025-03-26T22:09:22.295+0530] {dag.py:4180} INFO - Setting next_dagrun for dataset_s3_bucket_consumer to None, run_after=None
[2025-03-26T22:09:22.296+0530] {logging_mixin.py:190} INFO - [2025-03-26T22:09:22.296+0530] {dag.py:4180} INFO - Setting next_dagrun for dataset_s3_bucket_producer to None, run_after=None
[2025-03-26T22:09:22.304+0530] {processor.py:208} INFO - Processing /Users/uk/miniforge3/lib/python3.10/site-packages/airflow/example_dags/example_dataset_alias.py took 0.099 seconds
[2025-03-26T22:13:54.900+0530] {processor.py:186} INFO - Started process (PID=7506) to work on /Users/uk/miniforge3/lib/python3.10/site-packages/airflow/example_dags/example_dataset_alias.py
[2025-03-26T22:13:54.900+0530] {processor.py:914} INFO - Processing file /Users/uk/miniforge3/lib/python3.10/site-packages/airflow/example_dags/example_dataset_alias.py for tasks to queue
[2025-03-26T22:13:54.901+0530] {logging_mixin.py:190} INFO - [2025-03-26T22:13:54.901+0530] {dagbag.py:588} INFO - Filling up the DagBag from /Users/uk/miniforge3/lib/python3.10/site-packages/airflow/example_dags/example_dataset_alias.py
[2025-03-26T22:13:54.962+0530] {processor.py:925} INFO - DAG(s) 'dataset_s3_bucket_producer', 'dataset_alias_example_alias_producer', 'dataset_s3_bucket_consumer', 'dataset_alias_example_alias_consumer' retrieved from /Users/uk/miniforge3/lib/python3.10/site-packages/airflow/example_dags/example_dataset_alias.py
[2025-03-26T22:13:54.971+0530] {logging_mixin.py:190} INFO - [2025-03-26T22:13:54.971+0530] {dag.py:3239} INFO - Sync 4 DAGs
[2025-03-26T22:13:54.978+0530] {logging_mixin.py:190} INFO - [2025-03-26T22:13:54.978+0530] {dag.py:4180} INFO - Setting next_dagrun for dataset_alias_example_alias_consumer to None, run_after=None
[2025-03-26T22:13:54.979+0530] {logging_mixin.py:190} INFO - [2025-03-26T22:13:54.979+0530] {dag.py:4180} INFO - Setting next_dagrun for dataset_alias_example_alias_producer to None, run_after=None
[2025-03-26T22:13:54.979+0530] {logging_mixin.py:190} INFO - [2025-03-26T22:13:54.979+0530] {dag.py:4180} INFO - Setting next_dagrun for dataset_s3_bucket_consumer to None, run_after=None
[2025-03-26T22:13:54.979+0530] {logging_mixin.py:190} INFO - [2025-03-26T22:13:54.979+0530] {dag.py:4180} INFO - Setting next_dagrun for dataset_s3_bucket_producer to None, run_after=None
[2025-03-26T22:13:54.986+0530] {processor.py:208} INFO - Processing /Users/uk/miniforge3/lib/python3.10/site-packages/airflow/example_dags/example_dataset_alias.py took 0.088 seconds
[2025-03-26T22:16:33.866+0530] {processor.py:186} INFO - Started process (PID=7808) to work on /Users/uk/miniforge3/lib/python3.10/site-packages/airflow/example_dags/example_dataset_alias.py
[2025-03-26T22:16:33.866+0530] {processor.py:914} INFO - Processing file /Users/uk/miniforge3/lib/python3.10/site-packages/airflow/example_dags/example_dataset_alias.py for tasks to queue
[2025-03-26T22:16:33.867+0530] {logging_mixin.py:190} INFO - [2025-03-26T22:16:33.867+0530] {dagbag.py:588} INFO - Filling up the DagBag from /Users/uk/miniforge3/lib/python3.10/site-packages/airflow/example_dags/example_dataset_alias.py
[2025-03-26T22:16:33.928+0530] {processor.py:925} INFO - DAG(s) 'dataset_s3_bucket_producer', 'dataset_s3_bucket_consumer', 'dataset_alias_example_alias_producer', 'dataset_alias_example_alias_consumer' retrieved from /Users/uk/miniforge3/lib/python3.10/site-packages/airflow/example_dags/example_dataset_alias.py
[2025-03-26T22:16:33.937+0530] {logging_mixin.py:190} INFO - [2025-03-26T22:16:33.937+0530] {dag.py:3239} INFO - Sync 4 DAGs
[2025-03-26T22:16:33.944+0530] {logging_mixin.py:190} INFO - [2025-03-26T22:16:33.944+0530] {dag.py:4180} INFO - Setting next_dagrun for dataset_alias_example_alias_consumer to None, run_after=None
[2025-03-26T22:16:33.944+0530] {logging_mixin.py:190} INFO - [2025-03-26T22:16:33.944+0530] {dag.py:4180} INFO - Setting next_dagrun for dataset_alias_example_alias_producer to None, run_after=None
[2025-03-26T22:16:33.945+0530] {logging_mixin.py:190} INFO - [2025-03-26T22:16:33.945+0530] {dag.py:4180} INFO - Setting next_dagrun for dataset_s3_bucket_consumer to None, run_after=None
[2025-03-26T22:16:33.945+0530] {logging_mixin.py:190} INFO - [2025-03-26T22:16:33.945+0530] {dag.py:4180} INFO - Setting next_dagrun for dataset_s3_bucket_producer to None, run_after=None
[2025-03-26T22:16:33.952+0530] {processor.py:208} INFO - Processing /Users/uk/miniforge3/lib/python3.10/site-packages/airflow/example_dags/example_dataset_alias.py took 0.087 seconds
[2025-03-26T22:19:07.488+0530] {processor.py:186} INFO - Started process (PID=8084) to work on /Users/uk/miniforge3/lib/python3.10/site-packages/airflow/example_dags/example_dataset_alias.py
[2025-03-26T22:19:07.489+0530] {processor.py:914} INFO - Processing file /Users/uk/miniforge3/lib/python3.10/site-packages/airflow/example_dags/example_dataset_alias.py for tasks to queue
[2025-03-26T22:19:07.489+0530] {logging_mixin.py:190} INFO - [2025-03-26T22:19:07.489+0530] {dagbag.py:588} INFO - Filling up the DagBag from /Users/uk/miniforge3/lib/python3.10/site-packages/airflow/example_dags/example_dataset_alias.py
[2025-03-26T22:19:07.558+0530] {processor.py:925} INFO - DAG(s) 'dataset_s3_bucket_consumer', 'dataset_alias_example_alias_producer', 'dataset_s3_bucket_producer', 'dataset_alias_example_alias_consumer' retrieved from /Users/uk/miniforge3/lib/python3.10/site-packages/airflow/example_dags/example_dataset_alias.py
[2025-03-26T22:19:07.567+0530] {logging_mixin.py:190} INFO - [2025-03-26T22:19:07.567+0530] {dag.py:3239} INFO - Sync 4 DAGs
[2025-03-26T22:19:07.574+0530] {logging_mixin.py:190} INFO - [2025-03-26T22:19:07.574+0530] {dag.py:4180} INFO - Setting next_dagrun for dataset_alias_example_alias_consumer to None, run_after=None
[2025-03-26T22:19:07.575+0530] {logging_mixin.py:190} INFO - [2025-03-26T22:19:07.575+0530] {dag.py:4180} INFO - Setting next_dagrun for dataset_alias_example_alias_producer to None, run_after=None
[2025-03-26T22:19:07.576+0530] {logging_mixin.py:190} INFO - [2025-03-26T22:19:07.576+0530] {dag.py:4180} INFO - Setting next_dagrun for dataset_s3_bucket_consumer to None, run_after=None
[2025-03-26T22:19:07.576+0530] {logging_mixin.py:190} INFO - [2025-03-26T22:19:07.576+0530] {dag.py:4180} INFO - Setting next_dagrun for dataset_s3_bucket_producer to None, run_after=None
[2025-03-26T22:19:07.583+0530] {processor.py:208} INFO - Processing /Users/uk/miniforge3/lib/python3.10/site-packages/airflow/example_dags/example_dataset_alias.py took 0.096 seconds
[2025-03-26T22:21:43.721+0530] {processor.py:186} INFO - Started process (PID=8386) to work on /Users/uk/miniforge3/lib/python3.10/site-packages/airflow/example_dags/example_dataset_alias.py
[2025-03-26T22:21:43.721+0530] {processor.py:914} INFO - Processing file /Users/uk/miniforge3/lib/python3.10/site-packages/airflow/example_dags/example_dataset_alias.py for tasks to queue
[2025-03-26T22:21:43.722+0530] {logging_mixin.py:190} INFO - [2025-03-26T22:21:43.721+0530] {dagbag.py:588} INFO - Filling up the DagBag from /Users/uk/miniforge3/lib/python3.10/site-packages/airflow/example_dags/example_dataset_alias.py
[2025-03-26T22:21:43.790+0530] {processor.py:925} INFO - DAG(s) 'dataset_alias_example_alias_consumer', 'dataset_alias_example_alias_producer', 'dataset_s3_bucket_producer', 'dataset_s3_bucket_consumer' retrieved from /Users/uk/miniforge3/lib/python3.10/site-packages/airflow/example_dags/example_dataset_alias.py
[2025-03-26T22:21:43.799+0530] {logging_mixin.py:190} INFO - [2025-03-26T22:21:43.799+0530] {dag.py:3239} INFO - Sync 4 DAGs
[2025-03-26T22:21:43.806+0530] {logging_mixin.py:190} INFO - [2025-03-26T22:21:43.806+0530] {dag.py:4180} INFO - Setting next_dagrun for dataset_alias_example_alias_consumer to None, run_after=None
[2025-03-26T22:21:43.807+0530] {logging_mixin.py:190} INFO - [2025-03-26T22:21:43.807+0530] {dag.py:4180} INFO - Setting next_dagrun for dataset_alias_example_alias_producer to None, run_after=None
[2025-03-26T22:21:43.807+0530] {logging_mixin.py:190} INFO - [2025-03-26T22:21:43.807+0530] {dag.py:4180} INFO - Setting next_dagrun for dataset_s3_bucket_consumer to None, run_after=None
[2025-03-26T22:21:43.807+0530] {logging_mixin.py:190} INFO - [2025-03-26T22:21:43.807+0530] {dag.py:4180} INFO - Setting next_dagrun for dataset_s3_bucket_producer to None, run_after=None
[2025-03-26T22:21:43.815+0530] {processor.py:208} INFO - Processing /Users/uk/miniforge3/lib/python3.10/site-packages/airflow/example_dags/example_dataset_alias.py took 0.095 seconds
[2025-03-26T22:24:13.897+0530] {processor.py:186} INFO - Started process (PID=8652) to work on /Users/uk/miniforge3/lib/python3.10/site-packages/airflow/example_dags/example_dataset_alias.py
[2025-03-26T22:24:13.898+0530] {processor.py:914} INFO - Processing file /Users/uk/miniforge3/lib/python3.10/site-packages/airflow/example_dags/example_dataset_alias.py for tasks to queue
[2025-03-26T22:24:13.898+0530] {logging_mixin.py:190} INFO - [2025-03-26T22:24:13.898+0530] {dagbag.py:588} INFO - Filling up the DagBag from /Users/uk/miniforge3/lib/python3.10/site-packages/airflow/example_dags/example_dataset_alias.py
[2025-03-26T22:24:13.966+0530] {processor.py:925} INFO - DAG(s) 'dataset_alias_example_alias_producer', 'dataset_s3_bucket_consumer', 'dataset_s3_bucket_producer', 'dataset_alias_example_alias_consumer' retrieved from /Users/uk/miniforge3/lib/python3.10/site-packages/airflow/example_dags/example_dataset_alias.py
[2025-03-26T22:24:13.975+0530] {logging_mixin.py:190} INFO - [2025-03-26T22:24:13.975+0530] {dag.py:3239} INFO - Sync 4 DAGs
[2025-03-26T22:24:13.982+0530] {logging_mixin.py:190} INFO - [2025-03-26T22:24:13.982+0530] {dag.py:4180} INFO - Setting next_dagrun for dataset_alias_example_alias_consumer to None, run_after=None
[2025-03-26T22:24:13.983+0530] {logging_mixin.py:190} INFO - [2025-03-26T22:24:13.983+0530] {dag.py:4180} INFO - Setting next_dagrun for dataset_alias_example_alias_producer to None, run_after=None
[2025-03-26T22:24:13.983+0530] {logging_mixin.py:190} INFO - [2025-03-26T22:24:13.983+0530] {dag.py:4180} INFO - Setting next_dagrun for dataset_s3_bucket_consumer to None, run_after=None
[2025-03-26T22:24:13.984+0530] {logging_mixin.py:190} INFO - [2025-03-26T22:24:13.984+0530] {dag.py:4180} INFO - Setting next_dagrun for dataset_s3_bucket_producer to None, run_after=None
[2025-03-26T22:24:13.992+0530] {processor.py:208} INFO - Processing /Users/uk/miniforge3/lib/python3.10/site-packages/airflow/example_dags/example_dataset_alias.py took 0.096 seconds
[2025-03-26T22:26:56.678+0530] {processor.py:186} INFO - Started process (PID=8940) to work on /Users/uk/miniforge3/lib/python3.10/site-packages/airflow/example_dags/example_dataset_alias.py
[2025-03-26T22:26:56.679+0530] {processor.py:914} INFO - Processing file /Users/uk/miniforge3/lib/python3.10/site-packages/airflow/example_dags/example_dataset_alias.py for tasks to queue
[2025-03-26T22:26:56.679+0530] {logging_mixin.py:190} INFO - [2025-03-26T22:26:56.679+0530] {dagbag.py:588} INFO - Filling up the DagBag from /Users/uk/miniforge3/lib/python3.10/site-packages/airflow/example_dags/example_dataset_alias.py
[2025-03-26T22:26:56.762+0530] {processor.py:925} INFO - DAG(s) 'dataset_alias_example_alias_consumer', 'dataset_s3_bucket_producer', 'dataset_alias_example_alias_producer', 'dataset_s3_bucket_consumer' retrieved from /Users/uk/miniforge3/lib/python3.10/site-packages/airflow/example_dags/example_dataset_alias.py
[2025-03-26T22:26:56.774+0530] {logging_mixin.py:190} INFO - [2025-03-26T22:26:56.774+0530] {dag.py:3239} INFO - Sync 4 DAGs
[2025-03-26T22:26:56.782+0530] {logging_mixin.py:190} INFO - [2025-03-26T22:26:56.782+0530] {dag.py:4180} INFO - Setting next_dagrun for dataset_alias_example_alias_consumer to None, run_after=None
[2025-03-26T22:26:56.783+0530] {logging_mixin.py:190} INFO - [2025-03-26T22:26:56.783+0530] {dag.py:4180} INFO - Setting next_dagrun for dataset_alias_example_alias_producer to None, run_after=None
[2025-03-26T22:26:56.783+0530] {logging_mixin.py:190} INFO - [2025-03-26T22:26:56.783+0530] {dag.py:4180} INFO - Setting next_dagrun for dataset_s3_bucket_consumer to None, run_after=None
[2025-03-26T22:26:56.784+0530] {logging_mixin.py:190} INFO - [2025-03-26T22:26:56.784+0530] {dag.py:4180} INFO - Setting next_dagrun for dataset_s3_bucket_producer to None, run_after=None
[2025-03-26T22:26:56.792+0530] {processor.py:208} INFO - Processing /Users/uk/miniforge3/lib/python3.10/site-packages/airflow/example_dags/example_dataset_alias.py took 0.115 seconds
[2025-03-26T22:29:35.733+0530] {processor.py:186} INFO - Started process (PID=9199) to work on /Users/uk/miniforge3/lib/python3.10/site-packages/airflow/example_dags/example_dataset_alias.py
[2025-03-26T22:29:35.735+0530] {processor.py:914} INFO - Processing file /Users/uk/miniforge3/lib/python3.10/site-packages/airflow/example_dags/example_dataset_alias.py for tasks to queue
[2025-03-26T22:29:35.735+0530] {logging_mixin.py:190} INFO - [2025-03-26T22:29:35.735+0530] {dagbag.py:588} INFO - Filling up the DagBag from /Users/uk/miniforge3/lib/python3.10/site-packages/airflow/example_dags/example_dataset_alias.py
[2025-03-26T22:29:35.808+0530] {processor.py:925} INFO - DAG(s) 'dataset_alias_example_alias_producer', 'dataset_s3_bucket_producer', 'dataset_alias_example_alias_consumer', 'dataset_s3_bucket_consumer' retrieved from /Users/uk/miniforge3/lib/python3.10/site-packages/airflow/example_dags/example_dataset_alias.py
[2025-03-26T22:29:35.817+0530] {logging_mixin.py:190} INFO - [2025-03-26T22:29:35.817+0530] {dag.py:3239} INFO - Sync 4 DAGs
[2025-03-26T22:29:35.824+0530] {logging_mixin.py:190} INFO - [2025-03-26T22:29:35.824+0530] {dag.py:4180} INFO - Setting next_dagrun for dataset_alias_example_alias_consumer to None, run_after=None
[2025-03-26T22:29:35.825+0530] {logging_mixin.py:190} INFO - [2025-03-26T22:29:35.825+0530] {dag.py:4180} INFO - Setting next_dagrun for dataset_alias_example_alias_producer to None, run_after=None
[2025-03-26T22:29:35.826+0530] {logging_mixin.py:190} INFO - [2025-03-26T22:29:35.826+0530] {dag.py:4180} INFO - Setting next_dagrun for dataset_s3_bucket_consumer to None, run_after=None
[2025-03-26T22:29:35.826+0530] {logging_mixin.py:190} INFO - [2025-03-26T22:29:35.826+0530] {dag.py:4180} INFO - Setting next_dagrun for dataset_s3_bucket_producer to None, run_after=None
[2025-03-26T22:29:35.834+0530] {processor.py:208} INFO - Processing /Users/uk/miniforge3/lib/python3.10/site-packages/airflow/example_dags/example_dataset_alias.py took 0.103 seconds
[2025-03-26T22:31:58.839+0530] {processor.py:186} INFO - Started process (PID=9465) to work on /Users/uk/miniforge3/lib/python3.10/site-packages/airflow/example_dags/example_dataset_alias.py
[2025-03-26T22:31:58.840+0530] {processor.py:914} INFO - Processing file /Users/uk/miniforge3/lib/python3.10/site-packages/airflow/example_dags/example_dataset_alias.py for tasks to queue
[2025-03-26T22:31:58.841+0530] {logging_mixin.py:190} INFO - [2025-03-26T22:31:58.841+0530] {dagbag.py:588} INFO - Filling up the DagBag from /Users/uk/miniforge3/lib/python3.10/site-packages/airflow/example_dags/example_dataset_alias.py
[2025-03-26T22:31:58.901+0530] {processor.py:925} INFO - DAG(s) 'dataset_alias_example_alias_consumer', 'dataset_alias_example_alias_producer', 'dataset_s3_bucket_producer', 'dataset_s3_bucket_consumer' retrieved from /Users/uk/miniforge3/lib/python3.10/site-packages/airflow/example_dags/example_dataset_alias.py
[2025-03-26T22:31:58.910+0530] {logging_mixin.py:190} INFO - [2025-03-26T22:31:58.910+0530] {dag.py:3239} INFO - Sync 4 DAGs
[2025-03-26T22:31:58.917+0530] {logging_mixin.py:190} INFO - [2025-03-26T22:31:58.917+0530] {dag.py:4180} INFO - Setting next_dagrun for dataset_alias_example_alias_consumer to None, run_after=None
[2025-03-26T22:31:58.918+0530] {logging_mixin.py:190} INFO - [2025-03-26T22:31:58.918+0530] {dag.py:4180} INFO - Setting next_dagrun for dataset_alias_example_alias_producer to None, run_after=None
[2025-03-26T22:31:58.918+0530] {logging_mixin.py:190} INFO - [2025-03-26T22:31:58.918+0530] {dag.py:4180} INFO - Setting next_dagrun for dataset_s3_bucket_consumer to None, run_after=None
[2025-03-26T22:31:58.919+0530] {logging_mixin.py:190} INFO - [2025-03-26T22:31:58.919+0530] {dag.py:4180} INFO - Setting next_dagrun for dataset_s3_bucket_producer to None, run_after=None
[2025-03-26T22:31:58.925+0530] {processor.py:208} INFO - Processing /Users/uk/miniforge3/lib/python3.10/site-packages/airflow/example_dags/example_dataset_alias.py took 0.088 seconds
[2025-03-26T22:34:25.933+0530] {processor.py:186} INFO - Started process (PID=9714) to work on /Users/uk/miniforge3/lib/python3.10/site-packages/airflow/example_dags/example_dataset_alias.py
[2025-03-26T22:34:25.934+0530] {processor.py:914} INFO - Processing file /Users/uk/miniforge3/lib/python3.10/site-packages/airflow/example_dags/example_dataset_alias.py for tasks to queue
[2025-03-26T22:34:25.935+0530] {logging_mixin.py:190} INFO - [2025-03-26T22:34:25.934+0530] {dagbag.py:588} INFO - Filling up the DagBag from /Users/uk/miniforge3/lib/python3.10/site-packages/airflow/example_dags/example_dataset_alias.py
[2025-03-26T22:34:26.007+0530] {processor.py:925} INFO - DAG(s) 'dataset_s3_bucket_producer', 'dataset_alias_example_alias_consumer', 'dataset_alias_example_alias_producer', 'dataset_s3_bucket_consumer' retrieved from /Users/uk/miniforge3/lib/python3.10/site-packages/airflow/example_dags/example_dataset_alias.py
[2025-03-26T22:34:26.016+0530] {logging_mixin.py:190} INFO - [2025-03-26T22:34:26.016+0530] {dag.py:3239} INFO - Sync 4 DAGs
[2025-03-26T22:34:26.024+0530] {logging_mixin.py:190} INFO - [2025-03-26T22:34:26.024+0530] {dag.py:4180} INFO - Setting next_dagrun for dataset_alias_example_alias_consumer to None, run_after=None
[2025-03-26T22:34:26.025+0530] {logging_mixin.py:190} INFO - [2025-03-26T22:34:26.025+0530] {dag.py:4180} INFO - Setting next_dagrun for dataset_alias_example_alias_producer to None, run_after=None
[2025-03-26T22:34:26.025+0530] {logging_mixin.py:190} INFO - [2025-03-26T22:34:26.025+0530] {dag.py:4180} INFO - Setting next_dagrun for dataset_s3_bucket_consumer to None, run_after=None
[2025-03-26T22:34:26.026+0530] {logging_mixin.py:190} INFO - [2025-03-26T22:34:26.026+0530] {dag.py:4180} INFO - Setting next_dagrun for dataset_s3_bucket_producer to None, run_after=None
[2025-03-26T22:34:26.034+0530] {processor.py:208} INFO - Processing /Users/uk/miniforge3/lib/python3.10/site-packages/airflow/example_dags/example_dataset_alias.py took 0.102 seconds
[2025-03-26T22:37:12.827+0530] {processor.py:186} INFO - Started process (PID=10064) to work on /Users/uk/miniforge3/lib/python3.10/site-packages/airflow/example_dags/example_dataset_alias.py
[2025-03-26T22:37:12.828+0530] {processor.py:914} INFO - Processing file /Users/uk/miniforge3/lib/python3.10/site-packages/airflow/example_dags/example_dataset_alias.py for tasks to queue
[2025-03-26T22:37:12.829+0530] {logging_mixin.py:190} INFO - [2025-03-26T22:37:12.829+0530] {dagbag.py:588} INFO - Filling up the DagBag from /Users/uk/miniforge3/lib/python3.10/site-packages/airflow/example_dags/example_dataset_alias.py
[2025-03-26T22:37:12.900+0530] {processor.py:925} INFO - DAG(s) 'dataset_s3_bucket_consumer', 'dataset_alias_example_alias_producer', 'dataset_alias_example_alias_consumer', 'dataset_s3_bucket_producer' retrieved from /Users/uk/miniforge3/lib/python3.10/site-packages/airflow/example_dags/example_dataset_alias.py
[2025-03-26T22:37:12.910+0530] {logging_mixin.py:190} INFO - [2025-03-26T22:37:12.909+0530] {dag.py:3239} INFO - Sync 4 DAGs
[2025-03-26T22:37:12.917+0530] {logging_mixin.py:190} INFO - [2025-03-26T22:37:12.917+0530] {dag.py:4180} INFO - Setting next_dagrun for dataset_alias_example_alias_consumer to None, run_after=None
[2025-03-26T22:37:12.918+0530] {logging_mixin.py:190} INFO - [2025-03-26T22:37:12.918+0530] {dag.py:4180} INFO - Setting next_dagrun for dataset_alias_example_alias_producer to None, run_after=None
[2025-03-26T22:37:12.918+0530] {logging_mixin.py:190} INFO - [2025-03-26T22:37:12.918+0530] {dag.py:4180} INFO - Setting next_dagrun for dataset_s3_bucket_consumer to None, run_after=None
[2025-03-26T22:37:12.919+0530] {logging_mixin.py:190} INFO - [2025-03-26T22:37:12.919+0530] {dag.py:4180} INFO - Setting next_dagrun for dataset_s3_bucket_producer to None, run_after=None
[2025-03-26T22:37:12.927+0530] {processor.py:208} INFO - Processing /Users/uk/miniforge3/lib/python3.10/site-packages/airflow/example_dags/example_dataset_alias.py took 0.101 seconds
[2025-03-26T22:39:44.571+0530] {processor.py:186} INFO - Started process (PID=10582) to work on /Users/uk/miniforge3/lib/python3.10/site-packages/airflow/example_dags/example_dataset_alias.py
[2025-03-26T22:39:44.572+0530] {processor.py:914} INFO - Processing file /Users/uk/miniforge3/lib/python3.10/site-packages/airflow/example_dags/example_dataset_alias.py for tasks to queue
[2025-03-26T22:39:44.572+0530] {logging_mixin.py:190} INFO - [2025-03-26T22:39:44.572+0530] {dagbag.py:588} INFO - Filling up the DagBag from /Users/uk/miniforge3/lib/python3.10/site-packages/airflow/example_dags/example_dataset_alias.py
[2025-03-26T22:39:44.640+0530] {processor.py:925} INFO - DAG(s) 'dataset_s3_bucket_consumer', 'dataset_alias_example_alias_producer', 'dataset_alias_example_alias_consumer', 'dataset_s3_bucket_producer' retrieved from /Users/uk/miniforge3/lib/python3.10/site-packages/airflow/example_dags/example_dataset_alias.py
[2025-03-26T22:39:44.650+0530] {logging_mixin.py:190} INFO - [2025-03-26T22:39:44.649+0530] {dag.py:3239} INFO - Sync 4 DAGs
[2025-03-26T22:39:44.657+0530] {logging_mixin.py:190} INFO - [2025-03-26T22:39:44.657+0530] {dag.py:4180} INFO - Setting next_dagrun for dataset_alias_example_alias_consumer to None, run_after=None
[2025-03-26T22:39:44.658+0530] {logging_mixin.py:190} INFO - [2025-03-26T22:39:44.658+0530] {dag.py:4180} INFO - Setting next_dagrun for dataset_alias_example_alias_producer to None, run_after=None
[2025-03-26T22:39:44.658+0530] {logging_mixin.py:190} INFO - [2025-03-26T22:39:44.658+0530] {dag.py:4180} INFO - Setting next_dagrun for dataset_s3_bucket_consumer to None, run_after=None
[2025-03-26T22:39:44.658+0530] {logging_mixin.py:190} INFO - [2025-03-26T22:39:44.658+0530] {dag.py:4180} INFO - Setting next_dagrun for dataset_s3_bucket_producer to None, run_after=None
[2025-03-26T22:39:44.666+0530] {processor.py:208} INFO - Processing /Users/uk/miniforge3/lib/python3.10/site-packages/airflow/example_dags/example_dataset_alias.py took 0.096 seconds
[2025-03-26T22:42:24.012+0530] {processor.py:186} INFO - Started process (PID=10958) to work on /Users/uk/miniforge3/lib/python3.10/site-packages/airflow/example_dags/example_dataset_alias.py
[2025-03-26T22:42:24.014+0530] {processor.py:914} INFO - Processing file /Users/uk/miniforge3/lib/python3.10/site-packages/airflow/example_dags/example_dataset_alias.py for tasks to queue
[2025-03-26T22:42:24.014+0530] {logging_mixin.py:190} INFO - [2025-03-26T22:42:24.014+0530] {dagbag.py:588} INFO - Filling up the DagBag from /Users/uk/miniforge3/lib/python3.10/site-packages/airflow/example_dags/example_dataset_alias.py
[2025-03-26T22:42:24.080+0530] {processor.py:925} INFO - DAG(s) 'dataset_s3_bucket_consumer', 'dataset_alias_example_alias_consumer', 'dataset_alias_example_alias_producer', 'dataset_s3_bucket_producer' retrieved from /Users/uk/miniforge3/lib/python3.10/site-packages/airflow/example_dags/example_dataset_alias.py
[2025-03-26T22:42:24.089+0530] {logging_mixin.py:190} INFO - [2025-03-26T22:42:24.089+0530] {dag.py:3239} INFO - Sync 4 DAGs
[2025-03-26T22:42:24.096+0530] {logging_mixin.py:190} INFO - [2025-03-26T22:42:24.096+0530] {dag.py:4180} INFO - Setting next_dagrun for dataset_alias_example_alias_consumer to None, run_after=None
[2025-03-26T22:42:24.097+0530] {logging_mixin.py:190} INFO - [2025-03-26T22:42:24.097+0530] {dag.py:4180} INFO - Setting next_dagrun for dataset_alias_example_alias_producer to None, run_after=None
[2025-03-26T22:42:24.098+0530] {logging_mixin.py:190} INFO - [2025-03-26T22:42:24.098+0530] {dag.py:4180} INFO - Setting next_dagrun for dataset_s3_bucket_consumer to None, run_after=None
[2025-03-26T22:42:24.098+0530] {logging_mixin.py:190} INFO - [2025-03-26T22:42:24.098+0530] {dag.py:4180} INFO - Setting next_dagrun for dataset_s3_bucket_producer to None, run_after=None
[2025-03-26T22:42:24.105+0530] {processor.py:208} INFO - Processing /Users/uk/miniforge3/lib/python3.10/site-packages/airflow/example_dags/example_dataset_alias.py took 0.094 seconds
[2025-03-26T22:44:57.027+0530] {processor.py:186} INFO - Started process (PID=11197) to work on /Users/uk/miniforge3/lib/python3.10/site-packages/airflow/example_dags/example_dataset_alias.py
[2025-03-26T22:44:57.028+0530] {processor.py:914} INFO - Processing file /Users/uk/miniforge3/lib/python3.10/site-packages/airflow/example_dags/example_dataset_alias.py for tasks to queue
[2025-03-26T22:44:57.028+0530] {logging_mixin.py:190} INFO - [2025-03-26T22:44:57.028+0530] {dagbag.py:588} INFO - Filling up the DagBag from /Users/uk/miniforge3/lib/python3.10/site-packages/airflow/example_dags/example_dataset_alias.py
[2025-03-26T22:44:57.093+0530] {processor.py:925} INFO - DAG(s) 'dataset_alias_example_alias_producer', 'dataset_s3_bucket_consumer', 'dataset_alias_example_alias_consumer', 'dataset_s3_bucket_producer' retrieved from /Users/uk/miniforge3/lib/python3.10/site-packages/airflow/example_dags/example_dataset_alias.py
[2025-03-26T22:44:57.103+0530] {logging_mixin.py:190} INFO - [2025-03-26T22:44:57.103+0530] {dag.py:3239} INFO - Sync 4 DAGs
[2025-03-26T22:44:57.111+0530] {logging_mixin.py:190} INFO - [2025-03-26T22:44:57.111+0530] {dag.py:4180} INFO - Setting next_dagrun for dataset_alias_example_alias_consumer to None, run_after=None
[2025-03-26T22:44:57.112+0530] {logging_mixin.py:190} INFO - [2025-03-26T22:44:57.112+0530] {dag.py:4180} INFO - Setting next_dagrun for dataset_alias_example_alias_producer to None, run_after=None
[2025-03-26T22:44:57.112+0530] {logging_mixin.py:190} INFO - [2025-03-26T22:44:57.112+0530] {dag.py:4180} INFO - Setting next_dagrun for dataset_s3_bucket_consumer to None, run_after=None
[2025-03-26T22:44:57.112+0530] {logging_mixin.py:190} INFO - [2025-03-26T22:44:57.112+0530] {dag.py:4180} INFO - Setting next_dagrun for dataset_s3_bucket_producer to None, run_after=None
[2025-03-26T22:44:57.120+0530] {processor.py:208} INFO - Processing /Users/uk/miniforge3/lib/python3.10/site-packages/airflow/example_dags/example_dataset_alias.py took 0.094 seconds
[2025-03-26T22:47:29.948+0530] {processor.py:186} INFO - Started process (PID=11459) to work on /Users/uk/miniforge3/lib/python3.10/site-packages/airflow/example_dags/example_dataset_alias.py
[2025-03-26T22:47:29.949+0530] {processor.py:914} INFO - Processing file /Users/uk/miniforge3/lib/python3.10/site-packages/airflow/example_dags/example_dataset_alias.py for tasks to queue
[2025-03-26T22:47:29.949+0530] {logging_mixin.py:190} INFO - [2025-03-26T22:47:29.949+0530] {dagbag.py:588} INFO - Filling up the DagBag from /Users/uk/miniforge3/lib/python3.10/site-packages/airflow/example_dags/example_dataset_alias.py
[2025-03-26T22:47:30.013+0530] {processor.py:925} INFO - DAG(s) 'dataset_s3_bucket_producer', 'dataset_alias_example_alias_consumer', 'dataset_s3_bucket_consumer', 'dataset_alias_example_alias_producer' retrieved from /Users/uk/miniforge3/lib/python3.10/site-packages/airflow/example_dags/example_dataset_alias.py
[2025-03-26T22:47:30.022+0530] {logging_mixin.py:190} INFO - [2025-03-26T22:47:30.022+0530] {dag.py:3239} INFO - Sync 4 DAGs
[2025-03-26T22:47:30.029+0530] {logging_mixin.py:190} INFO - [2025-03-26T22:47:30.029+0530] {dag.py:4180} INFO - Setting next_dagrun for dataset_alias_example_alias_consumer to None, run_after=None
[2025-03-26T22:47:30.031+0530] {logging_mixin.py:190} INFO - [2025-03-26T22:47:30.031+0530] {dag.py:4180} INFO - Setting next_dagrun for dataset_alias_example_alias_producer to None, run_after=None
[2025-03-26T22:47:30.031+0530] {logging_mixin.py:190} INFO - [2025-03-26T22:47:30.031+0530] {dag.py:4180} INFO - Setting next_dagrun for dataset_s3_bucket_consumer to None, run_after=None
[2025-03-26T22:47:30.031+0530] {logging_mixin.py:190} INFO - [2025-03-26T22:47:30.031+0530] {dag.py:4180} INFO - Setting next_dagrun for dataset_s3_bucket_producer to None, run_after=None
[2025-03-26T22:47:30.039+0530] {processor.py:208} INFO - Processing /Users/uk/miniforge3/lib/python3.10/site-packages/airflow/example_dags/example_dataset_alias.py took 0.093 seconds
[2025-03-26T22:49:54.940+0530] {processor.py:186} INFO - Started process (PID=12051) to work on /Users/uk/miniforge3/lib/python3.10/site-packages/airflow/example_dags/example_dataset_alias.py
[2025-03-26T22:49:54.941+0530] {processor.py:914} INFO - Processing file /Users/uk/miniforge3/lib/python3.10/site-packages/airflow/example_dags/example_dataset_alias.py for tasks to queue
[2025-03-26T22:49:54.941+0530] {logging_mixin.py:190} INFO - [2025-03-26T22:49:54.941+0530] {dagbag.py:588} INFO - Filling up the DagBag from /Users/uk/miniforge3/lib/python3.10/site-packages/airflow/example_dags/example_dataset_alias.py
[2025-03-26T22:49:55.003+0530] {processor.py:925} INFO - DAG(s) 'dataset_s3_bucket_producer', 'dataset_s3_bucket_consumer', 'dataset_alias_example_alias_consumer', 'dataset_alias_example_alias_producer' retrieved from /Users/uk/miniforge3/lib/python3.10/site-packages/airflow/example_dags/example_dataset_alias.py
[2025-03-26T22:49:55.012+0530] {logging_mixin.py:190} INFO - [2025-03-26T22:49:55.012+0530] {dag.py:3239} INFO - Sync 4 DAGs
[2025-03-26T22:49:55.019+0530] {logging_mixin.py:190} INFO - [2025-03-26T22:49:55.019+0530] {dag.py:4180} INFO - Setting next_dagrun for dataset_alias_example_alias_consumer to None, run_after=None
[2025-03-26T22:49:55.020+0530] {logging_mixin.py:190} INFO - [2025-03-26T22:49:55.020+0530] {dag.py:4180} INFO - Setting next_dagrun for dataset_alias_example_alias_producer to None, run_after=None
[2025-03-26T22:49:55.020+0530] {logging_mixin.py:190} INFO - [2025-03-26T22:49:55.020+0530] {dag.py:4180} INFO - Setting next_dagrun for dataset_s3_bucket_consumer to None, run_after=None
[2025-03-26T22:49:55.020+0530] {logging_mixin.py:190} INFO - [2025-03-26T22:49:55.020+0530] {dag.py:4180} INFO - Setting next_dagrun for dataset_s3_bucket_producer to None, run_after=None
[2025-03-26T22:49:55.027+0530] {processor.py:208} INFO - Processing /Users/uk/miniforge3/lib/python3.10/site-packages/airflow/example_dags/example_dataset_alias.py took 0.088 seconds
