[2025-03-26T22:08:52.840+0530] {processor.py:186} INFO - Started process (PID=6286) to work on /Users/uk/miniforge3/lib/python3.10/site-packages/airflow/example_dags/example_python_decorator.py
[2025-03-26T22:08:52.840+0530] {processor.py:914} INFO - Processing file /Users/uk/miniforge3/lib/python3.10/site-packages/airflow/example_dags/example_python_decorator.py for tasks to queue
[2025-03-26T22:08:52.841+0530] {logging_mixin.py:190} INFO - [2025-03-26T22:08:52.841+0530] {dagbag.py:588} INFO - Filling up the DagBag from /Users/uk/miniforge3/lib/python3.10/site-packages/airflow/example_dags/example_python_decorator.py
[2025-03-26T22:08:52.857+0530] {processor.py:925} INFO - DAG(s) 'example_python_decorator' retrieved from /Users/uk/miniforge3/lib/python3.10/site-packages/airflow/example_dags/example_python_decorator.py
[2025-03-26T22:08:52.932+0530] {logging_mixin.py:190} INFO - [2025-03-26T22:08:52.932+0530] {dag.py:3239} INFO - Sync 1 DAGs
[2025-03-26T22:08:52.936+0530] {logging_mixin.py:190} INFO - [2025-03-26T22:08:52.935+0530] {dag.py:4180} INFO - Setting next_dagrun for example_python_decorator to None, run_after=None
[2025-03-26T22:08:52.942+0530] {processor.py:208} INFO - Processing /Users/uk/miniforge3/lib/python3.10/site-packages/airflow/example_dags/example_python_decorator.py took 0.103 seconds
[2025-03-26T22:10:37.790+0530] {processor.py:186} INFO - Started process (PID=6811) to work on /Users/uk/miniforge3/lib/python3.10/site-packages/airflow/example_dags/example_python_decorator.py
[2025-03-26T22:10:37.790+0530] {processor.py:914} INFO - Processing file /Users/uk/miniforge3/lib/python3.10/site-packages/airflow/example_dags/example_python_decorator.py for tasks to queue
[2025-03-26T22:10:37.791+0530] {logging_mixin.py:190} INFO - [2025-03-26T22:10:37.791+0530] {dagbag.py:588} INFO - Filling up the DagBag from /Users/uk/miniforge3/lib/python3.10/site-packages/airflow/example_dags/example_python_decorator.py
[2025-03-26T22:10:37.807+0530] {processor.py:925} INFO - DAG(s) 'example_python_decorator' retrieved from /Users/uk/miniforge3/lib/python3.10/site-packages/airflow/example_dags/example_python_decorator.py
[2025-03-26T22:10:37.880+0530] {logging_mixin.py:190} INFO - [2025-03-26T22:10:37.880+0530] {dag.py:3239} INFO - Sync 1 DAGs
[2025-03-26T22:10:37.884+0530] {logging_mixin.py:190} INFO - [2025-03-26T22:10:37.884+0530] {dag.py:4180} INFO - Setting next_dagrun for example_python_decorator to None, run_after=None
[2025-03-26T22:10:37.891+0530] {processor.py:208} INFO - Processing /Users/uk/miniforge3/lib/python3.10/site-packages/airflow/example_dags/example_python_decorator.py took 0.102 seconds
[2025-03-26T22:13:21.413+0530] {processor.py:186} INFO - Started process (PID=7121) to work on /Users/uk/miniforge3/lib/python3.10/site-packages/airflow/example_dags/example_python_decorator.py
[2025-03-26T22:13:21.414+0530] {processor.py:914} INFO - Processing file /Users/uk/miniforge3/lib/python3.10/site-packages/airflow/example_dags/example_python_decorator.py for tasks to queue
[2025-03-26T22:13:21.415+0530] {logging_mixin.py:190} INFO - [2025-03-26T22:13:21.415+0530] {dagbag.py:588} INFO - Filling up the DagBag from /Users/uk/miniforge3/lib/python3.10/site-packages/airflow/example_dags/example_python_decorator.py
[2025-03-26T22:13:21.433+0530] {processor.py:925} INFO - DAG(s) 'example_python_decorator' retrieved from /Users/uk/miniforge3/lib/python3.10/site-packages/airflow/example_dags/example_python_decorator.py
[2025-03-26T22:13:21.515+0530] {logging_mixin.py:190} INFO - [2025-03-26T22:13:21.515+0530] {dag.py:3239} INFO - Sync 1 DAGs
[2025-03-26T22:13:21.519+0530] {logging_mixin.py:190} INFO - [2025-03-26T22:13:21.519+0530] {dag.py:4180} INFO - Setting next_dagrun for example_python_decorator to None, run_after=None
[2025-03-26T22:13:21.526+0530] {processor.py:208} INFO - Processing /Users/uk/miniforge3/lib/python3.10/site-packages/airflow/example_dags/example_python_decorator.py took 0.115 seconds
[2025-03-26T22:15:17.981+0530] {processor.py:186} INFO - Started process (PID=7655) to work on /Users/uk/miniforge3/lib/python3.10/site-packages/airflow/example_dags/example_python_decorator.py
[2025-03-26T22:15:17.982+0530] {processor.py:914} INFO - Processing file /Users/uk/miniforge3/lib/python3.10/site-packages/airflow/example_dags/example_python_decorator.py for tasks to queue
[2025-03-26T22:15:17.983+0530] {logging_mixin.py:190} INFO - [2025-03-26T22:15:17.982+0530] {dagbag.py:588} INFO - Filling up the DagBag from /Users/uk/miniforge3/lib/python3.10/site-packages/airflow/example_dags/example_python_decorator.py
[2025-03-26T22:15:17.998+0530] {processor.py:925} INFO - DAG(s) 'example_python_decorator' retrieved from /Users/uk/miniforge3/lib/python3.10/site-packages/airflow/example_dags/example_python_decorator.py
[2025-03-26T22:15:18.069+0530] {logging_mixin.py:190} INFO - [2025-03-26T22:15:18.068+0530] {dag.py:3239} INFO - Sync 1 DAGs
[2025-03-26T22:15:18.072+0530] {logging_mixin.py:190} INFO - [2025-03-26T22:15:18.072+0530] {dag.py:4180} INFO - Setting next_dagrun for example_python_decorator to None, run_after=None
[2025-03-26T22:15:18.079+0530] {processor.py:208} INFO - Processing /Users/uk/miniforge3/lib/python3.10/site-packages/airflow/example_dags/example_python_decorator.py took 0.099 seconds
[2025-03-26T22:17:51.160+0530] {processor.py:186} INFO - Started process (PID=7944) to work on /Users/uk/miniforge3/lib/python3.10/site-packages/airflow/example_dags/example_python_decorator.py
[2025-03-26T22:17:51.161+0530] {processor.py:914} INFO - Processing file /Users/uk/miniforge3/lib/python3.10/site-packages/airflow/example_dags/example_python_decorator.py for tasks to queue
[2025-03-26T22:17:51.161+0530] {logging_mixin.py:190} INFO - [2025-03-26T22:17:51.161+0530] {dagbag.py:588} INFO - Filling up the DagBag from /Users/uk/miniforge3/lib/python3.10/site-packages/airflow/example_dags/example_python_decorator.py
[2025-03-26T22:17:51.177+0530] {processor.py:925} INFO - DAG(s) 'example_python_decorator' retrieved from /Users/uk/miniforge3/lib/python3.10/site-packages/airflow/example_dags/example_python_decorator.py
[2025-03-26T22:17:51.248+0530] {logging_mixin.py:190} INFO - [2025-03-26T22:17:51.248+0530] {dag.py:3239} INFO - Sync 1 DAGs
[2025-03-26T22:17:51.252+0530] {logging_mixin.py:190} INFO - [2025-03-26T22:17:51.252+0530] {dag.py:4180} INFO - Setting next_dagrun for example_python_decorator to None, run_after=None
[2025-03-26T22:17:51.258+0530] {processor.py:208} INFO - Processing /Users/uk/miniforge3/lib/python3.10/site-packages/airflow/example_dags/example_python_decorator.py took 0.099 seconds
[2025-03-26T22:20:25.256+0530] {processor.py:186} INFO - Started process (PID=8215) to work on /Users/uk/miniforge3/lib/python3.10/site-packages/airflow/example_dags/example_python_decorator.py
[2025-03-26T22:20:25.256+0530] {processor.py:914} INFO - Processing file /Users/uk/miniforge3/lib/python3.10/site-packages/airflow/example_dags/example_python_decorator.py for tasks to queue
[2025-03-26T22:20:25.257+0530] {logging_mixin.py:190} INFO - [2025-03-26T22:20:25.257+0530] {dagbag.py:588} INFO - Filling up the DagBag from /Users/uk/miniforge3/lib/python3.10/site-packages/airflow/example_dags/example_python_decorator.py
[2025-03-26T22:20:25.272+0530] {processor.py:925} INFO - DAG(s) 'example_python_decorator' retrieved from /Users/uk/miniforge3/lib/python3.10/site-packages/airflow/example_dags/example_python_decorator.py
[2025-03-26T22:20:25.344+0530] {logging_mixin.py:190} INFO - [2025-03-26T22:20:25.344+0530] {dag.py:3239} INFO - Sync 1 DAGs
[2025-03-26T22:20:25.348+0530] {logging_mixin.py:190} INFO - [2025-03-26T22:20:25.348+0530] {dag.py:4180} INFO - Setting next_dagrun for example_python_decorator to None, run_after=None
[2025-03-26T22:20:25.354+0530] {processor.py:208} INFO - Processing /Users/uk/miniforge3/lib/python3.10/site-packages/airflow/example_dags/example_python_decorator.py took 0.100 seconds
[2025-03-26T22:22:56.453+0530] {processor.py:186} INFO - Started process (PID=8512) to work on /Users/uk/miniforge3/lib/python3.10/site-packages/airflow/example_dags/example_python_decorator.py
[2025-03-26T22:22:56.454+0530] {processor.py:914} INFO - Processing file /Users/uk/miniforge3/lib/python3.10/site-packages/airflow/example_dags/example_python_decorator.py for tasks to queue
[2025-03-26T22:22:56.454+0530] {logging_mixin.py:190} INFO - [2025-03-26T22:22:56.454+0530] {dagbag.py:588} INFO - Filling up the DagBag from /Users/uk/miniforge3/lib/python3.10/site-packages/airflow/example_dags/example_python_decorator.py
[2025-03-26T22:22:56.470+0530] {processor.py:925} INFO - DAG(s) 'example_python_decorator' retrieved from /Users/uk/miniforge3/lib/python3.10/site-packages/airflow/example_dags/example_python_decorator.py
[2025-03-26T22:22:56.540+0530] {logging_mixin.py:190} INFO - [2025-03-26T22:22:56.540+0530] {dag.py:3239} INFO - Sync 1 DAGs
[2025-03-26T22:22:56.544+0530] {logging_mixin.py:190} INFO - [2025-03-26T22:22:56.544+0530] {dag.py:4180} INFO - Setting next_dagrun for example_python_decorator to None, run_after=None
[2025-03-26T22:22:56.550+0530] {processor.py:208} INFO - Processing /Users/uk/miniforge3/lib/python3.10/site-packages/airflow/example_dags/example_python_decorator.py took 0.098 seconds
[2025-03-26T22:25:33.691+0530] {processor.py:186} INFO - Started process (PID=8799) to work on /Users/uk/miniforge3/lib/python3.10/site-packages/airflow/example_dags/example_python_decorator.py
[2025-03-26T22:25:33.692+0530] {processor.py:914} INFO - Processing file /Users/uk/miniforge3/lib/python3.10/site-packages/airflow/example_dags/example_python_decorator.py for tasks to queue
[2025-03-26T22:25:33.692+0530] {logging_mixin.py:190} INFO - [2025-03-26T22:25:33.692+0530] {dagbag.py:588} INFO - Filling up the DagBag from /Users/uk/miniforge3/lib/python3.10/site-packages/airflow/example_dags/example_python_decorator.py
[2025-03-26T22:25:33.708+0530] {processor.py:925} INFO - DAG(s) 'example_python_decorator' retrieved from /Users/uk/miniforge3/lib/python3.10/site-packages/airflow/example_dags/example_python_decorator.py
[2025-03-26T22:25:33.781+0530] {logging_mixin.py:190} INFO - [2025-03-26T22:25:33.781+0530] {dag.py:3239} INFO - Sync 1 DAGs
[2025-03-26T22:25:33.785+0530] {logging_mixin.py:190} INFO - [2025-03-26T22:25:33.785+0530] {dag.py:4180} INFO - Setting next_dagrun for example_python_decorator to None, run_after=None
[2025-03-26T22:25:33.792+0530] {processor.py:208} INFO - Processing /Users/uk/miniforge3/lib/python3.10/site-packages/airflow/example_dags/example_python_decorator.py took 0.102 seconds
[2025-03-26T22:28:08.813+0530] {processor.py:186} INFO - Started process (PID=9067) to work on /Users/uk/miniforge3/lib/python3.10/site-packages/airflow/example_dags/example_python_decorator.py
[2025-03-26T22:28:08.814+0530] {processor.py:914} INFO - Processing file /Users/uk/miniforge3/lib/python3.10/site-packages/airflow/example_dags/example_python_decorator.py for tasks to queue
[2025-03-26T22:28:08.814+0530] {logging_mixin.py:190} INFO - [2025-03-26T22:28:08.814+0530] {dagbag.py:588} INFO - Filling up the DagBag from /Users/uk/miniforge3/lib/python3.10/site-packages/airflow/example_dags/example_python_decorator.py
[2025-03-26T22:28:08.830+0530] {processor.py:925} INFO - DAG(s) 'example_python_decorator' retrieved from /Users/uk/miniforge3/lib/python3.10/site-packages/airflow/example_dags/example_python_decorator.py
[2025-03-26T22:28:08.901+0530] {logging_mixin.py:190} INFO - [2025-03-26T22:28:08.900+0530] {dag.py:3239} INFO - Sync 1 DAGs
[2025-03-26T22:28:08.905+0530] {logging_mixin.py:190} INFO - [2025-03-26T22:28:08.905+0530] {dag.py:4180} INFO - Setting next_dagrun for example_python_decorator to None, run_after=None
[2025-03-26T22:28:08.912+0530] {processor.py:208} INFO - Processing /Users/uk/miniforge3/lib/python3.10/site-packages/airflow/example_dags/example_python_decorator.py took 0.101 seconds
[2025-03-26T22:30:49.767+0530] {processor.py:186} INFO - Started process (PID=9337) to work on /Users/uk/miniforge3/lib/python3.10/site-packages/airflow/example_dags/example_python_decorator.py
[2025-03-26T22:30:49.768+0530] {processor.py:914} INFO - Processing file /Users/uk/miniforge3/lib/python3.10/site-packages/airflow/example_dags/example_python_decorator.py for tasks to queue
[2025-03-26T22:30:49.769+0530] {logging_mixin.py:190} INFO - [2025-03-26T22:30:49.769+0530] {dagbag.py:588} INFO - Filling up the DagBag from /Users/uk/miniforge3/lib/python3.10/site-packages/airflow/example_dags/example_python_decorator.py
[2025-03-26T22:30:49.784+0530] {processor.py:925} INFO - DAG(s) 'example_python_decorator' retrieved from /Users/uk/miniforge3/lib/python3.10/site-packages/airflow/example_dags/example_python_decorator.py
[2025-03-26T22:30:49.853+0530] {logging_mixin.py:190} INFO - [2025-03-26T22:30:49.853+0530] {dag.py:3239} INFO - Sync 1 DAGs
[2025-03-26T22:30:49.857+0530] {logging_mixin.py:190} INFO - [2025-03-26T22:30:49.857+0530] {dag.py:4180} INFO - Setting next_dagrun for example_python_decorator to None, run_after=None
[2025-03-26T22:30:49.864+0530] {processor.py:208} INFO - Processing /Users/uk/miniforge3/lib/python3.10/site-packages/airflow/example_dags/example_python_decorator.py took 0.098 seconds
[2025-03-26T22:33:10.885+0530] {processor.py:186} INFO - Started process (PID=9587) to work on /Users/uk/miniforge3/lib/python3.10/site-packages/airflow/example_dags/example_python_decorator.py
[2025-03-26T22:33:10.886+0530] {processor.py:914} INFO - Processing file /Users/uk/miniforge3/lib/python3.10/site-packages/airflow/example_dags/example_python_decorator.py for tasks to queue
[2025-03-26T22:33:10.886+0530] {logging_mixin.py:190} INFO - [2025-03-26T22:33:10.886+0530] {dagbag.py:588} INFO - Filling up the DagBag from /Users/uk/miniforge3/lib/python3.10/site-packages/airflow/example_dags/example_python_decorator.py
[2025-03-26T22:33:10.906+0530] {processor.py:925} INFO - DAG(s) 'example_python_decorator' retrieved from /Users/uk/miniforge3/lib/python3.10/site-packages/airflow/example_dags/example_python_decorator.py
[2025-03-26T22:33:10.978+0530] {logging_mixin.py:190} INFO - [2025-03-26T22:33:10.978+0530] {dag.py:3239} INFO - Sync 1 DAGs
[2025-03-26T22:33:10.982+0530] {logging_mixin.py:190} INFO - [2025-03-26T22:33:10.981+0530] {dag.py:4180} INFO - Setting next_dagrun for example_python_decorator to None, run_after=None
[2025-03-26T22:33:10.989+0530] {processor.py:208} INFO - Processing /Users/uk/miniforge3/lib/python3.10/site-packages/airflow/example_dags/example_python_decorator.py took 0.105 seconds
[2025-03-26T22:35:46.084+0530] {processor.py:186} INFO - Started process (PID=9902) to work on /Users/uk/miniforge3/lib/python3.10/site-packages/airflow/example_dags/example_python_decorator.py
[2025-03-26T22:35:46.085+0530] {processor.py:914} INFO - Processing file /Users/uk/miniforge3/lib/python3.10/site-packages/airflow/example_dags/example_python_decorator.py for tasks to queue
[2025-03-26T22:35:46.086+0530] {logging_mixin.py:190} INFO - [2025-03-26T22:35:46.085+0530] {dagbag.py:588} INFO - Filling up the DagBag from /Users/uk/miniforge3/lib/python3.10/site-packages/airflow/example_dags/example_python_decorator.py
[2025-03-26T22:35:46.101+0530] {processor.py:925} INFO - DAG(s) 'example_python_decorator' retrieved from /Users/uk/miniforge3/lib/python3.10/site-packages/airflow/example_dags/example_python_decorator.py
[2025-03-26T22:35:46.172+0530] {logging_mixin.py:190} INFO - [2025-03-26T22:35:46.172+0530] {dag.py:3239} INFO - Sync 1 DAGs
[2025-03-26T22:35:46.176+0530] {logging_mixin.py:190} INFO - [2025-03-26T22:35:46.175+0530] {dag.py:4180} INFO - Setting next_dagrun for example_python_decorator to None, run_after=None
[2025-03-26T22:35:46.184+0530] {processor.py:208} INFO - Processing /Users/uk/miniforge3/lib/python3.10/site-packages/airflow/example_dags/example_python_decorator.py took 0.101 seconds
[2025-03-26T22:38:30.357+0530] {processor.py:186} INFO - Started process (PID=10196) to work on /Users/uk/miniforge3/lib/python3.10/site-packages/airflow/example_dags/example_python_decorator.py
[2025-03-26T22:38:30.358+0530] {processor.py:914} INFO - Processing file /Users/uk/miniforge3/lib/python3.10/site-packages/airflow/example_dags/example_python_decorator.py for tasks to queue
[2025-03-26T22:38:30.359+0530] {logging_mixin.py:190} INFO - [2025-03-26T22:38:30.359+0530] {dagbag.py:588} INFO - Filling up the DagBag from /Users/uk/miniforge3/lib/python3.10/site-packages/airflow/example_dags/example_python_decorator.py
[2025-03-26T22:38:30.387+0530] {processor.py:925} INFO - DAG(s) 'example_python_decorator' retrieved from /Users/uk/miniforge3/lib/python3.10/site-packages/airflow/example_dags/example_python_decorator.py
[2025-03-26T22:38:30.468+0530] {logging_mixin.py:190} INFO - [2025-03-26T22:38:30.467+0530] {dag.py:3239} INFO - Sync 1 DAGs
[2025-03-26T22:38:30.472+0530] {logging_mixin.py:190} INFO - [2025-03-26T22:38:30.471+0530] {dag.py:4180} INFO - Setting next_dagrun for example_python_decorator to None, run_after=None
[2025-03-26T22:38:30.479+0530] {processor.py:208} INFO - Processing /Users/uk/miniforge3/lib/python3.10/site-packages/airflow/example_dags/example_python_decorator.py took 0.125 seconds
[2025-03-26T22:41:01.930+0530] {processor.py:186} INFO - Started process (PID=10765) to work on /Users/uk/miniforge3/lib/python3.10/site-packages/airflow/example_dags/example_python_decorator.py
[2025-03-26T22:41:01.931+0530] {processor.py:914} INFO - Processing file /Users/uk/miniforge3/lib/python3.10/site-packages/airflow/example_dags/example_python_decorator.py for tasks to queue
[2025-03-26T22:41:01.931+0530] {logging_mixin.py:190} INFO - [2025-03-26T22:41:01.931+0530] {dagbag.py:588} INFO - Filling up the DagBag from /Users/uk/miniforge3/lib/python3.10/site-packages/airflow/example_dags/example_python_decorator.py
[2025-03-26T22:41:01.946+0530] {processor.py:925} INFO - DAG(s) 'example_python_decorator' retrieved from /Users/uk/miniforge3/lib/python3.10/site-packages/airflow/example_dags/example_python_decorator.py
[2025-03-26T22:41:02.022+0530] {logging_mixin.py:190} INFO - [2025-03-26T22:41:02.022+0530] {dag.py:3239} INFO - Sync 1 DAGs
[2025-03-26T22:41:02.026+0530] {logging_mixin.py:190} INFO - [2025-03-26T22:41:02.026+0530] {dag.py:4180} INFO - Setting next_dagrun for example_python_decorator to None, run_after=None
[2025-03-26T22:41:02.034+0530] {processor.py:208} INFO - Processing /Users/uk/miniforge3/lib/python3.10/site-packages/airflow/example_dags/example_python_decorator.py took 0.105 seconds
[2025-03-26T22:43:39.492+0530] {processor.py:186} INFO - Started process (PID=11080) to work on /Users/uk/miniforge3/lib/python3.10/site-packages/airflow/example_dags/example_python_decorator.py
[2025-03-26T22:43:39.493+0530] {processor.py:914} INFO - Processing file /Users/uk/miniforge3/lib/python3.10/site-packages/airflow/example_dags/example_python_decorator.py for tasks to queue
[2025-03-26T22:43:39.493+0530] {logging_mixin.py:190} INFO - [2025-03-26T22:43:39.493+0530] {dagbag.py:588} INFO - Filling up the DagBag from /Users/uk/miniforge3/lib/python3.10/site-packages/airflow/example_dags/example_python_decorator.py
[2025-03-26T22:43:39.508+0530] {processor.py:925} INFO - DAG(s) 'example_python_decorator' retrieved from /Users/uk/miniforge3/lib/python3.10/site-packages/airflow/example_dags/example_python_decorator.py
[2025-03-26T22:43:39.580+0530] {logging_mixin.py:190} INFO - [2025-03-26T22:43:39.580+0530] {dag.py:3239} INFO - Sync 1 DAGs
[2025-03-26T22:43:39.584+0530] {logging_mixin.py:190} INFO - [2025-03-26T22:43:39.584+0530] {dag.py:4180} INFO - Setting next_dagrun for example_python_decorator to None, run_after=None
[2025-03-26T22:43:39.590+0530] {processor.py:208} INFO - Processing /Users/uk/miniforge3/lib/python3.10/site-packages/airflow/example_dags/example_python_decorator.py took 0.099 seconds
[2025-03-26T22:46:11.841+0530] {processor.py:186} INFO - Started process (PID=11331) to work on /Users/uk/miniforge3/lib/python3.10/site-packages/airflow/example_dags/example_python_decorator.py
[2025-03-26T22:46:11.843+0530] {processor.py:914} INFO - Processing file /Users/uk/miniforge3/lib/python3.10/site-packages/airflow/example_dags/example_python_decorator.py for tasks to queue
[2025-03-26T22:46:11.843+0530] {logging_mixin.py:190} INFO - [2025-03-26T22:46:11.843+0530] {dagbag.py:588} INFO - Filling up the DagBag from /Users/uk/miniforge3/lib/python3.10/site-packages/airflow/example_dags/example_python_decorator.py
[2025-03-26T22:46:11.858+0530] {processor.py:925} INFO - DAG(s) 'example_python_decorator' retrieved from /Users/uk/miniforge3/lib/python3.10/site-packages/airflow/example_dags/example_python_decorator.py
[2025-03-26T22:46:11.930+0530] {logging_mixin.py:190} INFO - [2025-03-26T22:46:11.930+0530] {dag.py:3239} INFO - Sync 1 DAGs
[2025-03-26T22:46:11.934+0530] {logging_mixin.py:190} INFO - [2025-03-26T22:46:11.934+0530] {dag.py:4180} INFO - Setting next_dagrun for example_python_decorator to None, run_after=None
[2025-03-26T22:46:11.941+0530] {processor.py:208} INFO - Processing /Users/uk/miniforge3/lib/python3.10/site-packages/airflow/example_dags/example_python_decorator.py took 0.101 seconds
[2025-03-26T22:48:37.706+0530] {processor.py:186} INFO - Started process (PID=11586) to work on /Users/uk/miniforge3/lib/python3.10/site-packages/airflow/example_dags/example_python_decorator.py
[2025-03-26T22:48:37.707+0530] {processor.py:914} INFO - Processing file /Users/uk/miniforge3/lib/python3.10/site-packages/airflow/example_dags/example_python_decorator.py for tasks to queue
[2025-03-26T22:48:37.707+0530] {logging_mixin.py:190} INFO - [2025-03-26T22:48:37.707+0530] {dagbag.py:588} INFO - Filling up the DagBag from /Users/uk/miniforge3/lib/python3.10/site-packages/airflow/example_dags/example_python_decorator.py
[2025-03-26T22:48:37.722+0530] {processor.py:925} INFO - DAG(s) 'example_python_decorator' retrieved from /Users/uk/miniforge3/lib/python3.10/site-packages/airflow/example_dags/example_python_decorator.py
[2025-03-26T22:48:37.797+0530] {logging_mixin.py:190} INFO - [2025-03-26T22:48:37.797+0530] {dag.py:3239} INFO - Sync 1 DAGs
[2025-03-26T22:48:37.802+0530] {logging_mixin.py:190} INFO - [2025-03-26T22:48:37.802+0530] {dag.py:4180} INFO - Setting next_dagrun for example_python_decorator to None, run_after=None
[2025-03-26T22:48:37.809+0530] {processor.py:208} INFO - Processing /Users/uk/miniforge3/lib/python3.10/site-packages/airflow/example_dags/example_python_decorator.py took 0.105 seconds
[2025-03-26T22:51:10.640+0530] {processor.py:186} INFO - Started process (PID=12204) to work on /Users/uk/miniforge3/lib/python3.10/site-packages/airflow/example_dags/example_python_decorator.py
[2025-03-26T22:51:10.641+0530] {processor.py:914} INFO - Processing file /Users/uk/miniforge3/lib/python3.10/site-packages/airflow/example_dags/example_python_decorator.py for tasks to queue
[2025-03-26T22:51:10.641+0530] {logging_mixin.py:190} INFO - [2025-03-26T22:51:10.641+0530] {dagbag.py:588} INFO - Filling up the DagBag from /Users/uk/miniforge3/lib/python3.10/site-packages/airflow/example_dags/example_python_decorator.py
[2025-03-26T22:51:10.662+0530] {processor.py:925} INFO - DAG(s) 'example_python_decorator' retrieved from /Users/uk/miniforge3/lib/python3.10/site-packages/airflow/example_dags/example_python_decorator.py
[2025-03-26T22:51:10.737+0530] {logging_mixin.py:190} INFO - [2025-03-26T22:51:10.737+0530] {dag.py:3239} INFO - Sync 1 DAGs
[2025-03-26T22:51:10.741+0530] {logging_mixin.py:190} INFO - [2025-03-26T22:51:10.740+0530] {dag.py:4180} INFO - Setting next_dagrun for example_python_decorator to None, run_after=None
[2025-03-26T22:51:10.747+0530] {processor.py:208} INFO - Processing /Users/uk/miniforge3/lib/python3.10/site-packages/airflow/example_dags/example_python_decorator.py took 0.109 seconds
