[2025-03-26T22:09:19.635+0530] {processor.py:186} INFO - Started process (PID=6670) to work on /Users/uk/miniforge3/lib/python3.10/site-packages/airflow/example_dags/example_datasets.py
[2025-03-26T22:09:19.635+0530] {processor.py:914} INFO - Processing file /Users/uk/miniforge3/lib/python3.10/site-packages/airflow/example_dags/example_datasets.py for tasks to queue
[2025-03-26T22:09:19.636+0530] {logging_mixin.py:190} INFO - [2025-03-26T22:09:19.636+0530] {dagbag.py:588} INFO - Filling up the DagBag from /Users/uk/miniforge3/lib/python3.10/site-packages/airflow/example_dags/example_datasets.py
[2025-03-26T22:09:19.664+0530] {processor.py:925} INFO - DAG(s) 'dataset_consumes_1', 'dataset_produces_1', 'conditional_dataset_and_time_based_timetable', 'consume_1_and_2_with_dataset_expressions', 'consume_1_or_both_2_and_3_with_dataset_expressions', 'dataset_consumes_1_never_scheduled', 'dataset_consumes_1_and_2', 'consume_1_or_2_with_dataset_expressions', 'dataset_consumes_unknown_never_scheduled', 'dataset_produces_2' retrieved from /Users/uk/miniforge3/lib/python3.10/site-packages/airflow/example_dags/example_datasets.py
[2025-03-26T22:09:19.714+0530] {logging_mixin.py:190} INFO - [2025-03-26T22:09:19.714+0530] {dag.py:3239} INFO - Sync 10 DAGs
[2025-03-26T22:09:19.723+0530] {logging_mixin.py:190} INFO - [2025-03-26T22:09:19.722+0530] {dag.py:4180} INFO - Setting next_dagrun for conditional_dataset_and_time_based_timetable to 2025-03-26 01:00:00+00:00, run_after=2025-03-26 01:00:00+00:00
[2025-03-26T22:09:19.724+0530] {logging_mixin.py:190} INFO - [2025-03-26T22:09:19.724+0530] {dag.py:4180} INFO - Setting next_dagrun for consume_1_and_2_with_dataset_expressions to None, run_after=None
[2025-03-26T22:09:19.724+0530] {logging_mixin.py:190} INFO - [2025-03-26T22:09:19.724+0530] {dag.py:4180} INFO - Setting next_dagrun for consume_1_or_2_with_dataset_expressions to None, run_after=None
[2025-03-26T22:09:19.724+0530] {logging_mixin.py:190} INFO - [2025-03-26T22:09:19.724+0530] {dag.py:4180} INFO - Setting next_dagrun for consume_1_or_both_2_and_3_with_dataset_expressions to None, run_after=None
[2025-03-26T22:09:19.725+0530] {logging_mixin.py:190} INFO - [2025-03-26T22:09:19.725+0530] {dag.py:4180} INFO - Setting next_dagrun for dataset_consumes_1 to None, run_after=None
[2025-03-26T22:09:19.725+0530] {logging_mixin.py:190} INFO - [2025-03-26T22:09:19.725+0530] {dag.py:4180} INFO - Setting next_dagrun for dataset_consumes_1_and_2 to None, run_after=None
[2025-03-26T22:09:19.725+0530] {logging_mixin.py:190} INFO - [2025-03-26T22:09:19.725+0530] {dag.py:4180} INFO - Setting next_dagrun for dataset_consumes_1_never_scheduled to None, run_after=None
[2025-03-26T22:09:19.726+0530] {logging_mixin.py:190} INFO - [2025-03-26T22:09:19.726+0530] {dag.py:4180} INFO - Setting next_dagrun for dataset_consumes_unknown_never_scheduled to None, run_after=None
[2025-03-26T22:09:19.726+0530] {logging_mixin.py:190} INFO - [2025-03-26T22:09:19.726+0530] {dag.py:4180} INFO - Setting next_dagrun for dataset_produces_1 to 2025-03-25 00:00:00+00:00, run_after=2025-03-26 00:00:00+00:00
[2025-03-26T22:09:19.727+0530] {logging_mixin.py:190} INFO - [2025-03-26T22:09:19.727+0530] {dag.py:4180} INFO - Setting next_dagrun for dataset_produces_2 to None, run_after=None
[2025-03-26T22:09:19.737+0530] {processor.py:208} INFO - Processing /Users/uk/miniforge3/lib/python3.10/site-packages/airflow/example_dags/example_datasets.py took 0.104 seconds
[2025-03-26T22:13:51.171+0530] {processor.py:186} INFO - Started process (PID=7501) to work on /Users/uk/miniforge3/lib/python3.10/site-packages/airflow/example_dags/example_datasets.py
[2025-03-26T22:13:51.172+0530] {processor.py:914} INFO - Processing file /Users/uk/miniforge3/lib/python3.10/site-packages/airflow/example_dags/example_datasets.py for tasks to queue
[2025-03-26T22:13:51.173+0530] {logging_mixin.py:190} INFO - [2025-03-26T22:13:51.172+0530] {dagbag.py:588} INFO - Filling up the DagBag from /Users/uk/miniforge3/lib/python3.10/site-packages/airflow/example_dags/example_datasets.py
[2025-03-26T22:13:51.199+0530] {processor.py:925} INFO - DAG(s) 'conditional_dataset_and_time_based_timetable', 'consume_1_or_2_with_dataset_expressions', 'consume_1_or_both_2_and_3_with_dataset_expressions', 'consume_1_and_2_with_dataset_expressions', 'dataset_consumes_1_and_2', 'dataset_produces_2', 'dataset_produces_1', 'dataset_consumes_1_never_scheduled', 'dataset_consumes_1', 'dataset_consumes_unknown_never_scheduled' retrieved from /Users/uk/miniforge3/lib/python3.10/site-packages/airflow/example_dags/example_datasets.py
[2025-03-26T22:13:51.245+0530] {logging_mixin.py:190} INFO - [2025-03-26T22:13:51.245+0530] {dag.py:3239} INFO - Sync 10 DAGs
[2025-03-26T22:13:51.253+0530] {logging_mixin.py:190} INFO - [2025-03-26T22:13:51.253+0530] {dag.py:4180} INFO - Setting next_dagrun for conditional_dataset_and_time_based_timetable to 2025-03-26 01:00:00+00:00, run_after=2025-03-26 01:00:00+00:00
[2025-03-26T22:13:51.254+0530] {logging_mixin.py:190} INFO - [2025-03-26T22:13:51.254+0530] {dag.py:4180} INFO - Setting next_dagrun for consume_1_and_2_with_dataset_expressions to None, run_after=None
[2025-03-26T22:13:51.254+0530] {logging_mixin.py:190} INFO - [2025-03-26T22:13:51.254+0530] {dag.py:4180} INFO - Setting next_dagrun for consume_1_or_2_with_dataset_expressions to None, run_after=None
[2025-03-26T22:13:51.254+0530] {logging_mixin.py:190} INFO - [2025-03-26T22:13:51.254+0530] {dag.py:4180} INFO - Setting next_dagrun for consume_1_or_both_2_and_3_with_dataset_expressions to None, run_after=None
[2025-03-26T22:13:51.255+0530] {logging_mixin.py:190} INFO - [2025-03-26T22:13:51.255+0530] {dag.py:4180} INFO - Setting next_dagrun for dataset_consumes_1 to None, run_after=None
[2025-03-26T22:13:51.255+0530] {logging_mixin.py:190} INFO - [2025-03-26T22:13:51.255+0530] {dag.py:4180} INFO - Setting next_dagrun for dataset_consumes_1_and_2 to None, run_after=None
[2025-03-26T22:13:51.255+0530] {logging_mixin.py:190} INFO - [2025-03-26T22:13:51.255+0530] {dag.py:4180} INFO - Setting next_dagrun for dataset_consumes_1_never_scheduled to None, run_after=None
[2025-03-26T22:13:51.255+0530] {logging_mixin.py:190} INFO - [2025-03-26T22:13:51.255+0530] {dag.py:4180} INFO - Setting next_dagrun for dataset_consumes_unknown_never_scheduled to None, run_after=None
[2025-03-26T22:13:51.256+0530] {logging_mixin.py:190} INFO - [2025-03-26T22:13:51.256+0530] {dag.py:4180} INFO - Setting next_dagrun for dataset_produces_1 to 2025-03-25 00:00:00+00:00, run_after=2025-03-26 00:00:00+00:00
[2025-03-26T22:13:51.257+0530] {logging_mixin.py:190} INFO - [2025-03-26T22:13:51.256+0530] {dag.py:4180} INFO - Setting next_dagrun for dataset_produces_2 to None, run_after=None
[2025-03-26T22:13:51.266+0530] {processor.py:208} INFO - Processing /Users/uk/miniforge3/lib/python3.10/site-packages/airflow/example_dags/example_datasets.py took 0.096 seconds
[2025-03-26T22:16:30.117+0530] {processor.py:186} INFO - Started process (PID=7803) to work on /Users/uk/miniforge3/lib/python3.10/site-packages/airflow/example_dags/example_datasets.py
[2025-03-26T22:16:30.118+0530] {processor.py:914} INFO - Processing file /Users/uk/miniforge3/lib/python3.10/site-packages/airflow/example_dags/example_datasets.py for tasks to queue
[2025-03-26T22:16:30.118+0530] {logging_mixin.py:190} INFO - [2025-03-26T22:16:30.118+0530] {dagbag.py:588} INFO - Filling up the DagBag from /Users/uk/miniforge3/lib/python3.10/site-packages/airflow/example_dags/example_datasets.py
[2025-03-26T22:16:30.153+0530] {processor.py:925} INFO - DAG(s) 'dataset_produces_1', 'consume_1_or_both_2_and_3_with_dataset_expressions', 'consume_1_or_2_with_dataset_expressions', 'conditional_dataset_and_time_based_timetable', 'dataset_produces_2', 'consume_1_and_2_with_dataset_expressions', 'dataset_consumes_unknown_never_scheduled', 'dataset_consumes_1_and_2', 'dataset_consumes_1', 'dataset_consumes_1_never_scheduled' retrieved from /Users/uk/miniforge3/lib/python3.10/site-packages/airflow/example_dags/example_datasets.py
[2025-03-26T22:16:30.202+0530] {logging_mixin.py:190} INFO - [2025-03-26T22:16:30.201+0530] {dag.py:3239} INFO - Sync 10 DAGs
[2025-03-26T22:16:30.210+0530] {logging_mixin.py:190} INFO - [2025-03-26T22:16:30.210+0530] {dag.py:4180} INFO - Setting next_dagrun for conditional_dataset_and_time_based_timetable to 2025-03-26 01:00:00+00:00, run_after=2025-03-26 01:00:00+00:00
[2025-03-26T22:16:30.211+0530] {logging_mixin.py:190} INFO - [2025-03-26T22:16:30.211+0530] {dag.py:4180} INFO - Setting next_dagrun for consume_1_and_2_with_dataset_expressions to None, run_after=None
[2025-03-26T22:16:30.212+0530] {logging_mixin.py:190} INFO - [2025-03-26T22:16:30.212+0530] {dag.py:4180} INFO - Setting next_dagrun for consume_1_or_2_with_dataset_expressions to None, run_after=None
[2025-03-26T22:16:30.212+0530] {logging_mixin.py:190} INFO - [2025-03-26T22:16:30.212+0530] {dag.py:4180} INFO - Setting next_dagrun for consume_1_or_both_2_and_3_with_dataset_expressions to None, run_after=None
[2025-03-26T22:16:30.212+0530] {logging_mixin.py:190} INFO - [2025-03-26T22:16:30.212+0530] {dag.py:4180} INFO - Setting next_dagrun for dataset_consumes_1 to None, run_after=None
[2025-03-26T22:16:30.212+0530] {logging_mixin.py:190} INFO - [2025-03-26T22:16:30.212+0530] {dag.py:4180} INFO - Setting next_dagrun for dataset_consumes_1_and_2 to None, run_after=None
[2025-03-26T22:16:30.213+0530] {logging_mixin.py:190} INFO - [2025-03-26T22:16:30.213+0530] {dag.py:4180} INFO - Setting next_dagrun for dataset_consumes_1_never_scheduled to None, run_after=None
[2025-03-26T22:16:30.213+0530] {logging_mixin.py:190} INFO - [2025-03-26T22:16:30.213+0530] {dag.py:4180} INFO - Setting next_dagrun for dataset_consumes_unknown_never_scheduled to None, run_after=None
[2025-03-26T22:16:30.214+0530] {logging_mixin.py:190} INFO - [2025-03-26T22:16:30.214+0530] {dag.py:4180} INFO - Setting next_dagrun for dataset_produces_1 to 2025-03-25 00:00:00+00:00, run_after=2025-03-26 00:00:00+00:00
[2025-03-26T22:16:30.214+0530] {logging_mixin.py:190} INFO - [2025-03-26T22:16:30.214+0530] {dag.py:4180} INFO - Setting next_dagrun for dataset_produces_2 to None, run_after=None
[2025-03-26T22:16:30.224+0530] {processor.py:208} INFO - Processing /Users/uk/miniforge3/lib/python3.10/site-packages/airflow/example_dags/example_datasets.py took 0.108 seconds
[2025-03-26T22:19:03.337+0530] {processor.py:186} INFO - Started process (PID=8077) to work on /Users/uk/miniforge3/lib/python3.10/site-packages/airflow/example_dags/example_datasets.py
[2025-03-26T22:19:03.339+0530] {processor.py:914} INFO - Processing file /Users/uk/miniforge3/lib/python3.10/site-packages/airflow/example_dags/example_datasets.py for tasks to queue
[2025-03-26T22:19:03.339+0530] {logging_mixin.py:190} INFO - [2025-03-26T22:19:03.339+0530] {dagbag.py:588} INFO - Filling up the DagBag from /Users/uk/miniforge3/lib/python3.10/site-packages/airflow/example_dags/example_datasets.py
[2025-03-26T22:19:03.374+0530] {processor.py:925} INFO - DAG(s) 'consume_1_or_both_2_and_3_with_dataset_expressions', 'dataset_produces_2', 'consume_1_or_2_with_dataset_expressions', 'conditional_dataset_and_time_based_timetable', 'dataset_consumes_unknown_never_scheduled', 'dataset_consumes_1_never_scheduled', 'consume_1_and_2_with_dataset_expressions', 'dataset_consumes_1_and_2', 'dataset_consumes_1', 'dataset_produces_1' retrieved from /Users/uk/miniforge3/lib/python3.10/site-packages/airflow/example_dags/example_datasets.py
[2025-03-26T22:19:03.419+0530] {logging_mixin.py:190} INFO - [2025-03-26T22:19:03.419+0530] {dag.py:3239} INFO - Sync 10 DAGs
[2025-03-26T22:19:03.427+0530] {logging_mixin.py:190} INFO - [2025-03-26T22:19:03.427+0530] {dag.py:4180} INFO - Setting next_dagrun for conditional_dataset_and_time_based_timetable to 2025-03-26 01:00:00+00:00, run_after=2025-03-26 01:00:00+00:00
[2025-03-26T22:19:03.428+0530] {logging_mixin.py:190} INFO - [2025-03-26T22:19:03.428+0530] {dag.py:4180} INFO - Setting next_dagrun for consume_1_and_2_with_dataset_expressions to None, run_after=None
[2025-03-26T22:19:03.428+0530] {logging_mixin.py:190} INFO - [2025-03-26T22:19:03.428+0530] {dag.py:4180} INFO - Setting next_dagrun for consume_1_or_2_with_dataset_expressions to None, run_after=None
[2025-03-26T22:19:03.429+0530] {logging_mixin.py:190} INFO - [2025-03-26T22:19:03.429+0530] {dag.py:4180} INFO - Setting next_dagrun for consume_1_or_both_2_and_3_with_dataset_expressions to None, run_after=None
[2025-03-26T22:19:03.429+0530] {logging_mixin.py:190} INFO - [2025-03-26T22:19:03.429+0530] {dag.py:4180} INFO - Setting next_dagrun for dataset_consumes_1 to None, run_after=None
[2025-03-26T22:19:03.429+0530] {logging_mixin.py:190} INFO - [2025-03-26T22:19:03.429+0530] {dag.py:4180} INFO - Setting next_dagrun for dataset_consumes_1_and_2 to None, run_after=None
[2025-03-26T22:19:03.430+0530] {logging_mixin.py:190} INFO - [2025-03-26T22:19:03.430+0530] {dag.py:4180} INFO - Setting next_dagrun for dataset_consumes_1_never_scheduled to None, run_after=None
[2025-03-26T22:19:03.430+0530] {logging_mixin.py:190} INFO - [2025-03-26T22:19:03.430+0530] {dag.py:4180} INFO - Setting next_dagrun for dataset_consumes_unknown_never_scheduled to None, run_after=None
[2025-03-26T22:19:03.431+0530] {logging_mixin.py:190} INFO - [2025-03-26T22:19:03.431+0530] {dag.py:4180} INFO - Setting next_dagrun for dataset_produces_1 to 2025-03-25 00:00:00+00:00, run_after=2025-03-26 00:00:00+00:00
[2025-03-26T22:19:03.431+0530] {logging_mixin.py:190} INFO - [2025-03-26T22:19:03.431+0530] {dag.py:4180} INFO - Setting next_dagrun for dataset_produces_2 to None, run_after=None
[2025-03-26T22:19:03.440+0530] {processor.py:208} INFO - Processing /Users/uk/miniforge3/lib/python3.10/site-packages/airflow/example_dags/example_datasets.py took 0.104 seconds
[2025-03-26T22:21:40.124+0530] {processor.py:186} INFO - Started process (PID=8377) to work on /Users/uk/miniforge3/lib/python3.10/site-packages/airflow/example_dags/example_datasets.py
[2025-03-26T22:21:40.125+0530] {processor.py:914} INFO - Processing file /Users/uk/miniforge3/lib/python3.10/site-packages/airflow/example_dags/example_datasets.py for tasks to queue
[2025-03-26T22:21:40.125+0530] {logging_mixin.py:190} INFO - [2025-03-26T22:21:40.125+0530] {dagbag.py:588} INFO - Filling up the DagBag from /Users/uk/miniforge3/lib/python3.10/site-packages/airflow/example_dags/example_datasets.py
[2025-03-26T22:21:40.161+0530] {processor.py:925} INFO - DAG(s) 'consume_1_and_2_with_dataset_expressions', 'dataset_consumes_unknown_never_scheduled', 'consume_1_or_2_with_dataset_expressions', 'conditional_dataset_and_time_based_timetable', 'consume_1_or_both_2_and_3_with_dataset_expressions', 'dataset_consumes_1_never_scheduled', 'dataset_consumes_1_and_2', 'dataset_consumes_1', 'dataset_produces_2', 'dataset_produces_1' retrieved from /Users/uk/miniforge3/lib/python3.10/site-packages/airflow/example_dags/example_datasets.py
[2025-03-26T22:21:40.206+0530] {logging_mixin.py:190} INFO - [2025-03-26T22:21:40.206+0530] {dag.py:3239} INFO - Sync 10 DAGs
[2025-03-26T22:21:40.214+0530] {logging_mixin.py:190} INFO - [2025-03-26T22:21:40.214+0530] {dag.py:4180} INFO - Setting next_dagrun for conditional_dataset_and_time_based_timetable to 2025-03-26 01:00:00+00:00, run_after=2025-03-26 01:00:00+00:00
[2025-03-26T22:21:40.215+0530] {logging_mixin.py:190} INFO - [2025-03-26T22:21:40.215+0530] {dag.py:4180} INFO - Setting next_dagrun for consume_1_and_2_with_dataset_expressions to None, run_after=None
[2025-03-26T22:21:40.216+0530] {logging_mixin.py:190} INFO - [2025-03-26T22:21:40.216+0530] {dag.py:4180} INFO - Setting next_dagrun for consume_1_or_2_with_dataset_expressions to None, run_after=None
[2025-03-26T22:21:40.216+0530] {logging_mixin.py:190} INFO - [2025-03-26T22:21:40.216+0530] {dag.py:4180} INFO - Setting next_dagrun for consume_1_or_both_2_and_3_with_dataset_expressions to None, run_after=None
[2025-03-26T22:21:40.216+0530] {logging_mixin.py:190} INFO - [2025-03-26T22:21:40.216+0530] {dag.py:4180} INFO - Setting next_dagrun for dataset_consumes_1 to None, run_after=None
[2025-03-26T22:21:40.217+0530] {logging_mixin.py:190} INFO - [2025-03-26T22:21:40.217+0530] {dag.py:4180} INFO - Setting next_dagrun for dataset_consumes_1_and_2 to None, run_after=None
[2025-03-26T22:21:40.217+0530] {logging_mixin.py:190} INFO - [2025-03-26T22:21:40.217+0530] {dag.py:4180} INFO - Setting next_dagrun for dataset_consumes_1_never_scheduled to None, run_after=None
[2025-03-26T22:21:40.217+0530] {logging_mixin.py:190} INFO - [2025-03-26T22:21:40.217+0530] {dag.py:4180} INFO - Setting next_dagrun for dataset_consumes_unknown_never_scheduled to None, run_after=None
[2025-03-26T22:21:40.218+0530] {logging_mixin.py:190} INFO - [2025-03-26T22:21:40.218+0530] {dag.py:4180} INFO - Setting next_dagrun for dataset_produces_1 to 2025-03-25 00:00:00+00:00, run_after=2025-03-26 00:00:00+00:00
[2025-03-26T22:21:40.218+0530] {logging_mixin.py:190} INFO - [2025-03-26T22:21:40.218+0530] {dag.py:4180} INFO - Setting next_dagrun for dataset_produces_2 to None, run_after=None
[2025-03-26T22:21:40.228+0530] {processor.py:208} INFO - Processing /Users/uk/miniforge3/lib/python3.10/site-packages/airflow/example_dags/example_datasets.py took 0.105 seconds
[2025-03-26T22:24:09.787+0530] {processor.py:186} INFO - Started process (PID=8647) to work on /Users/uk/miniforge3/lib/python3.10/site-packages/airflow/example_dags/example_datasets.py
[2025-03-26T22:24:09.787+0530] {processor.py:914} INFO - Processing file /Users/uk/miniforge3/lib/python3.10/site-packages/airflow/example_dags/example_datasets.py for tasks to queue
[2025-03-26T22:24:09.788+0530] {logging_mixin.py:190} INFO - [2025-03-26T22:24:09.788+0530] {dagbag.py:588} INFO - Filling up the DagBag from /Users/uk/miniforge3/lib/python3.10/site-packages/airflow/example_dags/example_datasets.py
[2025-03-26T22:24:09.828+0530] {processor.py:925} INFO - DAG(s) 'dataset_consumes_1', 'dataset_consumes_1_and_2', 'consume_1_and_2_with_dataset_expressions', 'dataset_produces_2', 'dataset_consumes_1_never_scheduled', 'dataset_consumes_unknown_never_scheduled', 'conditional_dataset_and_time_based_timetable', 'consume_1_or_both_2_and_3_with_dataset_expressions', 'consume_1_or_2_with_dataset_expressions', 'dataset_produces_1' retrieved from /Users/uk/miniforge3/lib/python3.10/site-packages/airflow/example_dags/example_datasets.py
[2025-03-26T22:24:09.882+0530] {logging_mixin.py:190} INFO - [2025-03-26T22:24:09.881+0530] {dag.py:3239} INFO - Sync 10 DAGs
[2025-03-26T22:24:09.891+0530] {logging_mixin.py:190} INFO - [2025-03-26T22:24:09.891+0530] {dag.py:4180} INFO - Setting next_dagrun for conditional_dataset_and_time_based_timetable to 2025-03-26 01:00:00+00:00, run_after=2025-03-26 01:00:00+00:00
[2025-03-26T22:24:09.892+0530] {logging_mixin.py:190} INFO - [2025-03-26T22:24:09.892+0530] {dag.py:4180} INFO - Setting next_dagrun for consume_1_and_2_with_dataset_expressions to None, run_after=None
[2025-03-26T22:24:09.893+0530] {logging_mixin.py:190} INFO - [2025-03-26T22:24:09.893+0530] {dag.py:4180} INFO - Setting next_dagrun for consume_1_or_2_with_dataset_expressions to None, run_after=None
[2025-03-26T22:24:09.893+0530] {logging_mixin.py:190} INFO - [2025-03-26T22:24:09.893+0530] {dag.py:4180} INFO - Setting next_dagrun for consume_1_or_both_2_and_3_with_dataset_expressions to None, run_after=None
[2025-03-26T22:24:09.893+0530] {logging_mixin.py:190} INFO - [2025-03-26T22:24:09.893+0530] {dag.py:4180} INFO - Setting next_dagrun for dataset_consumes_1 to None, run_after=None
[2025-03-26T22:24:09.894+0530] {logging_mixin.py:190} INFO - [2025-03-26T22:24:09.893+0530] {dag.py:4180} INFO - Setting next_dagrun for dataset_consumes_1_and_2 to None, run_after=None
[2025-03-26T22:24:09.894+0530] {logging_mixin.py:190} INFO - [2025-03-26T22:24:09.894+0530] {dag.py:4180} INFO - Setting next_dagrun for dataset_consumes_1_never_scheduled to None, run_after=None
[2025-03-26T22:24:09.894+0530] {logging_mixin.py:190} INFO - [2025-03-26T22:24:09.894+0530] {dag.py:4180} INFO - Setting next_dagrun for dataset_consumes_unknown_never_scheduled to None, run_after=None
[2025-03-26T22:24:09.895+0530] {logging_mixin.py:190} INFO - [2025-03-26T22:24:09.895+0530] {dag.py:4180} INFO - Setting next_dagrun for dataset_produces_1 to 2025-03-25 00:00:00+00:00, run_after=2025-03-26 00:00:00+00:00
[2025-03-26T22:24:09.895+0530] {logging_mixin.py:190} INFO - [2025-03-26T22:24:09.895+0530] {dag.py:4180} INFO - Setting next_dagrun for dataset_produces_2 to None, run_after=None
[2025-03-26T22:24:09.906+0530] {processor.py:208} INFO - Processing /Users/uk/miniforge3/lib/python3.10/site-packages/airflow/example_dags/example_datasets.py took 0.121 seconds
[2025-03-26T22:26:52.583+0530] {processor.py:186} INFO - Started process (PID=8935) to work on /Users/uk/miniforge3/lib/python3.10/site-packages/airflow/example_dags/example_datasets.py
[2025-03-26T22:26:52.584+0530] {processor.py:914} INFO - Processing file /Users/uk/miniforge3/lib/python3.10/site-packages/airflow/example_dags/example_datasets.py for tasks to queue
[2025-03-26T22:26:52.584+0530] {logging_mixin.py:190} INFO - [2025-03-26T22:26:52.584+0530] {dagbag.py:588} INFO - Filling up the DagBag from /Users/uk/miniforge3/lib/python3.10/site-packages/airflow/example_dags/example_datasets.py
[2025-03-26T22:26:52.620+0530] {processor.py:925} INFO - DAG(s) 'consume_1_and_2_with_dataset_expressions', 'dataset_consumes_1_and_2', 'dataset_consumes_1', 'consume_1_or_2_with_dataset_expressions', 'conditional_dataset_and_time_based_timetable', 'dataset_consumes_unknown_never_scheduled', 'dataset_produces_1', 'consume_1_or_both_2_and_3_with_dataset_expressions', 'dataset_consumes_1_never_scheduled', 'dataset_produces_2' retrieved from /Users/uk/miniforge3/lib/python3.10/site-packages/airflow/example_dags/example_datasets.py
[2025-03-26T22:26:52.669+0530] {logging_mixin.py:190} INFO - [2025-03-26T22:26:52.669+0530] {dag.py:3239} INFO - Sync 10 DAGs
[2025-03-26T22:26:52.677+0530] {logging_mixin.py:190} INFO - [2025-03-26T22:26:52.677+0530] {dag.py:4180} INFO - Setting next_dagrun for conditional_dataset_and_time_based_timetable to 2025-03-26 01:00:00+00:00, run_after=2025-03-26 01:00:00+00:00
[2025-03-26T22:26:52.678+0530] {logging_mixin.py:190} INFO - [2025-03-26T22:26:52.678+0530] {dag.py:4180} INFO - Setting next_dagrun for consume_1_and_2_with_dataset_expressions to None, run_after=None
[2025-03-26T22:26:52.678+0530] {logging_mixin.py:190} INFO - [2025-03-26T22:26:52.678+0530] {dag.py:4180} INFO - Setting next_dagrun for consume_1_or_2_with_dataset_expressions to None, run_after=None
[2025-03-26T22:26:52.678+0530] {logging_mixin.py:190} INFO - [2025-03-26T22:26:52.678+0530] {dag.py:4180} INFO - Setting next_dagrun for consume_1_or_both_2_and_3_with_dataset_expressions to None, run_after=None
[2025-03-26T22:26:52.679+0530] {logging_mixin.py:190} INFO - [2025-03-26T22:26:52.679+0530] {dag.py:4180} INFO - Setting next_dagrun for dataset_consumes_1 to None, run_after=None
[2025-03-26T22:26:52.679+0530] {logging_mixin.py:190} INFO - [2025-03-26T22:26:52.679+0530] {dag.py:4180} INFO - Setting next_dagrun for dataset_consumes_1_and_2 to None, run_after=None
[2025-03-26T22:26:52.679+0530] {logging_mixin.py:190} INFO - [2025-03-26T22:26:52.679+0530] {dag.py:4180} INFO - Setting next_dagrun for dataset_consumes_1_never_scheduled to None, run_after=None
[2025-03-26T22:26:52.680+0530] {logging_mixin.py:190} INFO - [2025-03-26T22:26:52.680+0530] {dag.py:4180} INFO - Setting next_dagrun for dataset_consumes_unknown_never_scheduled to None, run_after=None
[2025-03-26T22:26:52.680+0530] {logging_mixin.py:190} INFO - [2025-03-26T22:26:52.680+0530] {dag.py:4180} INFO - Setting next_dagrun for dataset_produces_1 to 2025-03-25 00:00:00+00:00, run_after=2025-03-26 00:00:00+00:00
[2025-03-26T22:26:52.681+0530] {logging_mixin.py:190} INFO - [2025-03-26T22:26:52.681+0530] {dag.py:4180} INFO - Setting next_dagrun for dataset_produces_2 to None, run_after=None
[2025-03-26T22:26:52.691+0530] {processor.py:208} INFO - Processing /Users/uk/miniforge3/lib/python3.10/site-packages/airflow/example_dags/example_datasets.py took 0.109 seconds
[2025-03-26T22:29:31.490+0530] {processor.py:186} INFO - Started process (PID=9194) to work on /Users/uk/miniforge3/lib/python3.10/site-packages/airflow/example_dags/example_datasets.py
[2025-03-26T22:29:31.491+0530] {processor.py:914} INFO - Processing file /Users/uk/miniforge3/lib/python3.10/site-packages/airflow/example_dags/example_datasets.py for tasks to queue
[2025-03-26T22:29:31.491+0530] {logging_mixin.py:190} INFO - [2025-03-26T22:29:31.491+0530] {dagbag.py:588} INFO - Filling up the DagBag from /Users/uk/miniforge3/lib/python3.10/site-packages/airflow/example_dags/example_datasets.py
[2025-03-26T22:29:31.526+0530] {processor.py:925} INFO - DAG(s) 'dataset_consumes_1_never_scheduled', 'consume_1_and_2_with_dataset_expressions', 'dataset_produces_1', 'dataset_produces_2', 'consume_1_or_2_with_dataset_expressions', 'dataset_consumes_1', 'dataset_consumes_1_and_2', 'consume_1_or_both_2_and_3_with_dataset_expressions', 'conditional_dataset_and_time_based_timetable', 'dataset_consumes_unknown_never_scheduled' retrieved from /Users/uk/miniforge3/lib/python3.10/site-packages/airflow/example_dags/example_datasets.py
[2025-03-26T22:29:31.572+0530] {logging_mixin.py:190} INFO - [2025-03-26T22:29:31.572+0530] {dag.py:3239} INFO - Sync 10 DAGs
[2025-03-26T22:29:31.579+0530] {logging_mixin.py:190} INFO - [2025-03-26T22:29:31.579+0530] {dag.py:4180} INFO - Setting next_dagrun for conditional_dataset_and_time_based_timetable to 2025-03-26 01:00:00+00:00, run_after=2025-03-26 01:00:00+00:00
[2025-03-26T22:29:31.581+0530] {logging_mixin.py:190} INFO - [2025-03-26T22:29:31.580+0530] {dag.py:4180} INFO - Setting next_dagrun for consume_1_and_2_with_dataset_expressions to None, run_after=None
[2025-03-26T22:29:31.581+0530] {logging_mixin.py:190} INFO - [2025-03-26T22:29:31.581+0530] {dag.py:4180} INFO - Setting next_dagrun for consume_1_or_2_with_dataset_expressions to None, run_after=None
[2025-03-26T22:29:31.581+0530] {logging_mixin.py:190} INFO - [2025-03-26T22:29:31.581+0530] {dag.py:4180} INFO - Setting next_dagrun for consume_1_or_both_2_and_3_with_dataset_expressions to None, run_after=None
[2025-03-26T22:29:31.581+0530] {logging_mixin.py:190} INFO - [2025-03-26T22:29:31.581+0530] {dag.py:4180} INFO - Setting next_dagrun for dataset_consumes_1 to None, run_after=None
[2025-03-26T22:29:31.582+0530] {logging_mixin.py:190} INFO - [2025-03-26T22:29:31.582+0530] {dag.py:4180} INFO - Setting next_dagrun for dataset_consumes_1_and_2 to None, run_after=None
[2025-03-26T22:29:31.582+0530] {logging_mixin.py:190} INFO - [2025-03-26T22:29:31.582+0530] {dag.py:4180} INFO - Setting next_dagrun for dataset_consumes_1_never_scheduled to None, run_after=None
[2025-03-26T22:29:31.582+0530] {logging_mixin.py:190} INFO - [2025-03-26T22:29:31.582+0530] {dag.py:4180} INFO - Setting next_dagrun for dataset_consumes_unknown_never_scheduled to None, run_after=None
[2025-03-26T22:29:31.583+0530] {logging_mixin.py:190} INFO - [2025-03-26T22:29:31.583+0530] {dag.py:4180} INFO - Setting next_dagrun for dataset_produces_1 to 2025-03-25 00:00:00+00:00, run_after=2025-03-26 00:00:00+00:00
[2025-03-26T22:29:31.583+0530] {logging_mixin.py:190} INFO - [2025-03-26T22:29:31.583+0530] {dag.py:4180} INFO - Setting next_dagrun for dataset_produces_2 to None, run_after=None
[2025-03-26T22:29:31.593+0530] {processor.py:208} INFO - Processing /Users/uk/miniforge3/lib/python3.10/site-packages/airflow/example_dags/example_datasets.py took 0.104 seconds
[2025-03-26T22:31:55.908+0530] {processor.py:186} INFO - Started process (PID=9457) to work on /Users/uk/miniforge3/lib/python3.10/site-packages/airflow/example_dags/example_datasets.py
[2025-03-26T22:31:55.909+0530] {processor.py:914} INFO - Processing file /Users/uk/miniforge3/lib/python3.10/site-packages/airflow/example_dags/example_datasets.py for tasks to queue
[2025-03-26T22:31:55.910+0530] {logging_mixin.py:190} INFO - [2025-03-26T22:31:55.910+0530] {dagbag.py:588} INFO - Filling up the DagBag from /Users/uk/miniforge3/lib/python3.10/site-packages/airflow/example_dags/example_datasets.py
[2025-03-26T22:31:55.944+0530] {processor.py:925} INFO - DAG(s) 'dataset_produces_1', 'consume_1_or_2_with_dataset_expressions', 'dataset_consumes_1', 'dataset_consumes_unknown_never_scheduled', 'consume_1_and_2_with_dataset_expressions', 'dataset_consumes_1_and_2', 'conditional_dataset_and_time_based_timetable', 'dataset_consumes_1_never_scheduled', 'dataset_produces_2', 'consume_1_or_both_2_and_3_with_dataset_expressions' retrieved from /Users/uk/miniforge3/lib/python3.10/site-packages/airflow/example_dags/example_datasets.py
[2025-03-26T22:31:55.989+0530] {logging_mixin.py:190} INFO - [2025-03-26T22:31:55.988+0530] {dag.py:3239} INFO - Sync 10 DAGs
[2025-03-26T22:31:55.996+0530] {logging_mixin.py:190} INFO - [2025-03-26T22:31:55.996+0530] {dag.py:4180} INFO - Setting next_dagrun for conditional_dataset_and_time_based_timetable to 2025-03-26 01:00:00+00:00, run_after=2025-03-26 01:00:00+00:00
[2025-03-26T22:31:55.997+0530] {logging_mixin.py:190} INFO - [2025-03-26T22:31:55.997+0530] {dag.py:4180} INFO - Setting next_dagrun for consume_1_and_2_with_dataset_expressions to None, run_after=None
[2025-03-26T22:31:55.998+0530] {logging_mixin.py:190} INFO - [2025-03-26T22:31:55.998+0530] {dag.py:4180} INFO - Setting next_dagrun for consume_1_or_2_with_dataset_expressions to None, run_after=None
[2025-03-26T22:31:55.998+0530] {logging_mixin.py:190} INFO - [2025-03-26T22:31:55.998+0530] {dag.py:4180} INFO - Setting next_dagrun for consume_1_or_both_2_and_3_with_dataset_expressions to None, run_after=None
[2025-03-26T22:31:55.998+0530] {logging_mixin.py:190} INFO - [2025-03-26T22:31:55.998+0530] {dag.py:4180} INFO - Setting next_dagrun for dataset_consumes_1 to None, run_after=None
[2025-03-26T22:31:55.999+0530] {logging_mixin.py:190} INFO - [2025-03-26T22:31:55.999+0530] {dag.py:4180} INFO - Setting next_dagrun for dataset_consumes_1_and_2 to None, run_after=None
[2025-03-26T22:31:55.999+0530] {logging_mixin.py:190} INFO - [2025-03-26T22:31:55.999+0530] {dag.py:4180} INFO - Setting next_dagrun for dataset_consumes_1_never_scheduled to None, run_after=None
[2025-03-26T22:31:55.999+0530] {logging_mixin.py:190} INFO - [2025-03-26T22:31:55.999+0530] {dag.py:4180} INFO - Setting next_dagrun for dataset_consumes_unknown_never_scheduled to None, run_after=None
[2025-03-26T22:31:56.000+0530] {logging_mixin.py:190} INFO - [2025-03-26T22:31:56.000+0530] {dag.py:4180} INFO - Setting next_dagrun for dataset_produces_1 to 2025-03-25 00:00:00+00:00, run_after=2025-03-26 00:00:00+00:00
[2025-03-26T22:31:56.000+0530] {logging_mixin.py:190} INFO - [2025-03-26T22:31:56.000+0530] {dag.py:4180} INFO - Setting next_dagrun for dataset_produces_2 to None, run_after=None
[2025-03-26T22:31:56.010+0530] {processor.py:208} INFO - Processing /Users/uk/miniforge3/lib/python3.10/site-packages/airflow/example_dags/example_datasets.py took 0.103 seconds
[2025-03-26T22:34:21.758+0530] {processor.py:186} INFO - Started process (PID=9707) to work on /Users/uk/miniforge3/lib/python3.10/site-packages/airflow/example_dags/example_datasets.py
[2025-03-26T22:34:21.759+0530] {processor.py:914} INFO - Processing file /Users/uk/miniforge3/lib/python3.10/site-packages/airflow/example_dags/example_datasets.py for tasks to queue
[2025-03-26T22:34:21.760+0530] {logging_mixin.py:190} INFO - [2025-03-26T22:34:21.760+0530] {dagbag.py:588} INFO - Filling up the DagBag from /Users/uk/miniforge3/lib/python3.10/site-packages/airflow/example_dags/example_datasets.py
[2025-03-26T22:34:21.796+0530] {processor.py:925} INFO - DAG(s) 'dataset_produces_1', 'dataset_consumes_1', 'consume_1_and_2_with_dataset_expressions', 'conditional_dataset_and_time_based_timetable', 'consume_1_or_2_with_dataset_expressions', 'dataset_produces_2', 'dataset_consumes_1_never_scheduled', 'dataset_consumes_unknown_never_scheduled', 'consume_1_or_both_2_and_3_with_dataset_expressions', 'dataset_consumes_1_and_2' retrieved from /Users/uk/miniforge3/lib/python3.10/site-packages/airflow/example_dags/example_datasets.py
[2025-03-26T22:34:21.842+0530] {logging_mixin.py:190} INFO - [2025-03-26T22:34:21.842+0530] {dag.py:3239} INFO - Sync 10 DAGs
[2025-03-26T22:34:21.850+0530] {logging_mixin.py:190} INFO - [2025-03-26T22:34:21.850+0530] {dag.py:4180} INFO - Setting next_dagrun for conditional_dataset_and_time_based_timetable to 2025-03-26 01:00:00+00:00, run_after=2025-03-26 01:00:00+00:00
[2025-03-26T22:34:21.851+0530] {logging_mixin.py:190} INFO - [2025-03-26T22:34:21.851+0530] {dag.py:4180} INFO - Setting next_dagrun for consume_1_and_2_with_dataset_expressions to None, run_after=None
[2025-03-26T22:34:21.852+0530] {logging_mixin.py:190} INFO - [2025-03-26T22:34:21.852+0530] {dag.py:4180} INFO - Setting next_dagrun for consume_1_or_2_with_dataset_expressions to None, run_after=None
[2025-03-26T22:34:21.852+0530] {logging_mixin.py:190} INFO - [2025-03-26T22:34:21.852+0530] {dag.py:4180} INFO - Setting next_dagrun for consume_1_or_both_2_and_3_with_dataset_expressions to None, run_after=None
[2025-03-26T22:34:21.852+0530] {logging_mixin.py:190} INFO - [2025-03-26T22:34:21.852+0530] {dag.py:4180} INFO - Setting next_dagrun for dataset_consumes_1 to None, run_after=None
[2025-03-26T22:34:21.853+0530] {logging_mixin.py:190} INFO - [2025-03-26T22:34:21.852+0530] {dag.py:4180} INFO - Setting next_dagrun for dataset_consumes_1_and_2 to None, run_after=None
[2025-03-26T22:34:21.853+0530] {logging_mixin.py:190} INFO - [2025-03-26T22:34:21.853+0530] {dag.py:4180} INFO - Setting next_dagrun for dataset_consumes_1_never_scheduled to None, run_after=None
[2025-03-26T22:34:21.853+0530] {logging_mixin.py:190} INFO - [2025-03-26T22:34:21.853+0530] {dag.py:4180} INFO - Setting next_dagrun for dataset_consumes_unknown_never_scheduled to None, run_after=None
[2025-03-26T22:34:21.854+0530] {logging_mixin.py:190} INFO - [2025-03-26T22:34:21.854+0530] {dag.py:4180} INFO - Setting next_dagrun for dataset_produces_1 to 2025-03-25 00:00:00+00:00, run_after=2025-03-26 00:00:00+00:00
[2025-03-26T22:34:21.854+0530] {logging_mixin.py:190} INFO - [2025-03-26T22:34:21.854+0530] {dag.py:4180} INFO - Setting next_dagrun for dataset_produces_2 to None, run_after=None
[2025-03-26T22:34:21.864+0530] {processor.py:208} INFO - Processing /Users/uk/miniforge3/lib/python3.10/site-packages/airflow/example_dags/example_datasets.py took 0.107 seconds
[2025-03-26T22:37:08.806+0530] {processor.py:186} INFO - Started process (PID=10058) to work on /Users/uk/miniforge3/lib/python3.10/site-packages/airflow/example_dags/example_datasets.py
[2025-03-26T22:37:08.807+0530] {processor.py:914} INFO - Processing file /Users/uk/miniforge3/lib/python3.10/site-packages/airflow/example_dags/example_datasets.py for tasks to queue
[2025-03-26T22:37:08.808+0530] {logging_mixin.py:190} INFO - [2025-03-26T22:37:08.807+0530] {dagbag.py:588} INFO - Filling up the DagBag from /Users/uk/miniforge3/lib/python3.10/site-packages/airflow/example_dags/example_datasets.py
[2025-03-26T22:37:08.838+0530] {processor.py:925} INFO - DAG(s) 'dataset_consumes_1_and_2', 'dataset_consumes_1_never_scheduled', 'consume_1_and_2_with_dataset_expressions', 'consume_1_or_2_with_dataset_expressions', 'dataset_produces_2', 'conditional_dataset_and_time_based_timetable', 'dataset_produces_1', 'consume_1_or_both_2_and_3_with_dataset_expressions', 'dataset_consumes_unknown_never_scheduled', 'dataset_consumes_1' retrieved from /Users/uk/miniforge3/lib/python3.10/site-packages/airflow/example_dags/example_datasets.py
[2025-03-26T22:37:08.888+0530] {logging_mixin.py:190} INFO - [2025-03-26T22:37:08.888+0530] {dag.py:3239} INFO - Sync 10 DAGs
[2025-03-26T22:37:08.896+0530] {logging_mixin.py:190} INFO - [2025-03-26T22:37:08.896+0530] {dag.py:4180} INFO - Setting next_dagrun for conditional_dataset_and_time_based_timetable to 2025-03-26 01:00:00+00:00, run_after=2025-03-26 01:00:00+00:00
[2025-03-26T22:37:08.897+0530] {logging_mixin.py:190} INFO - [2025-03-26T22:37:08.897+0530] {dag.py:4180} INFO - Setting next_dagrun for consume_1_and_2_with_dataset_expressions to None, run_after=None
[2025-03-26T22:37:08.898+0530] {logging_mixin.py:190} INFO - [2025-03-26T22:37:08.898+0530] {dag.py:4180} INFO - Setting next_dagrun for consume_1_or_2_with_dataset_expressions to None, run_after=None
[2025-03-26T22:37:08.898+0530] {logging_mixin.py:190} INFO - [2025-03-26T22:37:08.898+0530] {dag.py:4180} INFO - Setting next_dagrun for consume_1_or_both_2_and_3_with_dataset_expressions to None, run_after=None
[2025-03-26T22:37:08.899+0530] {logging_mixin.py:190} INFO - [2025-03-26T22:37:08.899+0530] {dag.py:4180} INFO - Setting next_dagrun for dataset_consumes_1 to None, run_after=None
[2025-03-26T22:37:08.899+0530] {logging_mixin.py:190} INFO - [2025-03-26T22:37:08.899+0530] {dag.py:4180} INFO - Setting next_dagrun for dataset_consumes_1_and_2 to None, run_after=None
[2025-03-26T22:37:08.899+0530] {logging_mixin.py:190} INFO - [2025-03-26T22:37:08.899+0530] {dag.py:4180} INFO - Setting next_dagrun for dataset_consumes_1_never_scheduled to None, run_after=None
[2025-03-26T22:37:08.900+0530] {logging_mixin.py:190} INFO - [2025-03-26T22:37:08.900+0530] {dag.py:4180} INFO - Setting next_dagrun for dataset_consumes_unknown_never_scheduled to None, run_after=None
[2025-03-26T22:37:08.901+0530] {logging_mixin.py:190} INFO - [2025-03-26T22:37:08.900+0530] {dag.py:4180} INFO - Setting next_dagrun for dataset_produces_1 to 2025-03-25 00:00:00+00:00, run_after=2025-03-26 00:00:00+00:00
[2025-03-26T22:37:08.901+0530] {logging_mixin.py:190} INFO - [2025-03-26T22:37:08.901+0530] {dag.py:4180} INFO - Setting next_dagrun for dataset_produces_2 to None, run_after=None
[2025-03-26T22:37:08.912+0530] {processor.py:208} INFO - Processing /Users/uk/miniforge3/lib/python3.10/site-packages/airflow/example_dags/example_datasets.py took 0.107 seconds
[2025-03-26T22:39:40.712+0530] {processor.py:186} INFO - Started process (PID=10570) to work on /Users/uk/miniforge3/lib/python3.10/site-packages/airflow/example_dags/example_datasets.py
[2025-03-26T22:39:40.712+0530] {processor.py:914} INFO - Processing file /Users/uk/miniforge3/lib/python3.10/site-packages/airflow/example_dags/example_datasets.py for tasks to queue
[2025-03-26T22:39:40.713+0530] {logging_mixin.py:190} INFO - [2025-03-26T22:39:40.713+0530] {dagbag.py:588} INFO - Filling up the DagBag from /Users/uk/miniforge3/lib/python3.10/site-packages/airflow/example_dags/example_datasets.py
[2025-03-26T22:39:40.747+0530] {processor.py:925} INFO - DAG(s) 'dataset_consumes_unknown_never_scheduled', 'dataset_consumes_1', 'consume_1_and_2_with_dataset_expressions', 'dataset_consumes_1_and_2', 'dataset_consumes_1_never_scheduled', 'dataset_produces_2', 'consume_1_or_2_with_dataset_expressions', 'dataset_produces_1', 'consume_1_or_both_2_and_3_with_dataset_expressions', 'conditional_dataset_and_time_based_timetable' retrieved from /Users/uk/miniforge3/lib/python3.10/site-packages/airflow/example_dags/example_datasets.py
[2025-03-26T22:39:40.798+0530] {logging_mixin.py:190} INFO - [2025-03-26T22:39:40.798+0530] {dag.py:3239} INFO - Sync 10 DAGs
[2025-03-26T22:39:40.807+0530] {logging_mixin.py:190} INFO - [2025-03-26T22:39:40.807+0530] {dag.py:4180} INFO - Setting next_dagrun for conditional_dataset_and_time_based_timetable to 2025-03-26 01:00:00+00:00, run_after=2025-03-26 01:00:00+00:00
[2025-03-26T22:39:40.808+0530] {logging_mixin.py:190} INFO - [2025-03-26T22:39:40.808+0530] {dag.py:4180} INFO - Setting next_dagrun for consume_1_and_2_with_dataset_expressions to None, run_after=None
[2025-03-26T22:39:40.808+0530] {logging_mixin.py:190} INFO - [2025-03-26T22:39:40.808+0530] {dag.py:4180} INFO - Setting next_dagrun for consume_1_or_2_with_dataset_expressions to None, run_after=None
[2025-03-26T22:39:40.809+0530] {logging_mixin.py:190} INFO - [2025-03-26T22:39:40.809+0530] {dag.py:4180} INFO - Setting next_dagrun for consume_1_or_both_2_and_3_with_dataset_expressions to None, run_after=None
[2025-03-26T22:39:40.809+0530] {logging_mixin.py:190} INFO - [2025-03-26T22:39:40.809+0530] {dag.py:4180} INFO - Setting next_dagrun for dataset_consumes_1 to None, run_after=None
[2025-03-26T22:39:40.809+0530] {logging_mixin.py:190} INFO - [2025-03-26T22:39:40.809+0530] {dag.py:4180} INFO - Setting next_dagrun for dataset_consumes_1_and_2 to None, run_after=None
[2025-03-26T22:39:40.810+0530] {logging_mixin.py:190} INFO - [2025-03-26T22:39:40.810+0530] {dag.py:4180} INFO - Setting next_dagrun for dataset_consumes_1_never_scheduled to None, run_after=None
[2025-03-26T22:39:40.810+0530] {logging_mixin.py:190} INFO - [2025-03-26T22:39:40.810+0530] {dag.py:4180} INFO - Setting next_dagrun for dataset_consumes_unknown_never_scheduled to None, run_after=None
[2025-03-26T22:39:40.811+0530] {logging_mixin.py:190} INFO - [2025-03-26T22:39:40.811+0530] {dag.py:4180} INFO - Setting next_dagrun for dataset_produces_1 to 2025-03-25 00:00:00+00:00, run_after=2025-03-26 00:00:00+00:00
[2025-03-26T22:39:40.811+0530] {logging_mixin.py:190} INFO - [2025-03-26T22:39:40.811+0530] {dag.py:4180} INFO - Setting next_dagrun for dataset_produces_2 to None, run_after=None
[2025-03-26T22:39:40.823+0530] {processor.py:208} INFO - Processing /Users/uk/miniforge3/lib/python3.10/site-packages/airflow/example_dags/example_datasets.py took 0.112 seconds
[2025-03-26T22:42:20.206+0530] {processor.py:186} INFO - Started process (PID=10953) to work on /Users/uk/miniforge3/lib/python3.10/site-packages/airflow/example_dags/example_datasets.py
[2025-03-26T22:42:20.207+0530] {processor.py:914} INFO - Processing file /Users/uk/miniforge3/lib/python3.10/site-packages/airflow/example_dags/example_datasets.py for tasks to queue
[2025-03-26T22:42:20.208+0530] {logging_mixin.py:190} INFO - [2025-03-26T22:42:20.208+0530] {dagbag.py:588} INFO - Filling up the DagBag from /Users/uk/miniforge3/lib/python3.10/site-packages/airflow/example_dags/example_datasets.py
[2025-03-26T22:42:20.243+0530] {processor.py:925} INFO - DAG(s) 'dataset_consumes_unknown_never_scheduled', 'dataset_produces_2', 'dataset_consumes_1', 'consume_1_or_both_2_and_3_with_dataset_expressions', 'dataset_consumes_1_and_2', 'consume_1_and_2_with_dataset_expressions', 'dataset_produces_1', 'conditional_dataset_and_time_based_timetable', 'dataset_consumes_1_never_scheduled', 'consume_1_or_2_with_dataset_expressions' retrieved from /Users/uk/miniforge3/lib/python3.10/site-packages/airflow/example_dags/example_datasets.py
[2025-03-26T22:42:20.289+0530] {logging_mixin.py:190} INFO - [2025-03-26T22:42:20.289+0530] {dag.py:3239} INFO - Sync 10 DAGs
[2025-03-26T22:42:20.298+0530] {logging_mixin.py:190} INFO - [2025-03-26T22:42:20.298+0530] {dag.py:4180} INFO - Setting next_dagrun for conditional_dataset_and_time_based_timetable to 2025-03-26 01:00:00+00:00, run_after=2025-03-26 01:00:00+00:00
[2025-03-26T22:42:20.299+0530] {logging_mixin.py:190} INFO - [2025-03-26T22:42:20.299+0530] {dag.py:4180} INFO - Setting next_dagrun for consume_1_and_2_with_dataset_expressions to None, run_after=None
[2025-03-26T22:42:20.299+0530] {logging_mixin.py:190} INFO - [2025-03-26T22:42:20.299+0530] {dag.py:4180} INFO - Setting next_dagrun for consume_1_or_2_with_dataset_expressions to None, run_after=None
[2025-03-26T22:42:20.299+0530] {logging_mixin.py:190} INFO - [2025-03-26T22:42:20.299+0530] {dag.py:4180} INFO - Setting next_dagrun for consume_1_or_both_2_and_3_with_dataset_expressions to None, run_after=None
[2025-03-26T22:42:20.300+0530] {logging_mixin.py:190} INFO - [2025-03-26T22:42:20.300+0530] {dag.py:4180} INFO - Setting next_dagrun for dataset_consumes_1 to None, run_after=None
[2025-03-26T22:42:20.300+0530] {logging_mixin.py:190} INFO - [2025-03-26T22:42:20.300+0530] {dag.py:4180} INFO - Setting next_dagrun for dataset_consumes_1_and_2 to None, run_after=None
[2025-03-26T22:42:20.300+0530] {logging_mixin.py:190} INFO - [2025-03-26T22:42:20.300+0530] {dag.py:4180} INFO - Setting next_dagrun for dataset_consumes_1_never_scheduled to None, run_after=None
[2025-03-26T22:42:20.301+0530] {logging_mixin.py:190} INFO - [2025-03-26T22:42:20.301+0530] {dag.py:4180} INFO - Setting next_dagrun for dataset_consumes_unknown_never_scheduled to None, run_after=None
[2025-03-26T22:42:20.301+0530] {logging_mixin.py:190} INFO - [2025-03-26T22:42:20.301+0530] {dag.py:4180} INFO - Setting next_dagrun for dataset_produces_1 to 2025-03-25 00:00:00+00:00, run_after=2025-03-26 00:00:00+00:00
[2025-03-26T22:42:20.302+0530] {logging_mixin.py:190} INFO - [2025-03-26T22:42:20.302+0530] {dag.py:4180} INFO - Setting next_dagrun for dataset_produces_2 to None, run_after=None
[2025-03-26T22:42:20.312+0530] {processor.py:208} INFO - Processing /Users/uk/miniforge3/lib/python3.10/site-packages/airflow/example_dags/example_datasets.py took 0.108 seconds
[2025-03-26T22:44:53.870+0530] {processor.py:186} INFO - Started process (PID=11193) to work on /Users/uk/miniforge3/lib/python3.10/site-packages/airflow/example_dags/example_datasets.py
[2025-03-26T22:44:53.871+0530] {processor.py:914} INFO - Processing file /Users/uk/miniforge3/lib/python3.10/site-packages/airflow/example_dags/example_datasets.py for tasks to queue
[2025-03-26T22:44:53.871+0530] {logging_mixin.py:190} INFO - [2025-03-26T22:44:53.871+0530] {dagbag.py:588} INFO - Filling up the DagBag from /Users/uk/miniforge3/lib/python3.10/site-packages/airflow/example_dags/example_datasets.py
[2025-03-26T22:44:53.907+0530] {processor.py:925} INFO - DAG(s) 'dataset_produces_2', 'consume_1_or_both_2_and_3_with_dataset_expressions', 'dataset_consumes_unknown_never_scheduled', 'dataset_consumes_1', 'consume_1_or_2_with_dataset_expressions', 'conditional_dataset_and_time_based_timetable', 'dataset_consumes_1_never_scheduled', 'dataset_consumes_1_and_2', 'dataset_produces_1', 'consume_1_and_2_with_dataset_expressions' retrieved from /Users/uk/miniforge3/lib/python3.10/site-packages/airflow/example_dags/example_datasets.py
[2025-03-26T22:44:53.953+0530] {logging_mixin.py:190} INFO - [2025-03-26T22:44:53.953+0530] {dag.py:3239} INFO - Sync 10 DAGs
[2025-03-26T22:44:53.962+0530] {logging_mixin.py:190} INFO - [2025-03-26T22:44:53.962+0530] {dag.py:4180} INFO - Setting next_dagrun for conditional_dataset_and_time_based_timetable to 2025-03-26 01:00:00+00:00, run_after=2025-03-26 01:00:00+00:00
[2025-03-26T22:44:53.963+0530] {logging_mixin.py:190} INFO - [2025-03-26T22:44:53.963+0530] {dag.py:4180} INFO - Setting next_dagrun for consume_1_and_2_with_dataset_expressions to None, run_after=None
[2025-03-26T22:44:53.963+0530] {logging_mixin.py:190} INFO - [2025-03-26T22:44:53.963+0530] {dag.py:4180} INFO - Setting next_dagrun for consume_1_or_2_with_dataset_expressions to None, run_after=None
[2025-03-26T22:44:53.964+0530] {logging_mixin.py:190} INFO - [2025-03-26T22:44:53.964+0530] {dag.py:4180} INFO - Setting next_dagrun for consume_1_or_both_2_and_3_with_dataset_expressions to None, run_after=None
[2025-03-26T22:44:53.964+0530] {logging_mixin.py:190} INFO - [2025-03-26T22:44:53.964+0530] {dag.py:4180} INFO - Setting next_dagrun for dataset_consumes_1 to None, run_after=None
[2025-03-26T22:44:53.964+0530] {logging_mixin.py:190} INFO - [2025-03-26T22:44:53.964+0530] {dag.py:4180} INFO - Setting next_dagrun for dataset_consumes_1_and_2 to None, run_after=None
[2025-03-26T22:44:53.964+0530] {logging_mixin.py:190} INFO - [2025-03-26T22:44:53.964+0530] {dag.py:4180} INFO - Setting next_dagrun for dataset_consumes_1_never_scheduled to None, run_after=None
[2025-03-26T22:44:53.965+0530] {logging_mixin.py:190} INFO - [2025-03-26T22:44:53.965+0530] {dag.py:4180} INFO - Setting next_dagrun for dataset_consumes_unknown_never_scheduled to None, run_after=None
[2025-03-26T22:44:53.965+0530] {logging_mixin.py:190} INFO - [2025-03-26T22:44:53.965+0530] {dag.py:4180} INFO - Setting next_dagrun for dataset_produces_1 to 2025-03-25 00:00:00+00:00, run_after=2025-03-26 00:00:00+00:00
[2025-03-26T22:44:53.966+0530] {logging_mixin.py:190} INFO - [2025-03-26T22:44:53.966+0530] {dag.py:4180} INFO - Setting next_dagrun for dataset_produces_2 to None, run_after=None
[2025-03-26T22:44:53.976+0530] {processor.py:208} INFO - Processing /Users/uk/miniforge3/lib/python3.10/site-packages/airflow/example_dags/example_datasets.py took 0.107 seconds
[2025-03-26T22:47:26.799+0530] {processor.py:186} INFO - Started process (PID=11451) to work on /Users/uk/miniforge3/lib/python3.10/site-packages/airflow/example_dags/example_datasets.py
[2025-03-26T22:47:26.800+0530] {processor.py:914} INFO - Processing file /Users/uk/miniforge3/lib/python3.10/site-packages/airflow/example_dags/example_datasets.py for tasks to queue
[2025-03-26T22:47:26.800+0530] {logging_mixin.py:190} INFO - [2025-03-26T22:47:26.800+0530] {dagbag.py:588} INFO - Filling up the DagBag from /Users/uk/miniforge3/lib/python3.10/site-packages/airflow/example_dags/example_datasets.py
[2025-03-26T22:47:26.836+0530] {processor.py:925} INFO - DAG(s) 'conditional_dataset_and_time_based_timetable', 'dataset_consumes_1', 'dataset_produces_1', 'dataset_produces_2', 'dataset_consumes_1_never_scheduled', 'dataset_consumes_1_and_2', 'consume_1_or_2_with_dataset_expressions', 'consume_1_or_both_2_and_3_with_dataset_expressions', 'consume_1_and_2_with_dataset_expressions', 'dataset_consumes_unknown_never_scheduled' retrieved from /Users/uk/miniforge3/lib/python3.10/site-packages/airflow/example_dags/example_datasets.py
[2025-03-26T22:47:26.883+0530] {logging_mixin.py:190} INFO - [2025-03-26T22:47:26.883+0530] {dag.py:3239} INFO - Sync 10 DAGs
[2025-03-26T22:47:26.892+0530] {logging_mixin.py:190} INFO - [2025-03-26T22:47:26.892+0530] {dag.py:4180} INFO - Setting next_dagrun for conditional_dataset_and_time_based_timetable to 2025-03-26 01:00:00+00:00, run_after=2025-03-26 01:00:00+00:00
[2025-03-26T22:47:26.893+0530] {logging_mixin.py:190} INFO - [2025-03-26T22:47:26.893+0530] {dag.py:4180} INFO - Setting next_dagrun for consume_1_and_2_with_dataset_expressions to None, run_after=None
[2025-03-26T22:47:26.894+0530] {logging_mixin.py:190} INFO - [2025-03-26T22:47:26.894+0530] {dag.py:4180} INFO - Setting next_dagrun for consume_1_or_2_with_dataset_expressions to None, run_after=None
[2025-03-26T22:47:26.894+0530] {logging_mixin.py:190} INFO - [2025-03-26T22:47:26.894+0530] {dag.py:4180} INFO - Setting next_dagrun for consume_1_or_both_2_and_3_with_dataset_expressions to None, run_after=None
[2025-03-26T22:47:26.894+0530] {logging_mixin.py:190} INFO - [2025-03-26T22:47:26.894+0530] {dag.py:4180} INFO - Setting next_dagrun for dataset_consumes_1 to None, run_after=None
[2025-03-26T22:47:26.895+0530] {logging_mixin.py:190} INFO - [2025-03-26T22:47:26.895+0530] {dag.py:4180} INFO - Setting next_dagrun for dataset_consumes_1_and_2 to None, run_after=None
[2025-03-26T22:47:26.895+0530] {logging_mixin.py:190} INFO - [2025-03-26T22:47:26.895+0530] {dag.py:4180} INFO - Setting next_dagrun for dataset_consumes_1_never_scheduled to None, run_after=None
[2025-03-26T22:47:26.895+0530] {logging_mixin.py:190} INFO - [2025-03-26T22:47:26.895+0530] {dag.py:4180} INFO - Setting next_dagrun for dataset_consumes_unknown_never_scheduled to None, run_after=None
[2025-03-26T22:47:26.896+0530] {logging_mixin.py:190} INFO - [2025-03-26T22:47:26.896+0530] {dag.py:4180} INFO - Setting next_dagrun for dataset_produces_1 to 2025-03-25 00:00:00+00:00, run_after=2025-03-26 00:00:00+00:00
[2025-03-26T22:47:26.896+0530] {logging_mixin.py:190} INFO - [2025-03-26T22:47:26.896+0530] {dag.py:4180} INFO - Setting next_dagrun for dataset_produces_2 to None, run_after=None
[2025-03-26T22:47:26.907+0530] {processor.py:208} INFO - Processing /Users/uk/miniforge3/lib/python3.10/site-packages/airflow/example_dags/example_datasets.py took 0.110 seconds
[2025-03-26T22:49:52.095+0530] {processor.py:186} INFO - Started process (PID=12046) to work on /Users/uk/miniforge3/lib/python3.10/site-packages/airflow/example_dags/example_datasets.py
[2025-03-26T22:49:52.096+0530] {processor.py:914} INFO - Processing file /Users/uk/miniforge3/lib/python3.10/site-packages/airflow/example_dags/example_datasets.py for tasks to queue
[2025-03-26T22:49:52.096+0530] {logging_mixin.py:190} INFO - [2025-03-26T22:49:52.096+0530] {dagbag.py:588} INFO - Filling up the DagBag from /Users/uk/miniforge3/lib/python3.10/site-packages/airflow/example_dags/example_datasets.py
[2025-03-26T22:49:52.131+0530] {processor.py:925} INFO - DAG(s) 'dataset_consumes_1', 'conditional_dataset_and_time_based_timetable', 'dataset_consumes_1_never_scheduled', 'consume_1_and_2_with_dataset_expressions', 'dataset_consumes_1_and_2', 'dataset_produces_1', 'consume_1_or_both_2_and_3_with_dataset_expressions', 'dataset_consumes_unknown_never_scheduled', 'dataset_produces_2', 'consume_1_or_2_with_dataset_expressions' retrieved from /Users/uk/miniforge3/lib/python3.10/site-packages/airflow/example_dags/example_datasets.py
[2025-03-26T22:49:52.176+0530] {logging_mixin.py:190} INFO - [2025-03-26T22:49:52.176+0530] {dag.py:3239} INFO - Sync 10 DAGs
[2025-03-26T22:49:52.184+0530] {logging_mixin.py:190} INFO - [2025-03-26T22:49:52.184+0530] {dag.py:4180} INFO - Setting next_dagrun for conditional_dataset_and_time_based_timetable to 2025-03-26 01:00:00+00:00, run_after=2025-03-26 01:00:00+00:00
[2025-03-26T22:49:52.186+0530] {logging_mixin.py:190} INFO - [2025-03-26T22:49:52.186+0530] {dag.py:4180} INFO - Setting next_dagrun for consume_1_and_2_with_dataset_expressions to None, run_after=None
[2025-03-26T22:49:52.186+0530] {logging_mixin.py:190} INFO - [2025-03-26T22:49:52.186+0530] {dag.py:4180} INFO - Setting next_dagrun for consume_1_or_2_with_dataset_expressions to None, run_after=None
[2025-03-26T22:49:52.186+0530] {logging_mixin.py:190} INFO - [2025-03-26T22:49:52.186+0530] {dag.py:4180} INFO - Setting next_dagrun for consume_1_or_both_2_and_3_with_dataset_expressions to None, run_after=None
[2025-03-26T22:49:52.187+0530] {logging_mixin.py:190} INFO - [2025-03-26T22:49:52.187+0530] {dag.py:4180} INFO - Setting next_dagrun for dataset_consumes_1 to None, run_after=None
[2025-03-26T22:49:52.187+0530] {logging_mixin.py:190} INFO - [2025-03-26T22:49:52.187+0530] {dag.py:4180} INFO - Setting next_dagrun for dataset_consumes_1_and_2 to None, run_after=None
[2025-03-26T22:49:52.187+0530] {logging_mixin.py:190} INFO - [2025-03-26T22:49:52.187+0530] {dag.py:4180} INFO - Setting next_dagrun for dataset_consumes_1_never_scheduled to None, run_after=None
[2025-03-26T22:49:52.188+0530] {logging_mixin.py:190} INFO - [2025-03-26T22:49:52.187+0530] {dag.py:4180} INFO - Setting next_dagrun for dataset_consumes_unknown_never_scheduled to None, run_after=None
[2025-03-26T22:49:52.188+0530] {logging_mixin.py:190} INFO - [2025-03-26T22:49:52.188+0530] {dag.py:4180} INFO - Setting next_dagrun for dataset_produces_1 to 2025-03-25 00:00:00+00:00, run_after=2025-03-26 00:00:00+00:00
[2025-03-26T22:49:52.189+0530] {logging_mixin.py:190} INFO - [2025-03-26T22:49:52.189+0530] {dag.py:4180} INFO - Setting next_dagrun for dataset_produces_2 to None, run_after=None
[2025-03-26T22:49:52.198+0530] {processor.py:208} INFO - Processing /Users/uk/miniforge3/lib/python3.10/site-packages/airflow/example_dags/example_datasets.py took 0.104 seconds
