[2025-03-26T22:09:28.055+0530] {processor.py:186} INFO - Started process (PID=6684) to work on /Users/uk/miniforge3/lib/python3.10/site-packages/airflow/example_dags/example_branch_python_dop_operator_3.py
[2025-03-26T22:09:28.055+0530] {processor.py:914} INFO - Processing file /Users/uk/miniforge3/lib/python3.10/site-packages/airflow/example_dags/example_branch_python_dop_operator_3.py for tasks to queue
[2025-03-26T22:09:28.056+0530] {logging_mixin.py:190} INFO - [2025-03-26T22:09:28.056+0530] {dagbag.py:588} INFO - Filling up the DagBag from /Users/uk/miniforge3/lib/python3.10/site-packages/airflow/example_dags/example_branch_python_dop_operator_3.py
[2025-03-26T22:09:28.072+0530] {processor.py:925} INFO - DAG(s) 'example_branch_dop_operator_v3' retrieved from /Users/uk/miniforge3/lib/python3.10/site-packages/airflow/example_dags/example_branch_python_dop_operator_3.py
[2025-03-26T22:09:28.111+0530] {logging_mixin.py:190} INFO - [2025-03-26T22:09:28.111+0530] {dag.py:3239} INFO - Sync 1 DAGs
[2025-03-26T22:09:28.119+0530] {logging_mixin.py:190} INFO - [2025-03-26T22:09:28.119+0530] {dag.py:4180} INFO - Setting next_dagrun for example_branch_dop_operator_v3 to 2025-03-26 16:38:00+00:00, run_after=2025-03-26 16:39:00+00:00
[2025-03-26T22:09:28.126+0530] {processor.py:208} INFO - Processing /Users/uk/miniforge3/lib/python3.10/site-packages/airflow/example_dags/example_branch_python_dop_operator_3.py took 0.072 seconds
[2025-03-26T22:13:59.952+0530] {processor.py:186} INFO - Started process (PID=7515) to work on /Users/uk/miniforge3/lib/python3.10/site-packages/airflow/example_dags/example_branch_python_dop_operator_3.py
[2025-03-26T22:13:59.952+0530] {processor.py:914} INFO - Processing file /Users/uk/miniforge3/lib/python3.10/site-packages/airflow/example_dags/example_branch_python_dop_operator_3.py for tasks to queue
[2025-03-26T22:13:59.953+0530] {logging_mixin.py:190} INFO - [2025-03-26T22:13:59.953+0530] {dagbag.py:588} INFO - Filling up the DagBag from /Users/uk/miniforge3/lib/python3.10/site-packages/airflow/example_dags/example_branch_python_dop_operator_3.py
[2025-03-26T22:13:59.967+0530] {processor.py:925} INFO - DAG(s) 'example_branch_dop_operator_v3' retrieved from /Users/uk/miniforge3/lib/python3.10/site-packages/airflow/example_dags/example_branch_python_dop_operator_3.py
[2025-03-26T22:14:00.004+0530] {logging_mixin.py:190} INFO - [2025-03-26T22:14:00.004+0530] {dag.py:3239} INFO - Sync 1 DAGs
[2025-03-26T22:14:00.013+0530] {logging_mixin.py:190} INFO - [2025-03-26T22:14:00.013+0530] {dag.py:4180} INFO - Setting next_dagrun for example_branch_dop_operator_v3 to 2025-03-26 16:43:00+00:00, run_after=2025-03-26 16:44:00+00:00
[2025-03-26T22:14:00.019+0530] {processor.py:208} INFO - Processing /Users/uk/miniforge3/lib/python3.10/site-packages/airflow/example_dags/example_branch_python_dop_operator_3.py took 0.069 seconds
[2025-03-26T22:16:39.005+0530] {processor.py:186} INFO - Started process (PID=7817) to work on /Users/uk/miniforge3/lib/python3.10/site-packages/airflow/example_dags/example_branch_python_dop_operator_3.py
[2025-03-26T22:16:39.006+0530] {processor.py:914} INFO - Processing file /Users/uk/miniforge3/lib/python3.10/site-packages/airflow/example_dags/example_branch_python_dop_operator_3.py for tasks to queue
[2025-03-26T22:16:39.006+0530] {logging_mixin.py:190} INFO - [2025-03-26T22:16:39.006+0530] {dagbag.py:588} INFO - Filling up the DagBag from /Users/uk/miniforge3/lib/python3.10/site-packages/airflow/example_dags/example_branch_python_dop_operator_3.py
[2025-03-26T22:16:39.023+0530] {processor.py:925} INFO - DAG(s) 'example_branch_dop_operator_v3' retrieved from /Users/uk/miniforge3/lib/python3.10/site-packages/airflow/example_dags/example_branch_python_dop_operator_3.py
[2025-03-26T22:16:39.065+0530] {logging_mixin.py:190} INFO - [2025-03-26T22:16:39.065+0530] {dag.py:3239} INFO - Sync 1 DAGs
[2025-03-26T22:16:39.075+0530] {logging_mixin.py:190} INFO - [2025-03-26T22:16:39.075+0530] {dag.py:4180} INFO - Setting next_dagrun for example_branch_dop_operator_v3 to 2025-03-26 16:45:00+00:00, run_after=2025-03-26 16:46:00+00:00
[2025-03-26T22:16:39.082+0530] {processor.py:208} INFO - Processing /Users/uk/miniforge3/lib/python3.10/site-packages/airflow/example_dags/example_branch_python_dop_operator_3.py took 0.079 seconds
[2025-03-26T22:19:13.397+0530] {processor.py:186} INFO - Started process (PID=8091) to work on /Users/uk/miniforge3/lib/python3.10/site-packages/airflow/example_dags/example_branch_python_dop_operator_3.py
[2025-03-26T22:19:13.397+0530] {processor.py:914} INFO - Processing file /Users/uk/miniforge3/lib/python3.10/site-packages/airflow/example_dags/example_branch_python_dop_operator_3.py for tasks to queue
[2025-03-26T22:19:13.398+0530] {logging_mixin.py:190} INFO - [2025-03-26T22:19:13.397+0530] {dagbag.py:588} INFO - Filling up the DagBag from /Users/uk/miniforge3/lib/python3.10/site-packages/airflow/example_dags/example_branch_python_dop_operator_3.py
[2025-03-26T22:19:13.412+0530] {processor.py:925} INFO - DAG(s) 'example_branch_dop_operator_v3' retrieved from /Users/uk/miniforge3/lib/python3.10/site-packages/airflow/example_dags/example_branch_python_dop_operator_3.py
[2025-03-26T22:19:13.450+0530] {logging_mixin.py:190} INFO - [2025-03-26T22:19:13.449+0530] {dag.py:3239} INFO - Sync 1 DAGs
[2025-03-26T22:19:13.459+0530] {logging_mixin.py:190} INFO - [2025-03-26T22:19:13.459+0530] {dag.py:4180} INFO - Setting next_dagrun for example_branch_dop_operator_v3 to 2025-03-26 16:48:00+00:00, run_after=2025-03-26 16:49:00+00:00
[2025-03-26T22:19:13.466+0530] {processor.py:208} INFO - Processing /Users/uk/miniforge3/lib/python3.10/site-packages/airflow/example_dags/example_branch_python_dop_operator_3.py took 0.070 seconds
[2025-03-26T22:21:49.709+0530] {processor.py:186} INFO - Started process (PID=8402) to work on /Users/uk/miniforge3/lib/python3.10/site-packages/airflow/example_dags/example_branch_python_dop_operator_3.py
[2025-03-26T22:21:49.709+0530] {processor.py:914} INFO - Processing file /Users/uk/miniforge3/lib/python3.10/site-packages/airflow/example_dags/example_branch_python_dop_operator_3.py for tasks to queue
[2025-03-26T22:21:49.710+0530] {logging_mixin.py:190} INFO - [2025-03-26T22:21:49.710+0530] {dagbag.py:588} INFO - Filling up the DagBag from /Users/uk/miniforge3/lib/python3.10/site-packages/airflow/example_dags/example_branch_python_dop_operator_3.py
[2025-03-26T22:21:49.724+0530] {processor.py:925} INFO - DAG(s) 'example_branch_dop_operator_v3' retrieved from /Users/uk/miniforge3/lib/python3.10/site-packages/airflow/example_dags/example_branch_python_dop_operator_3.py
[2025-03-26T22:21:49.761+0530] {logging_mixin.py:190} INFO - [2025-03-26T22:21:49.761+0530] {dag.py:3239} INFO - Sync 1 DAGs
[2025-03-26T22:21:49.770+0530] {logging_mixin.py:190} INFO - [2025-03-26T22:21:49.770+0530] {dag.py:4180} INFO - Setting next_dagrun for example_branch_dop_operator_v3 to 2025-03-26 16:50:00+00:00, run_after=2025-03-26 16:51:00+00:00
[2025-03-26T22:21:49.776+0530] {processor.py:208} INFO - Processing /Users/uk/miniforge3/lib/python3.10/site-packages/airflow/example_dags/example_branch_python_dop_operator_3.py took 0.069 seconds
[2025-03-26T22:24:19.605+0530] {processor.py:186} INFO - Started process (PID=8661) to work on /Users/uk/miniforge3/lib/python3.10/site-packages/airflow/example_dags/example_branch_python_dop_operator_3.py
[2025-03-26T22:24:19.605+0530] {processor.py:914} INFO - Processing file /Users/uk/miniforge3/lib/python3.10/site-packages/airflow/example_dags/example_branch_python_dop_operator_3.py for tasks to queue
[2025-03-26T22:24:19.605+0530] {logging_mixin.py:190} INFO - [2025-03-26T22:24:19.605+0530] {dagbag.py:588} INFO - Filling up the DagBag from /Users/uk/miniforge3/lib/python3.10/site-packages/airflow/example_dags/example_branch_python_dop_operator_3.py
[2025-03-26T22:24:19.621+0530] {processor.py:925} INFO - DAG(s) 'example_branch_dop_operator_v3' retrieved from /Users/uk/miniforge3/lib/python3.10/site-packages/airflow/example_dags/example_branch_python_dop_operator_3.py
[2025-03-26T22:24:19.658+0530] {logging_mixin.py:190} INFO - [2025-03-26T22:24:19.658+0530] {dag.py:3239} INFO - Sync 1 DAGs
[2025-03-26T22:24:19.667+0530] {logging_mixin.py:190} INFO - [2025-03-26T22:24:19.667+0530] {dag.py:4180} INFO - Setting next_dagrun for example_branch_dop_operator_v3 to 2025-03-26 16:53:00+00:00, run_after=2025-03-26 16:54:00+00:00
[2025-03-26T22:24:19.673+0530] {processor.py:208} INFO - Processing /Users/uk/miniforge3/lib/python3.10/site-packages/airflow/example_dags/example_branch_python_dop_operator_3.py took 0.069 seconds
[2025-03-26T22:27:02.420+0530] {processor.py:186} INFO - Started process (PID=8950) to work on /Users/uk/miniforge3/lib/python3.10/site-packages/airflow/example_dags/example_branch_python_dop_operator_3.py
[2025-03-26T22:27:02.420+0530] {processor.py:914} INFO - Processing file /Users/uk/miniforge3/lib/python3.10/site-packages/airflow/example_dags/example_branch_python_dop_operator_3.py for tasks to queue
[2025-03-26T22:27:02.421+0530] {logging_mixin.py:190} INFO - [2025-03-26T22:27:02.421+0530] {dagbag.py:588} INFO - Filling up the DagBag from /Users/uk/miniforge3/lib/python3.10/site-packages/airflow/example_dags/example_branch_python_dop_operator_3.py
[2025-03-26T22:27:02.437+0530] {processor.py:925} INFO - DAG(s) 'example_branch_dop_operator_v3' retrieved from /Users/uk/miniforge3/lib/python3.10/site-packages/airflow/example_dags/example_branch_python_dop_operator_3.py
[2025-03-26T22:27:02.476+0530] {logging_mixin.py:190} INFO - [2025-03-26T22:27:02.476+0530] {dag.py:3239} INFO - Sync 1 DAGs
[2025-03-26T22:27:02.485+0530] {logging_mixin.py:190} INFO - [2025-03-26T22:27:02.485+0530] {dag.py:4180} INFO - Setting next_dagrun for example_branch_dop_operator_v3 to 2025-03-26 16:56:00+00:00, run_after=2025-03-26 16:57:00+00:00
[2025-03-26T22:27:02.491+0530] {processor.py:208} INFO - Processing /Users/uk/miniforge3/lib/python3.10/site-packages/airflow/example_dags/example_branch_python_dop_operator_3.py took 0.072 seconds
[2025-03-26T22:29:41.319+0530] {processor.py:186} INFO - Started process (PID=9210) to work on /Users/uk/miniforge3/lib/python3.10/site-packages/airflow/example_dags/example_branch_python_dop_operator_3.py
[2025-03-26T22:29:41.320+0530] {processor.py:914} INFO - Processing file /Users/uk/miniforge3/lib/python3.10/site-packages/airflow/example_dags/example_branch_python_dop_operator_3.py for tasks to queue
[2025-03-26T22:29:41.321+0530] {logging_mixin.py:190} INFO - [2025-03-26T22:29:41.321+0530] {dagbag.py:588} INFO - Filling up the DagBag from /Users/uk/miniforge3/lib/python3.10/site-packages/airflow/example_dags/example_branch_python_dop_operator_3.py
[2025-03-26T22:29:41.335+0530] {processor.py:925} INFO - DAG(s) 'example_branch_dop_operator_v3' retrieved from /Users/uk/miniforge3/lib/python3.10/site-packages/airflow/example_dags/example_branch_python_dop_operator_3.py
[2025-03-26T22:29:41.373+0530] {logging_mixin.py:190} INFO - [2025-03-26T22:29:41.373+0530] {dag.py:3239} INFO - Sync 1 DAGs
[2025-03-26T22:29:41.381+0530] {logging_mixin.py:190} INFO - [2025-03-26T22:29:41.381+0530] {dag.py:4180} INFO - Setting next_dagrun for example_branch_dop_operator_v3 to 2025-03-26 16:58:00+00:00, run_after=2025-03-26 16:59:00+00:00
[2025-03-26T22:29:41.387+0530] {processor.py:208} INFO - Processing /Users/uk/miniforge3/lib/python3.10/site-packages/airflow/example_dags/example_branch_python_dop_operator_3.py took 0.069 seconds
[2025-03-26T22:32:04.505+0530] {processor.py:186} INFO - Started process (PID=9473) to work on /Users/uk/miniforge3/lib/python3.10/site-packages/airflow/example_dags/example_branch_python_dop_operator_3.py
[2025-03-26T22:32:04.506+0530] {processor.py:914} INFO - Processing file /Users/uk/miniforge3/lib/python3.10/site-packages/airflow/example_dags/example_branch_python_dop_operator_3.py for tasks to queue
[2025-03-26T22:32:04.506+0530] {logging_mixin.py:190} INFO - [2025-03-26T22:32:04.506+0530] {dagbag.py:588} INFO - Filling up the DagBag from /Users/uk/miniforge3/lib/python3.10/site-packages/airflow/example_dags/example_branch_python_dop_operator_3.py
[2025-03-26T22:32:04.521+0530] {processor.py:925} INFO - DAG(s) 'example_branch_dop_operator_v3' retrieved from /Users/uk/miniforge3/lib/python3.10/site-packages/airflow/example_dags/example_branch_python_dop_operator_3.py
[2025-03-26T22:32:04.574+0530] {logging_mixin.py:190} INFO - [2025-03-26T22:32:04.573+0530] {dag.py:3239} INFO - Sync 1 DAGs
[2025-03-26T22:32:04.585+0530] {logging_mixin.py:190} INFO - [2025-03-26T22:32:04.585+0530] {dag.py:4180} INFO - Setting next_dagrun for example_branch_dop_operator_v3 to 2025-03-26 17:01:00+00:00, run_after=2025-03-26 17:02:00+00:00
[2025-03-26T22:32:04.594+0530] {processor.py:208} INFO - Processing /Users/uk/miniforge3/lib/python3.10/site-packages/airflow/example_dags/example_branch_python_dop_operator_3.py took 0.089 seconds
[2025-03-26T22:34:30.766+0530] {processor.py:186} INFO - Started process (PID=9726) to work on /Users/uk/miniforge3/lib/python3.10/site-packages/airflow/example_dags/example_branch_python_dop_operator_3.py
[2025-03-26T22:34:30.768+0530] {processor.py:914} INFO - Processing file /Users/uk/miniforge3/lib/python3.10/site-packages/airflow/example_dags/example_branch_python_dop_operator_3.py for tasks to queue
[2025-03-26T22:34:30.769+0530] {logging_mixin.py:190} INFO - [2025-03-26T22:34:30.769+0530] {dagbag.py:588} INFO - Filling up the DagBag from /Users/uk/miniforge3/lib/python3.10/site-packages/airflow/example_dags/example_branch_python_dop_operator_3.py
[2025-03-26T22:34:30.805+0530] {processor.py:925} INFO - DAG(s) 'example_branch_dop_operator_v3' retrieved from /Users/uk/miniforge3/lib/python3.10/site-packages/airflow/example_dags/example_branch_python_dop_operator_3.py
[2025-03-26T22:34:30.862+0530] {logging_mixin.py:190} INFO - [2025-03-26T22:34:30.862+0530] {dag.py:3239} INFO - Sync 1 DAGs
[2025-03-26T22:34:30.873+0530] {logging_mixin.py:190} INFO - [2025-03-26T22:34:30.873+0530] {dag.py:4180} INFO - Setting next_dagrun for example_branch_dop_operator_v3 to 2025-03-26 17:03:00+00:00, run_after=2025-03-26 17:04:00+00:00
[2025-03-26T22:34:30.882+0530] {processor.py:208} INFO - Processing /Users/uk/miniforge3/lib/python3.10/site-packages/airflow/example_dags/example_branch_python_dop_operator_3.py took 0.117 seconds
[2025-03-26T22:37:18.770+0530] {processor.py:186} INFO - Started process (PID=10081) to work on /Users/uk/miniforge3/lib/python3.10/site-packages/airflow/example_dags/example_branch_python_dop_operator_3.py
[2025-03-26T22:37:18.771+0530] {processor.py:914} INFO - Processing file /Users/uk/miniforge3/lib/python3.10/site-packages/airflow/example_dags/example_branch_python_dop_operator_3.py for tasks to queue
[2025-03-26T22:37:18.772+0530] {logging_mixin.py:190} INFO - [2025-03-26T22:37:18.771+0530] {dagbag.py:588} INFO - Filling up the DagBag from /Users/uk/miniforge3/lib/python3.10/site-packages/airflow/example_dags/example_branch_python_dop_operator_3.py
[2025-03-26T22:37:18.786+0530] {processor.py:925} INFO - DAG(s) 'example_branch_dop_operator_v3' retrieved from /Users/uk/miniforge3/lib/python3.10/site-packages/airflow/example_dags/example_branch_python_dop_operator_3.py
[2025-03-26T22:37:18.824+0530] {logging_mixin.py:190} INFO - [2025-03-26T22:37:18.824+0530] {dag.py:3239} INFO - Sync 1 DAGs
[2025-03-26T22:37:18.832+0530] {logging_mixin.py:190} INFO - [2025-03-26T22:37:18.832+0530] {dag.py:4180} INFO - Setting next_dagrun for example_branch_dop_operator_v3 to 2025-03-26 17:06:00+00:00, run_after=2025-03-26 17:07:00+00:00
[2025-03-26T22:37:18.838+0530] {processor.py:208} INFO - Processing /Users/uk/miniforge3/lib/python3.10/site-packages/airflow/example_dags/example_branch_python_dop_operator_3.py took 0.070 seconds
[2025-03-26T22:39:50.044+0530] {processor.py:186} INFO - Started process (PID=10606) to work on /Users/uk/miniforge3/lib/python3.10/site-packages/airflow/example_dags/example_branch_python_dop_operator_3.py
[2025-03-26T22:39:50.045+0530] {processor.py:914} INFO - Processing file /Users/uk/miniforge3/lib/python3.10/site-packages/airflow/example_dags/example_branch_python_dop_operator_3.py for tasks to queue
[2025-03-26T22:39:50.046+0530] {logging_mixin.py:190} INFO - [2025-03-26T22:39:50.046+0530] {dagbag.py:588} INFO - Filling up the DagBag from /Users/uk/miniforge3/lib/python3.10/site-packages/airflow/example_dags/example_branch_python_dop_operator_3.py
[2025-03-26T22:39:50.060+0530] {processor.py:925} INFO - DAG(s) 'example_branch_dop_operator_v3' retrieved from /Users/uk/miniforge3/lib/python3.10/site-packages/airflow/example_dags/example_branch_python_dop_operator_3.py
[2025-03-26T22:39:50.097+0530] {logging_mixin.py:190} INFO - [2025-03-26T22:39:50.097+0530] {dag.py:3239} INFO - Sync 1 DAGs
[2025-03-26T22:39:50.106+0530] {logging_mixin.py:190} INFO - [2025-03-26T22:39:50.106+0530] {dag.py:4180} INFO - Setting next_dagrun for example_branch_dop_operator_v3 to 2025-03-26 17:08:00+00:00, run_after=2025-03-26 17:09:00+00:00
[2025-03-26T22:39:50.112+0530] {processor.py:208} INFO - Processing /Users/uk/miniforge3/lib/python3.10/site-packages/airflow/example_dags/example_branch_python_dop_operator_3.py took 0.069 seconds
[2025-03-26T22:42:29.107+0530] {processor.py:186} INFO - Started process (PID=10969) to work on /Users/uk/miniforge3/lib/python3.10/site-packages/airflow/example_dags/example_branch_python_dop_operator_3.py
[2025-03-26T22:42:29.107+0530] {processor.py:914} INFO - Processing file /Users/uk/miniforge3/lib/python3.10/site-packages/airflow/example_dags/example_branch_python_dop_operator_3.py for tasks to queue
[2025-03-26T22:42:29.108+0530] {logging_mixin.py:190} INFO - [2025-03-26T22:42:29.108+0530] {dagbag.py:588} INFO - Filling up the DagBag from /Users/uk/miniforge3/lib/python3.10/site-packages/airflow/example_dags/example_branch_python_dop_operator_3.py
[2025-03-26T22:42:29.123+0530] {processor.py:925} INFO - DAG(s) 'example_branch_dop_operator_v3' retrieved from /Users/uk/miniforge3/lib/python3.10/site-packages/airflow/example_dags/example_branch_python_dop_operator_3.py
[2025-03-26T22:42:29.162+0530] {logging_mixin.py:190} INFO - [2025-03-26T22:42:29.162+0530] {dag.py:3239} INFO - Sync 1 DAGs
[2025-03-26T22:42:29.171+0530] {logging_mixin.py:190} INFO - [2025-03-26T22:42:29.171+0530] {dag.py:4180} INFO - Setting next_dagrun for example_branch_dop_operator_v3 to 2025-03-26 17:11:00+00:00, run_after=2025-03-26 17:12:00+00:00
[2025-03-26T22:42:29.177+0530] {processor.py:208} INFO - Processing /Users/uk/miniforge3/lib/python3.10/site-packages/airflow/example_dags/example_branch_python_dop_operator_3.py took 0.072 seconds
[2025-03-26T22:45:04.899+0530] {processor.py:186} INFO - Started process (PID=11212) to work on /Users/uk/miniforge3/lib/python3.10/site-packages/airflow/example_dags/example_branch_python_dop_operator_3.py
[2025-03-26T22:45:04.899+0530] {processor.py:914} INFO - Processing file /Users/uk/miniforge3/lib/python3.10/site-packages/airflow/example_dags/example_branch_python_dop_operator_3.py for tasks to queue
[2025-03-26T22:45:04.900+0530] {logging_mixin.py:190} INFO - [2025-03-26T22:45:04.900+0530] {dagbag.py:588} INFO - Filling up the DagBag from /Users/uk/miniforge3/lib/python3.10/site-packages/airflow/example_dags/example_branch_python_dop_operator_3.py
[2025-03-26T22:45:04.914+0530] {processor.py:925} INFO - DAG(s) 'example_branch_dop_operator_v3' retrieved from /Users/uk/miniforge3/lib/python3.10/site-packages/airflow/example_dags/example_branch_python_dop_operator_3.py
[2025-03-26T22:45:04.951+0530] {logging_mixin.py:190} INFO - [2025-03-26T22:45:04.951+0530] {dag.py:3239} INFO - Sync 1 DAGs
[2025-03-26T22:45:04.960+0530] {logging_mixin.py:190} INFO - [2025-03-26T22:45:04.959+0530] {dag.py:4180} INFO - Setting next_dagrun for example_branch_dop_operator_v3 to 2025-03-26 17:14:00+00:00, run_after=2025-03-26 17:15:00+00:00
[2025-03-26T22:45:04.966+0530] {processor.py:208} INFO - Processing /Users/uk/miniforge3/lib/python3.10/site-packages/airflow/example_dags/example_branch_python_dop_operator_3.py took 0.068 seconds
[2025-03-26T22:47:35.818+0530] {processor.py:186} INFO - Started process (PID=11466) to work on /Users/uk/miniforge3/lib/python3.10/site-packages/airflow/example_dags/example_branch_python_dop_operator_3.py
[2025-03-26T22:47:35.819+0530] {processor.py:914} INFO - Processing file /Users/uk/miniforge3/lib/python3.10/site-packages/airflow/example_dags/example_branch_python_dop_operator_3.py for tasks to queue
[2025-03-26T22:47:35.820+0530] {logging_mixin.py:190} INFO - [2025-03-26T22:47:35.819+0530] {dagbag.py:588} INFO - Filling up the DagBag from /Users/uk/miniforge3/lib/python3.10/site-packages/airflow/example_dags/example_branch_python_dop_operator_3.py
[2025-03-26T22:47:35.835+0530] {processor.py:925} INFO - DAG(s) 'example_branch_dop_operator_v3' retrieved from /Users/uk/miniforge3/lib/python3.10/site-packages/airflow/example_dags/example_branch_python_dop_operator_3.py
[2025-03-26T22:47:35.876+0530] {logging_mixin.py:190} INFO - [2025-03-26T22:47:35.876+0530] {dag.py:3239} INFO - Sync 1 DAGs
[2025-03-26T22:47:35.886+0530] {logging_mixin.py:190} INFO - [2025-03-26T22:47:35.886+0530] {dag.py:4180} INFO - Setting next_dagrun for example_branch_dop_operator_v3 to 2025-03-26 17:16:00+00:00, run_after=2025-03-26 17:17:00+00:00
[2025-03-26T22:47:35.894+0530] {processor.py:208} INFO - Processing /Users/uk/miniforge3/lib/python3.10/site-packages/airflow/example_dags/example_branch_python_dop_operator_3.py took 0.077 seconds
[2025-03-26T22:50:00.571+0530] {processor.py:186} INFO - Started process (PID=12060) to work on /Users/uk/miniforge3/lib/python3.10/site-packages/airflow/example_dags/example_branch_python_dop_operator_3.py
[2025-03-26T22:50:00.572+0530] {processor.py:914} INFO - Processing file /Users/uk/miniforge3/lib/python3.10/site-packages/airflow/example_dags/example_branch_python_dop_operator_3.py for tasks to queue
[2025-03-26T22:50:00.572+0530] {logging_mixin.py:190} INFO - [2025-03-26T22:50:00.572+0530] {dagbag.py:588} INFO - Filling up the DagBag from /Users/uk/miniforge3/lib/python3.10/site-packages/airflow/example_dags/example_branch_python_dop_operator_3.py
[2025-03-26T22:50:00.586+0530] {processor.py:925} INFO - DAG(s) 'example_branch_dop_operator_v3' retrieved from /Users/uk/miniforge3/lib/python3.10/site-packages/airflow/example_dags/example_branch_python_dop_operator_3.py
[2025-03-26T22:50:00.624+0530] {logging_mixin.py:190} INFO - [2025-03-26T22:50:00.624+0530] {dag.py:3239} INFO - Sync 1 DAGs
[2025-03-26T22:50:00.632+0530] {logging_mixin.py:190} INFO - [2025-03-26T22:50:00.632+0530] {dag.py:4180} INFO - Setting next_dagrun for example_branch_dop_operator_v3 to 2025-03-26 17:19:00+00:00, run_after=2025-03-26 17:20:00+00:00
[2025-03-26T22:50:00.638+0530] {processor.py:208} INFO - Processing /Users/uk/miniforge3/lib/python3.10/site-packages/airflow/example_dags/example_branch_python_dop_operator_3.py took 0.069 seconds
