[2025-03-26T22:09:00.415+0530] {processor.py:186} INFO - Started process (PID=6635) to work on /Users/uk/miniforge3/lib/python3.10/site-packages/airflow/example_dags/example_outlet_event_extra.py
[2025-03-26T22:09:00.416+0530] {processor.py:914} INFO - Processing file /Users/uk/miniforge3/lib/python3.10/site-packages/airflow/example_dags/example_outlet_event_extra.py for tasks to queue
[2025-03-26T22:09:00.416+0530] {logging_mixin.py:190} INFO - [2025-03-26T22:09:00.416+0530] {dagbag.py:588} INFO - Filling up the DagBag from /Users/uk/miniforge3/lib/python3.10/site-packages/airflow/example_dags/example_outlet_event_extra.py
[2025-03-26T22:09:00.450+0530] {processor.py:925} INFO - DAG(s) 'dataset_with_extra_from_classic_operator', 'dataset_with_extra_by_context', 'dataset_with_extra_by_yield' retrieved from /Users/uk/miniforge3/lib/python3.10/site-packages/airflow/example_dags/example_outlet_event_extra.py
[2025-03-26T22:09:00.491+0530] {logging_mixin.py:190} INFO - [2025-03-26T22:09:00.491+0530] {dag.py:3239} INFO - Sync 3 DAGs
[2025-03-26T22:09:00.499+0530] {logging_mixin.py:190} INFO - [2025-03-26T22:09:00.499+0530] {dag.py:4180} INFO - Setting next_dagrun for dataset_with_extra_by_context to 2025-03-25 00:00:00+00:00, run_after=2025-03-26 00:00:00+00:00
[2025-03-26T22:09:00.501+0530] {logging_mixin.py:190} INFO - [2025-03-26T22:09:00.500+0530] {dag.py:4180} INFO - Setting next_dagrun for dataset_with_extra_by_yield to 2025-03-25 00:00:00+00:00, run_after=2025-03-26 00:00:00+00:00
[2025-03-26T22:09:00.501+0530] {logging_mixin.py:190} INFO - [2025-03-26T22:09:00.501+0530] {dag.py:4180} INFO - Setting next_dagrun for dataset_with_extra_from_classic_operator to 2025-03-25 00:00:00+00:00, run_after=2025-03-26 00:00:00+00:00
[2025-03-26T22:09:00.508+0530] {processor.py:208} INFO - Processing /Users/uk/miniforge3/lib/python3.10/site-packages/airflow/example_dags/example_outlet_event_extra.py took 0.094 seconds
[2025-03-26T22:10:43.642+0530] {processor.py:186} INFO - Started process (PID=6819) to work on /Users/uk/miniforge3/lib/python3.10/site-packages/airflow/example_dags/example_outlet_event_extra.py
[2025-03-26T22:10:43.644+0530] {processor.py:914} INFO - Processing file /Users/uk/miniforge3/lib/python3.10/site-packages/airflow/example_dags/example_outlet_event_extra.py for tasks to queue
[2025-03-26T22:10:43.644+0530] {logging_mixin.py:190} INFO - [2025-03-26T22:10:43.644+0530] {dagbag.py:588} INFO - Filling up the DagBag from /Users/uk/miniforge3/lib/python3.10/site-packages/airflow/example_dags/example_outlet_event_extra.py
[2025-03-26T22:10:43.687+0530] {processor.py:925} INFO - DAG(s) 'dataset_with_extra_from_classic_operator', 'dataset_with_extra_by_context', 'dataset_with_extra_by_yield' retrieved from /Users/uk/miniforge3/lib/python3.10/site-packages/airflow/example_dags/example_outlet_event_extra.py
[2025-03-26T22:10:43.726+0530] {logging_mixin.py:190} INFO - [2025-03-26T22:10:43.726+0530] {dag.py:3239} INFO - Sync 3 DAGs
[2025-03-26T22:10:43.733+0530] {logging_mixin.py:190} INFO - [2025-03-26T22:10:43.733+0530] {dag.py:4180} INFO - Setting next_dagrun for dataset_with_extra_by_context to 2025-03-25 00:00:00+00:00, run_after=2025-03-26 00:00:00+00:00
[2025-03-26T22:10:43.735+0530] {logging_mixin.py:190} INFO - [2025-03-26T22:10:43.735+0530] {dag.py:4180} INFO - Setting next_dagrun for dataset_with_extra_by_yield to 2025-03-25 00:00:00+00:00, run_after=2025-03-26 00:00:00+00:00
[2025-03-26T22:10:43.736+0530] {logging_mixin.py:190} INFO - [2025-03-26T22:10:43.736+0530] {dag.py:4180} INFO - Setting next_dagrun for dataset_with_extra_from_classic_operator to 2025-03-25 00:00:00+00:00, run_after=2025-03-26 00:00:00+00:00
[2025-03-26T22:10:43.743+0530] {processor.py:208} INFO - Processing /Users/uk/miniforge3/lib/python3.10/site-packages/airflow/example_dags/example_outlet_event_extra.py took 0.101 seconds
[2025-03-26T22:13:27.797+0530] {processor.py:186} INFO - Started process (PID=7133) to work on /Users/uk/miniforge3/lib/python3.10/site-packages/airflow/example_dags/example_outlet_event_extra.py
[2025-03-26T22:13:27.798+0530] {processor.py:914} INFO - Processing file /Users/uk/miniforge3/lib/python3.10/site-packages/airflow/example_dags/example_outlet_event_extra.py for tasks to queue
[2025-03-26T22:13:27.798+0530] {logging_mixin.py:190} INFO - [2025-03-26T22:13:27.798+0530] {dagbag.py:588} INFO - Filling up the DagBag from /Users/uk/miniforge3/lib/python3.10/site-packages/airflow/example_dags/example_outlet_event_extra.py
[2025-03-26T22:13:27.846+0530] {processor.py:925} INFO - DAG(s) 'dataset_with_extra_by_context', 'dataset_with_extra_from_classic_operator', 'dataset_with_extra_by_yield' retrieved from /Users/uk/miniforge3/lib/python3.10/site-packages/airflow/example_dags/example_outlet_event_extra.py
[2025-03-26T22:13:27.890+0530] {logging_mixin.py:190} INFO - [2025-03-26T22:13:27.890+0530] {dag.py:3239} INFO - Sync 3 DAGs
[2025-03-26T22:13:27.898+0530] {logging_mixin.py:190} INFO - [2025-03-26T22:13:27.898+0530] {dag.py:4180} INFO - Setting next_dagrun for dataset_with_extra_by_context to 2025-03-25 00:00:00+00:00, run_after=2025-03-26 00:00:00+00:00
[2025-03-26T22:13:27.900+0530] {logging_mixin.py:190} INFO - [2025-03-26T22:13:27.900+0530] {dag.py:4180} INFO - Setting next_dagrun for dataset_with_extra_by_yield to 2025-03-25 00:00:00+00:00, run_after=2025-03-26 00:00:00+00:00
[2025-03-26T22:13:27.901+0530] {logging_mixin.py:190} INFO - [2025-03-26T22:13:27.901+0530] {dag.py:4180} INFO - Setting next_dagrun for dataset_with_extra_from_classic_operator to 2025-03-25 00:00:00+00:00, run_after=2025-03-26 00:00:00+00:00
[2025-03-26T22:13:27.909+0530] {processor.py:208} INFO - Processing /Users/uk/miniforge3/lib/python3.10/site-packages/airflow/example_dags/example_outlet_event_extra.py took 0.113 seconds
[2025-03-26T22:15:24.500+0530] {processor.py:186} INFO - Started process (PID=7664) to work on /Users/uk/miniforge3/lib/python3.10/site-packages/airflow/example_dags/example_outlet_event_extra.py
[2025-03-26T22:15:24.500+0530] {processor.py:914} INFO - Processing file /Users/uk/miniforge3/lib/python3.10/site-packages/airflow/example_dags/example_outlet_event_extra.py for tasks to queue
[2025-03-26T22:15:24.501+0530] {logging_mixin.py:190} INFO - [2025-03-26T22:15:24.500+0530] {dagbag.py:588} INFO - Filling up the DagBag from /Users/uk/miniforge3/lib/python3.10/site-packages/airflow/example_dags/example_outlet_event_extra.py
[2025-03-26T22:15:24.542+0530] {processor.py:925} INFO - DAG(s) 'dataset_with_extra_from_classic_operator', 'dataset_with_extra_by_context', 'dataset_with_extra_by_yield' retrieved from /Users/uk/miniforge3/lib/python3.10/site-packages/airflow/example_dags/example_outlet_event_extra.py
[2025-03-26T22:15:24.582+0530] {logging_mixin.py:190} INFO - [2025-03-26T22:15:24.582+0530] {dag.py:3239} INFO - Sync 3 DAGs
[2025-03-26T22:15:24.590+0530] {logging_mixin.py:190} INFO - [2025-03-26T22:15:24.590+0530] {dag.py:4180} INFO - Setting next_dagrun for dataset_with_extra_by_context to 2025-03-25 00:00:00+00:00, run_after=2025-03-26 00:00:00+00:00
[2025-03-26T22:15:24.591+0530] {logging_mixin.py:190} INFO - [2025-03-26T22:15:24.591+0530] {dag.py:4180} INFO - Setting next_dagrun for dataset_with_extra_by_yield to 2025-03-25 00:00:00+00:00, run_after=2025-03-26 00:00:00+00:00
[2025-03-26T22:15:24.592+0530] {logging_mixin.py:190} INFO - [2025-03-26T22:15:24.592+0530] {dag.py:4180} INFO - Setting next_dagrun for dataset_with_extra_from_classic_operator to 2025-03-25 00:00:00+00:00, run_after=2025-03-26 00:00:00+00:00
[2025-03-26T22:15:24.599+0530] {processor.py:208} INFO - Processing /Users/uk/miniforge3/lib/python3.10/site-packages/airflow/example_dags/example_outlet_event_extra.py took 0.100 seconds
[2025-03-26T22:17:57.799+0530] {processor.py:186} INFO - Started process (PID=7956) to work on /Users/uk/miniforge3/lib/python3.10/site-packages/airflow/example_dags/example_outlet_event_extra.py
[2025-03-26T22:17:57.800+0530] {processor.py:914} INFO - Processing file /Users/uk/miniforge3/lib/python3.10/site-packages/airflow/example_dags/example_outlet_event_extra.py for tasks to queue
[2025-03-26T22:17:57.800+0530] {logging_mixin.py:190} INFO - [2025-03-26T22:17:57.800+0530] {dagbag.py:588} INFO - Filling up the DagBag from /Users/uk/miniforge3/lib/python3.10/site-packages/airflow/example_dags/example_outlet_event_extra.py
[2025-03-26T22:17:57.846+0530] {processor.py:925} INFO - DAG(s) 'dataset_with_extra_by_yield', 'dataset_with_extra_by_context', 'dataset_with_extra_from_classic_operator' retrieved from /Users/uk/miniforge3/lib/python3.10/site-packages/airflow/example_dags/example_outlet_event_extra.py
[2025-03-26T22:17:57.886+0530] {logging_mixin.py:190} INFO - [2025-03-26T22:17:57.886+0530] {dag.py:3239} INFO - Sync 3 DAGs
[2025-03-26T22:17:57.893+0530] {logging_mixin.py:190} INFO - [2025-03-26T22:17:57.893+0530] {dag.py:4180} INFO - Setting next_dagrun for dataset_with_extra_by_context to 2025-03-25 00:00:00+00:00, run_after=2025-03-26 00:00:00+00:00
[2025-03-26T22:17:57.895+0530] {logging_mixin.py:190} INFO - [2025-03-26T22:17:57.894+0530] {dag.py:4180} INFO - Setting next_dagrun for dataset_with_extra_by_yield to 2025-03-25 00:00:00+00:00, run_after=2025-03-26 00:00:00+00:00
[2025-03-26T22:17:57.895+0530] {logging_mixin.py:190} INFO - [2025-03-26T22:17:57.895+0530] {dag.py:4180} INFO - Setting next_dagrun for dataset_with_extra_from_classic_operator to 2025-03-25 00:00:00+00:00, run_after=2025-03-26 00:00:00+00:00
[2025-03-26T22:17:57.904+0530] {processor.py:208} INFO - Processing /Users/uk/miniforge3/lib/python3.10/site-packages/airflow/example_dags/example_outlet_event_extra.py took 0.106 seconds
[2025-03-26T22:20:32.148+0530] {processor.py:186} INFO - Started process (PID=8229) to work on /Users/uk/miniforge3/lib/python3.10/site-packages/airflow/example_dags/example_outlet_event_extra.py
[2025-03-26T22:20:32.148+0530] {processor.py:914} INFO - Processing file /Users/uk/miniforge3/lib/python3.10/site-packages/airflow/example_dags/example_outlet_event_extra.py for tasks to queue
[2025-03-26T22:20:32.149+0530] {logging_mixin.py:190} INFO - [2025-03-26T22:20:32.149+0530] {dagbag.py:588} INFO - Filling up the DagBag from /Users/uk/miniforge3/lib/python3.10/site-packages/airflow/example_dags/example_outlet_event_extra.py
[2025-03-26T22:20:32.189+0530] {processor.py:925} INFO - DAG(s) 'dataset_with_extra_from_classic_operator', 'dataset_with_extra_by_context', 'dataset_with_extra_by_yield' retrieved from /Users/uk/miniforge3/lib/python3.10/site-packages/airflow/example_dags/example_outlet_event_extra.py
[2025-03-26T22:20:32.228+0530] {logging_mixin.py:190} INFO - [2025-03-26T22:20:32.228+0530] {dag.py:3239} INFO - Sync 3 DAGs
[2025-03-26T22:20:32.236+0530] {logging_mixin.py:190} INFO - [2025-03-26T22:20:32.236+0530] {dag.py:4180} INFO - Setting next_dagrun for dataset_with_extra_by_context to 2025-03-25 00:00:00+00:00, run_after=2025-03-26 00:00:00+00:00
[2025-03-26T22:20:32.237+0530] {logging_mixin.py:190} INFO - [2025-03-26T22:20:32.237+0530] {dag.py:4180} INFO - Setting next_dagrun for dataset_with_extra_by_yield to 2025-03-25 00:00:00+00:00, run_after=2025-03-26 00:00:00+00:00
[2025-03-26T22:20:32.238+0530] {logging_mixin.py:190} INFO - [2025-03-26T22:20:32.238+0530] {dag.py:4180} INFO - Setting next_dagrun for dataset_with_extra_from_classic_operator to 2025-03-25 00:00:00+00:00, run_after=2025-03-26 00:00:00+00:00
[2025-03-26T22:20:32.245+0530] {processor.py:208} INFO - Processing /Users/uk/miniforge3/lib/python3.10/site-packages/airflow/example_dags/example_outlet_event_extra.py took 0.099 seconds
[2025-03-26T22:23:02.418+0530] {processor.py:186} INFO - Started process (PID=8523) to work on /Users/uk/miniforge3/lib/python3.10/site-packages/airflow/example_dags/example_outlet_event_extra.py
[2025-03-26T22:23:02.418+0530] {processor.py:914} INFO - Processing file /Users/uk/miniforge3/lib/python3.10/site-packages/airflow/example_dags/example_outlet_event_extra.py for tasks to queue
[2025-03-26T22:23:02.419+0530] {logging_mixin.py:190} INFO - [2025-03-26T22:23:02.419+0530] {dagbag.py:588} INFO - Filling up the DagBag from /Users/uk/miniforge3/lib/python3.10/site-packages/airflow/example_dags/example_outlet_event_extra.py
[2025-03-26T22:23:02.463+0530] {processor.py:925} INFO - DAG(s) 'dataset_with_extra_from_classic_operator', 'dataset_with_extra_by_yield', 'dataset_with_extra_by_context' retrieved from /Users/uk/miniforge3/lib/python3.10/site-packages/airflow/example_dags/example_outlet_event_extra.py
[2025-03-26T22:23:02.504+0530] {logging_mixin.py:190} INFO - [2025-03-26T22:23:02.504+0530] {dag.py:3239} INFO - Sync 3 DAGs
[2025-03-26T22:23:02.511+0530] {logging_mixin.py:190} INFO - [2025-03-26T22:23:02.511+0530] {dag.py:4180} INFO - Setting next_dagrun for dataset_with_extra_by_context to 2025-03-25 00:00:00+00:00, run_after=2025-03-26 00:00:00+00:00
[2025-03-26T22:23:02.513+0530] {logging_mixin.py:190} INFO - [2025-03-26T22:23:02.513+0530] {dag.py:4180} INFO - Setting next_dagrun for dataset_with_extra_by_yield to 2025-03-25 00:00:00+00:00, run_after=2025-03-26 00:00:00+00:00
[2025-03-26T22:23:02.514+0530] {logging_mixin.py:190} INFO - [2025-03-26T22:23:02.514+0530] {dag.py:4180} INFO - Setting next_dagrun for dataset_with_extra_from_classic_operator to 2025-03-25 00:00:00+00:00, run_after=2025-03-26 00:00:00+00:00
[2025-03-26T22:23:02.521+0530] {processor.py:208} INFO - Processing /Users/uk/miniforge3/lib/python3.10/site-packages/airflow/example_dags/example_outlet_event_extra.py took 0.104 seconds
[2025-03-26T22:25:40.896+0530] {processor.py:186} INFO - Started process (PID=8811) to work on /Users/uk/miniforge3/lib/python3.10/site-packages/airflow/example_dags/example_outlet_event_extra.py
[2025-03-26T22:25:40.897+0530] {processor.py:914} INFO - Processing file /Users/uk/miniforge3/lib/python3.10/site-packages/airflow/example_dags/example_outlet_event_extra.py for tasks to queue
[2025-03-26T22:25:40.898+0530] {logging_mixin.py:190} INFO - [2025-03-26T22:25:40.898+0530] {dagbag.py:588} INFO - Filling up the DagBag from /Users/uk/miniforge3/lib/python3.10/site-packages/airflow/example_dags/example_outlet_event_extra.py
[2025-03-26T22:25:40.944+0530] {processor.py:925} INFO - DAG(s) 'dataset_with_extra_by_context', 'dataset_with_extra_from_classic_operator', 'dataset_with_extra_by_yield' retrieved from /Users/uk/miniforge3/lib/python3.10/site-packages/airflow/example_dags/example_outlet_event_extra.py
[2025-03-26T22:25:40.988+0530] {logging_mixin.py:190} INFO - [2025-03-26T22:25:40.988+0530] {dag.py:3239} INFO - Sync 3 DAGs
[2025-03-26T22:25:40.995+0530] {logging_mixin.py:190} INFO - [2025-03-26T22:25:40.995+0530] {dag.py:4180} INFO - Setting next_dagrun for dataset_with_extra_by_context to 2025-03-25 00:00:00+00:00, run_after=2025-03-26 00:00:00+00:00
[2025-03-26T22:25:40.997+0530] {logging_mixin.py:190} INFO - [2025-03-26T22:25:40.997+0530] {dag.py:4180} INFO - Setting next_dagrun for dataset_with_extra_by_yield to 2025-03-25 00:00:00+00:00, run_after=2025-03-26 00:00:00+00:00
[2025-03-26T22:25:40.998+0530] {logging_mixin.py:190} INFO - [2025-03-26T22:25:40.998+0530] {dag.py:4180} INFO - Setting next_dagrun for dataset_with_extra_from_classic_operator to 2025-03-25 00:00:00+00:00, run_after=2025-03-26 00:00:00+00:00
[2025-03-26T22:25:41.004+0530] {processor.py:208} INFO - Processing /Users/uk/miniforge3/lib/python3.10/site-packages/airflow/example_dags/example_outlet_event_extra.py took 0.109 seconds
[2025-03-26T22:28:16.480+0530] {processor.py:186} INFO - Started process (PID=9078) to work on /Users/uk/miniforge3/lib/python3.10/site-packages/airflow/example_dags/example_outlet_event_extra.py
[2025-03-26T22:28:16.481+0530] {processor.py:914} INFO - Processing file /Users/uk/miniforge3/lib/python3.10/site-packages/airflow/example_dags/example_outlet_event_extra.py for tasks to queue
[2025-03-26T22:28:16.481+0530] {logging_mixin.py:190} INFO - [2025-03-26T22:28:16.481+0530] {dagbag.py:588} INFO - Filling up the DagBag from /Users/uk/miniforge3/lib/python3.10/site-packages/airflow/example_dags/example_outlet_event_extra.py
[2025-03-26T22:28:16.526+0530] {processor.py:925} INFO - DAG(s) 'dataset_with_extra_from_classic_operator', 'dataset_with_extra_by_yield', 'dataset_with_extra_by_context' retrieved from /Users/uk/miniforge3/lib/python3.10/site-packages/airflow/example_dags/example_outlet_event_extra.py
[2025-03-26T22:28:16.566+0530] {logging_mixin.py:190} INFO - [2025-03-26T22:28:16.566+0530] {dag.py:3239} INFO - Sync 3 DAGs
[2025-03-26T22:28:16.574+0530] {logging_mixin.py:190} INFO - [2025-03-26T22:28:16.574+0530] {dag.py:4180} INFO - Setting next_dagrun for dataset_with_extra_by_context to 2025-03-25 00:00:00+00:00, run_after=2025-03-26 00:00:00+00:00
[2025-03-26T22:28:16.576+0530] {logging_mixin.py:190} INFO - [2025-03-26T22:28:16.575+0530] {dag.py:4180} INFO - Setting next_dagrun for dataset_with_extra_by_yield to 2025-03-25 00:00:00+00:00, run_after=2025-03-26 00:00:00+00:00
[2025-03-26T22:28:16.576+0530] {logging_mixin.py:190} INFO - [2025-03-26T22:28:16.576+0530] {dag.py:4180} INFO - Setting next_dagrun for dataset_with_extra_from_classic_operator to 2025-03-25 00:00:00+00:00, run_after=2025-03-26 00:00:00+00:00
[2025-03-26T22:28:16.583+0530] {processor.py:208} INFO - Processing /Users/uk/miniforge3/lib/python3.10/site-packages/airflow/example_dags/example_outlet_event_extra.py took 0.104 seconds
[2025-03-26T22:30:55.476+0530] {processor.py:186} INFO - Started process (PID=9346) to work on /Users/uk/miniforge3/lib/python3.10/site-packages/airflow/example_dags/example_outlet_event_extra.py
[2025-03-26T22:30:55.477+0530] {processor.py:914} INFO - Processing file /Users/uk/miniforge3/lib/python3.10/site-packages/airflow/example_dags/example_outlet_event_extra.py for tasks to queue
[2025-03-26T22:30:55.477+0530] {logging_mixin.py:190} INFO - [2025-03-26T22:30:55.477+0530] {dagbag.py:588} INFO - Filling up the DagBag from /Users/uk/miniforge3/lib/python3.10/site-packages/airflow/example_dags/example_outlet_event_extra.py
[2025-03-26T22:30:55.522+0530] {processor.py:925} INFO - DAG(s) 'dataset_with_extra_by_yield', 'dataset_with_extra_by_context', 'dataset_with_extra_from_classic_operator' retrieved from /Users/uk/miniforge3/lib/python3.10/site-packages/airflow/example_dags/example_outlet_event_extra.py
[2025-03-26T22:30:55.561+0530] {logging_mixin.py:190} INFO - [2025-03-26T22:30:55.561+0530] {dag.py:3239} INFO - Sync 3 DAGs
[2025-03-26T22:30:55.569+0530] {logging_mixin.py:190} INFO - [2025-03-26T22:30:55.569+0530] {dag.py:4180} INFO - Setting next_dagrun for dataset_with_extra_by_context to 2025-03-25 00:00:00+00:00, run_after=2025-03-26 00:00:00+00:00
[2025-03-26T22:30:55.571+0530] {logging_mixin.py:190} INFO - [2025-03-26T22:30:55.570+0530] {dag.py:4180} INFO - Setting next_dagrun for dataset_with_extra_by_yield to 2025-03-25 00:00:00+00:00, run_after=2025-03-26 00:00:00+00:00
[2025-03-26T22:30:55.571+0530] {logging_mixin.py:190} INFO - [2025-03-26T22:30:55.571+0530] {dag.py:4180} INFO - Setting next_dagrun for dataset_with_extra_from_classic_operator to 2025-03-25 00:00:00+00:00, run_after=2025-03-26 00:00:00+00:00
[2025-03-26T22:30:55.578+0530] {processor.py:208} INFO - Processing /Users/uk/miniforge3/lib/python3.10/site-packages/airflow/example_dags/example_outlet_event_extra.py took 0.103 seconds
[2025-03-26T22:33:16.777+0530] {processor.py:186} INFO - Started process (PID=9597) to work on /Users/uk/miniforge3/lib/python3.10/site-packages/airflow/example_dags/example_outlet_event_extra.py
[2025-03-26T22:33:16.778+0530] {processor.py:914} INFO - Processing file /Users/uk/miniforge3/lib/python3.10/site-packages/airflow/example_dags/example_outlet_event_extra.py for tasks to queue
[2025-03-26T22:33:16.778+0530] {logging_mixin.py:190} INFO - [2025-03-26T22:33:16.778+0530] {dagbag.py:588} INFO - Filling up the DagBag from /Users/uk/miniforge3/lib/python3.10/site-packages/airflow/example_dags/example_outlet_event_extra.py
[2025-03-26T22:33:16.827+0530] {processor.py:925} INFO - DAG(s) 'dataset_with_extra_by_yield', 'dataset_with_extra_by_context', 'dataset_with_extra_from_classic_operator' retrieved from /Users/uk/miniforge3/lib/python3.10/site-packages/airflow/example_dags/example_outlet_event_extra.py
[2025-03-26T22:33:16.877+0530] {logging_mixin.py:190} INFO - [2025-03-26T22:33:16.877+0530] {dag.py:3239} INFO - Sync 3 DAGs
[2025-03-26T22:33:16.885+0530] {logging_mixin.py:190} INFO - [2025-03-26T22:33:16.885+0530] {dag.py:4180} INFO - Setting next_dagrun for dataset_with_extra_by_context to 2025-03-25 00:00:00+00:00, run_after=2025-03-26 00:00:00+00:00
[2025-03-26T22:33:16.887+0530] {logging_mixin.py:190} INFO - [2025-03-26T22:33:16.887+0530] {dag.py:4180} INFO - Setting next_dagrun for dataset_with_extra_by_yield to 2025-03-25 00:00:00+00:00, run_after=2025-03-26 00:00:00+00:00
[2025-03-26T22:33:16.888+0530] {logging_mixin.py:190} INFO - [2025-03-26T22:33:16.888+0530] {dag.py:4180} INFO - Setting next_dagrun for dataset_with_extra_from_classic_operator to 2025-03-25 00:00:00+00:00, run_after=2025-03-26 00:00:00+00:00
[2025-03-26T22:33:16.895+0530] {processor.py:208} INFO - Processing /Users/uk/miniforge3/lib/python3.10/site-packages/airflow/example_dags/example_outlet_event_extra.py took 0.119 seconds
[2025-03-26T22:35:53.987+0530] {processor.py:186} INFO - Started process (PID=9917) to work on /Users/uk/miniforge3/lib/python3.10/site-packages/airflow/example_dags/example_outlet_event_extra.py
[2025-03-26T22:35:53.988+0530] {processor.py:914} INFO - Processing file /Users/uk/miniforge3/lib/python3.10/site-packages/airflow/example_dags/example_outlet_event_extra.py for tasks to queue
[2025-03-26T22:35:53.989+0530] {logging_mixin.py:190} INFO - [2025-03-26T22:35:53.989+0530] {dagbag.py:588} INFO - Filling up the DagBag from /Users/uk/miniforge3/lib/python3.10/site-packages/airflow/example_dags/example_outlet_event_extra.py
[2025-03-26T22:35:54.035+0530] {processor.py:925} INFO - DAG(s) 'dataset_with_extra_by_yield', 'dataset_with_extra_by_context', 'dataset_with_extra_from_classic_operator' retrieved from /Users/uk/miniforge3/lib/python3.10/site-packages/airflow/example_dags/example_outlet_event_extra.py
[2025-03-26T22:35:54.077+0530] {logging_mixin.py:190} INFO - [2025-03-26T22:35:54.077+0530] {dag.py:3239} INFO - Sync 3 DAGs
[2025-03-26T22:35:54.085+0530] {logging_mixin.py:190} INFO - [2025-03-26T22:35:54.085+0530] {dag.py:4180} INFO - Setting next_dagrun for dataset_with_extra_by_context to 2025-03-25 00:00:00+00:00, run_after=2025-03-26 00:00:00+00:00
[2025-03-26T22:35:54.087+0530] {logging_mixin.py:190} INFO - [2025-03-26T22:35:54.087+0530] {dag.py:4180} INFO - Setting next_dagrun for dataset_with_extra_by_yield to 2025-03-25 00:00:00+00:00, run_after=2025-03-26 00:00:00+00:00
[2025-03-26T22:35:54.088+0530] {logging_mixin.py:190} INFO - [2025-03-26T22:35:54.088+0530] {dag.py:4180} INFO - Setting next_dagrun for dataset_with_extra_from_classic_operator to 2025-03-25 00:00:00+00:00, run_after=2025-03-26 00:00:00+00:00
[2025-03-26T22:35:54.096+0530] {processor.py:208} INFO - Processing /Users/uk/miniforge3/lib/python3.10/site-packages/airflow/example_dags/example_outlet_event_extra.py took 0.110 seconds
[2025-03-26T22:38:36.416+0530] {processor.py:186} INFO - Started process (PID=10205) to work on /Users/uk/miniforge3/lib/python3.10/site-packages/airflow/example_dags/example_outlet_event_extra.py
[2025-03-26T22:38:36.417+0530] {processor.py:914} INFO - Processing file /Users/uk/miniforge3/lib/python3.10/site-packages/airflow/example_dags/example_outlet_event_extra.py for tasks to queue
[2025-03-26T22:38:36.417+0530] {logging_mixin.py:190} INFO - [2025-03-26T22:38:36.417+0530] {dagbag.py:588} INFO - Filling up the DagBag from /Users/uk/miniforge3/lib/python3.10/site-packages/airflow/example_dags/example_outlet_event_extra.py
[2025-03-26T22:38:36.462+0530] {processor.py:925} INFO - DAG(s) 'dataset_with_extra_by_yield', 'dataset_with_extra_from_classic_operator', 'dataset_with_extra_by_context' retrieved from /Users/uk/miniforge3/lib/python3.10/site-packages/airflow/example_dags/example_outlet_event_extra.py
[2025-03-26T22:38:36.501+0530] {logging_mixin.py:190} INFO - [2025-03-26T22:38:36.501+0530] {dag.py:3239} INFO - Sync 3 DAGs
[2025-03-26T22:38:36.508+0530] {logging_mixin.py:190} INFO - [2025-03-26T22:38:36.508+0530] {dag.py:4180} INFO - Setting next_dagrun for dataset_with_extra_by_context to 2025-03-25 00:00:00+00:00, run_after=2025-03-26 00:00:00+00:00
[2025-03-26T22:38:36.510+0530] {logging_mixin.py:190} INFO - [2025-03-26T22:38:36.510+0530] {dag.py:4180} INFO - Setting next_dagrun for dataset_with_extra_by_yield to 2025-03-25 00:00:00+00:00, run_after=2025-03-26 00:00:00+00:00
[2025-03-26T22:38:36.511+0530] {logging_mixin.py:190} INFO - [2025-03-26T22:38:36.511+0530] {dag.py:4180} INFO - Setting next_dagrun for dataset_with_extra_from_classic_operator to 2025-03-25 00:00:00+00:00, run_after=2025-03-26 00:00:00+00:00
[2025-03-26T22:38:36.518+0530] {processor.py:208} INFO - Processing /Users/uk/miniforge3/lib/python3.10/site-packages/airflow/example_dags/example_outlet_event_extra.py took 0.104 seconds
[2025-03-26T22:41:07.889+0530] {processor.py:186} INFO - Started process (PID=10778) to work on /Users/uk/miniforge3/lib/python3.10/site-packages/airflow/example_dags/example_outlet_event_extra.py
[2025-03-26T22:41:07.890+0530] {processor.py:914} INFO - Processing file /Users/uk/miniforge3/lib/python3.10/site-packages/airflow/example_dags/example_outlet_event_extra.py for tasks to queue
[2025-03-26T22:41:07.890+0530] {logging_mixin.py:190} INFO - [2025-03-26T22:41:07.890+0530] {dagbag.py:588} INFO - Filling up the DagBag from /Users/uk/miniforge3/lib/python3.10/site-packages/airflow/example_dags/example_outlet_event_extra.py
[2025-03-26T22:41:07.942+0530] {processor.py:925} INFO - DAG(s) 'dataset_with_extra_by_context', 'dataset_with_extra_by_yield', 'dataset_with_extra_from_classic_operator' retrieved from /Users/uk/miniforge3/lib/python3.10/site-packages/airflow/example_dags/example_outlet_event_extra.py
[2025-03-26T22:41:07.982+0530] {logging_mixin.py:190} INFO - [2025-03-26T22:41:07.982+0530] {dag.py:3239} INFO - Sync 3 DAGs
[2025-03-26T22:41:07.989+0530] {logging_mixin.py:190} INFO - [2025-03-26T22:41:07.989+0530] {dag.py:4180} INFO - Setting next_dagrun for dataset_with_extra_by_context to 2025-03-25 00:00:00+00:00, run_after=2025-03-26 00:00:00+00:00
[2025-03-26T22:41:07.991+0530] {logging_mixin.py:190} INFO - [2025-03-26T22:41:07.991+0530] {dag.py:4180} INFO - Setting next_dagrun for dataset_with_extra_by_yield to 2025-03-25 00:00:00+00:00, run_after=2025-03-26 00:00:00+00:00
[2025-03-26T22:41:07.992+0530] {logging_mixin.py:190} INFO - [2025-03-26T22:41:07.991+0530] {dag.py:4180} INFO - Setting next_dagrun for dataset_with_extra_from_classic_operator to 2025-03-25 00:00:00+00:00, run_after=2025-03-26 00:00:00+00:00
[2025-03-26T22:41:07.999+0530] {processor.py:208} INFO - Processing /Users/uk/miniforge3/lib/python3.10/site-packages/airflow/example_dags/example_outlet_event_extra.py took 0.112 seconds
[2025-03-26T22:43:47.052+0530] {processor.py:186} INFO - Started process (PID=11088) to work on /Users/uk/miniforge3/lib/python3.10/site-packages/airflow/example_dags/example_outlet_event_extra.py
[2025-03-26T22:43:47.052+0530] {processor.py:914} INFO - Processing file /Users/uk/miniforge3/lib/python3.10/site-packages/airflow/example_dags/example_outlet_event_extra.py for tasks to queue
[2025-03-26T22:43:47.053+0530] {logging_mixin.py:190} INFO - [2025-03-26T22:43:47.053+0530] {dagbag.py:588} INFO - Filling up the DagBag from /Users/uk/miniforge3/lib/python3.10/site-packages/airflow/example_dags/example_outlet_event_extra.py
[2025-03-26T22:43:47.102+0530] {processor.py:925} INFO - DAG(s) 'dataset_with_extra_from_classic_operator', 'dataset_with_extra_by_yield', 'dataset_with_extra_by_context' retrieved from /Users/uk/miniforge3/lib/python3.10/site-packages/airflow/example_dags/example_outlet_event_extra.py
[2025-03-26T22:43:47.144+0530] {logging_mixin.py:190} INFO - [2025-03-26T22:43:47.144+0530] {dag.py:3239} INFO - Sync 3 DAGs
[2025-03-26T22:43:47.151+0530] {logging_mixin.py:190} INFO - [2025-03-26T22:43:47.151+0530] {dag.py:4180} INFO - Setting next_dagrun for dataset_with_extra_by_context to 2025-03-25 00:00:00+00:00, run_after=2025-03-26 00:00:00+00:00
[2025-03-26T22:43:47.153+0530] {logging_mixin.py:190} INFO - [2025-03-26T22:43:47.153+0530] {dag.py:4180} INFO - Setting next_dagrun for dataset_with_extra_by_yield to 2025-03-25 00:00:00+00:00, run_after=2025-03-26 00:00:00+00:00
[2025-03-26T22:43:47.154+0530] {logging_mixin.py:190} INFO - [2025-03-26T22:43:47.154+0530] {dag.py:4180} INFO - Setting next_dagrun for dataset_with_extra_from_classic_operator to 2025-03-25 00:00:00+00:00, run_after=2025-03-26 00:00:00+00:00
[2025-03-26T22:43:47.161+0530] {processor.py:208} INFO - Processing /Users/uk/miniforge3/lib/python3.10/site-packages/airflow/example_dags/example_outlet_event_extra.py took 0.110 seconds
[2025-03-26T22:46:19.395+0530] {processor.py:186} INFO - Started process (PID=11343) to work on /Users/uk/miniforge3/lib/python3.10/site-packages/airflow/example_dags/example_outlet_event_extra.py
[2025-03-26T22:46:19.396+0530] {processor.py:914} INFO - Processing file /Users/uk/miniforge3/lib/python3.10/site-packages/airflow/example_dags/example_outlet_event_extra.py for tasks to queue
[2025-03-26T22:46:19.396+0530] {logging_mixin.py:190} INFO - [2025-03-26T22:46:19.396+0530] {dagbag.py:588} INFO - Filling up the DagBag from /Users/uk/miniforge3/lib/python3.10/site-packages/airflow/example_dags/example_outlet_event_extra.py
[2025-03-26T22:46:19.440+0530] {processor.py:925} INFO - DAG(s) 'dataset_with_extra_from_classic_operator', 'dataset_with_extra_by_context', 'dataset_with_extra_by_yield' retrieved from /Users/uk/miniforge3/lib/python3.10/site-packages/airflow/example_dags/example_outlet_event_extra.py
[2025-03-26T22:46:19.480+0530] {logging_mixin.py:190} INFO - [2025-03-26T22:46:19.480+0530] {dag.py:3239} INFO - Sync 3 DAGs
[2025-03-26T22:46:19.487+0530] {logging_mixin.py:190} INFO - [2025-03-26T22:46:19.487+0530] {dag.py:4180} INFO - Setting next_dagrun for dataset_with_extra_by_context to 2025-03-25 00:00:00+00:00, run_after=2025-03-26 00:00:00+00:00
[2025-03-26T22:46:19.489+0530] {logging_mixin.py:190} INFO - [2025-03-26T22:46:19.489+0530] {dag.py:4180} INFO - Setting next_dagrun for dataset_with_extra_by_yield to 2025-03-25 00:00:00+00:00, run_after=2025-03-26 00:00:00+00:00
[2025-03-26T22:46:19.490+0530] {logging_mixin.py:190} INFO - [2025-03-26T22:46:19.490+0530] {dag.py:4180} INFO - Setting next_dagrun for dataset_with_extra_from_classic_operator to 2025-03-25 00:00:00+00:00, run_after=2025-03-26 00:00:00+00:00
[2025-03-26T22:46:19.496+0530] {processor.py:208} INFO - Processing /Users/uk/miniforge3/lib/python3.10/site-packages/airflow/example_dags/example_outlet_event_extra.py took 0.102 seconds
[2025-03-26T22:48:44.835+0530] {processor.py:186} INFO - Started process (PID=11597) to work on /Users/uk/miniforge3/lib/python3.10/site-packages/airflow/example_dags/example_outlet_event_extra.py
[2025-03-26T22:48:44.835+0530] {processor.py:914} INFO - Processing file /Users/uk/miniforge3/lib/python3.10/site-packages/airflow/example_dags/example_outlet_event_extra.py for tasks to queue
[2025-03-26T22:48:44.836+0530] {logging_mixin.py:190} INFO - [2025-03-26T22:48:44.836+0530] {dagbag.py:588} INFO - Filling up the DagBag from /Users/uk/miniforge3/lib/python3.10/site-packages/airflow/example_dags/example_outlet_event_extra.py
[2025-03-26T22:48:44.882+0530] {processor.py:925} INFO - DAG(s) 'dataset_with_extra_by_context', 'dataset_with_extra_by_yield', 'dataset_with_extra_from_classic_operator' retrieved from /Users/uk/miniforge3/lib/python3.10/site-packages/airflow/example_dags/example_outlet_event_extra.py
[2025-03-26T22:48:44.924+0530] {logging_mixin.py:190} INFO - [2025-03-26T22:48:44.924+0530] {dag.py:3239} INFO - Sync 3 DAGs
[2025-03-26T22:48:44.932+0530] {logging_mixin.py:190} INFO - [2025-03-26T22:48:44.932+0530] {dag.py:4180} INFO - Setting next_dagrun for dataset_with_extra_by_context to 2025-03-25 00:00:00+00:00, run_after=2025-03-26 00:00:00+00:00
[2025-03-26T22:48:44.934+0530] {logging_mixin.py:190} INFO - [2025-03-26T22:48:44.934+0530] {dag.py:4180} INFO - Setting next_dagrun for dataset_with_extra_by_yield to 2025-03-25 00:00:00+00:00, run_after=2025-03-26 00:00:00+00:00
[2025-03-26T22:48:44.935+0530] {logging_mixin.py:190} INFO - [2025-03-26T22:48:44.935+0530] {dag.py:4180} INFO - Setting next_dagrun for dataset_with_extra_from_classic_operator to 2025-03-25 00:00:00+00:00, run_after=2025-03-26 00:00:00+00:00
[2025-03-26T22:48:44.943+0530] {processor.py:208} INFO - Processing /Users/uk/miniforge3/lib/python3.10/site-packages/airflow/example_dags/example_outlet_event_extra.py took 0.110 seconds
[2025-03-26T22:51:26.301+0530] {processor.py:186} INFO - Started process (PID=12220) to work on /Users/uk/miniforge3/lib/python3.10/site-packages/airflow/example_dags/example_outlet_event_extra.py
[2025-03-26T22:51:26.301+0530] {processor.py:914} INFO - Processing file /Users/uk/miniforge3/lib/python3.10/site-packages/airflow/example_dags/example_outlet_event_extra.py for tasks to queue
[2025-03-26T22:51:26.302+0530] {logging_mixin.py:190} INFO - [2025-03-26T22:51:26.302+0530] {dagbag.py:588} INFO - Filling up the DagBag from /Users/uk/miniforge3/lib/python3.10/site-packages/airflow/example_dags/example_outlet_event_extra.py
[2025-03-26T22:51:26.347+0530] {processor.py:925} INFO - DAG(s) 'dataset_with_extra_by_yield', 'dataset_with_extra_from_classic_operator', 'dataset_with_extra_by_context' retrieved from /Users/uk/miniforge3/lib/python3.10/site-packages/airflow/example_dags/example_outlet_event_extra.py
[2025-03-26T22:51:26.386+0530] {logging_mixin.py:190} INFO - [2025-03-26T22:51:26.386+0530] {dag.py:3239} INFO - Sync 3 DAGs
[2025-03-26T22:51:26.393+0530] {logging_mixin.py:190} INFO - [2025-03-26T22:51:26.393+0530] {dag.py:4180} INFO - Setting next_dagrun for dataset_with_extra_by_context to 2025-03-25 00:00:00+00:00, run_after=2025-03-26 00:00:00+00:00
[2025-03-26T22:51:26.395+0530] {logging_mixin.py:190} INFO - [2025-03-26T22:51:26.395+0530] {dag.py:4180} INFO - Setting next_dagrun for dataset_with_extra_by_yield to 2025-03-25 00:00:00+00:00, run_after=2025-03-26 00:00:00+00:00
[2025-03-26T22:51:26.396+0530] {logging_mixin.py:190} INFO - [2025-03-26T22:51:26.396+0530] {dag.py:4180} INFO - Setting next_dagrun for dataset_with_extra_from_classic_operator to 2025-03-25 00:00:00+00:00, run_after=2025-03-26 00:00:00+00:00
[2025-03-26T22:51:26.403+0530] {processor.py:208} INFO - Processing /Users/uk/miniforge3/lib/python3.10/site-packages/airflow/example_dags/example_outlet_event_extra.py took 0.104 seconds
