[2025-03-26T22:09:12.130+0530] {processor.py:186} INFO - Started process (PID=6658) to work on /Users/uk/miniforge3/lib/python3.10/site-packages/airflow/example_dags/example_external_task_marker_dag.py
[2025-03-26T22:09:12.130+0530] {processor.py:914} INFO - Processing file /Users/uk/miniforge3/lib/python3.10/site-packages/airflow/example_dags/example_external_task_marker_dag.py for tasks to queue
[2025-03-26T22:09:12.130+0530] {logging_mixin.py:190} INFO - [2025-03-26T22:09:12.130+0530] {dagbag.py:588} INFO - Filling up the DagBag from /Users/uk/miniforge3/lib/python3.10/site-packages/airflow/example_dags/example_external_task_marker_dag.py
[2025-03-26T22:09:12.135+0530] {processor.py:925} INFO - DAG(s) 'example_external_task_marker_parent', 'example_external_task_marker_child' retrieved from /Users/uk/miniforge3/lib/python3.10/site-packages/airflow/example_dags/example_external_task_marker_dag.py
[2025-03-26T22:09:12.425+0530] {logging_mixin.py:190} INFO - [2025-03-26T22:09:12.425+0530] {dag.py:3239} INFO - Sync 2 DAGs
[2025-03-26T22:09:12.429+0530] {logging_mixin.py:190} INFO - [2025-03-26T22:09:12.429+0530] {dag.py:4180} INFO - Setting next_dagrun for example_external_task_marker_child to None, run_after=None
[2025-03-26T22:09:12.431+0530] {logging_mixin.py:190} INFO - [2025-03-26T22:09:12.430+0530] {dag.py:4180} INFO - Setting next_dagrun for example_external_task_marker_parent to None, run_after=None
[2025-03-26T22:09:12.436+0530] {processor.py:208} INFO - Processing /Users/uk/miniforge3/lib/python3.10/site-packages/airflow/example_dags/example_external_task_marker_dag.py took 0.308 seconds
[2025-03-26T22:11:41.718+0530] {processor.py:186} INFO - Started process (PID=6922) to work on /Users/uk/miniforge3/lib/python3.10/site-packages/airflow/example_dags/example_external_task_marker_dag.py
[2025-03-26T22:11:41.719+0530] {processor.py:914} INFO - Processing file /Users/uk/miniforge3/lib/python3.10/site-packages/airflow/example_dags/example_external_task_marker_dag.py for tasks to queue
[2025-03-26T22:11:41.719+0530] {logging_mixin.py:190} INFO - [2025-03-26T22:11:41.719+0530] {dagbag.py:588} INFO - Filling up the DagBag from /Users/uk/miniforge3/lib/python3.10/site-packages/airflow/example_dags/example_external_task_marker_dag.py
[2025-03-26T22:11:41.727+0530] {processor.py:925} INFO - DAG(s) 'example_external_task_marker_parent', 'example_external_task_marker_child' retrieved from /Users/uk/miniforge3/lib/python3.10/site-packages/airflow/example_dags/example_external_task_marker_dag.py
[2025-03-26T22:11:41.972+0530] {logging_mixin.py:190} INFO - [2025-03-26T22:11:41.972+0530] {dag.py:3239} INFO - Sync 2 DAGs
[2025-03-26T22:11:41.977+0530] {logging_mixin.py:190} INFO - [2025-03-26T22:11:41.977+0530] {dag.py:4180} INFO - Setting next_dagrun for example_external_task_marker_child to None, run_after=None
[2025-03-26T22:11:41.978+0530] {logging_mixin.py:190} INFO - [2025-03-26T22:11:41.978+0530] {dag.py:4180} INFO - Setting next_dagrun for example_external_task_marker_parent to None, run_after=None
[2025-03-26T22:11:41.984+0530] {processor.py:208} INFO - Processing /Users/uk/miniforge3/lib/python3.10/site-packages/airflow/example_dags/example_external_task_marker_dag.py took 0.267 seconds
[2025-03-26T22:13:43.557+0530] {processor.py:186} INFO - Started process (PID=7193) to work on /Users/uk/miniforge3/lib/python3.10/site-packages/airflow/example_dags/example_external_task_marker_dag.py
[2025-03-26T22:13:43.557+0530] {processor.py:914} INFO - Processing file /Users/uk/miniforge3/lib/python3.10/site-packages/airflow/example_dags/example_external_task_marker_dag.py for tasks to queue
[2025-03-26T22:13:43.558+0530] {logging_mixin.py:190} INFO - [2025-03-26T22:13:43.558+0530] {dagbag.py:588} INFO - Filling up the DagBag from /Users/uk/miniforge3/lib/python3.10/site-packages/airflow/example_dags/example_external_task_marker_dag.py
[2025-03-26T22:13:43.562+0530] {processor.py:925} INFO - DAG(s) 'example_external_task_marker_parent', 'example_external_task_marker_child' retrieved from /Users/uk/miniforge3/lib/python3.10/site-packages/airflow/example_dags/example_external_task_marker_dag.py
[2025-03-26T22:13:43.848+0530] {logging_mixin.py:190} INFO - [2025-03-26T22:13:43.848+0530] {dag.py:3239} INFO - Sync 2 DAGs
[2025-03-26T22:13:43.853+0530] {logging_mixin.py:190} INFO - [2025-03-26T22:13:43.852+0530] {dag.py:4180} INFO - Setting next_dagrun for example_external_task_marker_child to None, run_after=None
[2025-03-26T22:13:43.854+0530] {logging_mixin.py:190} INFO - [2025-03-26T22:13:43.854+0530] {dag.py:4180} INFO - Setting next_dagrun for example_external_task_marker_parent to None, run_after=None
[2025-03-26T22:13:43.860+0530] {processor.py:208} INFO - Processing /Users/uk/miniforge3/lib/python3.10/site-packages/airflow/example_dags/example_external_task_marker_dag.py took 0.304 seconds
[2025-03-26T22:16:23.981+0530] {processor.py:186} INFO - Started process (PID=7789) to work on /Users/uk/miniforge3/lib/python3.10/site-packages/airflow/example_dags/example_external_task_marker_dag.py
[2025-03-26T22:16:23.982+0530] {processor.py:914} INFO - Processing file /Users/uk/miniforge3/lib/python3.10/site-packages/airflow/example_dags/example_external_task_marker_dag.py for tasks to queue
[2025-03-26T22:16:23.983+0530] {logging_mixin.py:190} INFO - [2025-03-26T22:16:23.983+0530] {dagbag.py:588} INFO - Filling up the DagBag from /Users/uk/miniforge3/lib/python3.10/site-packages/airflow/example_dags/example_external_task_marker_dag.py
[2025-03-26T22:16:23.988+0530] {processor.py:925} INFO - DAG(s) 'example_external_task_marker_child', 'example_external_task_marker_parent' retrieved from /Users/uk/miniforge3/lib/python3.10/site-packages/airflow/example_dags/example_external_task_marker_dag.py
[2025-03-26T22:16:24.286+0530] {logging_mixin.py:190} INFO - [2025-03-26T22:16:24.286+0530] {dag.py:3239} INFO - Sync 2 DAGs
[2025-03-26T22:16:24.291+0530] {logging_mixin.py:190} INFO - [2025-03-26T22:16:24.291+0530] {dag.py:4180} INFO - Setting next_dagrun for example_external_task_marker_child to None, run_after=None
[2025-03-26T22:16:24.292+0530] {logging_mixin.py:190} INFO - [2025-03-26T22:16:24.292+0530] {dag.py:4180} INFO - Setting next_dagrun for example_external_task_marker_parent to None, run_after=None
[2025-03-26T22:16:24.298+0530] {processor.py:208} INFO - Processing /Users/uk/miniforge3/lib/python3.10/site-packages/airflow/example_dags/example_external_task_marker_dag.py took 0.318 seconds
[2025-03-26T22:18:10.322+0530] {processor.py:186} INFO - Started process (PID=7980) to work on /Users/uk/miniforge3/lib/python3.10/site-packages/airflow/example_dags/example_external_task_marker_dag.py
[2025-03-26T22:18:10.323+0530] {processor.py:914} INFO - Processing file /Users/uk/miniforge3/lib/python3.10/site-packages/airflow/example_dags/example_external_task_marker_dag.py for tasks to queue
[2025-03-26T22:18:10.323+0530] {logging_mixin.py:190} INFO - [2025-03-26T22:18:10.323+0530] {dagbag.py:588} INFO - Filling up the DagBag from /Users/uk/miniforge3/lib/python3.10/site-packages/airflow/example_dags/example_external_task_marker_dag.py
[2025-03-26T22:18:10.329+0530] {processor.py:925} INFO - DAG(s) 'example_external_task_marker_parent', 'example_external_task_marker_child' retrieved from /Users/uk/miniforge3/lib/python3.10/site-packages/airflow/example_dags/example_external_task_marker_dag.py
[2025-03-26T22:18:10.668+0530] {logging_mixin.py:190} INFO - [2025-03-26T22:18:10.668+0530] {dag.py:3239} INFO - Sync 2 DAGs
[2025-03-26T22:18:10.672+0530] {logging_mixin.py:190} INFO - [2025-03-26T22:18:10.672+0530] {dag.py:4180} INFO - Setting next_dagrun for example_external_task_marker_child to None, run_after=None
[2025-03-26T22:18:10.674+0530] {logging_mixin.py:190} INFO - [2025-03-26T22:18:10.673+0530] {dag.py:4180} INFO - Setting next_dagrun for example_external_task_marker_parent to None, run_after=None
[2025-03-26T22:18:10.682+0530] {processor.py:208} INFO - Processing /Users/uk/miniforge3/lib/python3.10/site-packages/airflow/example_dags/example_external_task_marker_dag.py took 0.361 seconds
[2025-03-26T22:20:44.962+0530] {processor.py:186} INFO - Started process (PID=8256) to work on /Users/uk/miniforge3/lib/python3.10/site-packages/airflow/example_dags/example_external_task_marker_dag.py
[2025-03-26T22:20:44.962+0530] {processor.py:914} INFO - Processing file /Users/uk/miniforge3/lib/python3.10/site-packages/airflow/example_dags/example_external_task_marker_dag.py for tasks to queue
[2025-03-26T22:20:44.963+0530] {logging_mixin.py:190} INFO - [2025-03-26T22:20:44.963+0530] {dagbag.py:588} INFO - Filling up the DagBag from /Users/uk/miniforge3/lib/python3.10/site-packages/airflow/example_dags/example_external_task_marker_dag.py
[2025-03-26T22:20:44.967+0530] {processor.py:925} INFO - DAG(s) 'example_external_task_marker_parent', 'example_external_task_marker_child' retrieved from /Users/uk/miniforge3/lib/python3.10/site-packages/airflow/example_dags/example_external_task_marker_dag.py
[2025-03-26T22:20:45.272+0530] {logging_mixin.py:190} INFO - [2025-03-26T22:20:45.272+0530] {dag.py:3239} INFO - Sync 2 DAGs
[2025-03-26T22:20:45.276+0530] {logging_mixin.py:190} INFO - [2025-03-26T22:20:45.276+0530] {dag.py:4180} INFO - Setting next_dagrun for example_external_task_marker_child to None, run_after=None
[2025-03-26T22:20:45.278+0530] {logging_mixin.py:190} INFO - [2025-03-26T22:20:45.278+0530] {dag.py:4180} INFO - Setting next_dagrun for example_external_task_marker_parent to None, run_after=None
[2025-03-26T22:20:45.283+0530] {processor.py:208} INFO - Processing /Users/uk/miniforge3/lib/python3.10/site-packages/airflow/example_dags/example_external_task_marker_dag.py took 0.323 seconds
[2025-03-26T22:23:14.795+0530] {processor.py:186} INFO - Started process (PID=8543) to work on /Users/uk/miniforge3/lib/python3.10/site-packages/airflow/example_dags/example_external_task_marker_dag.py
[2025-03-26T22:23:14.796+0530] {processor.py:914} INFO - Processing file /Users/uk/miniforge3/lib/python3.10/site-packages/airflow/example_dags/example_external_task_marker_dag.py for tasks to queue
[2025-03-26T22:23:14.797+0530] {logging_mixin.py:190} INFO - [2025-03-26T22:23:14.797+0530] {dagbag.py:588} INFO - Filling up the DagBag from /Users/uk/miniforge3/lib/python3.10/site-packages/airflow/example_dags/example_external_task_marker_dag.py
[2025-03-26T22:23:14.801+0530] {processor.py:925} INFO - DAG(s) 'example_external_task_marker_parent', 'example_external_task_marker_child' retrieved from /Users/uk/miniforge3/lib/python3.10/site-packages/airflow/example_dags/example_external_task_marker_dag.py
[2025-03-26T22:23:15.106+0530] {logging_mixin.py:190} INFO - [2025-03-26T22:23:15.105+0530] {dag.py:3239} INFO - Sync 2 DAGs
[2025-03-26T22:23:15.110+0530] {logging_mixin.py:190} INFO - [2025-03-26T22:23:15.110+0530] {dag.py:4180} INFO - Setting next_dagrun for example_external_task_marker_child to None, run_after=None
[2025-03-26T22:23:15.111+0530] {logging_mixin.py:190} INFO - [2025-03-26T22:23:15.111+0530] {dag.py:4180} INFO - Setting next_dagrun for example_external_task_marker_parent to None, run_after=None
[2025-03-26T22:23:15.117+0530] {processor.py:208} INFO - Processing /Users/uk/miniforge3/lib/python3.10/site-packages/airflow/example_dags/example_external_task_marker_dag.py took 0.322 seconds
[2025-03-26T22:25:55.854+0530] {processor.py:186} INFO - Started process (PID=8836) to work on /Users/uk/miniforge3/lib/python3.10/site-packages/airflow/example_dags/example_external_task_marker_dag.py
[2025-03-26T22:25:55.855+0530] {processor.py:914} INFO - Processing file /Users/uk/miniforge3/lib/python3.10/site-packages/airflow/example_dags/example_external_task_marker_dag.py for tasks to queue
[2025-03-26T22:25:55.856+0530] {logging_mixin.py:190} INFO - [2025-03-26T22:25:55.855+0530] {dagbag.py:588} INFO - Filling up the DagBag from /Users/uk/miniforge3/lib/python3.10/site-packages/airflow/example_dags/example_external_task_marker_dag.py
[2025-03-26T22:25:55.862+0530] {processor.py:925} INFO - DAG(s) 'example_external_task_marker_child', 'example_external_task_marker_parent' retrieved from /Users/uk/miniforge3/lib/python3.10/site-packages/airflow/example_dags/example_external_task_marker_dag.py
[2025-03-26T22:25:56.229+0530] {logging_mixin.py:190} INFO - [2025-03-26T22:25:56.229+0530] {dag.py:3239} INFO - Sync 2 DAGs
[2025-03-26T22:25:56.233+0530] {logging_mixin.py:190} INFO - [2025-03-26T22:25:56.233+0530] {dag.py:4180} INFO - Setting next_dagrun for example_external_task_marker_child to None, run_after=None
[2025-03-26T22:25:56.235+0530] {logging_mixin.py:190} INFO - [2025-03-26T22:25:56.235+0530] {dag.py:4180} INFO - Setting next_dagrun for example_external_task_marker_parent to None, run_after=None
[2025-03-26T22:25:56.241+0530] {processor.py:208} INFO - Processing /Users/uk/miniforge3/lib/python3.10/site-packages/airflow/example_dags/example_external_task_marker_dag.py took 0.388 seconds
[2025-03-26T22:28:29.208+0530] {processor.py:186} INFO - Started process (PID=9099) to work on /Users/uk/miniforge3/lib/python3.10/site-packages/airflow/example_dags/example_external_task_marker_dag.py
[2025-03-26T22:28:29.209+0530] {processor.py:914} INFO - Processing file /Users/uk/miniforge3/lib/python3.10/site-packages/airflow/example_dags/example_external_task_marker_dag.py for tasks to queue
[2025-03-26T22:28:29.209+0530] {logging_mixin.py:190} INFO - [2025-03-26T22:28:29.209+0530] {dagbag.py:588} INFO - Filling up the DagBag from /Users/uk/miniforge3/lib/python3.10/site-packages/airflow/example_dags/example_external_task_marker_dag.py
[2025-03-26T22:28:29.215+0530] {processor.py:925} INFO - DAG(s) 'example_external_task_marker_child', 'example_external_task_marker_parent' retrieved from /Users/uk/miniforge3/lib/python3.10/site-packages/airflow/example_dags/example_external_task_marker_dag.py
[2025-03-26T22:28:29.519+0530] {logging_mixin.py:190} INFO - [2025-03-26T22:28:29.519+0530] {dag.py:3239} INFO - Sync 2 DAGs
[2025-03-26T22:28:29.523+0530] {logging_mixin.py:190} INFO - [2025-03-26T22:28:29.523+0530] {dag.py:4180} INFO - Setting next_dagrun for example_external_task_marker_child to None, run_after=None
[2025-03-26T22:28:29.525+0530] {logging_mixin.py:190} INFO - [2025-03-26T22:28:29.525+0530] {dag.py:4180} INFO - Setting next_dagrun for example_external_task_marker_parent to None, run_after=None
[2025-03-26T22:28:29.530+0530] {processor.py:208} INFO - Processing /Users/uk/miniforge3/lib/python3.10/site-packages/airflow/example_dags/example_external_task_marker_dag.py took 0.323 seconds
[2025-03-26T22:31:08.200+0530] {processor.py:186} INFO - Started process (PID=9371) to work on /Users/uk/miniforge3/lib/python3.10/site-packages/airflow/example_dags/example_external_task_marker_dag.py
[2025-03-26T22:31:08.201+0530] {processor.py:914} INFO - Processing file /Users/uk/miniforge3/lib/python3.10/site-packages/airflow/example_dags/example_external_task_marker_dag.py for tasks to queue
[2025-03-26T22:31:08.202+0530] {logging_mixin.py:190} INFO - [2025-03-26T22:31:08.202+0530] {dagbag.py:588} INFO - Filling up the DagBag from /Users/uk/miniforge3/lib/python3.10/site-packages/airflow/example_dags/example_external_task_marker_dag.py
[2025-03-26T22:31:08.206+0530] {processor.py:925} INFO - DAG(s) 'example_external_task_marker_child', 'example_external_task_marker_parent' retrieved from /Users/uk/miniforge3/lib/python3.10/site-packages/airflow/example_dags/example_external_task_marker_dag.py
[2025-03-26T22:31:08.505+0530] {logging_mixin.py:190} INFO - [2025-03-26T22:31:08.505+0530] {dag.py:3239} INFO - Sync 2 DAGs
[2025-03-26T22:31:08.509+0530] {logging_mixin.py:190} INFO - [2025-03-26T22:31:08.509+0530] {dag.py:4180} INFO - Setting next_dagrun for example_external_task_marker_child to None, run_after=None
[2025-03-26T22:31:08.511+0530] {logging_mixin.py:190} INFO - [2025-03-26T22:31:08.510+0530] {dag.py:4180} INFO - Setting next_dagrun for example_external_task_marker_parent to None, run_after=None
[2025-03-26T22:31:08.516+0530] {processor.py:208} INFO - Processing /Users/uk/miniforge3/lib/python3.10/site-packages/airflow/example_dags/example_external_task_marker_dag.py took 0.317 seconds
[2025-03-26T22:33:29.537+0530] {processor.py:186} INFO - Started process (PID=9623) to work on /Users/uk/miniforge3/lib/python3.10/site-packages/airflow/example_dags/example_external_task_marker_dag.py
[2025-03-26T22:33:29.538+0530] {processor.py:914} INFO - Processing file /Users/uk/miniforge3/lib/python3.10/site-packages/airflow/example_dags/example_external_task_marker_dag.py for tasks to queue
[2025-03-26T22:33:29.538+0530] {logging_mixin.py:190} INFO - [2025-03-26T22:33:29.538+0530] {dagbag.py:588} INFO - Filling up the DagBag from /Users/uk/miniforge3/lib/python3.10/site-packages/airflow/example_dags/example_external_task_marker_dag.py
[2025-03-26T22:33:29.543+0530] {processor.py:925} INFO - DAG(s) 'example_external_task_marker_child', 'example_external_task_marker_parent' retrieved from /Users/uk/miniforge3/lib/python3.10/site-packages/airflow/example_dags/example_external_task_marker_dag.py
[2025-03-26T22:33:29.847+0530] {logging_mixin.py:190} INFO - [2025-03-26T22:33:29.847+0530] {dag.py:3239} INFO - Sync 2 DAGs
[2025-03-26T22:33:29.851+0530] {logging_mixin.py:190} INFO - [2025-03-26T22:33:29.851+0530] {dag.py:4180} INFO - Setting next_dagrun for example_external_task_marker_child to None, run_after=None
[2025-03-26T22:33:29.852+0530] {logging_mixin.py:190} INFO - [2025-03-26T22:33:29.852+0530] {dag.py:4180} INFO - Setting next_dagrun for example_external_task_marker_parent to None, run_after=None
[2025-03-26T22:33:29.858+0530] {processor.py:208} INFO - Processing /Users/uk/miniforge3/lib/python3.10/site-packages/airflow/example_dags/example_external_task_marker_dag.py took 0.322 seconds
[2025-03-26T22:36:10.385+0530] {processor.py:186} INFO - Started process (PID=9945) to work on /Users/uk/miniforge3/lib/python3.10/site-packages/airflow/example_dags/example_external_task_marker_dag.py
[2025-03-26T22:36:10.386+0530] {processor.py:914} INFO - Processing file /Users/uk/miniforge3/lib/python3.10/site-packages/airflow/example_dags/example_external_task_marker_dag.py for tasks to queue
[2025-03-26T22:36:10.386+0530] {logging_mixin.py:190} INFO - [2025-03-26T22:36:10.386+0530] {dagbag.py:588} INFO - Filling up the DagBag from /Users/uk/miniforge3/lib/python3.10/site-packages/airflow/example_dags/example_external_task_marker_dag.py
[2025-03-26T22:36:10.391+0530] {processor.py:925} INFO - DAG(s) 'example_external_task_marker_parent', 'example_external_task_marker_child' retrieved from /Users/uk/miniforge3/lib/python3.10/site-packages/airflow/example_dags/example_external_task_marker_dag.py
[2025-03-26T22:36:10.630+0530] {logging_mixin.py:190} INFO - [2025-03-26T22:36:10.629+0530] {dag.py:3239} INFO - Sync 2 DAGs
[2025-03-26T22:36:10.634+0530] {logging_mixin.py:190} INFO - [2025-03-26T22:36:10.634+0530] {dag.py:4180} INFO - Setting next_dagrun for example_external_task_marker_child to None, run_after=None
[2025-03-26T22:36:10.635+0530] {logging_mixin.py:190} INFO - [2025-03-26T22:36:10.635+0530] {dag.py:4180} INFO - Setting next_dagrun for example_external_task_marker_parent to None, run_after=None
[2025-03-26T22:36:10.641+0530] {processor.py:208} INFO - Processing /Users/uk/miniforge3/lib/python3.10/site-packages/airflow/example_dags/example_external_task_marker_dag.py took 0.257 seconds
[2025-03-26T22:38:47.542+0530] {processor.py:186} INFO - Started process (PID=10446) to work on /Users/uk/miniforge3/lib/python3.10/site-packages/airflow/example_dags/example_external_task_marker_dag.py
[2025-03-26T22:38:47.542+0530] {processor.py:914} INFO - Processing file /Users/uk/miniforge3/lib/python3.10/site-packages/airflow/example_dags/example_external_task_marker_dag.py for tasks to queue
[2025-03-26T22:38:47.543+0530] {logging_mixin.py:190} INFO - [2025-03-26T22:38:47.543+0530] {dagbag.py:588} INFO - Filling up the DagBag from /Users/uk/miniforge3/lib/python3.10/site-packages/airflow/example_dags/example_external_task_marker_dag.py
[2025-03-26T22:38:47.548+0530] {processor.py:925} INFO - DAG(s) 'example_external_task_marker_parent', 'example_external_task_marker_child' retrieved from /Users/uk/miniforge3/lib/python3.10/site-packages/airflow/example_dags/example_external_task_marker_dag.py
[2025-03-26T22:38:47.865+0530] {logging_mixin.py:190} INFO - [2025-03-26T22:38:47.864+0530] {dag.py:3239} INFO - Sync 2 DAGs
[2025-03-26T22:38:47.869+0530] {logging_mixin.py:190} INFO - [2025-03-26T22:38:47.869+0530] {dag.py:4180} INFO - Setting next_dagrun for example_external_task_marker_child to None, run_after=None
[2025-03-26T22:38:47.870+0530] {logging_mixin.py:190} INFO - [2025-03-26T22:38:47.870+0530] {dag.py:4180} INFO - Setting next_dagrun for example_external_task_marker_parent to None, run_after=None
[2025-03-26T22:38:47.876+0530] {processor.py:208} INFO - Processing /Users/uk/miniforge3/lib/python3.10/site-packages/airflow/example_dags/example_external_task_marker_dag.py took 0.336 seconds
[2025-03-26T22:41:21.904+0530] {processor.py:186} INFO - Started process (PID=10802) to work on /Users/uk/miniforge3/lib/python3.10/site-packages/airflow/example_dags/example_external_task_marker_dag.py
[2025-03-26T22:41:21.905+0530] {processor.py:914} INFO - Processing file /Users/uk/miniforge3/lib/python3.10/site-packages/airflow/example_dags/example_external_task_marker_dag.py for tasks to queue
[2025-03-26T22:41:21.905+0530] {logging_mixin.py:190} INFO - [2025-03-26T22:41:21.905+0530] {dagbag.py:588} INFO - Filling up the DagBag from /Users/uk/miniforge3/lib/python3.10/site-packages/airflow/example_dags/example_external_task_marker_dag.py
[2025-03-26T22:41:21.910+0530] {processor.py:925} INFO - DAG(s) 'example_external_task_marker_child', 'example_external_task_marker_parent' retrieved from /Users/uk/miniforge3/lib/python3.10/site-packages/airflow/example_dags/example_external_task_marker_dag.py
[2025-03-26T22:41:22.219+0530] {logging_mixin.py:190} INFO - [2025-03-26T22:41:22.219+0530] {dag.py:3239} INFO - Sync 2 DAGs
[2025-03-26T22:41:22.224+0530] {logging_mixin.py:190} INFO - [2025-03-26T22:41:22.223+0530] {dag.py:4180} INFO - Setting next_dagrun for example_external_task_marker_child to None, run_after=None
[2025-03-26T22:41:22.225+0530] {logging_mixin.py:190} INFO - [2025-03-26T22:41:22.225+0530] {dag.py:4180} INFO - Setting next_dagrun for example_external_task_marker_parent to None, run_after=None
[2025-03-26T22:41:22.231+0530] {processor.py:208} INFO - Processing /Users/uk/miniforge3/lib/python3.10/site-packages/airflow/example_dags/example_external_task_marker_dag.py took 0.328 seconds
[2025-03-26T22:43:59.177+0530] {processor.py:186} INFO - Started process (PID=11109) to work on /Users/uk/miniforge3/lib/python3.10/site-packages/airflow/example_dags/example_external_task_marker_dag.py
[2025-03-26T22:43:59.177+0530] {processor.py:914} INFO - Processing file /Users/uk/miniforge3/lib/python3.10/site-packages/airflow/example_dags/example_external_task_marker_dag.py for tasks to queue
[2025-03-26T22:43:59.178+0530] {logging_mixin.py:190} INFO - [2025-03-26T22:43:59.178+0530] {dagbag.py:588} INFO - Filling up the DagBag from /Users/uk/miniforge3/lib/python3.10/site-packages/airflow/example_dags/example_external_task_marker_dag.py
[2025-03-26T22:43:59.182+0530] {processor.py:925} INFO - DAG(s) 'example_external_task_marker_child', 'example_external_task_marker_parent' retrieved from /Users/uk/miniforge3/lib/python3.10/site-packages/airflow/example_dags/example_external_task_marker_dag.py
[2025-03-26T22:43:59.488+0530] {logging_mixin.py:190} INFO - [2025-03-26T22:43:59.488+0530] {dag.py:3239} INFO - Sync 2 DAGs
[2025-03-26T22:43:59.492+0530] {logging_mixin.py:190} INFO - [2025-03-26T22:43:59.492+0530] {dag.py:4180} INFO - Setting next_dagrun for example_external_task_marker_child to None, run_after=None
[2025-03-26T22:43:59.493+0530] {logging_mixin.py:190} INFO - [2025-03-26T22:43:59.493+0530] {dag.py:4180} INFO - Setting next_dagrun for example_external_task_marker_parent to None, run_after=None
[2025-03-26T22:43:59.500+0530] {processor.py:208} INFO - Processing /Users/uk/miniforge3/lib/python3.10/site-packages/airflow/example_dags/example_external_task_marker_dag.py took 0.324 seconds
[2025-03-26T22:46:31.703+0530] {processor.py:186} INFO - Started process (PID=11362) to work on /Users/uk/miniforge3/lib/python3.10/site-packages/airflow/example_dags/example_external_task_marker_dag.py
[2025-03-26T22:46:31.703+0530] {processor.py:914} INFO - Processing file /Users/uk/miniforge3/lib/python3.10/site-packages/airflow/example_dags/example_external_task_marker_dag.py for tasks to queue
[2025-03-26T22:46:31.704+0530] {logging_mixin.py:190} INFO - [2025-03-26T22:46:31.704+0530] {dagbag.py:588} INFO - Filling up the DagBag from /Users/uk/miniforge3/lib/python3.10/site-packages/airflow/example_dags/example_external_task_marker_dag.py
[2025-03-26T22:46:31.708+0530] {processor.py:925} INFO - DAG(s) 'example_external_task_marker_child', 'example_external_task_marker_parent' retrieved from /Users/uk/miniforge3/lib/python3.10/site-packages/airflow/example_dags/example_external_task_marker_dag.py
[2025-03-26T22:46:32.007+0530] {logging_mixin.py:190} INFO - [2025-03-26T22:46:32.007+0530] {dag.py:3239} INFO - Sync 2 DAGs
[2025-03-26T22:46:32.011+0530] {logging_mixin.py:190} INFO - [2025-03-26T22:46:32.011+0530] {dag.py:4180} INFO - Setting next_dagrun for example_external_task_marker_child to None, run_after=None
[2025-03-26T22:46:32.013+0530] {logging_mixin.py:190} INFO - [2025-03-26T22:46:32.012+0530] {dag.py:4180} INFO - Setting next_dagrun for example_external_task_marker_parent to None, run_after=None
[2025-03-26T22:46:32.018+0530] {processor.py:208} INFO - Processing /Users/uk/miniforge3/lib/python3.10/site-packages/airflow/example_dags/example_external_task_marker_dag.py took 0.317 seconds
[2025-03-26T22:48:55.707+0530] {processor.py:186} INFO - Started process (PID=11616) to work on /Users/uk/miniforge3/lib/python3.10/site-packages/airflow/example_dags/example_external_task_marker_dag.py
[2025-03-26T22:48:55.708+0530] {processor.py:914} INFO - Processing file /Users/uk/miniforge3/lib/python3.10/site-packages/airflow/example_dags/example_external_task_marker_dag.py for tasks to queue
[2025-03-26T22:48:55.708+0530] {logging_mixin.py:190} INFO - [2025-03-26T22:48:55.708+0530] {dagbag.py:588} INFO - Filling up the DagBag from /Users/uk/miniforge3/lib/python3.10/site-packages/airflow/example_dags/example_external_task_marker_dag.py
[2025-03-26T22:48:55.713+0530] {processor.py:925} INFO - DAG(s) 'example_external_task_marker_parent', 'example_external_task_marker_child' retrieved from /Users/uk/miniforge3/lib/python3.10/site-packages/airflow/example_dags/example_external_task_marker_dag.py
[2025-03-26T22:48:56.005+0530] {logging_mixin.py:190} INFO - [2025-03-26T22:48:56.005+0530] {dag.py:3239} INFO - Sync 2 DAGs
[2025-03-26T22:48:56.009+0530] {logging_mixin.py:190} INFO - [2025-03-26T22:48:56.009+0530] {dag.py:4180} INFO - Setting next_dagrun for example_external_task_marker_child to None, run_after=None
[2025-03-26T22:48:56.010+0530] {logging_mixin.py:190} INFO - [2025-03-26T22:48:56.010+0530] {dag.py:4180} INFO - Setting next_dagrun for example_external_task_marker_parent to None, run_after=None
[2025-03-26T22:48:56.016+0530] {processor.py:208} INFO - Processing /Users/uk/miniforge3/lib/python3.10/site-packages/airflow/example_dags/example_external_task_marker_dag.py took 0.310 seconds
[2025-03-26T22:51:38.873+0530] {processor.py:186} INFO - Started process (PID=12239) to work on /Users/uk/miniforge3/lib/python3.10/site-packages/airflow/example_dags/example_external_task_marker_dag.py
[2025-03-26T22:51:38.873+0530] {processor.py:914} INFO - Processing file /Users/uk/miniforge3/lib/python3.10/site-packages/airflow/example_dags/example_external_task_marker_dag.py for tasks to queue
[2025-03-26T22:51:38.874+0530] {logging_mixin.py:190} INFO - [2025-03-26T22:51:38.873+0530] {dagbag.py:588} INFO - Filling up the DagBag from /Users/uk/miniforge3/lib/python3.10/site-packages/airflow/example_dags/example_external_task_marker_dag.py
[2025-03-26T22:51:38.878+0530] {processor.py:925} INFO - DAG(s) 'example_external_task_marker_child', 'example_external_task_marker_parent' retrieved from /Users/uk/miniforge3/lib/python3.10/site-packages/airflow/example_dags/example_external_task_marker_dag.py
[2025-03-26T22:51:39.189+0530] {logging_mixin.py:190} INFO - [2025-03-26T22:51:39.189+0530] {dag.py:3239} INFO - Sync 2 DAGs
[2025-03-26T22:51:39.193+0530] {logging_mixin.py:190} INFO - [2025-03-26T22:51:39.193+0530] {dag.py:4180} INFO - Setting next_dagrun for example_external_task_marker_child to None, run_after=None
[2025-03-26T22:51:39.195+0530] {logging_mixin.py:190} INFO - [2025-03-26T22:51:39.195+0530] {dag.py:4180} INFO - Setting next_dagrun for example_external_task_marker_parent to None, run_after=None
[2025-03-26T22:51:39.200+0530] {processor.py:208} INFO - Processing /Users/uk/miniforge3/lib/python3.10/site-packages/airflow/example_dags/example_external_task_marker_dag.py took 0.329 seconds
