[2025-03-26T22:08:42.764+0530] {processor.py:186} INFO - Started process (PID=6271) to work on /Users/uk/miniforge3/lib/python3.10/site-packages/airflow/example_dags/example_short_circuit_decorator.py
[2025-03-26T22:08:42.764+0530] {processor.py:914} INFO - Processing file /Users/uk/miniforge3/lib/python3.10/site-packages/airflow/example_dags/example_short_circuit_decorator.py for tasks to queue
[2025-03-26T22:08:42.765+0530] {logging_mixin.py:190} INFO - [2025-03-26T22:08:42.765+0530] {dagbag.py:588} INFO - Filling up the DagBag from /Users/uk/miniforge3/lib/python3.10/site-packages/airflow/example_dags/example_short_circuit_decorator.py
[2025-03-26T22:08:42.781+0530] {processor.py:925} INFO - DAG(s) 'example_short_circuit_decorator' retrieved from /Users/uk/miniforge3/lib/python3.10/site-packages/airflow/example_dags/example_short_circuit_decorator.py
[2025-03-26T22:08:42.824+0530] {logging_mixin.py:190} INFO - [2025-03-26T22:08:42.824+0530] {dag.py:3239} INFO - Sync 1 DAGs
[2025-03-26T22:08:42.829+0530] {logging_mixin.py:190} INFO - [2025-03-26T22:08:42.828+0530] {dag.py:4180} INFO - Setting next_dagrun for example_short_circuit_decorator to None, run_after=None
[2025-03-26T22:08:42.835+0530] {processor.py:208} INFO - Processing /Users/uk/miniforge3/lib/python3.10/site-packages/airflow/example_dags/example_short_circuit_decorator.py took 0.073 seconds
[2025-03-26T22:10:26.461+0530] {processor.py:186} INFO - Started process (PID=6790) to work on /Users/uk/miniforge3/lib/python3.10/site-packages/airflow/example_dags/example_short_circuit_decorator.py
[2025-03-26T22:10:26.462+0530] {processor.py:914} INFO - Processing file /Users/uk/miniforge3/lib/python3.10/site-packages/airflow/example_dags/example_short_circuit_decorator.py for tasks to queue
[2025-03-26T22:10:26.462+0530] {logging_mixin.py:190} INFO - [2025-03-26T22:10:26.462+0530] {dagbag.py:588} INFO - Filling up the DagBag from /Users/uk/miniforge3/lib/python3.10/site-packages/airflow/example_dags/example_short_circuit_decorator.py
[2025-03-26T22:10:26.476+0530] {processor.py:925} INFO - DAG(s) 'example_short_circuit_decorator' retrieved from /Users/uk/miniforge3/lib/python3.10/site-packages/airflow/example_dags/example_short_circuit_decorator.py
[2025-03-26T22:10:26.516+0530] {logging_mixin.py:190} INFO - [2025-03-26T22:10:26.515+0530] {dag.py:3239} INFO - Sync 1 DAGs
[2025-03-26T22:10:26.519+0530] {logging_mixin.py:190} INFO - [2025-03-26T22:10:26.519+0530] {dag.py:4180} INFO - Setting next_dagrun for example_short_circuit_decorator to None, run_after=None
[2025-03-26T22:10:26.526+0530] {processor.py:208} INFO - Processing /Users/uk/miniforge3/lib/python3.10/site-packages/airflow/example_dags/example_short_circuit_decorator.py took 0.066 seconds
[2025-03-26T22:13:08.569+0530] {processor.py:186} INFO - Started process (PID=7101) to work on /Users/uk/miniforge3/lib/python3.10/site-packages/airflow/example_dags/example_short_circuit_decorator.py
[2025-03-26T22:13:08.569+0530] {processor.py:914} INFO - Processing file /Users/uk/miniforge3/lib/python3.10/site-packages/airflow/example_dags/example_short_circuit_decorator.py for tasks to queue
[2025-03-26T22:13:08.570+0530] {logging_mixin.py:190} INFO - [2025-03-26T22:13:08.570+0530] {dagbag.py:588} INFO - Filling up the DagBag from /Users/uk/miniforge3/lib/python3.10/site-packages/airflow/example_dags/example_short_circuit_decorator.py
[2025-03-26T22:13:08.586+0530] {processor.py:925} INFO - DAG(s) 'example_short_circuit_decorator' retrieved from /Users/uk/miniforge3/lib/python3.10/site-packages/airflow/example_dags/example_short_circuit_decorator.py
[2025-03-26T22:13:08.629+0530] {logging_mixin.py:190} INFO - [2025-03-26T22:13:08.629+0530] {dag.py:3239} INFO - Sync 1 DAGs
[2025-03-26T22:13:08.634+0530] {logging_mixin.py:190} INFO - [2025-03-26T22:13:08.633+0530] {dag.py:4180} INFO - Setting next_dagrun for example_short_circuit_decorator to None, run_after=None
[2025-03-26T22:13:08.641+0530] {processor.py:208} INFO - Processing /Users/uk/miniforge3/lib/python3.10/site-packages/airflow/example_dags/example_short_circuit_decorator.py took 0.073 seconds
[2025-03-26T22:14:59.148+0530] {processor.py:186} INFO - Started process (PID=7610) to work on /Users/uk/miniforge3/lib/python3.10/site-packages/airflow/example_dags/example_short_circuit_decorator.py
[2025-03-26T22:14:59.148+0530] {processor.py:914} INFO - Processing file /Users/uk/miniforge3/lib/python3.10/site-packages/airflow/example_dags/example_short_circuit_decorator.py for tasks to queue
[2025-03-26T22:14:59.149+0530] {logging_mixin.py:190} INFO - [2025-03-26T22:14:59.149+0530] {dagbag.py:588} INFO - Filling up the DagBag from /Users/uk/miniforge3/lib/python3.10/site-packages/airflow/example_dags/example_short_circuit_decorator.py
[2025-03-26T22:14:59.163+0530] {processor.py:925} INFO - DAG(s) 'example_short_circuit_decorator' retrieved from /Users/uk/miniforge3/lib/python3.10/site-packages/airflow/example_dags/example_short_circuit_decorator.py
[2025-03-26T22:14:59.203+0530] {logging_mixin.py:190} INFO - [2025-03-26T22:14:59.202+0530] {dag.py:3239} INFO - Sync 1 DAGs
[2025-03-26T22:14:59.207+0530] {logging_mixin.py:190} INFO - [2025-03-26T22:14:59.206+0530] {dag.py:4180} INFO - Setting next_dagrun for example_short_circuit_decorator to None, run_after=None
[2025-03-26T22:14:59.213+0530] {processor.py:208} INFO - Processing /Users/uk/miniforge3/lib/python3.10/site-packages/airflow/example_dags/example_short_circuit_decorator.py took 0.066 seconds
[2025-03-26T22:16:20.569+0530] {processor.py:186} INFO - Started process (PID=7783) to work on /Users/uk/miniforge3/lib/python3.10/site-packages/airflow/example_dags/example_short_circuit_decorator.py
[2025-03-26T22:16:20.570+0530] {processor.py:914} INFO - Processing file /Users/uk/miniforge3/lib/python3.10/site-packages/airflow/example_dags/example_short_circuit_decorator.py for tasks to queue
[2025-03-26T22:16:20.570+0530] {logging_mixin.py:190} INFO - [2025-03-26T22:16:20.570+0530] {dagbag.py:588} INFO - Filling up the DagBag from /Users/uk/miniforge3/lib/python3.10/site-packages/airflow/example_dags/example_short_circuit_decorator.py
[2025-03-26T22:16:20.585+0530] {processor.py:925} INFO - DAG(s) 'example_short_circuit_decorator' retrieved from /Users/uk/miniforge3/lib/python3.10/site-packages/airflow/example_dags/example_short_circuit_decorator.py
[2025-03-26T22:16:20.623+0530] {logging_mixin.py:190} INFO - [2025-03-26T22:16:20.623+0530] {dag.py:3239} INFO - Sync 1 DAGs
[2025-03-26T22:16:20.627+0530] {logging_mixin.py:190} INFO - [2025-03-26T22:16:20.627+0530] {dag.py:4180} INFO - Setting next_dagrun for example_short_circuit_decorator to None, run_after=None
[2025-03-26T22:16:20.634+0530] {processor.py:208} INFO - Processing /Users/uk/miniforge3/lib/python3.10/site-packages/airflow/example_dags/example_short_circuit_decorator.py took 0.065 seconds
[2025-03-26T22:17:39.819+0530] {processor.py:186} INFO - Started process (PID=7929) to work on /Users/uk/miniforge3/lib/python3.10/site-packages/airflow/example_dags/example_short_circuit_decorator.py
[2025-03-26T22:17:39.819+0530] {processor.py:914} INFO - Processing file /Users/uk/miniforge3/lib/python3.10/site-packages/airflow/example_dags/example_short_circuit_decorator.py for tasks to queue
[2025-03-26T22:17:39.820+0530] {logging_mixin.py:190} INFO - [2025-03-26T22:17:39.820+0530] {dagbag.py:588} INFO - Filling up the DagBag from /Users/uk/miniforge3/lib/python3.10/site-packages/airflow/example_dags/example_short_circuit_decorator.py
[2025-03-26T22:17:39.836+0530] {processor.py:925} INFO - DAG(s) 'example_short_circuit_decorator' retrieved from /Users/uk/miniforge3/lib/python3.10/site-packages/airflow/example_dags/example_short_circuit_decorator.py
[2025-03-26T22:17:39.879+0530] {logging_mixin.py:190} INFO - [2025-03-26T22:17:39.879+0530] {dag.py:3239} INFO - Sync 1 DAGs
[2025-03-26T22:17:39.883+0530] {logging_mixin.py:190} INFO - [2025-03-26T22:17:39.883+0530] {dag.py:4180} INFO - Setting next_dagrun for example_short_circuit_decorator to None, run_after=None
[2025-03-26T22:17:39.891+0530] {processor.py:208} INFO - Processing /Users/uk/miniforge3/lib/python3.10/site-packages/airflow/example_dags/example_short_circuit_decorator.py took 0.074 seconds
[2025-03-26T22:18:57.496+0530] {processor.py:186} INFO - Started process (PID=8066) to work on /Users/uk/miniforge3/lib/python3.10/site-packages/airflow/example_dags/example_short_circuit_decorator.py
[2025-03-26T22:18:57.497+0530] {processor.py:914} INFO - Processing file /Users/uk/miniforge3/lib/python3.10/site-packages/airflow/example_dags/example_short_circuit_decorator.py for tasks to queue
[2025-03-26T22:18:57.497+0530] {logging_mixin.py:190} INFO - [2025-03-26T22:18:57.497+0530] {dagbag.py:588} INFO - Filling up the DagBag from /Users/uk/miniforge3/lib/python3.10/site-packages/airflow/example_dags/example_short_circuit_decorator.py
[2025-03-26T22:18:57.511+0530] {processor.py:925} INFO - DAG(s) 'example_short_circuit_decorator' retrieved from /Users/uk/miniforge3/lib/python3.10/site-packages/airflow/example_dags/example_short_circuit_decorator.py
[2025-03-26T22:18:57.551+0530] {logging_mixin.py:190} INFO - [2025-03-26T22:18:57.551+0530] {dag.py:3239} INFO - Sync 1 DAGs
[2025-03-26T22:18:57.555+0530] {logging_mixin.py:190} INFO - [2025-03-26T22:18:57.555+0530] {dag.py:4180} INFO - Setting next_dagrun for example_short_circuit_decorator to None, run_after=None
[2025-03-26T22:18:57.562+0530] {processor.py:208} INFO - Processing /Users/uk/miniforge3/lib/python3.10/site-packages/airflow/example_dags/example_short_circuit_decorator.py took 0.067 seconds
[2025-03-26T22:21:30.821+0530] {processor.py:186} INFO - Started process (PID=8363) to work on /Users/uk/miniforge3/lib/python3.10/site-packages/airflow/example_dags/example_short_circuit_decorator.py
[2025-03-26T22:21:30.821+0530] {processor.py:914} INFO - Processing file /Users/uk/miniforge3/lib/python3.10/site-packages/airflow/example_dags/example_short_circuit_decorator.py for tasks to queue
[2025-03-26T22:21:30.822+0530] {logging_mixin.py:190} INFO - [2025-03-26T22:21:30.822+0530] {dagbag.py:588} INFO - Filling up the DagBag from /Users/uk/miniforge3/lib/python3.10/site-packages/airflow/example_dags/example_short_circuit_decorator.py
[2025-03-26T22:21:30.838+0530] {processor.py:925} INFO - DAG(s) 'example_short_circuit_decorator' retrieved from /Users/uk/miniforge3/lib/python3.10/site-packages/airflow/example_dags/example_short_circuit_decorator.py
[2025-03-26T22:21:30.883+0530] {logging_mixin.py:190} INFO - [2025-03-26T22:21:30.882+0530] {dag.py:3239} INFO - Sync 1 DAGs
[2025-03-26T22:21:30.887+0530] {logging_mixin.py:190} INFO - [2025-03-26T22:21:30.887+0530] {dag.py:4180} INFO - Setting next_dagrun for example_short_circuit_decorator to None, run_after=None
[2025-03-26T22:21:30.894+0530] {processor.py:208} INFO - Processing /Users/uk/miniforge3/lib/python3.10/site-packages/airflow/example_dags/example_short_circuit_decorator.py took 0.075 seconds
[2025-03-26T22:22:46.829+0530] {processor.py:186} INFO - Started process (PID=8498) to work on /Users/uk/miniforge3/lib/python3.10/site-packages/airflow/example_dags/example_short_circuit_decorator.py
[2025-03-26T22:22:46.830+0530] {processor.py:914} INFO - Processing file /Users/uk/miniforge3/lib/python3.10/site-packages/airflow/example_dags/example_short_circuit_decorator.py for tasks to queue
[2025-03-26T22:22:46.830+0530] {logging_mixin.py:190} INFO - [2025-03-26T22:22:46.830+0530] {dagbag.py:588} INFO - Filling up the DagBag from /Users/uk/miniforge3/lib/python3.10/site-packages/airflow/example_dags/example_short_circuit_decorator.py
[2025-03-26T22:22:46.846+0530] {processor.py:925} INFO - DAG(s) 'example_short_circuit_decorator' retrieved from /Users/uk/miniforge3/lib/python3.10/site-packages/airflow/example_dags/example_short_circuit_decorator.py
[2025-03-26T22:22:46.885+0530] {logging_mixin.py:190} INFO - [2025-03-26T22:22:46.885+0530] {dag.py:3239} INFO - Sync 1 DAGs
[2025-03-26T22:22:46.889+0530] {logging_mixin.py:190} INFO - [2025-03-26T22:22:46.889+0530] {dag.py:4180} INFO - Setting next_dagrun for example_short_circuit_decorator to None, run_after=None
[2025-03-26T22:22:46.895+0530] {processor.py:208} INFO - Processing /Users/uk/miniforge3/lib/python3.10/site-packages/airflow/example_dags/example_short_circuit_decorator.py took 0.067 seconds
[2025-03-26T22:25:22.563+0530] {processor.py:186} INFO - Started process (PID=8776) to work on /Users/uk/miniforge3/lib/python3.10/site-packages/airflow/example_dags/example_short_circuit_decorator.py
[2025-03-26T22:25:22.563+0530] {processor.py:914} INFO - Processing file /Users/uk/miniforge3/lib/python3.10/site-packages/airflow/example_dags/example_short_circuit_decorator.py for tasks to queue
[2025-03-26T22:25:22.563+0530] {logging_mixin.py:190} INFO - [2025-03-26T22:25:22.563+0530] {dagbag.py:588} INFO - Filling up the DagBag from /Users/uk/miniforge3/lib/python3.10/site-packages/airflow/example_dags/example_short_circuit_decorator.py
[2025-03-26T22:25:22.578+0530] {processor.py:925} INFO - DAG(s) 'example_short_circuit_decorator' retrieved from /Users/uk/miniforge3/lib/python3.10/site-packages/airflow/example_dags/example_short_circuit_decorator.py
[2025-03-26T22:25:22.620+0530] {logging_mixin.py:190} INFO - [2025-03-26T22:25:22.620+0530] {dag.py:3239} INFO - Sync 1 DAGs
[2025-03-26T22:25:22.624+0530] {logging_mixin.py:190} INFO - [2025-03-26T22:25:22.624+0530] {dag.py:4180} INFO - Setting next_dagrun for example_short_circuit_decorator to None, run_after=None
[2025-03-26T22:25:22.631+0530] {processor.py:208} INFO - Processing /Users/uk/miniforge3/lib/python3.10/site-packages/airflow/example_dags/example_short_circuit_decorator.py took 0.069 seconds
[2025-03-26T22:26:41.658+0530] {processor.py:186} INFO - Started process (PID=8907) to work on /Users/uk/miniforge3/lib/python3.10/site-packages/airflow/example_dags/example_short_circuit_decorator.py
[2025-03-26T22:26:41.658+0530] {processor.py:914} INFO - Processing file /Users/uk/miniforge3/lib/python3.10/site-packages/airflow/example_dags/example_short_circuit_decorator.py for tasks to queue
[2025-03-26T22:26:41.659+0530] {logging_mixin.py:190} INFO - [2025-03-26T22:26:41.659+0530] {dagbag.py:588} INFO - Filling up the DagBag from /Users/uk/miniforge3/lib/python3.10/site-packages/airflow/example_dags/example_short_circuit_decorator.py
[2025-03-26T22:26:41.674+0530] {processor.py:925} INFO - DAG(s) 'example_short_circuit_decorator' retrieved from /Users/uk/miniforge3/lib/python3.10/site-packages/airflow/example_dags/example_short_circuit_decorator.py
[2025-03-26T22:26:41.714+0530] {logging_mixin.py:190} INFO - [2025-03-26T22:26:41.713+0530] {dag.py:3239} INFO - Sync 1 DAGs
[2025-03-26T22:26:41.717+0530] {logging_mixin.py:190} INFO - [2025-03-26T22:26:41.717+0530] {dag.py:4180} INFO - Setting next_dagrun for example_short_circuit_decorator to None, run_after=None
[2025-03-26T22:26:41.724+0530] {processor.py:208} INFO - Processing /Users/uk/miniforge3/lib/python3.10/site-packages/airflow/example_dags/example_short_circuit_decorator.py took 0.067 seconds
[2025-03-26T22:27:59.361+0530] {processor.py:186} INFO - Started process (PID=9052) to work on /Users/uk/miniforge3/lib/python3.10/site-packages/airflow/example_dags/example_short_circuit_decorator.py
[2025-03-26T22:27:59.361+0530] {processor.py:914} INFO - Processing file /Users/uk/miniforge3/lib/python3.10/site-packages/airflow/example_dags/example_short_circuit_decorator.py for tasks to queue
[2025-03-26T22:27:59.362+0530] {logging_mixin.py:190} INFO - [2025-03-26T22:27:59.362+0530] {dagbag.py:588} INFO - Filling up the DagBag from /Users/uk/miniforge3/lib/python3.10/site-packages/airflow/example_dags/example_short_circuit_decorator.py
[2025-03-26T22:27:59.381+0530] {processor.py:925} INFO - DAG(s) 'example_short_circuit_decorator' retrieved from /Users/uk/miniforge3/lib/python3.10/site-packages/airflow/example_dags/example_short_circuit_decorator.py
[2025-03-26T22:27:59.425+0530] {logging_mixin.py:190} INFO - [2025-03-26T22:27:59.425+0530] {dag.py:3239} INFO - Sync 1 DAGs
[2025-03-26T22:27:59.429+0530] {logging_mixin.py:190} INFO - [2025-03-26T22:27:59.429+0530] {dag.py:4180} INFO - Setting next_dagrun for example_short_circuit_decorator to None, run_after=None
[2025-03-26T22:27:59.436+0530] {processor.py:208} INFO - Processing /Users/uk/miniforge3/lib/python3.10/site-packages/airflow/example_dags/example_short_circuit_decorator.py took 0.077 seconds
[2025-03-26T22:29:23.803+0530] {processor.py:186} INFO - Started process (PID=9179) to work on /Users/uk/miniforge3/lib/python3.10/site-packages/airflow/example_dags/example_short_circuit_decorator.py
[2025-03-26T22:29:23.803+0530] {processor.py:914} INFO - Processing file /Users/uk/miniforge3/lib/python3.10/site-packages/airflow/example_dags/example_short_circuit_decorator.py for tasks to queue
[2025-03-26T22:29:23.804+0530] {logging_mixin.py:190} INFO - [2025-03-26T22:29:23.803+0530] {dagbag.py:588} INFO - Filling up the DagBag from /Users/uk/miniforge3/lib/python3.10/site-packages/airflow/example_dags/example_short_circuit_decorator.py
[2025-03-26T22:29:23.821+0530] {processor.py:925} INFO - DAG(s) 'example_short_circuit_decorator' retrieved from /Users/uk/miniforge3/lib/python3.10/site-packages/airflow/example_dags/example_short_circuit_decorator.py
[2025-03-26T22:29:23.860+0530] {logging_mixin.py:190} INFO - [2025-03-26T22:29:23.859+0530] {dag.py:3239} INFO - Sync 1 DAGs
[2025-03-26T22:29:23.864+0530] {logging_mixin.py:190} INFO - [2025-03-26T22:29:23.863+0530] {dag.py:4180} INFO - Setting next_dagrun for example_short_circuit_decorator to None, run_after=None
[2025-03-26T22:29:23.871+0530] {processor.py:208} INFO - Processing /Users/uk/miniforge3/lib/python3.10/site-packages/airflow/example_dags/example_short_circuit_decorator.py took 0.070 seconds
[2025-03-26T22:30:39.676+0530] {processor.py:186} INFO - Started process (PID=9321) to work on /Users/uk/miniforge3/lib/python3.10/site-packages/airflow/example_dags/example_short_circuit_decorator.py
[2025-03-26T22:30:39.677+0530] {processor.py:914} INFO - Processing file /Users/uk/miniforge3/lib/python3.10/site-packages/airflow/example_dags/example_short_circuit_decorator.py for tasks to queue
[2025-03-26T22:30:39.677+0530] {logging_mixin.py:190} INFO - [2025-03-26T22:30:39.677+0530] {dagbag.py:588} INFO - Filling up the DagBag from /Users/uk/miniforge3/lib/python3.10/site-packages/airflow/example_dags/example_short_circuit_decorator.py
[2025-03-26T22:30:39.692+0530] {processor.py:925} INFO - DAG(s) 'example_short_circuit_decorator' retrieved from /Users/uk/miniforge3/lib/python3.10/site-packages/airflow/example_dags/example_short_circuit_decorator.py
[2025-03-26T22:30:39.731+0530] {logging_mixin.py:190} INFO - [2025-03-26T22:30:39.731+0530] {dag.py:3239} INFO - Sync 1 DAGs
[2025-03-26T22:30:39.735+0530] {logging_mixin.py:190} INFO - [2025-03-26T22:30:39.735+0530] {dag.py:4180} INFO - Setting next_dagrun for example_short_circuit_decorator to None, run_after=None
[2025-03-26T22:30:39.741+0530] {processor.py:208} INFO - Processing /Users/uk/miniforge3/lib/python3.10/site-packages/airflow/example_dags/example_short_circuit_decorator.py took 0.066 seconds
[2025-03-26T22:32:59.795+0530] {processor.py:186} INFO - Started process (PID=9561) to work on /Users/uk/miniforge3/lib/python3.10/site-packages/airflow/example_dags/example_short_circuit_decorator.py
[2025-03-26T22:32:59.796+0530] {processor.py:914} INFO - Processing file /Users/uk/miniforge3/lib/python3.10/site-packages/airflow/example_dags/example_short_circuit_decorator.py for tasks to queue
[2025-03-26T22:32:59.796+0530] {logging_mixin.py:190} INFO - [2025-03-26T22:32:59.796+0530] {dagbag.py:588} INFO - Filling up the DagBag from /Users/uk/miniforge3/lib/python3.10/site-packages/airflow/example_dags/example_short_circuit_decorator.py
[2025-03-26T22:32:59.810+0530] {processor.py:925} INFO - DAG(s) 'example_short_circuit_decorator' retrieved from /Users/uk/miniforge3/lib/python3.10/site-packages/airflow/example_dags/example_short_circuit_decorator.py
[2025-03-26T22:32:59.849+0530] {logging_mixin.py:190} INFO - [2025-03-26T22:32:59.849+0530] {dag.py:3239} INFO - Sync 1 DAGs
[2025-03-26T22:32:59.853+0530] {logging_mixin.py:190} INFO - [2025-03-26T22:32:59.853+0530] {dag.py:4180} INFO - Setting next_dagrun for example_short_circuit_decorator to None, run_after=None
[2025-03-26T22:32:59.860+0530] {processor.py:208} INFO - Processing /Users/uk/miniforge3/lib/python3.10/site-packages/airflow/example_dags/example_short_circuit_decorator.py took 0.066 seconds
[2025-03-26T22:34:14.884+0530] {processor.py:186} INFO - Started process (PID=9695) to work on /Users/uk/miniforge3/lib/python3.10/site-packages/airflow/example_dags/example_short_circuit_decorator.py
[2025-03-26T22:34:14.885+0530] {processor.py:914} INFO - Processing file /Users/uk/miniforge3/lib/python3.10/site-packages/airflow/example_dags/example_short_circuit_decorator.py for tasks to queue
[2025-03-26T22:34:14.885+0530] {logging_mixin.py:190} INFO - [2025-03-26T22:34:14.885+0530] {dagbag.py:588} INFO - Filling up the DagBag from /Users/uk/miniforge3/lib/python3.10/site-packages/airflow/example_dags/example_short_circuit_decorator.py
[2025-03-26T22:34:14.901+0530] {processor.py:925} INFO - DAG(s) 'example_short_circuit_decorator' retrieved from /Users/uk/miniforge3/lib/python3.10/site-packages/airflow/example_dags/example_short_circuit_decorator.py
[2025-03-26T22:34:14.939+0530] {logging_mixin.py:190} INFO - [2025-03-26T22:34:14.939+0530] {dag.py:3239} INFO - Sync 1 DAGs
[2025-03-26T22:34:14.943+0530] {logging_mixin.py:190} INFO - [2025-03-26T22:34:14.943+0530] {dag.py:4180} INFO - Setting next_dagrun for example_short_circuit_decorator to None, run_after=None
[2025-03-26T22:34:14.950+0530] {processor.py:208} INFO - Processing /Users/uk/miniforge3/lib/python3.10/site-packages/airflow/example_dags/example_short_circuit_decorator.py took 0.067 seconds
[2025-03-26T22:36:56.054+0530] {processor.py:186} INFO - Started process (PID=10035) to work on /Users/uk/miniforge3/lib/python3.10/site-packages/airflow/example_dags/example_short_circuit_decorator.py
[2025-03-26T22:36:56.055+0530] {processor.py:914} INFO - Processing file /Users/uk/miniforge3/lib/python3.10/site-packages/airflow/example_dags/example_short_circuit_decorator.py for tasks to queue
[2025-03-26T22:36:56.056+0530] {logging_mixin.py:190} INFO - [2025-03-26T22:36:56.055+0530] {dagbag.py:588} INFO - Filling up the DagBag from /Users/uk/miniforge3/lib/python3.10/site-packages/airflow/example_dags/example_short_circuit_decorator.py
[2025-03-26T22:36:56.070+0530] {processor.py:925} INFO - DAG(s) 'example_short_circuit_decorator' retrieved from /Users/uk/miniforge3/lib/python3.10/site-packages/airflow/example_dags/example_short_circuit_decorator.py
[2025-03-26T22:36:56.110+0530] {logging_mixin.py:190} INFO - [2025-03-26T22:36:56.110+0530] {dag.py:3239} INFO - Sync 1 DAGs
[2025-03-26T22:36:56.114+0530] {logging_mixin.py:190} INFO - [2025-03-26T22:36:56.114+0530] {dag.py:4180} INFO - Setting next_dagrun for example_short_circuit_decorator to None, run_after=None
[2025-03-26T22:36:56.121+0530] {processor.py:208} INFO - Processing /Users/uk/miniforge3/lib/python3.10/site-packages/airflow/example_dags/example_short_circuit_decorator.py took 0.068 seconds
[2025-03-26T22:38:18.921+0530] {processor.py:186} INFO - Started process (PID=10180) to work on /Users/uk/miniforge3/lib/python3.10/site-packages/airflow/example_dags/example_short_circuit_decorator.py
[2025-03-26T22:38:18.921+0530] {processor.py:914} INFO - Processing file /Users/uk/miniforge3/lib/python3.10/site-packages/airflow/example_dags/example_short_circuit_decorator.py for tasks to queue
[2025-03-26T22:38:18.922+0530] {logging_mixin.py:190} INFO - [2025-03-26T22:38:18.922+0530] {dagbag.py:588} INFO - Filling up the DagBag from /Users/uk/miniforge3/lib/python3.10/site-packages/airflow/example_dags/example_short_circuit_decorator.py
[2025-03-26T22:38:18.940+0530] {processor.py:925} INFO - DAG(s) 'example_short_circuit_decorator' retrieved from /Users/uk/miniforge3/lib/python3.10/site-packages/airflow/example_dags/example_short_circuit_decorator.py
[2025-03-26T22:38:18.984+0530] {logging_mixin.py:190} INFO - [2025-03-26T22:38:18.984+0530] {dag.py:3239} INFO - Sync 1 DAGs
[2025-03-26T22:38:18.989+0530] {logging_mixin.py:190} INFO - [2025-03-26T22:38:18.988+0530] {dag.py:4180} INFO - Setting next_dagrun for example_short_circuit_decorator to None, run_after=None
[2025-03-26T22:38:18.996+0530] {processor.py:208} INFO - Processing /Users/uk/miniforge3/lib/python3.10/site-packages/airflow/example_dags/example_short_circuit_decorator.py took 0.077 seconds
[2025-03-26T22:40:50.922+0530] {processor.py:186} INFO - Started process (PID=10747) to work on /Users/uk/miniforge3/lib/python3.10/site-packages/airflow/example_dags/example_short_circuit_decorator.py
[2025-03-26T22:40:50.923+0530] {processor.py:914} INFO - Processing file /Users/uk/miniforge3/lib/python3.10/site-packages/airflow/example_dags/example_short_circuit_decorator.py for tasks to queue
[2025-03-26T22:40:50.924+0530] {logging_mixin.py:190} INFO - [2025-03-26T22:40:50.924+0530] {dagbag.py:588} INFO - Filling up the DagBag from /Users/uk/miniforge3/lib/python3.10/site-packages/airflow/example_dags/example_short_circuit_decorator.py
[2025-03-26T22:40:50.939+0530] {processor.py:925} INFO - DAG(s) 'example_short_circuit_decorator' retrieved from /Users/uk/miniforge3/lib/python3.10/site-packages/airflow/example_dags/example_short_circuit_decorator.py
[2025-03-26T22:40:50.979+0530] {logging_mixin.py:190} INFO - [2025-03-26T22:40:50.979+0530] {dag.py:3239} INFO - Sync 1 DAGs
[2025-03-26T22:40:50.984+0530] {logging_mixin.py:190} INFO - [2025-03-26T22:40:50.983+0530] {dag.py:4180} INFO - Setting next_dagrun for example_short_circuit_decorator to None, run_after=None
[2025-03-26T22:40:50.990+0530] {processor.py:208} INFO - Processing /Users/uk/miniforge3/lib/python3.10/site-packages/airflow/example_dags/example_short_circuit_decorator.py took 0.069 seconds
[2025-03-26T22:42:11.250+0530] {processor.py:186} INFO - Started process (PID=10939) to work on /Users/uk/miniforge3/lib/python3.10/site-packages/airflow/example_dags/example_short_circuit_decorator.py
[2025-03-26T22:42:11.251+0530] {processor.py:914} INFO - Processing file /Users/uk/miniforge3/lib/python3.10/site-packages/airflow/example_dags/example_short_circuit_decorator.py for tasks to queue
[2025-03-26T22:42:11.251+0530] {logging_mixin.py:190} INFO - [2025-03-26T22:42:11.251+0530] {dagbag.py:588} INFO - Filling up the DagBag from /Users/uk/miniforge3/lib/python3.10/site-packages/airflow/example_dags/example_short_circuit_decorator.py
[2025-03-26T22:42:11.266+0530] {processor.py:925} INFO - DAG(s) 'example_short_circuit_decorator' retrieved from /Users/uk/miniforge3/lib/python3.10/site-packages/airflow/example_dags/example_short_circuit_decorator.py
[2025-03-26T22:42:11.305+0530] {logging_mixin.py:190} INFO - [2025-03-26T22:42:11.305+0530] {dag.py:3239} INFO - Sync 1 DAGs
[2025-03-26T22:42:11.309+0530] {logging_mixin.py:190} INFO - [2025-03-26T22:42:11.309+0530] {dag.py:4180} INFO - Setting next_dagrun for example_short_circuit_decorator to None, run_after=None
[2025-03-26T22:42:11.315+0530] {processor.py:208} INFO - Processing /Users/uk/miniforge3/lib/python3.10/site-packages/airflow/example_dags/example_short_circuit_decorator.py took 0.067 seconds
[2025-03-26T22:43:31.726+0530] {processor.py:186} INFO - Started process (PID=11068) to work on /Users/uk/miniforge3/lib/python3.10/site-packages/airflow/example_dags/example_short_circuit_decorator.py
[2025-03-26T22:43:31.727+0530] {processor.py:914} INFO - Processing file /Users/uk/miniforge3/lib/python3.10/site-packages/airflow/example_dags/example_short_circuit_decorator.py for tasks to queue
[2025-03-26T22:43:31.727+0530] {logging_mixin.py:190} INFO - [2025-03-26T22:43:31.727+0530] {dagbag.py:588} INFO - Filling up the DagBag from /Users/uk/miniforge3/lib/python3.10/site-packages/airflow/example_dags/example_short_circuit_decorator.py
[2025-03-26T22:43:31.743+0530] {processor.py:925} INFO - DAG(s) 'example_short_circuit_decorator' retrieved from /Users/uk/miniforge3/lib/python3.10/site-packages/airflow/example_dags/example_short_circuit_decorator.py
[2025-03-26T22:43:31.784+0530] {logging_mixin.py:190} INFO - [2025-03-26T22:43:31.784+0530] {dag.py:3239} INFO - Sync 1 DAGs
[2025-03-26T22:43:31.788+0530] {logging_mixin.py:190} INFO - [2025-03-26T22:43:31.788+0530] {dag.py:4180} INFO - Setting next_dagrun for example_short_circuit_decorator to None, run_after=None
[2025-03-26T22:43:31.797+0530] {processor.py:208} INFO - Processing /Users/uk/miniforge3/lib/python3.10/site-packages/airflow/example_dags/example_short_circuit_decorator.py took 0.072 seconds
[2025-03-26T22:44:46.058+0530] {processor.py:186} INFO - Started process (PID=11178) to work on /Users/uk/miniforge3/lib/python3.10/site-packages/airflow/example_dags/example_short_circuit_decorator.py
[2025-03-26T22:44:46.060+0530] {processor.py:914} INFO - Processing file /Users/uk/miniforge3/lib/python3.10/site-packages/airflow/example_dags/example_short_circuit_decorator.py for tasks to queue
[2025-03-26T22:44:46.060+0530] {logging_mixin.py:190} INFO - [2025-03-26T22:44:46.060+0530] {dagbag.py:588} INFO - Filling up the DagBag from /Users/uk/miniforge3/lib/python3.10/site-packages/airflow/example_dags/example_short_circuit_decorator.py
[2025-03-26T22:44:46.074+0530] {processor.py:925} INFO - DAG(s) 'example_short_circuit_decorator' retrieved from /Users/uk/miniforge3/lib/python3.10/site-packages/airflow/example_dags/example_short_circuit_decorator.py
[2025-03-26T22:44:46.113+0530] {logging_mixin.py:190} INFO - [2025-03-26T22:44:46.113+0530] {dag.py:3239} INFO - Sync 1 DAGs
[2025-03-26T22:44:46.117+0530] {logging_mixin.py:190} INFO - [2025-03-26T22:44:46.117+0530] {dag.py:4180} INFO - Setting next_dagrun for example_short_circuit_decorator to None, run_after=None
[2025-03-26T22:44:46.124+0530] {processor.py:208} INFO - Processing /Users/uk/miniforge3/lib/python3.10/site-packages/airflow/example_dags/example_short_circuit_decorator.py took 0.067 seconds
[2025-03-26T22:46:01.565+0530] {processor.py:186} INFO - Started process (PID=11299) to work on /Users/uk/miniforge3/lib/python3.10/site-packages/airflow/example_dags/example_short_circuit_decorator.py
[2025-03-26T22:46:01.567+0530] {processor.py:914} INFO - Processing file /Users/uk/miniforge3/lib/python3.10/site-packages/airflow/example_dags/example_short_circuit_decorator.py for tasks to queue
[2025-03-26T22:46:01.567+0530] {logging_mixin.py:190} INFO - [2025-03-26T22:46:01.567+0530] {dagbag.py:588} INFO - Filling up the DagBag from /Users/uk/miniforge3/lib/python3.10/site-packages/airflow/example_dags/example_short_circuit_decorator.py
[2025-03-26T22:46:01.583+0530] {processor.py:925} INFO - DAG(s) 'example_short_circuit_decorator' retrieved from /Users/uk/miniforge3/lib/python3.10/site-packages/airflow/example_dags/example_short_circuit_decorator.py
[2025-03-26T22:46:01.622+0530] {logging_mixin.py:190} INFO - [2025-03-26T22:46:01.622+0530] {dag.py:3239} INFO - Sync 1 DAGs
[2025-03-26T22:46:01.626+0530] {logging_mixin.py:190} INFO - [2025-03-26T22:46:01.626+0530] {dag.py:4180} INFO - Setting next_dagrun for example_short_circuit_decorator to None, run_after=None
[2025-03-26T22:46:01.632+0530] {processor.py:208} INFO - Processing /Users/uk/miniforge3/lib/python3.10/site-packages/airflow/example_dags/example_short_circuit_decorator.py took 0.068 seconds
[2025-03-26T22:47:19.028+0530] {processor.py:186} INFO - Started process (PID=11441) to work on /Users/uk/miniforge3/lib/python3.10/site-packages/airflow/example_dags/example_short_circuit_decorator.py
[2025-03-26T22:47:19.030+0530] {processor.py:914} INFO - Processing file /Users/uk/miniforge3/lib/python3.10/site-packages/airflow/example_dags/example_short_circuit_decorator.py for tasks to queue
[2025-03-26T22:47:19.031+0530] {logging_mixin.py:190} INFO - [2025-03-26T22:47:19.031+0530] {dagbag.py:588} INFO - Filling up the DagBag from /Users/uk/miniforge3/lib/python3.10/site-packages/airflow/example_dags/example_short_circuit_decorator.py
[2025-03-26T22:47:19.047+0530] {processor.py:925} INFO - DAG(s) 'example_short_circuit_decorator' retrieved from /Users/uk/miniforge3/lib/python3.10/site-packages/airflow/example_dags/example_short_circuit_decorator.py
[2025-03-26T22:47:19.090+0530] {logging_mixin.py:190} INFO - [2025-03-26T22:47:19.090+0530] {dag.py:3239} INFO - Sync 1 DAGs
[2025-03-26T22:47:19.094+0530] {logging_mixin.py:190} INFO - [2025-03-26T22:47:19.094+0530] {dag.py:4180} INFO - Setting next_dagrun for example_short_circuit_decorator to None, run_after=None
[2025-03-26T22:47:19.102+0530] {processor.py:208} INFO - Processing /Users/uk/miniforge3/lib/python3.10/site-packages/airflow/example_dags/example_short_circuit_decorator.py took 0.075 seconds
[2025-03-26T22:49:43.446+0530] {processor.py:186} INFO - Started process (PID=11977) to work on /Users/uk/miniforge3/lib/python3.10/site-packages/airflow/example_dags/example_short_circuit_decorator.py
[2025-03-26T22:49:43.447+0530] {processor.py:914} INFO - Processing file /Users/uk/miniforge3/lib/python3.10/site-packages/airflow/example_dags/example_short_circuit_decorator.py for tasks to queue
[2025-03-26T22:49:43.448+0530] {logging_mixin.py:190} INFO - [2025-03-26T22:49:43.448+0530] {dagbag.py:588} INFO - Filling up the DagBag from /Users/uk/miniforge3/lib/python3.10/site-packages/airflow/example_dags/example_short_circuit_decorator.py
[2025-03-26T22:49:43.480+0530] {processor.py:925} INFO - DAG(s) 'example_short_circuit_decorator' retrieved from /Users/uk/miniforge3/lib/python3.10/site-packages/airflow/example_dags/example_short_circuit_decorator.py
[2025-03-26T22:49:43.525+0530] {logging_mixin.py:190} INFO - [2025-03-26T22:49:43.524+0530] {dag.py:3239} INFO - Sync 1 DAGs
[2025-03-26T22:49:43.529+0530] {logging_mixin.py:190} INFO - [2025-03-26T22:49:43.529+0530] {dag.py:4180} INFO - Setting next_dagrun for example_short_circuit_decorator to None, run_after=None
[2025-03-26T22:49:43.536+0530] {processor.py:208} INFO - Processing /Users/uk/miniforge3/lib/python3.10/site-packages/airflow/example_dags/example_short_circuit_decorator.py took 0.092 seconds
[2025-03-26T22:51:02.326+0530] {processor.py:186} INFO - Started process (PID=12185) to work on /Users/uk/miniforge3/lib/python3.10/site-packages/airflow/example_dags/example_short_circuit_decorator.py
[2025-03-26T22:51:02.327+0530] {processor.py:914} INFO - Processing file /Users/uk/miniforge3/lib/python3.10/site-packages/airflow/example_dags/example_short_circuit_decorator.py for tasks to queue
[2025-03-26T22:51:02.327+0530] {logging_mixin.py:190} INFO - [2025-03-26T22:51:02.327+0530] {dagbag.py:588} INFO - Filling up the DagBag from /Users/uk/miniforge3/lib/python3.10/site-packages/airflow/example_dags/example_short_circuit_decorator.py
[2025-03-26T22:51:02.342+0530] {processor.py:925} INFO - DAG(s) 'example_short_circuit_decorator' retrieved from /Users/uk/miniforge3/lib/python3.10/site-packages/airflow/example_dags/example_short_circuit_decorator.py
[2025-03-26T22:51:02.380+0530] {logging_mixin.py:190} INFO - [2025-03-26T22:51:02.380+0530] {dag.py:3239} INFO - Sync 1 DAGs
[2025-03-26T22:51:02.384+0530] {logging_mixin.py:190} INFO - [2025-03-26T22:51:02.384+0530] {dag.py:4180} INFO - Setting next_dagrun for example_short_circuit_decorator to None, run_after=None
[2025-03-26T22:51:02.390+0530] {processor.py:208} INFO - Processing /Users/uk/miniforge3/lib/python3.10/site-packages/airflow/example_dags/example_short_circuit_decorator.py took 0.065 seconds
[2025-03-27T03:56:35.281+0530] {processor.py:186} INFO - Started process (PID=12689) to work on /Users/uk/miniforge3/lib/python3.10/site-packages/airflow/example_dags/example_short_circuit_decorator.py
[2025-03-27T03:56:35.281+0530] {processor.py:914} INFO - Processing file /Users/uk/miniforge3/lib/python3.10/site-packages/airflow/example_dags/example_short_circuit_decorator.py for tasks to queue
[2025-03-27T03:56:35.282+0530] {logging_mixin.py:190} INFO - [2025-03-27T03:56:35.282+0530] {dagbag.py:588} INFO - Filling up the DagBag from /Users/uk/miniforge3/lib/python3.10/site-packages/airflow/example_dags/example_short_circuit_decorator.py
[2025-03-27T03:56:35.296+0530] {processor.py:925} INFO - DAG(s) 'example_short_circuit_decorator' retrieved from /Users/uk/miniforge3/lib/python3.10/site-packages/airflow/example_dags/example_short_circuit_decorator.py
[2025-03-27T03:56:35.334+0530] {logging_mixin.py:190} INFO - [2025-03-27T03:56:35.334+0530] {dag.py:3239} INFO - Sync 1 DAGs
[2025-03-27T03:56:35.339+0530] {logging_mixin.py:190} INFO - [2025-03-27T03:56:35.339+0530] {dag.py:4180} INFO - Setting next_dagrun for example_short_circuit_decorator to None, run_after=None
[2025-03-27T03:56:35.345+0530] {processor.py:208} INFO - Processing /Users/uk/miniforge3/lib/python3.10/site-packages/airflow/example_dags/example_short_circuit_decorator.py took 0.065 seconds
