[2025-03-26T22:09:35.772+0530] {processor.py:186} INFO - Started process (PID=6693) to work on /Users/uk/miniforge3/lib/python3.10/site-packages/airflow/example_dags/example_branch_day_of_week_operator.py
[2025-03-26T22:09:35.773+0530] {processor.py:914} INFO - Processing file /Users/uk/miniforge3/lib/python3.10/site-packages/airflow/example_dags/example_branch_day_of_week_operator.py for tasks to queue
[2025-03-26T22:09:35.773+0530] {logging_mixin.py:190} INFO - [2025-03-26T22:09:35.773+0530] {dagbag.py:588} INFO - Filling up the DagBag from /Users/uk/miniforge3/lib/python3.10/site-packages/airflow/example_dags/example_branch_day_of_week_operator.py
[2025-03-26T22:09:35.778+0530] {processor.py:925} INFO - DAG(s) 'example_weekday_branch_operator' retrieved from /Users/uk/miniforge3/lib/python3.10/site-packages/airflow/example_dags/example_branch_day_of_week_operator.py
[2025-03-26T22:09:35.822+0530] {logging_mixin.py:190} INFO - [2025-03-26T22:09:35.822+0530] {dag.py:3239} INFO - Sync 1 DAGs
[2025-03-26T22:09:35.830+0530] {logging_mixin.py:190} INFO - [2025-03-26T22:09:35.830+0530] {dag.py:4180} INFO - Setting next_dagrun for example_weekday_branch_operator to 2025-03-25 00:00:00+00:00, run_after=2025-03-26 00:00:00+00:00
[2025-03-26T22:09:35.838+0530] {processor.py:208} INFO - Processing /Users/uk/miniforge3/lib/python3.10/site-packages/airflow/example_dags/example_branch_day_of_week_operator.py took 0.067 seconds
[2025-03-26T22:14:07.433+0530] {processor.py:186} INFO - Started process (PID=7530) to work on /Users/uk/miniforge3/lib/python3.10/site-packages/airflow/example_dags/example_branch_day_of_week_operator.py
[2025-03-26T22:14:07.434+0530] {processor.py:914} INFO - Processing file /Users/uk/miniforge3/lib/python3.10/site-packages/airflow/example_dags/example_branch_day_of_week_operator.py for tasks to queue
[2025-03-26T22:14:07.434+0530] {logging_mixin.py:190} INFO - [2025-03-26T22:14:07.434+0530] {dagbag.py:588} INFO - Filling up the DagBag from /Users/uk/miniforge3/lib/python3.10/site-packages/airflow/example_dags/example_branch_day_of_week_operator.py
[2025-03-26T22:14:07.438+0530] {processor.py:925} INFO - DAG(s) 'example_weekday_branch_operator' retrieved from /Users/uk/miniforge3/lib/python3.10/site-packages/airflow/example_dags/example_branch_day_of_week_operator.py
[2025-03-26T22:14:07.478+0530] {logging_mixin.py:190} INFO - [2025-03-26T22:14:07.477+0530] {dag.py:3239} INFO - Sync 1 DAGs
[2025-03-26T22:14:07.484+0530] {logging_mixin.py:190} INFO - [2025-03-26T22:14:07.484+0530] {dag.py:4180} INFO - Setting next_dagrun for example_weekday_branch_operator to 2025-03-25 00:00:00+00:00, run_after=2025-03-26 00:00:00+00:00
[2025-03-26T22:14:07.490+0530] {processor.py:208} INFO - Processing /Users/uk/miniforge3/lib/python3.10/site-packages/airflow/example_dags/example_branch_day_of_week_operator.py took 0.058 seconds
[2025-03-26T22:16:46.684+0530] {processor.py:186} INFO - Started process (PID=7825) to work on /Users/uk/miniforge3/lib/python3.10/site-packages/airflow/example_dags/example_branch_day_of_week_operator.py
[2025-03-26T22:16:46.686+0530] {processor.py:914} INFO - Processing file /Users/uk/miniforge3/lib/python3.10/site-packages/airflow/example_dags/example_branch_day_of_week_operator.py for tasks to queue
[2025-03-26T22:16:46.686+0530] {logging_mixin.py:190} INFO - [2025-03-26T22:16:46.686+0530] {dagbag.py:588} INFO - Filling up the DagBag from /Users/uk/miniforge3/lib/python3.10/site-packages/airflow/example_dags/example_branch_day_of_week_operator.py
[2025-03-26T22:16:46.691+0530] {processor.py:925} INFO - DAG(s) 'example_weekday_branch_operator' retrieved from /Users/uk/miniforge3/lib/python3.10/site-packages/airflow/example_dags/example_branch_day_of_week_operator.py
[2025-03-26T22:16:46.737+0530] {logging_mixin.py:190} INFO - [2025-03-26T22:16:46.737+0530] {dag.py:3239} INFO - Sync 1 DAGs
[2025-03-26T22:16:46.744+0530] {logging_mixin.py:190} INFO - [2025-03-26T22:16:46.744+0530] {dag.py:4180} INFO - Setting next_dagrun for example_weekday_branch_operator to 2025-03-25 00:00:00+00:00, run_after=2025-03-26 00:00:00+00:00
[2025-03-26T22:16:46.751+0530] {processor.py:208} INFO - Processing /Users/uk/miniforge3/lib/python3.10/site-packages/airflow/example_dags/example_branch_day_of_week_operator.py took 0.069 seconds
[2025-03-26T22:19:20.798+0530] {processor.py:186} INFO - Started process (PID=8102) to work on /Users/uk/miniforge3/lib/python3.10/site-packages/airflow/example_dags/example_branch_day_of_week_operator.py
[2025-03-26T22:19:20.799+0530] {processor.py:914} INFO - Processing file /Users/uk/miniforge3/lib/python3.10/site-packages/airflow/example_dags/example_branch_day_of_week_operator.py for tasks to queue
[2025-03-26T22:19:20.799+0530] {logging_mixin.py:190} INFO - [2025-03-26T22:19:20.799+0530] {dagbag.py:588} INFO - Filling up the DagBag from /Users/uk/miniforge3/lib/python3.10/site-packages/airflow/example_dags/example_branch_day_of_week_operator.py
[2025-03-26T22:19:20.803+0530] {processor.py:925} INFO - DAG(s) 'example_weekday_branch_operator' retrieved from /Users/uk/miniforge3/lib/python3.10/site-packages/airflow/example_dags/example_branch_day_of_week_operator.py
[2025-03-26T22:19:20.842+0530] {logging_mixin.py:190} INFO - [2025-03-26T22:19:20.842+0530] {dag.py:3239} INFO - Sync 1 DAGs
[2025-03-26T22:19:20.849+0530] {logging_mixin.py:190} INFO - [2025-03-26T22:19:20.849+0530] {dag.py:4180} INFO - Setting next_dagrun for example_weekday_branch_operator to 2025-03-25 00:00:00+00:00, run_after=2025-03-26 00:00:00+00:00
[2025-03-26T22:19:20.855+0530] {processor.py:208} INFO - Processing /Users/uk/miniforge3/lib/python3.10/site-packages/airflow/example_dags/example_branch_day_of_week_operator.py took 0.058 seconds
[2025-03-26T22:21:56.026+0530] {processor.py:186} INFO - Started process (PID=8412) to work on /Users/uk/miniforge3/lib/python3.10/site-packages/airflow/example_dags/example_branch_day_of_week_operator.py
[2025-03-26T22:21:56.027+0530] {processor.py:914} INFO - Processing file /Users/uk/miniforge3/lib/python3.10/site-packages/airflow/example_dags/example_branch_day_of_week_operator.py for tasks to queue
[2025-03-26T22:21:56.028+0530] {logging_mixin.py:190} INFO - [2025-03-26T22:21:56.028+0530] {dagbag.py:588} INFO - Filling up the DagBag from /Users/uk/miniforge3/lib/python3.10/site-packages/airflow/example_dags/example_branch_day_of_week_operator.py
[2025-03-26T22:21:56.032+0530] {processor.py:925} INFO - DAG(s) 'example_weekday_branch_operator' retrieved from /Users/uk/miniforge3/lib/python3.10/site-packages/airflow/example_dags/example_branch_day_of_week_operator.py
[2025-03-26T22:21:56.071+0530] {logging_mixin.py:190} INFO - [2025-03-26T22:21:56.070+0530] {dag.py:3239} INFO - Sync 1 DAGs
[2025-03-26T22:21:56.077+0530] {logging_mixin.py:190} INFO - [2025-03-26T22:21:56.077+0530] {dag.py:4180} INFO - Setting next_dagrun for example_weekday_branch_operator to 2025-03-25 00:00:00+00:00, run_after=2025-03-26 00:00:00+00:00
[2025-03-26T22:21:56.084+0530] {processor.py:208} INFO - Processing /Users/uk/miniforge3/lib/python3.10/site-packages/airflow/example_dags/example_branch_day_of_week_operator.py took 0.059 seconds
[2025-03-26T22:24:26.337+0530] {processor.py:186} INFO - Started process (PID=8671) to work on /Users/uk/miniforge3/lib/python3.10/site-packages/airflow/example_dags/example_branch_day_of_week_operator.py
[2025-03-26T22:24:26.338+0530] {processor.py:914} INFO - Processing file /Users/uk/miniforge3/lib/python3.10/site-packages/airflow/example_dags/example_branch_day_of_week_operator.py for tasks to queue
[2025-03-26T22:24:26.339+0530] {logging_mixin.py:190} INFO - [2025-03-26T22:24:26.338+0530] {dagbag.py:588} INFO - Filling up the DagBag from /Users/uk/miniforge3/lib/python3.10/site-packages/airflow/example_dags/example_branch_day_of_week_operator.py
[2025-03-26T22:24:26.343+0530] {processor.py:925} INFO - DAG(s) 'example_weekday_branch_operator' retrieved from /Users/uk/miniforge3/lib/python3.10/site-packages/airflow/example_dags/example_branch_day_of_week_operator.py
[2025-03-26T22:24:26.381+0530] {logging_mixin.py:190} INFO - [2025-03-26T22:24:26.380+0530] {dag.py:3239} INFO - Sync 1 DAGs
[2025-03-26T22:24:26.388+0530] {logging_mixin.py:190} INFO - [2025-03-26T22:24:26.388+0530] {dag.py:4180} INFO - Setting next_dagrun for example_weekday_branch_operator to 2025-03-25 00:00:00+00:00, run_after=2025-03-26 00:00:00+00:00
[2025-03-26T22:24:26.393+0530] {processor.py:208} INFO - Processing /Users/uk/miniforge3/lib/python3.10/site-packages/airflow/example_dags/example_branch_day_of_week_operator.py took 0.057 seconds
[2025-03-26T22:27:08.318+0530] {processor.py:186} INFO - Started process (PID=8964) to work on /Users/uk/miniforge3/lib/python3.10/site-packages/airflow/example_dags/example_branch_day_of_week_operator.py
[2025-03-26T22:27:08.319+0530] {processor.py:914} INFO - Processing file /Users/uk/miniforge3/lib/python3.10/site-packages/airflow/example_dags/example_branch_day_of_week_operator.py for tasks to queue
[2025-03-26T22:27:08.320+0530] {logging_mixin.py:190} INFO - [2025-03-26T22:27:08.319+0530] {dagbag.py:588} INFO - Filling up the DagBag from /Users/uk/miniforge3/lib/python3.10/site-packages/airflow/example_dags/example_branch_day_of_week_operator.py
[2025-03-26T22:27:08.324+0530] {processor.py:925} INFO - DAG(s) 'example_weekday_branch_operator' retrieved from /Users/uk/miniforge3/lib/python3.10/site-packages/airflow/example_dags/example_branch_day_of_week_operator.py
[2025-03-26T22:27:08.366+0530] {logging_mixin.py:190} INFO - [2025-03-26T22:27:08.366+0530] {dag.py:3239} INFO - Sync 1 DAGs
[2025-03-26T22:27:08.375+0530] {logging_mixin.py:190} INFO - [2025-03-26T22:27:08.374+0530] {dag.py:4180} INFO - Setting next_dagrun for example_weekday_branch_operator to 2025-03-25 00:00:00+00:00, run_after=2025-03-26 00:00:00+00:00
[2025-03-26T22:27:08.381+0530] {processor.py:208} INFO - Processing /Users/uk/miniforge3/lib/python3.10/site-packages/airflow/example_dags/example_branch_day_of_week_operator.py took 0.064 seconds
[2025-03-26T22:29:48.548+0530] {processor.py:186} INFO - Started process (PID=9221) to work on /Users/uk/miniforge3/lib/python3.10/site-packages/airflow/example_dags/example_branch_day_of_week_operator.py
[2025-03-26T22:29:48.548+0530] {processor.py:914} INFO - Processing file /Users/uk/miniforge3/lib/python3.10/site-packages/airflow/example_dags/example_branch_day_of_week_operator.py for tasks to queue
[2025-03-26T22:29:48.549+0530] {logging_mixin.py:190} INFO - [2025-03-26T22:29:48.549+0530] {dagbag.py:588} INFO - Filling up the DagBag from /Users/uk/miniforge3/lib/python3.10/site-packages/airflow/example_dags/example_branch_day_of_week_operator.py
[2025-03-26T22:29:48.553+0530] {processor.py:925} INFO - DAG(s) 'example_weekday_branch_operator' retrieved from /Users/uk/miniforge3/lib/python3.10/site-packages/airflow/example_dags/example_branch_day_of_week_operator.py
[2025-03-26T22:29:48.592+0530] {logging_mixin.py:190} INFO - [2025-03-26T22:29:48.591+0530] {dag.py:3239} INFO - Sync 1 DAGs
[2025-03-26T22:29:48.598+0530] {logging_mixin.py:190} INFO - [2025-03-26T22:29:48.598+0530] {dag.py:4180} INFO - Setting next_dagrun for example_weekday_branch_operator to 2025-03-25 00:00:00+00:00, run_after=2025-03-26 00:00:00+00:00
[2025-03-26T22:29:48.604+0530] {processor.py:208} INFO - Processing /Users/uk/miniforge3/lib/python3.10/site-packages/airflow/example_dags/example_branch_day_of_week_operator.py took 0.058 seconds
[2025-03-26T22:32:11.813+0530] {processor.py:186} INFO - Started process (PID=9484) to work on /Users/uk/miniforge3/lib/python3.10/site-packages/airflow/example_dags/example_branch_day_of_week_operator.py
[2025-03-26T22:32:11.814+0530] {processor.py:914} INFO - Processing file /Users/uk/miniforge3/lib/python3.10/site-packages/airflow/example_dags/example_branch_day_of_week_operator.py for tasks to queue
[2025-03-26T22:32:11.814+0530] {logging_mixin.py:190} INFO - [2025-03-26T22:32:11.814+0530] {dagbag.py:588} INFO - Filling up the DagBag from /Users/uk/miniforge3/lib/python3.10/site-packages/airflow/example_dags/example_branch_day_of_week_operator.py
[2025-03-26T22:32:11.818+0530] {processor.py:925} INFO - DAG(s) 'example_weekday_branch_operator' retrieved from /Users/uk/miniforge3/lib/python3.10/site-packages/airflow/example_dags/example_branch_day_of_week_operator.py
[2025-03-26T22:32:11.857+0530] {logging_mixin.py:190} INFO - [2025-03-26T22:32:11.857+0530] {dag.py:3239} INFO - Sync 1 DAGs
[2025-03-26T22:32:11.865+0530] {logging_mixin.py:190} INFO - [2025-03-26T22:32:11.865+0530] {dag.py:4180} INFO - Setting next_dagrun for example_weekday_branch_operator to 2025-03-25 00:00:00+00:00, run_after=2025-03-26 00:00:00+00:00
[2025-03-26T22:32:11.871+0530] {processor.py:208} INFO - Processing /Users/uk/miniforge3/lib/python3.10/site-packages/airflow/example_dags/example_branch_day_of_week_operator.py took 0.060 seconds
[2025-03-26T22:34:38.712+0530] {processor.py:186} INFO - Started process (PID=9738) to work on /Users/uk/miniforge3/lib/python3.10/site-packages/airflow/example_dags/example_branch_day_of_week_operator.py
[2025-03-26T22:34:38.712+0530] {processor.py:914} INFO - Processing file /Users/uk/miniforge3/lib/python3.10/site-packages/airflow/example_dags/example_branch_day_of_week_operator.py for tasks to queue
[2025-03-26T22:34:38.713+0530] {logging_mixin.py:190} INFO - [2025-03-26T22:34:38.713+0530] {dagbag.py:588} INFO - Filling up the DagBag from /Users/uk/miniforge3/lib/python3.10/site-packages/airflow/example_dags/example_branch_day_of_week_operator.py
[2025-03-26T22:34:38.718+0530] {processor.py:925} INFO - DAG(s) 'example_weekday_branch_operator' retrieved from /Users/uk/miniforge3/lib/python3.10/site-packages/airflow/example_dags/example_branch_day_of_week_operator.py
[2025-03-26T22:34:38.760+0530] {logging_mixin.py:190} INFO - [2025-03-26T22:34:38.760+0530] {dag.py:3239} INFO - Sync 1 DAGs
[2025-03-26T22:34:38.767+0530] {logging_mixin.py:190} INFO - [2025-03-26T22:34:38.767+0530] {dag.py:4180} INFO - Setting next_dagrun for example_weekday_branch_operator to 2025-03-25 00:00:00+00:00, run_after=2025-03-26 00:00:00+00:00
[2025-03-26T22:34:38.774+0530] {processor.py:208} INFO - Processing /Users/uk/miniforge3/lib/python3.10/site-packages/airflow/example_dags/example_branch_day_of_week_operator.py took 0.063 seconds
[2025-03-26T22:37:26.210+0530] {processor.py:186} INFO - Started process (PID=10094) to work on /Users/uk/miniforge3/lib/python3.10/site-packages/airflow/example_dags/example_branch_day_of_week_operator.py
[2025-03-26T22:37:26.211+0530] {processor.py:914} INFO - Processing file /Users/uk/miniforge3/lib/python3.10/site-packages/airflow/example_dags/example_branch_day_of_week_operator.py for tasks to queue
[2025-03-26T22:37:26.211+0530] {logging_mixin.py:190} INFO - [2025-03-26T22:37:26.211+0530] {dagbag.py:588} INFO - Filling up the DagBag from /Users/uk/miniforge3/lib/python3.10/site-packages/airflow/example_dags/example_branch_day_of_week_operator.py
[2025-03-26T22:37:26.216+0530] {processor.py:925} INFO - DAG(s) 'example_weekday_branch_operator' retrieved from /Users/uk/miniforge3/lib/python3.10/site-packages/airflow/example_dags/example_branch_day_of_week_operator.py
[2025-03-26T22:37:26.257+0530] {logging_mixin.py:190} INFO - [2025-03-26T22:37:26.257+0530] {dag.py:3239} INFO - Sync 1 DAGs
[2025-03-26T22:37:26.264+0530] {logging_mixin.py:190} INFO - [2025-03-26T22:37:26.264+0530] {dag.py:4180} INFO - Setting next_dagrun for example_weekday_branch_operator to 2025-03-25 00:00:00+00:00, run_after=2025-03-26 00:00:00+00:00
[2025-03-26T22:37:26.270+0530] {processor.py:208} INFO - Processing /Users/uk/miniforge3/lib/python3.10/site-packages/airflow/example_dags/example_branch_day_of_week_operator.py took 0.061 seconds
[2025-03-26T22:39:57.543+0530] {processor.py:186} INFO - Started process (PID=10615) to work on /Users/uk/miniforge3/lib/python3.10/site-packages/airflow/example_dags/example_branch_day_of_week_operator.py
[2025-03-26T22:39:57.544+0530] {processor.py:914} INFO - Processing file /Users/uk/miniforge3/lib/python3.10/site-packages/airflow/example_dags/example_branch_day_of_week_operator.py for tasks to queue
[2025-03-26T22:39:57.544+0530] {logging_mixin.py:190} INFO - [2025-03-26T22:39:57.544+0530] {dagbag.py:588} INFO - Filling up the DagBag from /Users/uk/miniforge3/lib/python3.10/site-packages/airflow/example_dags/example_branch_day_of_week_operator.py
[2025-03-26T22:39:57.549+0530] {processor.py:925} INFO - DAG(s) 'example_weekday_branch_operator' retrieved from /Users/uk/miniforge3/lib/python3.10/site-packages/airflow/example_dags/example_branch_day_of_week_operator.py
[2025-03-26T22:39:57.588+0530] {logging_mixin.py:190} INFO - [2025-03-26T22:39:57.588+0530] {dag.py:3239} INFO - Sync 1 DAGs
[2025-03-26T22:39:57.595+0530] {logging_mixin.py:190} INFO - [2025-03-26T22:39:57.595+0530] {dag.py:4180} INFO - Setting next_dagrun for example_weekday_branch_operator to 2025-03-25 00:00:00+00:00, run_after=2025-03-26 00:00:00+00:00
[2025-03-26T22:39:57.601+0530] {processor.py:208} INFO - Processing /Users/uk/miniforge3/lib/python3.10/site-packages/airflow/example_dags/example_branch_day_of_week_operator.py took 0.059 seconds
[2025-03-26T22:42:36.749+0530] {processor.py:186} INFO - Started process (PID=10978) to work on /Users/uk/miniforge3/lib/python3.10/site-packages/airflow/example_dags/example_branch_day_of_week_operator.py
[2025-03-26T22:42:36.749+0530] {processor.py:914} INFO - Processing file /Users/uk/miniforge3/lib/python3.10/site-packages/airflow/example_dags/example_branch_day_of_week_operator.py for tasks to queue
[2025-03-26T22:42:36.750+0530] {logging_mixin.py:190} INFO - [2025-03-26T22:42:36.749+0530] {dagbag.py:588} INFO - Filling up the DagBag from /Users/uk/miniforge3/lib/python3.10/site-packages/airflow/example_dags/example_branch_day_of_week_operator.py
[2025-03-26T22:42:36.754+0530] {processor.py:925} INFO - DAG(s) 'example_weekday_branch_operator' retrieved from /Users/uk/miniforge3/lib/python3.10/site-packages/airflow/example_dags/example_branch_day_of_week_operator.py
[2025-03-26T22:42:36.795+0530] {logging_mixin.py:190} INFO - [2025-03-26T22:42:36.795+0530] {dag.py:3239} INFO - Sync 1 DAGs
[2025-03-26T22:42:36.803+0530] {logging_mixin.py:190} INFO - [2025-03-26T22:42:36.803+0530] {dag.py:4180} INFO - Setting next_dagrun for example_weekday_branch_operator to 2025-03-25 00:00:00+00:00, run_after=2025-03-26 00:00:00+00:00
[2025-03-26T22:42:36.810+0530] {processor.py:208} INFO - Processing /Users/uk/miniforge3/lib/python3.10/site-packages/airflow/example_dags/example_branch_day_of_week_operator.py took 0.063 seconds
[2025-03-26T22:45:11.738+0530] {processor.py:186} INFO - Started process (PID=11223) to work on /Users/uk/miniforge3/lib/python3.10/site-packages/airflow/example_dags/example_branch_day_of_week_operator.py
[2025-03-26T22:45:11.739+0530] {processor.py:914} INFO - Processing file /Users/uk/miniforge3/lib/python3.10/site-packages/airflow/example_dags/example_branch_day_of_week_operator.py for tasks to queue
[2025-03-26T22:45:11.739+0530] {logging_mixin.py:190} INFO - [2025-03-26T22:45:11.739+0530] {dagbag.py:588} INFO - Filling up the DagBag from /Users/uk/miniforge3/lib/python3.10/site-packages/airflow/example_dags/example_branch_day_of_week_operator.py
[2025-03-26T22:45:11.744+0530] {processor.py:925} INFO - DAG(s) 'example_weekday_branch_operator' retrieved from /Users/uk/miniforge3/lib/python3.10/site-packages/airflow/example_dags/example_branch_day_of_week_operator.py
[2025-03-26T22:45:11.783+0530] {logging_mixin.py:190} INFO - [2025-03-26T22:45:11.782+0530] {dag.py:3239} INFO - Sync 1 DAGs
[2025-03-26T22:45:11.789+0530] {logging_mixin.py:190} INFO - [2025-03-26T22:45:11.789+0530] {dag.py:4180} INFO - Setting next_dagrun for example_weekday_branch_operator to 2025-03-25 00:00:00+00:00, run_after=2025-03-26 00:00:00+00:00
[2025-03-26T22:45:11.795+0530] {processor.py:208} INFO - Processing /Users/uk/miniforge3/lib/python3.10/site-packages/airflow/example_dags/example_branch_day_of_week_operator.py took 0.058 seconds
[2025-03-26T22:47:42.719+0530] {processor.py:186} INFO - Started process (PID=11477) to work on /Users/uk/miniforge3/lib/python3.10/site-packages/airflow/example_dags/example_branch_day_of_week_operator.py
[2025-03-26T22:47:42.720+0530] {processor.py:914} INFO - Processing file /Users/uk/miniforge3/lib/python3.10/site-packages/airflow/example_dags/example_branch_day_of_week_operator.py for tasks to queue
[2025-03-26T22:47:42.720+0530] {logging_mixin.py:190} INFO - [2025-03-26T22:47:42.720+0530] {dagbag.py:588} INFO - Filling up the DagBag from /Users/uk/miniforge3/lib/python3.10/site-packages/airflow/example_dags/example_branch_day_of_week_operator.py
[2025-03-26T22:47:42.725+0530] {processor.py:925} INFO - DAG(s) 'example_weekday_branch_operator' retrieved from /Users/uk/miniforge3/lib/python3.10/site-packages/airflow/example_dags/example_branch_day_of_week_operator.py
[2025-03-26T22:47:42.768+0530] {logging_mixin.py:190} INFO - [2025-03-26T22:47:42.768+0530] {dag.py:3239} INFO - Sync 1 DAGs
[2025-03-26T22:47:42.778+0530] {logging_mixin.py:190} INFO - [2025-03-26T22:47:42.778+0530] {dag.py:4180} INFO - Setting next_dagrun for example_weekday_branch_operator to 2025-03-25 00:00:00+00:00, run_after=2025-03-26 00:00:00+00:00
[2025-03-26T22:47:42.785+0530] {processor.py:208} INFO - Processing /Users/uk/miniforge3/lib/python3.10/site-packages/airflow/example_dags/example_branch_day_of_week_operator.py took 0.068 seconds
[2025-03-26T22:50:09.740+0530] {processor.py:186} INFO - Started process (PID=12078) to work on /Users/uk/miniforge3/lib/python3.10/site-packages/airflow/example_dags/example_branch_day_of_week_operator.py
[2025-03-26T22:50:09.741+0530] {processor.py:914} INFO - Processing file /Users/uk/miniforge3/lib/python3.10/site-packages/airflow/example_dags/example_branch_day_of_week_operator.py for tasks to queue
[2025-03-26T22:50:09.741+0530] {logging_mixin.py:190} INFO - [2025-03-26T22:50:09.741+0530] {dagbag.py:588} INFO - Filling up the DagBag from /Users/uk/miniforge3/lib/python3.10/site-packages/airflow/example_dags/example_branch_day_of_week_operator.py
[2025-03-26T22:50:09.748+0530] {processor.py:925} INFO - DAG(s) 'example_weekday_branch_operator' retrieved from /Users/uk/miniforge3/lib/python3.10/site-packages/airflow/example_dags/example_branch_day_of_week_operator.py
[2025-03-26T22:50:09.787+0530] {logging_mixin.py:190} INFO - [2025-03-26T22:50:09.787+0530] {dag.py:3239} INFO - Sync 1 DAGs
[2025-03-26T22:50:09.794+0530] {logging_mixin.py:190} INFO - [2025-03-26T22:50:09.794+0530] {dag.py:4180} INFO - Setting next_dagrun for example_weekday_branch_operator to 2025-03-25 00:00:00+00:00, run_after=2025-03-26 00:00:00+00:00
[2025-03-26T22:50:09.800+0530] {processor.py:208} INFO - Processing /Users/uk/miniforge3/lib/python3.10/site-packages/airflow/example_dags/example_branch_day_of_week_operator.py took 0.061 seconds
