[2025-03-26T22:08:27.529+0530] {processor.py:186} INFO - Started process (PID=6244) to work on /Users/uk/miniforge3/lib/python3.10/site-packages/airflow/example_dags/example_trigger_controller_dag.py
[2025-03-26T22:08:27.529+0530] {processor.py:914} INFO - Processing file /Users/uk/miniforge3/lib/python3.10/site-packages/airflow/example_dags/example_trigger_controller_dag.py for tasks to queue
[2025-03-26T22:08:27.530+0530] {logging_mixin.py:190} INFO - [2025-03-26T22:08:27.530+0530] {dagbag.py:588} INFO - Filling up the DagBag from /Users/uk/miniforge3/lib/python3.10/site-packages/airflow/example_dags/example_trigger_controller_dag.py
[2025-03-26T22:08:27.534+0530] {processor.py:925} INFO - DAG(s) 'example_trigger_controller_dag' retrieved from /Users/uk/miniforge3/lib/python3.10/site-packages/airflow/example_dags/example_trigger_controller_dag.py
[2025-03-26T22:08:27.570+0530] {logging_mixin.py:190} INFO - [2025-03-26T22:08:27.570+0530] {dag.py:3239} INFO - Sync 1 DAGs
[2025-03-26T22:08:27.577+0530] {logging_mixin.py:190} INFO - [2025-03-26T22:08:27.577+0530] {dag.py:4180} INFO - Setting next_dagrun for example_trigger_controller_dag to 2021-01-01 00:00:00+00:00, run_after=2021-01-01 00:00:00+00:00
[2025-03-26T22:08:27.583+0530] {processor.py:208} INFO - Processing /Users/uk/miniforge3/lib/python3.10/site-packages/airflow/example_dags/example_trigger_controller_dag.py took 0.055 seconds
[2025-03-26T22:10:11.819+0530] {processor.py:186} INFO - Started process (PID=6769) to work on /Users/uk/miniforge3/lib/python3.10/site-packages/airflow/example_dags/example_trigger_controller_dag.py
[2025-03-26T22:10:11.821+0530] {processor.py:914} INFO - Processing file /Users/uk/miniforge3/lib/python3.10/site-packages/airflow/example_dags/example_trigger_controller_dag.py for tasks to queue
[2025-03-26T22:10:11.821+0530] {logging_mixin.py:190} INFO - [2025-03-26T22:10:11.821+0530] {dagbag.py:588} INFO - Filling up the DagBag from /Users/uk/miniforge3/lib/python3.10/site-packages/airflow/example_dags/example_trigger_controller_dag.py
[2025-03-26T22:10:11.826+0530] {processor.py:925} INFO - DAG(s) 'example_trigger_controller_dag' retrieved from /Users/uk/miniforge3/lib/python3.10/site-packages/airflow/example_dags/example_trigger_controller_dag.py
[2025-03-26T22:10:11.865+0530] {logging_mixin.py:190} INFO - [2025-03-26T22:10:11.865+0530] {dag.py:3239} INFO - Sync 1 DAGs
[2025-03-26T22:10:11.872+0530] {logging_mixin.py:190} INFO - [2025-03-26T22:10:11.872+0530] {dag.py:4180} INFO - Setting next_dagrun for example_trigger_controller_dag to 2021-01-01 00:00:00+00:00, run_after=2021-01-01 00:00:00+00:00
[2025-03-26T22:10:11.879+0530] {processor.py:208} INFO - Processing /Users/uk/miniforge3/lib/python3.10/site-packages/airflow/example_dags/example_trigger_controller_dag.py took 0.061 seconds
[2025-03-26T22:11:26.562+0530] {processor.py:186} INFO - Started process (PID=6892) to work on /Users/uk/miniforge3/lib/python3.10/site-packages/airflow/example_dags/example_trigger_controller_dag.py
[2025-03-26T22:11:26.563+0530] {processor.py:914} INFO - Processing file /Users/uk/miniforge3/lib/python3.10/site-packages/airflow/example_dags/example_trigger_controller_dag.py for tasks to queue
[2025-03-26T22:11:26.563+0530] {logging_mixin.py:190} INFO - [2025-03-26T22:11:26.563+0530] {dagbag.py:588} INFO - Filling up the DagBag from /Users/uk/miniforge3/lib/python3.10/site-packages/airflow/example_dags/example_trigger_controller_dag.py
[2025-03-26T22:11:26.567+0530] {processor.py:925} INFO - DAG(s) 'example_trigger_controller_dag' retrieved from /Users/uk/miniforge3/lib/python3.10/site-packages/airflow/example_dags/example_trigger_controller_dag.py
[2025-03-26T22:11:26.604+0530] {logging_mixin.py:190} INFO - [2025-03-26T22:11:26.604+0530] {dag.py:3239} INFO - Sync 1 DAGs
[2025-03-26T22:11:26.610+0530] {logging_mixin.py:190} INFO - [2025-03-26T22:11:26.610+0530] {dag.py:4180} INFO - Setting next_dagrun for example_trigger_controller_dag to 2021-01-01 00:00:00+00:00, run_after=2021-01-01 00:00:00+00:00
[2025-03-26T22:11:26.616+0530] {processor.py:208} INFO - Processing /Users/uk/miniforge3/lib/python3.10/site-packages/airflow/example_dags/example_trigger_controller_dag.py took 0.055 seconds
[2025-03-26T22:12:54.609+0530] {processor.py:186} INFO - Started process (PID=7064) to work on /Users/uk/miniforge3/lib/python3.10/site-packages/airflow/example_dags/example_trigger_controller_dag.py
[2025-03-26T22:12:54.610+0530] {processor.py:914} INFO - Processing file /Users/uk/miniforge3/lib/python3.10/site-packages/airflow/example_dags/example_trigger_controller_dag.py for tasks to queue
[2025-03-26T22:12:54.611+0530] {logging_mixin.py:190} INFO - [2025-03-26T22:12:54.611+0530] {dagbag.py:588} INFO - Filling up the DagBag from /Users/uk/miniforge3/lib/python3.10/site-packages/airflow/example_dags/example_trigger_controller_dag.py
[2025-03-26T22:12:54.615+0530] {processor.py:925} INFO - DAG(s) 'example_trigger_controller_dag' retrieved from /Users/uk/miniforge3/lib/python3.10/site-packages/airflow/example_dags/example_trigger_controller_dag.py
[2025-03-26T22:12:54.654+0530] {logging_mixin.py:190} INFO - [2025-03-26T22:12:54.654+0530] {dag.py:3239} INFO - Sync 1 DAGs
[2025-03-26T22:12:54.662+0530] {logging_mixin.py:190} INFO - [2025-03-26T22:12:54.661+0530] {dag.py:4180} INFO - Setting next_dagrun for example_trigger_controller_dag to 2021-01-01 00:00:00+00:00, run_after=2021-01-01 00:00:00+00:00
[2025-03-26T22:12:54.668+0530] {processor.py:208} INFO - Processing /Users/uk/miniforge3/lib/python3.10/site-packages/airflow/example_dags/example_trigger_controller_dag.py took 0.060 seconds
[2025-03-26T22:14:44.554+0530] {processor.py:186} INFO - Started process (PID=7583) to work on /Users/uk/miniforge3/lib/python3.10/site-packages/airflow/example_dags/example_trigger_controller_dag.py
[2025-03-26T22:14:44.555+0530] {processor.py:914} INFO - Processing file /Users/uk/miniforge3/lib/python3.10/site-packages/airflow/example_dags/example_trigger_controller_dag.py for tasks to queue
[2025-03-26T22:14:44.555+0530] {logging_mixin.py:190} INFO - [2025-03-26T22:14:44.555+0530] {dagbag.py:588} INFO - Filling up the DagBag from /Users/uk/miniforge3/lib/python3.10/site-packages/airflow/example_dags/example_trigger_controller_dag.py
[2025-03-26T22:14:44.559+0530] {processor.py:925} INFO - DAG(s) 'example_trigger_controller_dag' retrieved from /Users/uk/miniforge3/lib/python3.10/site-packages/airflow/example_dags/example_trigger_controller_dag.py
[2025-03-26T22:14:44.597+0530] {logging_mixin.py:190} INFO - [2025-03-26T22:14:44.597+0530] {dag.py:3239} INFO - Sync 1 DAGs
[2025-03-26T22:14:44.603+0530] {logging_mixin.py:190} INFO - [2025-03-26T22:14:44.603+0530] {dag.py:4180} INFO - Setting next_dagrun for example_trigger_controller_dag to 2021-01-01 00:00:00+00:00, run_after=2021-01-01 00:00:00+00:00
[2025-03-26T22:14:44.610+0530] {processor.py:208} INFO - Processing /Users/uk/miniforge3/lib/python3.10/site-packages/airflow/example_dags/example_trigger_controller_dag.py took 0.057 seconds
[2025-03-26T22:16:05.698+0530] {processor.py:186} INFO - Started process (PID=7758) to work on /Users/uk/miniforge3/lib/python3.10/site-packages/airflow/example_dags/example_trigger_controller_dag.py
[2025-03-26T22:16:05.699+0530] {processor.py:914} INFO - Processing file /Users/uk/miniforge3/lib/python3.10/site-packages/airflow/example_dags/example_trigger_controller_dag.py for tasks to queue
[2025-03-26T22:16:05.699+0530] {logging_mixin.py:190} INFO - [2025-03-26T22:16:05.699+0530] {dagbag.py:588} INFO - Filling up the DagBag from /Users/uk/miniforge3/lib/python3.10/site-packages/airflow/example_dags/example_trigger_controller_dag.py
[2025-03-26T22:16:05.704+0530] {processor.py:925} INFO - DAG(s) 'example_trigger_controller_dag' retrieved from /Users/uk/miniforge3/lib/python3.10/site-packages/airflow/example_dags/example_trigger_controller_dag.py
[2025-03-26T22:16:05.743+0530] {logging_mixin.py:190} INFO - [2025-03-26T22:16:05.743+0530] {dag.py:3239} INFO - Sync 1 DAGs
[2025-03-26T22:16:05.751+0530] {logging_mixin.py:190} INFO - [2025-03-26T22:16:05.751+0530] {dag.py:4180} INFO - Setting next_dagrun for example_trigger_controller_dag to 2021-01-01 00:00:00+00:00, run_after=2021-01-01 00:00:00+00:00
[2025-03-26T22:16:05.758+0530] {processor.py:208} INFO - Processing /Users/uk/miniforge3/lib/python3.10/site-packages/airflow/example_dags/example_trigger_controller_dag.py took 0.061 seconds
[2025-03-26T22:17:23.813+0530] {processor.py:186} INFO - Started process (PID=7904) to work on /Users/uk/miniforge3/lib/python3.10/site-packages/airflow/example_dags/example_trigger_controller_dag.py
[2025-03-26T22:17:23.814+0530] {processor.py:914} INFO - Processing file /Users/uk/miniforge3/lib/python3.10/site-packages/airflow/example_dags/example_trigger_controller_dag.py for tasks to queue
[2025-03-26T22:17:23.814+0530] {logging_mixin.py:190} INFO - [2025-03-26T22:17:23.814+0530] {dagbag.py:588} INFO - Filling up the DagBag from /Users/uk/miniforge3/lib/python3.10/site-packages/airflow/example_dags/example_trigger_controller_dag.py
[2025-03-26T22:17:23.818+0530] {processor.py:925} INFO - DAG(s) 'example_trigger_controller_dag' retrieved from /Users/uk/miniforge3/lib/python3.10/site-packages/airflow/example_dags/example_trigger_controller_dag.py
[2025-03-26T22:17:23.858+0530] {logging_mixin.py:190} INFO - [2025-03-26T22:17:23.857+0530] {dag.py:3239} INFO - Sync 1 DAGs
[2025-03-26T22:17:23.866+0530] {logging_mixin.py:190} INFO - [2025-03-26T22:17:23.865+0530] {dag.py:4180} INFO - Setting next_dagrun for example_trigger_controller_dag to 2021-01-01 00:00:00+00:00, run_after=2021-01-01 00:00:00+00:00
[2025-03-26T22:17:23.872+0530] {processor.py:208} INFO - Processing /Users/uk/miniforge3/lib/python3.10/site-packages/airflow/example_dags/example_trigger_controller_dag.py took 0.061 seconds
[2025-03-26T22:18:42.102+0530] {processor.py:186} INFO - Started process (PID=8039) to work on /Users/uk/miniforge3/lib/python3.10/site-packages/airflow/example_dags/example_trigger_controller_dag.py
[2025-03-26T22:18:42.103+0530] {processor.py:914} INFO - Processing file /Users/uk/miniforge3/lib/python3.10/site-packages/airflow/example_dags/example_trigger_controller_dag.py for tasks to queue
[2025-03-26T22:18:42.103+0530] {logging_mixin.py:190} INFO - [2025-03-26T22:18:42.103+0530] {dagbag.py:588} INFO - Filling up the DagBag from /Users/uk/miniforge3/lib/python3.10/site-packages/airflow/example_dags/example_trigger_controller_dag.py
[2025-03-26T22:18:42.109+0530] {processor.py:925} INFO - DAG(s) 'example_trigger_controller_dag' retrieved from /Users/uk/miniforge3/lib/python3.10/site-packages/airflow/example_dags/example_trigger_controller_dag.py
[2025-03-26T22:18:42.158+0530] {logging_mixin.py:190} INFO - [2025-03-26T22:18:42.158+0530] {dag.py:3239} INFO - Sync 1 DAGs
[2025-03-26T22:18:42.167+0530] {logging_mixin.py:190} INFO - [2025-03-26T22:18:42.167+0530] {dag.py:4180} INFO - Setting next_dagrun for example_trigger_controller_dag to 2021-01-01 00:00:00+00:00, run_after=2021-01-01 00:00:00+00:00
[2025-03-26T22:18:42.180+0530] {processor.py:208} INFO - Processing /Users/uk/miniforge3/lib/python3.10/site-packages/airflow/example_dags/example_trigger_controller_dag.py took 0.080 seconds
[2025-03-26T22:19:57.616+0530] {processor.py:186} INFO - Started process (PID=8166) to work on /Users/uk/miniforge3/lib/python3.10/site-packages/airflow/example_dags/example_trigger_controller_dag.py
[2025-03-26T22:19:57.617+0530] {processor.py:914} INFO - Processing file /Users/uk/miniforge3/lib/python3.10/site-packages/airflow/example_dags/example_trigger_controller_dag.py for tasks to queue
[2025-03-26T22:19:57.617+0530] {logging_mixin.py:190} INFO - [2025-03-26T22:19:57.617+0530] {dagbag.py:588} INFO - Filling up the DagBag from /Users/uk/miniforge3/lib/python3.10/site-packages/airflow/example_dags/example_trigger_controller_dag.py
[2025-03-26T22:19:57.622+0530] {processor.py:925} INFO - DAG(s) 'example_trigger_controller_dag' retrieved from /Users/uk/miniforge3/lib/python3.10/site-packages/airflow/example_dags/example_trigger_controller_dag.py
[2025-03-26T22:19:57.660+0530] {logging_mixin.py:190} INFO - [2025-03-26T22:19:57.660+0530] {dag.py:3239} INFO - Sync 1 DAGs
[2025-03-26T22:19:57.666+0530] {logging_mixin.py:190} INFO - [2025-03-26T22:19:57.666+0530] {dag.py:4180} INFO - Setting next_dagrun for example_trigger_controller_dag to 2021-01-01 00:00:00+00:00, run_after=2021-01-01 00:00:00+00:00
[2025-03-26T22:19:57.672+0530] {processor.py:208} INFO - Processing /Users/uk/miniforge3/lib/python3.10/site-packages/airflow/example_dags/example_trigger_controller_dag.py took 0.058 seconds
[2025-03-26T22:21:15.965+0530] {processor.py:186} INFO - Started process (PID=8334) to work on /Users/uk/miniforge3/lib/python3.10/site-packages/airflow/example_dags/example_trigger_controller_dag.py
[2025-03-26T22:21:15.966+0530] {processor.py:914} INFO - Processing file /Users/uk/miniforge3/lib/python3.10/site-packages/airflow/example_dags/example_trigger_controller_dag.py for tasks to queue
[2025-03-26T22:21:15.967+0530] {logging_mixin.py:190} INFO - [2025-03-26T22:21:15.967+0530] {dagbag.py:588} INFO - Filling up the DagBag from /Users/uk/miniforge3/lib/python3.10/site-packages/airflow/example_dags/example_trigger_controller_dag.py
[2025-03-26T22:21:15.971+0530] {processor.py:925} INFO - DAG(s) 'example_trigger_controller_dag' retrieved from /Users/uk/miniforge3/lib/python3.10/site-packages/airflow/example_dags/example_trigger_controller_dag.py
[2025-03-26T22:21:16.007+0530] {logging_mixin.py:190} INFO - [2025-03-26T22:21:16.007+0530] {dag.py:3239} INFO - Sync 1 DAGs
[2025-03-26T22:21:16.013+0530] {logging_mixin.py:190} INFO - [2025-03-26T22:21:16.013+0530] {dag.py:4180} INFO - Setting next_dagrun for example_trigger_controller_dag to 2021-01-01 00:00:00+00:00, run_after=2021-01-01 00:00:00+00:00
[2025-03-26T22:21:16.019+0530] {processor.py:208} INFO - Processing /Users/uk/miniforge3/lib/python3.10/site-packages/airflow/example_dags/example_trigger_controller_dag.py took 0.055 seconds
[2025-03-26T22:22:33.202+0530] {processor.py:186} INFO - Started process (PID=8478) to work on /Users/uk/miniforge3/lib/python3.10/site-packages/airflow/example_dags/example_trigger_controller_dag.py
[2025-03-26T22:22:33.202+0530] {processor.py:914} INFO - Processing file /Users/uk/miniforge3/lib/python3.10/site-packages/airflow/example_dags/example_trigger_controller_dag.py for tasks to queue
[2025-03-26T22:22:33.203+0530] {logging_mixin.py:190} INFO - [2025-03-26T22:22:33.203+0530] {dagbag.py:588} INFO - Filling up the DagBag from /Users/uk/miniforge3/lib/python3.10/site-packages/airflow/example_dags/example_trigger_controller_dag.py
[2025-03-26T22:22:33.207+0530] {processor.py:925} INFO - DAG(s) 'example_trigger_controller_dag' retrieved from /Users/uk/miniforge3/lib/python3.10/site-packages/airflow/example_dags/example_trigger_controller_dag.py
[2025-03-26T22:22:33.244+0530] {logging_mixin.py:190} INFO - [2025-03-26T22:22:33.244+0530] {dag.py:3239} INFO - Sync 1 DAGs
[2025-03-26T22:22:33.250+0530] {logging_mixin.py:190} INFO - [2025-03-26T22:22:33.250+0530] {dag.py:4180} INFO - Setting next_dagrun for example_trigger_controller_dag to 2021-01-01 00:00:00+00:00, run_after=2021-01-01 00:00:00+00:00
[2025-03-26T22:22:33.256+0530] {processor.py:208} INFO - Processing /Users/uk/miniforge3/lib/python3.10/site-packages/airflow/example_dags/example_trigger_controller_dag.py took 0.056 seconds
[2025-03-26T22:23:45.967+0530] {processor.py:186} INFO - Started process (PID=8609) to work on /Users/uk/miniforge3/lib/python3.10/site-packages/airflow/example_dags/example_trigger_controller_dag.py
[2025-03-26T22:23:45.970+0530] {processor.py:914} INFO - Processing file /Users/uk/miniforge3/lib/python3.10/site-packages/airflow/example_dags/example_trigger_controller_dag.py for tasks to queue
[2025-03-26T22:23:45.970+0530] {logging_mixin.py:190} INFO - [2025-03-26T22:23:45.970+0530] {dagbag.py:588} INFO - Filling up the DagBag from /Users/uk/miniforge3/lib/python3.10/site-packages/airflow/example_dags/example_trigger_controller_dag.py
[2025-03-26T22:23:45.975+0530] {processor.py:925} INFO - DAG(s) 'example_trigger_controller_dag' retrieved from /Users/uk/miniforge3/lib/python3.10/site-packages/airflow/example_dags/example_trigger_controller_dag.py
[2025-03-26T22:23:46.016+0530] {logging_mixin.py:190} INFO - [2025-03-26T22:23:46.016+0530] {dag.py:3239} INFO - Sync 1 DAGs
[2025-03-26T22:23:46.024+0530] {logging_mixin.py:190} INFO - [2025-03-26T22:23:46.024+0530] {dag.py:4180} INFO - Setting next_dagrun for example_trigger_controller_dag to 2021-01-01 00:00:00+00:00, run_after=2021-01-01 00:00:00+00:00
[2025-03-26T22:23:46.031+0530] {processor.py:208} INFO - Processing /Users/uk/miniforge3/lib/python3.10/site-packages/airflow/example_dags/example_trigger_controller_dag.py took 0.066 seconds
[2025-03-26T22:25:08.582+0530] {processor.py:186} INFO - Started process (PID=8740) to work on /Users/uk/miniforge3/lib/python3.10/site-packages/airflow/example_dags/example_trigger_controller_dag.py
[2025-03-26T22:25:08.583+0530] {processor.py:914} INFO - Processing file /Users/uk/miniforge3/lib/python3.10/site-packages/airflow/example_dags/example_trigger_controller_dag.py for tasks to queue
[2025-03-26T22:25:08.583+0530] {logging_mixin.py:190} INFO - [2025-03-26T22:25:08.583+0530] {dagbag.py:588} INFO - Filling up the DagBag from /Users/uk/miniforge3/lib/python3.10/site-packages/airflow/example_dags/example_trigger_controller_dag.py
[2025-03-26T22:25:08.587+0530] {processor.py:925} INFO - DAG(s) 'example_trigger_controller_dag' retrieved from /Users/uk/miniforge3/lib/python3.10/site-packages/airflow/example_dags/example_trigger_controller_dag.py
[2025-03-26T22:25:08.623+0530] {logging_mixin.py:190} INFO - [2025-03-26T22:25:08.623+0530] {dag.py:3239} INFO - Sync 1 DAGs
[2025-03-26T22:25:08.630+0530] {logging_mixin.py:190} INFO - [2025-03-26T22:25:08.629+0530] {dag.py:4180} INFO - Setting next_dagrun for example_trigger_controller_dag to 2021-01-01 00:00:00+00:00, run_after=2021-01-01 00:00:00+00:00
[2025-03-26T22:25:08.636+0530] {processor.py:208} INFO - Processing /Users/uk/miniforge3/lib/python3.10/site-packages/airflow/example_dags/example_trigger_controller_dag.py took 0.055 seconds
[2025-03-26T22:26:27.169+0530] {processor.py:186} INFO - Started process (PID=8883) to work on /Users/uk/miniforge3/lib/python3.10/site-packages/airflow/example_dags/example_trigger_controller_dag.py
[2025-03-26T22:26:27.170+0530] {processor.py:914} INFO - Processing file /Users/uk/miniforge3/lib/python3.10/site-packages/airflow/example_dags/example_trigger_controller_dag.py for tasks to queue
[2025-03-26T22:26:27.170+0530] {logging_mixin.py:190} INFO - [2025-03-26T22:26:27.170+0530] {dagbag.py:588} INFO - Filling up the DagBag from /Users/uk/miniforge3/lib/python3.10/site-packages/airflow/example_dags/example_trigger_controller_dag.py
[2025-03-26T22:26:27.174+0530] {processor.py:925} INFO - DAG(s) 'example_trigger_controller_dag' retrieved from /Users/uk/miniforge3/lib/python3.10/site-packages/airflow/example_dags/example_trigger_controller_dag.py
[2025-03-26T22:26:27.210+0530] {logging_mixin.py:190} INFO - [2025-03-26T22:26:27.210+0530] {dag.py:3239} INFO - Sync 1 DAGs
[2025-03-26T22:26:27.217+0530] {logging_mixin.py:190} INFO - [2025-03-26T22:26:27.217+0530] {dag.py:4180} INFO - Setting next_dagrun for example_trigger_controller_dag to 2021-01-01 00:00:00+00:00, run_after=2021-01-01 00:00:00+00:00
[2025-03-26T22:26:27.223+0530] {processor.py:208} INFO - Processing /Users/uk/miniforge3/lib/python3.10/site-packages/airflow/example_dags/example_trigger_controller_dag.py took 0.055 seconds
[2025-03-26T22:27:45.143+0530] {processor.py:186} INFO - Started process (PID=9023) to work on /Users/uk/miniforge3/lib/python3.10/site-packages/airflow/example_dags/example_trigger_controller_dag.py
[2025-03-26T22:27:45.143+0530] {processor.py:914} INFO - Processing file /Users/uk/miniforge3/lib/python3.10/site-packages/airflow/example_dags/example_trigger_controller_dag.py for tasks to queue
[2025-03-26T22:27:45.144+0530] {logging_mixin.py:190} INFO - [2025-03-26T22:27:45.144+0530] {dagbag.py:588} INFO - Filling up the DagBag from /Users/uk/miniforge3/lib/python3.10/site-packages/airflow/example_dags/example_trigger_controller_dag.py
[2025-03-26T22:27:45.148+0530] {processor.py:925} INFO - DAG(s) 'example_trigger_controller_dag' retrieved from /Users/uk/miniforge3/lib/python3.10/site-packages/airflow/example_dags/example_trigger_controller_dag.py
[2025-03-26T22:27:45.184+0530] {logging_mixin.py:190} INFO - [2025-03-26T22:27:45.184+0530] {dag.py:3239} INFO - Sync 1 DAGs
[2025-03-26T22:27:45.190+0530] {logging_mixin.py:190} INFO - [2025-03-26T22:27:45.190+0530] {dag.py:4180} INFO - Setting next_dagrun for example_trigger_controller_dag to 2021-01-01 00:00:00+00:00, run_after=2021-01-01 00:00:00+00:00
[2025-03-26T22:27:45.197+0530] {processor.py:208} INFO - Processing /Users/uk/miniforge3/lib/python3.10/site-packages/airflow/example_dags/example_trigger_controller_dag.py took 0.055 seconds
[2025-03-26T22:29:08.223+0530] {processor.py:186} INFO - Started process (PID=9157) to work on /Users/uk/miniforge3/lib/python3.10/site-packages/airflow/example_dags/example_trigger_controller_dag.py
[2025-03-26T22:29:08.224+0530] {processor.py:914} INFO - Processing file /Users/uk/miniforge3/lib/python3.10/site-packages/airflow/example_dags/example_trigger_controller_dag.py for tasks to queue
[2025-03-26T22:29:08.224+0530] {logging_mixin.py:190} INFO - [2025-03-26T22:29:08.224+0530] {dagbag.py:588} INFO - Filling up the DagBag from /Users/uk/miniforge3/lib/python3.10/site-packages/airflow/example_dags/example_trigger_controller_dag.py
[2025-03-26T22:29:08.229+0530] {processor.py:925} INFO - DAG(s) 'example_trigger_controller_dag' retrieved from /Users/uk/miniforge3/lib/python3.10/site-packages/airflow/example_dags/example_trigger_controller_dag.py
[2025-03-26T22:29:08.268+0530] {logging_mixin.py:190} INFO - [2025-03-26T22:29:08.268+0530] {dag.py:3239} INFO - Sync 1 DAGs
[2025-03-26T22:29:08.274+0530] {logging_mixin.py:190} INFO - [2025-03-26T22:29:08.274+0530] {dag.py:4180} INFO - Setting next_dagrun for example_trigger_controller_dag to 2021-01-01 00:00:00+00:00, run_after=2021-01-01 00:00:00+00:00
[2025-03-26T22:29:08.280+0530] {processor.py:208} INFO - Processing /Users/uk/miniforge3/lib/python3.10/site-packages/airflow/example_dags/example_trigger_controller_dag.py took 0.059 seconds
[2025-03-26T22:30:26.900+0530] {processor.py:186} INFO - Started process (PID=9290) to work on /Users/uk/miniforge3/lib/python3.10/site-packages/airflow/example_dags/example_trigger_controller_dag.py
[2025-03-26T22:30:26.901+0530] {processor.py:914} INFO - Processing file /Users/uk/miniforge3/lib/python3.10/site-packages/airflow/example_dags/example_trigger_controller_dag.py for tasks to queue
[2025-03-26T22:30:26.901+0530] {logging_mixin.py:190} INFO - [2025-03-26T22:30:26.901+0530] {dagbag.py:588} INFO - Filling up the DagBag from /Users/uk/miniforge3/lib/python3.10/site-packages/airflow/example_dags/example_trigger_controller_dag.py
[2025-03-26T22:30:26.905+0530] {processor.py:925} INFO - DAG(s) 'example_trigger_controller_dag' retrieved from /Users/uk/miniforge3/lib/python3.10/site-packages/airflow/example_dags/example_trigger_controller_dag.py
[2025-03-26T22:30:26.941+0530] {logging_mixin.py:190} INFO - [2025-03-26T22:30:26.941+0530] {dag.py:3239} INFO - Sync 1 DAGs
[2025-03-26T22:30:26.948+0530] {logging_mixin.py:190} INFO - [2025-03-26T22:30:26.948+0530] {dag.py:4180} INFO - Setting next_dagrun for example_trigger_controller_dag to 2021-01-01 00:00:00+00:00, run_after=2021-01-01 00:00:00+00:00
[2025-03-26T22:30:26.954+0530] {processor.py:208} INFO - Processing /Users/uk/miniforge3/lib/python3.10/site-packages/airflow/example_dags/example_trigger_controller_dag.py took 0.054 seconds
[2025-03-26T22:31:37.192+0530] {processor.py:186} INFO - Started process (PID=9426) to work on /Users/uk/miniforge3/lib/python3.10/site-packages/airflow/example_dags/example_trigger_controller_dag.py
[2025-03-26T22:31:37.193+0530] {processor.py:914} INFO - Processing file /Users/uk/miniforge3/lib/python3.10/site-packages/airflow/example_dags/example_trigger_controller_dag.py for tasks to queue
[2025-03-26T22:31:37.194+0530] {logging_mixin.py:190} INFO - [2025-03-26T22:31:37.194+0530] {dagbag.py:588} INFO - Filling up the DagBag from /Users/uk/miniforge3/lib/python3.10/site-packages/airflow/example_dags/example_trigger_controller_dag.py
[2025-03-26T22:31:37.198+0530] {processor.py:925} INFO - DAG(s) 'example_trigger_controller_dag' retrieved from /Users/uk/miniforge3/lib/python3.10/site-packages/airflow/example_dags/example_trigger_controller_dag.py
[2025-03-26T22:31:37.234+0530] {logging_mixin.py:190} INFO - [2025-03-26T22:31:37.234+0530] {dag.py:3239} INFO - Sync 1 DAGs
[2025-03-26T22:31:37.240+0530] {logging_mixin.py:190} INFO - [2025-03-26T22:31:37.240+0530] {dag.py:4180} INFO - Setting next_dagrun for example_trigger_controller_dag to 2021-01-01 00:00:00+00:00, run_after=2021-01-01 00:00:00+00:00
[2025-03-26T22:31:37.246+0530] {processor.py:208} INFO - Processing /Users/uk/miniforge3/lib/python3.10/site-packages/airflow/example_dags/example_trigger_controller_dag.py took 0.055 seconds
[2025-03-26T22:32:46.627+0530] {processor.py:186} INFO - Started process (PID=9538) to work on /Users/uk/miniforge3/lib/python3.10/site-packages/airflow/example_dags/example_trigger_controller_dag.py
[2025-03-26T22:32:46.628+0530] {processor.py:914} INFO - Processing file /Users/uk/miniforge3/lib/python3.10/site-packages/airflow/example_dags/example_trigger_controller_dag.py for tasks to queue
[2025-03-26T22:32:46.629+0530] {logging_mixin.py:190} INFO - [2025-03-26T22:32:46.629+0530] {dagbag.py:588} INFO - Filling up the DagBag from /Users/uk/miniforge3/lib/python3.10/site-packages/airflow/example_dags/example_trigger_controller_dag.py
[2025-03-26T22:32:46.632+0530] {processor.py:925} INFO - DAG(s) 'example_trigger_controller_dag' retrieved from /Users/uk/miniforge3/lib/python3.10/site-packages/airflow/example_dags/example_trigger_controller_dag.py
[2025-03-26T22:32:46.669+0530] {logging_mixin.py:190} INFO - [2025-03-26T22:32:46.669+0530] {dag.py:3239} INFO - Sync 1 DAGs
[2025-03-26T22:32:46.676+0530] {logging_mixin.py:190} INFO - [2025-03-26T22:32:46.676+0530] {dag.py:4180} INFO - Setting next_dagrun for example_trigger_controller_dag to 2021-01-01 00:00:00+00:00, run_after=2021-01-01 00:00:00+00:00
[2025-03-26T22:32:46.682+0530] {processor.py:208} INFO - Processing /Users/uk/miniforge3/lib/python3.10/site-packages/airflow/example_dags/example_trigger_controller_dag.py took 0.056 seconds
[2025-03-26T22:34:00.969+0530] {processor.py:186} INFO - Started process (PID=9671) to work on /Users/uk/miniforge3/lib/python3.10/site-packages/airflow/example_dags/example_trigger_controller_dag.py
[2025-03-26T22:34:00.970+0530] {processor.py:914} INFO - Processing file /Users/uk/miniforge3/lib/python3.10/site-packages/airflow/example_dags/example_trigger_controller_dag.py for tasks to queue
[2025-03-26T22:34:00.971+0530] {logging_mixin.py:190} INFO - [2025-03-26T22:34:00.971+0530] {dagbag.py:588} INFO - Filling up the DagBag from /Users/uk/miniforge3/lib/python3.10/site-packages/airflow/example_dags/example_trigger_controller_dag.py
[2025-03-26T22:34:00.975+0530] {processor.py:925} INFO - DAG(s) 'example_trigger_controller_dag' retrieved from /Users/uk/miniforge3/lib/python3.10/site-packages/airflow/example_dags/example_trigger_controller_dag.py
[2025-03-26T22:34:01.013+0530] {logging_mixin.py:190} INFO - [2025-03-26T22:34:01.013+0530] {dag.py:3239} INFO - Sync 1 DAGs
[2025-03-26T22:34:01.020+0530] {logging_mixin.py:190} INFO - [2025-03-26T22:34:01.019+0530] {dag.py:4180} INFO - Setting next_dagrun for example_trigger_controller_dag to 2021-01-01 00:00:00+00:00, run_after=2021-01-01 00:00:00+00:00
[2025-03-26T22:34:01.026+0530] {processor.py:208} INFO - Processing /Users/uk/miniforge3/lib/python3.10/site-packages/airflow/example_dags/example_trigger_controller_dag.py took 0.059 seconds
[2025-03-26T22:35:22.420+0530] {processor.py:186} INFO - Started process (PID=9868) to work on /Users/uk/miniforge3/lib/python3.10/site-packages/airflow/example_dags/example_trigger_controller_dag.py
[2025-03-26T22:35:22.421+0530] {processor.py:914} INFO - Processing file /Users/uk/miniforge3/lib/python3.10/site-packages/airflow/example_dags/example_trigger_controller_dag.py for tasks to queue
[2025-03-26T22:35:22.422+0530] {logging_mixin.py:190} INFO - [2025-03-26T22:35:22.422+0530] {dagbag.py:588} INFO - Filling up the DagBag from /Users/uk/miniforge3/lib/python3.10/site-packages/airflow/example_dags/example_trigger_controller_dag.py
[2025-03-26T22:35:22.428+0530] {processor.py:925} INFO - DAG(s) 'example_trigger_controller_dag' retrieved from /Users/uk/miniforge3/lib/python3.10/site-packages/airflow/example_dags/example_trigger_controller_dag.py
[2025-03-26T22:35:22.467+0530] {logging_mixin.py:190} INFO - [2025-03-26T22:35:22.466+0530] {dag.py:3239} INFO - Sync 1 DAGs
[2025-03-26T22:35:22.473+0530] {logging_mixin.py:190} INFO - [2025-03-26T22:35:22.473+0530] {dag.py:4180} INFO - Setting next_dagrun for example_trigger_controller_dag to 2021-01-01 00:00:00+00:00, run_after=2021-01-01 00:00:00+00:00
[2025-03-26T22:35:22.480+0530] {processor.py:208} INFO - Processing /Users/uk/miniforge3/lib/python3.10/site-packages/airflow/example_dags/example_trigger_controller_dag.py took 0.061 seconds
[2025-03-26T22:36:41.596+0530] {processor.py:186} INFO - Started process (PID=10015) to work on /Users/uk/miniforge3/lib/python3.10/site-packages/airflow/example_dags/example_trigger_controller_dag.py
[2025-03-26T22:36:41.598+0530] {processor.py:914} INFO - Processing file /Users/uk/miniforge3/lib/python3.10/site-packages/airflow/example_dags/example_trigger_controller_dag.py for tasks to queue
[2025-03-26T22:36:41.598+0530] {logging_mixin.py:190} INFO - [2025-03-26T22:36:41.598+0530] {dagbag.py:588} INFO - Filling up the DagBag from /Users/uk/miniforge3/lib/python3.10/site-packages/airflow/example_dags/example_trigger_controller_dag.py
[2025-03-26T22:36:41.602+0530] {processor.py:925} INFO - DAG(s) 'example_trigger_controller_dag' retrieved from /Users/uk/miniforge3/lib/python3.10/site-packages/airflow/example_dags/example_trigger_controller_dag.py
[2025-03-26T22:36:41.643+0530] {logging_mixin.py:190} INFO - [2025-03-26T22:36:41.643+0530] {dag.py:3239} INFO - Sync 1 DAGs
[2025-03-26T22:36:41.650+0530] {logging_mixin.py:190} INFO - [2025-03-26T22:36:41.650+0530] {dag.py:4180} INFO - Setting next_dagrun for example_trigger_controller_dag to 2021-01-01 00:00:00+00:00, run_after=2021-01-01 00:00:00+00:00
[2025-03-26T22:36:41.657+0530] {processor.py:208} INFO - Processing /Users/uk/miniforge3/lib/python3.10/site-packages/airflow/example_dags/example_trigger_controller_dag.py took 0.062 seconds
[2025-03-26T22:38:03.449+0530] {processor.py:186} INFO - Started process (PID=10153) to work on /Users/uk/miniforge3/lib/python3.10/site-packages/airflow/example_dags/example_trigger_controller_dag.py
[2025-03-26T22:38:03.449+0530] {processor.py:914} INFO - Processing file /Users/uk/miniforge3/lib/python3.10/site-packages/airflow/example_dags/example_trigger_controller_dag.py for tasks to queue
[2025-03-26T22:38:03.450+0530] {logging_mixin.py:190} INFO - [2025-03-26T22:38:03.450+0530] {dagbag.py:588} INFO - Filling up the DagBag from /Users/uk/miniforge3/lib/python3.10/site-packages/airflow/example_dags/example_trigger_controller_dag.py
[2025-03-26T22:38:03.454+0530] {processor.py:925} INFO - DAG(s) 'example_trigger_controller_dag' retrieved from /Users/uk/miniforge3/lib/python3.10/site-packages/airflow/example_dags/example_trigger_controller_dag.py
[2025-03-26T22:38:03.490+0530] {logging_mixin.py:190} INFO - [2025-03-26T22:38:03.490+0530] {dag.py:3239} INFO - Sync 1 DAGs
[2025-03-26T22:38:03.497+0530] {logging_mixin.py:190} INFO - [2025-03-26T22:38:03.497+0530] {dag.py:4180} INFO - Setting next_dagrun for example_trigger_controller_dag to 2021-01-01 00:00:00+00:00, run_after=2021-01-01 00:00:00+00:00
[2025-03-26T22:38:03.503+0530] {processor.py:208} INFO - Processing /Users/uk/miniforge3/lib/python3.10/site-packages/airflow/example_dags/example_trigger_controller_dag.py took 0.056 seconds
[2025-03-26T22:39:19.739+0530] {processor.py:186} INFO - Started process (PID=10540) to work on /Users/uk/miniforge3/lib/python3.10/site-packages/airflow/example_dags/example_trigger_controller_dag.py
[2025-03-26T22:39:19.739+0530] {processor.py:914} INFO - Processing file /Users/uk/miniforge3/lib/python3.10/site-packages/airflow/example_dags/example_trigger_controller_dag.py for tasks to queue
[2025-03-26T22:39:19.740+0530] {logging_mixin.py:190} INFO - [2025-03-26T22:39:19.740+0530] {dagbag.py:588} INFO - Filling up the DagBag from /Users/uk/miniforge3/lib/python3.10/site-packages/airflow/example_dags/example_trigger_controller_dag.py
[2025-03-26T22:39:19.744+0530] {processor.py:925} INFO - DAG(s) 'example_trigger_controller_dag' retrieved from /Users/uk/miniforge3/lib/python3.10/site-packages/airflow/example_dags/example_trigger_controller_dag.py
[2025-03-26T22:39:19.780+0530] {logging_mixin.py:190} INFO - [2025-03-26T22:39:19.780+0530] {dag.py:3239} INFO - Sync 1 DAGs
[2025-03-26T22:39:19.787+0530] {logging_mixin.py:190} INFO - [2025-03-26T22:39:19.787+0530] {dag.py:4180} INFO - Setting next_dagrun for example_trigger_controller_dag to 2021-01-01 00:00:00+00:00, run_after=2021-01-01 00:00:00+00:00
[2025-03-26T22:39:19.793+0530] {processor.py:208} INFO - Processing /Users/uk/miniforge3/lib/python3.10/site-packages/airflow/example_dags/example_trigger_controller_dag.py took 0.055 seconds
[2025-03-26T22:40:35.029+0530] {processor.py:186} INFO - Started process (PID=10724) to work on /Users/uk/miniforge3/lib/python3.10/site-packages/airflow/example_dags/example_trigger_controller_dag.py
[2025-03-26T22:40:35.029+0530] {processor.py:914} INFO - Processing file /Users/uk/miniforge3/lib/python3.10/site-packages/airflow/example_dags/example_trigger_controller_dag.py for tasks to queue
[2025-03-26T22:40:35.030+0530] {logging_mixin.py:190} INFO - [2025-03-26T22:40:35.030+0530] {dagbag.py:588} INFO - Filling up the DagBag from /Users/uk/miniforge3/lib/python3.10/site-packages/airflow/example_dags/example_trigger_controller_dag.py
[2025-03-26T22:40:35.034+0530] {processor.py:925} INFO - DAG(s) 'example_trigger_controller_dag' retrieved from /Users/uk/miniforge3/lib/python3.10/site-packages/airflow/example_dags/example_trigger_controller_dag.py
[2025-03-26T22:40:35.075+0530] {logging_mixin.py:190} INFO - [2025-03-26T22:40:35.075+0530] {dag.py:3239} INFO - Sync 1 DAGs
[2025-03-26T22:40:35.082+0530] {logging_mixin.py:190} INFO - [2025-03-26T22:40:35.082+0530] {dag.py:4180} INFO - Setting next_dagrun for example_trigger_controller_dag to 2021-01-01 00:00:00+00:00, run_after=2021-01-01 00:00:00+00:00
[2025-03-26T22:40:35.089+0530] {processor.py:208} INFO - Processing /Users/uk/miniforge3/lib/python3.10/site-packages/airflow/example_dags/example_trigger_controller_dag.py took 0.062 seconds
[2025-03-26T22:41:56.076+0530] {processor.py:186} INFO - Started process (PID=10885) to work on /Users/uk/miniforge3/lib/python3.10/site-packages/airflow/example_dags/example_trigger_controller_dag.py
[2025-03-26T22:41:56.077+0530] {processor.py:914} INFO - Processing file /Users/uk/miniforge3/lib/python3.10/site-packages/airflow/example_dags/example_trigger_controller_dag.py for tasks to queue
[2025-03-26T22:41:56.078+0530] {logging_mixin.py:190} INFO - [2025-03-26T22:41:56.077+0530] {dagbag.py:588} INFO - Filling up the DagBag from /Users/uk/miniforge3/lib/python3.10/site-packages/airflow/example_dags/example_trigger_controller_dag.py
[2025-03-26T22:41:56.081+0530] {processor.py:925} INFO - DAG(s) 'example_trigger_controller_dag' retrieved from /Users/uk/miniforge3/lib/python3.10/site-packages/airflow/example_dags/example_trigger_controller_dag.py
[2025-03-26T22:41:56.120+0530] {logging_mixin.py:190} INFO - [2025-03-26T22:41:56.120+0530] {dag.py:3239} INFO - Sync 1 DAGs
[2025-03-26T22:41:56.127+0530] {logging_mixin.py:190} INFO - [2025-03-26T22:41:56.127+0530] {dag.py:4180} INFO - Setting next_dagrun for example_trigger_controller_dag to 2021-01-01 00:00:00+00:00, run_after=2021-01-01 00:00:00+00:00
[2025-03-26T22:41:56.133+0530] {processor.py:208} INFO - Processing /Users/uk/miniforge3/lib/python3.10/site-packages/airflow/example_dags/example_trigger_controller_dag.py took 0.058 seconds
[2025-03-26T22:43:17.761+0530] {processor.py:186} INFO - Started process (PID=11047) to work on /Users/uk/miniforge3/lib/python3.10/site-packages/airflow/example_dags/example_trigger_controller_dag.py
[2025-03-26T22:43:17.762+0530] {processor.py:914} INFO - Processing file /Users/uk/miniforge3/lib/python3.10/site-packages/airflow/example_dags/example_trigger_controller_dag.py for tasks to queue
[2025-03-26T22:43:17.763+0530] {logging_mixin.py:190} INFO - [2025-03-26T22:43:17.763+0530] {dagbag.py:588} INFO - Filling up the DagBag from /Users/uk/miniforge3/lib/python3.10/site-packages/airflow/example_dags/example_trigger_controller_dag.py
[2025-03-26T22:43:17.767+0530] {processor.py:925} INFO - DAG(s) 'example_trigger_controller_dag' retrieved from /Users/uk/miniforge3/lib/python3.10/site-packages/airflow/example_dags/example_trigger_controller_dag.py
[2025-03-26T22:43:17.806+0530] {logging_mixin.py:190} INFO - [2025-03-26T22:43:17.805+0530] {dag.py:3239} INFO - Sync 1 DAGs
[2025-03-26T22:43:17.813+0530] {logging_mixin.py:190} INFO - [2025-03-26T22:43:17.813+0530] {dag.py:4180} INFO - Setting next_dagrun for example_trigger_controller_dag to 2021-01-01 00:00:00+00:00, run_after=2021-01-01 00:00:00+00:00
[2025-03-26T22:43:17.820+0530] {processor.py:208} INFO - Processing /Users/uk/miniforge3/lib/python3.10/site-packages/airflow/example_dags/example_trigger_controller_dag.py took 0.060 seconds
[2025-03-26T22:44:31.436+0530] {processor.py:186} INFO - Started process (PID=11158) to work on /Users/uk/miniforge3/lib/python3.10/site-packages/airflow/example_dags/example_trigger_controller_dag.py
[2025-03-26T22:44:31.437+0530] {processor.py:914} INFO - Processing file /Users/uk/miniforge3/lib/python3.10/site-packages/airflow/example_dags/example_trigger_controller_dag.py for tasks to queue
[2025-03-26T22:44:31.438+0530] {logging_mixin.py:190} INFO - [2025-03-26T22:44:31.437+0530] {dagbag.py:588} INFO - Filling up the DagBag from /Users/uk/miniforge3/lib/python3.10/site-packages/airflow/example_dags/example_trigger_controller_dag.py
[2025-03-26T22:44:31.441+0530] {processor.py:925} INFO - DAG(s) 'example_trigger_controller_dag' retrieved from /Users/uk/miniforge3/lib/python3.10/site-packages/airflow/example_dags/example_trigger_controller_dag.py
[2025-03-26T22:44:31.478+0530] {logging_mixin.py:190} INFO - [2025-03-26T22:44:31.478+0530] {dag.py:3239} INFO - Sync 1 DAGs
[2025-03-26T22:44:31.485+0530] {logging_mixin.py:190} INFO - [2025-03-26T22:44:31.484+0530] {dag.py:4180} INFO - Setting next_dagrun for example_trigger_controller_dag to 2021-01-01 00:00:00+00:00, run_after=2021-01-01 00:00:00+00:00
[2025-03-26T22:44:31.490+0530] {processor.py:208} INFO - Processing /Users/uk/miniforge3/lib/python3.10/site-packages/airflow/example_dags/example_trigger_controller_dag.py took 0.055 seconds
[2025-03-26T22:45:48.042+0530] {processor.py:186} INFO - Started process (PID=11279) to work on /Users/uk/miniforge3/lib/python3.10/site-packages/airflow/example_dags/example_trigger_controller_dag.py
[2025-03-26T22:45:48.042+0530] {processor.py:914} INFO - Processing file /Users/uk/miniforge3/lib/python3.10/site-packages/airflow/example_dags/example_trigger_controller_dag.py for tasks to queue
[2025-03-26T22:45:48.043+0530] {logging_mixin.py:190} INFO - [2025-03-26T22:45:48.043+0530] {dagbag.py:588} INFO - Filling up the DagBag from /Users/uk/miniforge3/lib/python3.10/site-packages/airflow/example_dags/example_trigger_controller_dag.py
[2025-03-26T22:45:48.047+0530] {processor.py:925} INFO - DAG(s) 'example_trigger_controller_dag' retrieved from /Users/uk/miniforge3/lib/python3.10/site-packages/airflow/example_dags/example_trigger_controller_dag.py
[2025-03-26T22:45:48.083+0530] {logging_mixin.py:190} INFO - [2025-03-26T22:45:48.082+0530] {dag.py:3239} INFO - Sync 1 DAGs
[2025-03-26T22:45:48.089+0530] {logging_mixin.py:190} INFO - [2025-03-26T22:45:48.089+0530] {dag.py:4180} INFO - Setting next_dagrun for example_trigger_controller_dag to 2021-01-01 00:00:00+00:00, run_after=2021-01-01 00:00:00+00:00
[2025-03-26T22:45:48.095+0530] {processor.py:208} INFO - Processing /Users/uk/miniforge3/lib/python3.10/site-packages/airflow/example_dags/example_trigger_controller_dag.py took 0.055 seconds
[2025-03-26T22:47:04.053+0530] {processor.py:186} INFO - Started process (PID=11409) to work on /Users/uk/miniforge3/lib/python3.10/site-packages/airflow/example_dags/example_trigger_controller_dag.py
[2025-03-26T22:47:04.054+0530] {processor.py:914} INFO - Processing file /Users/uk/miniforge3/lib/python3.10/site-packages/airflow/example_dags/example_trigger_controller_dag.py for tasks to queue
[2025-03-26T22:47:04.054+0530] {logging_mixin.py:190} INFO - [2025-03-26T22:47:04.054+0530] {dagbag.py:588} INFO - Filling up the DagBag from /Users/uk/miniforge3/lib/python3.10/site-packages/airflow/example_dags/example_trigger_controller_dag.py
[2025-03-26T22:47:04.058+0530] {processor.py:925} INFO - DAG(s) 'example_trigger_controller_dag' retrieved from /Users/uk/miniforge3/lib/python3.10/site-packages/airflow/example_dags/example_trigger_controller_dag.py
[2025-03-26T22:47:04.097+0530] {logging_mixin.py:190} INFO - [2025-03-26T22:47:04.097+0530] {dag.py:3239} INFO - Sync 1 DAGs
[2025-03-26T22:47:04.104+0530] {logging_mixin.py:190} INFO - [2025-03-26T22:47:04.104+0530] {dag.py:4180} INFO - Setting next_dagrun for example_trigger_controller_dag to 2021-01-01 00:00:00+00:00, run_after=2021-01-01 00:00:00+00:00
[2025-03-26T22:47:04.110+0530] {processor.py:208} INFO - Processing /Users/uk/miniforge3/lib/python3.10/site-packages/airflow/example_dags/example_trigger_controller_dag.py took 0.059 seconds
[2025-03-26T22:48:19.506+0530] {processor.py:186} INFO - Started process (PID=11557) to work on /Users/uk/miniforge3/lib/python3.10/site-packages/airflow/example_dags/example_trigger_controller_dag.py
[2025-03-26T22:48:19.507+0530] {processor.py:914} INFO - Processing file /Users/uk/miniforge3/lib/python3.10/site-packages/airflow/example_dags/example_trigger_controller_dag.py for tasks to queue
[2025-03-26T22:48:19.508+0530] {logging_mixin.py:190} INFO - [2025-03-26T22:48:19.507+0530] {dagbag.py:588} INFO - Filling up the DagBag from /Users/uk/miniforge3/lib/python3.10/site-packages/airflow/example_dags/example_trigger_controller_dag.py
[2025-03-26T22:48:19.512+0530] {processor.py:925} INFO - DAG(s) 'example_trigger_controller_dag' retrieved from /Users/uk/miniforge3/lib/python3.10/site-packages/airflow/example_dags/example_trigger_controller_dag.py
[2025-03-26T22:48:19.550+0530] {logging_mixin.py:190} INFO - [2025-03-26T22:48:19.549+0530] {dag.py:3239} INFO - Sync 1 DAGs
[2025-03-26T22:48:19.558+0530] {logging_mixin.py:190} INFO - [2025-03-26T22:48:19.558+0530] {dag.py:4180} INFO - Setting next_dagrun for example_trigger_controller_dag to 2021-01-01 00:00:00+00:00, run_after=2021-01-01 00:00:00+00:00
[2025-03-26T22:48:19.565+0530] {processor.py:208} INFO - Processing /Users/uk/miniforge3/lib/python3.10/site-packages/airflow/example_dags/example_trigger_controller_dag.py took 0.060 seconds
[2025-03-26T22:49:29.448+0530] {processor.py:186} INFO - Started process (PID=11678) to work on /Users/uk/miniforge3/lib/python3.10/site-packages/airflow/example_dags/example_trigger_controller_dag.py
[2025-03-26T22:49:29.450+0530] {processor.py:914} INFO - Processing file /Users/uk/miniforge3/lib/python3.10/site-packages/airflow/example_dags/example_trigger_controller_dag.py for tasks to queue
[2025-03-26T22:49:29.450+0530] {logging_mixin.py:190} INFO - [2025-03-26T22:49:29.450+0530] {dagbag.py:588} INFO - Filling up the DagBag from /Users/uk/miniforge3/lib/python3.10/site-packages/airflow/example_dags/example_trigger_controller_dag.py
[2025-03-26T22:49:29.454+0530] {processor.py:925} INFO - DAG(s) 'example_trigger_controller_dag' retrieved from /Users/uk/miniforge3/lib/python3.10/site-packages/airflow/example_dags/example_trigger_controller_dag.py
[2025-03-26T22:49:29.490+0530] {logging_mixin.py:190} INFO - [2025-03-26T22:49:29.490+0530] {dag.py:3239} INFO - Sync 1 DAGs
[2025-03-26T22:49:29.497+0530] {logging_mixin.py:190} INFO - [2025-03-26T22:49:29.497+0530] {dag.py:4180} INFO - Setting next_dagrun for example_trigger_controller_dag to 2021-01-01 00:00:00+00:00, run_after=2021-01-01 00:00:00+00:00
[2025-03-26T22:49:29.503+0530] {processor.py:208} INFO - Processing /Users/uk/miniforge3/lib/python3.10/site-packages/airflow/example_dags/example_trigger_controller_dag.py took 0.056 seconds
[2025-03-26T22:50:45.359+0530] {processor.py:186} INFO - Started process (PID=12135) to work on /Users/uk/miniforge3/lib/python3.10/site-packages/airflow/example_dags/example_trigger_controller_dag.py
[2025-03-26T22:50:45.759+0530] {processor.py:914} INFO - Processing file /Users/uk/miniforge3/lib/python3.10/site-packages/airflow/example_dags/example_trigger_controller_dag.py for tasks to queue
[2025-03-26T22:50:45.790+0530] {logging_mixin.py:190} INFO - [2025-03-26T22:50:45.783+0530] {dagbag.py:588} INFO - Filling up the DagBag from /Users/uk/miniforge3/lib/python3.10/site-packages/airflow/example_dags/example_trigger_controller_dag.py
[2025-03-26T22:50:45.820+0530] {processor.py:925} INFO - DAG(s) 'example_trigger_controller_dag' retrieved from /Users/uk/miniforge3/lib/python3.10/site-packages/airflow/example_dags/example_trigger_controller_dag.py
[2025-03-26T22:50:46.814+0530] {logging_mixin.py:190} INFO - [2025-03-26T22:50:46.814+0530] {dag.py:3239} INFO - Sync 1 DAGs
[2025-03-26T22:50:46.833+0530] {logging_mixin.py:190} INFO - [2025-03-26T22:50:46.833+0530] {dag.py:4180} INFO - Setting next_dagrun for example_trigger_controller_dag to 2021-01-01 00:00:00+00:00, run_after=2021-01-01 00:00:00+00:00
[2025-03-26T22:50:46.882+0530] {processor.py:208} INFO - Processing /Users/uk/miniforge3/lib/python3.10/site-packages/airflow/example_dags/example_trigger_controller_dag.py took 1.525 seconds
[2025-03-26T23:10:03.812+0530] {processor.py:186} INFO - Started process (PID=12313) to work on /Users/uk/miniforge3/lib/python3.10/site-packages/airflow/example_dags/example_trigger_controller_dag.py
[2025-03-26T23:10:03.812+0530] {processor.py:914} INFO - Processing file /Users/uk/miniforge3/lib/python3.10/site-packages/airflow/example_dags/example_trigger_controller_dag.py for tasks to queue
[2025-03-26T23:10:03.813+0530] {logging_mixin.py:190} INFO - [2025-03-26T23:10:03.813+0530] {dagbag.py:588} INFO - Filling up the DagBag from /Users/uk/miniforge3/lib/python3.10/site-packages/airflow/example_dags/example_trigger_controller_dag.py
[2025-03-26T23:10:03.817+0530] {processor.py:925} INFO - DAG(s) 'example_trigger_controller_dag' retrieved from /Users/uk/miniforge3/lib/python3.10/site-packages/airflow/example_dags/example_trigger_controller_dag.py
[2025-03-26T23:10:03.856+0530] {logging_mixin.py:190} INFO - [2025-03-26T23:10:03.856+0530] {dag.py:3239} INFO - Sync 1 DAGs
[2025-03-26T23:10:03.864+0530] {logging_mixin.py:190} INFO - [2025-03-26T23:10:03.864+0530] {dag.py:4180} INFO - Setting next_dagrun for example_trigger_controller_dag to 2021-01-01 00:00:00+00:00, run_after=2021-01-01 00:00:00+00:00
[2025-03-26T23:10:03.872+0530] {processor.py:208} INFO - Processing /Users/uk/miniforge3/lib/python3.10/site-packages/airflow/example_dags/example_trigger_controller_dag.py took 0.062 seconds
