[2025-03-26T22:09:31.865+0530] {processor.py:186} INFO - Started process (PID=6688) to work on /Users/uk/miniforge3/lib/python3.10/site-packages/airflow/example_dags/example_branch_operator.py
[2025-03-26T22:09:31.865+0530] {processor.py:914} INFO - Processing file /Users/uk/miniforge3/lib/python3.10/site-packages/airflow/example_dags/example_branch_operator.py for tasks to queue
[2025-03-26T22:09:31.866+0530] {logging_mixin.py:190} INFO - [2025-03-26T22:09:31.866+0530] {dagbag.py:588} INFO - Filling up the DagBag from /Users/uk/miniforge3/lib/python3.10/site-packages/airflow/example_dags/example_branch_operator.py
[2025-03-26T22:09:31.880+0530] {processor.py:925} INFO - DAG(s) 'example_branch_operator' retrieved from /Users/uk/miniforge3/lib/python3.10/site-packages/airflow/example_dags/example_branch_operator.py
[2025-03-26T22:09:31.954+0530] {logging_mixin.py:190} INFO - [2025-03-26T22:09:31.954+0530] {dag.py:3239} INFO - Sync 1 DAGs
[2025-03-26T22:09:31.961+0530] {logging_mixin.py:190} INFO - [2025-03-26T22:09:31.961+0530] {dag.py:4180} INFO - Setting next_dagrun for example_branch_operator to 2025-03-25 00:00:00+00:00, run_after=2025-03-26 00:00:00+00:00
[2025-03-26T22:09:31.969+0530] {processor.py:208} INFO - Processing /Users/uk/miniforge3/lib/python3.10/site-packages/airflow/example_dags/example_branch_operator.py took 0.105 seconds
[2025-03-26T22:14:03.720+0530] {processor.py:186} INFO - Started process (PID=7523) to work on /Users/uk/miniforge3/lib/python3.10/site-packages/airflow/example_dags/example_branch_operator.py
[2025-03-26T22:14:03.721+0530] {processor.py:914} INFO - Processing file /Users/uk/miniforge3/lib/python3.10/site-packages/airflow/example_dags/example_branch_operator.py for tasks to queue
[2025-03-26T22:14:03.721+0530] {logging_mixin.py:190} INFO - [2025-03-26T22:14:03.721+0530] {dagbag.py:588} INFO - Filling up the DagBag from /Users/uk/miniforge3/lib/python3.10/site-packages/airflow/example_dags/example_branch_operator.py
[2025-03-26T22:14:03.735+0530] {processor.py:925} INFO - DAG(s) 'example_branch_operator' retrieved from /Users/uk/miniforge3/lib/python3.10/site-packages/airflow/example_dags/example_branch_operator.py
[2025-03-26T22:14:03.809+0530] {logging_mixin.py:190} INFO - [2025-03-26T22:14:03.809+0530] {dag.py:3239} INFO - Sync 1 DAGs
[2025-03-26T22:14:03.816+0530] {logging_mixin.py:190} INFO - [2025-03-26T22:14:03.816+0530] {dag.py:4180} INFO - Setting next_dagrun for example_branch_operator to 2025-03-25 00:00:00+00:00, run_after=2025-03-26 00:00:00+00:00
[2025-03-26T22:14:03.823+0530] {processor.py:208} INFO - Processing /Users/uk/miniforge3/lib/python3.10/site-packages/airflow/example_dags/example_branch_operator.py took 0.104 seconds
[2025-03-26T22:16:42.618+0530] {processor.py:186} INFO - Started process (PID=7821) to work on /Users/uk/miniforge3/lib/python3.10/site-packages/airflow/example_dags/example_branch_operator.py
[2025-03-26T22:16:42.618+0530] {processor.py:914} INFO - Processing file /Users/uk/miniforge3/lib/python3.10/site-packages/airflow/example_dags/example_branch_operator.py for tasks to queue
[2025-03-26T22:16:42.619+0530] {logging_mixin.py:190} INFO - [2025-03-26T22:16:42.619+0530] {dagbag.py:588} INFO - Filling up the DagBag from /Users/uk/miniforge3/lib/python3.10/site-packages/airflow/example_dags/example_branch_operator.py
[2025-03-26T22:16:42.636+0530] {processor.py:925} INFO - DAG(s) 'example_branch_operator' retrieved from /Users/uk/miniforge3/lib/python3.10/site-packages/airflow/example_dags/example_branch_operator.py
[2025-03-26T22:16:42.719+0530] {logging_mixin.py:190} INFO - [2025-03-26T22:16:42.719+0530] {dag.py:3239} INFO - Sync 1 DAGs
[2025-03-26T22:16:42.726+0530] {logging_mixin.py:190} INFO - [2025-03-26T22:16:42.726+0530] {dag.py:4180} INFO - Setting next_dagrun for example_branch_operator to 2025-03-25 00:00:00+00:00, run_after=2025-03-26 00:00:00+00:00
[2025-03-26T22:16:42.733+0530] {processor.py:208} INFO - Processing /Users/uk/miniforge3/lib/python3.10/site-packages/airflow/example_dags/example_branch_operator.py took 0.117 seconds
[2025-03-26T22:19:17.249+0530] {processor.py:186} INFO - Started process (PID=8098) to work on /Users/uk/miniforge3/lib/python3.10/site-packages/airflow/example_dags/example_branch_operator.py
[2025-03-26T22:19:17.250+0530] {processor.py:914} INFO - Processing file /Users/uk/miniforge3/lib/python3.10/site-packages/airflow/example_dags/example_branch_operator.py for tasks to queue
[2025-03-26T22:19:17.251+0530] {logging_mixin.py:190} INFO - [2025-03-26T22:19:17.251+0530] {dagbag.py:588} INFO - Filling up the DagBag from /Users/uk/miniforge3/lib/python3.10/site-packages/airflow/example_dags/example_branch_operator.py
[2025-03-26T22:19:17.264+0530] {processor.py:925} INFO - DAG(s) 'example_branch_operator' retrieved from /Users/uk/miniforge3/lib/python3.10/site-packages/airflow/example_dags/example_branch_operator.py
[2025-03-26T22:19:17.336+0530] {logging_mixin.py:190} INFO - [2025-03-26T22:19:17.336+0530] {dag.py:3239} INFO - Sync 1 DAGs
[2025-03-26T22:19:17.344+0530] {logging_mixin.py:190} INFO - [2025-03-26T22:19:17.344+0530] {dag.py:4180} INFO - Setting next_dagrun for example_branch_operator to 2025-03-25 00:00:00+00:00, run_after=2025-03-26 00:00:00+00:00
[2025-03-26T22:19:17.352+0530] {processor.py:208} INFO - Processing /Users/uk/miniforge3/lib/python3.10/site-packages/airflow/example_dags/example_branch_operator.py took 0.104 seconds
[2025-03-26T22:21:52.668+0530] {processor.py:186} INFO - Started process (PID=8406) to work on /Users/uk/miniforge3/lib/python3.10/site-packages/airflow/example_dags/example_branch_operator.py
[2025-03-26T22:21:52.668+0530] {processor.py:914} INFO - Processing file /Users/uk/miniforge3/lib/python3.10/site-packages/airflow/example_dags/example_branch_operator.py for tasks to queue
[2025-03-26T22:21:52.669+0530] {logging_mixin.py:190} INFO - [2025-03-26T22:21:52.669+0530] {dagbag.py:588} INFO - Filling up the DagBag from /Users/uk/miniforge3/lib/python3.10/site-packages/airflow/example_dags/example_branch_operator.py
[2025-03-26T22:21:52.682+0530] {processor.py:925} INFO - DAG(s) 'example_branch_operator' retrieved from /Users/uk/miniforge3/lib/python3.10/site-packages/airflow/example_dags/example_branch_operator.py
[2025-03-26T22:21:52.755+0530] {logging_mixin.py:190} INFO - [2025-03-26T22:21:52.755+0530] {dag.py:3239} INFO - Sync 1 DAGs
[2025-03-26T22:21:52.762+0530] {logging_mixin.py:190} INFO - [2025-03-26T22:21:52.762+0530] {dag.py:4180} INFO - Setting next_dagrun for example_branch_operator to 2025-03-25 00:00:00+00:00, run_after=2025-03-26 00:00:00+00:00
[2025-03-26T22:21:52.769+0530] {processor.py:208} INFO - Processing /Users/uk/miniforge3/lib/python3.10/site-packages/airflow/example_dags/example_branch_operator.py took 0.103 seconds
[2025-03-26T22:24:22.652+0530] {processor.py:186} INFO - Started process (PID=8665) to work on /Users/uk/miniforge3/lib/python3.10/site-packages/airflow/example_dags/example_branch_operator.py
[2025-03-26T22:24:22.652+0530] {processor.py:914} INFO - Processing file /Users/uk/miniforge3/lib/python3.10/site-packages/airflow/example_dags/example_branch_operator.py for tasks to queue
[2025-03-26T22:24:22.653+0530] {logging_mixin.py:190} INFO - [2025-03-26T22:24:22.653+0530] {dagbag.py:588} INFO - Filling up the DagBag from /Users/uk/miniforge3/lib/python3.10/site-packages/airflow/example_dags/example_branch_operator.py
[2025-03-26T22:24:22.666+0530] {processor.py:925} INFO - DAG(s) 'example_branch_operator' retrieved from /Users/uk/miniforge3/lib/python3.10/site-packages/airflow/example_dags/example_branch_operator.py
[2025-03-26T22:24:22.743+0530] {logging_mixin.py:190} INFO - [2025-03-26T22:24:22.743+0530] {dag.py:3239} INFO - Sync 1 DAGs
[2025-03-26T22:24:22.750+0530] {logging_mixin.py:190} INFO - [2025-03-26T22:24:22.750+0530] {dag.py:4180} INFO - Setting next_dagrun for example_branch_operator to 2025-03-25 00:00:00+00:00, run_after=2025-03-26 00:00:00+00:00
[2025-03-26T22:24:22.757+0530] {processor.py:208} INFO - Processing /Users/uk/miniforge3/lib/python3.10/site-packages/airflow/example_dags/example_branch_operator.py took 0.106 seconds
[2025-03-26T22:27:04.481+0530] {processor.py:186} INFO - Started process (PID=8956) to work on /Users/uk/miniforge3/lib/python3.10/site-packages/airflow/example_dags/example_branch_operator.py
[2025-03-26T22:27:04.482+0530] {processor.py:914} INFO - Processing file /Users/uk/miniforge3/lib/python3.10/site-packages/airflow/example_dags/example_branch_operator.py for tasks to queue
[2025-03-26T22:27:04.482+0530] {logging_mixin.py:190} INFO - [2025-03-26T22:27:04.482+0530] {dagbag.py:588} INFO - Filling up the DagBag from /Users/uk/miniforge3/lib/python3.10/site-packages/airflow/example_dags/example_branch_operator.py
[2025-03-26T22:27:04.495+0530] {processor.py:925} INFO - DAG(s) 'example_branch_operator' retrieved from /Users/uk/miniforge3/lib/python3.10/site-packages/airflow/example_dags/example_branch_operator.py
[2025-03-26T22:27:04.568+0530] {logging_mixin.py:190} INFO - [2025-03-26T22:27:04.568+0530] {dag.py:3239} INFO - Sync 1 DAGs
[2025-03-26T22:27:04.575+0530] {logging_mixin.py:190} INFO - [2025-03-26T22:27:04.575+0530] {dag.py:4180} INFO - Setting next_dagrun for example_branch_operator to 2025-03-25 00:00:00+00:00, run_after=2025-03-26 00:00:00+00:00
[2025-03-26T22:27:04.582+0530] {processor.py:208} INFO - Processing /Users/uk/miniforge3/lib/python3.10/site-packages/airflow/example_dags/example_branch_operator.py took 0.102 seconds
[2025-03-26T22:29:45.064+0530] {processor.py:186} INFO - Started process (PID=9214) to work on /Users/uk/miniforge3/lib/python3.10/site-packages/airflow/example_dags/example_branch_operator.py
[2025-03-26T22:29:45.065+0530] {processor.py:914} INFO - Processing file /Users/uk/miniforge3/lib/python3.10/site-packages/airflow/example_dags/example_branch_operator.py for tasks to queue
[2025-03-26T22:29:45.065+0530] {logging_mixin.py:190} INFO - [2025-03-26T22:29:45.065+0530] {dagbag.py:588} INFO - Filling up the DagBag from /Users/uk/miniforge3/lib/python3.10/site-packages/airflow/example_dags/example_branch_operator.py
[2025-03-26T22:29:45.078+0530] {processor.py:925} INFO - DAG(s) 'example_branch_operator' retrieved from /Users/uk/miniforge3/lib/python3.10/site-packages/airflow/example_dags/example_branch_operator.py
[2025-03-26T22:29:45.152+0530] {logging_mixin.py:190} INFO - [2025-03-26T22:29:45.152+0530] {dag.py:3239} INFO - Sync 1 DAGs
[2025-03-26T22:29:45.159+0530] {logging_mixin.py:190} INFO - [2025-03-26T22:29:45.159+0530] {dag.py:4180} INFO - Setting next_dagrun for example_branch_operator to 2025-03-25 00:00:00+00:00, run_after=2025-03-26 00:00:00+00:00
[2025-03-26T22:29:45.166+0530] {processor.py:208} INFO - Processing /Users/uk/miniforge3/lib/python3.10/site-packages/airflow/example_dags/example_branch_operator.py took 0.103 seconds
[2025-03-26T22:32:08.388+0530] {processor.py:186} INFO - Started process (PID=9480) to work on /Users/uk/miniforge3/lib/python3.10/site-packages/airflow/example_dags/example_branch_operator.py
[2025-03-26T22:32:08.389+0530] {processor.py:914} INFO - Processing file /Users/uk/miniforge3/lib/python3.10/site-packages/airflow/example_dags/example_branch_operator.py for tasks to queue
[2025-03-26T22:32:08.389+0530] {logging_mixin.py:190} INFO - [2025-03-26T22:32:08.389+0530] {dagbag.py:588} INFO - Filling up the DagBag from /Users/uk/miniforge3/lib/python3.10/site-packages/airflow/example_dags/example_branch_operator.py
[2025-03-26T22:32:08.405+0530] {processor.py:925} INFO - DAG(s) 'example_branch_operator' retrieved from /Users/uk/miniforge3/lib/python3.10/site-packages/airflow/example_dags/example_branch_operator.py
[2025-03-26T22:32:08.479+0530] {logging_mixin.py:190} INFO - [2025-03-26T22:32:08.478+0530] {dag.py:3239} INFO - Sync 1 DAGs
[2025-03-26T22:32:08.485+0530] {logging_mixin.py:190} INFO - [2025-03-26T22:32:08.485+0530] {dag.py:4180} INFO - Setting next_dagrun for example_branch_operator to 2025-03-25 00:00:00+00:00, run_after=2025-03-26 00:00:00+00:00
[2025-03-26T22:32:08.492+0530] {processor.py:208} INFO - Processing /Users/uk/miniforge3/lib/python3.10/site-packages/airflow/example_dags/example_branch_operator.py took 0.105 seconds
[2025-03-26T22:34:34.697+0530] {processor.py:186} INFO - Started process (PID=9731) to work on /Users/uk/miniforge3/lib/python3.10/site-packages/airflow/example_dags/example_branch_operator.py
[2025-03-26T22:34:34.699+0530] {processor.py:914} INFO - Processing file /Users/uk/miniforge3/lib/python3.10/site-packages/airflow/example_dags/example_branch_operator.py for tasks to queue
[2025-03-26T22:34:34.699+0530] {logging_mixin.py:190} INFO - [2025-03-26T22:34:34.699+0530] {dagbag.py:588} INFO - Filling up the DagBag from /Users/uk/miniforge3/lib/python3.10/site-packages/airflow/example_dags/example_branch_operator.py
[2025-03-26T22:34:34.713+0530] {processor.py:925} INFO - DAG(s) 'example_branch_operator' retrieved from /Users/uk/miniforge3/lib/python3.10/site-packages/airflow/example_dags/example_branch_operator.py
[2025-03-26T22:34:34.795+0530] {logging_mixin.py:190} INFO - [2025-03-26T22:34:34.795+0530] {dag.py:3239} INFO - Sync 1 DAGs
[2025-03-26T22:34:34.802+0530] {logging_mixin.py:190} INFO - [2025-03-26T22:34:34.802+0530] {dag.py:4180} INFO - Setting next_dagrun for example_branch_operator to 2025-03-25 00:00:00+00:00, run_after=2025-03-26 00:00:00+00:00
[2025-03-26T22:34:34.809+0530] {processor.py:208} INFO - Processing /Users/uk/miniforge3/lib/python3.10/site-packages/airflow/example_dags/example_branch_operator.py took 0.115 seconds
[2025-03-26T22:37:22.583+0530] {processor.py:186} INFO - Started process (PID=10090) to work on /Users/uk/miniforge3/lib/python3.10/site-packages/airflow/example_dags/example_branch_operator.py
[2025-03-26T22:37:22.584+0530] {processor.py:914} INFO - Processing file /Users/uk/miniforge3/lib/python3.10/site-packages/airflow/example_dags/example_branch_operator.py for tasks to queue
[2025-03-26T22:37:22.584+0530] {logging_mixin.py:190} INFO - [2025-03-26T22:37:22.584+0530] {dagbag.py:588} INFO - Filling up the DagBag from /Users/uk/miniforge3/lib/python3.10/site-packages/airflow/example_dags/example_branch_operator.py
[2025-03-26T22:37:22.597+0530] {processor.py:925} INFO - DAG(s) 'example_branch_operator' retrieved from /Users/uk/miniforge3/lib/python3.10/site-packages/airflow/example_dags/example_branch_operator.py
[2025-03-26T22:37:22.673+0530] {logging_mixin.py:190} INFO - [2025-03-26T22:37:22.672+0530] {dag.py:3239} INFO - Sync 1 DAGs
[2025-03-26T22:37:22.680+0530] {logging_mixin.py:190} INFO - [2025-03-26T22:37:22.679+0530] {dag.py:4180} INFO - Setting next_dagrun for example_branch_operator to 2025-03-25 00:00:00+00:00, run_after=2025-03-26 00:00:00+00:00
[2025-03-26T22:37:22.686+0530] {processor.py:208} INFO - Processing /Users/uk/miniforge3/lib/python3.10/site-packages/airflow/example_dags/example_branch_operator.py took 0.104 seconds
[2025-03-26T22:39:53.798+0530] {processor.py:186} INFO - Started process (PID=10611) to work on /Users/uk/miniforge3/lib/python3.10/site-packages/airflow/example_dags/example_branch_operator.py
[2025-03-26T22:39:53.799+0530] {processor.py:914} INFO - Processing file /Users/uk/miniforge3/lib/python3.10/site-packages/airflow/example_dags/example_branch_operator.py for tasks to queue
[2025-03-26T22:39:53.799+0530] {logging_mixin.py:190} INFO - [2025-03-26T22:39:53.799+0530] {dagbag.py:588} INFO - Filling up the DagBag from /Users/uk/miniforge3/lib/python3.10/site-packages/airflow/example_dags/example_branch_operator.py
[2025-03-26T22:39:53.812+0530] {processor.py:925} INFO - DAG(s) 'example_branch_operator' retrieved from /Users/uk/miniforge3/lib/python3.10/site-packages/airflow/example_dags/example_branch_operator.py
[2025-03-26T22:39:53.884+0530] {logging_mixin.py:190} INFO - [2025-03-26T22:39:53.884+0530] {dag.py:3239} INFO - Sync 1 DAGs
[2025-03-26T22:39:53.891+0530] {logging_mixin.py:190} INFO - [2025-03-26T22:39:53.891+0530] {dag.py:4180} INFO - Setting next_dagrun for example_branch_operator to 2025-03-25 00:00:00+00:00, run_after=2025-03-26 00:00:00+00:00
[2025-03-26T22:39:53.898+0530] {processor.py:208} INFO - Processing /Users/uk/miniforge3/lib/python3.10/site-packages/airflow/example_dags/example_branch_operator.py took 0.101 seconds
[2025-03-26T22:42:32.877+0530] {processor.py:186} INFO - Started process (PID=10973) to work on /Users/uk/miniforge3/lib/python3.10/site-packages/airflow/example_dags/example_branch_operator.py
[2025-03-26T22:42:32.878+0530] {processor.py:914} INFO - Processing file /Users/uk/miniforge3/lib/python3.10/site-packages/airflow/example_dags/example_branch_operator.py for tasks to queue
[2025-03-26T22:42:32.878+0530] {logging_mixin.py:190} INFO - [2025-03-26T22:42:32.878+0530] {dagbag.py:588} INFO - Filling up the DagBag from /Users/uk/miniforge3/lib/python3.10/site-packages/airflow/example_dags/example_branch_operator.py
[2025-03-26T22:42:32.892+0530] {processor.py:925} INFO - DAG(s) 'example_branch_operator' retrieved from /Users/uk/miniforge3/lib/python3.10/site-packages/airflow/example_dags/example_branch_operator.py
[2025-03-26T22:42:32.973+0530] {logging_mixin.py:190} INFO - [2025-03-26T22:42:32.973+0530] {dag.py:3239} INFO - Sync 1 DAGs
[2025-03-26T22:42:32.981+0530] {logging_mixin.py:190} INFO - [2025-03-26T22:42:32.981+0530] {dag.py:4180} INFO - Setting next_dagrun for example_branch_operator to 2025-03-25 00:00:00+00:00, run_after=2025-03-26 00:00:00+00:00
[2025-03-26T22:42:32.988+0530] {processor.py:208} INFO - Processing /Users/uk/miniforge3/lib/python3.10/site-packages/airflow/example_dags/example_branch_operator.py took 0.112 seconds
[2025-03-26T22:45:07.932+0530] {processor.py:186} INFO - Started process (PID=11219) to work on /Users/uk/miniforge3/lib/python3.10/site-packages/airflow/example_dags/example_branch_operator.py
[2025-03-26T22:45:07.933+0530] {processor.py:914} INFO - Processing file /Users/uk/miniforge3/lib/python3.10/site-packages/airflow/example_dags/example_branch_operator.py for tasks to queue
[2025-03-26T22:45:07.933+0530] {logging_mixin.py:190} INFO - [2025-03-26T22:45:07.933+0530] {dagbag.py:588} INFO - Filling up the DagBag from /Users/uk/miniforge3/lib/python3.10/site-packages/airflow/example_dags/example_branch_operator.py
[2025-03-26T22:45:07.946+0530] {processor.py:925} INFO - DAG(s) 'example_branch_operator' retrieved from /Users/uk/miniforge3/lib/python3.10/site-packages/airflow/example_dags/example_branch_operator.py
[2025-03-26T22:45:08.019+0530] {logging_mixin.py:190} INFO - [2025-03-26T22:45:08.019+0530] {dag.py:3239} INFO - Sync 1 DAGs
[2025-03-26T22:45:08.026+0530] {logging_mixin.py:190} INFO - [2025-03-26T22:45:08.026+0530] {dag.py:4180} INFO - Setting next_dagrun for example_branch_operator to 2025-03-25 00:00:00+00:00, run_after=2025-03-26 00:00:00+00:00
[2025-03-26T22:45:08.033+0530] {processor.py:208} INFO - Processing /Users/uk/miniforge3/lib/python3.10/site-packages/airflow/example_dags/example_branch_operator.py took 0.102 seconds
[2025-03-26T22:47:38.779+0530] {processor.py:186} INFO - Started process (PID=11473) to work on /Users/uk/miniforge3/lib/python3.10/site-packages/airflow/example_dags/example_branch_operator.py
[2025-03-26T22:47:38.781+0530] {processor.py:914} INFO - Processing file /Users/uk/miniforge3/lib/python3.10/site-packages/airflow/example_dags/example_branch_operator.py for tasks to queue
[2025-03-26T22:47:38.781+0530] {logging_mixin.py:190} INFO - [2025-03-26T22:47:38.781+0530] {dagbag.py:588} INFO - Filling up the DagBag from /Users/uk/miniforge3/lib/python3.10/site-packages/airflow/example_dags/example_branch_operator.py
[2025-03-26T22:47:38.796+0530] {processor.py:925} INFO - DAG(s) 'example_branch_operator' retrieved from /Users/uk/miniforge3/lib/python3.10/site-packages/airflow/example_dags/example_branch_operator.py
[2025-03-26T22:47:38.876+0530] {logging_mixin.py:190} INFO - [2025-03-26T22:47:38.875+0530] {dag.py:3239} INFO - Sync 1 DAGs
[2025-03-26T22:47:38.883+0530] {logging_mixin.py:190} INFO - [2025-03-26T22:47:38.883+0530] {dag.py:4180} INFO - Setting next_dagrun for example_branch_operator to 2025-03-25 00:00:00+00:00, run_after=2025-03-26 00:00:00+00:00
[2025-03-26T22:47:38.892+0530] {processor.py:208} INFO - Processing /Users/uk/miniforge3/lib/python3.10/site-packages/airflow/example_dags/example_branch_operator.py took 0.114 seconds
[2025-03-26T22:50:06.081+0530] {processor.py:186} INFO - Started process (PID=12070) to work on /Users/uk/miniforge3/lib/python3.10/site-packages/airflow/example_dags/example_branch_operator.py
[2025-03-26T22:50:06.082+0530] {processor.py:914} INFO - Processing file /Users/uk/miniforge3/lib/python3.10/site-packages/airflow/example_dags/example_branch_operator.py for tasks to queue
[2025-03-26T22:50:06.082+0530] {logging_mixin.py:190} INFO - [2025-03-26T22:50:06.082+0530] {dagbag.py:588} INFO - Filling up the DagBag from /Users/uk/miniforge3/lib/python3.10/site-packages/airflow/example_dags/example_branch_operator.py
[2025-03-26T22:50:06.095+0530] {processor.py:925} INFO - DAG(s) 'example_branch_operator' retrieved from /Users/uk/miniforge3/lib/python3.10/site-packages/airflow/example_dags/example_branch_operator.py
[2025-03-26T22:50:06.169+0530] {logging_mixin.py:190} INFO - [2025-03-26T22:50:06.169+0530] {dag.py:3239} INFO - Sync 1 DAGs
[2025-03-26T22:50:06.176+0530] {logging_mixin.py:190} INFO - [2025-03-26T22:50:06.176+0530] {dag.py:4180} INFO - Setting next_dagrun for example_branch_operator to 2025-03-25 00:00:00+00:00, run_after=2025-03-26 00:00:00+00:00
[2025-03-26T22:50:06.183+0530] {processor.py:208} INFO - Processing /Users/uk/miniforge3/lib/python3.10/site-packages/airflow/example_dags/example_branch_operator.py took 0.102 seconds
