[2025-03-26T22:08:23.595+0530] {processor.py:186} INFO - Started process (PID=6233) to work on /Users/uk/miniforge3/lib/python3.10/site-packages/airflow/example_dags/example_workday_timetable.py
[2025-03-26T22:08:23.595+0530] {processor.py:914} INFO - Processing file /Users/uk/miniforge3/lib/python3.10/site-packages/airflow/example_dags/example_workday_timetable.py for tasks to queue
[2025-03-26T22:08:23.595+0530] {logging_mixin.py:190} INFO - [2025-03-26T22:08:23.595+0530] {dagbag.py:588} INFO - Filling up the DagBag from /Users/uk/miniforge3/lib/python3.10/site-packages/airflow/example_dags/example_workday_timetable.py
[2025-03-26T22:08:23.792+0530] {processor.py:925} INFO - DAG(s) 'example_workday_timetable' retrieved from /Users/uk/miniforge3/lib/python3.10/site-packages/airflow/example_dags/example_workday_timetable.py
[2025-03-26T22:08:23.840+0530] {logging_mixin.py:190} INFO - [2025-03-26T22:08:23.840+0530] {dag.py:3239} INFO - Sync 1 DAGs
[2025-03-26T22:08:23.866+0530] {logging_mixin.py:190} INFO - [2025-03-26T22:08:23.866+0530] {dag.py:4180} INFO - Setting next_dagrun for example_workday_timetable to 2021-01-04 00:00:00+00:00, run_after=2021-01-05 00:00:00+00:00
[2025-03-26T22:08:23.872+0530] {processor.py:208} INFO - Processing /Users/uk/miniforge3/lib/python3.10/site-packages/airflow/example_dags/example_workday_timetable.py took 0.279 seconds
[2025-03-26T22:10:08.477+0530] {processor.py:186} INFO - Started process (PID=6765) to work on /Users/uk/miniforge3/lib/python3.10/site-packages/airflow/example_dags/example_workday_timetable.py
[2025-03-26T22:10:08.477+0530] {processor.py:914} INFO - Processing file /Users/uk/miniforge3/lib/python3.10/site-packages/airflow/example_dags/example_workday_timetable.py for tasks to queue
[2025-03-26T22:10:08.478+0530] {logging_mixin.py:190} INFO - [2025-03-26T22:10:08.478+0530] {dagbag.py:588} INFO - Filling up the DagBag from /Users/uk/miniforge3/lib/python3.10/site-packages/airflow/example_dags/example_workday_timetable.py
[2025-03-26T22:10:08.670+0530] {processor.py:925} INFO - DAG(s) 'example_workday_timetable' retrieved from /Users/uk/miniforge3/lib/python3.10/site-packages/airflow/example_dags/example_workday_timetable.py
[2025-03-26T22:10:08.717+0530] {logging_mixin.py:190} INFO - [2025-03-26T22:10:08.717+0530] {dag.py:3239} INFO - Sync 1 DAGs
[2025-03-26T22:10:08.742+0530] {logging_mixin.py:190} INFO - [2025-03-26T22:10:08.742+0530] {dag.py:4180} INFO - Setting next_dagrun for example_workday_timetable to 2021-01-04 00:00:00+00:00, run_after=2021-01-05 00:00:00+00:00
[2025-03-26T22:10:08.749+0530] {processor.py:208} INFO - Processing /Users/uk/miniforge3/lib/python3.10/site-packages/airflow/example_dags/example_workday_timetable.py took 0.273 seconds
[2025-03-26T22:11:23.483+0530] {processor.py:186} INFO - Started process (PID=6887) to work on /Users/uk/miniforge3/lib/python3.10/site-packages/airflow/example_dags/example_workday_timetable.py
[2025-03-26T22:11:23.483+0530] {processor.py:914} INFO - Processing file /Users/uk/miniforge3/lib/python3.10/site-packages/airflow/example_dags/example_workday_timetable.py for tasks to queue
[2025-03-26T22:11:23.484+0530] {logging_mixin.py:190} INFO - [2025-03-26T22:11:23.484+0530] {dagbag.py:588} INFO - Filling up the DagBag from /Users/uk/miniforge3/lib/python3.10/site-packages/airflow/example_dags/example_workday_timetable.py
[2025-03-26T22:11:23.732+0530] {processor.py:925} INFO - DAG(s) 'example_workday_timetable' retrieved from /Users/uk/miniforge3/lib/python3.10/site-packages/airflow/example_dags/example_workday_timetable.py
[2025-03-26T22:11:23.780+0530] {logging_mixin.py:190} INFO - [2025-03-26T22:11:23.780+0530] {dag.py:3239} INFO - Sync 1 DAGs
[2025-03-26T22:11:23.799+0530] {logging_mixin.py:190} INFO - [2025-03-26T22:11:23.799+0530] {dag.py:4180} INFO - Setting next_dagrun for example_workday_timetable to 2021-01-04 00:00:00+00:00, run_after=2021-01-05 00:00:00+00:00
[2025-03-26T22:11:23.806+0530] {processor.py:208} INFO - Processing /Users/uk/miniforge3/lib/python3.10/site-packages/airflow/example_dags/example_workday_timetable.py took 0.325 seconds
[2025-03-26T22:12:50.574+0530] {processor.py:186} INFO - Started process (PID=7055) to work on /Users/uk/miniforge3/lib/python3.10/site-packages/airflow/example_dags/example_workday_timetable.py
[2025-03-26T22:12:50.575+0530] {processor.py:914} INFO - Processing file /Users/uk/miniforge3/lib/python3.10/site-packages/airflow/example_dags/example_workday_timetable.py for tasks to queue
[2025-03-26T22:12:50.575+0530] {logging_mixin.py:190} INFO - [2025-03-26T22:12:50.575+0530] {dagbag.py:588} INFO - Filling up the DagBag from /Users/uk/miniforge3/lib/python3.10/site-packages/airflow/example_dags/example_workday_timetable.py
[2025-03-26T22:12:50.767+0530] {processor.py:925} INFO - DAG(s) 'example_workday_timetable' retrieved from /Users/uk/miniforge3/lib/python3.10/site-packages/airflow/example_dags/example_workday_timetable.py
[2025-03-26T22:12:50.814+0530] {logging_mixin.py:190} INFO - [2025-03-26T22:12:50.814+0530] {dag.py:3239} INFO - Sync 1 DAGs
[2025-03-26T22:12:50.841+0530] {logging_mixin.py:190} INFO - [2025-03-26T22:12:50.841+0530] {dag.py:4180} INFO - Setting next_dagrun for example_workday_timetable to 2021-01-04 00:00:00+00:00, run_after=2021-01-05 00:00:00+00:00
[2025-03-26T22:12:50.847+0530] {processor.py:208} INFO - Processing /Users/uk/miniforge3/lib/python3.10/site-packages/airflow/example_dags/example_workday_timetable.py took 0.274 seconds
[2025-03-26T22:14:41.138+0530] {processor.py:186} INFO - Started process (PID=7579) to work on /Users/uk/miniforge3/lib/python3.10/site-packages/airflow/example_dags/example_workday_timetable.py
[2025-03-26T22:14:41.138+0530] {processor.py:914} INFO - Processing file /Users/uk/miniforge3/lib/python3.10/site-packages/airflow/example_dags/example_workday_timetable.py for tasks to queue
[2025-03-26T22:14:41.139+0530] {logging_mixin.py:190} INFO - [2025-03-26T22:14:41.139+0530] {dagbag.py:588} INFO - Filling up the DagBag from /Users/uk/miniforge3/lib/python3.10/site-packages/airflow/example_dags/example_workday_timetable.py
[2025-03-26T22:14:41.393+0530] {processor.py:925} INFO - DAG(s) 'example_workday_timetable' retrieved from /Users/uk/miniforge3/lib/python3.10/site-packages/airflow/example_dags/example_workday_timetable.py
[2025-03-26T22:14:41.442+0530] {logging_mixin.py:190} INFO - [2025-03-26T22:14:41.441+0530] {dag.py:3239} INFO - Sync 1 DAGs
[2025-03-26T22:14:41.468+0530] {logging_mixin.py:190} INFO - [2025-03-26T22:14:41.468+0530] {dag.py:4180} INFO - Setting next_dagrun for example_workday_timetable to 2021-01-04 00:00:00+00:00, run_after=2021-01-05 00:00:00+00:00
[2025-03-26T22:14:41.475+0530] {processor.py:208} INFO - Processing /Users/uk/miniforge3/lib/python3.10/site-packages/airflow/example_dags/example_workday_timetable.py took 0.338 seconds
[2025-03-26T22:15:59.995+0530] {processor.py:186} INFO - Started process (PID=7746) to work on /Users/uk/miniforge3/lib/python3.10/site-packages/airflow/example_dags/example_workday_timetable.py
[2025-03-26T22:15:59.996+0530] {processor.py:914} INFO - Processing file /Users/uk/miniforge3/lib/python3.10/site-packages/airflow/example_dags/example_workday_timetable.py for tasks to queue
[2025-03-26T22:15:59.997+0530] {logging_mixin.py:190} INFO - [2025-03-26T22:15:59.997+0530] {dagbag.py:588} INFO - Filling up the DagBag from /Users/uk/miniforge3/lib/python3.10/site-packages/airflow/example_dags/example_workday_timetable.py
[2025-03-26T22:16:00.298+0530] {processor.py:925} INFO - DAG(s) 'example_workday_timetable' retrieved from /Users/uk/miniforge3/lib/python3.10/site-packages/airflow/example_dags/example_workday_timetable.py
[2025-03-26T22:16:00.346+0530] {logging_mixin.py:190} INFO - [2025-03-26T22:16:00.346+0530] {dag.py:3239} INFO - Sync 1 DAGs
[2025-03-26T22:16:00.365+0530] {logging_mixin.py:190} INFO - [2025-03-26T22:16:00.365+0530] {dag.py:4180} INFO - Setting next_dagrun for example_workday_timetable to 2021-01-04 00:00:00+00:00, run_after=2021-01-05 00:00:00+00:00
[2025-03-26T22:16:00.371+0530] {processor.py:208} INFO - Processing /Users/uk/miniforge3/lib/python3.10/site-packages/airflow/example_dags/example_workday_timetable.py took 0.379 seconds
[2025-03-26T22:17:21.432+0530] {processor.py:186} INFO - Started process (PID=7898) to work on /Users/uk/miniforge3/lib/python3.10/site-packages/airflow/example_dags/example_workday_timetable.py
[2025-03-26T22:17:21.433+0530] {processor.py:914} INFO - Processing file /Users/uk/miniforge3/lib/python3.10/site-packages/airflow/example_dags/example_workday_timetable.py for tasks to queue
[2025-03-26T22:17:21.433+0530] {logging_mixin.py:190} INFO - [2025-03-26T22:17:21.433+0530] {dagbag.py:588} INFO - Filling up the DagBag from /Users/uk/miniforge3/lib/python3.10/site-packages/airflow/example_dags/example_workday_timetable.py
[2025-03-26T22:17:21.692+0530] {processor.py:925} INFO - DAG(s) 'example_workday_timetable' retrieved from /Users/uk/miniforge3/lib/python3.10/site-packages/airflow/example_dags/example_workday_timetable.py
[2025-03-26T22:17:21.739+0530] {logging_mixin.py:190} INFO - [2025-03-26T22:17:21.739+0530] {dag.py:3239} INFO - Sync 1 DAGs
[2025-03-26T22:17:21.765+0530] {logging_mixin.py:190} INFO - [2025-03-26T22:17:21.765+0530] {dag.py:4180} INFO - Setting next_dagrun for example_workday_timetable to 2021-01-04 00:00:00+00:00, run_after=2021-01-05 00:00:00+00:00
[2025-03-26T22:17:21.771+0530] {processor.py:208} INFO - Processing /Users/uk/miniforge3/lib/python3.10/site-packages/airflow/example_dags/example_workday_timetable.py took 0.340 seconds
[2025-03-26T22:18:37.574+0530] {processor.py:186} INFO - Started process (PID=8034) to work on /Users/uk/miniforge3/lib/python3.10/site-packages/airflow/example_dags/example_workday_timetable.py
[2025-03-26T22:18:37.575+0530] {processor.py:914} INFO - Processing file /Users/uk/miniforge3/lib/python3.10/site-packages/airflow/example_dags/example_workday_timetable.py for tasks to queue
[2025-03-26T22:18:37.575+0530] {logging_mixin.py:190} INFO - [2025-03-26T22:18:37.575+0530] {dagbag.py:588} INFO - Filling up the DagBag from /Users/uk/miniforge3/lib/python3.10/site-packages/airflow/example_dags/example_workday_timetable.py
[2025-03-26T22:18:37.829+0530] {processor.py:925} INFO - DAG(s) 'example_workday_timetable' retrieved from /Users/uk/miniforge3/lib/python3.10/site-packages/airflow/example_dags/example_workday_timetable.py
[2025-03-26T22:18:37.876+0530] {logging_mixin.py:190} INFO - [2025-03-26T22:18:37.876+0530] {dag.py:3239} INFO - Sync 1 DAGs
[2025-03-26T22:18:37.896+0530] {logging_mixin.py:190} INFO - [2025-03-26T22:18:37.896+0530] {dag.py:4180} INFO - Setting next_dagrun for example_workday_timetable to 2021-01-04 00:00:00+00:00, run_after=2021-01-05 00:00:00+00:00
[2025-03-26T22:18:37.902+0530] {processor.py:208} INFO - Processing /Users/uk/miniforge3/lib/python3.10/site-packages/airflow/example_dags/example_workday_timetable.py took 0.329 seconds
[2025-03-26T22:19:53.436+0530] {processor.py:186} INFO - Started process (PID=8159) to work on /Users/uk/miniforge3/lib/python3.10/site-packages/airflow/example_dags/example_workday_timetable.py
[2025-03-26T22:19:53.438+0530] {processor.py:914} INFO - Processing file /Users/uk/miniforge3/lib/python3.10/site-packages/airflow/example_dags/example_workday_timetable.py for tasks to queue
[2025-03-26T22:19:53.438+0530] {logging_mixin.py:190} INFO - [2025-03-26T22:19:53.438+0530] {dagbag.py:588} INFO - Filling up the DagBag from /Users/uk/miniforge3/lib/python3.10/site-packages/airflow/example_dags/example_workday_timetable.py
[2025-03-26T22:19:53.696+0530] {processor.py:925} INFO - DAG(s) 'example_workday_timetable' retrieved from /Users/uk/miniforge3/lib/python3.10/site-packages/airflow/example_dags/example_workday_timetable.py
[2025-03-26T22:19:53.745+0530] {logging_mixin.py:190} INFO - [2025-03-26T22:19:53.745+0530] {dag.py:3239} INFO - Sync 1 DAGs
[2025-03-26T22:19:53.764+0530] {logging_mixin.py:190} INFO - [2025-03-26T22:19:53.764+0530] {dag.py:4180} INFO - Setting next_dagrun for example_workday_timetable to 2021-01-04 00:00:00+00:00, run_after=2021-01-05 00:00:00+00:00
[2025-03-26T22:19:53.771+0530] {processor.py:208} INFO - Processing /Users/uk/miniforge3/lib/python3.10/site-packages/airflow/example_dags/example_workday_timetable.py took 0.336 seconds
[2025-03-26T22:21:11.918+0530] {processor.py:186} INFO - Started process (PID=8322) to work on /Users/uk/miniforge3/lib/python3.10/site-packages/airflow/example_dags/example_workday_timetable.py
[2025-03-26T22:21:11.919+0530] {processor.py:914} INFO - Processing file /Users/uk/miniforge3/lib/python3.10/site-packages/airflow/example_dags/example_workday_timetable.py for tasks to queue
[2025-03-26T22:21:11.919+0530] {logging_mixin.py:190} INFO - [2025-03-26T22:21:11.919+0530] {dagbag.py:588} INFO - Filling up the DagBag from /Users/uk/miniforge3/lib/python3.10/site-packages/airflow/example_dags/example_workday_timetable.py
[2025-03-26T22:21:12.169+0530] {processor.py:925} INFO - DAG(s) 'example_workday_timetable' retrieved from /Users/uk/miniforge3/lib/python3.10/site-packages/airflow/example_dags/example_workday_timetable.py
[2025-03-26T22:21:12.216+0530] {logging_mixin.py:190} INFO - [2025-03-26T22:21:12.216+0530] {dag.py:3239} INFO - Sync 1 DAGs
[2025-03-26T22:21:12.242+0530] {logging_mixin.py:190} INFO - [2025-03-26T22:21:12.242+0530] {dag.py:4180} INFO - Setting next_dagrun for example_workday_timetable to 2021-01-04 00:00:00+00:00, run_after=2021-01-05 00:00:00+00:00
[2025-03-26T22:21:12.249+0530] {processor.py:208} INFO - Processing /Users/uk/miniforge3/lib/python3.10/site-packages/airflow/example_dags/example_workday_timetable.py took 0.332 seconds
[2025-03-26T22:22:29.220+0530] {processor.py:186} INFO - Started process (PID=8473) to work on /Users/uk/miniforge3/lib/python3.10/site-packages/airflow/example_dags/example_workday_timetable.py
[2025-03-26T22:22:29.222+0530] {processor.py:914} INFO - Processing file /Users/uk/miniforge3/lib/python3.10/site-packages/airflow/example_dags/example_workday_timetable.py for tasks to queue
[2025-03-26T22:22:29.222+0530] {logging_mixin.py:190} INFO - [2025-03-26T22:22:29.222+0530] {dagbag.py:588} INFO - Filling up the DagBag from /Users/uk/miniforge3/lib/python3.10/site-packages/airflow/example_dags/example_workday_timetable.py
[2025-03-26T22:22:29.474+0530] {processor.py:925} INFO - DAG(s) 'example_workday_timetable' retrieved from /Users/uk/miniforge3/lib/python3.10/site-packages/airflow/example_dags/example_workday_timetable.py
[2025-03-26T22:22:29.522+0530] {logging_mixin.py:190} INFO - [2025-03-26T22:22:29.522+0530] {dag.py:3239} INFO - Sync 1 DAGs
[2025-03-26T22:22:29.542+0530] {logging_mixin.py:190} INFO - [2025-03-26T22:22:29.542+0530] {dag.py:4180} INFO - Setting next_dagrun for example_workday_timetable to 2021-01-04 00:00:00+00:00, run_after=2021-01-05 00:00:00+00:00
[2025-03-26T22:22:29.549+0530] {processor.py:208} INFO - Processing /Users/uk/miniforge3/lib/python3.10/site-packages/airflow/example_dags/example_workday_timetable.py took 0.330 seconds
[2025-03-26T22:23:41.891+0530] {processor.py:186} INFO - Started process (PID=8605) to work on /Users/uk/miniforge3/lib/python3.10/site-packages/airflow/example_dags/example_workday_timetable.py
[2025-03-26T22:23:41.891+0530] {processor.py:914} INFO - Processing file /Users/uk/miniforge3/lib/python3.10/site-packages/airflow/example_dags/example_workday_timetable.py for tasks to queue
[2025-03-26T22:23:41.892+0530] {logging_mixin.py:190} INFO - [2025-03-26T22:23:41.891+0530] {dagbag.py:588} INFO - Filling up the DagBag from /Users/uk/miniforge3/lib/python3.10/site-packages/airflow/example_dags/example_workday_timetable.py
[2025-03-26T22:23:42.135+0530] {processor.py:925} INFO - DAG(s) 'example_workday_timetable' retrieved from /Users/uk/miniforge3/lib/python3.10/site-packages/airflow/example_dags/example_workday_timetable.py
[2025-03-26T22:23:42.191+0530] {logging_mixin.py:190} INFO - [2025-03-26T22:23:42.190+0530] {dag.py:3239} INFO - Sync 1 DAGs
[2025-03-26T22:23:42.210+0530] {logging_mixin.py:190} INFO - [2025-03-26T22:23:42.210+0530] {dag.py:4180} INFO - Setting next_dagrun for example_workday_timetable to 2021-01-04 00:00:00+00:00, run_after=2021-01-05 00:00:00+00:00
[2025-03-26T22:23:42.216+0530] {processor.py:208} INFO - Processing /Users/uk/miniforge3/lib/python3.10/site-packages/airflow/example_dags/example_workday_timetable.py took 0.327 seconds
[2025-03-26T22:25:02.246+0530] {processor.py:186} INFO - Started process (PID=8727) to work on /Users/uk/miniforge3/lib/python3.10/site-packages/airflow/example_dags/example_workday_timetable.py
[2025-03-26T22:25:02.247+0530] {processor.py:914} INFO - Processing file /Users/uk/miniforge3/lib/python3.10/site-packages/airflow/example_dags/example_workday_timetable.py for tasks to queue
[2025-03-26T22:25:02.248+0530] {logging_mixin.py:190} INFO - [2025-03-26T22:25:02.247+0530] {dagbag.py:588} INFO - Filling up the DagBag from /Users/uk/miniforge3/lib/python3.10/site-packages/airflow/example_dags/example_workday_timetable.py
[2025-03-26T22:25:02.549+0530] {processor.py:925} INFO - DAG(s) 'example_workday_timetable' retrieved from /Users/uk/miniforge3/lib/python3.10/site-packages/airflow/example_dags/example_workday_timetable.py
[2025-03-26T22:25:02.598+0530] {logging_mixin.py:190} INFO - [2025-03-26T22:25:02.598+0530] {dag.py:3239} INFO - Sync 1 DAGs
[2025-03-26T22:25:02.618+0530] {logging_mixin.py:190} INFO - [2025-03-26T22:25:02.618+0530] {dag.py:4180} INFO - Setting next_dagrun for example_workday_timetable to 2021-01-04 00:00:00+00:00, run_after=2021-01-05 00:00:00+00:00
[2025-03-26T22:25:02.625+0530] {processor.py:208} INFO - Processing /Users/uk/miniforge3/lib/python3.10/site-packages/airflow/example_dags/example_workday_timetable.py took 0.380 seconds
[2025-03-26T22:26:24.473+0530] {processor.py:186} INFO - Started process (PID=8878) to work on /Users/uk/miniforge3/lib/python3.10/site-packages/airflow/example_dags/example_workday_timetable.py
[2025-03-26T22:26:24.473+0530] {processor.py:914} INFO - Processing file /Users/uk/miniforge3/lib/python3.10/site-packages/airflow/example_dags/example_workday_timetable.py for tasks to queue
[2025-03-26T22:26:24.474+0530] {logging_mixin.py:190} INFO - [2025-03-26T22:26:24.474+0530] {dagbag.py:588} INFO - Filling up the DagBag from /Users/uk/miniforge3/lib/python3.10/site-packages/airflow/example_dags/example_workday_timetable.py
[2025-03-26T22:26:24.736+0530] {processor.py:925} INFO - DAG(s) 'example_workday_timetable' retrieved from /Users/uk/miniforge3/lib/python3.10/site-packages/airflow/example_dags/example_workday_timetable.py
[2025-03-26T22:26:24.786+0530] {logging_mixin.py:190} INFO - [2025-03-26T22:26:24.786+0530] {dag.py:3239} INFO - Sync 1 DAGs
[2025-03-26T22:26:24.805+0530] {logging_mixin.py:190} INFO - [2025-03-26T22:26:24.805+0530] {dag.py:4180} INFO - Setting next_dagrun for example_workday_timetable to 2021-01-04 00:00:00+00:00, run_after=2021-01-05 00:00:00+00:00
[2025-03-26T22:26:24.811+0530] {processor.py:208} INFO - Processing /Users/uk/miniforge3/lib/python3.10/site-packages/airflow/example_dags/example_workday_timetable.py took 0.340 seconds
[2025-03-26T22:27:41.164+0530] {processor.py:186} INFO - Started process (PID=9018) to work on /Users/uk/miniforge3/lib/python3.10/site-packages/airflow/example_dags/example_workday_timetable.py
[2025-03-26T22:27:41.165+0530] {processor.py:914} INFO - Processing file /Users/uk/miniforge3/lib/python3.10/site-packages/airflow/example_dags/example_workday_timetable.py for tasks to queue
[2025-03-26T22:27:41.165+0530] {logging_mixin.py:190} INFO - [2025-03-26T22:27:41.165+0530] {dagbag.py:588} INFO - Filling up the DagBag from /Users/uk/miniforge3/lib/python3.10/site-packages/airflow/example_dags/example_workday_timetable.py
[2025-03-26T22:27:41.409+0530] {processor.py:925} INFO - DAG(s) 'example_workday_timetable' retrieved from /Users/uk/miniforge3/lib/python3.10/site-packages/airflow/example_dags/example_workday_timetable.py
[2025-03-26T22:27:41.457+0530] {logging_mixin.py:190} INFO - [2025-03-26T22:27:41.457+0530] {dag.py:3239} INFO - Sync 1 DAGs
[2025-03-26T22:27:41.476+0530] {logging_mixin.py:190} INFO - [2025-03-26T22:27:41.475+0530] {dag.py:4180} INFO - Setting next_dagrun for example_workday_timetable to 2021-01-04 00:00:00+00:00, run_after=2021-01-05 00:00:00+00:00
[2025-03-26T22:27:41.482+0530] {processor.py:208} INFO - Processing /Users/uk/miniforge3/lib/python3.10/site-packages/airflow/example_dags/example_workday_timetable.py took 0.319 seconds
[2025-03-26T22:29:04.032+0530] {processor.py:186} INFO - Started process (PID=9150) to work on /Users/uk/miniforge3/lib/python3.10/site-packages/airflow/example_dags/example_workday_timetable.py
[2025-03-26T22:29:04.033+0530] {processor.py:914} INFO - Processing file /Users/uk/miniforge3/lib/python3.10/site-packages/airflow/example_dags/example_workday_timetable.py for tasks to queue
[2025-03-26T22:29:04.033+0530] {logging_mixin.py:190} INFO - [2025-03-26T22:29:04.033+0530] {dagbag.py:588} INFO - Filling up the DagBag from /Users/uk/miniforge3/lib/python3.10/site-packages/airflow/example_dags/example_workday_timetable.py
[2025-03-26T22:29:04.294+0530] {processor.py:925} INFO - DAG(s) 'example_workday_timetable' retrieved from /Users/uk/miniforge3/lib/python3.10/site-packages/airflow/example_dags/example_workday_timetable.py
[2025-03-26T22:29:04.342+0530] {logging_mixin.py:190} INFO - [2025-03-26T22:29:04.342+0530] {dag.py:3239} INFO - Sync 1 DAGs
[2025-03-26T22:29:04.360+0530] {logging_mixin.py:190} INFO - [2025-03-26T22:29:04.360+0530] {dag.py:4180} INFO - Setting next_dagrun for example_workday_timetable to 2021-01-04 00:00:00+00:00, run_after=2021-01-05 00:00:00+00:00
[2025-03-26T22:29:04.366+0530] {processor.py:208} INFO - Processing /Users/uk/miniforge3/lib/python3.10/site-packages/airflow/example_dags/example_workday_timetable.py took 0.336 seconds
[2025-03-26T22:30:22.908+0530] {processor.py:186} INFO - Started process (PID=9285) to work on /Users/uk/miniforge3/lib/python3.10/site-packages/airflow/example_dags/example_workday_timetable.py
[2025-03-26T22:30:22.908+0530] {processor.py:914} INFO - Processing file /Users/uk/miniforge3/lib/python3.10/site-packages/airflow/example_dags/example_workday_timetable.py for tasks to queue
[2025-03-26T22:30:22.909+0530] {logging_mixin.py:190} INFO - [2025-03-26T22:30:22.909+0530] {dagbag.py:588} INFO - Filling up the DagBag from /Users/uk/miniforge3/lib/python3.10/site-packages/airflow/example_dags/example_workday_timetable.py
[2025-03-26T22:30:23.149+0530] {processor.py:925} INFO - DAG(s) 'example_workday_timetable' retrieved from /Users/uk/miniforge3/lib/python3.10/site-packages/airflow/example_dags/example_workday_timetable.py
[2025-03-26T22:30:23.198+0530] {logging_mixin.py:190} INFO - [2025-03-26T22:30:23.198+0530] {dag.py:3239} INFO - Sync 1 DAGs
[2025-03-26T22:30:23.217+0530] {logging_mixin.py:190} INFO - [2025-03-26T22:30:23.217+0530] {dag.py:4180} INFO - Setting next_dagrun for example_workday_timetable to 2021-01-04 00:00:00+00:00, run_after=2021-01-05 00:00:00+00:00
[2025-03-26T22:30:23.224+0530] {processor.py:208} INFO - Processing /Users/uk/miniforge3/lib/python3.10/site-packages/airflow/example_dags/example_workday_timetable.py took 0.317 seconds
[2025-03-26T22:31:33.693+0530] {processor.py:186} INFO - Started process (PID=9422) to work on /Users/uk/miniforge3/lib/python3.10/site-packages/airflow/example_dags/example_workday_timetable.py
[2025-03-26T22:31:33.694+0530] {processor.py:914} INFO - Processing file /Users/uk/miniforge3/lib/python3.10/site-packages/airflow/example_dags/example_workday_timetable.py for tasks to queue
[2025-03-26T22:31:33.694+0530] {logging_mixin.py:190} INFO - [2025-03-26T22:31:33.694+0530] {dagbag.py:588} INFO - Filling up the DagBag from /Users/uk/miniforge3/lib/python3.10/site-packages/airflow/example_dags/example_workday_timetable.py
[2025-03-26T22:31:33.938+0530] {processor.py:925} INFO - DAG(s) 'example_workday_timetable' retrieved from /Users/uk/miniforge3/lib/python3.10/site-packages/airflow/example_dags/example_workday_timetable.py
[2025-03-26T22:31:33.985+0530] {logging_mixin.py:190} INFO - [2025-03-26T22:31:33.985+0530] {dag.py:3239} INFO - Sync 1 DAGs
[2025-03-26T22:31:34.006+0530] {logging_mixin.py:190} INFO - [2025-03-26T22:31:34.005+0530] {dag.py:4180} INFO - Setting next_dagrun for example_workday_timetable to 2021-01-04 00:00:00+00:00, run_after=2021-01-05 00:00:00+00:00
[2025-03-26T22:31:34.012+0530] {processor.py:208} INFO - Processing /Users/uk/miniforge3/lib/python3.10/site-packages/airflow/example_dags/example_workday_timetable.py took 0.320 seconds
[2025-03-26T22:32:42.677+0530] {processor.py:186} INFO - Started process (PID=9534) to work on /Users/uk/miniforge3/lib/python3.10/site-packages/airflow/example_dags/example_workday_timetable.py
[2025-03-26T22:32:42.678+0530] {processor.py:914} INFO - Processing file /Users/uk/miniforge3/lib/python3.10/site-packages/airflow/example_dags/example_workday_timetable.py for tasks to queue
[2025-03-26T22:32:42.679+0530] {logging_mixin.py:190} INFO - [2025-03-26T22:32:42.678+0530] {dagbag.py:588} INFO - Filling up the DagBag from /Users/uk/miniforge3/lib/python3.10/site-packages/airflow/example_dags/example_workday_timetable.py
[2025-03-26T22:32:42.919+0530] {processor.py:925} INFO - DAG(s) 'example_workday_timetable' retrieved from /Users/uk/miniforge3/lib/python3.10/site-packages/airflow/example_dags/example_workday_timetable.py
[2025-03-26T22:32:42.967+0530] {logging_mixin.py:190} INFO - [2025-03-26T22:32:42.967+0530] {dag.py:3239} INFO - Sync 1 DAGs
[2025-03-26T22:32:42.985+0530] {logging_mixin.py:190} INFO - [2025-03-26T22:32:42.985+0530] {dag.py:4180} INFO - Setting next_dagrun for example_workday_timetable to 2021-01-04 00:00:00+00:00, run_after=2021-01-05 00:00:00+00:00
[2025-03-26T22:32:42.991+0530] {processor.py:208} INFO - Processing /Users/uk/miniforge3/lib/python3.10/site-packages/airflow/example_dags/example_workday_timetable.py took 0.315 seconds
[2025-03-26T22:33:57.336+0530] {processor.py:186} INFO - Started process (PID=9664) to work on /Users/uk/miniforge3/lib/python3.10/site-packages/airflow/example_dags/example_workday_timetable.py
[2025-03-26T22:33:57.336+0530] {processor.py:914} INFO - Processing file /Users/uk/miniforge3/lib/python3.10/site-packages/airflow/example_dags/example_workday_timetable.py for tasks to queue
[2025-03-26T22:33:57.337+0530] {logging_mixin.py:190} INFO - [2025-03-26T22:33:57.337+0530] {dagbag.py:588} INFO - Filling up the DagBag from /Users/uk/miniforge3/lib/python3.10/site-packages/airflow/example_dags/example_workday_timetable.py
[2025-03-26T22:33:57.580+0530] {processor.py:925} INFO - DAG(s) 'example_workday_timetable' retrieved from /Users/uk/miniforge3/lib/python3.10/site-packages/airflow/example_dags/example_workday_timetable.py
[2025-03-26T22:33:57.628+0530] {logging_mixin.py:190} INFO - [2025-03-26T22:33:57.628+0530] {dag.py:3239} INFO - Sync 1 DAGs
[2025-03-26T22:33:57.647+0530] {logging_mixin.py:190} INFO - [2025-03-26T22:33:57.647+0530] {dag.py:4180} INFO - Setting next_dagrun for example_workday_timetable to 2021-01-04 00:00:00+00:00, run_after=2021-01-05 00:00:00+00:00
[2025-03-26T22:33:57.653+0530] {processor.py:208} INFO - Processing /Users/uk/miniforge3/lib/python3.10/site-packages/airflow/example_dags/example_workday_timetable.py took 0.318 seconds
[2025-03-26T22:35:17.522+0530] {processor.py:186} INFO - Started process (PID=9859) to work on /Users/uk/miniforge3/lib/python3.10/site-packages/airflow/example_dags/example_workday_timetable.py
[2025-03-26T22:35:17.523+0530] {processor.py:914} INFO - Processing file /Users/uk/miniforge3/lib/python3.10/site-packages/airflow/example_dags/example_workday_timetable.py for tasks to queue
[2025-03-26T22:35:17.523+0530] {logging_mixin.py:190} INFO - [2025-03-26T22:35:17.523+0530] {dagbag.py:588} INFO - Filling up the DagBag from /Users/uk/miniforge3/lib/python3.10/site-packages/airflow/example_dags/example_workday_timetable.py
[2025-03-26T22:35:17.892+0530] {processor.py:925} INFO - DAG(s) 'example_workday_timetable' retrieved from /Users/uk/miniforge3/lib/python3.10/site-packages/airflow/example_dags/example_workday_timetable.py
[2025-03-26T22:35:17.943+0530] {logging_mixin.py:190} INFO - [2025-03-26T22:35:17.943+0530] {dag.py:3239} INFO - Sync 1 DAGs
[2025-03-26T22:35:17.964+0530] {logging_mixin.py:190} INFO - [2025-03-26T22:35:17.964+0530] {dag.py:4180} INFO - Setting next_dagrun for example_workday_timetable to 2021-01-04 00:00:00+00:00, run_after=2021-01-05 00:00:00+00:00
[2025-03-26T22:35:17.972+0530] {processor.py:208} INFO - Processing /Users/uk/miniforge3/lib/python3.10/site-packages/airflow/example_dags/example_workday_timetable.py took 0.452 seconds
[2025-03-26T22:36:38.146+0530] {processor.py:186} INFO - Started process (PID=10011) to work on /Users/uk/miniforge3/lib/python3.10/site-packages/airflow/example_dags/example_workday_timetable.py
[2025-03-26T22:36:38.148+0530] {processor.py:914} INFO - Processing file /Users/uk/miniforge3/lib/python3.10/site-packages/airflow/example_dags/example_workday_timetable.py for tasks to queue
[2025-03-26T22:36:38.148+0530] {logging_mixin.py:190} INFO - [2025-03-26T22:36:38.148+0530] {dagbag.py:588} INFO - Filling up the DagBag from /Users/uk/miniforge3/lib/python3.10/site-packages/airflow/example_dags/example_workday_timetable.py
[2025-03-26T22:36:38.448+0530] {processor.py:925} INFO - DAG(s) 'example_workday_timetable' retrieved from /Users/uk/miniforge3/lib/python3.10/site-packages/airflow/example_dags/example_workday_timetable.py
[2025-03-26T22:36:38.498+0530] {logging_mixin.py:190} INFO - [2025-03-26T22:36:38.497+0530] {dag.py:3239} INFO - Sync 1 DAGs
[2025-03-26T22:36:38.523+0530] {logging_mixin.py:190} INFO - [2025-03-26T22:36:38.523+0530] {dag.py:4180} INFO - Setting next_dagrun for example_workday_timetable to 2021-01-04 00:00:00+00:00, run_after=2021-01-05 00:00:00+00:00
[2025-03-26T22:36:38.529+0530] {processor.py:208} INFO - Processing /Users/uk/miniforge3/lib/python3.10/site-packages/airflow/example_dags/example_workday_timetable.py took 0.384 seconds
[2025-03-26T22:37:59.365+0530] {processor.py:186} INFO - Started process (PID=10149) to work on /Users/uk/miniforge3/lib/python3.10/site-packages/airflow/example_dags/example_workday_timetable.py
[2025-03-26T22:37:59.366+0530] {processor.py:914} INFO - Processing file /Users/uk/miniforge3/lib/python3.10/site-packages/airflow/example_dags/example_workday_timetable.py for tasks to queue
[2025-03-26T22:37:59.366+0530] {logging_mixin.py:190} INFO - [2025-03-26T22:37:59.366+0530] {dagbag.py:588} INFO - Filling up the DagBag from /Users/uk/miniforge3/lib/python3.10/site-packages/airflow/example_dags/example_workday_timetable.py
[2025-03-26T22:37:59.635+0530] {processor.py:925} INFO - DAG(s) 'example_workday_timetable' retrieved from /Users/uk/miniforge3/lib/python3.10/site-packages/airflow/example_dags/example_workday_timetable.py
[2025-03-26T22:37:59.683+0530] {logging_mixin.py:190} INFO - [2025-03-26T22:37:59.683+0530] {dag.py:3239} INFO - Sync 1 DAGs
[2025-03-26T22:37:59.701+0530] {logging_mixin.py:190} INFO - [2025-03-26T22:37:59.701+0530] {dag.py:4180} INFO - Setting next_dagrun for example_workday_timetable to 2021-01-04 00:00:00+00:00, run_after=2021-01-05 00:00:00+00:00
[2025-03-26T22:37:59.707+0530] {processor.py:208} INFO - Processing /Users/uk/miniforge3/lib/python3.10/site-packages/airflow/example_dags/example_workday_timetable.py took 0.343 seconds
[2025-03-26T22:39:15.817+0530] {processor.py:186} INFO - Started process (PID=10529) to work on /Users/uk/miniforge3/lib/python3.10/site-packages/airflow/example_dags/example_workday_timetable.py
[2025-03-26T22:39:15.818+0530] {processor.py:914} INFO - Processing file /Users/uk/miniforge3/lib/python3.10/site-packages/airflow/example_dags/example_workday_timetable.py for tasks to queue
[2025-03-26T22:39:15.818+0530] {logging_mixin.py:190} INFO - [2025-03-26T22:39:15.818+0530] {dagbag.py:588} INFO - Filling up the DagBag from /Users/uk/miniforge3/lib/python3.10/site-packages/airflow/example_dags/example_workday_timetable.py
[2025-03-26T22:39:16.063+0530] {processor.py:925} INFO - DAG(s) 'example_workday_timetable' retrieved from /Users/uk/miniforge3/lib/python3.10/site-packages/airflow/example_dags/example_workday_timetable.py
[2025-03-26T22:39:16.112+0530] {logging_mixin.py:190} INFO - [2025-03-26T22:39:16.112+0530] {dag.py:3239} INFO - Sync 1 DAGs
[2025-03-26T22:39:16.131+0530] {logging_mixin.py:190} INFO - [2025-03-26T22:39:16.131+0530] {dag.py:4180} INFO - Setting next_dagrun for example_workday_timetable to 2021-01-04 00:00:00+00:00, run_after=2021-01-05 00:00:00+00:00
[2025-03-26T22:39:16.137+0530] {processor.py:208} INFO - Processing /Users/uk/miniforge3/lib/python3.10/site-packages/airflow/example_dags/example_workday_timetable.py took 0.321 seconds
[2025-03-26T22:40:31.603+0530] {processor.py:186} INFO - Started process (PID=10719) to work on /Users/uk/miniforge3/lib/python3.10/site-packages/airflow/example_dags/example_workday_timetable.py
[2025-03-26T22:40:31.604+0530] {processor.py:914} INFO - Processing file /Users/uk/miniforge3/lib/python3.10/site-packages/airflow/example_dags/example_workday_timetable.py for tasks to queue
[2025-03-26T22:40:31.604+0530] {logging_mixin.py:190} INFO - [2025-03-26T22:40:31.604+0530] {dagbag.py:588} INFO - Filling up the DagBag from /Users/uk/miniforge3/lib/python3.10/site-packages/airflow/example_dags/example_workday_timetable.py
[2025-03-26T22:40:31.913+0530] {processor.py:925} INFO - DAG(s) 'example_workday_timetable' retrieved from /Users/uk/miniforge3/lib/python3.10/site-packages/airflow/example_dags/example_workday_timetable.py
[2025-03-26T22:40:31.965+0530] {logging_mixin.py:190} INFO - [2025-03-26T22:40:31.965+0530] {dag.py:3239} INFO - Sync 1 DAGs
[2025-03-26T22:40:31.985+0530] {logging_mixin.py:190} INFO - [2025-03-26T22:40:31.985+0530] {dag.py:4180} INFO - Setting next_dagrun for example_workday_timetable to 2021-01-04 00:00:00+00:00, run_after=2021-01-05 00:00:00+00:00
[2025-03-26T22:40:31.992+0530] {processor.py:208} INFO - Processing /Users/uk/miniforge3/lib/python3.10/site-packages/airflow/example_dags/example_workday_timetable.py took 0.390 seconds
[2025-03-26T22:41:52.023+0530] {processor.py:186} INFO - Started process (PID=10867) to work on /Users/uk/miniforge3/lib/python3.10/site-packages/airflow/example_dags/example_workday_timetable.py
[2025-03-26T22:41:52.024+0530] {processor.py:914} INFO - Processing file /Users/uk/miniforge3/lib/python3.10/site-packages/airflow/example_dags/example_workday_timetable.py for tasks to queue
[2025-03-26T22:41:52.025+0530] {logging_mixin.py:190} INFO - [2025-03-26T22:41:52.025+0530] {dagbag.py:588} INFO - Filling up the DagBag from /Users/uk/miniforge3/lib/python3.10/site-packages/airflow/example_dags/example_workday_timetable.py
[2025-03-26T22:41:52.275+0530] {processor.py:925} INFO - DAG(s) 'example_workday_timetable' retrieved from /Users/uk/miniforge3/lib/python3.10/site-packages/airflow/example_dags/example_workday_timetable.py
[2025-03-26T22:41:52.323+0530] {logging_mixin.py:190} INFO - [2025-03-26T22:41:52.323+0530] {dag.py:3239} INFO - Sync 1 DAGs
[2025-03-26T22:41:52.342+0530] {logging_mixin.py:190} INFO - [2025-03-26T22:41:52.342+0530] {dag.py:4180} INFO - Setting next_dagrun for example_workday_timetable to 2021-01-04 00:00:00+00:00, run_after=2021-01-05 00:00:00+00:00
[2025-03-26T22:41:52.348+0530] {processor.py:208} INFO - Processing /Users/uk/miniforge3/lib/python3.10/site-packages/airflow/example_dags/example_workday_timetable.py took 0.326 seconds
[2025-03-26T22:43:13.472+0530] {processor.py:186} INFO - Started process (PID=11039) to work on /Users/uk/miniforge3/lib/python3.10/site-packages/airflow/example_dags/example_workday_timetable.py
[2025-03-26T22:43:13.473+0530] {processor.py:914} INFO - Processing file /Users/uk/miniforge3/lib/python3.10/site-packages/airflow/example_dags/example_workday_timetable.py for tasks to queue
[2025-03-26T22:43:13.473+0530] {logging_mixin.py:190} INFO - [2025-03-26T22:43:13.473+0530] {dagbag.py:588} INFO - Filling up the DagBag from /Users/uk/miniforge3/lib/python3.10/site-packages/airflow/example_dags/example_workday_timetable.py
[2025-03-26T22:43:13.742+0530] {processor.py:925} INFO - DAG(s) 'example_workday_timetable' retrieved from /Users/uk/miniforge3/lib/python3.10/site-packages/airflow/example_dags/example_workday_timetable.py
[2025-03-26T22:43:13.816+0530] {logging_mixin.py:190} INFO - [2025-03-26T22:43:13.816+0530] {dag.py:3239} INFO - Sync 1 DAGs
[2025-03-26T22:43:13.847+0530] {logging_mixin.py:190} INFO - [2025-03-26T22:43:13.847+0530] {dag.py:4180} INFO - Setting next_dagrun for example_workday_timetable to 2021-01-04 00:00:00+00:00, run_after=2021-01-05 00:00:00+00:00
[2025-03-26T22:43:13.854+0530] {processor.py:208} INFO - Processing /Users/uk/miniforge3/lib/python3.10/site-packages/airflow/example_dags/example_workday_timetable.py took 0.383 seconds
[2025-03-26T22:44:27.967+0530] {processor.py:186} INFO - Started process (PID=11153) to work on /Users/uk/miniforge3/lib/python3.10/site-packages/airflow/example_dags/example_workday_timetable.py
[2025-03-26T22:44:27.968+0530] {processor.py:914} INFO - Processing file /Users/uk/miniforge3/lib/python3.10/site-packages/airflow/example_dags/example_workday_timetable.py for tasks to queue
[2025-03-26T22:44:27.968+0530] {logging_mixin.py:190} INFO - [2025-03-26T22:44:27.968+0530] {dagbag.py:588} INFO - Filling up the DagBag from /Users/uk/miniforge3/lib/python3.10/site-packages/airflow/example_dags/example_workday_timetable.py
[2025-03-26T22:44:28.211+0530] {processor.py:925} INFO - DAG(s) 'example_workday_timetable' retrieved from /Users/uk/miniforge3/lib/python3.10/site-packages/airflow/example_dags/example_workday_timetable.py
[2025-03-26T22:44:28.260+0530] {logging_mixin.py:190} INFO - [2025-03-26T22:44:28.259+0530] {dag.py:3239} INFO - Sync 1 DAGs
[2025-03-26T22:44:28.278+0530] {logging_mixin.py:190} INFO - [2025-03-26T22:44:28.278+0530] {dag.py:4180} INFO - Setting next_dagrun for example_workday_timetable to 2021-01-04 00:00:00+00:00, run_after=2021-01-05 00:00:00+00:00
[2025-03-26T22:44:28.284+0530] {processor.py:208} INFO - Processing /Users/uk/miniforge3/lib/python3.10/site-packages/airflow/example_dags/example_workday_timetable.py took 0.318 seconds
[2025-03-26T22:45:44.010+0530] {processor.py:186} INFO - Started process (PID=11272) to work on /Users/uk/miniforge3/lib/python3.10/site-packages/airflow/example_dags/example_workday_timetable.py
[2025-03-26T22:45:44.011+0530] {processor.py:914} INFO - Processing file /Users/uk/miniforge3/lib/python3.10/site-packages/airflow/example_dags/example_workday_timetable.py for tasks to queue
[2025-03-26T22:45:44.011+0530] {logging_mixin.py:190} INFO - [2025-03-26T22:45:44.011+0530] {dagbag.py:588} INFO - Filling up the DagBag from /Users/uk/miniforge3/lib/python3.10/site-packages/airflow/example_dags/example_workday_timetable.py
[2025-03-26T22:45:44.257+0530] {processor.py:925} INFO - DAG(s) 'example_workday_timetable' retrieved from /Users/uk/miniforge3/lib/python3.10/site-packages/airflow/example_dags/example_workday_timetable.py
[2025-03-26T22:45:44.305+0530] {logging_mixin.py:190} INFO - [2025-03-26T22:45:44.305+0530] {dag.py:3239} INFO - Sync 1 DAGs
[2025-03-26T22:45:44.324+0530] {logging_mixin.py:190} INFO - [2025-03-26T22:45:44.324+0530] {dag.py:4180} INFO - Setting next_dagrun for example_workday_timetable to 2021-01-04 00:00:00+00:00, run_after=2021-01-05 00:00:00+00:00
[2025-03-26T22:45:44.330+0530] {processor.py:208} INFO - Processing /Users/uk/miniforge3/lib/python3.10/site-packages/airflow/example_dags/example_workday_timetable.py took 0.322 seconds
[2025-03-26T22:47:00.602+0530] {processor.py:186} INFO - Started process (PID=11405) to work on /Users/uk/miniforge3/lib/python3.10/site-packages/airflow/example_dags/example_workday_timetable.py
[2025-03-26T22:47:00.603+0530] {processor.py:914} INFO - Processing file /Users/uk/miniforge3/lib/python3.10/site-packages/airflow/example_dags/example_workday_timetable.py for tasks to queue
[2025-03-26T22:47:00.603+0530] {logging_mixin.py:190} INFO - [2025-03-26T22:47:00.603+0530] {dagbag.py:588} INFO - Filling up the DagBag from /Users/uk/miniforge3/lib/python3.10/site-packages/airflow/example_dags/example_workday_timetable.py
[2025-03-26T22:47:00.849+0530] {processor.py:925} INFO - DAG(s) 'example_workday_timetable' retrieved from /Users/uk/miniforge3/lib/python3.10/site-packages/airflow/example_dags/example_workday_timetable.py
[2025-03-26T22:47:00.897+0530] {logging_mixin.py:190} INFO - [2025-03-26T22:47:00.897+0530] {dag.py:3239} INFO - Sync 1 DAGs
[2025-03-26T22:47:00.916+0530] {logging_mixin.py:190} INFO - [2025-03-26T22:47:00.916+0530] {dag.py:4180} INFO - Setting next_dagrun for example_workday_timetable to 2021-01-04 00:00:00+00:00, run_after=2021-01-05 00:00:00+00:00
[2025-03-26T22:47:00.922+0530] {processor.py:208} INFO - Processing /Users/uk/miniforge3/lib/python3.10/site-packages/airflow/example_dags/example_workday_timetable.py took 0.321 seconds
[2025-03-26T22:48:15.904+0530] {processor.py:186} INFO - Started process (PID=11547) to work on /Users/uk/miniforge3/lib/python3.10/site-packages/airflow/example_dags/example_workday_timetable.py
[2025-03-26T22:48:15.905+0530] {processor.py:914} INFO - Processing file /Users/uk/miniforge3/lib/python3.10/site-packages/airflow/example_dags/example_workday_timetable.py for tasks to queue
[2025-03-26T22:48:15.906+0530] {logging_mixin.py:190} INFO - [2025-03-26T22:48:15.906+0530] {dagbag.py:588} INFO - Filling up the DagBag from /Users/uk/miniforge3/lib/python3.10/site-packages/airflow/example_dags/example_workday_timetable.py
[2025-03-26T22:48:16.330+0530] {processor.py:925} INFO - DAG(s) 'example_workday_timetable' retrieved from /Users/uk/miniforge3/lib/python3.10/site-packages/airflow/example_dags/example_workday_timetable.py
[2025-03-26T22:48:16.378+0530] {logging_mixin.py:190} INFO - [2025-03-26T22:48:16.378+0530] {dag.py:3239} INFO - Sync 1 DAGs
[2025-03-26T22:48:16.403+0530] {logging_mixin.py:190} INFO - [2025-03-26T22:48:16.403+0530] {dag.py:4180} INFO - Setting next_dagrun for example_workday_timetable to 2021-01-04 00:00:00+00:00, run_after=2021-01-05 00:00:00+00:00
[2025-03-26T22:48:16.410+0530] {processor.py:208} INFO - Processing /Users/uk/miniforge3/lib/python3.10/site-packages/airflow/example_dags/example_workday_timetable.py took 0.507 seconds
[2025-03-26T22:49:25.711+0530] {processor.py:186} INFO - Started process (PID=11669) to work on /Users/uk/miniforge3/lib/python3.10/site-packages/airflow/example_dags/example_workday_timetable.py
[2025-03-26T22:49:25.712+0530] {processor.py:914} INFO - Processing file /Users/uk/miniforge3/lib/python3.10/site-packages/airflow/example_dags/example_workday_timetable.py for tasks to queue
[2025-03-26T22:49:25.712+0530] {logging_mixin.py:190} INFO - [2025-03-26T22:49:25.712+0530] {dagbag.py:588} INFO - Filling up the DagBag from /Users/uk/miniforge3/lib/python3.10/site-packages/airflow/example_dags/example_workday_timetable.py
[2025-03-26T22:49:25.970+0530] {processor.py:925} INFO - DAG(s) 'example_workday_timetable' retrieved from /Users/uk/miniforge3/lib/python3.10/site-packages/airflow/example_dags/example_workday_timetable.py
[2025-03-26T22:49:26.017+0530] {logging_mixin.py:190} INFO - [2025-03-26T22:49:26.017+0530] {dag.py:3239} INFO - Sync 1 DAGs
[2025-03-26T22:49:26.046+0530] {logging_mixin.py:190} INFO - [2025-03-26T22:49:26.046+0530] {dag.py:4180} INFO - Setting next_dagrun for example_workday_timetable to 2021-01-04 00:00:00+00:00, run_after=2021-01-05 00:00:00+00:00
[2025-03-26T22:49:26.052+0530] {processor.py:208} INFO - Processing /Users/uk/miniforge3/lib/python3.10/site-packages/airflow/example_dags/example_workday_timetable.py took 0.342 seconds
[2025-03-26T22:50:39.518+0530] {processor.py:186} INFO - Started process (PID=12127) to work on /Users/uk/miniforge3/lib/python3.10/site-packages/airflow/example_dags/example_workday_timetable.py
[2025-03-26T22:50:39.519+0530] {processor.py:914} INFO - Processing file /Users/uk/miniforge3/lib/python3.10/site-packages/airflow/example_dags/example_workday_timetable.py for tasks to queue
[2025-03-26T22:50:39.519+0530] {logging_mixin.py:190} INFO - [2025-03-26T22:50:39.519+0530] {dagbag.py:588} INFO - Filling up the DagBag from /Users/uk/miniforge3/lib/python3.10/site-packages/airflow/example_dags/example_workday_timetable.py
[2025-03-26T22:50:39.757+0530] {processor.py:925} INFO - DAG(s) 'example_workday_timetable' retrieved from /Users/uk/miniforge3/lib/python3.10/site-packages/airflow/example_dags/example_workday_timetable.py
[2025-03-26T22:50:39.805+0530] {logging_mixin.py:190} INFO - [2025-03-26T22:50:39.805+0530] {dag.py:3239} INFO - Sync 1 DAGs
[2025-03-26T22:50:39.830+0530] {logging_mixin.py:190} INFO - [2025-03-26T22:50:39.830+0530] {dag.py:4180} INFO - Setting next_dagrun for example_workday_timetable to 2021-01-04 00:00:00+00:00, run_after=2021-01-05 00:00:00+00:00
[2025-03-26T22:50:39.836+0530] {processor.py:208} INFO - Processing /Users/uk/miniforge3/lib/python3.10/site-packages/airflow/example_dags/example_workday_timetable.py took 0.319 seconds
[2025-03-26T22:52:05.780+0530] {processor.py:186} INFO - Started process (PID=12291) to work on /Users/uk/miniforge3/lib/python3.10/site-packages/airflow/example_dags/example_workday_timetable.py
[2025-03-26T22:52:05.781+0530] {processor.py:914} INFO - Processing file /Users/uk/miniforge3/lib/python3.10/site-packages/airflow/example_dags/example_workday_timetable.py for tasks to queue
[2025-03-26T22:52:05.781+0530] {logging_mixin.py:190} INFO - [2025-03-26T22:52:05.781+0530] {dagbag.py:588} INFO - Filling up the DagBag from /Users/uk/miniforge3/lib/python3.10/site-packages/airflow/example_dags/example_workday_timetable.py
[2025-03-26T22:52:06.019+0530] {processor.py:925} INFO - DAG(s) 'example_workday_timetable' retrieved from /Users/uk/miniforge3/lib/python3.10/site-packages/airflow/example_dags/example_workday_timetable.py
[2025-03-26T22:52:06.067+0530] {logging_mixin.py:190} INFO - [2025-03-26T22:52:06.067+0530] {dag.py:3239} INFO - Sync 1 DAGs
[2025-03-26T22:52:06.093+0530] {logging_mixin.py:190} INFO - [2025-03-26T22:52:06.093+0530] {dag.py:4180} INFO - Setting next_dagrun for example_workday_timetable to 2021-01-04 00:00:00+00:00, run_after=2021-01-05 00:00:00+00:00
[2025-03-26T22:52:06.099+0530] {processor.py:208} INFO - Processing /Users/uk/miniforge3/lib/python3.10/site-packages/airflow/example_dags/example_workday_timetable.py took 0.320 seconds
