[2025-03-26T22:09:08.617+0530] {processor.py:186} INFO - Started process (PID=6654) to work on /Users/uk/miniforge3/lib/python3.10/site-packages/airflow/example_dags/example_kubernetes_executor.py
[2025-03-26T22:09:08.618+0530] {processor.py:914} INFO - Processing file /Users/uk/miniforge3/lib/python3.10/site-packages/airflow/example_dags/example_kubernetes_executor.py for tasks to queue
[2025-03-26T22:09:08.618+0530] {logging_mixin.py:190} INFO - [2025-03-26T22:09:08.618+0530] {dagbag.py:588} INFO - Filling up the DagBag from /Users/uk/miniforge3/lib/python3.10/site-packages/airflow/example_dags/example_kubernetes_executor.py
[2025-03-26T22:09:08.631+0530] {logging_mixin.py:190} INFO - [2025-03-26T22:09:08.631+0530] {example_kubernetes_executor.py:39} WARNING - The example_kubernetes_executor example DAG requires the kubernetes provider. Please install it with: pip install apache-airflow[cncf.kubernetes]
[2025-03-26T22:09:08.631+0530] {processor.py:927} WARNING - No viable dags retrieved from /Users/uk/miniforge3/lib/python3.10/site-packages/airflow/example_dags/example_kubernetes_executor.py
[2025-03-26T22:09:08.664+0530] {processor.py:208} INFO - Processing /Users/uk/miniforge3/lib/python3.10/site-packages/airflow/example_dags/example_kubernetes_executor.py took 0.048 seconds
[2025-03-26T22:10:53.212+0530] {processor.py:186} INFO - Started process (PID=6833) to work on /Users/uk/miniforge3/lib/python3.10/site-packages/airflow/example_dags/example_kubernetes_executor.py
[2025-03-26T22:10:53.213+0530] {processor.py:914} INFO - Processing file /Users/uk/miniforge3/lib/python3.10/site-packages/airflow/example_dags/example_kubernetes_executor.py for tasks to queue
[2025-03-26T22:10:53.214+0530] {logging_mixin.py:190} INFO - [2025-03-26T22:10:53.214+0530] {dagbag.py:588} INFO - Filling up the DagBag from /Users/uk/miniforge3/lib/python3.10/site-packages/airflow/example_dags/example_kubernetes_executor.py
[2025-03-26T22:10:53.227+0530] {logging_mixin.py:190} INFO - [2025-03-26T22:10:53.227+0530] {example_kubernetes_executor.py:39} WARNING - The example_kubernetes_executor example DAG requires the kubernetes provider. Please install it with: pip install apache-airflow[cncf.kubernetes]
[2025-03-26T22:10:53.227+0530] {processor.py:927} WARNING - No viable dags retrieved from /Users/uk/miniforge3/lib/python3.10/site-packages/airflow/example_dags/example_kubernetes_executor.py
[2025-03-26T22:10:53.264+0530] {processor.py:208} INFO - Processing /Users/uk/miniforge3/lib/python3.10/site-packages/airflow/example_dags/example_kubernetes_executor.py took 0.053 seconds
[2025-03-26T22:13:40.395+0530] {processor.py:186} INFO - Started process (PID=7151) to work on /Users/uk/miniforge3/lib/python3.10/site-packages/airflow/example_dags/example_kubernetes_executor.py
[2025-03-26T22:13:40.396+0530] {processor.py:914} INFO - Processing file /Users/uk/miniforge3/lib/python3.10/site-packages/airflow/example_dags/example_kubernetes_executor.py for tasks to queue
[2025-03-26T22:13:40.396+0530] {logging_mixin.py:190} INFO - [2025-03-26T22:13:40.396+0530] {dagbag.py:588} INFO - Filling up the DagBag from /Users/uk/miniforge3/lib/python3.10/site-packages/airflow/example_dags/example_kubernetes_executor.py
[2025-03-26T22:13:40.410+0530] {logging_mixin.py:190} INFO - [2025-03-26T22:13:40.409+0530] {example_kubernetes_executor.py:39} WARNING - The example_kubernetes_executor example DAG requires the kubernetes provider. Please install it with: pip install apache-airflow[cncf.kubernetes]
[2025-03-26T22:13:40.410+0530] {processor.py:927} WARNING - No viable dags retrieved from /Users/uk/miniforge3/lib/python3.10/site-packages/airflow/example_dags/example_kubernetes_executor.py
[2025-03-26T22:13:40.443+0530] {processor.py:208} INFO - Processing /Users/uk/miniforge3/lib/python3.10/site-packages/airflow/example_dags/example_kubernetes_executor.py took 0.049 seconds
[2025-03-26T22:15:32.723+0530] {processor.py:186} INFO - Started process (PID=7679) to work on /Users/uk/miniforge3/lib/python3.10/site-packages/airflow/example_dags/example_kubernetes_executor.py
[2025-03-26T22:15:32.723+0530] {processor.py:914} INFO - Processing file /Users/uk/miniforge3/lib/python3.10/site-packages/airflow/example_dags/example_kubernetes_executor.py for tasks to queue
[2025-03-26T22:15:32.724+0530] {logging_mixin.py:190} INFO - [2025-03-26T22:15:32.724+0530] {dagbag.py:588} INFO - Filling up the DagBag from /Users/uk/miniforge3/lib/python3.10/site-packages/airflow/example_dags/example_kubernetes_executor.py
[2025-03-26T22:15:32.738+0530] {logging_mixin.py:190} INFO - [2025-03-26T22:15:32.738+0530] {example_kubernetes_executor.py:39} WARNING - The example_kubernetes_executor example DAG requires the kubernetes provider. Please install it with: pip install apache-airflow[cncf.kubernetes]
[2025-03-26T22:15:32.738+0530] {processor.py:927} WARNING - No viable dags retrieved from /Users/uk/miniforge3/lib/python3.10/site-packages/airflow/example_dags/example_kubernetes_executor.py
[2025-03-26T22:15:32.772+0530] {processor.py:208} INFO - Processing /Users/uk/miniforge3/lib/python3.10/site-packages/airflow/example_dags/example_kubernetes_executor.py took 0.050 seconds
[2025-03-26T22:18:06.516+0530] {processor.py:186} INFO - Started process (PID=7971) to work on /Users/uk/miniforge3/lib/python3.10/site-packages/airflow/example_dags/example_kubernetes_executor.py
[2025-03-26T22:18:06.517+0530] {processor.py:914} INFO - Processing file /Users/uk/miniforge3/lib/python3.10/site-packages/airflow/example_dags/example_kubernetes_executor.py for tasks to queue
[2025-03-26T22:18:06.518+0530] {logging_mixin.py:190} INFO - [2025-03-26T22:18:06.517+0530] {dagbag.py:588} INFO - Filling up the DagBag from /Users/uk/miniforge3/lib/python3.10/site-packages/airflow/example_dags/example_kubernetes_executor.py
[2025-03-26T22:18:06.533+0530] {logging_mixin.py:190} INFO - [2025-03-26T22:18:06.533+0530] {example_kubernetes_executor.py:39} WARNING - The example_kubernetes_executor example DAG requires the kubernetes provider. Please install it with: pip install apache-airflow[cncf.kubernetes]
[2025-03-26T22:18:06.533+0530] {processor.py:927} WARNING - No viable dags retrieved from /Users/uk/miniforge3/lib/python3.10/site-packages/airflow/example_dags/example_kubernetes_executor.py
[2025-03-26T22:18:06.571+0530] {processor.py:208} INFO - Processing /Users/uk/miniforge3/lib/python3.10/site-packages/airflow/example_dags/example_kubernetes_executor.py took 0.056 seconds
[2025-03-26T22:20:41.172+0530] {processor.py:186} INFO - Started process (PID=8245) to work on /Users/uk/miniforge3/lib/python3.10/site-packages/airflow/example_dags/example_kubernetes_executor.py
[2025-03-26T22:20:41.173+0530] {processor.py:914} INFO - Processing file /Users/uk/miniforge3/lib/python3.10/site-packages/airflow/example_dags/example_kubernetes_executor.py for tasks to queue
[2025-03-26T22:20:41.174+0530] {logging_mixin.py:190} INFO - [2025-03-26T22:20:41.174+0530] {dagbag.py:588} INFO - Filling up the DagBag from /Users/uk/miniforge3/lib/python3.10/site-packages/airflow/example_dags/example_kubernetes_executor.py
[2025-03-26T22:20:41.188+0530] {logging_mixin.py:190} INFO - [2025-03-26T22:20:41.188+0530] {example_kubernetes_executor.py:39} WARNING - The example_kubernetes_executor example DAG requires the kubernetes provider. Please install it with: pip install apache-airflow[cncf.kubernetes]
[2025-03-26T22:20:41.189+0530] {processor.py:927} WARNING - No viable dags retrieved from /Users/uk/miniforge3/lib/python3.10/site-packages/airflow/example_dags/example_kubernetes_executor.py
[2025-03-26T22:20:41.223+0530] {processor.py:208} INFO - Processing /Users/uk/miniforge3/lib/python3.10/site-packages/airflow/example_dags/example_kubernetes_executor.py took 0.052 seconds
[2025-03-26T22:23:12.035+0530] {processor.py:186} INFO - Started process (PID=8538) to work on /Users/uk/miniforge3/lib/python3.10/site-packages/airflow/example_dags/example_kubernetes_executor.py
[2025-03-26T22:23:12.036+0530] {processor.py:914} INFO - Processing file /Users/uk/miniforge3/lib/python3.10/site-packages/airflow/example_dags/example_kubernetes_executor.py for tasks to queue
[2025-03-26T22:23:12.036+0530] {logging_mixin.py:190} INFO - [2025-03-26T22:23:12.036+0530] {dagbag.py:588} INFO - Filling up the DagBag from /Users/uk/miniforge3/lib/python3.10/site-packages/airflow/example_dags/example_kubernetes_executor.py
[2025-03-26T22:23:12.050+0530] {logging_mixin.py:190} INFO - [2025-03-26T22:23:12.050+0530] {example_kubernetes_executor.py:39} WARNING - The example_kubernetes_executor example DAG requires the kubernetes provider. Please install it with: pip install apache-airflow[cncf.kubernetes]
[2025-03-26T22:23:12.050+0530] {processor.py:927} WARNING - No viable dags retrieved from /Users/uk/miniforge3/lib/python3.10/site-packages/airflow/example_dags/example_kubernetes_executor.py
[2025-03-26T22:23:12.083+0530] {processor.py:208} INFO - Processing /Users/uk/miniforge3/lib/python3.10/site-packages/airflow/example_dags/example_kubernetes_executor.py took 0.050 seconds
[2025-03-26T22:25:51.789+0530] {processor.py:186} INFO - Started process (PID=8831) to work on /Users/uk/miniforge3/lib/python3.10/site-packages/airflow/example_dags/example_kubernetes_executor.py
[2025-03-26T22:25:51.790+0530] {processor.py:914} INFO - Processing file /Users/uk/miniforge3/lib/python3.10/site-packages/airflow/example_dags/example_kubernetes_executor.py for tasks to queue
[2025-03-26T22:25:51.790+0530] {logging_mixin.py:190} INFO - [2025-03-26T22:25:51.790+0530] {dagbag.py:588} INFO - Filling up the DagBag from /Users/uk/miniforge3/lib/python3.10/site-packages/airflow/example_dags/example_kubernetes_executor.py
[2025-03-26T22:25:51.805+0530] {logging_mixin.py:190} INFO - [2025-03-26T22:25:51.805+0530] {example_kubernetes_executor.py:39} WARNING - The example_kubernetes_executor example DAG requires the kubernetes provider. Please install it with: pip install apache-airflow[cncf.kubernetes]
[2025-03-26T22:25:51.805+0530] {processor.py:927} WARNING - No viable dags retrieved from /Users/uk/miniforge3/lib/python3.10/site-packages/airflow/example_dags/example_kubernetes_executor.py
[2025-03-26T22:25:51.843+0530] {processor.py:208} INFO - Processing /Users/uk/miniforge3/lib/python3.10/site-packages/airflow/example_dags/example_kubernetes_executor.py took 0.056 seconds
[2025-03-26T22:28:25.401+0530] {processor.py:186} INFO - Started process (PID=9091) to work on /Users/uk/miniforge3/lib/python3.10/site-packages/airflow/example_dags/example_kubernetes_executor.py
[2025-03-26T22:28:25.401+0530] {processor.py:914} INFO - Processing file /Users/uk/miniforge3/lib/python3.10/site-packages/airflow/example_dags/example_kubernetes_executor.py for tasks to queue
[2025-03-26T22:28:25.402+0530] {logging_mixin.py:190} INFO - [2025-03-26T22:28:25.401+0530] {dagbag.py:588} INFO - Filling up the DagBag from /Users/uk/miniforge3/lib/python3.10/site-packages/airflow/example_dags/example_kubernetes_executor.py
[2025-03-26T22:28:25.414+0530] {logging_mixin.py:190} INFO - [2025-03-26T22:28:25.414+0530] {example_kubernetes_executor.py:39} WARNING - The example_kubernetes_executor example DAG requires the kubernetes provider. Please install it with: pip install apache-airflow[cncf.kubernetes]
[2025-03-26T22:28:25.415+0530] {processor.py:927} WARNING - No viable dags retrieved from /Users/uk/miniforge3/lib/python3.10/site-packages/airflow/example_dags/example_kubernetes_executor.py
[2025-03-26T22:28:25.448+0530] {processor.py:208} INFO - Processing /Users/uk/miniforge3/lib/python3.10/site-packages/airflow/example_dags/example_kubernetes_executor.py took 0.049 seconds
[2025-03-26T22:31:04.452+0530] {processor.py:186} INFO - Started process (PID=9362) to work on /Users/uk/miniforge3/lib/python3.10/site-packages/airflow/example_dags/example_kubernetes_executor.py
[2025-03-26T22:31:04.453+0530] {processor.py:914} INFO - Processing file /Users/uk/miniforge3/lib/python3.10/site-packages/airflow/example_dags/example_kubernetes_executor.py for tasks to queue
[2025-03-26T22:31:04.453+0530] {logging_mixin.py:190} INFO - [2025-03-26T22:31:04.453+0530] {dagbag.py:588} INFO - Filling up the DagBag from /Users/uk/miniforge3/lib/python3.10/site-packages/airflow/example_dags/example_kubernetes_executor.py
[2025-03-26T22:31:04.467+0530] {logging_mixin.py:190} INFO - [2025-03-26T22:31:04.467+0530] {example_kubernetes_executor.py:39} WARNING - The example_kubernetes_executor example DAG requires the kubernetes provider. Please install it with: pip install apache-airflow[cncf.kubernetes]
[2025-03-26T22:31:04.467+0530] {processor.py:927} WARNING - No viable dags retrieved from /Users/uk/miniforge3/lib/python3.10/site-packages/airflow/example_dags/example_kubernetes_executor.py
[2025-03-26T22:31:04.501+0530] {processor.py:208} INFO - Processing /Users/uk/miniforge3/lib/python3.10/site-packages/airflow/example_dags/example_kubernetes_executor.py took 0.050 seconds
[2025-03-26T22:33:26.279+0530] {processor.py:186} INFO - Started process (PID=9615) to work on /Users/uk/miniforge3/lib/python3.10/site-packages/airflow/example_dags/example_kubernetes_executor.py
[2025-03-26T22:33:26.280+0530] {processor.py:914} INFO - Processing file /Users/uk/miniforge3/lib/python3.10/site-packages/airflow/example_dags/example_kubernetes_executor.py for tasks to queue
[2025-03-26T22:33:26.280+0530] {logging_mixin.py:190} INFO - [2025-03-26T22:33:26.280+0530] {dagbag.py:588} INFO - Filling up the DagBag from /Users/uk/miniforge3/lib/python3.10/site-packages/airflow/example_dags/example_kubernetes_executor.py
[2025-03-26T22:33:26.295+0530] {logging_mixin.py:190} INFO - [2025-03-26T22:33:26.295+0530] {example_kubernetes_executor.py:39} WARNING - The example_kubernetes_executor example DAG requires the kubernetes provider. Please install it with: pip install apache-airflow[cncf.kubernetes]
[2025-03-26T22:33:26.296+0530] {processor.py:927} WARNING - No viable dags retrieved from /Users/uk/miniforge3/lib/python3.10/site-packages/airflow/example_dags/example_kubernetes_executor.py
[2025-03-26T22:33:26.329+0530] {processor.py:208} INFO - Processing /Users/uk/miniforge3/lib/python3.10/site-packages/airflow/example_dags/example_kubernetes_executor.py took 0.050 seconds
[2025-03-26T22:36:04.023+0530] {processor.py:186} INFO - Started process (PID=9934) to work on /Users/uk/miniforge3/lib/python3.10/site-packages/airflow/example_dags/example_kubernetes_executor.py
[2025-03-26T22:36:04.024+0530] {processor.py:914} INFO - Processing file /Users/uk/miniforge3/lib/python3.10/site-packages/airflow/example_dags/example_kubernetes_executor.py for tasks to queue
[2025-03-26T22:36:04.024+0530] {logging_mixin.py:190} INFO - [2025-03-26T22:36:04.024+0530] {dagbag.py:588} INFO - Filling up the DagBag from /Users/uk/miniforge3/lib/python3.10/site-packages/airflow/example_dags/example_kubernetes_executor.py
[2025-03-26T22:36:04.040+0530] {logging_mixin.py:190} INFO - [2025-03-26T22:36:04.040+0530] {example_kubernetes_executor.py:39} WARNING - The example_kubernetes_executor example DAG requires the kubernetes provider. Please install it with: pip install apache-airflow[cncf.kubernetes]
[2025-03-26T22:36:04.040+0530] {processor.py:927} WARNING - No viable dags retrieved from /Users/uk/miniforge3/lib/python3.10/site-packages/airflow/example_dags/example_kubernetes_executor.py
[2025-03-26T22:36:04.077+0530] {processor.py:208} INFO - Processing /Users/uk/miniforge3/lib/python3.10/site-packages/airflow/example_dags/example_kubernetes_executor.py took 0.056 seconds
[2025-03-26T22:38:43.733+0530] {processor.py:186} INFO - Started process (PID=10218) to work on /Users/uk/miniforge3/lib/python3.10/site-packages/airflow/example_dags/example_kubernetes_executor.py
[2025-03-26T22:38:43.734+0530] {processor.py:914} INFO - Processing file /Users/uk/miniforge3/lib/python3.10/site-packages/airflow/example_dags/example_kubernetes_executor.py for tasks to queue
[2025-03-26T22:38:43.734+0530] {logging_mixin.py:190} INFO - [2025-03-26T22:38:43.734+0530] {dagbag.py:588} INFO - Filling up the DagBag from /Users/uk/miniforge3/lib/python3.10/site-packages/airflow/example_dags/example_kubernetes_executor.py
[2025-03-26T22:38:43.748+0530] {logging_mixin.py:190} INFO - [2025-03-26T22:38:43.748+0530] {example_kubernetes_executor.py:39} WARNING - The example_kubernetes_executor example DAG requires the kubernetes provider. Please install it with: pip install apache-airflow[cncf.kubernetes]
[2025-03-26T22:38:43.748+0530] {processor.py:927} WARNING - No viable dags retrieved from /Users/uk/miniforge3/lib/python3.10/site-packages/airflow/example_dags/example_kubernetes_executor.py
[2025-03-26T22:38:43.784+0530] {processor.py:208} INFO - Processing /Users/uk/miniforge3/lib/python3.10/site-packages/airflow/example_dags/example_kubernetes_executor.py took 0.053 seconds
[2025-03-26T22:41:17.945+0530] {processor.py:186} INFO - Started process (PID=10795) to work on /Users/uk/miniforge3/lib/python3.10/site-packages/airflow/example_dags/example_kubernetes_executor.py
[2025-03-26T22:41:17.946+0530] {processor.py:914} INFO - Processing file /Users/uk/miniforge3/lib/python3.10/site-packages/airflow/example_dags/example_kubernetes_executor.py for tasks to queue
[2025-03-26T22:41:17.946+0530] {logging_mixin.py:190} INFO - [2025-03-26T22:41:17.946+0530] {dagbag.py:588} INFO - Filling up the DagBag from /Users/uk/miniforge3/lib/python3.10/site-packages/airflow/example_dags/example_kubernetes_executor.py
[2025-03-26T22:41:17.963+0530] {logging_mixin.py:190} INFO - [2025-03-26T22:41:17.963+0530] {example_kubernetes_executor.py:39} WARNING - The example_kubernetes_executor example DAG requires the kubernetes provider. Please install it with: pip install apache-airflow[cncf.kubernetes]
[2025-03-26T22:41:17.963+0530] {processor.py:927} WARNING - No viable dags retrieved from /Users/uk/miniforge3/lib/python3.10/site-packages/airflow/example_dags/example_kubernetes_executor.py
[2025-03-26T22:41:18.013+0530] {processor.py:208} INFO - Processing /Users/uk/miniforge3/lib/python3.10/site-packages/airflow/example_dags/example_kubernetes_executor.py took 0.069 seconds
[2025-03-26T22:43:55.940+0530] {processor.py:186} INFO - Started process (PID=11102) to work on /Users/uk/miniforge3/lib/python3.10/site-packages/airflow/example_dags/example_kubernetes_executor.py
[2025-03-26T22:43:55.941+0530] {processor.py:914} INFO - Processing file /Users/uk/miniforge3/lib/python3.10/site-packages/airflow/example_dags/example_kubernetes_executor.py for tasks to queue
[2025-03-26T22:43:55.941+0530] {logging_mixin.py:190} INFO - [2025-03-26T22:43:55.941+0530] {dagbag.py:588} INFO - Filling up the DagBag from /Users/uk/miniforge3/lib/python3.10/site-packages/airflow/example_dags/example_kubernetes_executor.py
[2025-03-26T22:43:55.954+0530] {logging_mixin.py:190} INFO - [2025-03-26T22:43:55.953+0530] {example_kubernetes_executor.py:39} WARNING - The example_kubernetes_executor example DAG requires the kubernetes provider. Please install it with: pip install apache-airflow[cncf.kubernetes]
[2025-03-26T22:43:55.954+0530] {processor.py:927} WARNING - No viable dags retrieved from /Users/uk/miniforge3/lib/python3.10/site-packages/airflow/example_dags/example_kubernetes_executor.py
[2025-03-26T22:43:55.988+0530] {processor.py:208} INFO - Processing /Users/uk/miniforge3/lib/python3.10/site-packages/airflow/example_dags/example_kubernetes_executor.py took 0.049 seconds
[2025-03-26T22:46:28.270+0530] {processor.py:186} INFO - Started process (PID=11356) to work on /Users/uk/miniforge3/lib/python3.10/site-packages/airflow/example_dags/example_kubernetes_executor.py
[2025-03-26T22:46:28.271+0530] {processor.py:914} INFO - Processing file /Users/uk/miniforge3/lib/python3.10/site-packages/airflow/example_dags/example_kubernetes_executor.py for tasks to queue
[2025-03-26T22:46:28.271+0530] {logging_mixin.py:190} INFO - [2025-03-26T22:46:28.271+0530] {dagbag.py:588} INFO - Filling up the DagBag from /Users/uk/miniforge3/lib/python3.10/site-packages/airflow/example_dags/example_kubernetes_executor.py
[2025-03-26T22:46:28.285+0530] {logging_mixin.py:190} INFO - [2025-03-26T22:46:28.285+0530] {example_kubernetes_executor.py:39} WARNING - The example_kubernetes_executor example DAG requires the kubernetes provider. Please install it with: pip install apache-airflow[cncf.kubernetes]
[2025-03-26T22:46:28.285+0530] {processor.py:927} WARNING - No viable dags retrieved from /Users/uk/miniforge3/lib/python3.10/site-packages/airflow/example_dags/example_kubernetes_executor.py
[2025-03-26T22:46:28.320+0530] {processor.py:208} INFO - Processing /Users/uk/miniforge3/lib/python3.10/site-packages/airflow/example_dags/example_kubernetes_executor.py took 0.051 seconds
[2025-03-26T22:48:52.696+0530] {processor.py:186} INFO - Started process (PID=11611) to work on /Users/uk/miniforge3/lib/python3.10/site-packages/airflow/example_dags/example_kubernetes_executor.py
[2025-03-26T22:48:52.697+0530] {processor.py:914} INFO - Processing file /Users/uk/miniforge3/lib/python3.10/site-packages/airflow/example_dags/example_kubernetes_executor.py for tasks to queue
[2025-03-26T22:48:52.697+0530] {logging_mixin.py:190} INFO - [2025-03-26T22:48:52.697+0530] {dagbag.py:588} INFO - Filling up the DagBag from /Users/uk/miniforge3/lib/python3.10/site-packages/airflow/example_dags/example_kubernetes_executor.py
[2025-03-26T22:48:52.710+0530] {logging_mixin.py:190} INFO - [2025-03-26T22:48:52.710+0530] {example_kubernetes_executor.py:39} WARNING - The example_kubernetes_executor example DAG requires the kubernetes provider. Please install it with: pip install apache-airflow[cncf.kubernetes]
[2025-03-26T22:48:52.710+0530] {processor.py:927} WARNING - No viable dags retrieved from /Users/uk/miniforge3/lib/python3.10/site-packages/airflow/example_dags/example_kubernetes_executor.py
[2025-03-26T22:48:52.743+0530] {processor.py:208} INFO - Processing /Users/uk/miniforge3/lib/python3.10/site-packages/airflow/example_dags/example_kubernetes_executor.py took 0.048 seconds
[2025-03-26T22:51:35.174+0530] {processor.py:186} INFO - Started process (PID=12233) to work on /Users/uk/miniforge3/lib/python3.10/site-packages/airflow/example_dags/example_kubernetes_executor.py
[2025-03-26T22:51:35.175+0530] {processor.py:914} INFO - Processing file /Users/uk/miniforge3/lib/python3.10/site-packages/airflow/example_dags/example_kubernetes_executor.py for tasks to queue
[2025-03-26T22:51:35.175+0530] {logging_mixin.py:190} INFO - [2025-03-26T22:51:35.175+0530] {dagbag.py:588} INFO - Filling up the DagBag from /Users/uk/miniforge3/lib/python3.10/site-packages/airflow/example_dags/example_kubernetes_executor.py
[2025-03-26T22:51:35.188+0530] {logging_mixin.py:190} INFO - [2025-03-26T22:51:35.188+0530] {example_kubernetes_executor.py:39} WARNING - The example_kubernetes_executor example DAG requires the kubernetes provider. Please install it with: pip install apache-airflow[cncf.kubernetes]
[2025-03-26T22:51:35.188+0530] {processor.py:927} WARNING - No viable dags retrieved from /Users/uk/miniforge3/lib/python3.10/site-packages/airflow/example_dags/example_kubernetes_executor.py
[2025-03-26T22:51:35.222+0530] {processor.py:208} INFO - Processing /Users/uk/miniforge3/lib/python3.10/site-packages/airflow/example_dags/example_kubernetes_executor.py took 0.049 seconds
