[2025-03-26T22:08:40.807+0530] {processor.py:186} INFO - Started process (PID=6269) to work on /Users/uk/miniforge3/lib/python3.10/site-packages/airflow/example_dags/example_short_circuit_operator.py
[2025-03-26T22:08:40.807+0530] {processor.py:914} INFO - Processing file /Users/uk/miniforge3/lib/python3.10/site-packages/airflow/example_dags/example_short_circuit_operator.py for tasks to queue
[2025-03-26T22:08:40.808+0530] {logging_mixin.py:190} INFO - [2025-03-26T22:08:40.808+0530] {dagbag.py:588} INFO - Filling up the DagBag from /Users/uk/miniforge3/lib/python3.10/site-packages/airflow/example_dags/example_short_circuit_operator.py
[2025-03-26T22:08:40.819+0530] {processor.py:925} INFO - DAG(s) 'example_short_circuit_operator' retrieved from /Users/uk/miniforge3/lib/python3.10/site-packages/airflow/example_dags/example_short_circuit_operator.py
[2025-03-26T22:08:40.859+0530] {logging_mixin.py:190} INFO - [2025-03-26T22:08:40.859+0530] {dag.py:3239} INFO - Sync 1 DAGs
[2025-03-26T22:08:40.863+0530] {logging_mixin.py:190} INFO - [2025-03-26T22:08:40.863+0530] {dag.py:4180} INFO - Setting next_dagrun for example_short_circuit_operator to None, run_after=None
[2025-03-26T22:08:40.869+0530] {processor.py:208} INFO - Processing /Users/uk/miniforge3/lib/python3.10/site-packages/airflow/example_dags/example_short_circuit_operator.py took 0.064 seconds
[2025-03-26T22:10:24.514+0530] {processor.py:186} INFO - Started process (PID=6788) to work on /Users/uk/miniforge3/lib/python3.10/site-packages/airflow/example_dags/example_short_circuit_operator.py
[2025-03-26T22:10:24.515+0530] {processor.py:914} INFO - Processing file /Users/uk/miniforge3/lib/python3.10/site-packages/airflow/example_dags/example_short_circuit_operator.py for tasks to queue
[2025-03-26T22:10:24.515+0530] {logging_mixin.py:190} INFO - [2025-03-26T22:10:24.515+0530] {dagbag.py:588} INFO - Filling up the DagBag from /Users/uk/miniforge3/lib/python3.10/site-packages/airflow/example_dags/example_short_circuit_operator.py
[2025-03-26T22:10:24.525+0530] {processor.py:925} INFO - DAG(s) 'example_short_circuit_operator' retrieved from /Users/uk/miniforge3/lib/python3.10/site-packages/airflow/example_dags/example_short_circuit_operator.py
[2025-03-26T22:10:24.569+0530] {logging_mixin.py:190} INFO - [2025-03-26T22:10:24.568+0530] {dag.py:3239} INFO - Sync 1 DAGs
[2025-03-26T22:10:24.573+0530] {logging_mixin.py:190} INFO - [2025-03-26T22:10:24.573+0530] {dag.py:4180} INFO - Setting next_dagrun for example_short_circuit_operator to None, run_after=None
[2025-03-26T22:10:24.580+0530] {processor.py:208} INFO - Processing /Users/uk/miniforge3/lib/python3.10/site-packages/airflow/example_dags/example_short_circuit_operator.py took 0.067 seconds
[2025-03-26T22:11:39.748+0530] {processor.py:186} INFO - Started process (PID=6915) to work on /Users/uk/miniforge3/lib/python3.10/site-packages/airflow/example_dags/example_short_circuit_operator.py
[2025-03-26T22:11:39.749+0530] {processor.py:914} INFO - Processing file /Users/uk/miniforge3/lib/python3.10/site-packages/airflow/example_dags/example_short_circuit_operator.py for tasks to queue
[2025-03-26T22:11:39.750+0530] {logging_mixin.py:190} INFO - [2025-03-26T22:11:39.749+0530] {dagbag.py:588} INFO - Filling up the DagBag from /Users/uk/miniforge3/lib/python3.10/site-packages/airflow/example_dags/example_short_circuit_operator.py
[2025-03-26T22:11:39.761+0530] {processor.py:925} INFO - DAG(s) 'example_short_circuit_operator' retrieved from /Users/uk/miniforge3/lib/python3.10/site-packages/airflow/example_dags/example_short_circuit_operator.py
[2025-03-26T22:11:39.802+0530] {logging_mixin.py:190} INFO - [2025-03-26T22:11:39.801+0530] {dag.py:3239} INFO - Sync 1 DAGs
[2025-03-26T22:11:39.806+0530] {logging_mixin.py:190} INFO - [2025-03-26T22:11:39.806+0530] {dag.py:4180} INFO - Setting next_dagrun for example_short_circuit_operator to None, run_after=None
[2025-03-26T22:11:39.813+0530] {processor.py:208} INFO - Processing /Users/uk/miniforge3/lib/python3.10/site-packages/airflow/example_dags/example_short_circuit_operator.py took 0.066 seconds
[2025-03-26T22:13:07.422+0530] {processor.py:186} INFO - Started process (PID=7095) to work on /Users/uk/miniforge3/lib/python3.10/site-packages/airflow/example_dags/example_short_circuit_operator.py
[2025-03-26T22:13:07.422+0530] {processor.py:914} INFO - Processing file /Users/uk/miniforge3/lib/python3.10/site-packages/airflow/example_dags/example_short_circuit_operator.py for tasks to queue
[2025-03-26T22:13:07.423+0530] {logging_mixin.py:190} INFO - [2025-03-26T22:13:07.423+0530] {dagbag.py:588} INFO - Filling up the DagBag from /Users/uk/miniforge3/lib/python3.10/site-packages/airflow/example_dags/example_short_circuit_operator.py
[2025-03-26T22:13:07.434+0530] {processor.py:925} INFO - DAG(s) 'example_short_circuit_operator' retrieved from /Users/uk/miniforge3/lib/python3.10/site-packages/airflow/example_dags/example_short_circuit_operator.py
[2025-03-26T22:13:07.481+0530] {logging_mixin.py:190} INFO - [2025-03-26T22:13:07.480+0530] {dag.py:3239} INFO - Sync 1 DAGs
[2025-03-26T22:13:07.485+0530] {logging_mixin.py:190} INFO - [2025-03-26T22:13:07.485+0530] {dag.py:4180} INFO - Setting next_dagrun for example_short_circuit_operator to None, run_after=None
[2025-03-26T22:13:07.492+0530] {processor.py:208} INFO - Processing /Users/uk/miniforge3/lib/python3.10/site-packages/airflow/example_dags/example_short_circuit_operator.py took 0.071 seconds
[2025-03-26T22:14:57.247+0530] {processor.py:186} INFO - Started process (PID=7606) to work on /Users/uk/miniforge3/lib/python3.10/site-packages/airflow/example_dags/example_short_circuit_operator.py
[2025-03-26T22:14:57.248+0530] {processor.py:914} INFO - Processing file /Users/uk/miniforge3/lib/python3.10/site-packages/airflow/example_dags/example_short_circuit_operator.py for tasks to queue
[2025-03-26T22:14:57.248+0530] {logging_mixin.py:190} INFO - [2025-03-26T22:14:57.248+0530] {dagbag.py:588} INFO - Filling up the DagBag from /Users/uk/miniforge3/lib/python3.10/site-packages/airflow/example_dags/example_short_circuit_operator.py
[2025-03-26T22:14:57.259+0530] {processor.py:925} INFO - DAG(s) 'example_short_circuit_operator' retrieved from /Users/uk/miniforge3/lib/python3.10/site-packages/airflow/example_dags/example_short_circuit_operator.py
[2025-03-26T22:14:57.299+0530] {logging_mixin.py:190} INFO - [2025-03-26T22:14:57.298+0530] {dag.py:3239} INFO - Sync 1 DAGs
[2025-03-26T22:14:57.303+0530] {logging_mixin.py:190} INFO - [2025-03-26T22:14:57.302+0530] {dag.py:4180} INFO - Setting next_dagrun for example_short_circuit_operator to None, run_after=None
[2025-03-26T22:14:57.309+0530] {processor.py:208} INFO - Processing /Users/uk/miniforge3/lib/python3.10/site-packages/airflow/example_dags/example_short_circuit_operator.py took 0.063 seconds
[2025-03-26T22:16:18.728+0530] {processor.py:186} INFO - Started process (PID=7781) to work on /Users/uk/miniforge3/lib/python3.10/site-packages/airflow/example_dags/example_short_circuit_operator.py
[2025-03-26T22:16:18.728+0530] {processor.py:914} INFO - Processing file /Users/uk/miniforge3/lib/python3.10/site-packages/airflow/example_dags/example_short_circuit_operator.py for tasks to queue
[2025-03-26T22:16:18.729+0530] {logging_mixin.py:190} INFO - [2025-03-26T22:16:18.729+0530] {dagbag.py:588} INFO - Filling up the DagBag from /Users/uk/miniforge3/lib/python3.10/site-packages/airflow/example_dags/example_short_circuit_operator.py
[2025-03-26T22:16:18.740+0530] {processor.py:925} INFO - DAG(s) 'example_short_circuit_operator' retrieved from /Users/uk/miniforge3/lib/python3.10/site-packages/airflow/example_dags/example_short_circuit_operator.py
[2025-03-26T22:16:18.779+0530] {logging_mixin.py:190} INFO - [2025-03-26T22:16:18.778+0530] {dag.py:3239} INFO - Sync 1 DAGs
[2025-03-26T22:16:18.783+0530] {logging_mixin.py:190} INFO - [2025-03-26T22:16:18.783+0530] {dag.py:4180} INFO - Setting next_dagrun for example_short_circuit_operator to None, run_after=None
[2025-03-26T22:16:18.789+0530] {processor.py:208} INFO - Processing /Users/uk/miniforge3/lib/python3.10/site-packages/airflow/example_dags/example_short_circuit_operator.py took 0.063 seconds
[2025-03-26T22:17:37.780+0530] {processor.py:186} INFO - Started process (PID=7927) to work on /Users/uk/miniforge3/lib/python3.10/site-packages/airflow/example_dags/example_short_circuit_operator.py
[2025-03-26T22:17:37.781+0530] {processor.py:914} INFO - Processing file /Users/uk/miniforge3/lib/python3.10/site-packages/airflow/example_dags/example_short_circuit_operator.py for tasks to queue
[2025-03-26T22:17:37.781+0530] {logging_mixin.py:190} INFO - [2025-03-26T22:17:37.781+0530] {dagbag.py:588} INFO - Filling up the DagBag from /Users/uk/miniforge3/lib/python3.10/site-packages/airflow/example_dags/example_short_circuit_operator.py
[2025-03-26T22:17:37.795+0530] {processor.py:925} INFO - DAG(s) 'example_short_circuit_operator' retrieved from /Users/uk/miniforge3/lib/python3.10/site-packages/airflow/example_dags/example_short_circuit_operator.py
[2025-03-26T22:17:37.834+0530] {logging_mixin.py:190} INFO - [2025-03-26T22:17:37.834+0530] {dag.py:3239} INFO - Sync 1 DAGs
[2025-03-26T22:17:37.838+0530] {logging_mixin.py:190} INFO - [2025-03-26T22:17:37.838+0530] {dag.py:4180} INFO - Setting next_dagrun for example_short_circuit_operator to None, run_after=None
[2025-03-26T22:17:37.845+0530] {processor.py:208} INFO - Processing /Users/uk/miniforge3/lib/python3.10/site-packages/airflow/example_dags/example_short_circuit_operator.py took 0.067 seconds
[2025-03-26T22:18:55.653+0530] {processor.py:186} INFO - Started process (PID=8061) to work on /Users/uk/miniforge3/lib/python3.10/site-packages/airflow/example_dags/example_short_circuit_operator.py
[2025-03-26T22:18:55.654+0530] {processor.py:914} INFO - Processing file /Users/uk/miniforge3/lib/python3.10/site-packages/airflow/example_dags/example_short_circuit_operator.py for tasks to queue
[2025-03-26T22:18:55.655+0530] {logging_mixin.py:190} INFO - [2025-03-26T22:18:55.654+0530] {dagbag.py:588} INFO - Filling up the DagBag from /Users/uk/miniforge3/lib/python3.10/site-packages/airflow/example_dags/example_short_circuit_operator.py
[2025-03-26T22:18:55.665+0530] {processor.py:925} INFO - DAG(s) 'example_short_circuit_operator' retrieved from /Users/uk/miniforge3/lib/python3.10/site-packages/airflow/example_dags/example_short_circuit_operator.py
[2025-03-26T22:18:55.704+0530] {logging_mixin.py:190} INFO - [2025-03-26T22:18:55.703+0530] {dag.py:3239} INFO - Sync 1 DAGs
[2025-03-26T22:18:55.708+0530] {logging_mixin.py:190} INFO - [2025-03-26T22:18:55.708+0530] {dag.py:4180} INFO - Setting next_dagrun for example_short_circuit_operator to None, run_after=None
[2025-03-26T22:18:55.714+0530] {processor.py:208} INFO - Processing /Users/uk/miniforge3/lib/python3.10/site-packages/airflow/example_dags/example_short_circuit_operator.py took 0.062 seconds
[2025-03-26T22:20:13.709+0530] {processor.py:186} INFO - Started process (PID=8195) to work on /Users/uk/miniforge3/lib/python3.10/site-packages/airflow/example_dags/example_short_circuit_operator.py
[2025-03-26T22:20:13.710+0530] {processor.py:914} INFO - Processing file /Users/uk/miniforge3/lib/python3.10/site-packages/airflow/example_dags/example_short_circuit_operator.py for tasks to queue
[2025-03-26T22:20:13.710+0530] {logging_mixin.py:190} INFO - [2025-03-26T22:20:13.710+0530] {dagbag.py:588} INFO - Filling up the DagBag from /Users/uk/miniforge3/lib/python3.10/site-packages/airflow/example_dags/example_short_circuit_operator.py
[2025-03-26T22:20:13.722+0530] {processor.py:925} INFO - DAG(s) 'example_short_circuit_operator' retrieved from /Users/uk/miniforge3/lib/python3.10/site-packages/airflow/example_dags/example_short_circuit_operator.py
[2025-03-26T22:20:13.761+0530] {logging_mixin.py:190} INFO - [2025-03-26T22:20:13.761+0530] {dag.py:3239} INFO - Sync 1 DAGs
[2025-03-26T22:20:13.765+0530] {logging_mixin.py:190} INFO - [2025-03-26T22:20:13.765+0530] {dag.py:4180} INFO - Setting next_dagrun for example_short_circuit_operator to None, run_after=None
[2025-03-26T22:20:13.774+0530] {processor.py:208} INFO - Processing /Users/uk/miniforge3/lib/python3.10/site-packages/airflow/example_dags/example_short_circuit_operator.py took 0.066 seconds
[2025-03-26T22:21:29.428+0530] {processor.py:186} INFO - Started process (PID=8359) to work on /Users/uk/miniforge3/lib/python3.10/site-packages/airflow/example_dags/example_short_circuit_operator.py
[2025-03-26T22:21:29.429+0530] {processor.py:914} INFO - Processing file /Users/uk/miniforge3/lib/python3.10/site-packages/airflow/example_dags/example_short_circuit_operator.py for tasks to queue
[2025-03-26T22:21:29.430+0530] {logging_mixin.py:190} INFO - [2025-03-26T22:21:29.430+0530] {dagbag.py:588} INFO - Filling up the DagBag from /Users/uk/miniforge3/lib/python3.10/site-packages/airflow/example_dags/example_short_circuit_operator.py
[2025-03-26T22:21:29.440+0530] {processor.py:925} INFO - DAG(s) 'example_short_circuit_operator' retrieved from /Users/uk/miniforge3/lib/python3.10/site-packages/airflow/example_dags/example_short_circuit_operator.py
[2025-03-26T22:21:29.481+0530] {logging_mixin.py:190} INFO - [2025-03-26T22:21:29.481+0530] {dag.py:3239} INFO - Sync 1 DAGs
[2025-03-26T22:21:29.485+0530] {logging_mixin.py:190} INFO - [2025-03-26T22:21:29.485+0530] {dag.py:4180} INFO - Setting next_dagrun for example_short_circuit_operator to None, run_after=None
[2025-03-26T22:21:29.493+0530] {processor.py:208} INFO - Processing /Users/uk/miniforge3/lib/python3.10/site-packages/airflow/example_dags/example_short_circuit_operator.py took 0.066 seconds
[2025-03-26T22:22:44.926+0530] {processor.py:186} INFO - Started process (PID=8496) to work on /Users/uk/miniforge3/lib/python3.10/site-packages/airflow/example_dags/example_short_circuit_operator.py
[2025-03-26T22:22:44.927+0530] {processor.py:914} INFO - Processing file /Users/uk/miniforge3/lib/python3.10/site-packages/airflow/example_dags/example_short_circuit_operator.py for tasks to queue
[2025-03-26T22:22:44.927+0530] {logging_mixin.py:190} INFO - [2025-03-26T22:22:44.927+0530] {dagbag.py:588} INFO - Filling up the DagBag from /Users/uk/miniforge3/lib/python3.10/site-packages/airflow/example_dags/example_short_circuit_operator.py
[2025-03-26T22:22:44.938+0530] {processor.py:925} INFO - DAG(s) 'example_short_circuit_operator' retrieved from /Users/uk/miniforge3/lib/python3.10/site-packages/airflow/example_dags/example_short_circuit_operator.py
[2025-03-26T22:22:44.977+0530] {logging_mixin.py:190} INFO - [2025-03-26T22:22:44.976+0530] {dag.py:3239} INFO - Sync 1 DAGs
[2025-03-26T22:22:44.981+0530] {logging_mixin.py:190} INFO - [2025-03-26T22:22:44.980+0530] {dag.py:4180} INFO - Setting next_dagrun for example_short_circuit_operator to None, run_after=None
[2025-03-26T22:22:44.987+0530] {processor.py:208} INFO - Processing /Users/uk/miniforge3/lib/python3.10/site-packages/airflow/example_dags/example_short_circuit_operator.py took 0.062 seconds
[2025-03-26T22:23:59.856+0530] {processor.py:186} INFO - Started process (PID=8631) to work on /Users/uk/miniforge3/lib/python3.10/site-packages/airflow/example_dags/example_short_circuit_operator.py
[2025-03-26T22:23:59.857+0530] {processor.py:914} INFO - Processing file /Users/uk/miniforge3/lib/python3.10/site-packages/airflow/example_dags/example_short_circuit_operator.py for tasks to queue
[2025-03-26T22:23:59.857+0530] {logging_mixin.py:190} INFO - [2025-03-26T22:23:59.857+0530] {dagbag.py:588} INFO - Filling up the DagBag from /Users/uk/miniforge3/lib/python3.10/site-packages/airflow/example_dags/example_short_circuit_operator.py
[2025-03-26T22:23:59.869+0530] {processor.py:925} INFO - DAG(s) 'example_short_circuit_operator' retrieved from /Users/uk/miniforge3/lib/python3.10/site-packages/airflow/example_dags/example_short_circuit_operator.py
[2025-03-26T22:23:59.911+0530] {logging_mixin.py:190} INFO - [2025-03-26T22:23:59.910+0530] {dag.py:3239} INFO - Sync 1 DAGs
[2025-03-26T22:23:59.915+0530] {logging_mixin.py:190} INFO - [2025-03-26T22:23:59.915+0530] {dag.py:4180} INFO - Setting next_dagrun for example_short_circuit_operator to None, run_after=None
[2025-03-26T22:23:59.921+0530] {processor.py:208} INFO - Processing /Users/uk/miniforge3/lib/python3.10/site-packages/airflow/example_dags/example_short_circuit_operator.py took 0.066 seconds
[2025-03-26T22:25:21.677+0530] {processor.py:186} INFO - Started process (PID=8772) to work on /Users/uk/miniforge3/lib/python3.10/site-packages/airflow/example_dags/example_short_circuit_operator.py
[2025-03-26T22:25:21.678+0530] {processor.py:914} INFO - Processing file /Users/uk/miniforge3/lib/python3.10/site-packages/airflow/example_dags/example_short_circuit_operator.py for tasks to queue
[2025-03-26T22:25:21.678+0530] {logging_mixin.py:190} INFO - [2025-03-26T22:25:21.678+0530] {dagbag.py:588} INFO - Filling up the DagBag from /Users/uk/miniforge3/lib/python3.10/site-packages/airflow/example_dags/example_short_circuit_operator.py
[2025-03-26T22:25:21.690+0530] {processor.py:925} INFO - DAG(s) 'example_short_circuit_operator' retrieved from /Users/uk/miniforge3/lib/python3.10/site-packages/airflow/example_dags/example_short_circuit_operator.py
[2025-03-26T22:25:21.730+0530] {logging_mixin.py:190} INFO - [2025-03-26T22:25:21.729+0530] {dag.py:3239} INFO - Sync 1 DAGs
[2025-03-26T22:25:21.734+0530] {logging_mixin.py:190} INFO - [2025-03-26T22:25:21.734+0530] {dag.py:4180} INFO - Setting next_dagrun for example_short_circuit_operator to None, run_after=None
[2025-03-26T22:25:21.740+0530] {processor.py:208} INFO - Processing /Users/uk/miniforge3/lib/python3.10/site-packages/airflow/example_dags/example_short_circuit_operator.py took 0.065 seconds
[2025-03-26T22:26:40.259+0530] {processor.py:186} INFO - Started process (PID=8905) to work on /Users/uk/miniforge3/lib/python3.10/site-packages/airflow/example_dags/example_short_circuit_operator.py
[2025-03-26T22:26:40.260+0530] {processor.py:914} INFO - Processing file /Users/uk/miniforge3/lib/python3.10/site-packages/airflow/example_dags/example_short_circuit_operator.py for tasks to queue
[2025-03-26T22:26:40.261+0530] {logging_mixin.py:190} INFO - [2025-03-26T22:26:40.261+0530] {dagbag.py:588} INFO - Filling up the DagBag from /Users/uk/miniforge3/lib/python3.10/site-packages/airflow/example_dags/example_short_circuit_operator.py
[2025-03-26T22:26:40.271+0530] {processor.py:925} INFO - DAG(s) 'example_short_circuit_operator' retrieved from /Users/uk/miniforge3/lib/python3.10/site-packages/airflow/example_dags/example_short_circuit_operator.py
[2025-03-26T22:26:40.310+0530] {logging_mixin.py:190} INFO - [2025-03-26T22:26:40.309+0530] {dag.py:3239} INFO - Sync 1 DAGs
[2025-03-26T22:26:40.314+0530] {logging_mixin.py:190} INFO - [2025-03-26T22:26:40.313+0530] {dag.py:4180} INFO - Setting next_dagrun for example_short_circuit_operator to None, run_after=None
[2025-03-26T22:26:40.321+0530] {processor.py:208} INFO - Processing /Users/uk/miniforge3/lib/python3.10/site-packages/airflow/example_dags/example_short_circuit_operator.py took 0.062 seconds
[2025-03-26T22:27:57.840+0530] {processor.py:186} INFO - Started process (PID=9050) to work on /Users/uk/miniforge3/lib/python3.10/site-packages/airflow/example_dags/example_short_circuit_operator.py
[2025-03-26T22:27:57.840+0530] {processor.py:914} INFO - Processing file /Users/uk/miniforge3/lib/python3.10/site-packages/airflow/example_dags/example_short_circuit_operator.py for tasks to queue
[2025-03-26T22:27:57.841+0530] {logging_mixin.py:190} INFO - [2025-03-26T22:27:57.841+0530] {dagbag.py:588} INFO - Filling up the DagBag from /Users/uk/miniforge3/lib/python3.10/site-packages/airflow/example_dags/example_short_circuit_operator.py
[2025-03-26T22:27:57.855+0530] {processor.py:925} INFO - DAG(s) 'example_short_circuit_operator' retrieved from /Users/uk/miniforge3/lib/python3.10/site-packages/airflow/example_dags/example_short_circuit_operator.py
[2025-03-26T22:27:57.903+0530] {logging_mixin.py:190} INFO - [2025-03-26T22:27:57.903+0530] {dag.py:3239} INFO - Sync 1 DAGs
[2025-03-26T22:27:57.908+0530] {logging_mixin.py:190} INFO - [2025-03-26T22:27:57.908+0530] {dag.py:4180} INFO - Setting next_dagrun for example_short_circuit_operator to None, run_after=None
[2025-03-26T22:27:57.916+0530] {processor.py:208} INFO - Processing /Users/uk/miniforge3/lib/python3.10/site-packages/airflow/example_dags/example_short_circuit_operator.py took 0.079 seconds
[2025-03-26T22:29:21.933+0530] {processor.py:186} INFO - Started process (PID=9175) to work on /Users/uk/miniforge3/lib/python3.10/site-packages/airflow/example_dags/example_short_circuit_operator.py
[2025-03-26T22:29:21.934+0530] {processor.py:914} INFO - Processing file /Users/uk/miniforge3/lib/python3.10/site-packages/airflow/example_dags/example_short_circuit_operator.py for tasks to queue
[2025-03-26T22:29:21.934+0530] {logging_mixin.py:190} INFO - [2025-03-26T22:29:21.934+0530] {dagbag.py:588} INFO - Filling up the DagBag from /Users/uk/miniforge3/lib/python3.10/site-packages/airflow/example_dags/example_short_circuit_operator.py
[2025-03-26T22:29:21.944+0530] {processor.py:925} INFO - DAG(s) 'example_short_circuit_operator' retrieved from /Users/uk/miniforge3/lib/python3.10/site-packages/airflow/example_dags/example_short_circuit_operator.py
[2025-03-26T22:29:21.986+0530] {logging_mixin.py:190} INFO - [2025-03-26T22:29:21.985+0530] {dag.py:3239} INFO - Sync 1 DAGs
[2025-03-26T22:29:21.990+0530] {logging_mixin.py:190} INFO - [2025-03-26T22:29:21.990+0530] {dag.py:4180} INFO - Setting next_dagrun for example_short_circuit_operator to None, run_after=None
[2025-03-26T22:29:21.997+0530] {processor.py:208} INFO - Processing /Users/uk/miniforge3/lib/python3.10/site-packages/airflow/example_dags/example_short_circuit_operator.py took 0.065 seconds
[2025-03-26T22:30:37.780+0530] {processor.py:186} INFO - Started process (PID=9319) to work on /Users/uk/miniforge3/lib/python3.10/site-packages/airflow/example_dags/example_short_circuit_operator.py
[2025-03-26T22:30:37.781+0530] {processor.py:914} INFO - Processing file /Users/uk/miniforge3/lib/python3.10/site-packages/airflow/example_dags/example_short_circuit_operator.py for tasks to queue
[2025-03-26T22:30:37.781+0530] {logging_mixin.py:190} INFO - [2025-03-26T22:30:37.781+0530] {dagbag.py:588} INFO - Filling up the DagBag from /Users/uk/miniforge3/lib/python3.10/site-packages/airflow/example_dags/example_short_circuit_operator.py
[2025-03-26T22:30:37.792+0530] {processor.py:925} INFO - DAG(s) 'example_short_circuit_operator' retrieved from /Users/uk/miniforge3/lib/python3.10/site-packages/airflow/example_dags/example_short_circuit_operator.py
[2025-03-26T22:30:37.832+0530] {logging_mixin.py:190} INFO - [2025-03-26T22:30:37.831+0530] {dag.py:3239} INFO - Sync 1 DAGs
[2025-03-26T22:30:37.836+0530] {logging_mixin.py:190} INFO - [2025-03-26T22:30:37.836+0530] {dag.py:4180} INFO - Setting next_dagrun for example_short_circuit_operator to None, run_after=None
[2025-03-26T22:30:37.843+0530] {processor.py:208} INFO - Processing /Users/uk/miniforge3/lib/python3.10/site-packages/airflow/example_dags/example_short_circuit_operator.py took 0.064 seconds
[2025-03-26T22:31:49.274+0530] {processor.py:186} INFO - Started process (PID=9447) to work on /Users/uk/miniforge3/lib/python3.10/site-packages/airflow/example_dags/example_short_circuit_operator.py
[2025-03-26T22:31:49.275+0530] {processor.py:914} INFO - Processing file /Users/uk/miniforge3/lib/python3.10/site-packages/airflow/example_dags/example_short_circuit_operator.py for tasks to queue
[2025-03-26T22:31:49.275+0530] {logging_mixin.py:190} INFO - [2025-03-26T22:31:49.275+0530] {dagbag.py:588} INFO - Filling up the DagBag from /Users/uk/miniforge3/lib/python3.10/site-packages/airflow/example_dags/example_short_circuit_operator.py
[2025-03-26T22:31:49.286+0530] {processor.py:925} INFO - DAG(s) 'example_short_circuit_operator' retrieved from /Users/uk/miniforge3/lib/python3.10/site-packages/airflow/example_dags/example_short_circuit_operator.py
[2025-03-26T22:31:49.326+0530] {logging_mixin.py:190} INFO - [2025-03-26T22:31:49.325+0530] {dag.py:3239} INFO - Sync 1 DAGs
[2025-03-26T22:31:49.330+0530] {logging_mixin.py:190} INFO - [2025-03-26T22:31:49.330+0530] {dag.py:4180} INFO - Setting next_dagrun for example_short_circuit_operator to None, run_after=None
[2025-03-26T22:31:49.336+0530] {processor.py:208} INFO - Processing /Users/uk/miniforge3/lib/python3.10/site-packages/airflow/example_dags/example_short_circuit_operator.py took 0.063 seconds
[2025-03-26T22:34:14.058+0530] {processor.py:186} INFO - Started process (PID=9691) to work on /Users/uk/miniforge3/lib/python3.10/site-packages/airflow/example_dags/example_short_circuit_operator.py
[2025-03-26T22:34:14.060+0530] {processor.py:914} INFO - Processing file /Users/uk/miniforge3/lib/python3.10/site-packages/airflow/example_dags/example_short_circuit_operator.py for tasks to queue
[2025-03-26T22:34:14.060+0530] {logging_mixin.py:190} INFO - [2025-03-26T22:34:14.060+0530] {dagbag.py:588} INFO - Filling up the DagBag from /Users/uk/miniforge3/lib/python3.10/site-packages/airflow/example_dags/example_short_circuit_operator.py
[2025-03-26T22:34:14.072+0530] {processor.py:925} INFO - DAG(s) 'example_short_circuit_operator' retrieved from /Users/uk/miniforge3/lib/python3.10/site-packages/airflow/example_dags/example_short_circuit_operator.py
[2025-03-26T22:34:14.111+0530] {logging_mixin.py:190} INFO - [2025-03-26T22:34:14.110+0530] {dag.py:3239} INFO - Sync 1 DAGs
[2025-03-26T22:34:14.115+0530] {logging_mixin.py:190} INFO - [2025-03-26T22:34:14.115+0530] {dag.py:4180} INFO - Setting next_dagrun for example_short_circuit_operator to None, run_after=None
[2025-03-26T22:34:14.121+0530] {processor.py:208} INFO - Processing /Users/uk/miniforge3/lib/python3.10/site-packages/airflow/example_dags/example_short_circuit_operator.py took 0.064 seconds
[2025-03-26T22:35:36.189+0530] {processor.py:186} INFO - Started process (PID=9887) to work on /Users/uk/miniforge3/lib/python3.10/site-packages/airflow/example_dags/example_short_circuit_operator.py
[2025-03-26T22:35:36.190+0530] {processor.py:914} INFO - Processing file /Users/uk/miniforge3/lib/python3.10/site-packages/airflow/example_dags/example_short_circuit_operator.py for tasks to queue
[2025-03-26T22:35:36.191+0530] {logging_mixin.py:190} INFO - [2025-03-26T22:35:36.190+0530] {dagbag.py:588} INFO - Filling up the DagBag from /Users/uk/miniforge3/lib/python3.10/site-packages/airflow/example_dags/example_short_circuit_operator.py
[2025-03-26T22:35:36.201+0530] {processor.py:925} INFO - DAG(s) 'example_short_circuit_operator' retrieved from /Users/uk/miniforge3/lib/python3.10/site-packages/airflow/example_dags/example_short_circuit_operator.py
[2025-03-26T22:35:36.241+0530] {logging_mixin.py:190} INFO - [2025-03-26T22:35:36.240+0530] {dag.py:3239} INFO - Sync 1 DAGs
[2025-03-26T22:35:36.246+0530] {logging_mixin.py:190} INFO - [2025-03-26T22:35:36.245+0530] {dag.py:4180} INFO - Setting next_dagrun for example_short_circuit_operator to None, run_after=None
[2025-03-26T22:35:36.252+0530] {processor.py:208} INFO - Processing /Users/uk/miniforge3/lib/python3.10/site-packages/airflow/example_dags/example_short_circuit_operator.py took 0.064 seconds
[2025-03-26T22:36:55.031+0530] {processor.py:186} INFO - Started process (PID=10033) to work on /Users/uk/miniforge3/lib/python3.10/site-packages/airflow/example_dags/example_short_circuit_operator.py
[2025-03-26T22:36:55.032+0530] {processor.py:914} INFO - Processing file /Users/uk/miniforge3/lib/python3.10/site-packages/airflow/example_dags/example_short_circuit_operator.py for tasks to queue
[2025-03-26T22:36:55.032+0530] {logging_mixin.py:190} INFO - [2025-03-26T22:36:55.032+0530] {dagbag.py:588} INFO - Filling up the DagBag from /Users/uk/miniforge3/lib/python3.10/site-packages/airflow/example_dags/example_short_circuit_operator.py
[2025-03-26T22:36:55.043+0530] {processor.py:925} INFO - DAG(s) 'example_short_circuit_operator' retrieved from /Users/uk/miniforge3/lib/python3.10/site-packages/airflow/example_dags/example_short_circuit_operator.py
[2025-03-26T22:36:55.083+0530] {logging_mixin.py:190} INFO - [2025-03-26T22:36:55.082+0530] {dag.py:3239} INFO - Sync 1 DAGs
[2025-03-26T22:36:55.087+0530] {logging_mixin.py:190} INFO - [2025-03-26T22:36:55.087+0530] {dag.py:4180} INFO - Setting next_dagrun for example_short_circuit_operator to None, run_after=None
[2025-03-26T22:36:55.093+0530] {processor.py:208} INFO - Processing /Users/uk/miniforge3/lib/python3.10/site-packages/airflow/example_dags/example_short_circuit_operator.py took 0.064 seconds
[2025-03-26T22:38:16.809+0530] {processor.py:186} INFO - Started process (PID=10175) to work on /Users/uk/miniforge3/lib/python3.10/site-packages/airflow/example_dags/example_short_circuit_operator.py
[2025-03-26T22:38:16.810+0530] {processor.py:914} INFO - Processing file /Users/uk/miniforge3/lib/python3.10/site-packages/airflow/example_dags/example_short_circuit_operator.py for tasks to queue
[2025-03-26T22:38:16.811+0530] {logging_mixin.py:190} INFO - [2025-03-26T22:38:16.811+0530] {dagbag.py:588} INFO - Filling up the DagBag from /Users/uk/miniforge3/lib/python3.10/site-packages/airflow/example_dags/example_short_circuit_operator.py
[2025-03-26T22:38:16.822+0530] {processor.py:925} INFO - DAG(s) 'example_short_circuit_operator' retrieved from /Users/uk/miniforge3/lib/python3.10/site-packages/airflow/example_dags/example_short_circuit_operator.py
[2025-03-26T22:38:16.865+0530] {logging_mixin.py:190} INFO - [2025-03-26T22:38:16.865+0530] {dag.py:3239} INFO - Sync 1 DAGs
[2025-03-26T22:38:16.869+0530] {logging_mixin.py:190} INFO - [2025-03-26T22:38:16.869+0530] {dag.py:4180} INFO - Setting next_dagrun for example_short_circuit_operator to None, run_after=None
[2025-03-26T22:38:16.876+0530] {processor.py:208} INFO - Processing /Users/uk/miniforge3/lib/python3.10/site-packages/airflow/example_dags/example_short_circuit_operator.py took 0.069 seconds
[2025-03-26T22:39:32.929+0530] {processor.py:186} INFO - Started process (PID=10558) to work on /Users/uk/miniforge3/lib/python3.10/site-packages/airflow/example_dags/example_short_circuit_operator.py
[2025-03-26T22:39:32.930+0530] {processor.py:914} INFO - Processing file /Users/uk/miniforge3/lib/python3.10/site-packages/airflow/example_dags/example_short_circuit_operator.py for tasks to queue
[2025-03-26T22:39:32.930+0530] {logging_mixin.py:190} INFO - [2025-03-26T22:39:32.930+0530] {dagbag.py:588} INFO - Filling up the DagBag from /Users/uk/miniforge3/lib/python3.10/site-packages/airflow/example_dags/example_short_circuit_operator.py
[2025-03-26T22:39:32.941+0530] {processor.py:925} INFO - DAG(s) 'example_short_circuit_operator' retrieved from /Users/uk/miniforge3/lib/python3.10/site-packages/airflow/example_dags/example_short_circuit_operator.py
[2025-03-26T22:39:32.982+0530] {logging_mixin.py:190} INFO - [2025-03-26T22:39:32.981+0530] {dag.py:3239} INFO - Sync 1 DAGs
[2025-03-26T22:39:32.986+0530] {logging_mixin.py:190} INFO - [2025-03-26T22:39:32.986+0530] {dag.py:4180} INFO - Setting next_dagrun for example_short_circuit_operator to None, run_after=None
[2025-03-26T22:39:32.992+0530] {processor.py:208} INFO - Processing /Users/uk/miniforge3/lib/python3.10/site-packages/airflow/example_dags/example_short_circuit_operator.py took 0.063 seconds
[2025-03-26T22:40:49.050+0530] {processor.py:186} INFO - Started process (PID=10745) to work on /Users/uk/miniforge3/lib/python3.10/site-packages/airflow/example_dags/example_short_circuit_operator.py
[2025-03-26T22:40:49.051+0530] {processor.py:914} INFO - Processing file /Users/uk/miniforge3/lib/python3.10/site-packages/airflow/example_dags/example_short_circuit_operator.py for tasks to queue
[2025-03-26T22:40:49.052+0530] {logging_mixin.py:190} INFO - [2025-03-26T22:40:49.051+0530] {dagbag.py:588} INFO - Filling up the DagBag from /Users/uk/miniforge3/lib/python3.10/site-packages/airflow/example_dags/example_short_circuit_operator.py
[2025-03-26T22:40:49.061+0530] {processor.py:925} INFO - DAG(s) 'example_short_circuit_operator' retrieved from /Users/uk/miniforge3/lib/python3.10/site-packages/airflow/example_dags/example_short_circuit_operator.py
[2025-03-26T22:40:49.101+0530] {logging_mixin.py:190} INFO - [2025-03-26T22:40:49.100+0530] {dag.py:3239} INFO - Sync 1 DAGs
[2025-03-26T22:40:49.104+0530] {logging_mixin.py:190} INFO - [2025-03-26T22:40:49.104+0530] {dag.py:4180} INFO - Setting next_dagrun for example_short_circuit_operator to None, run_after=None
[2025-03-26T22:40:49.110+0530] {processor.py:208} INFO - Processing /Users/uk/miniforge3/lib/python3.10/site-packages/airflow/example_dags/example_short_circuit_operator.py took 0.062 seconds
[2025-03-26T22:42:09.321+0530] {processor.py:186} INFO - Started process (PID=10937) to work on /Users/uk/miniforge3/lib/python3.10/site-packages/airflow/example_dags/example_short_circuit_operator.py
[2025-03-26T22:42:09.321+0530] {processor.py:914} INFO - Processing file /Users/uk/miniforge3/lib/python3.10/site-packages/airflow/example_dags/example_short_circuit_operator.py for tasks to queue
[2025-03-26T22:42:09.322+0530] {logging_mixin.py:190} INFO - [2025-03-26T22:42:09.322+0530] {dagbag.py:588} INFO - Filling up the DagBag from /Users/uk/miniforge3/lib/python3.10/site-packages/airflow/example_dags/example_short_circuit_operator.py
[2025-03-26T22:42:09.338+0530] {processor.py:925} INFO - DAG(s) 'example_short_circuit_operator' retrieved from /Users/uk/miniforge3/lib/python3.10/site-packages/airflow/example_dags/example_short_circuit_operator.py
[2025-03-26T22:42:09.384+0530] {logging_mixin.py:190} INFO - [2025-03-26T22:42:09.383+0530] {dag.py:3239} INFO - Sync 1 DAGs
[2025-03-26T22:42:09.388+0530] {logging_mixin.py:190} INFO - [2025-03-26T22:42:09.388+0530] {dag.py:4180} INFO - Setting next_dagrun for example_short_circuit_operator to None, run_after=None
[2025-03-26T22:42:09.395+0530] {processor.py:208} INFO - Processing /Users/uk/miniforge3/lib/python3.10/site-packages/airflow/example_dags/example_short_circuit_operator.py took 0.075 seconds
[2025-03-26T22:43:30.479+0530] {processor.py:186} INFO - Started process (PID=11066) to work on /Users/uk/miniforge3/lib/python3.10/site-packages/airflow/example_dags/example_short_circuit_operator.py
[2025-03-26T22:43:30.479+0530] {processor.py:914} INFO - Processing file /Users/uk/miniforge3/lib/python3.10/site-packages/airflow/example_dags/example_short_circuit_operator.py for tasks to queue
[2025-03-26T22:43:30.480+0530] {logging_mixin.py:190} INFO - [2025-03-26T22:43:30.480+0530] {dagbag.py:588} INFO - Filling up the DagBag from /Users/uk/miniforge3/lib/python3.10/site-packages/airflow/example_dags/example_short_circuit_operator.py
[2025-03-26T22:43:30.490+0530] {processor.py:925} INFO - DAG(s) 'example_short_circuit_operator' retrieved from /Users/uk/miniforge3/lib/python3.10/site-packages/airflow/example_dags/example_short_circuit_operator.py
[2025-03-26T22:43:30.528+0530] {logging_mixin.py:190} INFO - [2025-03-26T22:43:30.528+0530] {dag.py:3239} INFO - Sync 1 DAGs
[2025-03-26T22:43:30.533+0530] {logging_mixin.py:190} INFO - [2025-03-26T22:43:30.533+0530] {dag.py:4180} INFO - Setting next_dagrun for example_short_circuit_operator to None, run_after=None
[2025-03-26T22:43:30.540+0530] {processor.py:208} INFO - Processing /Users/uk/miniforge3/lib/python3.10/site-packages/airflow/example_dags/example_short_circuit_operator.py took 0.062 seconds
[2025-03-26T22:44:44.332+0530] {processor.py:186} INFO - Started process (PID=11176) to work on /Users/uk/miniforge3/lib/python3.10/site-packages/airflow/example_dags/example_short_circuit_operator.py
[2025-03-26T22:44:44.333+0530] {processor.py:914} INFO - Processing file /Users/uk/miniforge3/lib/python3.10/site-packages/airflow/example_dags/example_short_circuit_operator.py for tasks to queue
[2025-03-26T22:44:44.333+0530] {logging_mixin.py:190} INFO - [2025-03-26T22:44:44.333+0530] {dagbag.py:588} INFO - Filling up the DagBag from /Users/uk/miniforge3/lib/python3.10/site-packages/airflow/example_dags/example_short_circuit_operator.py
[2025-03-26T22:44:44.343+0530] {processor.py:925} INFO - DAG(s) 'example_short_circuit_operator' retrieved from /Users/uk/miniforge3/lib/python3.10/site-packages/airflow/example_dags/example_short_circuit_operator.py
[2025-03-26T22:44:44.382+0530] {logging_mixin.py:190} INFO - [2025-03-26T22:44:44.381+0530] {dag.py:3239} INFO - Sync 1 DAGs
[2025-03-26T22:44:44.386+0530] {logging_mixin.py:190} INFO - [2025-03-26T22:44:44.385+0530] {dag.py:4180} INFO - Setting next_dagrun for example_short_circuit_operator to None, run_after=None
[2025-03-26T22:44:44.392+0530] {processor.py:208} INFO - Processing /Users/uk/miniforge3/lib/python3.10/site-packages/airflow/example_dags/example_short_circuit_operator.py took 0.061 seconds
[2025-03-26T22:45:59.715+0530] {processor.py:186} INFO - Started process (PID=11297) to work on /Users/uk/miniforge3/lib/python3.10/site-packages/airflow/example_dags/example_short_circuit_operator.py
[2025-03-26T22:45:59.716+0530] {processor.py:914} INFO - Processing file /Users/uk/miniforge3/lib/python3.10/site-packages/airflow/example_dags/example_short_circuit_operator.py for tasks to queue
[2025-03-26T22:45:59.716+0530] {logging_mixin.py:190} INFO - [2025-03-26T22:45:59.716+0530] {dagbag.py:588} INFO - Filling up the DagBag from /Users/uk/miniforge3/lib/python3.10/site-packages/airflow/example_dags/example_short_circuit_operator.py
[2025-03-26T22:45:59.727+0530] {processor.py:925} INFO - DAG(s) 'example_short_circuit_operator' retrieved from /Users/uk/miniforge3/lib/python3.10/site-packages/airflow/example_dags/example_short_circuit_operator.py
[2025-03-26T22:45:59.769+0530] {logging_mixin.py:190} INFO - [2025-03-26T22:45:59.769+0530] {dag.py:3239} INFO - Sync 1 DAGs
[2025-03-26T22:45:59.773+0530] {logging_mixin.py:190} INFO - [2025-03-26T22:45:59.773+0530] {dag.py:4180} INFO - Setting next_dagrun for example_short_circuit_operator to None, run_after=None
[2025-03-26T22:45:59.780+0530] {processor.py:208} INFO - Processing /Users/uk/miniforge3/lib/python3.10/site-packages/airflow/example_dags/example_short_circuit_operator.py took 0.066 seconds
[2025-03-26T22:47:17.021+0530] {processor.py:186} INFO - Started process (PID=11436) to work on /Users/uk/miniforge3/lib/python3.10/site-packages/airflow/example_dags/example_short_circuit_operator.py
[2025-03-26T22:47:17.022+0530] {processor.py:914} INFO - Processing file /Users/uk/miniforge3/lib/python3.10/site-packages/airflow/example_dags/example_short_circuit_operator.py for tasks to queue
[2025-03-26T22:47:17.022+0530] {logging_mixin.py:190} INFO - [2025-03-26T22:47:17.022+0530] {dagbag.py:588} INFO - Filling up the DagBag from /Users/uk/miniforge3/lib/python3.10/site-packages/airflow/example_dags/example_short_circuit_operator.py
[2025-03-26T22:47:17.033+0530] {processor.py:925} INFO - DAG(s) 'example_short_circuit_operator' retrieved from /Users/uk/miniforge3/lib/python3.10/site-packages/airflow/example_dags/example_short_circuit_operator.py
[2025-03-26T22:47:17.073+0530] {logging_mixin.py:190} INFO - [2025-03-26T22:47:17.073+0530] {dag.py:3239} INFO - Sync 1 DAGs
[2025-03-26T22:47:17.077+0530] {logging_mixin.py:190} INFO - [2025-03-26T22:47:17.077+0530] {dag.py:4180} INFO - Setting next_dagrun for example_short_circuit_operator to None, run_after=None
[2025-03-26T22:47:17.084+0530] {processor.py:208} INFO - Processing /Users/uk/miniforge3/lib/python3.10/site-packages/airflow/example_dags/example_short_circuit_operator.py took 0.064 seconds
[2025-03-26T22:48:30.447+0530] {processor.py:186} INFO - Started process (PID=11577) to work on /Users/uk/miniforge3/lib/python3.10/site-packages/airflow/example_dags/example_short_circuit_operator.py
[2025-03-26T22:48:30.448+0530] {processor.py:914} INFO - Processing file /Users/uk/miniforge3/lib/python3.10/site-packages/airflow/example_dags/example_short_circuit_operator.py for tasks to queue
[2025-03-26T22:48:30.448+0530] {logging_mixin.py:190} INFO - [2025-03-26T22:48:30.448+0530] {dagbag.py:588} INFO - Filling up the DagBag from /Users/uk/miniforge3/lib/python3.10/site-packages/airflow/example_dags/example_short_circuit_operator.py
[2025-03-26T22:48:30.458+0530] {processor.py:925} INFO - DAG(s) 'example_short_circuit_operator' retrieved from /Users/uk/miniforge3/lib/python3.10/site-packages/airflow/example_dags/example_short_circuit_operator.py
[2025-03-26T22:48:30.496+0530] {logging_mixin.py:190} INFO - [2025-03-26T22:48:30.496+0530] {dag.py:3239} INFO - Sync 1 DAGs
[2025-03-26T22:48:30.500+0530] {logging_mixin.py:190} INFO - [2025-03-26T22:48:30.500+0530] {dag.py:4180} INFO - Setting next_dagrun for example_short_circuit_operator to None, run_after=None
[2025-03-26T22:48:30.507+0530] {processor.py:208} INFO - Processing /Users/uk/miniforge3/lib/python3.10/site-packages/airflow/example_dags/example_short_circuit_operator.py took 0.061 seconds
[2025-03-26T22:51:00.495+0530] {processor.py:186} INFO - Started process (PID=12183) to work on /Users/uk/miniforge3/lib/python3.10/site-packages/airflow/example_dags/example_short_circuit_operator.py
[2025-03-26T22:51:00.496+0530] {processor.py:914} INFO - Processing file /Users/uk/miniforge3/lib/python3.10/site-packages/airflow/example_dags/example_short_circuit_operator.py for tasks to queue
[2025-03-26T22:51:00.496+0530] {logging_mixin.py:190} INFO - [2025-03-26T22:51:00.496+0530] {dagbag.py:588} INFO - Filling up the DagBag from /Users/uk/miniforge3/lib/python3.10/site-packages/airflow/example_dags/example_short_circuit_operator.py
[2025-03-26T22:51:00.508+0530] {processor.py:925} INFO - DAG(s) 'example_short_circuit_operator' retrieved from /Users/uk/miniforge3/lib/python3.10/site-packages/airflow/example_dags/example_short_circuit_operator.py
[2025-03-26T22:51:00.547+0530] {logging_mixin.py:190} INFO - [2025-03-26T22:51:00.546+0530] {dag.py:3239} INFO - Sync 1 DAGs
[2025-03-26T22:51:00.551+0530] {logging_mixin.py:190} INFO - [2025-03-26T22:51:00.551+0530] {dag.py:4180} INFO - Setting next_dagrun for example_short_circuit_operator to None, run_after=None
[2025-03-26T22:51:00.557+0530] {processor.py:208} INFO - Processing /Users/uk/miniforge3/lib/python3.10/site-packages/airflow/example_dags/example_short_circuit_operator.py took 0.063 seconds
[2025-03-27T02:50:56.494+0530] {processor.py:186} INFO - Started process (PID=12586) to work on /Users/uk/miniforge3/lib/python3.10/site-packages/airflow/example_dags/example_short_circuit_operator.py
[2025-03-27T02:50:56.495+0530] {processor.py:914} INFO - Processing file /Users/uk/miniforge3/lib/python3.10/site-packages/airflow/example_dags/example_short_circuit_operator.py for tasks to queue
[2025-03-27T02:50:56.495+0530] {logging_mixin.py:190} INFO - [2025-03-27T02:50:56.495+0530] {dagbag.py:588} INFO - Filling up the DagBag from /Users/uk/miniforge3/lib/python3.10/site-packages/airflow/example_dags/example_short_circuit_operator.py
[2025-03-27T02:50:56.506+0530] {processor.py:925} INFO - DAG(s) 'example_short_circuit_operator' retrieved from /Users/uk/miniforge3/lib/python3.10/site-packages/airflow/example_dags/example_short_circuit_operator.py
[2025-03-27T03:06:35.511+0530] {logging_mixin.py:190} INFO - [2025-03-27T03:06:35.509+0530] {dag.py:3239} INFO - Sync 1 DAGs
[2025-03-27T03:06:35.518+0530] {logging_mixin.py:190} INFO - [2025-03-27T03:06:35.518+0530] {dag.py:4180} INFO - Setting next_dagrun for example_short_circuit_operator to None, run_after=None
[2025-03-27T03:06:35.527+0530] {processor.py:208} INFO - Processing /Users/uk/miniforge3/lib/python3.10/site-packages/airflow/example_dags/example_short_circuit_operator.py took 0.219 seconds
