[2025-03-26T22:09:36.701+0530] {processor.py:186} INFO - Started process (PID=6695) to work on /Users/uk/miniforge3/lib/python3.10/site-packages/airflow/example_dags/example_branch_datetime_operator.py
[2025-03-26T22:09:36.702+0530] {processor.py:914} INFO - Processing file /Users/uk/miniforge3/lib/python3.10/site-packages/airflow/example_dags/example_branch_datetime_operator.py for tasks to queue
[2025-03-26T22:09:36.702+0530] {logging_mixin.py:190} INFO - [2025-03-26T22:09:36.702+0530] {dagbag.py:588} INFO - Filling up the DagBag from /Users/uk/miniforge3/lib/python3.10/site-packages/airflow/example_dags/example_branch_datetime_operator.py
[2025-03-26T22:09:36.707+0530] {processor.py:925} INFO - DAG(s) 'example_branch_datetime_operator_2', 'example_branch_datetime_operator_3', 'example_branch_datetime_operator' retrieved from /Users/uk/miniforge3/lib/python3.10/site-packages/airflow/example_dags/example_branch_datetime_operator.py
[2025-03-26T22:09:36.750+0530] {logging_mixin.py:190} INFO - [2025-03-26T22:09:36.750+0530] {dag.py:3239} INFO - Sync 3 DAGs
[2025-03-26T22:09:36.759+0530] {logging_mixin.py:190} INFO - [2025-03-26T22:09:36.759+0530] {dag.py:4180} INFO - Setting next_dagrun for example_branch_datetime_operator to 2025-03-25 00:00:00+00:00, run_after=2025-03-26 00:00:00+00:00
[2025-03-26T22:09:36.760+0530] {logging_mixin.py:190} INFO - [2025-03-26T22:09:36.760+0530] {dag.py:4180} INFO - Setting next_dagrun for example_branch_datetime_operator_2 to 2025-03-25 00:00:00+00:00, run_after=2025-03-26 00:00:00+00:00
[2025-03-26T22:09:36.761+0530] {logging_mixin.py:190} INFO - [2025-03-26T22:09:36.761+0530] {dag.py:4180} INFO - Setting next_dagrun for example_branch_datetime_operator_3 to 2025-03-25 00:00:00+00:00, run_after=2025-03-26 00:00:00+00:00
[2025-03-26T22:09:36.767+0530] {processor.py:208} INFO - Processing /Users/uk/miniforge3/lib/python3.10/site-packages/airflow/example_dags/example_branch_datetime_operator.py took 0.067 seconds
[2025-03-26T22:14:09.384+0530] {processor.py:186} INFO - Started process (PID=7532) to work on /Users/uk/miniforge3/lib/python3.10/site-packages/airflow/example_dags/example_branch_datetime_operator.py
[2025-03-26T22:14:09.385+0530] {processor.py:914} INFO - Processing file /Users/uk/miniforge3/lib/python3.10/site-packages/airflow/example_dags/example_branch_datetime_operator.py for tasks to queue
[2025-03-26T22:14:09.385+0530] {logging_mixin.py:190} INFO - [2025-03-26T22:14:09.385+0530] {dagbag.py:588} INFO - Filling up the DagBag from /Users/uk/miniforge3/lib/python3.10/site-packages/airflow/example_dags/example_branch_datetime_operator.py
[2025-03-26T22:14:09.390+0530] {processor.py:925} INFO - DAG(s) 'example_branch_datetime_operator_2', 'example_branch_datetime_operator_3', 'example_branch_datetime_operator' retrieved from /Users/uk/miniforge3/lib/python3.10/site-packages/airflow/example_dags/example_branch_datetime_operator.py
[2025-03-26T22:14:09.434+0530] {logging_mixin.py:190} INFO - [2025-03-26T22:14:09.433+0530] {dag.py:3239} INFO - Sync 3 DAGs
[2025-03-26T22:14:09.441+0530] {logging_mixin.py:190} INFO - [2025-03-26T22:14:09.441+0530] {dag.py:4180} INFO - Setting next_dagrun for example_branch_datetime_operator to 2025-03-25 00:00:00+00:00, run_after=2025-03-26 00:00:00+00:00
[2025-03-26T22:14:09.443+0530] {logging_mixin.py:190} INFO - [2025-03-26T22:14:09.443+0530] {dag.py:4180} INFO - Setting next_dagrun for example_branch_datetime_operator_2 to 2025-03-25 00:00:00+00:00, run_after=2025-03-26 00:00:00+00:00
[2025-03-26T22:14:09.444+0530] {logging_mixin.py:190} INFO - [2025-03-26T22:14:09.444+0530] {dag.py:4180} INFO - Setting next_dagrun for example_branch_datetime_operator_3 to 2025-03-25 00:00:00+00:00, run_after=2025-03-26 00:00:00+00:00
[2025-03-26T22:14:09.451+0530] {processor.py:208} INFO - Processing /Users/uk/miniforge3/lib/python3.10/site-packages/airflow/example_dags/example_branch_datetime_operator.py took 0.068 seconds
[2025-03-26T22:16:51.018+0530] {processor.py:186} INFO - Started process (PID=7837) to work on /Users/uk/miniforge3/lib/python3.10/site-packages/airflow/example_dags/example_branch_datetime_operator.py
[2025-03-26T22:16:51.019+0530] {processor.py:914} INFO - Processing file /Users/uk/miniforge3/lib/python3.10/site-packages/airflow/example_dags/example_branch_datetime_operator.py for tasks to queue
[2025-03-26T22:16:51.019+0530] {logging_mixin.py:190} INFO - [2025-03-26T22:16:51.019+0530] {dagbag.py:588} INFO - Filling up the DagBag from /Users/uk/miniforge3/lib/python3.10/site-packages/airflow/example_dags/example_branch_datetime_operator.py
[2025-03-26T22:16:51.024+0530] {processor.py:925} INFO - DAG(s) 'example_branch_datetime_operator_3', 'example_branch_datetime_operator_2', 'example_branch_datetime_operator' retrieved from /Users/uk/miniforge3/lib/python3.10/site-packages/airflow/example_dags/example_branch_datetime_operator.py
[2025-03-26T22:16:51.067+0530] {logging_mixin.py:190} INFO - [2025-03-26T22:16:51.066+0530] {dag.py:3239} INFO - Sync 3 DAGs
[2025-03-26T22:16:51.074+0530] {logging_mixin.py:190} INFO - [2025-03-26T22:16:51.074+0530] {dag.py:4180} INFO - Setting next_dagrun for example_branch_datetime_operator to 2025-03-25 00:00:00+00:00, run_after=2025-03-26 00:00:00+00:00
[2025-03-26T22:16:51.078+0530] {logging_mixin.py:190} INFO - [2025-03-26T22:16:51.078+0530] {dag.py:4180} INFO - Setting next_dagrun for example_branch_datetime_operator_2 to 2025-03-25 00:00:00+00:00, run_after=2025-03-26 00:00:00+00:00
[2025-03-26T22:16:51.078+0530] {logging_mixin.py:190} INFO - [2025-03-26T22:16:51.078+0530] {dag.py:4180} INFO - Setting next_dagrun for example_branch_datetime_operator_3 to 2025-03-25 00:00:00+00:00, run_after=2025-03-26 00:00:00+00:00
[2025-03-26T22:16:51.084+0530] {processor.py:208} INFO - Processing /Users/uk/miniforge3/lib/python3.10/site-packages/airflow/example_dags/example_branch_datetime_operator.py took 0.068 seconds
[2025-03-26T22:19:22.651+0530] {processor.py:186} INFO - Started process (PID=8104) to work on /Users/uk/miniforge3/lib/python3.10/site-packages/airflow/example_dags/example_branch_datetime_operator.py
[2025-03-26T22:19:22.653+0530] {processor.py:914} INFO - Processing file /Users/uk/miniforge3/lib/python3.10/site-packages/airflow/example_dags/example_branch_datetime_operator.py for tasks to queue
[2025-03-26T22:19:22.653+0530] {logging_mixin.py:190} INFO - [2025-03-26T22:19:22.653+0530] {dagbag.py:588} INFO - Filling up the DagBag from /Users/uk/miniforge3/lib/python3.10/site-packages/airflow/example_dags/example_branch_datetime_operator.py
[2025-03-26T22:19:22.658+0530] {processor.py:925} INFO - DAG(s) 'example_branch_datetime_operator_2', 'example_branch_datetime_operator_3', 'example_branch_datetime_operator' retrieved from /Users/uk/miniforge3/lib/python3.10/site-packages/airflow/example_dags/example_branch_datetime_operator.py
[2025-03-26T22:19:22.698+0530] {logging_mixin.py:190} INFO - [2025-03-26T22:19:22.698+0530] {dag.py:3239} INFO - Sync 3 DAGs
[2025-03-26T22:19:22.705+0530] {logging_mixin.py:190} INFO - [2025-03-26T22:19:22.705+0530] {dag.py:4180} INFO - Setting next_dagrun for example_branch_datetime_operator to 2025-03-25 00:00:00+00:00, run_after=2025-03-26 00:00:00+00:00
[2025-03-26T22:19:22.706+0530] {logging_mixin.py:190} INFO - [2025-03-26T22:19:22.706+0530] {dag.py:4180} INFO - Setting next_dagrun for example_branch_datetime_operator_2 to 2025-03-25 00:00:00+00:00, run_after=2025-03-26 00:00:00+00:00
[2025-03-26T22:19:22.707+0530] {logging_mixin.py:190} INFO - [2025-03-26T22:19:22.707+0530] {dag.py:4180} INFO - Setting next_dagrun for example_branch_datetime_operator_3 to 2025-03-25 00:00:00+00:00, run_after=2025-03-26 00:00:00+00:00
[2025-03-26T22:19:22.712+0530] {processor.py:208} INFO - Processing /Users/uk/miniforge3/lib/python3.10/site-packages/airflow/example_dags/example_branch_datetime_operator.py took 0.062 seconds
[2025-03-26T22:21:57.617+0530] {processor.py:186} INFO - Started process (PID=8417) to work on /Users/uk/miniforge3/lib/python3.10/site-packages/airflow/example_dags/example_branch_datetime_operator.py
[2025-03-26T22:21:57.617+0530] {processor.py:914} INFO - Processing file /Users/uk/miniforge3/lib/python3.10/site-packages/airflow/example_dags/example_branch_datetime_operator.py for tasks to queue
[2025-03-26T22:21:57.618+0530] {logging_mixin.py:190} INFO - [2025-03-26T22:21:57.618+0530] {dagbag.py:588} INFO - Filling up the DagBag from /Users/uk/miniforge3/lib/python3.10/site-packages/airflow/example_dags/example_branch_datetime_operator.py
[2025-03-26T22:21:57.623+0530] {processor.py:925} INFO - DAG(s) 'example_branch_datetime_operator', 'example_branch_datetime_operator_2', 'example_branch_datetime_operator_3' retrieved from /Users/uk/miniforge3/lib/python3.10/site-packages/airflow/example_dags/example_branch_datetime_operator.py
[2025-03-26T22:21:57.662+0530] {logging_mixin.py:190} INFO - [2025-03-26T22:21:57.662+0530] {dag.py:3239} INFO - Sync 3 DAGs
[2025-03-26T22:21:57.670+0530] {logging_mixin.py:190} INFO - [2025-03-26T22:21:57.670+0530] {dag.py:4180} INFO - Setting next_dagrun for example_branch_datetime_operator to 2025-03-25 00:00:00+00:00, run_after=2025-03-26 00:00:00+00:00
[2025-03-26T22:21:57.671+0530] {logging_mixin.py:190} INFO - [2025-03-26T22:21:57.671+0530] {dag.py:4180} INFO - Setting next_dagrun for example_branch_datetime_operator_2 to 2025-03-25 00:00:00+00:00, run_after=2025-03-26 00:00:00+00:00
[2025-03-26T22:21:57.672+0530] {logging_mixin.py:190} INFO - [2025-03-26T22:21:57.672+0530] {dag.py:4180} INFO - Setting next_dagrun for example_branch_datetime_operator_3 to 2025-03-25 00:00:00+00:00, run_after=2025-03-26 00:00:00+00:00
[2025-03-26T22:21:57.678+0530] {processor.py:208} INFO - Processing /Users/uk/miniforge3/lib/python3.10/site-packages/airflow/example_dags/example_branch_datetime_operator.py took 0.063 seconds
[2025-03-26T22:24:27.423+0530] {processor.py:186} INFO - Started process (PID=8676) to work on /Users/uk/miniforge3/lib/python3.10/site-packages/airflow/example_dags/example_branch_datetime_operator.py
[2025-03-26T22:24:27.424+0530] {processor.py:914} INFO - Processing file /Users/uk/miniforge3/lib/python3.10/site-packages/airflow/example_dags/example_branch_datetime_operator.py for tasks to queue
[2025-03-26T22:24:27.424+0530] {logging_mixin.py:190} INFO - [2025-03-26T22:24:27.424+0530] {dagbag.py:588} INFO - Filling up the DagBag from /Users/uk/miniforge3/lib/python3.10/site-packages/airflow/example_dags/example_branch_datetime_operator.py
[2025-03-26T22:24:27.429+0530] {processor.py:925} INFO - DAG(s) 'example_branch_datetime_operator', 'example_branch_datetime_operator_2', 'example_branch_datetime_operator_3' retrieved from /Users/uk/miniforge3/lib/python3.10/site-packages/airflow/example_dags/example_branch_datetime_operator.py
[2025-03-26T22:24:27.470+0530] {logging_mixin.py:190} INFO - [2025-03-26T22:24:27.470+0530] {dag.py:3239} INFO - Sync 3 DAGs
[2025-03-26T22:24:27.478+0530] {logging_mixin.py:190} INFO - [2025-03-26T22:24:27.477+0530] {dag.py:4180} INFO - Setting next_dagrun for example_branch_datetime_operator to 2025-03-25 00:00:00+00:00, run_after=2025-03-26 00:00:00+00:00
[2025-03-26T22:24:27.479+0530] {logging_mixin.py:190} INFO - [2025-03-26T22:24:27.479+0530] {dag.py:4180} INFO - Setting next_dagrun for example_branch_datetime_operator_2 to 2025-03-25 00:00:00+00:00, run_after=2025-03-26 00:00:00+00:00
[2025-03-26T22:24:27.480+0530] {logging_mixin.py:190} INFO - [2025-03-26T22:24:27.480+0530] {dag.py:4180} INFO - Setting next_dagrun for example_branch_datetime_operator_3 to 2025-03-25 00:00:00+00:00, run_after=2025-03-26 00:00:00+00:00
[2025-03-26T22:24:27.485+0530] {processor.py:208} INFO - Processing /Users/uk/miniforge3/lib/python3.10/site-packages/airflow/example_dags/example_branch_datetime_operator.py took 0.063 seconds
[2025-03-26T22:27:10.239+0530] {processor.py:186} INFO - Started process (PID=8966) to work on /Users/uk/miniforge3/lib/python3.10/site-packages/airflow/example_dags/example_branch_datetime_operator.py
[2025-03-26T22:27:10.241+0530] {processor.py:914} INFO - Processing file /Users/uk/miniforge3/lib/python3.10/site-packages/airflow/example_dags/example_branch_datetime_operator.py for tasks to queue
[2025-03-26T22:27:10.241+0530] {logging_mixin.py:190} INFO - [2025-03-26T22:27:10.241+0530] {dagbag.py:588} INFO - Filling up the DagBag from /Users/uk/miniforge3/lib/python3.10/site-packages/airflow/example_dags/example_branch_datetime_operator.py
[2025-03-26T22:27:10.247+0530] {processor.py:925} INFO - DAG(s) 'example_branch_datetime_operator', 'example_branch_datetime_operator_3', 'example_branch_datetime_operator_2' retrieved from /Users/uk/miniforge3/lib/python3.10/site-packages/airflow/example_dags/example_branch_datetime_operator.py
[2025-03-26T22:27:10.289+0530] {logging_mixin.py:190} INFO - [2025-03-26T22:27:10.289+0530] {dag.py:3239} INFO - Sync 3 DAGs
[2025-03-26T22:27:10.297+0530] {logging_mixin.py:190} INFO - [2025-03-26T22:27:10.296+0530] {dag.py:4180} INFO - Setting next_dagrun for example_branch_datetime_operator to 2025-03-25 00:00:00+00:00, run_after=2025-03-26 00:00:00+00:00
[2025-03-26T22:27:10.299+0530] {logging_mixin.py:190} INFO - [2025-03-26T22:27:10.299+0530] {dag.py:4180} INFO - Setting next_dagrun for example_branch_datetime_operator_2 to 2025-03-25 00:00:00+00:00, run_after=2025-03-26 00:00:00+00:00
[2025-03-26T22:27:10.300+0530] {logging_mixin.py:190} INFO - [2025-03-26T22:27:10.300+0530] {dag.py:4180} INFO - Setting next_dagrun for example_branch_datetime_operator_3 to 2025-03-25 00:00:00+00:00, run_after=2025-03-26 00:00:00+00:00
[2025-03-26T22:27:10.306+0530] {processor.py:208} INFO - Processing /Users/uk/miniforge3/lib/python3.10/site-packages/airflow/example_dags/example_branch_datetime_operator.py took 0.067 seconds
[2025-03-26T22:29:50.406+0530] {processor.py:186} INFO - Started process (PID=9229) to work on /Users/uk/miniforge3/lib/python3.10/site-packages/airflow/example_dags/example_branch_datetime_operator.py
[2025-03-26T22:29:50.407+0530] {processor.py:914} INFO - Processing file /Users/uk/miniforge3/lib/python3.10/site-packages/airflow/example_dags/example_branch_datetime_operator.py for tasks to queue
[2025-03-26T22:29:50.407+0530] {logging_mixin.py:190} INFO - [2025-03-26T22:29:50.407+0530] {dagbag.py:588} INFO - Filling up the DagBag from /Users/uk/miniforge3/lib/python3.10/site-packages/airflow/example_dags/example_branch_datetime_operator.py
[2025-03-26T22:29:50.412+0530] {processor.py:925} INFO - DAG(s) 'example_branch_datetime_operator_3', 'example_branch_datetime_operator_2', 'example_branch_datetime_operator' retrieved from /Users/uk/miniforge3/lib/python3.10/site-packages/airflow/example_dags/example_branch_datetime_operator.py
[2025-03-26T22:29:50.453+0530] {logging_mixin.py:190} INFO - [2025-03-26T22:29:50.453+0530] {dag.py:3239} INFO - Sync 3 DAGs
[2025-03-26T22:29:50.461+0530] {logging_mixin.py:190} INFO - [2025-03-26T22:29:50.461+0530] {dag.py:4180} INFO - Setting next_dagrun for example_branch_datetime_operator to 2025-03-25 00:00:00+00:00, run_after=2025-03-26 00:00:00+00:00
[2025-03-26T22:29:50.462+0530] {logging_mixin.py:190} INFO - [2025-03-26T22:29:50.462+0530] {dag.py:4180} INFO - Setting next_dagrun for example_branch_datetime_operator_2 to 2025-03-25 00:00:00+00:00, run_after=2025-03-26 00:00:00+00:00
[2025-03-26T22:29:50.463+0530] {logging_mixin.py:190} INFO - [2025-03-26T22:29:50.463+0530] {dag.py:4180} INFO - Setting next_dagrun for example_branch_datetime_operator_3 to 2025-03-25 00:00:00+00:00, run_after=2025-03-26 00:00:00+00:00
[2025-03-26T22:29:50.468+0530] {processor.py:208} INFO - Processing /Users/uk/miniforge3/lib/python3.10/site-packages/airflow/example_dags/example_branch_datetime_operator.py took 0.063 seconds
[2025-03-26T22:32:13.720+0530] {processor.py:186} INFO - Started process (PID=9487) to work on /Users/uk/miniforge3/lib/python3.10/site-packages/airflow/example_dags/example_branch_datetime_operator.py
[2025-03-26T22:32:13.721+0530] {processor.py:914} INFO - Processing file /Users/uk/miniforge3/lib/python3.10/site-packages/airflow/example_dags/example_branch_datetime_operator.py for tasks to queue
[2025-03-26T22:32:13.722+0530] {logging_mixin.py:190} INFO - [2025-03-26T22:32:13.722+0530] {dagbag.py:588} INFO - Filling up the DagBag from /Users/uk/miniforge3/lib/python3.10/site-packages/airflow/example_dags/example_branch_datetime_operator.py
[2025-03-26T22:32:13.727+0530] {processor.py:925} INFO - DAG(s) 'example_branch_datetime_operator', 'example_branch_datetime_operator_3', 'example_branch_datetime_operator_2' retrieved from /Users/uk/miniforge3/lib/python3.10/site-packages/airflow/example_dags/example_branch_datetime_operator.py
[2025-03-26T22:32:13.768+0530] {logging_mixin.py:190} INFO - [2025-03-26T22:32:13.767+0530] {dag.py:3239} INFO - Sync 3 DAGs
[2025-03-26T22:32:13.775+0530] {logging_mixin.py:190} INFO - [2025-03-26T22:32:13.775+0530] {dag.py:4180} INFO - Setting next_dagrun for example_branch_datetime_operator to 2025-03-25 00:00:00+00:00, run_after=2025-03-26 00:00:00+00:00
[2025-03-26T22:32:13.777+0530] {logging_mixin.py:190} INFO - [2025-03-26T22:32:13.777+0530] {dag.py:4180} INFO - Setting next_dagrun for example_branch_datetime_operator_2 to 2025-03-25 00:00:00+00:00, run_after=2025-03-26 00:00:00+00:00
[2025-03-26T22:32:13.778+0530] {logging_mixin.py:190} INFO - [2025-03-26T22:32:13.778+0530] {dag.py:4180} INFO - Setting next_dagrun for example_branch_datetime_operator_3 to 2025-03-25 00:00:00+00:00, run_after=2025-03-26 00:00:00+00:00
[2025-03-26T22:32:13.784+0530] {processor.py:208} INFO - Processing /Users/uk/miniforge3/lib/python3.10/site-packages/airflow/example_dags/example_branch_datetime_operator.py took 0.065 seconds
[2025-03-26T22:34:39.765+0530] {processor.py:186} INFO - Started process (PID=9740) to work on /Users/uk/miniforge3/lib/python3.10/site-packages/airflow/example_dags/example_branch_datetime_operator.py
[2025-03-26T22:34:39.766+0530] {processor.py:914} INFO - Processing file /Users/uk/miniforge3/lib/python3.10/site-packages/airflow/example_dags/example_branch_datetime_operator.py for tasks to queue
[2025-03-26T22:34:39.766+0530] {logging_mixin.py:190} INFO - [2025-03-26T22:34:39.766+0530] {dagbag.py:588} INFO - Filling up the DagBag from /Users/uk/miniforge3/lib/python3.10/site-packages/airflow/example_dags/example_branch_datetime_operator.py
[2025-03-26T22:34:39.772+0530] {processor.py:925} INFO - DAG(s) 'example_branch_datetime_operator', 'example_branch_datetime_operator_3', 'example_branch_datetime_operator_2' retrieved from /Users/uk/miniforge3/lib/python3.10/site-packages/airflow/example_dags/example_branch_datetime_operator.py
[2025-03-26T22:34:39.814+0530] {logging_mixin.py:190} INFO - [2025-03-26T22:34:39.814+0530] {dag.py:3239} INFO - Sync 3 DAGs
[2025-03-26T22:34:39.822+0530] {logging_mixin.py:190} INFO - [2025-03-26T22:34:39.821+0530] {dag.py:4180} INFO - Setting next_dagrun for example_branch_datetime_operator to 2025-03-25 00:00:00+00:00, run_after=2025-03-26 00:00:00+00:00
[2025-03-26T22:34:39.823+0530] {logging_mixin.py:190} INFO - [2025-03-26T22:34:39.823+0530] {dag.py:4180} INFO - Setting next_dagrun for example_branch_datetime_operator_2 to 2025-03-25 00:00:00+00:00, run_after=2025-03-26 00:00:00+00:00
[2025-03-26T22:34:39.824+0530] {logging_mixin.py:190} INFO - [2025-03-26T22:34:39.824+0530] {dag.py:4180} INFO - Setting next_dagrun for example_branch_datetime_operator_3 to 2025-03-25 00:00:00+00:00, run_after=2025-03-26 00:00:00+00:00
[2025-03-26T22:34:39.830+0530] {processor.py:208} INFO - Processing /Users/uk/miniforge3/lib/python3.10/site-packages/airflow/example_dags/example_branch_datetime_operator.py took 0.066 seconds
[2025-03-26T22:37:27.903+0530] {processor.py:186} INFO - Started process (PID=10099) to work on /Users/uk/miniforge3/lib/python3.10/site-packages/airflow/example_dags/example_branch_datetime_operator.py
[2025-03-26T22:37:27.904+0530] {processor.py:914} INFO - Processing file /Users/uk/miniforge3/lib/python3.10/site-packages/airflow/example_dags/example_branch_datetime_operator.py for tasks to queue
[2025-03-26T22:37:27.904+0530] {logging_mixin.py:190} INFO - [2025-03-26T22:37:27.904+0530] {dagbag.py:588} INFO - Filling up the DagBag from /Users/uk/miniforge3/lib/python3.10/site-packages/airflow/example_dags/example_branch_datetime_operator.py
[2025-03-26T22:37:27.909+0530] {processor.py:925} INFO - DAG(s) 'example_branch_datetime_operator', 'example_branch_datetime_operator_2', 'example_branch_datetime_operator_3' retrieved from /Users/uk/miniforge3/lib/python3.10/site-packages/airflow/example_dags/example_branch_datetime_operator.py
[2025-03-26T22:37:27.953+0530] {logging_mixin.py:190} INFO - [2025-03-26T22:37:27.953+0530] {dag.py:3239} INFO - Sync 3 DAGs
[2025-03-26T22:37:27.961+0530] {logging_mixin.py:190} INFO - [2025-03-26T22:37:27.961+0530] {dag.py:4180} INFO - Setting next_dagrun for example_branch_datetime_operator to 2025-03-25 00:00:00+00:00, run_after=2025-03-26 00:00:00+00:00
[2025-03-26T22:37:27.963+0530] {logging_mixin.py:190} INFO - [2025-03-26T22:37:27.963+0530] {dag.py:4180} INFO - Setting next_dagrun for example_branch_datetime_operator_2 to 2025-03-25 00:00:00+00:00, run_after=2025-03-26 00:00:00+00:00
[2025-03-26T22:37:27.964+0530] {logging_mixin.py:190} INFO - [2025-03-26T22:37:27.964+0530] {dag.py:4180} INFO - Setting next_dagrun for example_branch_datetime_operator_3 to 2025-03-25 00:00:00+00:00, run_after=2025-03-26 00:00:00+00:00
[2025-03-26T22:37:27.970+0530] {processor.py:208} INFO - Processing /Users/uk/miniforge3/lib/python3.10/site-packages/airflow/example_dags/example_branch_datetime_operator.py took 0.068 seconds
[2025-03-26T22:39:59.041+0530] {processor.py:186} INFO - Started process (PID=10620) to work on /Users/uk/miniforge3/lib/python3.10/site-packages/airflow/example_dags/example_branch_datetime_operator.py
[2025-03-26T22:39:59.042+0530] {processor.py:914} INFO - Processing file /Users/uk/miniforge3/lib/python3.10/site-packages/airflow/example_dags/example_branch_datetime_operator.py for tasks to queue
[2025-03-26T22:39:59.042+0530] {logging_mixin.py:190} INFO - [2025-03-26T22:39:59.042+0530] {dagbag.py:588} INFO - Filling up the DagBag from /Users/uk/miniforge3/lib/python3.10/site-packages/airflow/example_dags/example_branch_datetime_operator.py
[2025-03-26T22:39:59.047+0530] {processor.py:925} INFO - DAG(s) 'example_branch_datetime_operator_3', 'example_branch_datetime_operator', 'example_branch_datetime_operator_2' retrieved from /Users/uk/miniforge3/lib/python3.10/site-packages/airflow/example_dags/example_branch_datetime_operator.py
[2025-03-26T22:39:59.089+0530] {logging_mixin.py:190} INFO - [2025-03-26T22:39:59.089+0530] {dag.py:3239} INFO - Sync 3 DAGs
[2025-03-26T22:39:59.096+0530] {logging_mixin.py:190} INFO - [2025-03-26T22:39:59.096+0530] {dag.py:4180} INFO - Setting next_dagrun for example_branch_datetime_operator to 2025-03-25 00:00:00+00:00, run_after=2025-03-26 00:00:00+00:00
[2025-03-26T22:39:59.098+0530] {logging_mixin.py:190} INFO - [2025-03-26T22:39:59.098+0530] {dag.py:4180} INFO - Setting next_dagrun for example_branch_datetime_operator_2 to 2025-03-25 00:00:00+00:00, run_after=2025-03-26 00:00:00+00:00
[2025-03-26T22:39:59.098+0530] {logging_mixin.py:190} INFO - [2025-03-26T22:39:59.098+0530] {dag.py:4180} INFO - Setting next_dagrun for example_branch_datetime_operator_3 to 2025-03-25 00:00:00+00:00, run_after=2025-03-26 00:00:00+00:00
[2025-03-26T22:39:59.105+0530] {processor.py:208} INFO - Processing /Users/uk/miniforge3/lib/python3.10/site-packages/airflow/example_dags/example_branch_datetime_operator.py took 0.065 seconds
[2025-03-26T22:42:38.748+0530] {processor.py:186} INFO - Started process (PID=10983) to work on /Users/uk/miniforge3/lib/python3.10/site-packages/airflow/example_dags/example_branch_datetime_operator.py
[2025-03-26T22:42:38.748+0530] {processor.py:914} INFO - Processing file /Users/uk/miniforge3/lib/python3.10/site-packages/airflow/example_dags/example_branch_datetime_operator.py for tasks to queue
[2025-03-26T22:42:38.749+0530] {logging_mixin.py:190} INFO - [2025-03-26T22:42:38.749+0530] {dagbag.py:588} INFO - Filling up the DagBag from /Users/uk/miniforge3/lib/python3.10/site-packages/airflow/example_dags/example_branch_datetime_operator.py
[2025-03-26T22:42:38.754+0530] {processor.py:925} INFO - DAG(s) 'example_branch_datetime_operator_2', 'example_branch_datetime_operator', 'example_branch_datetime_operator_3' retrieved from /Users/uk/miniforge3/lib/python3.10/site-packages/airflow/example_dags/example_branch_datetime_operator.py
[2025-03-26T22:42:38.798+0530] {logging_mixin.py:190} INFO - [2025-03-26T22:42:38.798+0530] {dag.py:3239} INFO - Sync 3 DAGs
[2025-03-26T22:42:38.808+0530] {logging_mixin.py:190} INFO - [2025-03-26T22:42:38.808+0530] {dag.py:4180} INFO - Setting next_dagrun for example_branch_datetime_operator to 2025-03-25 00:00:00+00:00, run_after=2025-03-26 00:00:00+00:00
[2025-03-26T22:42:38.810+0530] {logging_mixin.py:190} INFO - [2025-03-26T22:42:38.810+0530] {dag.py:4180} INFO - Setting next_dagrun for example_branch_datetime_operator_2 to 2025-03-25 00:00:00+00:00, run_after=2025-03-26 00:00:00+00:00
[2025-03-26T22:42:38.811+0530] {logging_mixin.py:190} INFO - [2025-03-26T22:42:38.811+0530] {dag.py:4180} INFO - Setting next_dagrun for example_branch_datetime_operator_3 to 2025-03-25 00:00:00+00:00, run_after=2025-03-26 00:00:00+00:00
[2025-03-26T22:42:38.817+0530] {processor.py:208} INFO - Processing /Users/uk/miniforge3/lib/python3.10/site-packages/airflow/example_dags/example_branch_datetime_operator.py took 0.071 seconds
[2025-03-26T22:45:13.574+0530] {processor.py:186} INFO - Started process (PID=11226) to work on /Users/uk/miniforge3/lib/python3.10/site-packages/airflow/example_dags/example_branch_datetime_operator.py
[2025-03-26T22:45:13.575+0530] {processor.py:914} INFO - Processing file /Users/uk/miniforge3/lib/python3.10/site-packages/airflow/example_dags/example_branch_datetime_operator.py for tasks to queue
[2025-03-26T22:45:13.575+0530] {logging_mixin.py:190} INFO - [2025-03-26T22:45:13.575+0530] {dagbag.py:588} INFO - Filling up the DagBag from /Users/uk/miniforge3/lib/python3.10/site-packages/airflow/example_dags/example_branch_datetime_operator.py
[2025-03-26T22:45:13.580+0530] {processor.py:925} INFO - DAG(s) 'example_branch_datetime_operator', 'example_branch_datetime_operator_3', 'example_branch_datetime_operator_2' retrieved from /Users/uk/miniforge3/lib/python3.10/site-packages/airflow/example_dags/example_branch_datetime_operator.py
[2025-03-26T22:45:13.621+0530] {logging_mixin.py:190} INFO - [2025-03-26T22:45:13.620+0530] {dag.py:3239} INFO - Sync 3 DAGs
[2025-03-26T22:45:13.628+0530] {logging_mixin.py:190} INFO - [2025-03-26T22:45:13.628+0530] {dag.py:4180} INFO - Setting next_dagrun for example_branch_datetime_operator to 2025-03-25 00:00:00+00:00, run_after=2025-03-26 00:00:00+00:00
[2025-03-26T22:45:13.629+0530] {logging_mixin.py:190} INFO - [2025-03-26T22:45:13.629+0530] {dag.py:4180} INFO - Setting next_dagrun for example_branch_datetime_operator_2 to 2025-03-25 00:00:00+00:00, run_after=2025-03-26 00:00:00+00:00
[2025-03-26T22:45:13.630+0530] {logging_mixin.py:190} INFO - [2025-03-26T22:45:13.630+0530] {dag.py:4180} INFO - Setting next_dagrun for example_branch_datetime_operator_3 to 2025-03-25 00:00:00+00:00, run_after=2025-03-26 00:00:00+00:00
[2025-03-26T22:45:13.637+0530] {processor.py:208} INFO - Processing /Users/uk/miniforge3/lib/python3.10/site-packages/airflow/example_dags/example_branch_datetime_operator.py took 0.064 seconds
[2025-03-26T22:47:44.697+0530] {processor.py:186} INFO - Started process (PID=11479) to work on /Users/uk/miniforge3/lib/python3.10/site-packages/airflow/example_dags/example_branch_datetime_operator.py
[2025-03-26T22:47:44.698+0530] {processor.py:914} INFO - Processing file /Users/uk/miniforge3/lib/python3.10/site-packages/airflow/example_dags/example_branch_datetime_operator.py for tasks to queue
[2025-03-26T22:47:44.698+0530] {logging_mixin.py:190} INFO - [2025-03-26T22:47:44.698+0530] {dagbag.py:588} INFO - Filling up the DagBag from /Users/uk/miniforge3/lib/python3.10/site-packages/airflow/example_dags/example_branch_datetime_operator.py
[2025-03-26T22:47:44.704+0530] {processor.py:925} INFO - DAG(s) 'example_branch_datetime_operator_3', 'example_branch_datetime_operator', 'example_branch_datetime_operator_2' retrieved from /Users/uk/miniforge3/lib/python3.10/site-packages/airflow/example_dags/example_branch_datetime_operator.py
[2025-03-26T22:47:44.748+0530] {logging_mixin.py:190} INFO - [2025-03-26T22:47:44.748+0530] {dag.py:3239} INFO - Sync 3 DAGs
[2025-03-26T22:47:44.757+0530] {logging_mixin.py:190} INFO - [2025-03-26T22:47:44.756+0530] {dag.py:4180} INFO - Setting next_dagrun for example_branch_datetime_operator to 2025-03-25 00:00:00+00:00, run_after=2025-03-26 00:00:00+00:00
[2025-03-26T22:47:44.758+0530] {logging_mixin.py:190} INFO - [2025-03-26T22:47:44.758+0530] {dag.py:4180} INFO - Setting next_dagrun for example_branch_datetime_operator_2 to 2025-03-25 00:00:00+00:00, run_after=2025-03-26 00:00:00+00:00
[2025-03-26T22:47:44.759+0530] {logging_mixin.py:190} INFO - [2025-03-26T22:47:44.759+0530] {dag.py:4180} INFO - Setting next_dagrun for example_branch_datetime_operator_3 to 2025-03-25 00:00:00+00:00, run_after=2025-03-26 00:00:00+00:00
[2025-03-26T22:47:44.765+0530] {processor.py:208} INFO - Processing /Users/uk/miniforge3/lib/python3.10/site-packages/airflow/example_dags/example_branch_datetime_operator.py took 0.070 seconds
[2025-03-26T22:50:11.151+0530] {processor.py:186} INFO - Started process (PID=12080) to work on /Users/uk/miniforge3/lib/python3.10/site-packages/airflow/example_dags/example_branch_datetime_operator.py
[2025-03-26T22:50:11.152+0530] {processor.py:914} INFO - Processing file /Users/uk/miniforge3/lib/python3.10/site-packages/airflow/example_dags/example_branch_datetime_operator.py for tasks to queue
[2025-03-26T22:50:11.152+0530] {logging_mixin.py:190} INFO - [2025-03-26T22:50:11.152+0530] {dagbag.py:588} INFO - Filling up the DagBag from /Users/uk/miniforge3/lib/python3.10/site-packages/airflow/example_dags/example_branch_datetime_operator.py
[2025-03-26T22:50:11.157+0530] {processor.py:925} INFO - DAG(s) 'example_branch_datetime_operator_2', 'example_branch_datetime_operator', 'example_branch_datetime_operator_3' retrieved from /Users/uk/miniforge3/lib/python3.10/site-packages/airflow/example_dags/example_branch_datetime_operator.py
[2025-03-26T22:50:11.199+0530] {logging_mixin.py:190} INFO - [2025-03-26T22:50:11.199+0530] {dag.py:3239} INFO - Sync 3 DAGs
[2025-03-26T22:50:11.207+0530] {logging_mixin.py:190} INFO - [2025-03-26T22:50:11.207+0530] {dag.py:4180} INFO - Setting next_dagrun for example_branch_datetime_operator to 2025-03-25 00:00:00+00:00, run_after=2025-03-26 00:00:00+00:00
[2025-03-26T22:50:11.208+0530] {logging_mixin.py:190} INFO - [2025-03-26T22:50:11.208+0530] {dag.py:4180} INFO - Setting next_dagrun for example_branch_datetime_operator_2 to 2025-03-25 00:00:00+00:00, run_after=2025-03-26 00:00:00+00:00
[2025-03-26T22:50:11.209+0530] {logging_mixin.py:190} INFO - [2025-03-26T22:50:11.209+0530] {dag.py:4180} INFO - Setting next_dagrun for example_branch_datetime_operator_3 to 2025-03-25 00:00:00+00:00, run_after=2025-03-26 00:00:00+00:00
[2025-03-26T22:50:11.215+0530] {processor.py:208} INFO - Processing /Users/uk/miniforge3/lib/python3.10/site-packages/airflow/example_dags/example_branch_datetime_operator.py took 0.065 seconds
