[2025-03-26T22:08:34.667+0530] {processor.py:186} INFO - Started process (PID=6260) to work on /Users/uk/miniforge3/lib/python3.10/site-packages/airflow/example_dags/example_subdag_operator.py
[2025-03-26T22:08:34.667+0530] {processor.py:914} INFO - Processing file /Users/uk/miniforge3/lib/python3.10/site-packages/airflow/example_dags/example_subdag_operator.py for tasks to queue
[2025-03-26T22:08:34.668+0530] {logging_mixin.py:190} INFO - [2025-03-26T22:08:34.668+0530] {dagbag.py:588} INFO - Filling up the DagBag from /Users/uk/miniforge3/lib/python3.10/site-packages/airflow/example_dags/example_subdag_operator.py
[2025-03-26T22:08:34.709+0530] {processor.py:925} INFO - DAG(s) 'example_subdag_operator.section-1', 'example_subdag_operator.section-2', 'example_subdag_operator' retrieved from /Users/uk/miniforge3/lib/python3.10/site-packages/airflow/example_dags/example_subdag_operator.py
[2025-03-26T22:08:34.911+0530] {logging_mixin.py:190} INFO - [2025-03-26T22:08:34.911+0530] {dag.py:3239} INFO - Sync 3 DAGs
[2025-03-26T22:08:34.918+0530] {logging_mixin.py:190} INFO - [2025-03-26T22:08:34.918+0530] {dag.py:4180} INFO - Setting next_dagrun for example_subdag_operator to 2022-01-01 00:00:00+00:00, run_after=2022-01-01 00:00:00+00:00
[2025-03-26T22:08:34.919+0530] {logging_mixin.py:190} INFO - [2025-03-26T22:08:34.919+0530] {dag.py:4180} INFO - Setting next_dagrun for example_subdag_operator.section-1 to None, run_after=None
[2025-03-26T22:08:34.919+0530] {logging_mixin.py:190} INFO - [2025-03-26T22:08:34.919+0530] {dag.py:4180} INFO - Setting next_dagrun for example_subdag_operator.section-2 to None, run_after=None
[2025-03-26T22:08:34.921+0530] {logging_mixin.py:190} INFO - [2025-03-26T22:08:34.921+0530] {dag.py:3239} INFO - Sync 2 DAGs
[2025-03-26T22:08:34.923+0530] {logging_mixin.py:190} INFO - [2025-03-26T22:08:34.923+0530] {dag.py:4180} INFO - Setting next_dagrun for example_subdag_operator.section-1 to None, run_after=None
[2025-03-26T22:08:34.923+0530] {logging_mixin.py:190} INFO - [2025-03-26T22:08:34.923+0530] {dag.py:4180} INFO - Setting next_dagrun for example_subdag_operator.section-2 to None, run_after=None
[2025-03-26T22:08:34.928+0530] {processor.py:208} INFO - Processing /Users/uk/miniforge3/lib/python3.10/site-packages/airflow/example_dags/example_subdag_operator.py took 0.262 seconds
[2025-03-26T22:10:19.547+0530] {processor.py:186} INFO - Started process (PID=6781) to work on /Users/uk/miniforge3/lib/python3.10/site-packages/airflow/example_dags/example_subdag_operator.py
[2025-03-26T22:10:19.548+0530] {processor.py:914} INFO - Processing file /Users/uk/miniforge3/lib/python3.10/site-packages/airflow/example_dags/example_subdag_operator.py for tasks to queue
[2025-03-26T22:10:19.548+0530] {logging_mixin.py:190} INFO - [2025-03-26T22:10:19.548+0530] {dagbag.py:588} INFO - Filling up the DagBag from /Users/uk/miniforge3/lib/python3.10/site-packages/airflow/example_dags/example_subdag_operator.py
[2025-03-26T22:10:19.590+0530] {processor.py:925} INFO - DAG(s) 'example_subdag_operator.section-1', 'example_subdag_operator.section-2', 'example_subdag_operator' retrieved from /Users/uk/miniforge3/lib/python3.10/site-packages/airflow/example_dags/example_subdag_operator.py
[2025-03-26T22:10:19.806+0530] {logging_mixin.py:190} INFO - [2025-03-26T22:10:19.806+0530] {dag.py:3239} INFO - Sync 3 DAGs
[2025-03-26T22:10:19.813+0530] {logging_mixin.py:190} INFO - [2025-03-26T22:10:19.813+0530] {dag.py:4180} INFO - Setting next_dagrun for example_subdag_operator to 2022-01-01 00:00:00+00:00, run_after=2022-01-01 00:00:00+00:00
[2025-03-26T22:10:19.814+0530] {logging_mixin.py:190} INFO - [2025-03-26T22:10:19.814+0530] {dag.py:4180} INFO - Setting next_dagrun for example_subdag_operator.section-1 to None, run_after=None
[2025-03-26T22:10:19.815+0530] {logging_mixin.py:190} INFO - [2025-03-26T22:10:19.815+0530] {dag.py:4180} INFO - Setting next_dagrun for example_subdag_operator.section-2 to None, run_after=None
[2025-03-26T22:10:19.817+0530] {logging_mixin.py:190} INFO - [2025-03-26T22:10:19.817+0530] {dag.py:3239} INFO - Sync 2 DAGs
[2025-03-26T22:10:19.818+0530] {logging_mixin.py:190} INFO - [2025-03-26T22:10:19.818+0530] {dag.py:4180} INFO - Setting next_dagrun for example_subdag_operator.section-1 to None, run_after=None
[2025-03-26T22:10:19.818+0530] {logging_mixin.py:190} INFO - [2025-03-26T22:10:19.818+0530] {dag.py:4180} INFO - Setting next_dagrun for example_subdag_operator.section-2 to None, run_after=None
[2025-03-26T22:10:19.823+0530] {processor.py:208} INFO - Processing /Users/uk/miniforge3/lib/python3.10/site-packages/airflow/example_dags/example_subdag_operator.py took 0.277 seconds
[2025-03-26T22:11:34.437+0530] {processor.py:186} INFO - Started process (PID=6904) to work on /Users/uk/miniforge3/lib/python3.10/site-packages/airflow/example_dags/example_subdag_operator.py
[2025-03-26T22:11:34.438+0530] {processor.py:914} INFO - Processing file /Users/uk/miniforge3/lib/python3.10/site-packages/airflow/example_dags/example_subdag_operator.py for tasks to queue
[2025-03-26T22:11:34.438+0530] {logging_mixin.py:190} INFO - [2025-03-26T22:11:34.438+0530] {dagbag.py:588} INFO - Filling up the DagBag from /Users/uk/miniforge3/lib/python3.10/site-packages/airflow/example_dags/example_subdag_operator.py
[2025-03-26T22:11:34.478+0530] {processor.py:925} INFO - DAG(s) 'example_subdag_operator.section-1', 'example_subdag_operator.section-2', 'example_subdag_operator' retrieved from /Users/uk/miniforge3/lib/python3.10/site-packages/airflow/example_dags/example_subdag_operator.py
[2025-03-26T22:11:34.684+0530] {logging_mixin.py:190} INFO - [2025-03-26T22:11:34.684+0530] {dag.py:3239} INFO - Sync 3 DAGs
[2025-03-26T22:11:34.691+0530] {logging_mixin.py:190} INFO - [2025-03-26T22:11:34.691+0530] {dag.py:4180} INFO - Setting next_dagrun for example_subdag_operator to 2022-01-01 00:00:00+00:00, run_after=2022-01-01 00:00:00+00:00
[2025-03-26T22:11:34.693+0530] {logging_mixin.py:190} INFO - [2025-03-26T22:11:34.693+0530] {dag.py:4180} INFO - Setting next_dagrun for example_subdag_operator.section-1 to None, run_after=None
[2025-03-26T22:11:34.693+0530] {logging_mixin.py:190} INFO - [2025-03-26T22:11:34.693+0530] {dag.py:4180} INFO - Setting next_dagrun for example_subdag_operator.section-2 to None, run_after=None
[2025-03-26T22:11:34.695+0530] {logging_mixin.py:190} INFO - [2025-03-26T22:11:34.695+0530] {dag.py:3239} INFO - Sync 2 DAGs
[2025-03-26T22:11:34.697+0530] {logging_mixin.py:190} INFO - [2025-03-26T22:11:34.697+0530] {dag.py:4180} INFO - Setting next_dagrun for example_subdag_operator.section-1 to None, run_after=None
[2025-03-26T22:11:34.697+0530] {logging_mixin.py:190} INFO - [2025-03-26T22:11:34.697+0530] {dag.py:4180} INFO - Setting next_dagrun for example_subdag_operator.section-2 to None, run_after=None
[2025-03-26T22:11:34.701+0530] {processor.py:208} INFO - Processing /Users/uk/miniforge3/lib/python3.10/site-packages/airflow/example_dags/example_subdag_operator.py took 0.265 seconds
[2025-03-26T22:13:02.408+0530] {processor.py:186} INFO - Started process (PID=7086) to work on /Users/uk/miniforge3/lib/python3.10/site-packages/airflow/example_dags/example_subdag_operator.py
[2025-03-26T22:13:02.409+0530] {processor.py:914} INFO - Processing file /Users/uk/miniforge3/lib/python3.10/site-packages/airflow/example_dags/example_subdag_operator.py for tasks to queue
[2025-03-26T22:13:02.410+0530] {logging_mixin.py:190} INFO - [2025-03-26T22:13:02.410+0530] {dagbag.py:588} INFO - Filling up the DagBag from /Users/uk/miniforge3/lib/python3.10/site-packages/airflow/example_dags/example_subdag_operator.py
[2025-03-26T22:13:02.450+0530] {processor.py:925} INFO - DAG(s) 'example_subdag_operator.section-1', 'example_subdag_operator.section-2', 'example_subdag_operator' retrieved from /Users/uk/miniforge3/lib/python3.10/site-packages/airflow/example_dags/example_subdag_operator.py
[2025-03-26T22:13:02.671+0530] {logging_mixin.py:190} INFO - [2025-03-26T22:13:02.671+0530] {dag.py:3239} INFO - Sync 3 DAGs
[2025-03-26T22:13:02.678+0530] {logging_mixin.py:190} INFO - [2025-03-26T22:13:02.677+0530] {dag.py:4180} INFO - Setting next_dagrun for example_subdag_operator to 2022-01-01 00:00:00+00:00, run_after=2022-01-01 00:00:00+00:00
[2025-03-26T22:13:02.679+0530] {logging_mixin.py:190} INFO - [2025-03-26T22:13:02.679+0530] {dag.py:4180} INFO - Setting next_dagrun for example_subdag_operator.section-1 to None, run_after=None
[2025-03-26T22:13:02.679+0530] {logging_mixin.py:190} INFO - [2025-03-26T22:13:02.679+0530] {dag.py:4180} INFO - Setting next_dagrun for example_subdag_operator.section-2 to None, run_after=None
[2025-03-26T22:13:02.681+0530] {logging_mixin.py:190} INFO - [2025-03-26T22:13:02.681+0530] {dag.py:3239} INFO - Sync 2 DAGs
[2025-03-26T22:13:02.682+0530] {logging_mixin.py:190} INFO - [2025-03-26T22:13:02.682+0530] {dag.py:4180} INFO - Setting next_dagrun for example_subdag_operator.section-1 to None, run_after=None
[2025-03-26T22:13:02.682+0530] {logging_mixin.py:190} INFO - [2025-03-26T22:13:02.682+0530] {dag.py:4180} INFO - Setting next_dagrun for example_subdag_operator.section-2 to None, run_after=None
[2025-03-26T22:13:02.686+0530] {processor.py:208} INFO - Processing /Users/uk/miniforge3/lib/python3.10/site-packages/airflow/example_dags/example_subdag_operator.py took 0.279 seconds
[2025-03-26T22:14:51.542+0530] {processor.py:186} INFO - Started process (PID=7594) to work on /Users/uk/miniforge3/lib/python3.10/site-packages/airflow/example_dags/example_subdag_operator.py
[2025-03-26T22:14:51.543+0530] {processor.py:914} INFO - Processing file /Users/uk/miniforge3/lib/python3.10/site-packages/airflow/example_dags/example_subdag_operator.py for tasks to queue
[2025-03-26T22:14:51.543+0530] {logging_mixin.py:190} INFO - [2025-03-26T22:14:51.543+0530] {dagbag.py:588} INFO - Filling up the DagBag from /Users/uk/miniforge3/lib/python3.10/site-packages/airflow/example_dags/example_subdag_operator.py
[2025-03-26T22:14:51.584+0530] {processor.py:925} INFO - DAG(s) 'example_subdag_operator.section-1', 'example_subdag_operator.section-2', 'example_subdag_operator' retrieved from /Users/uk/miniforge3/lib/python3.10/site-packages/airflow/example_dags/example_subdag_operator.py
[2025-03-26T22:14:51.795+0530] {logging_mixin.py:190} INFO - [2025-03-26T22:14:51.794+0530] {dag.py:3239} INFO - Sync 3 DAGs
[2025-03-26T22:14:51.801+0530] {logging_mixin.py:190} INFO - [2025-03-26T22:14:51.801+0530] {dag.py:4180} INFO - Setting next_dagrun for example_subdag_operator to 2022-01-01 00:00:00+00:00, run_after=2022-01-01 00:00:00+00:00
[2025-03-26T22:14:51.802+0530] {logging_mixin.py:190} INFO - [2025-03-26T22:14:51.802+0530] {dag.py:4180} INFO - Setting next_dagrun for example_subdag_operator.section-1 to None, run_after=None
[2025-03-26T22:14:51.803+0530] {logging_mixin.py:190} INFO - [2025-03-26T22:14:51.803+0530] {dag.py:4180} INFO - Setting next_dagrun for example_subdag_operator.section-2 to None, run_after=None
[2025-03-26T22:14:51.805+0530] {logging_mixin.py:190} INFO - [2025-03-26T22:14:51.805+0530] {dag.py:3239} INFO - Sync 2 DAGs
[2025-03-26T22:14:51.806+0530] {logging_mixin.py:190} INFO - [2025-03-26T22:14:51.806+0530] {dag.py:4180} INFO - Setting next_dagrun for example_subdag_operator.section-1 to None, run_after=None
[2025-03-26T22:14:51.806+0530] {logging_mixin.py:190} INFO - [2025-03-26T22:14:51.806+0530] {dag.py:4180} INFO - Setting next_dagrun for example_subdag_operator.section-2 to None, run_after=None
[2025-03-26T22:14:51.810+0530] {processor.py:208} INFO - Processing /Users/uk/miniforge3/lib/python3.10/site-packages/airflow/example_dags/example_subdag_operator.py took 0.270 seconds
[2025-03-26T22:16:12.848+0530] {processor.py:186} INFO - Started process (PID=7771) to work on /Users/uk/miniforge3/lib/python3.10/site-packages/airflow/example_dags/example_subdag_operator.py
[2025-03-26T22:16:12.850+0530] {processor.py:914} INFO - Processing file /Users/uk/miniforge3/lib/python3.10/site-packages/airflow/example_dags/example_subdag_operator.py for tasks to queue
[2025-03-26T22:16:12.850+0530] {logging_mixin.py:190} INFO - [2025-03-26T22:16:12.850+0530] {dagbag.py:588} INFO - Filling up the DagBag from /Users/uk/miniforge3/lib/python3.10/site-packages/airflow/example_dags/example_subdag_operator.py
[2025-03-26T22:16:12.896+0530] {processor.py:925} INFO - DAG(s) 'example_subdag_operator.section-1', 'example_subdag_operator.section-2', 'example_subdag_operator' retrieved from /Users/uk/miniforge3/lib/python3.10/site-packages/airflow/example_dags/example_subdag_operator.py
[2025-03-26T22:16:13.115+0530] {logging_mixin.py:190} INFO - [2025-03-26T22:16:13.115+0530] {dag.py:3239} INFO - Sync 3 DAGs
[2025-03-26T22:16:13.122+0530] {logging_mixin.py:190} INFO - [2025-03-26T22:16:13.122+0530] {dag.py:4180} INFO - Setting next_dagrun for example_subdag_operator to 2022-01-01 00:00:00+00:00, run_after=2022-01-01 00:00:00+00:00
[2025-03-26T22:16:13.124+0530] {logging_mixin.py:190} INFO - [2025-03-26T22:16:13.124+0530] {dag.py:4180} INFO - Setting next_dagrun for example_subdag_operator.section-1 to None, run_after=None
[2025-03-26T22:16:13.124+0530] {logging_mixin.py:190} INFO - [2025-03-26T22:16:13.124+0530] {dag.py:4180} INFO - Setting next_dagrun for example_subdag_operator.section-2 to None, run_after=None
[2025-03-26T22:16:13.126+0530] {logging_mixin.py:190} INFO - [2025-03-26T22:16:13.126+0530] {dag.py:3239} INFO - Sync 2 DAGs
[2025-03-26T22:16:13.128+0530] {logging_mixin.py:190} INFO - [2025-03-26T22:16:13.128+0530] {dag.py:4180} INFO - Setting next_dagrun for example_subdag_operator.section-1 to None, run_after=None
[2025-03-26T22:16:13.128+0530] {logging_mixin.py:190} INFO - [2025-03-26T22:16:13.128+0530] {dag.py:4180} INFO - Setting next_dagrun for example_subdag_operator.section-2 to None, run_after=None
[2025-03-26T22:16:13.132+0530] {processor.py:208} INFO - Processing /Users/uk/miniforge3/lib/python3.10/site-packages/airflow/example_dags/example_subdag_operator.py took 0.288 seconds
[2025-03-26T22:17:31.649+0530] {processor.py:186} INFO - Started process (PID=7917) to work on /Users/uk/miniforge3/lib/python3.10/site-packages/airflow/example_dags/example_subdag_operator.py
[2025-03-26T22:17:31.651+0530] {processor.py:914} INFO - Processing file /Users/uk/miniforge3/lib/python3.10/site-packages/airflow/example_dags/example_subdag_operator.py for tasks to queue
[2025-03-26T22:17:31.651+0530] {logging_mixin.py:190} INFO - [2025-03-26T22:17:31.651+0530] {dagbag.py:588} INFO - Filling up the DagBag from /Users/uk/miniforge3/lib/python3.10/site-packages/airflow/example_dags/example_subdag_operator.py
[2025-03-26T22:17:31.711+0530] {processor.py:925} INFO - DAG(s) 'example_subdag_operator.section-1', 'example_subdag_operator.section-2', 'example_subdag_operator' retrieved from /Users/uk/miniforge3/lib/python3.10/site-packages/airflow/example_dags/example_subdag_operator.py
[2025-03-26T22:17:31.953+0530] {logging_mixin.py:190} INFO - [2025-03-26T22:17:31.953+0530] {dag.py:3239} INFO - Sync 3 DAGs
[2025-03-26T22:17:31.960+0530] {logging_mixin.py:190} INFO - [2025-03-26T22:17:31.960+0530] {dag.py:4180} INFO - Setting next_dagrun for example_subdag_operator to 2022-01-01 00:00:00+00:00, run_after=2022-01-01 00:00:00+00:00
[2025-03-26T22:17:31.961+0530] {logging_mixin.py:190} INFO - [2025-03-26T22:17:31.961+0530] {dag.py:4180} INFO - Setting next_dagrun for example_subdag_operator.section-1 to None, run_after=None
[2025-03-26T22:17:31.961+0530] {logging_mixin.py:190} INFO - [2025-03-26T22:17:31.961+0530] {dag.py:4180} INFO - Setting next_dagrun for example_subdag_operator.section-2 to None, run_after=None
[2025-03-26T22:17:31.964+0530] {logging_mixin.py:190} INFO - [2025-03-26T22:17:31.964+0530] {dag.py:3239} INFO - Sync 2 DAGs
[2025-03-26T22:17:31.965+0530] {logging_mixin.py:190} INFO - [2025-03-26T22:17:31.965+0530] {dag.py:4180} INFO - Setting next_dagrun for example_subdag_operator.section-1 to None, run_after=None
[2025-03-26T22:17:31.965+0530] {logging_mixin.py:190} INFO - [2025-03-26T22:17:31.965+0530] {dag.py:4180} INFO - Setting next_dagrun for example_subdag_operator.section-2 to None, run_after=None
[2025-03-26T22:17:31.970+0530] {processor.py:208} INFO - Processing /Users/uk/miniforge3/lib/python3.10/site-packages/airflow/example_dags/example_subdag_operator.py took 0.322 seconds
[2025-03-26T22:18:49.779+0530] {processor.py:186} INFO - Started process (PID=8054) to work on /Users/uk/miniforge3/lib/python3.10/site-packages/airflow/example_dags/example_subdag_operator.py
[2025-03-26T22:18:49.780+0530] {processor.py:914} INFO - Processing file /Users/uk/miniforge3/lib/python3.10/site-packages/airflow/example_dags/example_subdag_operator.py for tasks to queue
[2025-03-26T22:18:49.780+0530] {logging_mixin.py:190} INFO - [2025-03-26T22:18:49.780+0530] {dagbag.py:588} INFO - Filling up the DagBag from /Users/uk/miniforge3/lib/python3.10/site-packages/airflow/example_dags/example_subdag_operator.py
[2025-03-26T22:18:49.821+0530] {processor.py:925} INFO - DAG(s) 'example_subdag_operator.section-1', 'example_subdag_operator.section-2', 'example_subdag_operator' retrieved from /Users/uk/miniforge3/lib/python3.10/site-packages/airflow/example_dags/example_subdag_operator.py
[2025-03-26T22:18:50.076+0530] {logging_mixin.py:190} INFO - [2025-03-26T22:18:50.076+0530] {dag.py:3239} INFO - Sync 3 DAGs
[2025-03-26T22:18:50.083+0530] {logging_mixin.py:190} INFO - [2025-03-26T22:18:50.083+0530] {dag.py:4180} INFO - Setting next_dagrun for example_subdag_operator to 2022-01-01 00:00:00+00:00, run_after=2022-01-01 00:00:00+00:00
[2025-03-26T22:18:50.084+0530] {logging_mixin.py:190} INFO - [2025-03-26T22:18:50.084+0530] {dag.py:4180} INFO - Setting next_dagrun for example_subdag_operator.section-1 to None, run_after=None
[2025-03-26T22:18:50.084+0530] {logging_mixin.py:190} INFO - [2025-03-26T22:18:50.084+0530] {dag.py:4180} INFO - Setting next_dagrun for example_subdag_operator.section-2 to None, run_after=None
[2025-03-26T22:18:50.086+0530] {logging_mixin.py:190} INFO - [2025-03-26T22:18:50.086+0530] {dag.py:3239} INFO - Sync 2 DAGs
[2025-03-26T22:18:50.088+0530] {logging_mixin.py:190} INFO - [2025-03-26T22:18:50.088+0530] {dag.py:4180} INFO - Setting next_dagrun for example_subdag_operator.section-1 to None, run_after=None
[2025-03-26T22:18:50.088+0530] {logging_mixin.py:190} INFO - [2025-03-26T22:18:50.088+0530] {dag.py:4180} INFO - Setting next_dagrun for example_subdag_operator.section-2 to None, run_after=None
[2025-03-26T22:18:50.092+0530] {processor.py:208} INFO - Processing /Users/uk/miniforge3/lib/python3.10/site-packages/airflow/example_dags/example_subdag_operator.py took 0.314 seconds
[2025-03-26T22:20:07.259+0530] {processor.py:186} INFO - Started process (PID=8184) to work on /Users/uk/miniforge3/lib/python3.10/site-packages/airflow/example_dags/example_subdag_operator.py
[2025-03-26T22:20:07.259+0530] {processor.py:914} INFO - Processing file /Users/uk/miniforge3/lib/python3.10/site-packages/airflow/example_dags/example_subdag_operator.py for tasks to queue
[2025-03-26T22:20:07.260+0530] {logging_mixin.py:190} INFO - [2025-03-26T22:20:07.259+0530] {dagbag.py:588} INFO - Filling up the DagBag from /Users/uk/miniforge3/lib/python3.10/site-packages/airflow/example_dags/example_subdag_operator.py
[2025-03-26T22:20:07.303+0530] {processor.py:925} INFO - DAG(s) 'example_subdag_operator.section-1', 'example_subdag_operator.section-2', 'example_subdag_operator' retrieved from /Users/uk/miniforge3/lib/python3.10/site-packages/airflow/example_dags/example_subdag_operator.py
[2025-03-26T22:20:07.524+0530] {logging_mixin.py:190} INFO - [2025-03-26T22:20:07.524+0530] {dag.py:3239} INFO - Sync 3 DAGs
[2025-03-26T22:20:07.531+0530] {logging_mixin.py:190} INFO - [2025-03-26T22:20:07.531+0530] {dag.py:4180} INFO - Setting next_dagrun for example_subdag_operator to 2022-01-01 00:00:00+00:00, run_after=2022-01-01 00:00:00+00:00
[2025-03-26T22:20:07.533+0530] {logging_mixin.py:190} INFO - [2025-03-26T22:20:07.533+0530] {dag.py:4180} INFO - Setting next_dagrun for example_subdag_operator.section-1 to None, run_after=None
[2025-03-26T22:20:07.533+0530] {logging_mixin.py:190} INFO - [2025-03-26T22:20:07.533+0530] {dag.py:4180} INFO - Setting next_dagrun for example_subdag_operator.section-2 to None, run_after=None
[2025-03-26T22:20:07.535+0530] {logging_mixin.py:190} INFO - [2025-03-26T22:20:07.535+0530] {dag.py:3239} INFO - Sync 2 DAGs
[2025-03-26T22:20:07.537+0530] {logging_mixin.py:190} INFO - [2025-03-26T22:20:07.537+0530] {dag.py:4180} INFO - Setting next_dagrun for example_subdag_operator.section-1 to None, run_after=None
[2025-03-26T22:20:07.537+0530] {logging_mixin.py:190} INFO - [2025-03-26T22:20:07.537+0530] {dag.py:4180} INFO - Setting next_dagrun for example_subdag_operator.section-2 to None, run_after=None
[2025-03-26T22:20:07.541+0530] {processor.py:208} INFO - Processing /Users/uk/miniforge3/lib/python3.10/site-packages/airflow/example_dags/example_subdag_operator.py took 0.284 seconds
[2025-03-26T22:21:23.831+0530] {processor.py:186} INFO - Started process (PID=8349) to work on /Users/uk/miniforge3/lib/python3.10/site-packages/airflow/example_dags/example_subdag_operator.py
[2025-03-26T22:21:23.832+0530] {processor.py:914} INFO - Processing file /Users/uk/miniforge3/lib/python3.10/site-packages/airflow/example_dags/example_subdag_operator.py for tasks to queue
[2025-03-26T22:21:23.833+0530] {logging_mixin.py:190} INFO - [2025-03-26T22:21:23.833+0530] {dagbag.py:588} INFO - Filling up the DagBag from /Users/uk/miniforge3/lib/python3.10/site-packages/airflow/example_dags/example_subdag_operator.py
[2025-03-26T22:21:23.878+0530] {processor.py:925} INFO - DAG(s) 'example_subdag_operator.section-1', 'example_subdag_operator.section-2', 'example_subdag_operator' retrieved from /Users/uk/miniforge3/lib/python3.10/site-packages/airflow/example_dags/example_subdag_operator.py
[2025-03-26T22:21:24.160+0530] {logging_mixin.py:190} INFO - [2025-03-26T22:21:24.160+0530] {dag.py:3239} INFO - Sync 3 DAGs
[2025-03-26T22:21:24.173+0530] {logging_mixin.py:190} INFO - [2025-03-26T22:21:24.173+0530] {dag.py:4180} INFO - Setting next_dagrun for example_subdag_operator to 2022-01-01 00:00:00+00:00, run_after=2022-01-01 00:00:00+00:00
[2025-03-26T22:21:24.178+0530] {logging_mixin.py:190} INFO - [2025-03-26T22:21:24.178+0530] {dag.py:4180} INFO - Setting next_dagrun for example_subdag_operator.section-1 to None, run_after=None
[2025-03-26T22:21:24.180+0530] {logging_mixin.py:190} INFO - [2025-03-26T22:21:24.179+0530] {dag.py:4180} INFO - Setting next_dagrun for example_subdag_operator.section-2 to None, run_after=None
[2025-03-26T22:21:24.188+0530] {logging_mixin.py:190} INFO - [2025-03-26T22:21:24.188+0530] {dag.py:3239} INFO - Sync 2 DAGs
[2025-03-26T22:21:24.194+0530] {logging_mixin.py:190} INFO - [2025-03-26T22:21:24.193+0530] {dag.py:4180} INFO - Setting next_dagrun for example_subdag_operator.section-1 to None, run_after=None
[2025-03-26T22:21:24.194+0530] {logging_mixin.py:190} INFO - [2025-03-26T22:21:24.194+0530] {dag.py:4180} INFO - Setting next_dagrun for example_subdag_operator.section-2 to None, run_after=None
[2025-03-26T22:21:24.213+0530] {processor.py:208} INFO - Processing /Users/uk/miniforge3/lib/python3.10/site-packages/airflow/example_dags/example_subdag_operator.py took 0.383 seconds
[2025-03-26T22:22:39.083+0530] {processor.py:186} INFO - Started process (PID=8489) to work on /Users/uk/miniforge3/lib/python3.10/site-packages/airflow/example_dags/example_subdag_operator.py
[2025-03-26T22:22:39.083+0530] {processor.py:914} INFO - Processing file /Users/uk/miniforge3/lib/python3.10/site-packages/airflow/example_dags/example_subdag_operator.py for tasks to queue
[2025-03-26T22:22:39.084+0530] {logging_mixin.py:190} INFO - [2025-03-26T22:22:39.084+0530] {dagbag.py:588} INFO - Filling up the DagBag from /Users/uk/miniforge3/lib/python3.10/site-packages/airflow/example_dags/example_subdag_operator.py
[2025-03-26T22:22:39.126+0530] {processor.py:925} INFO - DAG(s) 'example_subdag_operator.section-1', 'example_subdag_operator.section-2', 'example_subdag_operator' retrieved from /Users/uk/miniforge3/lib/python3.10/site-packages/airflow/example_dags/example_subdag_operator.py
[2025-03-26T22:22:39.335+0530] {logging_mixin.py:190} INFO - [2025-03-26T22:22:39.335+0530] {dag.py:3239} INFO - Sync 3 DAGs
[2025-03-26T22:22:39.341+0530] {logging_mixin.py:190} INFO - [2025-03-26T22:22:39.341+0530] {dag.py:4180} INFO - Setting next_dagrun for example_subdag_operator to 2022-01-01 00:00:00+00:00, run_after=2022-01-01 00:00:00+00:00
[2025-03-26T22:22:39.343+0530] {logging_mixin.py:190} INFO - [2025-03-26T22:22:39.343+0530] {dag.py:4180} INFO - Setting next_dagrun for example_subdag_operator.section-1 to None, run_after=None
[2025-03-26T22:22:39.343+0530] {logging_mixin.py:190} INFO - [2025-03-26T22:22:39.343+0530] {dag.py:4180} INFO - Setting next_dagrun for example_subdag_operator.section-2 to None, run_after=None
[2025-03-26T22:22:39.345+0530] {logging_mixin.py:190} INFO - [2025-03-26T22:22:39.345+0530] {dag.py:3239} INFO - Sync 2 DAGs
[2025-03-26T22:22:39.346+0530] {logging_mixin.py:190} INFO - [2025-03-26T22:22:39.346+0530] {dag.py:4180} INFO - Setting next_dagrun for example_subdag_operator.section-1 to None, run_after=None
[2025-03-26T22:22:39.347+0530] {logging_mixin.py:190} INFO - [2025-03-26T22:22:39.346+0530] {dag.py:4180} INFO - Setting next_dagrun for example_subdag_operator.section-2 to None, run_after=None
[2025-03-26T22:22:39.350+0530] {processor.py:208} INFO - Processing /Users/uk/miniforge3/lib/python3.10/site-packages/airflow/example_dags/example_subdag_operator.py took 0.269 seconds
[2025-03-26T22:23:53.869+0530] {processor.py:186} INFO - Started process (PID=8622) to work on /Users/uk/miniforge3/lib/python3.10/site-packages/airflow/example_dags/example_subdag_operator.py
[2025-03-26T22:23:53.870+0530] {processor.py:914} INFO - Processing file /Users/uk/miniforge3/lib/python3.10/site-packages/airflow/example_dags/example_subdag_operator.py for tasks to queue
[2025-03-26T22:23:53.870+0530] {logging_mixin.py:190} INFO - [2025-03-26T22:23:53.870+0530] {dagbag.py:588} INFO - Filling up the DagBag from /Users/uk/miniforge3/lib/python3.10/site-packages/airflow/example_dags/example_subdag_operator.py
[2025-03-26T22:23:53.915+0530] {processor.py:925} INFO - DAG(s) 'example_subdag_operator.section-1', 'example_subdag_operator.section-2', 'example_subdag_operator' retrieved from /Users/uk/miniforge3/lib/python3.10/site-packages/airflow/example_dags/example_subdag_operator.py
[2025-03-26T22:23:54.183+0530] {logging_mixin.py:190} INFO - [2025-03-26T22:23:54.183+0530] {dag.py:3239} INFO - Sync 3 DAGs
[2025-03-26T22:23:54.190+0530] {logging_mixin.py:190} INFO - [2025-03-26T22:23:54.190+0530] {dag.py:4180} INFO - Setting next_dagrun for example_subdag_operator to 2022-01-01 00:00:00+00:00, run_after=2022-01-01 00:00:00+00:00
[2025-03-26T22:23:54.191+0530] {logging_mixin.py:190} INFO - [2025-03-26T22:23:54.191+0530] {dag.py:4180} INFO - Setting next_dagrun for example_subdag_operator.section-1 to None, run_after=None
[2025-03-26T22:23:54.192+0530] {logging_mixin.py:190} INFO - [2025-03-26T22:23:54.192+0530] {dag.py:4180} INFO - Setting next_dagrun for example_subdag_operator.section-2 to None, run_after=None
[2025-03-26T22:23:54.194+0530] {logging_mixin.py:190} INFO - [2025-03-26T22:23:54.194+0530] {dag.py:3239} INFO - Sync 2 DAGs
[2025-03-26T22:23:54.196+0530] {logging_mixin.py:190} INFO - [2025-03-26T22:23:54.196+0530] {dag.py:4180} INFO - Setting next_dagrun for example_subdag_operator.section-1 to None, run_after=None
[2025-03-26T22:23:54.196+0530] {logging_mixin.py:190} INFO - [2025-03-26T22:23:54.196+0530] {dag.py:4180} INFO - Setting next_dagrun for example_subdag_operator.section-2 to None, run_after=None
[2025-03-26T22:23:54.200+0530] {processor.py:208} INFO - Processing /Users/uk/miniforge3/lib/python3.10/site-packages/airflow/example_dags/example_subdag_operator.py took 0.332 seconds
[2025-03-26T22:25:16.463+0530] {processor.py:186} INFO - Started process (PID=8762) to work on /Users/uk/miniforge3/lib/python3.10/site-packages/airflow/example_dags/example_subdag_operator.py
[2025-03-26T22:25:16.463+0530] {processor.py:914} INFO - Processing file /Users/uk/miniforge3/lib/python3.10/site-packages/airflow/example_dags/example_subdag_operator.py for tasks to queue
[2025-03-26T22:25:16.464+0530] {logging_mixin.py:190} INFO - [2025-03-26T22:25:16.463+0530] {dagbag.py:588} INFO - Filling up the DagBag from /Users/uk/miniforge3/lib/python3.10/site-packages/airflow/example_dags/example_subdag_operator.py
[2025-03-26T22:25:16.503+0530] {processor.py:925} INFO - DAG(s) 'example_subdag_operator.section-1', 'example_subdag_operator.section-2', 'example_subdag_operator' retrieved from /Users/uk/miniforge3/lib/python3.10/site-packages/airflow/example_dags/example_subdag_operator.py
[2025-03-26T22:25:16.744+0530] {logging_mixin.py:190} INFO - [2025-03-26T22:25:16.744+0530] {dag.py:3239} INFO - Sync 3 DAGs
[2025-03-26T22:25:16.752+0530] {logging_mixin.py:190} INFO - [2025-03-26T22:25:16.751+0530] {dag.py:4180} INFO - Setting next_dagrun for example_subdag_operator to 2022-01-01 00:00:00+00:00, run_after=2022-01-01 00:00:00+00:00
[2025-03-26T22:25:16.753+0530] {logging_mixin.py:190} INFO - [2025-03-26T22:25:16.753+0530] {dag.py:4180} INFO - Setting next_dagrun for example_subdag_operator.section-1 to None, run_after=None
[2025-03-26T22:25:16.753+0530] {logging_mixin.py:190} INFO - [2025-03-26T22:25:16.753+0530] {dag.py:4180} INFO - Setting next_dagrun for example_subdag_operator.section-2 to None, run_after=None
[2025-03-26T22:25:16.756+0530] {logging_mixin.py:190} INFO - [2025-03-26T22:25:16.756+0530] {dag.py:3239} INFO - Sync 2 DAGs
[2025-03-26T22:25:16.757+0530] {logging_mixin.py:190} INFO - [2025-03-26T22:25:16.757+0530] {dag.py:4180} INFO - Setting next_dagrun for example_subdag_operator.section-1 to None, run_after=None
[2025-03-26T22:25:16.757+0530] {logging_mixin.py:190} INFO - [2025-03-26T22:25:16.757+0530] {dag.py:4180} INFO - Setting next_dagrun for example_subdag_operator.section-2 to None, run_after=None
[2025-03-26T22:25:16.763+0530] {processor.py:208} INFO - Processing /Users/uk/miniforge3/lib/python3.10/site-packages/airflow/example_dags/example_subdag_operator.py took 0.302 seconds
[2025-03-26T22:26:34.476+0530] {processor.py:186} INFO - Started process (PID=8895) to work on /Users/uk/miniforge3/lib/python3.10/site-packages/airflow/example_dags/example_subdag_operator.py
[2025-03-26T22:26:34.478+0530] {processor.py:914} INFO - Processing file /Users/uk/miniforge3/lib/python3.10/site-packages/airflow/example_dags/example_subdag_operator.py for tasks to queue
[2025-03-26T22:26:34.479+0530] {logging_mixin.py:190} INFO - [2025-03-26T22:26:34.479+0530] {dagbag.py:588} INFO - Filling up the DagBag from /Users/uk/miniforge3/lib/python3.10/site-packages/airflow/example_dags/example_subdag_operator.py
[2025-03-26T22:26:34.518+0530] {processor.py:925} INFO - DAG(s) 'example_subdag_operator.section-1', 'example_subdag_operator.section-2', 'example_subdag_operator' retrieved from /Users/uk/miniforge3/lib/python3.10/site-packages/airflow/example_dags/example_subdag_operator.py
[2025-03-26T22:26:34.719+0530] {logging_mixin.py:190} INFO - [2025-03-26T22:26:34.719+0530] {dag.py:3239} INFO - Sync 3 DAGs
[2025-03-26T22:26:34.726+0530] {logging_mixin.py:190} INFO - [2025-03-26T22:26:34.726+0530] {dag.py:4180} INFO - Setting next_dagrun for example_subdag_operator to 2022-01-01 00:00:00+00:00, run_after=2022-01-01 00:00:00+00:00
[2025-03-26T22:26:34.727+0530] {logging_mixin.py:190} INFO - [2025-03-26T22:26:34.727+0530] {dag.py:4180} INFO - Setting next_dagrun for example_subdag_operator.section-1 to None, run_after=None
[2025-03-26T22:26:34.727+0530] {logging_mixin.py:190} INFO - [2025-03-26T22:26:34.727+0530] {dag.py:4180} INFO - Setting next_dagrun for example_subdag_operator.section-2 to None, run_after=None
[2025-03-26T22:26:34.729+0530] {logging_mixin.py:190} INFO - [2025-03-26T22:26:34.729+0530] {dag.py:3239} INFO - Sync 2 DAGs
[2025-03-26T22:26:34.731+0530] {logging_mixin.py:190} INFO - [2025-03-26T22:26:34.731+0530] {dag.py:4180} INFO - Setting next_dagrun for example_subdag_operator.section-1 to None, run_after=None
[2025-03-26T22:26:34.731+0530] {logging_mixin.py:190} INFO - [2025-03-26T22:26:34.731+0530] {dag.py:4180} INFO - Setting next_dagrun for example_subdag_operator.section-2 to None, run_after=None
[2025-03-26T22:26:34.735+0530] {processor.py:208} INFO - Processing /Users/uk/miniforge3/lib/python3.10/site-packages/airflow/example_dags/example_subdag_operator.py took 0.260 seconds
[2025-03-26T22:27:52.398+0530] {processor.py:186} INFO - Started process (PID=9038) to work on /Users/uk/miniforge3/lib/python3.10/site-packages/airflow/example_dags/example_subdag_operator.py
[2025-03-26T22:27:52.399+0530] {processor.py:914} INFO - Processing file /Users/uk/miniforge3/lib/python3.10/site-packages/airflow/example_dags/example_subdag_operator.py for tasks to queue
[2025-03-26T22:27:52.399+0530] {logging_mixin.py:190} INFO - [2025-03-26T22:27:52.399+0530] {dagbag.py:588} INFO - Filling up the DagBag from /Users/uk/miniforge3/lib/python3.10/site-packages/airflow/example_dags/example_subdag_operator.py
[2025-03-26T22:27:52.453+0530] {processor.py:925} INFO - DAG(s) 'example_subdag_operator.section-1', 'example_subdag_operator.section-2', 'example_subdag_operator' retrieved from /Users/uk/miniforge3/lib/python3.10/site-packages/airflow/example_dags/example_subdag_operator.py
[2025-03-26T22:27:52.732+0530] {logging_mixin.py:190} INFO - [2025-03-26T22:27:52.732+0530] {dag.py:3239} INFO - Sync 3 DAGs
[2025-03-26T22:27:52.739+0530] {logging_mixin.py:190} INFO - [2025-03-26T22:27:52.739+0530] {dag.py:4180} INFO - Setting next_dagrun for example_subdag_operator to 2022-01-01 00:00:00+00:00, run_after=2022-01-01 00:00:00+00:00
[2025-03-26T22:27:52.740+0530] {logging_mixin.py:190} INFO - [2025-03-26T22:27:52.740+0530] {dag.py:4180} INFO - Setting next_dagrun for example_subdag_operator.section-1 to None, run_after=None
[2025-03-26T22:27:52.741+0530] {logging_mixin.py:190} INFO - [2025-03-26T22:27:52.741+0530] {dag.py:4180} INFO - Setting next_dagrun for example_subdag_operator.section-2 to None, run_after=None
[2025-03-26T22:27:52.743+0530] {logging_mixin.py:190} INFO - [2025-03-26T22:27:52.743+0530] {dag.py:3239} INFO - Sync 2 DAGs
[2025-03-26T22:27:52.744+0530] {logging_mixin.py:190} INFO - [2025-03-26T22:27:52.744+0530] {dag.py:4180} INFO - Setting next_dagrun for example_subdag_operator.section-1 to None, run_after=None
[2025-03-26T22:27:52.744+0530] {logging_mixin.py:190} INFO - [2025-03-26T22:27:52.744+0530] {dag.py:4180} INFO - Setting next_dagrun for example_subdag_operator.section-2 to None, run_after=None
[2025-03-26T22:27:52.748+0530] {processor.py:208} INFO - Processing /Users/uk/miniforge3/lib/python3.10/site-packages/airflow/example_dags/example_subdag_operator.py took 0.353 seconds
[2025-03-26T22:29:16.089+0530] {processor.py:186} INFO - Started process (PID=9166) to work on /Users/uk/miniforge3/lib/python3.10/site-packages/airflow/example_dags/example_subdag_operator.py
[2025-03-26T22:29:16.089+0530] {processor.py:914} INFO - Processing file /Users/uk/miniforge3/lib/python3.10/site-packages/airflow/example_dags/example_subdag_operator.py for tasks to queue
[2025-03-26T22:29:16.090+0530] {logging_mixin.py:190} INFO - [2025-03-26T22:29:16.090+0530] {dagbag.py:588} INFO - Filling up the DagBag from /Users/uk/miniforge3/lib/python3.10/site-packages/airflow/example_dags/example_subdag_operator.py
[2025-03-26T22:29:16.130+0530] {processor.py:925} INFO - DAG(s) 'example_subdag_operator.section-1', 'example_subdag_operator.section-2', 'example_subdag_operator' retrieved from /Users/uk/miniforge3/lib/python3.10/site-packages/airflow/example_dags/example_subdag_operator.py
[2025-03-26T22:29:16.390+0530] {logging_mixin.py:190} INFO - [2025-03-26T22:29:16.390+0530] {dag.py:3239} INFO - Sync 3 DAGs
[2025-03-26T22:29:16.397+0530] {logging_mixin.py:190} INFO - [2025-03-26T22:29:16.397+0530] {dag.py:4180} INFO - Setting next_dagrun for example_subdag_operator to 2022-01-01 00:00:00+00:00, run_after=2022-01-01 00:00:00+00:00
[2025-03-26T22:29:16.399+0530] {logging_mixin.py:190} INFO - [2025-03-26T22:29:16.399+0530] {dag.py:4180} INFO - Setting next_dagrun for example_subdag_operator.section-1 to None, run_after=None
[2025-03-26T22:29:16.399+0530] {logging_mixin.py:190} INFO - [2025-03-26T22:29:16.399+0530] {dag.py:4180} INFO - Setting next_dagrun for example_subdag_operator.section-2 to None, run_after=None
[2025-03-26T22:29:16.401+0530] {logging_mixin.py:190} INFO - [2025-03-26T22:29:16.401+0530] {dag.py:3239} INFO - Sync 2 DAGs
[2025-03-26T22:29:16.403+0530] {logging_mixin.py:190} INFO - [2025-03-26T22:29:16.403+0530] {dag.py:4180} INFO - Setting next_dagrun for example_subdag_operator.section-1 to None, run_after=None
[2025-03-26T22:29:16.403+0530] {logging_mixin.py:190} INFO - [2025-03-26T22:29:16.403+0530] {dag.py:4180} INFO - Setting next_dagrun for example_subdag_operator.section-2 to None, run_after=None
[2025-03-26T22:29:16.407+0530] {processor.py:208} INFO - Processing /Users/uk/miniforge3/lib/python3.10/site-packages/airflow/example_dags/example_subdag_operator.py took 0.319 seconds
[2025-03-26T22:30:33.763+0530] {processor.py:186} INFO - Started process (PID=9310) to work on /Users/uk/miniforge3/lib/python3.10/site-packages/airflow/example_dags/example_subdag_operator.py
[2025-03-26T22:30:33.763+0530] {processor.py:914} INFO - Processing file /Users/uk/miniforge3/lib/python3.10/site-packages/airflow/example_dags/example_subdag_operator.py for tasks to queue
[2025-03-26T22:30:33.764+0530] {logging_mixin.py:190} INFO - [2025-03-26T22:30:33.764+0530] {dagbag.py:588} INFO - Filling up the DagBag from /Users/uk/miniforge3/lib/python3.10/site-packages/airflow/example_dags/example_subdag_operator.py
[2025-03-26T22:30:33.805+0530] {processor.py:925} INFO - DAG(s) 'example_subdag_operator.section-1', 'example_subdag_operator.section-2', 'example_subdag_operator' retrieved from /Users/uk/miniforge3/lib/python3.10/site-packages/airflow/example_dags/example_subdag_operator.py
[2025-03-26T22:30:34.046+0530] {logging_mixin.py:190} INFO - [2025-03-26T22:30:34.046+0530] {dag.py:3239} INFO - Sync 3 DAGs
[2025-03-26T22:30:34.052+0530] {logging_mixin.py:190} INFO - [2025-03-26T22:30:34.052+0530] {dag.py:4180} INFO - Setting next_dagrun for example_subdag_operator to 2022-01-01 00:00:00+00:00, run_after=2022-01-01 00:00:00+00:00
[2025-03-26T22:30:34.054+0530] {logging_mixin.py:190} INFO - [2025-03-26T22:30:34.054+0530] {dag.py:4180} INFO - Setting next_dagrun for example_subdag_operator.section-1 to None, run_after=None
[2025-03-26T22:30:34.054+0530] {logging_mixin.py:190} INFO - [2025-03-26T22:30:34.054+0530] {dag.py:4180} INFO - Setting next_dagrun for example_subdag_operator.section-2 to None, run_after=None
[2025-03-26T22:30:34.056+0530] {logging_mixin.py:190} INFO - [2025-03-26T22:30:34.056+0530] {dag.py:3239} INFO - Sync 2 DAGs
[2025-03-26T22:30:34.058+0530] {logging_mixin.py:190} INFO - [2025-03-26T22:30:34.058+0530] {dag.py:4180} INFO - Setting next_dagrun for example_subdag_operator.section-1 to None, run_after=None
[2025-03-26T22:30:34.058+0530] {logging_mixin.py:190} INFO - [2025-03-26T22:30:34.058+0530] {dag.py:4180} INFO - Setting next_dagrun for example_subdag_operator.section-2 to None, run_after=None
[2025-03-26T22:30:34.062+0530] {processor.py:208} INFO - Processing /Users/uk/miniforge3/lib/python3.10/site-packages/airflow/example_dags/example_subdag_operator.py took 0.300 seconds
[2025-03-26T22:31:43.518+0530] {processor.py:186} INFO - Started process (PID=9438) to work on /Users/uk/miniforge3/lib/python3.10/site-packages/airflow/example_dags/example_subdag_operator.py
[2025-03-26T22:31:43.519+0530] {processor.py:914} INFO - Processing file /Users/uk/miniforge3/lib/python3.10/site-packages/airflow/example_dags/example_subdag_operator.py for tasks to queue
[2025-03-26T22:31:43.519+0530] {logging_mixin.py:190} INFO - [2025-03-26T22:31:43.519+0530] {dagbag.py:588} INFO - Filling up the DagBag from /Users/uk/miniforge3/lib/python3.10/site-packages/airflow/example_dags/example_subdag_operator.py
[2025-03-26T22:31:43.560+0530] {processor.py:925} INFO - DAG(s) 'example_subdag_operator.section-1', 'example_subdag_operator.section-2', 'example_subdag_operator' retrieved from /Users/uk/miniforge3/lib/python3.10/site-packages/airflow/example_dags/example_subdag_operator.py
[2025-03-26T22:31:43.781+0530] {logging_mixin.py:190} INFO - [2025-03-26T22:31:43.781+0530] {dag.py:3239} INFO - Sync 3 DAGs
[2025-03-26T22:31:43.788+0530] {logging_mixin.py:190} INFO - [2025-03-26T22:31:43.788+0530] {dag.py:4180} INFO - Setting next_dagrun for example_subdag_operator to 2022-01-01 00:00:00+00:00, run_after=2022-01-01 00:00:00+00:00
[2025-03-26T22:31:43.789+0530] {logging_mixin.py:190} INFO - [2025-03-26T22:31:43.789+0530] {dag.py:4180} INFO - Setting next_dagrun for example_subdag_operator.section-1 to None, run_after=None
[2025-03-26T22:31:43.789+0530] {logging_mixin.py:190} INFO - [2025-03-26T22:31:43.789+0530] {dag.py:4180} INFO - Setting next_dagrun for example_subdag_operator.section-2 to None, run_after=None
[2025-03-26T22:31:43.792+0530] {logging_mixin.py:190} INFO - [2025-03-26T22:31:43.792+0530] {dag.py:3239} INFO - Sync 2 DAGs
[2025-03-26T22:31:43.793+0530] {logging_mixin.py:190} INFO - [2025-03-26T22:31:43.793+0530] {dag.py:4180} INFO - Setting next_dagrun for example_subdag_operator.section-1 to None, run_after=None
[2025-03-26T22:31:43.793+0530] {logging_mixin.py:190} INFO - [2025-03-26T22:31:43.793+0530] {dag.py:4180} INFO - Setting next_dagrun for example_subdag_operator.section-2 to None, run_after=None
[2025-03-26T22:31:43.797+0530] {processor.py:208} INFO - Processing /Users/uk/miniforge3/lib/python3.10/site-packages/airflow/example_dags/example_subdag_operator.py took 0.280 seconds
[2025-03-26T22:32:53.910+0530] {processor.py:186} INFO - Started process (PID=9550) to work on /Users/uk/miniforge3/lib/python3.10/site-packages/airflow/example_dags/example_subdag_operator.py
[2025-03-26T22:32:53.914+0530] {processor.py:914} INFO - Processing file /Users/uk/miniforge3/lib/python3.10/site-packages/airflow/example_dags/example_subdag_operator.py for tasks to queue
[2025-03-26T22:32:53.915+0530] {logging_mixin.py:190} INFO - [2025-03-26T22:32:53.915+0530] {dagbag.py:588} INFO - Filling up the DagBag from /Users/uk/miniforge3/lib/python3.10/site-packages/airflow/example_dags/example_subdag_operator.py
[2025-03-26T22:32:53.955+0530] {processor.py:925} INFO - DAG(s) 'example_subdag_operator.section-1', 'example_subdag_operator.section-2', 'example_subdag_operator' retrieved from /Users/uk/miniforge3/lib/python3.10/site-packages/airflow/example_dags/example_subdag_operator.py
[2025-03-26T22:32:54.234+0530] {logging_mixin.py:190} INFO - [2025-03-26T22:32:54.234+0530] {dag.py:3239} INFO - Sync 3 DAGs
[2025-03-26T22:32:54.240+0530] {logging_mixin.py:190} INFO - [2025-03-26T22:32:54.240+0530] {dag.py:4180} INFO - Setting next_dagrun for example_subdag_operator to 2022-01-01 00:00:00+00:00, run_after=2022-01-01 00:00:00+00:00
[2025-03-26T22:32:54.242+0530] {logging_mixin.py:190} INFO - [2025-03-26T22:32:54.242+0530] {dag.py:4180} INFO - Setting next_dagrun for example_subdag_operator.section-1 to None, run_after=None
[2025-03-26T22:32:54.242+0530] {logging_mixin.py:190} INFO - [2025-03-26T22:32:54.242+0530] {dag.py:4180} INFO - Setting next_dagrun for example_subdag_operator.section-2 to None, run_after=None
[2025-03-26T22:32:54.244+0530] {logging_mixin.py:190} INFO - [2025-03-26T22:32:54.244+0530] {dag.py:3239} INFO - Sync 2 DAGs
[2025-03-26T22:32:54.246+0530] {logging_mixin.py:190} INFO - [2025-03-26T22:32:54.246+0530] {dag.py:4180} INFO - Setting next_dagrun for example_subdag_operator.section-1 to None, run_after=None
[2025-03-26T22:32:54.246+0530] {logging_mixin.py:190} INFO - [2025-03-26T22:32:54.246+0530] {dag.py:4180} INFO - Setting next_dagrun for example_subdag_operator.section-2 to None, run_after=None
[2025-03-26T22:32:54.250+0530] {processor.py:208} INFO - Processing /Users/uk/miniforge3/lib/python3.10/site-packages/airflow/example_dags/example_subdag_operator.py took 0.341 seconds
[2025-03-26T22:34:08.153+0530] {processor.py:186} INFO - Started process (PID=9684) to work on /Users/uk/miniforge3/lib/python3.10/site-packages/airflow/example_dags/example_subdag_operator.py
[2025-03-26T22:34:08.153+0530] {processor.py:914} INFO - Processing file /Users/uk/miniforge3/lib/python3.10/site-packages/airflow/example_dags/example_subdag_operator.py for tasks to queue
[2025-03-26T22:34:08.154+0530] {logging_mixin.py:190} INFO - [2025-03-26T22:34:08.154+0530] {dagbag.py:588} INFO - Filling up the DagBag from /Users/uk/miniforge3/lib/python3.10/site-packages/airflow/example_dags/example_subdag_operator.py
[2025-03-26T22:34:08.194+0530] {processor.py:925} INFO - DAG(s) 'example_subdag_operator.section-1', 'example_subdag_operator.section-2', 'example_subdag_operator' retrieved from /Users/uk/miniforge3/lib/python3.10/site-packages/airflow/example_dags/example_subdag_operator.py
[2025-03-26T22:34:08.431+0530] {logging_mixin.py:190} INFO - [2025-03-26T22:34:08.431+0530] {dag.py:3239} INFO - Sync 3 DAGs
[2025-03-26T22:34:08.438+0530] {logging_mixin.py:190} INFO - [2025-03-26T22:34:08.437+0530] {dag.py:4180} INFO - Setting next_dagrun for example_subdag_operator to 2022-01-01 00:00:00+00:00, run_after=2022-01-01 00:00:00+00:00
[2025-03-26T22:34:08.439+0530] {logging_mixin.py:190} INFO - [2025-03-26T22:34:08.439+0530] {dag.py:4180} INFO - Setting next_dagrun for example_subdag_operator.section-1 to None, run_after=None
[2025-03-26T22:34:08.439+0530] {logging_mixin.py:190} INFO - [2025-03-26T22:34:08.439+0530] {dag.py:4180} INFO - Setting next_dagrun for example_subdag_operator.section-2 to None, run_after=None
[2025-03-26T22:34:08.441+0530] {logging_mixin.py:190} INFO - [2025-03-26T22:34:08.441+0530] {dag.py:3239} INFO - Sync 2 DAGs
[2025-03-26T22:34:08.443+0530] {logging_mixin.py:190} INFO - [2025-03-26T22:34:08.443+0530] {dag.py:4180} INFO - Setting next_dagrun for example_subdag_operator.section-1 to None, run_after=None
[2025-03-26T22:34:08.443+0530] {logging_mixin.py:190} INFO - [2025-03-26T22:34:08.443+0530] {dag.py:4180} INFO - Setting next_dagrun for example_subdag_operator.section-2 to None, run_after=None
[2025-03-26T22:34:08.447+0530] {processor.py:208} INFO - Processing /Users/uk/miniforge3/lib/python3.10/site-packages/airflow/example_dags/example_subdag_operator.py took 0.295 seconds
[2025-03-26T22:35:30.220+0530] {processor.py:186} INFO - Started process (PID=9880) to work on /Users/uk/miniforge3/lib/python3.10/site-packages/airflow/example_dags/example_subdag_operator.py
[2025-03-26T22:35:30.221+0530] {processor.py:914} INFO - Processing file /Users/uk/miniforge3/lib/python3.10/site-packages/airflow/example_dags/example_subdag_operator.py for tasks to queue
[2025-03-26T22:35:30.221+0530] {logging_mixin.py:190} INFO - [2025-03-26T22:35:30.221+0530] {dagbag.py:588} INFO - Filling up the DagBag from /Users/uk/miniforge3/lib/python3.10/site-packages/airflow/example_dags/example_subdag_operator.py
[2025-03-26T22:35:30.264+0530] {processor.py:925} INFO - DAG(s) 'example_subdag_operator.section-1', 'example_subdag_operator.section-2', 'example_subdag_operator' retrieved from /Users/uk/miniforge3/lib/python3.10/site-packages/airflow/example_dags/example_subdag_operator.py
[2025-03-26T22:35:30.542+0530] {logging_mixin.py:190} INFO - [2025-03-26T22:35:30.542+0530] {dag.py:3239} INFO - Sync 3 DAGs
[2025-03-26T22:35:30.550+0530] {logging_mixin.py:190} INFO - [2025-03-26T22:35:30.550+0530] {dag.py:4180} INFO - Setting next_dagrun for example_subdag_operator to 2022-01-01 00:00:00+00:00, run_after=2022-01-01 00:00:00+00:00
[2025-03-26T22:35:30.551+0530] {logging_mixin.py:190} INFO - [2025-03-26T22:35:30.551+0530] {dag.py:4180} INFO - Setting next_dagrun for example_subdag_operator.section-1 to None, run_after=None
[2025-03-26T22:35:30.551+0530] {logging_mixin.py:190} INFO - [2025-03-26T22:35:30.551+0530] {dag.py:4180} INFO - Setting next_dagrun for example_subdag_operator.section-2 to None, run_after=None
[2025-03-26T22:35:30.553+0530] {logging_mixin.py:190} INFO - [2025-03-26T22:35:30.553+0530] {dag.py:3239} INFO - Sync 2 DAGs
[2025-03-26T22:35:30.555+0530] {logging_mixin.py:190} INFO - [2025-03-26T22:35:30.555+0530] {dag.py:4180} INFO - Setting next_dagrun for example_subdag_operator.section-1 to None, run_after=None
[2025-03-26T22:35:30.555+0530] {logging_mixin.py:190} INFO - [2025-03-26T22:35:30.555+0530] {dag.py:4180} INFO - Setting next_dagrun for example_subdag_operator.section-2 to None, run_after=None
[2025-03-26T22:35:30.559+0530] {processor.py:208} INFO - Processing /Users/uk/miniforge3/lib/python3.10/site-packages/airflow/example_dags/example_subdag_operator.py took 0.340 seconds
[2025-03-26T22:36:49.048+0530] {processor.py:186} INFO - Started process (PID=10026) to work on /Users/uk/miniforge3/lib/python3.10/site-packages/airflow/example_dags/example_subdag_operator.py
[2025-03-26T22:36:49.049+0530] {processor.py:914} INFO - Processing file /Users/uk/miniforge3/lib/python3.10/site-packages/airflow/example_dags/example_subdag_operator.py for tasks to queue
[2025-03-26T22:36:49.049+0530] {logging_mixin.py:190} INFO - [2025-03-26T22:36:49.049+0530] {dagbag.py:588} INFO - Filling up the DagBag from /Users/uk/miniforge3/lib/python3.10/site-packages/airflow/example_dags/example_subdag_operator.py
[2025-03-26T22:36:49.090+0530] {processor.py:925} INFO - DAG(s) 'example_subdag_operator.section-1', 'example_subdag_operator.section-2', 'example_subdag_operator' retrieved from /Users/uk/miniforge3/lib/python3.10/site-packages/airflow/example_dags/example_subdag_operator.py
[2025-03-26T22:36:49.401+0530] {logging_mixin.py:190} INFO - [2025-03-26T22:36:49.401+0530] {dag.py:3239} INFO - Sync 3 DAGs
[2025-03-26T22:36:49.409+0530] {logging_mixin.py:190} INFO - [2025-03-26T22:36:49.409+0530] {dag.py:4180} INFO - Setting next_dagrun for example_subdag_operator to 2022-01-01 00:00:00+00:00, run_after=2022-01-01 00:00:00+00:00
[2025-03-26T22:36:49.410+0530] {logging_mixin.py:190} INFO - [2025-03-26T22:36:49.410+0530] {dag.py:4180} INFO - Setting next_dagrun for example_subdag_operator.section-1 to None, run_after=None
[2025-03-26T22:36:49.410+0530] {logging_mixin.py:190} INFO - [2025-03-26T22:36:49.410+0530] {dag.py:4180} INFO - Setting next_dagrun for example_subdag_operator.section-2 to None, run_after=None
[2025-03-26T22:36:49.412+0530] {logging_mixin.py:190} INFO - [2025-03-26T22:36:49.412+0530] {dag.py:3239} INFO - Sync 2 DAGs
[2025-03-26T22:36:49.413+0530] {logging_mixin.py:190} INFO - [2025-03-26T22:36:49.413+0530] {dag.py:4180} INFO - Setting next_dagrun for example_subdag_operator.section-1 to None, run_after=None
[2025-03-26T22:36:49.414+0530] {logging_mixin.py:190} INFO - [2025-03-26T22:36:49.414+0530] {dag.py:4180} INFO - Setting next_dagrun for example_subdag_operator.section-2 to None, run_after=None
[2025-03-26T22:36:49.419+0530] {processor.py:208} INFO - Processing /Users/uk/miniforge3/lib/python3.10/site-packages/airflow/example_dags/example_subdag_operator.py took 0.372 seconds
[2025-03-26T22:38:10.629+0530] {processor.py:186} INFO - Started process (PID=10168) to work on /Users/uk/miniforge3/lib/python3.10/site-packages/airflow/example_dags/example_subdag_operator.py
[2025-03-26T22:38:10.630+0530] {processor.py:914} INFO - Processing file /Users/uk/miniforge3/lib/python3.10/site-packages/airflow/example_dags/example_subdag_operator.py for tasks to queue
[2025-03-26T22:38:10.630+0530] {logging_mixin.py:190} INFO - [2025-03-26T22:38:10.630+0530] {dagbag.py:588} INFO - Filling up the DagBag from /Users/uk/miniforge3/lib/python3.10/site-packages/airflow/example_dags/example_subdag_operator.py
[2025-03-26T22:38:10.673+0530] {processor.py:925} INFO - DAG(s) 'example_subdag_operator.section-1', 'example_subdag_operator.section-2', 'example_subdag_operator' retrieved from /Users/uk/miniforge3/lib/python3.10/site-packages/airflow/example_dags/example_subdag_operator.py
[2025-03-26T22:38:10.917+0530] {logging_mixin.py:190} INFO - [2025-03-26T22:38:10.916+0530] {dag.py:3239} INFO - Sync 3 DAGs
[2025-03-26T22:38:10.923+0530] {logging_mixin.py:190} INFO - [2025-03-26T22:38:10.923+0530] {dag.py:4180} INFO - Setting next_dagrun for example_subdag_operator to 2022-01-01 00:00:00+00:00, run_after=2022-01-01 00:00:00+00:00
[2025-03-26T22:38:10.925+0530] {logging_mixin.py:190} INFO - [2025-03-26T22:38:10.924+0530] {dag.py:4180} INFO - Setting next_dagrun for example_subdag_operator.section-1 to None, run_after=None
[2025-03-26T22:38:10.925+0530] {logging_mixin.py:190} INFO - [2025-03-26T22:38:10.925+0530] {dag.py:4180} INFO - Setting next_dagrun for example_subdag_operator.section-2 to None, run_after=None
[2025-03-26T22:38:10.927+0530] {logging_mixin.py:190} INFO - [2025-03-26T22:38:10.927+0530] {dag.py:3239} INFO - Sync 2 DAGs
[2025-03-26T22:38:10.928+0530] {logging_mixin.py:190} INFO - [2025-03-26T22:38:10.928+0530] {dag.py:4180} INFO - Setting next_dagrun for example_subdag_operator.section-1 to None, run_after=None
[2025-03-26T22:38:10.928+0530] {logging_mixin.py:190} INFO - [2025-03-26T22:38:10.928+0530] {dag.py:4180} INFO - Setting next_dagrun for example_subdag_operator.section-2 to None, run_after=None
[2025-03-26T22:38:10.933+0530] {processor.py:208} INFO - Processing /Users/uk/miniforge3/lib/python3.10/site-packages/airflow/example_dags/example_subdag_operator.py took 0.305 seconds
[2025-03-26T22:39:27.024+0530] {processor.py:186} INFO - Started process (PID=10548) to work on /Users/uk/miniforge3/lib/python3.10/site-packages/airflow/example_dags/example_subdag_operator.py
[2025-03-26T22:39:27.025+0530] {processor.py:914} INFO - Processing file /Users/uk/miniforge3/lib/python3.10/site-packages/airflow/example_dags/example_subdag_operator.py for tasks to queue
[2025-03-26T22:39:27.025+0530] {logging_mixin.py:190} INFO - [2025-03-26T22:39:27.025+0530] {dagbag.py:588} INFO - Filling up the DagBag from /Users/uk/miniforge3/lib/python3.10/site-packages/airflow/example_dags/example_subdag_operator.py
[2025-03-26T22:39:27.072+0530] {processor.py:925} INFO - DAG(s) 'example_subdag_operator.section-1', 'example_subdag_operator.section-2', 'example_subdag_operator' retrieved from /Users/uk/miniforge3/lib/python3.10/site-packages/airflow/example_dags/example_subdag_operator.py
[2025-03-26T22:39:27.316+0530] {logging_mixin.py:190} INFO - [2025-03-26T22:39:27.315+0530] {dag.py:3239} INFO - Sync 3 DAGs
[2025-03-26T22:39:27.322+0530] {logging_mixin.py:190} INFO - [2025-03-26T22:39:27.322+0530] {dag.py:4180} INFO - Setting next_dagrun for example_subdag_operator to 2022-01-01 00:00:00+00:00, run_after=2022-01-01 00:00:00+00:00
[2025-03-26T22:39:27.323+0530] {logging_mixin.py:190} INFO - [2025-03-26T22:39:27.323+0530] {dag.py:4180} INFO - Setting next_dagrun for example_subdag_operator.section-1 to None, run_after=None
[2025-03-26T22:39:27.324+0530] {logging_mixin.py:190} INFO - [2025-03-26T22:39:27.324+0530] {dag.py:4180} INFO - Setting next_dagrun for example_subdag_operator.section-2 to None, run_after=None
[2025-03-26T22:39:27.326+0530] {logging_mixin.py:190} INFO - [2025-03-26T22:39:27.326+0530] {dag.py:3239} INFO - Sync 2 DAGs
[2025-03-26T22:39:27.327+0530] {logging_mixin.py:190} INFO - [2025-03-26T22:39:27.327+0530] {dag.py:4180} INFO - Setting next_dagrun for example_subdag_operator.section-1 to None, run_after=None
[2025-03-26T22:39:27.327+0530] {logging_mixin.py:190} INFO - [2025-03-26T22:39:27.327+0530] {dag.py:4180} INFO - Setting next_dagrun for example_subdag_operator.section-2 to None, run_after=None
[2025-03-26T22:39:27.331+0530] {processor.py:208} INFO - Processing /Users/uk/miniforge3/lib/python3.10/site-packages/airflow/example_dags/example_subdag_operator.py took 0.309 seconds
[2025-03-26T22:40:42.933+0530] {processor.py:186} INFO - Started process (PID=10736) to work on /Users/uk/miniforge3/lib/python3.10/site-packages/airflow/example_dags/example_subdag_operator.py
[2025-03-26T22:40:42.934+0530] {processor.py:914} INFO - Processing file /Users/uk/miniforge3/lib/python3.10/site-packages/airflow/example_dags/example_subdag_operator.py for tasks to queue
[2025-03-26T22:40:42.935+0530] {logging_mixin.py:190} INFO - [2025-03-26T22:40:42.935+0530] {dagbag.py:588} INFO - Filling up the DagBag from /Users/uk/miniforge3/lib/python3.10/site-packages/airflow/example_dags/example_subdag_operator.py
[2025-03-26T22:40:42.997+0530] {processor.py:925} INFO - DAG(s) 'example_subdag_operator.section-1', 'example_subdag_operator.section-2', 'example_subdag_operator' retrieved from /Users/uk/miniforge3/lib/python3.10/site-packages/airflow/example_dags/example_subdag_operator.py
[2025-03-26T22:40:43.269+0530] {logging_mixin.py:190} INFO - [2025-03-26T22:40:43.268+0530] {dag.py:3239} INFO - Sync 3 DAGs
[2025-03-26T22:40:43.276+0530] {logging_mixin.py:190} INFO - [2025-03-26T22:40:43.275+0530] {dag.py:4180} INFO - Setting next_dagrun for example_subdag_operator to 2022-01-01 00:00:00+00:00, run_after=2022-01-01 00:00:00+00:00
[2025-03-26T22:40:43.277+0530] {logging_mixin.py:190} INFO - [2025-03-26T22:40:43.277+0530] {dag.py:4180} INFO - Setting next_dagrun for example_subdag_operator.section-1 to None, run_after=None
[2025-03-26T22:40:43.277+0530] {logging_mixin.py:190} INFO - [2025-03-26T22:40:43.277+0530] {dag.py:4180} INFO - Setting next_dagrun for example_subdag_operator.section-2 to None, run_after=None
[2025-03-26T22:40:43.279+0530] {logging_mixin.py:190} INFO - [2025-03-26T22:40:43.279+0530] {dag.py:3239} INFO - Sync 2 DAGs
[2025-03-26T22:40:43.280+0530] {logging_mixin.py:190} INFO - [2025-03-26T22:40:43.280+0530] {dag.py:4180} INFO - Setting next_dagrun for example_subdag_operator.section-1 to None, run_after=None
[2025-03-26T22:40:43.281+0530] {logging_mixin.py:190} INFO - [2025-03-26T22:40:43.281+0530] {dag.py:4180} INFO - Setting next_dagrun for example_subdag_operator.section-2 to None, run_after=None
[2025-03-26T22:40:43.285+0530] {processor.py:208} INFO - Processing /Users/uk/miniforge3/lib/python3.10/site-packages/airflow/example_dags/example_subdag_operator.py took 0.353 seconds
[2025-03-26T22:42:04.035+0530] {processor.py:186} INFO - Started process (PID=10914) to work on /Users/uk/miniforge3/lib/python3.10/site-packages/airflow/example_dags/example_subdag_operator.py
[2025-03-26T22:42:04.035+0530] {processor.py:914} INFO - Processing file /Users/uk/miniforge3/lib/python3.10/site-packages/airflow/example_dags/example_subdag_operator.py for tasks to queue
[2025-03-26T22:42:04.036+0530] {logging_mixin.py:190} INFO - [2025-03-26T22:42:04.036+0530] {dagbag.py:588} INFO - Filling up the DagBag from /Users/uk/miniforge3/lib/python3.10/site-packages/airflow/example_dags/example_subdag_operator.py
[2025-03-26T22:42:04.078+0530] {processor.py:925} INFO - DAG(s) 'example_subdag_operator.section-1', 'example_subdag_operator.section-2', 'example_subdag_operator' retrieved from /Users/uk/miniforge3/lib/python3.10/site-packages/airflow/example_dags/example_subdag_operator.py
[2025-03-26T22:42:04.332+0530] {logging_mixin.py:190} INFO - [2025-03-26T22:42:04.331+0530] {dag.py:3239} INFO - Sync 3 DAGs
[2025-03-26T22:42:04.338+0530] {logging_mixin.py:190} INFO - [2025-03-26T22:42:04.338+0530] {dag.py:4180} INFO - Setting next_dagrun for example_subdag_operator to 2022-01-01 00:00:00+00:00, run_after=2022-01-01 00:00:00+00:00
[2025-03-26T22:42:04.339+0530] {logging_mixin.py:190} INFO - [2025-03-26T22:42:04.339+0530] {dag.py:4180} INFO - Setting next_dagrun for example_subdag_operator.section-1 to None, run_after=None
[2025-03-26T22:42:04.340+0530] {logging_mixin.py:190} INFO - [2025-03-26T22:42:04.340+0530] {dag.py:4180} INFO - Setting next_dagrun for example_subdag_operator.section-2 to None, run_after=None
[2025-03-26T22:42:04.342+0530] {logging_mixin.py:190} INFO - [2025-03-26T22:42:04.342+0530] {dag.py:3239} INFO - Sync 2 DAGs
[2025-03-26T22:42:04.343+0530] {logging_mixin.py:190} INFO - [2025-03-26T22:42:04.343+0530] {dag.py:4180} INFO - Setting next_dagrun for example_subdag_operator.section-1 to None, run_after=None
[2025-03-26T22:42:04.343+0530] {logging_mixin.py:190} INFO - [2025-03-26T22:42:04.343+0530] {dag.py:4180} INFO - Setting next_dagrun for example_subdag_operator.section-2 to None, run_after=None
[2025-03-26T22:42:04.347+0530] {processor.py:208} INFO - Processing /Users/uk/miniforge3/lib/python3.10/site-packages/airflow/example_dags/example_subdag_operator.py took 0.314 seconds
[2025-03-26T22:43:25.456+0530] {processor.py:186} INFO - Started process (PID=11056) to work on /Users/uk/miniforge3/lib/python3.10/site-packages/airflow/example_dags/example_subdag_operator.py
[2025-03-26T22:43:25.457+0530] {processor.py:914} INFO - Processing file /Users/uk/miniforge3/lib/python3.10/site-packages/airflow/example_dags/example_subdag_operator.py for tasks to queue
[2025-03-26T22:43:25.458+0530] {logging_mixin.py:190} INFO - [2025-03-26T22:43:25.458+0530] {dagbag.py:588} INFO - Filling up the DagBag from /Users/uk/miniforge3/lib/python3.10/site-packages/airflow/example_dags/example_subdag_operator.py
[2025-03-26T22:43:25.499+0530] {processor.py:925} INFO - DAG(s) 'example_subdag_operator.section-1', 'example_subdag_operator.section-2', 'example_subdag_operator' retrieved from /Users/uk/miniforge3/lib/python3.10/site-packages/airflow/example_dags/example_subdag_operator.py
[2025-03-26T22:43:25.756+0530] {logging_mixin.py:190} INFO - [2025-03-26T22:43:25.756+0530] {dag.py:3239} INFO - Sync 3 DAGs
[2025-03-26T22:43:25.763+0530] {logging_mixin.py:190} INFO - [2025-03-26T22:43:25.763+0530] {dag.py:4180} INFO - Setting next_dagrun for example_subdag_operator to 2022-01-01 00:00:00+00:00, run_after=2022-01-01 00:00:00+00:00
[2025-03-26T22:43:25.764+0530] {logging_mixin.py:190} INFO - [2025-03-26T22:43:25.764+0530] {dag.py:4180} INFO - Setting next_dagrun for example_subdag_operator.section-1 to None, run_after=None
[2025-03-26T22:43:25.764+0530] {logging_mixin.py:190} INFO - [2025-03-26T22:43:25.764+0530] {dag.py:4180} INFO - Setting next_dagrun for example_subdag_operator.section-2 to None, run_after=None
[2025-03-26T22:43:25.766+0530] {logging_mixin.py:190} INFO - [2025-03-26T22:43:25.766+0530] {dag.py:3239} INFO - Sync 2 DAGs
[2025-03-26T22:43:25.768+0530] {logging_mixin.py:190} INFO - [2025-03-26T22:43:25.768+0530] {dag.py:4180} INFO - Setting next_dagrun for example_subdag_operator.section-1 to None, run_after=None
[2025-03-26T22:43:25.768+0530] {logging_mixin.py:190} INFO - [2025-03-26T22:43:25.768+0530] {dag.py:4180} INFO - Setting next_dagrun for example_subdag_operator.section-2 to None, run_after=None
[2025-03-26T22:43:25.772+0530] {processor.py:208} INFO - Processing /Users/uk/miniforge3/lib/python3.10/site-packages/airflow/example_dags/example_subdag_operator.py took 0.317 seconds
[2025-03-26T22:44:39.058+0530] {processor.py:186} INFO - Started process (PID=11170) to work on /Users/uk/miniforge3/lib/python3.10/site-packages/airflow/example_dags/example_subdag_operator.py
[2025-03-26T22:44:39.058+0530] {processor.py:914} INFO - Processing file /Users/uk/miniforge3/lib/python3.10/site-packages/airflow/example_dags/example_subdag_operator.py for tasks to queue
[2025-03-26T22:44:39.059+0530] {logging_mixin.py:190} INFO - [2025-03-26T22:44:39.059+0530] {dagbag.py:588} INFO - Filling up the DagBag from /Users/uk/miniforge3/lib/python3.10/site-packages/airflow/example_dags/example_subdag_operator.py
[2025-03-26T22:44:39.099+0530] {processor.py:925} INFO - DAG(s) 'example_subdag_operator.section-1', 'example_subdag_operator.section-2', 'example_subdag_operator' retrieved from /Users/uk/miniforge3/lib/python3.10/site-packages/airflow/example_dags/example_subdag_operator.py
[2025-03-26T22:44:39.322+0530] {logging_mixin.py:190} INFO - [2025-03-26T22:44:39.322+0530] {dag.py:3239} INFO - Sync 3 DAGs
[2025-03-26T22:44:39.330+0530] {logging_mixin.py:190} INFO - [2025-03-26T22:44:39.330+0530] {dag.py:4180} INFO - Setting next_dagrun for example_subdag_operator to 2022-01-01 00:00:00+00:00, run_after=2022-01-01 00:00:00+00:00
[2025-03-26T22:44:39.331+0530] {logging_mixin.py:190} INFO - [2025-03-26T22:44:39.331+0530] {dag.py:4180} INFO - Setting next_dagrun for example_subdag_operator.section-1 to None, run_after=None
[2025-03-26T22:44:39.332+0530] {logging_mixin.py:190} INFO - [2025-03-26T22:44:39.331+0530] {dag.py:4180} INFO - Setting next_dagrun for example_subdag_operator.section-2 to None, run_after=None
[2025-03-26T22:44:39.334+0530] {logging_mixin.py:190} INFO - [2025-03-26T22:44:39.334+0530] {dag.py:3239} INFO - Sync 2 DAGs
[2025-03-26T22:44:39.335+0530] {logging_mixin.py:190} INFO - [2025-03-26T22:44:39.335+0530] {dag.py:4180} INFO - Setting next_dagrun for example_subdag_operator.section-1 to None, run_after=None
[2025-03-26T22:44:39.335+0530] {logging_mixin.py:190} INFO - [2025-03-26T22:44:39.335+0530] {dag.py:4180} INFO - Setting next_dagrun for example_subdag_operator.section-2 to None, run_after=None
[2025-03-26T22:44:39.339+0530] {processor.py:208} INFO - Processing /Users/uk/miniforge3/lib/python3.10/site-packages/airflow/example_dags/example_subdag_operator.py took 0.283 seconds
[2025-03-26T22:45:53.858+0530] {processor.py:186} INFO - Started process (PID=11288) to work on /Users/uk/miniforge3/lib/python3.10/site-packages/airflow/example_dags/example_subdag_operator.py
[2025-03-26T22:45:53.859+0530] {processor.py:914} INFO - Processing file /Users/uk/miniforge3/lib/python3.10/site-packages/airflow/example_dags/example_subdag_operator.py for tasks to queue
[2025-03-26T22:45:53.859+0530] {logging_mixin.py:190} INFO - [2025-03-26T22:45:53.859+0530] {dagbag.py:588} INFO - Filling up the DagBag from /Users/uk/miniforge3/lib/python3.10/site-packages/airflow/example_dags/example_subdag_operator.py
[2025-03-26T22:45:53.899+0530] {processor.py:925} INFO - DAG(s) 'example_subdag_operator.section-1', 'example_subdag_operator.section-2', 'example_subdag_operator' retrieved from /Users/uk/miniforge3/lib/python3.10/site-packages/airflow/example_dags/example_subdag_operator.py
[2025-03-26T22:45:54.119+0530] {logging_mixin.py:190} INFO - [2025-03-26T22:45:54.119+0530] {dag.py:3239} INFO - Sync 3 DAGs
[2025-03-26T22:45:54.126+0530] {logging_mixin.py:190} INFO - [2025-03-26T22:45:54.126+0530] {dag.py:4180} INFO - Setting next_dagrun for example_subdag_operator to 2022-01-01 00:00:00+00:00, run_after=2022-01-01 00:00:00+00:00
[2025-03-26T22:45:54.127+0530] {logging_mixin.py:190} INFO - [2025-03-26T22:45:54.127+0530] {dag.py:4180} INFO - Setting next_dagrun for example_subdag_operator.section-1 to None, run_after=None
[2025-03-26T22:45:54.128+0530] {logging_mixin.py:190} INFO - [2025-03-26T22:45:54.128+0530] {dag.py:4180} INFO - Setting next_dagrun for example_subdag_operator.section-2 to None, run_after=None
[2025-03-26T22:45:54.130+0530] {logging_mixin.py:190} INFO - [2025-03-26T22:45:54.130+0530] {dag.py:3239} INFO - Sync 2 DAGs
[2025-03-26T22:45:54.131+0530] {logging_mixin.py:190} INFO - [2025-03-26T22:45:54.131+0530] {dag.py:4180} INFO - Setting next_dagrun for example_subdag_operator.section-1 to None, run_after=None
[2025-03-26T22:45:54.131+0530] {logging_mixin.py:190} INFO - [2025-03-26T22:45:54.131+0530] {dag.py:4180} INFO - Setting next_dagrun for example_subdag_operator.section-2 to None, run_after=None
[2025-03-26T22:45:54.135+0530] {processor.py:208} INFO - Processing /Users/uk/miniforge3/lib/python3.10/site-packages/airflow/example_dags/example_subdag_operator.py took 0.278 seconds
[2025-03-26T22:47:10.980+0530] {processor.py:186} INFO - Started process (PID=11429) to work on /Users/uk/miniforge3/lib/python3.10/site-packages/airflow/example_dags/example_subdag_operator.py
[2025-03-26T22:47:10.981+0530] {processor.py:914} INFO - Processing file /Users/uk/miniforge3/lib/python3.10/site-packages/airflow/example_dags/example_subdag_operator.py for tasks to queue
[2025-03-26T22:47:10.981+0530] {logging_mixin.py:190} INFO - [2025-03-26T22:47:10.981+0530] {dagbag.py:588} INFO - Filling up the DagBag from /Users/uk/miniforge3/lib/python3.10/site-packages/airflow/example_dags/example_subdag_operator.py
[2025-03-26T22:47:11.025+0530] {processor.py:925} INFO - DAG(s) 'example_subdag_operator.section-1', 'example_subdag_operator.section-2', 'example_subdag_operator' retrieved from /Users/uk/miniforge3/lib/python3.10/site-packages/airflow/example_dags/example_subdag_operator.py
[2025-03-26T22:47:11.239+0530] {logging_mixin.py:190} INFO - [2025-03-26T22:47:11.239+0530] {dag.py:3239} INFO - Sync 3 DAGs
[2025-03-26T22:47:11.246+0530] {logging_mixin.py:190} INFO - [2025-03-26T22:47:11.246+0530] {dag.py:4180} INFO - Setting next_dagrun for example_subdag_operator to 2022-01-01 00:00:00+00:00, run_after=2022-01-01 00:00:00+00:00
[2025-03-26T22:47:11.247+0530] {logging_mixin.py:190} INFO - [2025-03-26T22:47:11.247+0530] {dag.py:4180} INFO - Setting next_dagrun for example_subdag_operator.section-1 to None, run_after=None
[2025-03-26T22:47:11.248+0530] {logging_mixin.py:190} INFO - [2025-03-26T22:47:11.248+0530] {dag.py:4180} INFO - Setting next_dagrun for example_subdag_operator.section-2 to None, run_after=None
[2025-03-26T22:47:11.250+0530] {logging_mixin.py:190} INFO - [2025-03-26T22:47:11.250+0530] {dag.py:3239} INFO - Sync 2 DAGs
[2025-03-26T22:47:11.251+0530] {logging_mixin.py:190} INFO - [2025-03-26T22:47:11.251+0530] {dag.py:4180} INFO - Setting next_dagrun for example_subdag_operator.section-1 to None, run_after=None
[2025-03-26T22:47:11.251+0530] {logging_mixin.py:190} INFO - [2025-03-26T22:47:11.251+0530] {dag.py:4180} INFO - Setting next_dagrun for example_subdag_operator.section-2 to None, run_after=None
[2025-03-26T22:47:11.255+0530] {processor.py:208} INFO - Processing /Users/uk/miniforge3/lib/python3.10/site-packages/airflow/example_dags/example_subdag_operator.py took 0.276 seconds
[2025-03-26T22:48:25.453+0530] {processor.py:186} INFO - Started process (PID=11566) to work on /Users/uk/miniforge3/lib/python3.10/site-packages/airflow/example_dags/example_subdag_operator.py
[2025-03-26T22:48:25.453+0530] {processor.py:914} INFO - Processing file /Users/uk/miniforge3/lib/python3.10/site-packages/airflow/example_dags/example_subdag_operator.py for tasks to queue
[2025-03-26T22:48:25.454+0530] {logging_mixin.py:190} INFO - [2025-03-26T22:48:25.454+0530] {dagbag.py:588} INFO - Filling up the DagBag from /Users/uk/miniforge3/lib/python3.10/site-packages/airflow/example_dags/example_subdag_operator.py
[2025-03-26T22:48:25.496+0530] {processor.py:925} INFO - DAG(s) 'example_subdag_operator.section-1', 'example_subdag_operator.section-2', 'example_subdag_operator' retrieved from /Users/uk/miniforge3/lib/python3.10/site-packages/airflow/example_dags/example_subdag_operator.py
[2025-03-26T22:48:25.717+0530] {logging_mixin.py:190} INFO - [2025-03-26T22:48:25.716+0530] {dag.py:3239} INFO - Sync 3 DAGs
[2025-03-26T22:48:25.723+0530] {logging_mixin.py:190} INFO - [2025-03-26T22:48:25.723+0530] {dag.py:4180} INFO - Setting next_dagrun for example_subdag_operator to 2022-01-01 00:00:00+00:00, run_after=2022-01-01 00:00:00+00:00
[2025-03-26T22:48:25.724+0530] {logging_mixin.py:190} INFO - [2025-03-26T22:48:25.724+0530] {dag.py:4180} INFO - Setting next_dagrun for example_subdag_operator.section-1 to None, run_after=None
[2025-03-26T22:48:25.725+0530] {logging_mixin.py:190} INFO - [2025-03-26T22:48:25.725+0530] {dag.py:4180} INFO - Setting next_dagrun for example_subdag_operator.section-2 to None, run_after=None
[2025-03-26T22:48:25.727+0530] {logging_mixin.py:190} INFO - [2025-03-26T22:48:25.727+0530] {dag.py:3239} INFO - Sync 2 DAGs
[2025-03-26T22:48:25.728+0530] {logging_mixin.py:190} INFO - [2025-03-26T22:48:25.728+0530] {dag.py:4180} INFO - Setting next_dagrun for example_subdag_operator.section-1 to None, run_after=None
[2025-03-26T22:48:25.728+0530] {logging_mixin.py:190} INFO - [2025-03-26T22:48:25.728+0530] {dag.py:4180} INFO - Setting next_dagrun for example_subdag_operator.section-2 to None, run_after=None
[2025-03-26T22:48:25.732+0530] {processor.py:208} INFO - Processing /Users/uk/miniforge3/lib/python3.10/site-packages/airflow/example_dags/example_subdag_operator.py took 0.281 seconds
[2025-03-26T22:49:37.037+0530] {processor.py:186} INFO - Started process (PID=11691) to work on /Users/uk/miniforge3/lib/python3.10/site-packages/airflow/example_dags/example_subdag_operator.py
[2025-03-26T22:49:37.037+0530] {processor.py:914} INFO - Processing file /Users/uk/miniforge3/lib/python3.10/site-packages/airflow/example_dags/example_subdag_operator.py for tasks to queue
[2025-03-26T22:49:37.038+0530] {logging_mixin.py:190} INFO - [2025-03-26T22:49:37.038+0530] {dagbag.py:588} INFO - Filling up the DagBag from /Users/uk/miniforge3/lib/python3.10/site-packages/airflow/example_dags/example_subdag_operator.py
[2025-03-26T22:49:37.083+0530] {processor.py:925} INFO - DAG(s) 'example_subdag_operator.section-1', 'example_subdag_operator.section-2', 'example_subdag_operator' retrieved from /Users/uk/miniforge3/lib/python3.10/site-packages/airflow/example_dags/example_subdag_operator.py
[2025-03-26T22:49:37.387+0530] {logging_mixin.py:190} INFO - [2025-03-26T22:49:37.386+0530] {dag.py:3239} INFO - Sync 3 DAGs
[2025-03-26T22:49:37.394+0530] {logging_mixin.py:190} INFO - [2025-03-26T22:49:37.394+0530] {dag.py:4180} INFO - Setting next_dagrun for example_subdag_operator to 2022-01-01 00:00:00+00:00, run_after=2022-01-01 00:00:00+00:00
[2025-03-26T22:49:37.396+0530] {logging_mixin.py:190} INFO - [2025-03-26T22:49:37.396+0530] {dag.py:4180} INFO - Setting next_dagrun for example_subdag_operator.section-1 to None, run_after=None
[2025-03-26T22:49:37.396+0530] {logging_mixin.py:190} INFO - [2025-03-26T22:49:37.396+0530] {dag.py:4180} INFO - Setting next_dagrun for example_subdag_operator.section-2 to None, run_after=None
[2025-03-26T22:49:37.398+0530] {logging_mixin.py:190} INFO - [2025-03-26T22:49:37.398+0530] {dag.py:3239} INFO - Sync 2 DAGs
[2025-03-26T22:49:37.400+0530] {logging_mixin.py:190} INFO - [2025-03-26T22:49:37.400+0530] {dag.py:4180} INFO - Setting next_dagrun for example_subdag_operator.section-1 to None, run_after=None
[2025-03-26T22:49:37.400+0530] {logging_mixin.py:190} INFO - [2025-03-26T22:49:37.400+0530] {dag.py:4180} INFO - Setting next_dagrun for example_subdag_operator.section-2 to None, run_after=None
[2025-03-26T22:49:37.404+0530] {processor.py:208} INFO - Processing /Users/uk/miniforge3/lib/python3.10/site-packages/airflow/example_dags/example_subdag_operator.py took 0.369 seconds
[2025-03-26T22:50:54.492+0530] {processor.py:186} INFO - Started process (PID=12172) to work on /Users/uk/miniforge3/lib/python3.10/site-packages/airflow/example_dags/example_subdag_operator.py
[2025-03-26T22:50:54.493+0530] {processor.py:914} INFO - Processing file /Users/uk/miniforge3/lib/python3.10/site-packages/airflow/example_dags/example_subdag_operator.py for tasks to queue
[2025-03-26T22:50:54.493+0530] {logging_mixin.py:190} INFO - [2025-03-26T22:50:54.493+0530] {dagbag.py:588} INFO - Filling up the DagBag from /Users/uk/miniforge3/lib/python3.10/site-packages/airflow/example_dags/example_subdag_operator.py
[2025-03-26T22:50:54.533+0530] {processor.py:925} INFO - DAG(s) 'example_subdag_operator.section-1', 'example_subdag_operator.section-2', 'example_subdag_operator' retrieved from /Users/uk/miniforge3/lib/python3.10/site-packages/airflow/example_dags/example_subdag_operator.py
[2025-03-26T22:50:54.787+0530] {logging_mixin.py:190} INFO - [2025-03-26T22:50:54.787+0530] {dag.py:3239} INFO - Sync 3 DAGs
[2025-03-26T22:50:54.793+0530] {logging_mixin.py:190} INFO - [2025-03-26T22:50:54.793+0530] {dag.py:4180} INFO - Setting next_dagrun for example_subdag_operator to 2022-01-01 00:00:00+00:00, run_after=2022-01-01 00:00:00+00:00
[2025-03-26T22:50:54.795+0530] {logging_mixin.py:190} INFO - [2025-03-26T22:50:54.794+0530] {dag.py:4180} INFO - Setting next_dagrun for example_subdag_operator.section-1 to None, run_after=None
[2025-03-26T22:50:54.795+0530] {logging_mixin.py:190} INFO - [2025-03-26T22:50:54.795+0530] {dag.py:4180} INFO - Setting next_dagrun for example_subdag_operator.section-2 to None, run_after=None
[2025-03-26T22:50:54.797+0530] {logging_mixin.py:190} INFO - [2025-03-26T22:50:54.797+0530] {dag.py:3239} INFO - Sync 2 DAGs
[2025-03-26T22:50:54.798+0530] {logging_mixin.py:190} INFO - [2025-03-26T22:50:54.798+0530] {dag.py:4180} INFO - Setting next_dagrun for example_subdag_operator.section-1 to None, run_after=None
[2025-03-26T22:50:54.798+0530] {logging_mixin.py:190} INFO - [2025-03-26T22:50:54.798+0530] {dag.py:4180} INFO - Setting next_dagrun for example_subdag_operator.section-2 to None, run_after=None
[2025-03-26T22:50:54.802+0530] {processor.py:208} INFO - Processing /Users/uk/miniforge3/lib/python3.10/site-packages/airflow/example_dags/example_subdag_operator.py took 0.311 seconds
[2025-03-27T01:26:08.781+0530] {processor.py:186} INFO - Started process (PID=12516) to work on /Users/uk/miniforge3/lib/python3.10/site-packages/airflow/example_dags/example_subdag_operator.py
[2025-03-27T01:26:08.782+0530] {processor.py:914} INFO - Processing file /Users/uk/miniforge3/lib/python3.10/site-packages/airflow/example_dags/example_subdag_operator.py for tasks to queue
[2025-03-27T01:26:08.782+0530] {logging_mixin.py:190} INFO - [2025-03-27T01:26:08.782+0530] {dagbag.py:588} INFO - Filling up the DagBag from /Users/uk/miniforge3/lib/python3.10/site-packages/airflow/example_dags/example_subdag_operator.py
[2025-03-27T01:26:08.821+0530] {processor.py:925} INFO - DAG(s) 'example_subdag_operator.section-1', 'example_subdag_operator.section-2', 'example_subdag_operator' retrieved from /Users/uk/miniforge3/lib/python3.10/site-packages/airflow/example_dags/example_subdag_operator.py
[2025-03-27T01:26:09.027+0530] {logging_mixin.py:190} INFO - [2025-03-27T01:26:09.027+0530] {dag.py:3239} INFO - Sync 3 DAGs
[2025-03-27T01:26:09.034+0530] {logging_mixin.py:190} INFO - [2025-03-27T01:26:09.034+0530] {dag.py:4180} INFO - Setting next_dagrun for example_subdag_operator to 2022-01-01 00:00:00+00:00, run_after=2022-01-01 00:00:00+00:00
[2025-03-27T01:26:09.035+0530] {logging_mixin.py:190} INFO - [2025-03-27T01:26:09.035+0530] {dag.py:4180} INFO - Setting next_dagrun for example_subdag_operator.section-1 to None, run_after=None
[2025-03-27T01:26:09.036+0530] {logging_mixin.py:190} INFO - [2025-03-27T01:26:09.036+0530] {dag.py:4180} INFO - Setting next_dagrun for example_subdag_operator.section-2 to None, run_after=None
[2025-03-27T01:26:09.038+0530] {logging_mixin.py:190} INFO - [2025-03-27T01:26:09.038+0530] {dag.py:3239} INFO - Sync 2 DAGs
[2025-03-27T01:26:09.039+0530] {logging_mixin.py:190} INFO - [2025-03-27T01:26:09.039+0530] {dag.py:4180} INFO - Setting next_dagrun for example_subdag_operator.section-1 to None, run_after=None
[2025-03-27T01:26:09.039+0530] {logging_mixin.py:190} INFO - [2025-03-27T01:26:09.039+0530] {dag.py:4180} INFO - Setting next_dagrun for example_subdag_operator.section-2 to None, run_after=None
[2025-03-27T01:26:09.043+0530] {processor.py:208} INFO - Processing /Users/uk/miniforge3/lib/python3.10/site-packages/airflow/example_dags/example_subdag_operator.py took 0.264 seconds
