[2025-03-26T22:08:16.420+0530] {processor.py:186} INFO - Started process (PID=6215) to work on /Users/uk/miniforge3/lib/python3.10/site-packages/airflow/example_dags/tutorial_objectstorage.py
[2025-03-26T22:08:16.420+0530] {processor.py:914} INFO - Processing file /Users/uk/miniforge3/lib/python3.10/site-packages/airflow/example_dags/tutorial_objectstorage.py for tasks to queue
[2025-03-26T22:08:16.421+0530] {logging_mixin.py:190} INFO - [2025-03-26T22:08:16.421+0530] {dagbag.py:588} INFO - Filling up the DagBag from /Users/uk/miniforge3/lib/python3.10/site-packages/airflow/example_dags/tutorial_objectstorage.py
[2025-03-26T22:08:16.435+0530] {processor.py:925} INFO - DAG(s) 'tutorial_objectstorage' retrieved from /Users/uk/miniforge3/lib/python3.10/site-packages/airflow/example_dags/tutorial_objectstorage.py
[2025-03-26T22:08:16.477+0530] {logging_mixin.py:190} INFO - [2025-03-26T22:08:16.477+0530] {dag.py:3239} INFO - Sync 1 DAGs
[2025-03-26T22:08:16.481+0530] {logging_mixin.py:190} INFO - [2025-03-26T22:08:16.481+0530] {dag.py:4180} INFO - Setting next_dagrun for tutorial_objectstorage to None, run_after=None
[2025-03-26T22:08:16.488+0530] {processor.py:208} INFO - Processing /Users/uk/miniforge3/lib/python3.10/site-packages/airflow/example_dags/tutorial_objectstorage.py took 0.069 seconds
[2025-03-26T22:09:58.680+0530] {processor.py:186} INFO - Started process (PID=6744) to work on /Users/uk/miniforge3/lib/python3.10/site-packages/airflow/example_dags/tutorial_objectstorage.py
[2025-03-26T22:09:58.683+0530] {processor.py:914} INFO - Processing file /Users/uk/miniforge3/lib/python3.10/site-packages/airflow/example_dags/tutorial_objectstorage.py for tasks to queue
[2025-03-26T22:09:58.684+0530] {logging_mixin.py:190} INFO - [2025-03-26T22:09:58.683+0530] {dagbag.py:588} INFO - Filling up the DagBag from /Users/uk/miniforge3/lib/python3.10/site-packages/airflow/example_dags/tutorial_objectstorage.py
[2025-03-26T22:09:58.698+0530] {processor.py:925} INFO - DAG(s) 'tutorial_objectstorage' retrieved from /Users/uk/miniforge3/lib/python3.10/site-packages/airflow/example_dags/tutorial_objectstorage.py
[2025-03-26T22:09:58.735+0530] {logging_mixin.py:190} INFO - [2025-03-26T22:09:58.735+0530] {dag.py:3239} INFO - Sync 1 DAGs
[2025-03-26T22:09:58.739+0530] {logging_mixin.py:190} INFO - [2025-03-26T22:09:58.739+0530] {dag.py:4180} INFO - Setting next_dagrun for tutorial_objectstorage to None, run_after=None
[2025-03-26T22:09:58.746+0530] {processor.py:208} INFO - Processing /Users/uk/miniforge3/lib/python3.10/site-packages/airflow/example_dags/tutorial_objectstorage.py took 0.067 seconds
[2025-03-26T22:11:14.162+0530] {processor.py:186} INFO - Started process (PID=6870) to work on /Users/uk/miniforge3/lib/python3.10/site-packages/airflow/example_dags/tutorial_objectstorage.py
[2025-03-26T22:11:14.162+0530] {processor.py:914} INFO - Processing file /Users/uk/miniforge3/lib/python3.10/site-packages/airflow/example_dags/tutorial_objectstorage.py for tasks to queue
[2025-03-26T22:11:14.163+0530] {logging_mixin.py:190} INFO - [2025-03-26T22:11:14.163+0530] {dagbag.py:588} INFO - Filling up the DagBag from /Users/uk/miniforge3/lib/python3.10/site-packages/airflow/example_dags/tutorial_objectstorage.py
[2025-03-26T22:11:14.176+0530] {processor.py:925} INFO - DAG(s) 'tutorial_objectstorage' retrieved from /Users/uk/miniforge3/lib/python3.10/site-packages/airflow/example_dags/tutorial_objectstorage.py
[2025-03-26T22:11:14.215+0530] {logging_mixin.py:190} INFO - [2025-03-26T22:11:14.215+0530] {dag.py:3239} INFO - Sync 1 DAGs
[2025-03-26T22:11:14.219+0530] {logging_mixin.py:190} INFO - [2025-03-26T22:11:14.218+0530] {dag.py:4180} INFO - Setting next_dagrun for tutorial_objectstorage to None, run_after=None
[2025-03-26T22:11:14.225+0530] {processor.py:208} INFO - Processing /Users/uk/miniforge3/lib/python3.10/site-packages/airflow/example_dags/tutorial_objectstorage.py took 0.064 seconds
[2025-03-26T22:12:40.716+0530] {processor.py:186} INFO - Started process (PID=7037) to work on /Users/uk/miniforge3/lib/python3.10/site-packages/airflow/example_dags/tutorial_objectstorage.py
[2025-03-26T22:12:40.717+0530] {processor.py:914} INFO - Processing file /Users/uk/miniforge3/lib/python3.10/site-packages/airflow/example_dags/tutorial_objectstorage.py for tasks to queue
[2025-03-26T22:12:40.717+0530] {logging_mixin.py:190} INFO - [2025-03-26T22:12:40.717+0530] {dagbag.py:588} INFO - Filling up the DagBag from /Users/uk/miniforge3/lib/python3.10/site-packages/airflow/example_dags/tutorial_objectstorage.py
[2025-03-26T22:12:40.731+0530] {processor.py:925} INFO - DAG(s) 'tutorial_objectstorage' retrieved from /Users/uk/miniforge3/lib/python3.10/site-packages/airflow/example_dags/tutorial_objectstorage.py
[2025-03-26T22:12:40.769+0530] {logging_mixin.py:190} INFO - [2025-03-26T22:12:40.768+0530] {dag.py:3239} INFO - Sync 1 DAGs
[2025-03-26T22:12:40.774+0530] {logging_mixin.py:190} INFO - [2025-03-26T22:12:40.774+0530] {dag.py:4180} INFO - Setting next_dagrun for tutorial_objectstorage to None, run_after=None
[2025-03-26T22:12:40.780+0530] {processor.py:208} INFO - Processing /Users/uk/miniforge3/lib/python3.10/site-packages/airflow/example_dags/tutorial_objectstorage.py took 0.065 seconds
[2025-03-26T22:14:31.629+0530] {processor.py:186} INFO - Started process (PID=7565) to work on /Users/uk/miniforge3/lib/python3.10/site-packages/airflow/example_dags/tutorial_objectstorage.py
[2025-03-26T22:14:31.630+0530] {processor.py:914} INFO - Processing file /Users/uk/miniforge3/lib/python3.10/site-packages/airflow/example_dags/tutorial_objectstorage.py for tasks to queue
[2025-03-26T22:14:31.630+0530] {logging_mixin.py:190} INFO - [2025-03-26T22:14:31.630+0530] {dagbag.py:588} INFO - Filling up the DagBag from /Users/uk/miniforge3/lib/python3.10/site-packages/airflow/example_dags/tutorial_objectstorage.py
[2025-03-26T22:14:31.644+0530] {processor.py:925} INFO - DAG(s) 'tutorial_objectstorage' retrieved from /Users/uk/miniforge3/lib/python3.10/site-packages/airflow/example_dags/tutorial_objectstorage.py
[2025-03-26T22:14:31.681+0530] {logging_mixin.py:190} INFO - [2025-03-26T22:14:31.681+0530] {dag.py:3239} INFO - Sync 1 DAGs
[2025-03-26T22:14:31.685+0530] {logging_mixin.py:190} INFO - [2025-03-26T22:14:31.685+0530] {dag.py:4180} INFO - Setting next_dagrun for tutorial_objectstorage to None, run_after=None
[2025-03-26T22:14:31.692+0530] {processor.py:208} INFO - Processing /Users/uk/miniforge3/lib/python3.10/site-packages/airflow/example_dags/tutorial_objectstorage.py took 0.064 seconds
[2025-03-26T22:15:51.847+0530] {processor.py:186} INFO - Started process (PID=7727) to work on /Users/uk/miniforge3/lib/python3.10/site-packages/airflow/example_dags/tutorial_objectstorage.py
[2025-03-26T22:15:51.847+0530] {processor.py:914} INFO - Processing file /Users/uk/miniforge3/lib/python3.10/site-packages/airflow/example_dags/tutorial_objectstorage.py for tasks to queue
[2025-03-26T22:15:51.848+0530] {logging_mixin.py:190} INFO - [2025-03-26T22:15:51.848+0530] {dagbag.py:588} INFO - Filling up the DagBag from /Users/uk/miniforge3/lib/python3.10/site-packages/airflow/example_dags/tutorial_objectstorage.py
[2025-03-26T22:15:51.861+0530] {processor.py:925} INFO - DAG(s) 'tutorial_objectstorage' retrieved from /Users/uk/miniforge3/lib/python3.10/site-packages/airflow/example_dags/tutorial_objectstorage.py
[2025-03-26T22:15:51.898+0530] {logging_mixin.py:190} INFO - [2025-03-26T22:15:51.898+0530] {dag.py:3239} INFO - Sync 1 DAGs
[2025-03-26T22:15:51.903+0530] {logging_mixin.py:190} INFO - [2025-03-26T22:15:51.902+0530] {dag.py:4180} INFO - Setting next_dagrun for tutorial_objectstorage to None, run_after=None
[2025-03-26T22:15:51.909+0530] {processor.py:208} INFO - Processing /Users/uk/miniforge3/lib/python3.10/site-packages/airflow/example_dags/tutorial_objectstorage.py took 0.063 seconds
[2025-03-26T22:17:12.000+0530] {processor.py:186} INFO - Started process (PID=7884) to work on /Users/uk/miniforge3/lib/python3.10/site-packages/airflow/example_dags/tutorial_objectstorage.py
[2025-03-26T22:17:12.000+0530] {processor.py:914} INFO - Processing file /Users/uk/miniforge3/lib/python3.10/site-packages/airflow/example_dags/tutorial_objectstorage.py for tasks to queue
[2025-03-26T22:17:12.001+0530] {logging_mixin.py:190} INFO - [2025-03-26T22:17:12.001+0530] {dagbag.py:588} INFO - Filling up the DagBag from /Users/uk/miniforge3/lib/python3.10/site-packages/airflow/example_dags/tutorial_objectstorage.py
[2025-03-26T22:17:12.019+0530] {processor.py:925} INFO - DAG(s) 'tutorial_objectstorage' retrieved from /Users/uk/miniforge3/lib/python3.10/site-packages/airflow/example_dags/tutorial_objectstorage.py
[2025-03-26T22:17:12.070+0530] {logging_mixin.py:190} INFO - [2025-03-26T22:17:12.069+0530] {dag.py:3239} INFO - Sync 1 DAGs
[2025-03-26T22:17:12.075+0530] {logging_mixin.py:190} INFO - [2025-03-26T22:17:12.075+0530] {dag.py:4180} INFO - Setting next_dagrun for tutorial_objectstorage to None, run_after=None
[2025-03-26T22:17:12.082+0530] {processor.py:208} INFO - Processing /Users/uk/miniforge3/lib/python3.10/site-packages/airflow/example_dags/tutorial_objectstorage.py took 0.085 seconds
[2025-03-26T22:18:28.597+0530] {processor.py:186} INFO - Started process (PID=8011) to work on /Users/uk/miniforge3/lib/python3.10/site-packages/airflow/example_dags/tutorial_objectstorage.py
[2025-03-26T22:18:28.598+0530] {processor.py:914} INFO - Processing file /Users/uk/miniforge3/lib/python3.10/site-packages/airflow/example_dags/tutorial_objectstorage.py for tasks to queue
[2025-03-26T22:18:28.599+0530] {logging_mixin.py:190} INFO - [2025-03-26T22:18:28.599+0530] {dagbag.py:588} INFO - Filling up the DagBag from /Users/uk/miniforge3/lib/python3.10/site-packages/airflow/example_dags/tutorial_objectstorage.py
[2025-03-26T22:18:28.615+0530] {processor.py:925} INFO - DAG(s) 'tutorial_objectstorage' retrieved from /Users/uk/miniforge3/lib/python3.10/site-packages/airflow/example_dags/tutorial_objectstorage.py
[2025-03-26T22:18:28.663+0530] {logging_mixin.py:190} INFO - [2025-03-26T22:18:28.663+0530] {dag.py:3239} INFO - Sync 1 DAGs
[2025-03-26T22:18:28.668+0530] {logging_mixin.py:190} INFO - [2025-03-26T22:18:28.668+0530] {dag.py:4180} INFO - Setting next_dagrun for tutorial_objectstorage to None, run_after=None
[2025-03-26T22:18:28.676+0530] {processor.py:208} INFO - Processing /Users/uk/miniforge3/lib/python3.10/site-packages/airflow/example_dags/tutorial_objectstorage.py took 0.080 seconds
[2025-03-26T22:19:44.419+0530] {processor.py:186} INFO - Started process (PID=8137) to work on /Users/uk/miniforge3/lib/python3.10/site-packages/airflow/example_dags/tutorial_objectstorage.py
[2025-03-26T22:19:44.420+0530] {processor.py:914} INFO - Processing file /Users/uk/miniforge3/lib/python3.10/site-packages/airflow/example_dags/tutorial_objectstorage.py for tasks to queue
[2025-03-26T22:19:44.421+0530] {logging_mixin.py:190} INFO - [2025-03-26T22:19:44.421+0530] {dagbag.py:588} INFO - Filling up the DagBag from /Users/uk/miniforge3/lib/python3.10/site-packages/airflow/example_dags/tutorial_objectstorage.py
[2025-03-26T22:19:44.434+0530] {processor.py:925} INFO - DAG(s) 'tutorial_objectstorage' retrieved from /Users/uk/miniforge3/lib/python3.10/site-packages/airflow/example_dags/tutorial_objectstorage.py
[2025-03-26T22:19:44.472+0530] {logging_mixin.py:190} INFO - [2025-03-26T22:19:44.472+0530] {dag.py:3239} INFO - Sync 1 DAGs
[2025-03-26T22:19:44.476+0530] {logging_mixin.py:190} INFO - [2025-03-26T22:19:44.475+0530] {dag.py:4180} INFO - Setting next_dagrun for tutorial_objectstorage to None, run_after=None
[2025-03-26T22:19:44.482+0530] {processor.py:208} INFO - Processing /Users/uk/miniforge3/lib/python3.10/site-packages/airflow/example_dags/tutorial_objectstorage.py took 0.064 seconds
[2025-03-26T22:21:04.115+0530] {processor.py:186} INFO - Started process (PID=8301) to work on /Users/uk/miniforge3/lib/python3.10/site-packages/airflow/example_dags/tutorial_objectstorage.py
[2025-03-26T22:21:04.115+0530] {processor.py:914} INFO - Processing file /Users/uk/miniforge3/lib/python3.10/site-packages/airflow/example_dags/tutorial_objectstorage.py for tasks to queue
[2025-03-26T22:21:04.116+0530] {logging_mixin.py:190} INFO - [2025-03-26T22:21:04.116+0530] {dagbag.py:588} INFO - Filling up the DagBag from /Users/uk/miniforge3/lib/python3.10/site-packages/airflow/example_dags/tutorial_objectstorage.py
[2025-03-26T22:21:04.131+0530] {processor.py:925} INFO - DAG(s) 'tutorial_objectstorage' retrieved from /Users/uk/miniforge3/lib/python3.10/site-packages/airflow/example_dags/tutorial_objectstorage.py
[2025-03-26T22:21:04.170+0530] {logging_mixin.py:190} INFO - [2025-03-26T22:21:04.170+0530] {dag.py:3239} INFO - Sync 1 DAGs
[2025-03-26T22:21:04.174+0530] {logging_mixin.py:190} INFO - [2025-03-26T22:21:04.174+0530] {dag.py:4180} INFO - Setting next_dagrun for tutorial_objectstorage to None, run_after=None
[2025-03-26T22:21:04.181+0530] {processor.py:208} INFO - Processing /Users/uk/miniforge3/lib/python3.10/site-packages/airflow/example_dags/tutorial_objectstorage.py took 0.067 seconds
[2025-03-26T22:22:20.371+0530] {processor.py:186} INFO - Started process (PID=8454) to work on /Users/uk/miniforge3/lib/python3.10/site-packages/airflow/example_dags/tutorial_objectstorage.py
[2025-03-26T22:22:20.372+0530] {processor.py:914} INFO - Processing file /Users/uk/miniforge3/lib/python3.10/site-packages/airflow/example_dags/tutorial_objectstorage.py for tasks to queue
[2025-03-26T22:22:20.372+0530] {logging_mixin.py:190} INFO - [2025-03-26T22:22:20.372+0530] {dagbag.py:588} INFO - Filling up the DagBag from /Users/uk/miniforge3/lib/python3.10/site-packages/airflow/example_dags/tutorial_objectstorage.py
[2025-03-26T22:22:20.386+0530] {processor.py:925} INFO - DAG(s) 'tutorial_objectstorage' retrieved from /Users/uk/miniforge3/lib/python3.10/site-packages/airflow/example_dags/tutorial_objectstorage.py
[2025-03-26T22:22:20.424+0530] {logging_mixin.py:190} INFO - [2025-03-26T22:22:20.424+0530] {dag.py:3239} INFO - Sync 1 DAGs
[2025-03-26T22:22:20.428+0530] {logging_mixin.py:190} INFO - [2025-03-26T22:22:20.428+0530] {dag.py:4180} INFO - Setting next_dagrun for tutorial_objectstorage to None, run_after=None
[2025-03-26T22:22:20.435+0530] {processor.py:208} INFO - Processing /Users/uk/miniforge3/lib/python3.10/site-packages/airflow/example_dags/tutorial_objectstorage.py took 0.065 seconds
[2025-03-26T22:23:32.848+0530] {processor.py:186} INFO - Started process (PID=8584) to work on /Users/uk/miniforge3/lib/python3.10/site-packages/airflow/example_dags/tutorial_objectstorage.py
[2025-03-26T22:23:32.848+0530] {processor.py:914} INFO - Processing file /Users/uk/miniforge3/lib/python3.10/site-packages/airflow/example_dags/tutorial_objectstorage.py for tasks to queue
[2025-03-26T22:23:32.849+0530] {logging_mixin.py:190} INFO - [2025-03-26T22:23:32.849+0530] {dagbag.py:588} INFO - Filling up the DagBag from /Users/uk/miniforge3/lib/python3.10/site-packages/airflow/example_dags/tutorial_objectstorage.py
[2025-03-26T22:23:32.862+0530] {processor.py:925} INFO - DAG(s) 'tutorial_objectstorage' retrieved from /Users/uk/miniforge3/lib/python3.10/site-packages/airflow/example_dags/tutorial_objectstorage.py
[2025-03-26T22:23:32.900+0530] {logging_mixin.py:190} INFO - [2025-03-26T22:23:32.900+0530] {dag.py:3239} INFO - Sync 1 DAGs
[2025-03-26T22:23:32.903+0530] {logging_mixin.py:190} INFO - [2025-03-26T22:23:32.903+0530] {dag.py:4180} INFO - Setting next_dagrun for tutorial_objectstorage to None, run_after=None
[2025-03-26T22:23:32.909+0530] {processor.py:208} INFO - Processing /Users/uk/miniforge3/lib/python3.10/site-packages/airflow/example_dags/tutorial_objectstorage.py took 0.063 seconds
[2025-03-26T22:24:51.436+0530] {processor.py:186} INFO - Started process (PID=8710) to work on /Users/uk/miniforge3/lib/python3.10/site-packages/airflow/example_dags/tutorial_objectstorage.py
[2025-03-26T22:24:51.437+0530] {processor.py:914} INFO - Processing file /Users/uk/miniforge3/lib/python3.10/site-packages/airflow/example_dags/tutorial_objectstorage.py for tasks to queue
[2025-03-26T22:24:51.438+0530] {logging_mixin.py:190} INFO - [2025-03-26T22:24:51.438+0530] {dagbag.py:588} INFO - Filling up the DagBag from /Users/uk/miniforge3/lib/python3.10/site-packages/airflow/example_dags/tutorial_objectstorage.py
[2025-03-26T22:24:51.468+0530] {processor.py:925} INFO - DAG(s) 'tutorial_objectstorage' retrieved from /Users/uk/miniforge3/lib/python3.10/site-packages/airflow/example_dags/tutorial_objectstorage.py
[2025-03-26T22:24:51.523+0530] {logging_mixin.py:190} INFO - [2025-03-26T22:24:51.522+0530] {dag.py:3239} INFO - Sync 1 DAGs
[2025-03-26T22:24:51.527+0530] {logging_mixin.py:190} INFO - [2025-03-26T22:24:51.527+0530] {dag.py:4180} INFO - Setting next_dagrun for tutorial_objectstorage to None, run_after=None
[2025-03-26T22:24:51.534+0530] {processor.py:208} INFO - Processing /Users/uk/miniforge3/lib/python3.10/site-packages/airflow/example_dags/tutorial_objectstorage.py took 0.100 seconds
[2025-03-26T22:26:15.637+0530] {processor.py:186} INFO - Started process (PID=8865) to work on /Users/uk/miniforge3/lib/python3.10/site-packages/airflow/example_dags/tutorial_objectstorage.py
[2025-03-26T22:26:15.638+0530] {processor.py:914} INFO - Processing file /Users/uk/miniforge3/lib/python3.10/site-packages/airflow/example_dags/tutorial_objectstorage.py for tasks to queue
[2025-03-26T22:26:15.638+0530] {logging_mixin.py:190} INFO - [2025-03-26T22:26:15.638+0530] {dagbag.py:588} INFO - Filling up the DagBag from /Users/uk/miniforge3/lib/python3.10/site-packages/airflow/example_dags/tutorial_objectstorage.py
[2025-03-26T22:26:15.652+0530] {processor.py:925} INFO - DAG(s) 'tutorial_objectstorage' retrieved from /Users/uk/miniforge3/lib/python3.10/site-packages/airflow/example_dags/tutorial_objectstorage.py
[2025-03-26T22:26:15.689+0530] {logging_mixin.py:190} INFO - [2025-03-26T22:26:15.689+0530] {dag.py:3239} INFO - Sync 1 DAGs
[2025-03-26T22:26:15.694+0530] {logging_mixin.py:190} INFO - [2025-03-26T22:26:15.694+0530] {dag.py:4180} INFO - Setting next_dagrun for tutorial_objectstorage to None, run_after=None
[2025-03-26T22:26:15.700+0530] {processor.py:208} INFO - Processing /Users/uk/miniforge3/lib/python3.10/site-packages/airflow/example_dags/tutorial_objectstorage.py took 0.065 seconds
[2025-03-26T22:27:31.847+0530] {processor.py:186} INFO - Started process (PID=9001) to work on /Users/uk/miniforge3/lib/python3.10/site-packages/airflow/example_dags/tutorial_objectstorage.py
[2025-03-26T22:27:31.848+0530] {processor.py:914} INFO - Processing file /Users/uk/miniforge3/lib/python3.10/site-packages/airflow/example_dags/tutorial_objectstorage.py for tasks to queue
[2025-03-26T22:27:31.849+0530] {logging_mixin.py:190} INFO - [2025-03-26T22:27:31.849+0530] {dagbag.py:588} INFO - Filling up the DagBag from /Users/uk/miniforge3/lib/python3.10/site-packages/airflow/example_dags/tutorial_objectstorage.py
[2025-03-26T22:27:31.865+0530] {processor.py:925} INFO - DAG(s) 'tutorial_objectstorage' retrieved from /Users/uk/miniforge3/lib/python3.10/site-packages/airflow/example_dags/tutorial_objectstorage.py
[2025-03-26T22:27:31.903+0530] {logging_mixin.py:190} INFO - [2025-03-26T22:27:31.903+0530] {dag.py:3239} INFO - Sync 1 DAGs
[2025-03-26T22:27:31.907+0530] {logging_mixin.py:190} INFO - [2025-03-26T22:27:31.907+0530] {dag.py:4180} INFO - Setting next_dagrun for tutorial_objectstorage to None, run_after=None
[2025-03-26T22:27:31.913+0530] {processor.py:208} INFO - Processing /Users/uk/miniforge3/lib/python3.10/site-packages/airflow/example_dags/tutorial_objectstorage.py took 0.071 seconds
[2025-03-26T22:28:46.534+0530] {processor.py:186} INFO - Started process (PID=9123) to work on /Users/uk/miniforge3/lib/python3.10/site-packages/airflow/example_dags/tutorial_objectstorage.py
[2025-03-26T22:28:46.535+0530] {processor.py:914} INFO - Processing file /Users/uk/miniforge3/lib/python3.10/site-packages/airflow/example_dags/tutorial_objectstorage.py for tasks to queue
[2025-03-26T22:28:46.535+0530] {logging_mixin.py:190} INFO - [2025-03-26T22:28:46.535+0530] {dagbag.py:588} INFO - Filling up the DagBag from /Users/uk/miniforge3/lib/python3.10/site-packages/airflow/example_dags/tutorial_objectstorage.py
[2025-03-26T22:28:46.549+0530] {processor.py:925} INFO - DAG(s) 'tutorial_objectstorage' retrieved from /Users/uk/miniforge3/lib/python3.10/site-packages/airflow/example_dags/tutorial_objectstorage.py
[2025-03-26T22:28:46.586+0530] {logging_mixin.py:190} INFO - [2025-03-26T22:28:46.586+0530] {dag.py:3239} INFO - Sync 1 DAGs
[2025-03-26T22:28:46.590+0530] {logging_mixin.py:190} INFO - [2025-03-26T22:28:46.590+0530] {dag.py:4180} INFO - Setting next_dagrun for tutorial_objectstorage to None, run_after=None
[2025-03-26T22:28:46.595+0530] {processor.py:208} INFO - Processing /Users/uk/miniforge3/lib/python3.10/site-packages/airflow/example_dags/tutorial_objectstorage.py took 0.062 seconds
[2025-03-26T22:30:14.013+0530] {processor.py:186} INFO - Started process (PID=9272) to work on /Users/uk/miniforge3/lib/python3.10/site-packages/airflow/example_dags/tutorial_objectstorage.py
[2025-03-26T22:30:14.014+0530] {processor.py:914} INFO - Processing file /Users/uk/miniforge3/lib/python3.10/site-packages/airflow/example_dags/tutorial_objectstorage.py for tasks to queue
[2025-03-26T22:30:14.015+0530] {logging_mixin.py:190} INFO - [2025-03-26T22:30:14.014+0530] {dagbag.py:588} INFO - Filling up the DagBag from /Users/uk/miniforge3/lib/python3.10/site-packages/airflow/example_dags/tutorial_objectstorage.py
[2025-03-26T22:30:14.028+0530] {processor.py:925} INFO - DAG(s) 'tutorial_objectstorage' retrieved from /Users/uk/miniforge3/lib/python3.10/site-packages/airflow/example_dags/tutorial_objectstorage.py
[2025-03-26T22:30:14.065+0530] {logging_mixin.py:190} INFO - [2025-03-26T22:30:14.065+0530] {dag.py:3239} INFO - Sync 1 DAGs
[2025-03-26T22:30:14.069+0530] {logging_mixin.py:190} INFO - [2025-03-26T22:30:14.069+0530] {dag.py:4180} INFO - Setting next_dagrun for tutorial_objectstorage to None, run_after=None
[2025-03-26T22:30:14.075+0530] {processor.py:208} INFO - Processing /Users/uk/miniforge3/lib/python3.10/site-packages/airflow/example_dags/tutorial_objectstorage.py took 0.063 seconds
[2025-03-26T22:31:24.488+0530] {processor.py:186} INFO - Started process (PID=9407) to work on /Users/uk/miniforge3/lib/python3.10/site-packages/airflow/example_dags/tutorial_objectstorage.py
[2025-03-26T22:31:24.490+0530] {processor.py:914} INFO - Processing file /Users/uk/miniforge3/lib/python3.10/site-packages/airflow/example_dags/tutorial_objectstorage.py for tasks to queue
[2025-03-26T22:31:24.490+0530] {logging_mixin.py:190} INFO - [2025-03-26T22:31:24.490+0530] {dagbag.py:588} INFO - Filling up the DagBag from /Users/uk/miniforge3/lib/python3.10/site-packages/airflow/example_dags/tutorial_objectstorage.py
[2025-03-26T22:31:24.503+0530] {processor.py:925} INFO - DAG(s) 'tutorial_objectstorage' retrieved from /Users/uk/miniforge3/lib/python3.10/site-packages/airflow/example_dags/tutorial_objectstorage.py
[2025-03-26T22:31:24.541+0530] {logging_mixin.py:190} INFO - [2025-03-26T22:31:24.541+0530] {dag.py:3239} INFO - Sync 1 DAGs
[2025-03-26T22:31:24.545+0530] {logging_mixin.py:190} INFO - [2025-03-26T22:31:24.545+0530] {dag.py:4180} INFO - Setting next_dagrun for tutorial_objectstorage to None, run_after=None
[2025-03-26T22:31:24.551+0530] {processor.py:208} INFO - Processing /Users/uk/miniforge3/lib/python3.10/site-packages/airflow/example_dags/tutorial_objectstorage.py took 0.064 seconds
[2025-03-26T22:32:34.976+0530] {processor.py:186} INFO - Started process (PID=9521) to work on /Users/uk/miniforge3/lib/python3.10/site-packages/airflow/example_dags/tutorial_objectstorage.py
[2025-03-26T22:32:34.976+0530] {processor.py:914} INFO - Processing file /Users/uk/miniforge3/lib/python3.10/site-packages/airflow/example_dags/tutorial_objectstorage.py for tasks to queue
[2025-03-26T22:32:34.977+0530] {logging_mixin.py:190} INFO - [2025-03-26T22:32:34.977+0530] {dagbag.py:588} INFO - Filling up the DagBag from /Users/uk/miniforge3/lib/python3.10/site-packages/airflow/example_dags/tutorial_objectstorage.py
[2025-03-26T22:32:34.990+0530] {processor.py:925} INFO - DAG(s) 'tutorial_objectstorage' retrieved from /Users/uk/miniforge3/lib/python3.10/site-packages/airflow/example_dags/tutorial_objectstorage.py
[2025-03-26T22:32:35.028+0530] {logging_mixin.py:190} INFO - [2025-03-26T22:32:35.028+0530] {dag.py:3239} INFO - Sync 1 DAGs
[2025-03-26T22:32:35.032+0530] {logging_mixin.py:190} INFO - [2025-03-26T22:32:35.032+0530] {dag.py:4180} INFO - Setting next_dagrun for tutorial_objectstorage to None, run_after=None
[2025-03-26T22:32:35.038+0530] {processor.py:208} INFO - Processing /Users/uk/miniforge3/lib/python3.10/site-packages/airflow/example_dags/tutorial_objectstorage.py took 0.064 seconds
[2025-03-26T22:33:48.309+0530] {processor.py:186} INFO - Started process (PID=9653) to work on /Users/uk/miniforge3/lib/python3.10/site-packages/airflow/example_dags/tutorial_objectstorage.py
[2025-03-26T22:33:48.310+0530] {processor.py:914} INFO - Processing file /Users/uk/miniforge3/lib/python3.10/site-packages/airflow/example_dags/tutorial_objectstorage.py for tasks to queue
[2025-03-26T22:33:48.310+0530] {logging_mixin.py:190} INFO - [2025-03-26T22:33:48.310+0530] {dagbag.py:588} INFO - Filling up the DagBag from /Users/uk/miniforge3/lib/python3.10/site-packages/airflow/example_dags/tutorial_objectstorage.py
[2025-03-26T22:33:48.324+0530] {processor.py:925} INFO - DAG(s) 'tutorial_objectstorage' retrieved from /Users/uk/miniforge3/lib/python3.10/site-packages/airflow/example_dags/tutorial_objectstorage.py
[2025-03-26T22:33:48.362+0530] {logging_mixin.py:190} INFO - [2025-03-26T22:33:48.362+0530] {dag.py:3239} INFO - Sync 1 DAGs
[2025-03-26T22:33:48.366+0530] {logging_mixin.py:190} INFO - [2025-03-26T22:33:48.366+0530] {dag.py:4180} INFO - Setting next_dagrun for tutorial_objectstorage to None, run_after=None
[2025-03-26T22:33:48.373+0530] {processor.py:208} INFO - Processing /Users/uk/miniforge3/lib/python3.10/site-packages/airflow/example_dags/tutorial_objectstorage.py took 0.065 seconds
[2025-03-26T22:35:09.411+0530] {processor.py:186} INFO - Started process (PID=9847) to work on /Users/uk/miniforge3/lib/python3.10/site-packages/airflow/example_dags/tutorial_objectstorage.py
[2025-03-26T22:35:09.412+0530] {processor.py:914} INFO - Processing file /Users/uk/miniforge3/lib/python3.10/site-packages/airflow/example_dags/tutorial_objectstorage.py for tasks to queue
[2025-03-26T22:35:09.412+0530] {logging_mixin.py:190} INFO - [2025-03-26T22:35:09.412+0530] {dagbag.py:588} INFO - Filling up the DagBag from /Users/uk/miniforge3/lib/python3.10/site-packages/airflow/example_dags/tutorial_objectstorage.py
[2025-03-26T22:35:09.428+0530] {processor.py:925} INFO - DAG(s) 'tutorial_objectstorage' retrieved from /Users/uk/miniforge3/lib/python3.10/site-packages/airflow/example_dags/tutorial_objectstorage.py
[2025-03-26T22:35:09.470+0530] {logging_mixin.py:190} INFO - [2025-03-26T22:35:09.470+0530] {dag.py:3239} INFO - Sync 1 DAGs
[2025-03-26T22:35:09.475+0530] {logging_mixin.py:190} INFO - [2025-03-26T22:35:09.475+0530] {dag.py:4180} INFO - Setting next_dagrun for tutorial_objectstorage to None, run_after=None
[2025-03-26T22:35:09.481+0530] {processor.py:208} INFO - Processing /Users/uk/miniforge3/lib/python3.10/site-packages/airflow/example_dags/tutorial_objectstorage.py took 0.072 seconds
[2025-03-26T22:36:28.614+0530] {processor.py:186} INFO - Started process (PID=9987) to work on /Users/uk/miniforge3/lib/python3.10/site-packages/airflow/example_dags/tutorial_objectstorage.py
[2025-03-26T22:36:28.615+0530] {processor.py:914} INFO - Processing file /Users/uk/miniforge3/lib/python3.10/site-packages/airflow/example_dags/tutorial_objectstorage.py for tasks to queue
[2025-03-26T22:36:28.615+0530] {logging_mixin.py:190} INFO - [2025-03-26T22:36:28.615+0530] {dagbag.py:588} INFO - Filling up the DagBag from /Users/uk/miniforge3/lib/python3.10/site-packages/airflow/example_dags/tutorial_objectstorage.py
[2025-03-26T22:36:28.629+0530] {processor.py:925} INFO - DAG(s) 'tutorial_objectstorage' retrieved from /Users/uk/miniforge3/lib/python3.10/site-packages/airflow/example_dags/tutorial_objectstorage.py
[2025-03-26T22:36:28.666+0530] {logging_mixin.py:190} INFO - [2025-03-26T22:36:28.666+0530] {dag.py:3239} INFO - Sync 1 DAGs
[2025-03-26T22:36:28.673+0530] {logging_mixin.py:190} INFO - [2025-03-26T22:36:28.673+0530] {dag.py:4180} INFO - Setting next_dagrun for tutorial_objectstorage to None, run_after=None
[2025-03-26T22:36:28.680+0530] {processor.py:208} INFO - Processing /Users/uk/miniforge3/lib/python3.10/site-packages/airflow/example_dags/tutorial_objectstorage.py took 0.067 seconds
[2025-03-26T22:37:50.661+0530] {processor.py:186} INFO - Started process (PID=10135) to work on /Users/uk/miniforge3/lib/python3.10/site-packages/airflow/example_dags/tutorial_objectstorage.py
[2025-03-26T22:37:50.662+0530] {processor.py:914} INFO - Processing file /Users/uk/miniforge3/lib/python3.10/site-packages/airflow/example_dags/tutorial_objectstorage.py for tasks to queue
[2025-03-26T22:37:50.662+0530] {logging_mixin.py:190} INFO - [2025-03-26T22:37:50.662+0530] {dagbag.py:588} INFO - Filling up the DagBag from /Users/uk/miniforge3/lib/python3.10/site-packages/airflow/example_dags/tutorial_objectstorage.py
[2025-03-26T22:37:50.675+0530] {processor.py:925} INFO - DAG(s) 'tutorial_objectstorage' retrieved from /Users/uk/miniforge3/lib/python3.10/site-packages/airflow/example_dags/tutorial_objectstorage.py
[2025-03-26T22:37:50.714+0530] {logging_mixin.py:190} INFO - [2025-03-26T22:37:50.714+0530] {dag.py:3239} INFO - Sync 1 DAGs
[2025-03-26T22:37:50.718+0530] {logging_mixin.py:190} INFO - [2025-03-26T22:37:50.718+0530] {dag.py:4180} INFO - Setting next_dagrun for tutorial_objectstorage to None, run_after=None
[2025-03-26T22:37:50.724+0530] {processor.py:208} INFO - Processing /Users/uk/miniforge3/lib/python3.10/site-packages/airflow/example_dags/tutorial_objectstorage.py took 0.064 seconds
[2025-03-26T22:39:06.683+0530] {processor.py:186} INFO - Started process (PID=10497) to work on /Users/uk/miniforge3/lib/python3.10/site-packages/airflow/example_dags/tutorial_objectstorage.py
[2025-03-26T22:39:06.687+0530] {processor.py:914} INFO - Processing file /Users/uk/miniforge3/lib/python3.10/site-packages/airflow/example_dags/tutorial_objectstorage.py for tasks to queue
[2025-03-26T22:39:06.687+0530] {logging_mixin.py:190} INFO - [2025-03-26T22:39:06.687+0530] {dagbag.py:588} INFO - Filling up the DagBag from /Users/uk/miniforge3/lib/python3.10/site-packages/airflow/example_dags/tutorial_objectstorage.py
[2025-03-26T22:39:06.701+0530] {processor.py:925} INFO - DAG(s) 'tutorial_objectstorage' retrieved from /Users/uk/miniforge3/lib/python3.10/site-packages/airflow/example_dags/tutorial_objectstorage.py
[2025-03-26T22:39:06.738+0530] {logging_mixin.py:190} INFO - [2025-03-26T22:39:06.738+0530] {dag.py:3239} INFO - Sync 1 DAGs
[2025-03-26T22:39:06.742+0530] {logging_mixin.py:190} INFO - [2025-03-26T22:39:06.742+0530] {dag.py:4180} INFO - Setting next_dagrun for tutorial_objectstorage to None, run_after=None
[2025-03-26T22:39:06.749+0530] {processor.py:208} INFO - Processing /Users/uk/miniforge3/lib/python3.10/site-packages/airflow/example_dags/tutorial_objectstorage.py took 0.067 seconds
[2025-03-26T22:40:22.549+0530] {processor.py:186} INFO - Started process (PID=10682) to work on /Users/uk/miniforge3/lib/python3.10/site-packages/airflow/example_dags/tutorial_objectstorage.py
[2025-03-26T22:40:22.551+0530] {processor.py:914} INFO - Processing file /Users/uk/miniforge3/lib/python3.10/site-packages/airflow/example_dags/tutorial_objectstorage.py for tasks to queue
[2025-03-26T22:40:22.551+0530] {logging_mixin.py:190} INFO - [2025-03-26T22:40:22.551+0530] {dagbag.py:588} INFO - Filling up the DagBag from /Users/uk/miniforge3/lib/python3.10/site-packages/airflow/example_dags/tutorial_objectstorage.py
[2025-03-26T22:40:22.566+0530] {processor.py:925} INFO - DAG(s) 'tutorial_objectstorage' retrieved from /Users/uk/miniforge3/lib/python3.10/site-packages/airflow/example_dags/tutorial_objectstorage.py
[2025-03-26T22:40:22.603+0530] {logging_mixin.py:190} INFO - [2025-03-26T22:40:22.603+0530] {dag.py:3239} INFO - Sync 1 DAGs
[2025-03-26T22:40:22.607+0530] {logging_mixin.py:190} INFO - [2025-03-26T22:40:22.607+0530] {dag.py:4180} INFO - Setting next_dagrun for tutorial_objectstorage to None, run_after=None
[2025-03-26T22:40:22.614+0530] {processor.py:208} INFO - Processing /Users/uk/miniforge3/lib/python3.10/site-packages/airflow/example_dags/tutorial_objectstorage.py took 0.066 seconds
[2025-03-26T22:41:43.070+0530] {processor.py:186} INFO - Started process (PID=10842) to work on /Users/uk/miniforge3/lib/python3.10/site-packages/airflow/example_dags/tutorial_objectstorage.py
[2025-03-26T22:41:43.071+0530] {processor.py:914} INFO - Processing file /Users/uk/miniforge3/lib/python3.10/site-packages/airflow/example_dags/tutorial_objectstorage.py for tasks to queue
[2025-03-26T22:41:43.071+0530] {logging_mixin.py:190} INFO - [2025-03-26T22:41:43.071+0530] {dagbag.py:588} INFO - Filling up the DagBag from /Users/uk/miniforge3/lib/python3.10/site-packages/airflow/example_dags/tutorial_objectstorage.py
[2025-03-26T22:41:43.085+0530] {processor.py:925} INFO - DAG(s) 'tutorial_objectstorage' retrieved from /Users/uk/miniforge3/lib/python3.10/site-packages/airflow/example_dags/tutorial_objectstorage.py
[2025-03-26T22:41:43.122+0530] {logging_mixin.py:190} INFO - [2025-03-26T22:41:43.122+0530] {dag.py:3239} INFO - Sync 1 DAGs
[2025-03-26T22:41:43.126+0530] {logging_mixin.py:190} INFO - [2025-03-26T22:41:43.126+0530] {dag.py:4180} INFO - Setting next_dagrun for tutorial_objectstorage to None, run_after=None
[2025-03-26T22:41:43.132+0530] {processor.py:208} INFO - Processing /Users/uk/miniforge3/lib/python3.10/site-packages/airflow/example_dags/tutorial_objectstorage.py took 0.064 seconds
[2025-03-26T22:43:01.970+0530] {processor.py:186} INFO - Started process (PID=11018) to work on /Users/uk/miniforge3/lib/python3.10/site-packages/airflow/example_dags/tutorial_objectstorage.py
[2025-03-26T22:43:01.971+0530] {processor.py:914} INFO - Processing file /Users/uk/miniforge3/lib/python3.10/site-packages/airflow/example_dags/tutorial_objectstorage.py for tasks to queue
[2025-03-26T22:43:01.971+0530] {logging_mixin.py:190} INFO - [2025-03-26T22:43:01.971+0530] {dagbag.py:588} INFO - Filling up the DagBag from /Users/uk/miniforge3/lib/python3.10/site-packages/airflow/example_dags/tutorial_objectstorage.py
[2025-03-26T22:43:01.989+0530] {processor.py:925} INFO - DAG(s) 'tutorial_objectstorage' retrieved from /Users/uk/miniforge3/lib/python3.10/site-packages/airflow/example_dags/tutorial_objectstorage.py
[2025-03-26T22:43:02.028+0530] {logging_mixin.py:190} INFO - [2025-03-26T22:43:02.027+0530] {dag.py:3239} INFO - Sync 1 DAGs
[2025-03-26T22:43:02.032+0530] {logging_mixin.py:190} INFO - [2025-03-26T22:43:02.031+0530] {dag.py:4180} INFO - Setting next_dagrun for tutorial_objectstorage to None, run_after=None
[2025-03-26T22:43:02.038+0530] {processor.py:208} INFO - Processing /Users/uk/miniforge3/lib/python3.10/site-packages/airflow/example_dags/tutorial_objectstorage.py took 0.069 seconds
[2025-03-26T22:44:18.625+0530] {processor.py:186} INFO - Started process (PID=11140) to work on /Users/uk/miniforge3/lib/python3.10/site-packages/airflow/example_dags/tutorial_objectstorage.py
[2025-03-26T22:44:18.627+0530] {processor.py:914} INFO - Processing file /Users/uk/miniforge3/lib/python3.10/site-packages/airflow/example_dags/tutorial_objectstorage.py for tasks to queue
[2025-03-26T22:44:18.627+0530] {logging_mixin.py:190} INFO - [2025-03-26T22:44:18.627+0530] {dagbag.py:588} INFO - Filling up the DagBag from /Users/uk/miniforge3/lib/python3.10/site-packages/airflow/example_dags/tutorial_objectstorage.py
[2025-03-26T22:44:18.641+0530] {processor.py:925} INFO - DAG(s) 'tutorial_objectstorage' retrieved from /Users/uk/miniforge3/lib/python3.10/site-packages/airflow/example_dags/tutorial_objectstorage.py
[2025-03-26T22:44:18.679+0530] {logging_mixin.py:190} INFO - [2025-03-26T22:44:18.679+0530] {dag.py:3239} INFO - Sync 1 DAGs
[2025-03-26T22:44:18.683+0530] {logging_mixin.py:190} INFO - [2025-03-26T22:44:18.683+0530] {dag.py:4180} INFO - Setting next_dagrun for tutorial_objectstorage to None, run_after=None
[2025-03-26T22:44:18.689+0530] {processor.py:208} INFO - Processing /Users/uk/miniforge3/lib/python3.10/site-packages/airflow/example_dags/tutorial_objectstorage.py took 0.064 seconds
[2025-03-26T22:45:34.306+0530] {processor.py:186} INFO - Started process (PID=11258) to work on /Users/uk/miniforge3/lib/python3.10/site-packages/airflow/example_dags/tutorial_objectstorage.py
[2025-03-26T22:45:34.307+0530] {processor.py:914} INFO - Processing file /Users/uk/miniforge3/lib/python3.10/site-packages/airflow/example_dags/tutorial_objectstorage.py for tasks to queue
[2025-03-26T22:45:34.307+0530] {logging_mixin.py:190} INFO - [2025-03-26T22:45:34.307+0530] {dagbag.py:588} INFO - Filling up the DagBag from /Users/uk/miniforge3/lib/python3.10/site-packages/airflow/example_dags/tutorial_objectstorage.py
[2025-03-26T22:45:34.320+0530] {processor.py:925} INFO - DAG(s) 'tutorial_objectstorage' retrieved from /Users/uk/miniforge3/lib/python3.10/site-packages/airflow/example_dags/tutorial_objectstorage.py
[2025-03-26T22:45:34.359+0530] {logging_mixin.py:190} INFO - [2025-03-26T22:45:34.359+0530] {dag.py:3239} INFO - Sync 1 DAGs
[2025-03-26T22:45:34.363+0530] {logging_mixin.py:190} INFO - [2025-03-26T22:45:34.363+0530] {dag.py:4180} INFO - Setting next_dagrun for tutorial_objectstorage to None, run_after=None
[2025-03-26T22:45:34.369+0530] {processor.py:208} INFO - Processing /Users/uk/miniforge3/lib/python3.10/site-packages/airflow/example_dags/tutorial_objectstorage.py took 0.064 seconds
[2025-03-26T22:46:51.286+0530] {processor.py:186} INFO - Started process (PID=11391) to work on /Users/uk/miniforge3/lib/python3.10/site-packages/airflow/example_dags/tutorial_objectstorage.py
[2025-03-26T22:46:51.287+0530] {processor.py:914} INFO - Processing file /Users/uk/miniforge3/lib/python3.10/site-packages/airflow/example_dags/tutorial_objectstorage.py for tasks to queue
[2025-03-26T22:46:51.288+0530] {logging_mixin.py:190} INFO - [2025-03-26T22:46:51.288+0530] {dagbag.py:588} INFO - Filling up the DagBag from /Users/uk/miniforge3/lib/python3.10/site-packages/airflow/example_dags/tutorial_objectstorage.py
[2025-03-26T22:46:51.301+0530] {processor.py:925} INFO - DAG(s) 'tutorial_objectstorage' retrieved from /Users/uk/miniforge3/lib/python3.10/site-packages/airflow/example_dags/tutorial_objectstorage.py
[2025-03-26T22:46:51.339+0530] {logging_mixin.py:190} INFO - [2025-03-26T22:46:51.338+0530] {dag.py:3239} INFO - Sync 1 DAGs
[2025-03-26T22:46:51.342+0530] {logging_mixin.py:190} INFO - [2025-03-26T22:46:51.342+0530] {dag.py:4180} INFO - Setting next_dagrun for tutorial_objectstorage to None, run_after=None
[2025-03-26T22:46:51.348+0530] {processor.py:208} INFO - Processing /Users/uk/miniforge3/lib/python3.10/site-packages/airflow/example_dags/tutorial_objectstorage.py took 0.063 seconds
[2025-03-26T22:48:05.568+0530] {processor.py:186} INFO - Started process (PID=11525) to work on /Users/uk/miniforge3/lib/python3.10/site-packages/airflow/example_dags/tutorial_objectstorage.py
[2025-03-26T22:48:05.570+0530] {processor.py:914} INFO - Processing file /Users/uk/miniforge3/lib/python3.10/site-packages/airflow/example_dags/tutorial_objectstorage.py for tasks to queue
[2025-03-26T22:48:05.570+0530] {logging_mixin.py:190} INFO - [2025-03-26T22:48:05.570+0530] {dagbag.py:588} INFO - Filling up the DagBag from /Users/uk/miniforge3/lib/python3.10/site-packages/airflow/example_dags/tutorial_objectstorage.py
[2025-03-26T22:48:05.586+0530] {processor.py:925} INFO - DAG(s) 'tutorial_objectstorage' retrieved from /Users/uk/miniforge3/lib/python3.10/site-packages/airflow/example_dags/tutorial_objectstorage.py
[2025-03-26T22:48:05.626+0530] {logging_mixin.py:190} INFO - [2025-03-26T22:48:05.626+0530] {dag.py:3239} INFO - Sync 1 DAGs
[2025-03-26T22:48:05.630+0530] {logging_mixin.py:190} INFO - [2025-03-26T22:48:05.630+0530] {dag.py:4180} INFO - Setting next_dagrun for tutorial_objectstorage to None, run_after=None
[2025-03-26T22:48:05.637+0530] {processor.py:208} INFO - Processing /Users/uk/miniforge3/lib/python3.10/site-packages/airflow/example_dags/tutorial_objectstorage.py took 0.070 seconds
[2025-03-26T22:49:16.730+0530] {processor.py:186} INFO - Started process (PID=11656) to work on /Users/uk/miniforge3/lib/python3.10/site-packages/airflow/example_dags/tutorial_objectstorage.py
[2025-03-26T22:49:16.736+0530] {processor.py:914} INFO - Processing file /Users/uk/miniforge3/lib/python3.10/site-packages/airflow/example_dags/tutorial_objectstorage.py for tasks to queue
[2025-03-26T22:49:16.737+0530] {logging_mixin.py:190} INFO - [2025-03-26T22:49:16.736+0530] {dagbag.py:588} INFO - Filling up the DagBag from /Users/uk/miniforge3/lib/python3.10/site-packages/airflow/example_dags/tutorial_objectstorage.py
[2025-03-26T22:49:16.759+0530] {processor.py:925} INFO - DAG(s) 'tutorial_objectstorage' retrieved from /Users/uk/miniforge3/lib/python3.10/site-packages/airflow/example_dags/tutorial_objectstorage.py
[2025-03-26T22:49:16.798+0530] {logging_mixin.py:190} INFO - [2025-03-26T22:49:16.798+0530] {dag.py:3239} INFO - Sync 1 DAGs
[2025-03-26T22:49:16.804+0530] {logging_mixin.py:190} INFO - [2025-03-26T22:49:16.804+0530] {dag.py:4180} INFO - Setting next_dagrun for tutorial_objectstorage to None, run_after=None
[2025-03-26T22:49:16.814+0530] {processor.py:208} INFO - Processing /Users/uk/miniforge3/lib/python3.10/site-packages/airflow/example_dags/tutorial_objectstorage.py took 0.086 seconds
[2025-03-26T22:50:32.537+0530] {processor.py:186} INFO - Started process (PID=12112) to work on /Users/uk/miniforge3/lib/python3.10/site-packages/airflow/example_dags/tutorial_objectstorage.py
[2025-03-26T22:50:32.538+0530] {processor.py:914} INFO - Processing file /Users/uk/miniforge3/lib/python3.10/site-packages/airflow/example_dags/tutorial_objectstorage.py for tasks to queue
[2025-03-26T22:50:32.539+0530] {logging_mixin.py:190} INFO - [2025-03-26T22:50:32.539+0530] {dagbag.py:588} INFO - Filling up the DagBag from /Users/uk/miniforge3/lib/python3.10/site-packages/airflow/example_dags/tutorial_objectstorage.py
[2025-03-26T22:50:32.552+0530] {processor.py:925} INFO - DAG(s) 'tutorial_objectstorage' retrieved from /Users/uk/miniforge3/lib/python3.10/site-packages/airflow/example_dags/tutorial_objectstorage.py
[2025-03-26T22:50:32.589+0530] {logging_mixin.py:190} INFO - [2025-03-26T22:50:32.589+0530] {dag.py:3239} INFO - Sync 1 DAGs
[2025-03-26T22:50:32.593+0530] {logging_mixin.py:190} INFO - [2025-03-26T22:50:32.592+0530] {dag.py:4180} INFO - Setting next_dagrun for tutorial_objectstorage to None, run_after=None
[2025-03-26T22:50:32.598+0530] {processor.py:208} INFO - Processing /Users/uk/miniforge3/lib/python3.10/site-packages/airflow/example_dags/tutorial_objectstorage.py took 0.063 seconds
[2025-03-26T22:51:58.001+0530] {processor.py:186} INFO - Started process (PID=12276) to work on /Users/uk/miniforge3/lib/python3.10/site-packages/airflow/example_dags/tutorial_objectstorage.py
[2025-03-26T22:51:58.002+0530] {processor.py:914} INFO - Processing file /Users/uk/miniforge3/lib/python3.10/site-packages/airflow/example_dags/tutorial_objectstorage.py for tasks to queue
[2025-03-26T22:51:58.002+0530] {logging_mixin.py:190} INFO - [2025-03-26T22:51:58.002+0530] {dagbag.py:588} INFO - Filling up the DagBag from /Users/uk/miniforge3/lib/python3.10/site-packages/airflow/example_dags/tutorial_objectstorage.py
[2025-03-26T22:51:58.016+0530] {processor.py:925} INFO - DAG(s) 'tutorial_objectstorage' retrieved from /Users/uk/miniforge3/lib/python3.10/site-packages/airflow/example_dags/tutorial_objectstorage.py
[2025-03-26T22:51:58.053+0530] {logging_mixin.py:190} INFO - [2025-03-26T22:51:58.053+0530] {dag.py:3239} INFO - Sync 1 DAGs
[2025-03-26T22:51:58.057+0530] {logging_mixin.py:190} INFO - [2025-03-26T22:51:58.057+0530] {dag.py:4180} INFO - Setting next_dagrun for tutorial_objectstorage to None, run_after=None
[2025-03-26T22:51:58.063+0530] {processor.py:208} INFO - Processing /Users/uk/miniforge3/lib/python3.10/site-packages/airflow/example_dags/tutorial_objectstorage.py took 0.063 seconds
