[2025-03-26T22:08:04.186+0530] {processor.py:186} INFO - Started process (PID=6197) to work on /Users/uk/miniforge3/lib/python3.10/site-packages/airflow/example_dags/plugins/workday.py
[2025-03-26T22:08:04.186+0530] {processor.py:914} INFO - Processing file /Users/uk/miniforge3/lib/python3.10/site-packages/airflow/example_dags/plugins/workday.py for tasks to queue
[2025-03-26T22:08:04.187+0530] {logging_mixin.py:190} INFO - [2025-03-26T22:08:04.187+0530] {dagbag.py:588} INFO - Filling up the DagBag from /Users/uk/miniforge3/lib/python3.10/site-packages/airflow/example_dags/plugins/workday.py
[2025-03-26T22:08:04.382+0530] {processor.py:927} WARNING - No viable dags retrieved from /Users/uk/miniforge3/lib/python3.10/site-packages/airflow/example_dags/plugins/workday.py
[2025-03-26T22:08:04.419+0530] {processor.py:208} INFO - Processing /Users/uk/miniforge3/lib/python3.10/site-packages/airflow/example_dags/plugins/workday.py took 0.234 seconds
[2025-03-26T22:09:45.024+0530] {processor.py:186} INFO - Started process (PID=6708) to work on /Users/uk/miniforge3/lib/python3.10/site-packages/airflow/example_dags/plugins/workday.py
[2025-03-26T22:09:45.025+0530] {processor.py:914} INFO - Processing file /Users/uk/miniforge3/lib/python3.10/site-packages/airflow/example_dags/plugins/workday.py for tasks to queue
[2025-03-26T22:09:45.025+0530] {logging_mixin.py:190} INFO - [2025-03-26T22:09:45.025+0530] {dagbag.py:588} INFO - Filling up the DagBag from /Users/uk/miniforge3/lib/python3.10/site-packages/airflow/example_dags/plugins/workday.py
[2025-03-26T22:09:45.214+0530] {processor.py:927} WARNING - No viable dags retrieved from /Users/uk/miniforge3/lib/python3.10/site-packages/airflow/example_dags/plugins/workday.py
[2025-03-26T22:09:45.251+0530] {processor.py:208} INFO - Processing /Users/uk/miniforge3/lib/python3.10/site-packages/airflow/example_dags/plugins/workday.py took 0.229 seconds
[2025-03-26T22:11:01.177+0530] {processor.py:186} INFO - Started process (PID=6846) to work on /Users/uk/miniforge3/lib/python3.10/site-packages/airflow/example_dags/plugins/workday.py
[2025-03-26T22:11:01.177+0530] {processor.py:914} INFO - Processing file /Users/uk/miniforge3/lib/python3.10/site-packages/airflow/example_dags/plugins/workday.py for tasks to queue
[2025-03-26T22:11:01.178+0530] {logging_mixin.py:190} INFO - [2025-03-26T22:11:01.178+0530] {dagbag.py:588} INFO - Filling up the DagBag from /Users/uk/miniforge3/lib/python3.10/site-packages/airflow/example_dags/plugins/workday.py
[2025-03-26T22:11:01.372+0530] {processor.py:927} WARNING - No viable dags retrieved from /Users/uk/miniforge3/lib/python3.10/site-packages/airflow/example_dags/plugins/workday.py
[2025-03-26T22:11:01.409+0530] {processor.py:208} INFO - Processing /Users/uk/miniforge3/lib/python3.10/site-packages/airflow/example_dags/plugins/workday.py took 0.233 seconds
[2025-03-26T22:12:28.461+0530] {processor.py:186} INFO - Started process (PID=7019) to work on /Users/uk/miniforge3/lib/python3.10/site-packages/airflow/example_dags/plugins/workday.py
[2025-03-26T22:12:28.462+0530] {processor.py:914} INFO - Processing file /Users/uk/miniforge3/lib/python3.10/site-packages/airflow/example_dags/plugins/workday.py for tasks to queue
[2025-03-26T22:12:28.462+0530] {logging_mixin.py:190} INFO - [2025-03-26T22:12:28.462+0530] {dagbag.py:588} INFO - Filling up the DagBag from /Users/uk/miniforge3/lib/python3.10/site-packages/airflow/example_dags/plugins/workday.py
[2025-03-26T22:12:28.658+0530] {processor.py:927} WARNING - No viable dags retrieved from /Users/uk/miniforge3/lib/python3.10/site-packages/airflow/example_dags/plugins/workday.py
[2025-03-26T22:12:28.695+0530] {processor.py:208} INFO - Processing /Users/uk/miniforge3/lib/python3.10/site-packages/airflow/example_dags/plugins/workday.py took 0.234 seconds
[2025-03-26T22:14:17.875+0530] {processor.py:186} INFO - Started process (PID=7546) to work on /Users/uk/miniforge3/lib/python3.10/site-packages/airflow/example_dags/plugins/workday.py
[2025-03-26T22:14:17.876+0530] {processor.py:914} INFO - Processing file /Users/uk/miniforge3/lib/python3.10/site-packages/airflow/example_dags/plugins/workday.py for tasks to queue
[2025-03-26T22:14:17.876+0530] {logging_mixin.py:190} INFO - [2025-03-26T22:14:17.876+0530] {dagbag.py:588} INFO - Filling up the DagBag from /Users/uk/miniforge3/lib/python3.10/site-packages/airflow/example_dags/plugins/workday.py
[2025-03-26T22:14:18.067+0530] {processor.py:927} WARNING - No viable dags retrieved from /Users/uk/miniforge3/lib/python3.10/site-packages/airflow/example_dags/plugins/workday.py
[2025-03-26T22:14:18.104+0530] {processor.py:208} INFO - Processing /Users/uk/miniforge3/lib/python3.10/site-packages/airflow/example_dags/plugins/workday.py took 0.230 seconds
[2025-03-26T22:15:38.872+0530] {processor.py:186} INFO - Started process (PID=7692) to work on /Users/uk/miniforge3/lib/python3.10/site-packages/airflow/example_dags/plugins/workday.py
[2025-03-26T22:15:38.872+0530] {processor.py:914} INFO - Processing file /Users/uk/miniforge3/lib/python3.10/site-packages/airflow/example_dags/plugins/workday.py for tasks to queue
[2025-03-26T22:15:38.873+0530] {logging_mixin.py:190} INFO - [2025-03-26T22:15:38.873+0530] {dagbag.py:588} INFO - Filling up the DagBag from /Users/uk/miniforge3/lib/python3.10/site-packages/airflow/example_dags/plugins/workday.py
[2025-03-26T22:15:39.078+0530] {processor.py:927} WARNING - No viable dags retrieved from /Users/uk/miniforge3/lib/python3.10/site-packages/airflow/example_dags/plugins/workday.py
[2025-03-26T22:15:39.115+0530] {processor.py:208} INFO - Processing /Users/uk/miniforge3/lib/python3.10/site-packages/airflow/example_dags/plugins/workday.py took 0.245 seconds
[2025-03-26T22:16:59.946+0530] {processor.py:186} INFO - Started process (PID=7860) to work on /Users/uk/miniforge3/lib/python3.10/site-packages/airflow/example_dags/plugins/workday.py
[2025-03-26T22:16:59.946+0530] {processor.py:914} INFO - Processing file /Users/uk/miniforge3/lib/python3.10/site-packages/airflow/example_dags/plugins/workday.py for tasks to queue
[2025-03-26T22:16:59.947+0530] {logging_mixin.py:190} INFO - [2025-03-26T22:16:59.947+0530] {dagbag.py:588} INFO - Filling up the DagBag from /Users/uk/miniforge3/lib/python3.10/site-packages/airflow/example_dags/plugins/workday.py
[2025-03-26T22:17:00.145+0530] {processor.py:927} WARNING - No viable dags retrieved from /Users/uk/miniforge3/lib/python3.10/site-packages/airflow/example_dags/plugins/workday.py
[2025-03-26T22:17:00.183+0530] {processor.py:208} INFO - Processing /Users/uk/miniforge3/lib/python3.10/site-packages/airflow/example_dags/plugins/workday.py took 0.239 seconds
[2025-03-26T22:18:16.296+0530] {processor.py:186} INFO - Started process (PID=7987) to work on /Users/uk/miniforge3/lib/python3.10/site-packages/airflow/example_dags/plugins/workday.py
[2025-03-26T22:18:16.297+0530] {processor.py:914} INFO - Processing file /Users/uk/miniforge3/lib/python3.10/site-packages/airflow/example_dags/plugins/workday.py for tasks to queue
[2025-03-26T22:18:16.297+0530] {logging_mixin.py:190} INFO - [2025-03-26T22:18:16.297+0530] {dagbag.py:588} INFO - Filling up the DagBag from /Users/uk/miniforge3/lib/python3.10/site-packages/airflow/example_dags/plugins/workday.py
[2025-03-26T22:18:16.490+0530] {processor.py:927} WARNING - No viable dags retrieved from /Users/uk/miniforge3/lib/python3.10/site-packages/airflow/example_dags/plugins/workday.py
[2025-03-26T22:18:16.530+0530] {processor.py:208} INFO - Processing /Users/uk/miniforge3/lib/python3.10/site-packages/airflow/example_dags/plugins/workday.py took 0.235 seconds
[2025-03-26T22:19:31.507+0530] {processor.py:186} INFO - Started process (PID=8118) to work on /Users/uk/miniforge3/lib/python3.10/site-packages/airflow/example_dags/plugins/workday.py
[2025-03-26T22:19:31.507+0530] {processor.py:914} INFO - Processing file /Users/uk/miniforge3/lib/python3.10/site-packages/airflow/example_dags/plugins/workday.py for tasks to queue
[2025-03-26T22:19:31.508+0530] {logging_mixin.py:190} INFO - [2025-03-26T22:19:31.508+0530] {dagbag.py:588} INFO - Filling up the DagBag from /Users/uk/miniforge3/lib/python3.10/site-packages/airflow/example_dags/plugins/workday.py
[2025-03-26T22:19:31.700+0530] {processor.py:927} WARNING - No viable dags retrieved from /Users/uk/miniforge3/lib/python3.10/site-packages/airflow/example_dags/plugins/workday.py
[2025-03-26T22:19:31.738+0530] {processor.py:208} INFO - Processing /Users/uk/miniforge3/lib/python3.10/site-packages/airflow/example_dags/plugins/workday.py took 0.232 seconds
[2025-03-26T22:20:50.858+0530] {processor.py:186} INFO - Started process (PID=8272) to work on /Users/uk/miniforge3/lib/python3.10/site-packages/airflow/example_dags/plugins/workday.py
[2025-03-26T22:20:50.859+0530] {processor.py:914} INFO - Processing file /Users/uk/miniforge3/lib/python3.10/site-packages/airflow/example_dags/plugins/workday.py for tasks to queue
[2025-03-26T22:20:50.859+0530] {logging_mixin.py:190} INFO - [2025-03-26T22:20:50.859+0530] {dagbag.py:588} INFO - Filling up the DagBag from /Users/uk/miniforge3/lib/python3.10/site-packages/airflow/example_dags/plugins/workday.py
[2025-03-26T22:20:51.051+0530] {processor.py:927} WARNING - No viable dags retrieved from /Users/uk/miniforge3/lib/python3.10/site-packages/airflow/example_dags/plugins/workday.py
[2025-03-26T22:20:51.089+0530] {processor.py:208} INFO - Processing /Users/uk/miniforge3/lib/python3.10/site-packages/airflow/example_dags/plugins/workday.py took 0.232 seconds
[2025-03-26T22:22:07.322+0530] {processor.py:186} INFO - Started process (PID=8434) to work on /Users/uk/miniforge3/lib/python3.10/site-packages/airflow/example_dags/plugins/workday.py
[2025-03-26T22:22:07.322+0530] {processor.py:914} INFO - Processing file /Users/uk/miniforge3/lib/python3.10/site-packages/airflow/example_dags/plugins/workday.py for tasks to queue
[2025-03-26T22:22:07.323+0530] {logging_mixin.py:190} INFO - [2025-03-26T22:22:07.323+0530] {dagbag.py:588} INFO - Filling up the DagBag from /Users/uk/miniforge3/lib/python3.10/site-packages/airflow/example_dags/plugins/workday.py
[2025-03-26T22:22:07.513+0530] {processor.py:927} WARNING - No viable dags retrieved from /Users/uk/miniforge3/lib/python3.10/site-packages/airflow/example_dags/plugins/workday.py
[2025-03-26T22:22:07.550+0530] {processor.py:208} INFO - Processing /Users/uk/miniforge3/lib/python3.10/site-packages/airflow/example_dags/plugins/workday.py took 0.229 seconds
[2025-03-26T22:23:20.955+0530] {processor.py:186} INFO - Started process (PID=8557) to work on /Users/uk/miniforge3/lib/python3.10/site-packages/airflow/example_dags/plugins/workday.py
[2025-03-26T22:23:20.956+0530] {processor.py:914} INFO - Processing file /Users/uk/miniforge3/lib/python3.10/site-packages/airflow/example_dags/plugins/workday.py for tasks to queue
[2025-03-26T22:23:20.956+0530] {logging_mixin.py:190} INFO - [2025-03-26T22:23:20.956+0530] {dagbag.py:588} INFO - Filling up the DagBag from /Users/uk/miniforge3/lib/python3.10/site-packages/airflow/example_dags/plugins/workday.py
[2025-03-26T22:23:21.150+0530] {processor.py:927} WARNING - No viable dags retrieved from /Users/uk/miniforge3/lib/python3.10/site-packages/airflow/example_dags/plugins/workday.py
[2025-03-26T22:23:21.187+0530] {processor.py:208} INFO - Processing /Users/uk/miniforge3/lib/python3.10/site-packages/airflow/example_dags/plugins/workday.py took 0.233 seconds
[2025-03-26T22:24:36.991+0530] {processor.py:186} INFO - Started process (PID=8689) to work on /Users/uk/miniforge3/lib/python3.10/site-packages/airflow/example_dags/plugins/workday.py
[2025-03-26T22:24:36.991+0530] {processor.py:914} INFO - Processing file /Users/uk/miniforge3/lib/python3.10/site-packages/airflow/example_dags/plugins/workday.py for tasks to queue
[2025-03-26T22:24:36.992+0530] {logging_mixin.py:190} INFO - [2025-03-26T22:24:36.992+0530] {dagbag.py:588} INFO - Filling up the DagBag from /Users/uk/miniforge3/lib/python3.10/site-packages/airflow/example_dags/plugins/workday.py
[2025-03-26T22:24:37.213+0530] {processor.py:927} WARNING - No viable dags retrieved from /Users/uk/miniforge3/lib/python3.10/site-packages/airflow/example_dags/plugins/workday.py
[2025-03-26T22:24:37.253+0530] {processor.py:208} INFO - Processing /Users/uk/miniforge3/lib/python3.10/site-packages/airflow/example_dags/plugins/workday.py took 0.264 seconds
[2025-03-26T22:26:01.940+0530] {processor.py:186} INFO - Started process (PID=8845) to work on /Users/uk/miniforge3/lib/python3.10/site-packages/airflow/example_dags/plugins/workday.py
[2025-03-26T22:26:01.941+0530] {processor.py:914} INFO - Processing file /Users/uk/miniforge3/lib/python3.10/site-packages/airflow/example_dags/plugins/workday.py for tasks to queue
[2025-03-26T22:26:01.941+0530] {logging_mixin.py:190} INFO - [2025-03-26T22:26:01.941+0530] {dagbag.py:588} INFO - Filling up the DagBag from /Users/uk/miniforge3/lib/python3.10/site-packages/airflow/example_dags/plugins/workday.py
[2025-03-26T22:26:02.153+0530] {processor.py:927} WARNING - No viable dags retrieved from /Users/uk/miniforge3/lib/python3.10/site-packages/airflow/example_dags/plugins/workday.py
[2025-03-26T22:26:02.192+0530] {processor.py:208} INFO - Processing /Users/uk/miniforge3/lib/python3.10/site-packages/airflow/example_dags/plugins/workday.py took 0.254 seconds
[2025-03-26T22:27:20.287+0530] {processor.py:186} INFO - Started process (PID=8981) to work on /Users/uk/miniforge3/lib/python3.10/site-packages/airflow/example_dags/plugins/workday.py
[2025-03-26T22:27:20.288+0530] {processor.py:914} INFO - Processing file /Users/uk/miniforge3/lib/python3.10/site-packages/airflow/example_dags/plugins/workday.py for tasks to queue
[2025-03-26T22:27:20.288+0530] {logging_mixin.py:190} INFO - [2025-03-26T22:27:20.288+0530] {dagbag.py:588} INFO - Filling up the DagBag from /Users/uk/miniforge3/lib/python3.10/site-packages/airflow/example_dags/plugins/workday.py
[2025-03-26T22:27:20.479+0530] {processor.py:927} WARNING - No viable dags retrieved from /Users/uk/miniforge3/lib/python3.10/site-packages/airflow/example_dags/plugins/workday.py
[2025-03-26T22:27:20.516+0530] {processor.py:208} INFO - Processing /Users/uk/miniforge3/lib/python3.10/site-packages/airflow/example_dags/plugins/workday.py took 0.230 seconds
[2025-03-26T22:28:34.341+0530] {processor.py:186} INFO - Started process (PID=9106) to work on /Users/uk/miniforge3/lib/python3.10/site-packages/airflow/example_dags/plugins/workday.py
[2025-03-26T22:28:34.342+0530] {processor.py:914} INFO - Processing file /Users/uk/miniforge3/lib/python3.10/site-packages/airflow/example_dags/plugins/workday.py for tasks to queue
[2025-03-26T22:28:34.342+0530] {logging_mixin.py:190} INFO - [2025-03-26T22:28:34.342+0530] {dagbag.py:588} INFO - Filling up the DagBag from /Users/uk/miniforge3/lib/python3.10/site-packages/airflow/example_dags/plugins/workday.py
[2025-03-26T22:28:34.537+0530] {processor.py:927} WARNING - No viable dags retrieved from /Users/uk/miniforge3/lib/python3.10/site-packages/airflow/example_dags/plugins/workday.py
[2025-03-26T22:28:34.574+0530] {processor.py:208} INFO - Processing /Users/uk/miniforge3/lib/python3.10/site-packages/airflow/example_dags/plugins/workday.py took 0.234 seconds
[2025-03-26T22:29:59.347+0530] {processor.py:186} INFO - Started process (PID=9247) to work on /Users/uk/miniforge3/lib/python3.10/site-packages/airflow/example_dags/plugins/workday.py
[2025-03-26T22:29:59.348+0530] {processor.py:914} INFO - Processing file /Users/uk/miniforge3/lib/python3.10/site-packages/airflow/example_dags/plugins/workday.py for tasks to queue
[2025-03-26T22:29:59.348+0530] {logging_mixin.py:190} INFO - [2025-03-26T22:29:59.348+0530] {dagbag.py:588} INFO - Filling up the DagBag from /Users/uk/miniforge3/lib/python3.10/site-packages/airflow/example_dags/plugins/workday.py
[2025-03-26T22:29:59.540+0530] {processor.py:927} WARNING - No viable dags retrieved from /Users/uk/miniforge3/lib/python3.10/site-packages/airflow/example_dags/plugins/workday.py
[2025-03-26T22:29:59.577+0530] {processor.py:208} INFO - Processing /Users/uk/miniforge3/lib/python3.10/site-packages/airflow/example_dags/plugins/workday.py took 0.231 seconds
[2025-03-26T22:31:13.453+0530] {processor.py:186} INFO - Started process (PID=9388) to work on /Users/uk/miniforge3/lib/python3.10/site-packages/airflow/example_dags/plugins/workday.py
[2025-03-26T22:31:13.454+0530] {processor.py:914} INFO - Processing file /Users/uk/miniforge3/lib/python3.10/site-packages/airflow/example_dags/plugins/workday.py for tasks to queue
[2025-03-26T22:31:13.455+0530] {logging_mixin.py:190} INFO - [2025-03-26T22:31:13.455+0530] {dagbag.py:588} INFO - Filling up the DagBag from /Users/uk/miniforge3/lib/python3.10/site-packages/airflow/example_dags/plugins/workday.py
[2025-03-26T22:31:13.647+0530] {processor.py:927} WARNING - No viable dags retrieved from /Users/uk/miniforge3/lib/python3.10/site-packages/airflow/example_dags/plugins/workday.py
[2025-03-26T22:31:13.685+0530] {processor.py:208} INFO - Processing /Users/uk/miniforge3/lib/python3.10/site-packages/airflow/example_dags/plugins/workday.py took 0.233 seconds
[2025-03-26T22:32:23.260+0530] {processor.py:186} INFO - Started process (PID=9500) to work on /Users/uk/miniforge3/lib/python3.10/site-packages/airflow/example_dags/plugins/workday.py
[2025-03-26T22:32:23.261+0530] {processor.py:914} INFO - Processing file /Users/uk/miniforge3/lib/python3.10/site-packages/airflow/example_dags/plugins/workday.py for tasks to queue
[2025-03-26T22:32:23.261+0530] {logging_mixin.py:190} INFO - [2025-03-26T22:32:23.261+0530] {dagbag.py:588} INFO - Filling up the DagBag from /Users/uk/miniforge3/lib/python3.10/site-packages/airflow/example_dags/plugins/workday.py
[2025-03-26T22:32:23.453+0530] {processor.py:927} WARNING - No viable dags retrieved from /Users/uk/miniforge3/lib/python3.10/site-packages/airflow/example_dags/plugins/workday.py
[2025-03-26T22:32:23.490+0530] {processor.py:208} INFO - Processing /Users/uk/miniforge3/lib/python3.10/site-packages/airflow/example_dags/plugins/workday.py took 0.232 seconds
[2025-03-26T22:33:35.251+0530] {processor.py:186} INFO - Started process (PID=9630) to work on /Users/uk/miniforge3/lib/python3.10/site-packages/airflow/example_dags/plugins/workday.py
[2025-03-26T22:33:35.251+0530] {processor.py:914} INFO - Processing file /Users/uk/miniforge3/lib/python3.10/site-packages/airflow/example_dags/plugins/workday.py for tasks to queue
[2025-03-26T22:33:35.252+0530] {logging_mixin.py:190} INFO - [2025-03-26T22:33:35.252+0530] {dagbag.py:588} INFO - Filling up the DagBag from /Users/uk/miniforge3/lib/python3.10/site-packages/airflow/example_dags/plugins/workday.py
[2025-03-26T22:33:35.446+0530] {processor.py:927} WARNING - No viable dags retrieved from /Users/uk/miniforge3/lib/python3.10/site-packages/airflow/example_dags/plugins/workday.py
[2025-03-26T22:33:35.483+0530] {processor.py:208} INFO - Processing /Users/uk/miniforge3/lib/python3.10/site-packages/airflow/example_dags/plugins/workday.py took 0.234 seconds
[2025-03-26T22:34:49.660+0530] {processor.py:186} INFO - Started process (PID=9790) to work on /Users/uk/miniforge3/lib/python3.10/site-packages/airflow/example_dags/plugins/workday.py
[2025-03-26T22:34:49.661+0530] {processor.py:914} INFO - Processing file /Users/uk/miniforge3/lib/python3.10/site-packages/airflow/example_dags/plugins/workday.py for tasks to queue
[2025-03-26T22:34:49.661+0530] {logging_mixin.py:190} INFO - [2025-03-26T22:34:49.661+0530] {dagbag.py:588} INFO - Filling up the DagBag from /Users/uk/miniforge3/lib/python3.10/site-packages/airflow/example_dags/plugins/workday.py
[2025-03-26T22:34:49.914+0530] {processor.py:927} WARNING - No viable dags retrieved from /Users/uk/miniforge3/lib/python3.10/site-packages/airflow/example_dags/plugins/workday.py
[2025-03-26T22:34:49.954+0530] {processor.py:208} INFO - Processing /Users/uk/miniforge3/lib/python3.10/site-packages/airflow/example_dags/plugins/workday.py took 0.295 seconds
[2025-03-26T22:36:16.918+0530] {processor.py:186} INFO - Started process (PID=9960) to work on /Users/uk/miniforge3/lib/python3.10/site-packages/airflow/example_dags/plugins/workday.py
[2025-03-26T22:36:16.919+0530] {processor.py:914} INFO - Processing file /Users/uk/miniforge3/lib/python3.10/site-packages/airflow/example_dags/plugins/workday.py for tasks to queue
[2025-03-26T22:36:16.919+0530] {logging_mixin.py:190} INFO - [2025-03-26T22:36:16.919+0530] {dagbag.py:588} INFO - Filling up the DagBag from /Users/uk/miniforge3/lib/python3.10/site-packages/airflow/example_dags/plugins/workday.py
[2025-03-26T22:36:17.123+0530] {processor.py:927} WARNING - No viable dags retrieved from /Users/uk/miniforge3/lib/python3.10/site-packages/airflow/example_dags/plugins/workday.py
[2025-03-26T22:36:17.164+0530] {processor.py:208} INFO - Processing /Users/uk/miniforge3/lib/python3.10/site-packages/airflow/example_dags/plugins/workday.py took 0.248 seconds
[2025-03-26T22:37:37.757+0530] {processor.py:186} INFO - Started process (PID=10114) to work on /Users/uk/miniforge3/lib/python3.10/site-packages/airflow/example_dags/plugins/workday.py
[2025-03-26T22:37:37.758+0530] {processor.py:914} INFO - Processing file /Users/uk/miniforge3/lib/python3.10/site-packages/airflow/example_dags/plugins/workday.py for tasks to queue
[2025-03-26T22:37:37.759+0530] {logging_mixin.py:190} INFO - [2025-03-26T22:37:37.759+0530] {dagbag.py:588} INFO - Filling up the DagBag from /Users/uk/miniforge3/lib/python3.10/site-packages/airflow/example_dags/plugins/workday.py
[2025-03-26T22:37:37.949+0530] {processor.py:927} WARNING - No viable dags retrieved from /Users/uk/miniforge3/lib/python3.10/site-packages/airflow/example_dags/plugins/workday.py
[2025-03-26T22:37:37.986+0530] {processor.py:208} INFO - Processing /Users/uk/miniforge3/lib/python3.10/site-packages/airflow/example_dags/plugins/workday.py took 0.230 seconds
[2025-03-26T22:38:53.688+0530] {processor.py:186} INFO - Started process (PID=10471) to work on /Users/uk/miniforge3/lib/python3.10/site-packages/airflow/example_dags/plugins/workday.py
[2025-03-26T22:38:53.689+0530] {processor.py:914} INFO - Processing file /Users/uk/miniforge3/lib/python3.10/site-packages/airflow/example_dags/plugins/workday.py for tasks to queue
[2025-03-26T22:38:53.689+0530] {logging_mixin.py:190} INFO - [2025-03-26T22:38:53.689+0530] {dagbag.py:588} INFO - Filling up the DagBag from /Users/uk/miniforge3/lib/python3.10/site-packages/airflow/example_dags/plugins/workday.py
[2025-03-26T22:38:53.883+0530] {processor.py:927} WARNING - No viable dags retrieved from /Users/uk/miniforge3/lib/python3.10/site-packages/airflow/example_dags/plugins/workday.py
[2025-03-26T22:38:53.920+0530] {processor.py:208} INFO - Processing /Users/uk/miniforge3/lib/python3.10/site-packages/airflow/example_dags/plugins/workday.py took 0.234 seconds
[2025-03-26T22:40:09.637+0530] {processor.py:186} INFO - Started process (PID=10649) to work on /Users/uk/miniforge3/lib/python3.10/site-packages/airflow/example_dags/plugins/workday.py
[2025-03-26T22:40:09.638+0530] {processor.py:914} INFO - Processing file /Users/uk/miniforge3/lib/python3.10/site-packages/airflow/example_dags/plugins/workday.py for tasks to queue
[2025-03-26T22:40:09.638+0530] {logging_mixin.py:190} INFO - [2025-03-26T22:40:09.638+0530] {dagbag.py:588} INFO - Filling up the DagBag from /Users/uk/miniforge3/lib/python3.10/site-packages/airflow/example_dags/plugins/workday.py
[2025-03-26T22:40:09.830+0530] {processor.py:927} WARNING - No viable dags retrieved from /Users/uk/miniforge3/lib/python3.10/site-packages/airflow/example_dags/plugins/workday.py
[2025-03-26T22:40:09.867+0530] {processor.py:208} INFO - Processing /Users/uk/miniforge3/lib/python3.10/site-packages/airflow/example_dags/plugins/workday.py took 0.231 seconds
[2025-03-26T22:41:30.006+0530] {processor.py:186} INFO - Started process (PID=10814) to work on /Users/uk/miniforge3/lib/python3.10/site-packages/airflow/example_dags/plugins/workday.py
[2025-03-26T22:41:30.007+0530] {processor.py:914} INFO - Processing file /Users/uk/miniforge3/lib/python3.10/site-packages/airflow/example_dags/plugins/workday.py for tasks to queue
[2025-03-26T22:41:30.007+0530] {logging_mixin.py:190} INFO - [2025-03-26T22:41:30.007+0530] {dagbag.py:588} INFO - Filling up the DagBag from /Users/uk/miniforge3/lib/python3.10/site-packages/airflow/example_dags/plugins/workday.py
[2025-03-26T22:41:30.207+0530] {processor.py:927} WARNING - No viable dags retrieved from /Users/uk/miniforge3/lib/python3.10/site-packages/airflow/example_dags/plugins/workday.py
[2025-03-26T22:41:30.244+0530] {processor.py:208} INFO - Processing /Users/uk/miniforge3/lib/python3.10/site-packages/airflow/example_dags/plugins/workday.py took 0.239 seconds
[2025-03-26T22:42:48.077+0530] {processor.py:186} INFO - Started process (PID=10996) to work on /Users/uk/miniforge3/lib/python3.10/site-packages/airflow/example_dags/plugins/workday.py
[2025-03-26T22:42:48.078+0530] {processor.py:914} INFO - Processing file /Users/uk/miniforge3/lib/python3.10/site-packages/airflow/example_dags/plugins/workday.py for tasks to queue
[2025-03-26T22:42:48.078+0530] {logging_mixin.py:190} INFO - [2025-03-26T22:42:48.078+0530] {dagbag.py:588} INFO - Filling up the DagBag from /Users/uk/miniforge3/lib/python3.10/site-packages/airflow/example_dags/plugins/workday.py
[2025-03-26T22:42:48.273+0530] {processor.py:927} WARNING - No viable dags retrieved from /Users/uk/miniforge3/lib/python3.10/site-packages/airflow/example_dags/plugins/workday.py
[2025-03-26T22:42:48.312+0530] {processor.py:208} INFO - Processing /Users/uk/miniforge3/lib/python3.10/site-packages/airflow/example_dags/plugins/workday.py took 0.236 seconds
[2025-03-26T22:44:06.980+0530] {processor.py:186} INFO - Started process (PID=11119) to work on /Users/uk/miniforge3/lib/python3.10/site-packages/airflow/example_dags/plugins/workday.py
[2025-03-26T22:44:06.980+0530] {processor.py:914} INFO - Processing file /Users/uk/miniforge3/lib/python3.10/site-packages/airflow/example_dags/plugins/workday.py for tasks to queue
[2025-03-26T22:44:06.981+0530] {logging_mixin.py:190} INFO - [2025-03-26T22:44:06.981+0530] {dagbag.py:588} INFO - Filling up the DagBag from /Users/uk/miniforge3/lib/python3.10/site-packages/airflow/example_dags/plugins/workday.py
[2025-03-26T22:44:07.180+0530] {processor.py:927} WARNING - No viable dags retrieved from /Users/uk/miniforge3/lib/python3.10/site-packages/airflow/example_dags/plugins/workday.py
[2025-03-26T22:44:07.218+0530] {processor.py:208} INFO - Processing /Users/uk/miniforge3/lib/python3.10/site-packages/airflow/example_dags/plugins/workday.py took 0.239 seconds
[2025-03-26T22:45:22.847+0530] {processor.py:186} INFO - Started process (PID=11239) to work on /Users/uk/miniforge3/lib/python3.10/site-packages/airflow/example_dags/plugins/workday.py
[2025-03-26T22:45:22.848+0530] {processor.py:914} INFO - Processing file /Users/uk/miniforge3/lib/python3.10/site-packages/airflow/example_dags/plugins/workday.py for tasks to queue
[2025-03-26T22:45:22.849+0530] {logging_mixin.py:190} INFO - [2025-03-26T22:45:22.849+0530] {dagbag.py:588} INFO - Filling up the DagBag from /Users/uk/miniforge3/lib/python3.10/site-packages/airflow/example_dags/plugins/workday.py
[2025-03-26T22:45:23.040+0530] {processor.py:927} WARNING - No viable dags retrieved from /Users/uk/miniforge3/lib/python3.10/site-packages/airflow/example_dags/plugins/workday.py
[2025-03-26T22:45:23.077+0530] {processor.py:208} INFO - Processing /Users/uk/miniforge3/lib/python3.10/site-packages/airflow/example_dags/plugins/workday.py took 0.231 seconds
[2025-03-26T22:46:39.593+0530] {processor.py:186} INFO - Started process (PID=11374) to work on /Users/uk/miniforge3/lib/python3.10/site-packages/airflow/example_dags/plugins/workday.py
[2025-03-26T22:46:39.593+0530] {processor.py:914} INFO - Processing file /Users/uk/miniforge3/lib/python3.10/site-packages/airflow/example_dags/plugins/workday.py for tasks to queue
[2025-03-26T22:46:39.594+0530] {logging_mixin.py:190} INFO - [2025-03-26T22:46:39.594+0530] {dagbag.py:588} INFO - Filling up the DagBag from /Users/uk/miniforge3/lib/python3.10/site-packages/airflow/example_dags/plugins/workday.py
[2025-03-26T22:46:39.791+0530] {processor.py:927} WARNING - No viable dags retrieved from /Users/uk/miniforge3/lib/python3.10/site-packages/airflow/example_dags/plugins/workday.py
[2025-03-26T22:46:39.828+0530] {processor.py:208} INFO - Processing /Users/uk/miniforge3/lib/python3.10/site-packages/airflow/example_dags/plugins/workday.py took 0.236 seconds
[2025-03-26T22:47:53.795+0530] {processor.py:186} INFO - Started process (PID=11502) to work on /Users/uk/miniforge3/lib/python3.10/site-packages/airflow/example_dags/plugins/workday.py
[2025-03-26T22:47:53.796+0530] {processor.py:914} INFO - Processing file /Users/uk/miniforge3/lib/python3.10/site-packages/airflow/example_dags/plugins/workday.py for tasks to queue
[2025-03-26T22:47:53.796+0530] {logging_mixin.py:190} INFO - [2025-03-26T22:47:53.796+0530] {dagbag.py:588} INFO - Filling up the DagBag from /Users/uk/miniforge3/lib/python3.10/site-packages/airflow/example_dags/plugins/workday.py
[2025-03-26T22:47:53.988+0530] {processor.py:927} WARNING - No viable dags retrieved from /Users/uk/miniforge3/lib/python3.10/site-packages/airflow/example_dags/plugins/workday.py
[2025-03-26T22:47:54.025+0530] {processor.py:208} INFO - Processing /Users/uk/miniforge3/lib/python3.10/site-packages/airflow/example_dags/plugins/workday.py took 0.232 seconds
[2025-03-26T22:49:03.683+0530] {processor.py:186} INFO - Started process (PID=11627) to work on /Users/uk/miniforge3/lib/python3.10/site-packages/airflow/example_dags/plugins/workday.py
[2025-03-26T22:49:03.684+0530] {processor.py:914} INFO - Processing file /Users/uk/miniforge3/lib/python3.10/site-packages/airflow/example_dags/plugins/workday.py for tasks to queue
[2025-03-26T22:49:03.684+0530] {logging_mixin.py:190} INFO - [2025-03-26T22:49:03.684+0530] {dagbag.py:588} INFO - Filling up the DagBag from /Users/uk/miniforge3/lib/python3.10/site-packages/airflow/example_dags/plugins/workday.py
[2025-03-26T22:49:03.879+0530] {processor.py:927} WARNING - No viable dags retrieved from /Users/uk/miniforge3/lib/python3.10/site-packages/airflow/example_dags/plugins/workday.py
[2025-03-26T22:49:03.916+0530] {processor.py:208} INFO - Processing /Users/uk/miniforge3/lib/python3.10/site-packages/airflow/example_dags/plugins/workday.py took 0.234 seconds
[2025-03-26T22:50:20.376+0530] {processor.py:186} INFO - Started process (PID=12094) to work on /Users/uk/miniforge3/lib/python3.10/site-packages/airflow/example_dags/plugins/workday.py
[2025-03-26T22:50:20.376+0530] {processor.py:914} INFO - Processing file /Users/uk/miniforge3/lib/python3.10/site-packages/airflow/example_dags/plugins/workday.py for tasks to queue
[2025-03-26T22:50:20.377+0530] {logging_mixin.py:190} INFO - [2025-03-26T22:50:20.377+0530] {dagbag.py:588} INFO - Filling up the DagBag from /Users/uk/miniforge3/lib/python3.10/site-packages/airflow/example_dags/plugins/workday.py
[2025-03-26T22:50:20.567+0530] {processor.py:927} WARNING - No viable dags retrieved from /Users/uk/miniforge3/lib/python3.10/site-packages/airflow/example_dags/plugins/workday.py
[2025-03-26T22:50:20.605+0530] {processor.py:208} INFO - Processing /Users/uk/miniforge3/lib/python3.10/site-packages/airflow/example_dags/plugins/workday.py took 0.230 seconds
[2025-03-26T22:51:45.865+0530] {processor.py:186} INFO - Started process (PID=12255) to work on /Users/uk/miniforge3/lib/python3.10/site-packages/airflow/example_dags/plugins/workday.py
[2025-03-26T22:51:45.866+0530] {processor.py:914} INFO - Processing file /Users/uk/miniforge3/lib/python3.10/site-packages/airflow/example_dags/plugins/workday.py for tasks to queue
[2025-03-26T22:51:45.866+0530] {logging_mixin.py:190} INFO - [2025-03-26T22:51:45.866+0530] {dagbag.py:588} INFO - Filling up the DagBag from /Users/uk/miniforge3/lib/python3.10/site-packages/airflow/example_dags/plugins/workday.py
[2025-03-26T22:51:46.065+0530] {processor.py:927} WARNING - No viable dags retrieved from /Users/uk/miniforge3/lib/python3.10/site-packages/airflow/example_dags/plugins/workday.py
[2025-03-26T22:51:46.103+0530] {processor.py:208} INFO - Processing /Users/uk/miniforge3/lib/python3.10/site-packages/airflow/example_dags/plugins/workday.py took 0.239 seconds
