[2025-03-23T15:45:03.508+0530] {local_task_job_runner.py:123} INFO - ::group::Pre task execution logs
[2025-03-23T15:45:03.512+0530] {taskinstance.py:2614} INFO - Dependencies all met for dep_context=non-requeueable deps ti=<TaskInstance: stock_etl_pipeline.run_etl scheduled__2025-03-23T10:10:00+00:00 [queued]>
[2025-03-23T15:45:03.514+0530] {taskinstance.py:2614} INFO - Dependencies all met for dep_context=requeueable deps ti=<TaskInstance: stock_etl_pipeline.run_etl scheduled__2025-03-23T10:10:00+00:00 [queued]>
[2025-03-23T15:45:03.514+0530] {taskinstance.py:2867} INFO - Starting attempt 1 of 2
[2025-03-23T15:45:03.518+0530] {taskinstance.py:2890} INFO - Executing <Task(PythonOperator): run_etl> on 2025-03-23 10:10:00+00:00
[2025-03-23T15:45:03.521+0530] {standard_task_runner.py:72} INFO - Started process 48324 to run task
[2025-03-23T15:45:03.524+0530] {standard_task_runner.py:104} INFO - Running: ['airflow', 'tasks', 'run', 'stock_etl_pipeline', 'run_etl', 'scheduled__2025-03-23T10:10:00+00:00', '--job-id', '33', '--raw', '--subdir', 'DAGS_FOLDER/stock_etl_dag.py', '--cfg-path', '/var/folders/85/tszsn_6n56zfd9b9p9l13r9c0000gn/T/tmpz_j4p7b3']
[2025-03-23T15:45:03.525+0530] {standard_task_runner.py:105} INFO - Job 33: Subtask run_etl
[2025-03-23T15:45:03.544+0530] {task_command.py:467} INFO - Running <TaskInstance: stock_etl_pipeline.run_etl scheduled__2025-03-23T10:10:00+00:00 [running]> on host utkarshs-macbook-air.local
[2025-03-23T15:45:03.617+0530] {taskinstance.py:3134} INFO - Exporting env vars: AIRFLOW_CTX_DAG_OWNER='airflow' AIRFLOW_CTX_DAG_ID='stock_etl_pipeline' AIRFLOW_CTX_TASK_ID='run_etl' AIRFLOW_CTX_EXECUTION_DATE='2025-03-23T10:10:00+00:00' AIRFLOW_CTX_TRY_NUMBER='1' AIRFLOW_CTX_DAG_RUN_ID='scheduled__2025-03-23T10:10:00+00:00'
[2025-03-23T15:45:03.617+0530] {logging_mixin.py:190} INFO - Task instance is in running state
[2025-03-23T15:45:03.618+0530] {logging_mixin.py:190} INFO -  Previous state of the Task instance: queued
[2025-03-23T15:45:03.618+0530] {logging_mixin.py:190} INFO - Current task name:run_etl state:running start_date:2025-03-23 10:15:03.512139+00:00
[2025-03-23T15:45:03.618+0530] {logging_mixin.py:190} INFO - Dag name:stock_etl_pipeline and current dag run status:running
[2025-03-23T15:45:03.618+0530] {taskinstance.py:732} INFO - ::endgroup::
[2025-03-23T15:45:04.750+0530] {python.py:240} INFO - Done. Returned value was: None
[2025-03-23T15:45:04.754+0530] {taskinstance.py:341} INFO - ::group::Post task execution logs
[2025-03-23T15:45:04.754+0530] {taskinstance.py:353} INFO - Marking task as SUCCESS. dag_id=stock_etl_pipeline, task_id=run_etl, run_id=scheduled__2025-03-23T10:10:00+00:00, execution_date=20250323T101000, start_date=20250323T101503, end_date=20250323T101504
[2025-03-23T15:45:04.764+0530] {logging_mixin.py:190} INFO - Task instance in success state
[2025-03-23T15:45:04.764+0530] {logging_mixin.py:190} INFO -  Previous state of the Task instance: running
[2025-03-23T15:45:04.765+0530] {logging_mixin.py:190} INFO - Dag name:stock_etl_pipeline queued_at:2025-03-23 10:15:02.312892+00:00
[2025-03-23T15:45:04.765+0530] {logging_mixin.py:190} INFO - Task hostname:utkarshs-macbook-air.local operator:PythonOperator
[2025-03-23T15:45:04.803+0530] {local_task_job_runner.py:266} INFO - Task exited with return code 0
[2025-03-23T15:45:04.813+0530] {taskinstance.py:3901} INFO - 0 downstream tasks scheduled from follow-on schedule check
[2025-03-23T15:45:04.813+0530] {local_task_job_runner.py:245} INFO - ::endgroup::
